Fri Nov 22 13:46:32 2002: Using ANS: ('vibhagam.isi.edu', 5500)
Fri Nov 22 13:46:32 2002: Bound to host/port: sangat.isi.edu:6693
Fri Nov 22 13:46:32 2002: Sending message: (register :ontology tcp-ip :sender thakkar_at_isi_edu_email_thakkar_at_isi_edu :reply-with t :content "thakkar_at_isi_edu_email_thakkar_at_isi_edu sangat.isi.edu:6693")
Fri Nov 22 13:46:33 2002: Received: {'receiver': 'thakkar_at_isi_edu_email_thakkar_at_isi_edu', 'performative': 'error', 'sender': 'TEAMCORE', 'in-reply-to': 't', 'content': 'handler encountered error'}
Fri Nov 22 13:46:33 2002: Registration produced: {'receiver': 'thakkar_at_isi_edu_email_thakkar_at_isi_edu', 'performative': 'error', 'sender': 'TEAMCORE', 'in-reply-to': 't', 'content': 'handler encountered error'}
Fri Nov 22 13:46:33 2002: Sending message: (unregister :sender thakkar_at_isi_edu_email_thakkar_at_isi_edu :ontology tcp-ip :reply-with nil :content thakkar_at_isi_edu_email_thakkar_at_isi_edu)
Fri Nov 22 13:46:33 2002: Sending message: (register :sender thakkar_at_isi_edu_email_thakkar_at_isi_edu :ontology tcp-ip :reply-with t :content (thakkar_at_isi_edu_email_thakkar_at_isi_edu sangat.isi.edu:6693))
Fri Nov 22 13:46:33 2002: Received: {'receiver': 'thakkar_at_isi_edu_email_thakkar_at_isi_edu', 'performative': 'reply', 'sender': 'TEAMCORE', 'in-reply-to': 't', 'content': 'thakkar_at_isi_edu_email_thakkar_at_isi_edu TEAMCORE'}
Fri Nov 22 13:46:33 2002: Registration produced: {'receiver': 'thakkar_at_isi_edu_email_thakkar_at_isi_edu', 'performative': 'reply', 'sender': 'TEAMCORE', 'in-reply-to': 't', 'content': 'thakkar_at_isi_edu_email_thakkar_at_isi_edu TEAMCORE'}thakkar_at_isi_edu_email_thakkar_at_isi_edu, TEAMCORE
Fri Nov 22 13:46:33 2002: Registration successful: thakkar_at_isi_edu_email_thakkar_at_isi_edu
Fri Nov 22 13:46:33 2002: Router for thakkar_at_isi_edu_email_thakkar_at_isi_edu running...
Fri Nov 22 13:46:33 2002: Sending message: (ask-one :sender thakkar_at_isi_edu_email_thakkar_at_isi_edu :reply-with t :content "proxy_thakkar_at_isi_edu")
Fri Nov 22 13:46:33 2002: Received: {'receiver': 'thakkar_at_isi_edu_email_thakkar_at_isi_edu', 'performative': 'reply', 'sender': 'TEAMCORE', 'in-reply-to': 't', 'content': 'proxy_thakkar_at_isi_edu:sangat.isi.edu:9992:'}
Fri Nov 22 13:46:33 2002: Sending message: (register :name email_thakkar_at_isi_edu :reply-with nil :agenttype device :receiver proxy_thakkar_at_isi_edu :user thakkar_at_isi_edu :sender thakkar_at_isi_edu_email_thakkar_at_isi_edu :direction (to user))
Fri Nov 22 13:46:46 2002: Received: {'subject': 'Test', 'performative': 'tell', 'reply-with': 'nil', 'receiver': 'thakkar_at_isi_edu_email_thakkar_at_isi_edu', 'user': 'thakkar@isi.edu', 'sender': 'proxy_thakkar_at_isi_edu', 'shortcontent': 'This is a test', 'content': 'This is a test message for thakkar@isi.edu'}
Fri Nov 22 13:46:46 2002: Processing message: {'subject': 'Test', 'performative': 'tell', 'reply-with': 'nil', 'receiver': 'thakkar_at_isi_edu_email_thakkar_at_isi_edu', 'user': 'thakkar@isi.edu', 'sender': 'proxy_thakkar_at_isi_edu', 'shortcontent': 'This is a test', 'content': 'This is a test message for thakkar@isi.edu'}
Fri Nov 22 13:46:46 2002: Message for user ID: thakkar@isi.edu
Fri Nov 22 13:46:46 2002: User name: Snehal Thakkar
Fri Nov 22 14:13:50 2002: Received: {'subject': 'Test', 'performative': 'tell', 'reply-with': 'nil', 'receiver': 'thakkar_at_isi_edu_email_thakkar_at_isi_edu', 'user': 'thakkar@isi.edu', 'sender': 'proxy_thakkar_at_isi_edu', 'deadline': '10000', 'shortcontent': 'test'}
Fri Nov 22 14:13:50 2002: Processing message: {'subject': 'Test', 'performative': 'tell', 'reply-with': 'nil', 'receiver': 'thakkar_at_isi_edu_email_thakkar_at_isi_edu', 'user': 'thakkar@isi.edu', 'sender': 'proxy_thakkar_at_isi_edu', 'deadline': '10000', 'shortcontent': 'test'}
Fri Nov 22 14:13:50 2002: Message for user ID: thakkar@isi.edu
Fri Nov 22 14:13:50 2002: User name: Snehal Thakkar
Fri Nov 22 14:23:43 2002: Received: {'subject': 'Test', 'performative': 'tell', 'reply-with': 'nil', 'receiver': 'thakkar_at_isi_edu_email_thakkar_at_isi_edu', 'user': 'thakkar@isi.edu', 'sender': 'proxy_thakkar_at_isi_edu', 'deadline': '10000'}
Fri Nov 22 14:23:43 2002: Processing message: {'subject': 'Test', 'performative': 'tell', 'reply-with': 'nil', 'receiver': 'thakkar_at_isi_edu_email_thakkar_at_isi_edu', 'user': 'thakkar@isi.edu', 'sender': 'proxy_thakkar_at_isi_edu', 'deadline': '10000'}
Fri Nov 22 14:23:43 2002: Message for user ID: thakkar@isi.edu
Fri Nov 22 14:23:43 2002: User name: Snehal Thakkar
Fri Nov 22 14:24:46 2002: Received: {'subject': 'Test', 'performative': 'tell', 'reply-with': 'nil', 'receiver': 'thakkar_at_isi_edu_email_thakkar_at_isi_edu', 'user': 'thakkar@isi.edu', 'sender': 'proxy_thakkar_at_isi_edu', 'deadline': '10000'}
Fri Nov 22 14:24:46 2002: Processing message: {'subject': 'Test', 'performative': 'tell', 'reply-with': 'nil', 'receiver': 'thakkar_at_isi_edu_email_thakkar_at_isi_edu', 'user': 'thakkar@isi.edu', 'sender': 'proxy_thakkar_at_isi_edu', 'deadline': '10000'}
Fri Nov 22 14:24:47 2002: Message for user ID: thakkar@isi.edu
Fri Nov 22 14:24:47 2002: User name: Snehal Thakkar
Fri Nov 22 14:25:48 2002: Received: {'subject': 'Test', 'performative': 'tell', 'reply-with': 'nil', 'receiver': 'thakkar_at_isi_edu_email_thakkar_at_isi_edu', 'user': 'thakkar@isi.edu', 'sender': 'proxy_thakkar_at_isi_edu', 'deadline': '10000'}
Fri Nov 22 14:25:48 2002: Processing message: {'subject': 'Test', 'performative': 'tell', 'reply-with': 'nil', 'receiver': 'thakkar_at_isi_edu_email_thakkar_at_isi_edu', 'user': 'thakkar@isi.edu', 'sender': 'proxy_thakkar_at_isi_edu', 'deadline': '10000'}
Fri Nov 22 14:25:48 2002: Message for user ID: thakkar@isi.edu
Fri Nov 22 14:25:48 2002: User name: Snehal Thakkar
Thu Dec 05 13:14:33 2002: Received: {'subject': 'Test subject', 'performative': 'tell', 'sender': 'proxy_thakkar_at_isi_edu', 'deadline': '10000', 'reply-with': 'nil', 'user': 'thakkar@isi.edu'}
Thu Dec 05 13:14:33 2002: Processing message: {'subject': 'Test subject', 'performative': 'tell', 'sender': 'proxy_thakkar_at_isi_edu', 'deadline': '10000', 'reply-with': 'nil', 'user': 'thakkar@isi.edu'}
Thu Dec 05 13:14:34 2002: Message for user ID: thakkar@isi.edu
Thu Dec 05 13:14:34 2002: User name: Snehal Thakkar
Thu Dec 05 13:18:08 2002: Received: {'subject': 'Test subject) :content (test message) :shortcontent (test short message', 'performative': 'tell', 'reply-with': 'nil', 'receiver': 'thakkar_at_isi_edu_email_thakkar_at_isi_edu', 'user': 'thakkar@isi.edu', 'sender': 'proxy_thakkar_at_isi_edu', 'deadline': '10000'}
Thu Dec 05 13:18:08 2002: Processing message: {'subject': 'Test subject) :content (test message) :shortcontent (test short message', 'performative': 'tell', 'reply-with': 'nil', 'receiver': 'thakkar_at_isi_edu_email_thakkar_at_isi_edu', 'user': 'thakkar@isi.edu', 'sender': 'proxy_thakkar_at_isi_edu', 'deadline': '10000'}
Thu Dec 05 13:18:08 2002: Message for user ID: thakkar@isi.edu
Thu Dec 05 13:18:08 2002: User name: Snehal Thakkar
Thu Dec 05 13:35:52 2002: Received: {'subject': 'Test subject) :content (test message) :shortcontent (test short message', 'performative': 'tell', 'reply-with': 'nil', 'receiver': 'thakkar_at_isi_edu_email_thakkar_at_isi_edu', 'user': 'thakkar@isi.edu', 'sender': 'proxy_thakkar_at_isi_edu', 'deadline': '10000'}
Thu Dec 05 13:35:52 2002: Processing message: {'subject': 'Test subject) :content (test message) :shortcontent (test short message', 'performative': 'tell', 'reply-with': 'nil', 'receiver': 'thakkar_at_isi_edu_email_thakkar_at_isi_edu', 'user': 'thakkar@isi.edu', 'sender': 'proxy_thakkar_at_isi_edu', 'deadline': '10000'}
Thu Dec 05 13:35:53 2002: Message for user ID: thakkar@isi.edu
Thu Dec 05 13:35:53 2002: User name: Snehal Thakkar
Thu Dec 05 13:39:50 2002: Received: {'subject': 'Test', 'performative': 'tell', 'reply-with': 'nil', 'receiver': 'thakkar_at_isi_edu_email_thakkar_at_isi_edu', 'user': 'thakkar@isi.edu', 'sender': 'proxy_thakkar_at_isi_edu', 'deadline': '10000'}
Thu Dec 05 13:39:50 2002: Processing message: {'subject': 'Test', 'performative': 'tell', 'reply-with': 'nil', 'receiver': 'thakkar_at_isi_edu_email_thakkar_at_isi_edu', 'user': 'thakkar@isi.edu', 'sender': 'proxy_thakkar_at_isi_edu', 'deadline': '10000'}
Thu Dec 05 13:39:50 2002: Message for user ID: thakkar@isi.edu
Thu Dec 05 13:39:50 2002: User name: Snehal Thakkar
Thu Dec 05 13:41:32 2002: Received: {'subject': 'Test subject) :content (test message', 'performative': 'tell', 'reply-with': 'nil', 'receiver': 'thakkar_at_isi_edu_email_thakkar_at_isi_edu', 'user': 'thakkar@isi.edu', 'sender': 'proxy_thakkar_at_isi_edu', 'deadline': '10000'}
Thu Dec 05 13:41:32 2002: Processing message: {'subject': 'Test subject) :content (test message', 'performative': 'tell', 'reply-with': 'nil', 'receiver': 'thakkar_at_isi_edu_email_thakkar_at_isi_edu', 'user': 'thakkar@isi.edu', 'sender': 'proxy_thakkar_at_isi_edu', 'deadline': '10000'}
Thu Dec 05 13:41:32 2002: Message for user ID: thakkar@isi.edu
Thu Dec 05 13:41:32 2002: User name: Snehal Thakkar
Thu Dec 05 14:38:59 2002: Received: {'subject': 'Test subject) :content (test message ', 'performative': 'tell', 'reply-with': 'nil', 'receiver': 'thakkar_at_isi_edu_email_thakkar_at_isi_edu', 'user': 'thakkar@isi.edu', 'sender': 'proxy_thakkar_at_isi_edu', 'deadline': '10000'}
Thu Dec 05 14:38:59 2002: Processing message: {'subject': 'Test subject) :content (test message ', 'performative': 'tell', 'reply-with': 'nil', 'receiver': 'thakkar_at_isi_edu_email_thakkar_at_isi_edu', 'user': 'thakkar@isi.edu', 'sender': 'proxy_thakkar_at_isi_edu', 'deadline': '10000'}
Thu Dec 05 14:39:00 2002: Message for user ID: thakkar@isi.edu
Thu Dec 05 14:39:00 2002: User name: Snehal Thakkar
Thu Dec 05 14:39:56 2002: Received: {'subject': 'Test subject ) :content (test message ', 'performative': 'tell', 'reply-with': 'nil', 'receiver': 'thakkar_at_isi_edu_email_thakkar_at_isi_edu', 'user': 'thakkar@isi.edu', 'sender': 'proxy_thakkar_at_isi_edu', 'deadline': '10000'}
Thu Dec 05 14:39:56 2002: Processing message: {'subject': 'Test subject ) :content (test message ', 'performative': 'tell', 'reply-with': 'nil', 'receiver': 'thakkar_at_isi_edu_email_thakkar_at_isi_edu', 'user': 'thakkar@isi.edu', 'sender': 'proxy_thakkar_at_isi_edu', 'deadline': '10000'}
Thu Dec 05 14:39:56 2002: Message for user ID: thakkar@isi.edu
Thu Dec 05 14:39:56 2002: User name: Snehal Thakkar
Wed Dec 18 15:29:55 2002: Received: {'subject': 'Test', 'performative': 'tell', 'reply-with': 'nil', 'receiver': 'thakkar_at_isi_edu_email_thakkar_at_isi_edu', 'user': 'thakkar@isi.edu', 'sender': 'proxy_thakkar_at_isi_edu', 'deadline': '10000'}
Wed Dec 18 15:29:56 2002: Processing message: {'subject': 'Test', 'performative': 'tell', 'reply-with': 'nil', 'receiver': 'thakkar_at_isi_edu_email_thakkar_at_isi_edu', 'user': 'thakkar@isi.edu', 'sender': 'proxy_thakkar_at_isi_edu', 'deadline': '10000'}
Wed Dec 18 15:29:56 2002: Message for user ID: thakkar@isi.edu
Wed Dec 18 15:29:56 2002: User name: Snehal Thakkar
Wed Dec 18 15:32:26 2002: Received: {'subject': 'Test', 'performative': 'tell', 'reply-with': 'nil', 'receiver': 'thakkar_at_isi_edu_email_thakkar_at_isi_edu', 'user': 'thakkar@isi.edu', 'sender': 'proxy_thakkar_at_isi_edu', 'deadline': '10000'}
Wed Dec 18 15:32:26 2002: Processing message: {'subject': 'Test', 'performative': 'tell', 'reply-with': 'nil', 'receiver': 'thakkar_at_isi_edu_email_thakkar_at_isi_edu', 'user': 'thakkar@isi.edu', 'sender': 'proxy_thakkar_at_isi_edu', 'deadline': '10000'}
Wed Dec 18 15:32:26 2002: Message for user ID: thakkar@isi.edu
Wed Dec 18 15:32:26 2002: User name: Snehal Thakkar
Wed Dec 18 15:50:26 2002: Received: {'subject': 'Test subject ', 'performative': 'tell', 'reply-with': 'nil', 'receiver': 'thakkar_at_isi_edu_email_thakkar_at_isi_edu', 'user': 'thakkar@isi.edu', 'sender': 'proxy_thakkar_at_isi_edu', 'deadline': '10000', 'shortcontent': 'test short message ', 'content': 'test message '}
Wed Dec 18 15:50:26 2002: Processing message: {'subject': 'Test subject ', 'performative': 'tell', 'reply-with': 'nil', 'receiver': 'thakkar_at_isi_edu_email_thakkar_at_isi_edu', 'user': 'thakkar@isi.edu', 'sender': 'proxy_thakkar_at_isi_edu', 'deadline': '10000', 'shortcontent': 'test short message ', 'content': 'test message '}
Wed Dec 18 15:50:26 2002: Message for user ID: thakkar@isi.edu
Wed Dec 18 15:50:26 2002: User name: Snehal Thakkar
Tue Jan 07 16:42:08 2003: Using ANS: ('vibhagam', 5500)
Tue Jan 07 16:42:08 2003: Bound to host/port: sangat.isi.edu:6687
Tue Jan 07 16:42:08 2003: Sending message: (register :ontology tcp-ip :sender thakkar_at_isi_edu_email_thakkar_at_isi_edu :reply-with t :content "thakkar_at_isi_edu_email_thakkar_at_isi_edu sangat.isi.edu:6687")
Tue Jan 07 16:42:08 2003: Received: {'receiver': 'thakkar_at_isi_edu_email_thakkar_at_isi_edu', 'performative': 'error', 'sender': 'TEAMCORE', 'in-reply-to': 't', 'content': 'handler encountered error'}
Tue Jan 07 16:42:08 2003: Registration produced: {'receiver': 'thakkar_at_isi_edu_email_thakkar_at_isi_edu', 'performative': 'error', 'sender': 'TEAMCORE', 'in-reply-to': 't', 'content': 'handler encountered error'}
Tue Jan 07 16:42:08 2003: Sending message: (unregister :sender thakkar_at_isi_edu_email_thakkar_at_isi_edu :ontology tcp-ip :reply-with nil :content thakkar_at_isi_edu_email_thakkar_at_isi_edu)
Tue Jan 07 16:42:08 2003: Sending message: (register :sender thakkar_at_isi_edu_email_thakkar_at_isi_edu :ontology tcp-ip :reply-with t :content (thakkar_at_isi_edu_email_thakkar_at_isi_edu sangat.isi.edu:6687))
Tue Jan 07 16:42:08 2003: Received: {'receiver': 'thakkar_at_isi_edu_email_thakkar_at_isi_edu', 'performative': 'reply', 'sender': 'TEAMCORE', 'in-reply-to': 't', 'content': 'thakkar_at_isi_edu_email_thakkar_at_isi_edu TEAMCORE'}
Tue Jan 07 16:42:08 2003: Registration produced: {'receiver': 'thakkar_at_isi_edu_email_thakkar_at_isi_edu', 'performative': 'reply', 'sender': 'TEAMCORE', 'in-reply-to': 't', 'content': 'thakkar_at_isi_edu_email_thakkar_at_isi_edu TEAMCORE'}thakkar_at_isi_edu_email_thakkar_at_isi_edu, TEAMCORE
Tue Jan 07 16:42:08 2003: Registration successful: thakkar_at_isi_edu_email_thakkar_at_isi_edu
Tue Jan 07 16:42:08 2003: Router for thakkar_at_isi_edu_email_thakkar_at_isi_edu running...
Tue Jan 07 16:42:08 2003: Sending message: (ask-one :sender thakkar_at_isi_edu_email_thakkar_at_isi_edu :reply-with t :content "proxy_thakkar_at_isi_edu")
Tue Jan 07 16:42:08 2003: Received: {'receiver': 'thakkar_at_isi_edu_email_thakkar_at_isi_edu', 'performative': 'reply', 'sender': 'TEAMCORE', 'in-reply-to': 't', 'content': 'proxy_thakkar_at_isi_edu:sangat.isi.edu:9992:'}
Tue Jan 07 16:42:08 2003: Sending message: (register :name email_thakkar_at_isi_edu :reply-with nil :agenttype device :receiver proxy_thakkar_at_isi_edu :user thakkar_at_isi_edu :sender thakkar_at_isi_edu_email_thakkar_at_isi_edu :direction (to user))
Tue Jan 07 16:42:09 2003: Received: {'receiver': 'thakkar_at_isi_edu_email_thakkar_at_isi_edu', 'performative': 'ask', 'sender': 'ping_thakkar_at_isi_edu_email_thakkar_at_isi_edu', 'reply-with': 'thakkar_at_isi_edu', 'content': 'hello'}
Tue Jan 07 16:42:09 2003: Processing message: {'receiver': 'thakkar_at_isi_edu_email_thakkar_at_isi_edu', 'performative': 'ask', 'sender': 'ping_thakkar_at_isi_edu_email_thakkar_at_isi_edu', 'reply-with': 'thakkar_at_isi_edu', 'content': 'hello'}
Tue Jan 07 16:42:09 2003: Replying: (sorry :reply-with nil :in-reply-to thakkar_at_isi_edu :receiver ping_thakkar_at_isi_edu_email_thakkar_at_isi_edu :sender thakkar_at_isi_edu_email_thakkar_at_isi_edu :comment "Unintelligible query")
Mon Jan 13 16:26:07 2003: Using ANS: ('vibhagam', 5500)
Mon Jan 13 16:26:07 2003: Bound to host/port: sangat.isi.edu:6688
Mon Jan 13 16:26:07 2003: Sending message: (register :ontology tcp-ip :sender thakkar_at_isi_edu_email_thakkar_at_isi_edu :reply-with t :content "thakkar_at_isi_edu_email_thakkar_at_isi_edu sangat.isi.edu:6688")
Mon Jan 13 16:26:07 2003: Received: {'receiver': 'thakkar_at_isi_edu_email_thakkar_at_isi_edu', 'performative': 'error', 'sender': 'TEAMCORE', 'in-reply-to': 't', 'content': 'handler encountered error'}
Mon Jan 13 16:26:07 2003: Registration produced: {'receiver': 'thakkar_at_isi_edu_email_thakkar_at_isi_edu', 'performative': 'error', 'sender': 'TEAMCORE', 'in-reply-to': 't', 'content': 'handler encountered error'}
Mon Jan 13 16:26:07 2003: Sending message: (unregister :sender thakkar_at_isi_edu_email_thakkar_at_isi_edu :ontology tcp-ip :reply-with nil :content thakkar_at_isi_edu_email_thakkar_at_isi_edu)
Mon Jan 13 16:26:07 2003: Sending message: (register :sender thakkar_at_isi_edu_email_thakkar_at_isi_edu :ontology tcp-ip :reply-with t :content (thakkar_at_isi_edu_email_thakkar_at_isi_edu sangat.isi.edu:6688))
Mon Jan 13 16:26:07 2003: Received: {'receiver': 'thakkar_at_isi_edu_email_thakkar_at_isi_edu', 'performative': 'reply', 'sender': 'TEAMCORE', 'in-reply-to': 't', 'content': 'thakkar_at_isi_edu_email_thakkar_at_isi_edu TEAMCORE'}
Mon Jan 13 16:26:07 2003: Registration produced: {'receiver': 'thakkar_at_isi_edu_email_thakkar_at_isi_edu', 'performative': 'reply', 'sender': 'TEAMCORE', 'in-reply-to': 't', 'content': 'thakkar_at_isi_edu_email_thakkar_at_isi_edu TEAMCORE'}thakkar_at_isi_edu_email_thakkar_at_isi_edu, TEAMCORE
Mon Jan 13 16:26:07 2003: Registration successful: thakkar_at_isi_edu_email_thakkar_at_isi_edu
Mon Jan 13 16:26:07 2003: Router for thakkar_at_isi_edu_email_thakkar_at_isi_edu running...
Mon Jan 13 16:26:07 2003: Sending message: (ask-one :sender thakkar_at_isi_edu_email_thakkar_at_isi_edu :reply-with t :content "proxy_thakkar_at_isi_edu")
Mon Jan 13 16:26:07 2003: Received: {'receiver': 'thakkar_at_isi_edu_email_thakkar_at_isi_edu', 'performative': 'reply', 'sender': 'TEAMCORE', 'in-reply-to': 't', 'content': 'proxy_thakkar_at_isi_edu:sangat.isi.edu:9993:'}
Mon Jan 13 16:26:07 2003: Sending message: (register :name email_thakkar_at_isi_edu :reply-with nil :agenttype device :receiver proxy_thakkar_at_isi_edu :user thakkar_at_isi_edu :sender thakkar_at_isi_edu_email_thakkar_at_isi_edu :direction (to user))
Mon Jan 13 16:26:09 2003: Received: {'receiver': 'thakkar_at_isi_edu_email_thakkar_at_isi_edu', 'performative': 'ask', 'sender': 'ping_thakkar_at_isi_edu_email_thakkar_at_isi_edu', 'reply-with': 'thakkar_at_isi_edu', 'content': 'hello'}
Mon Jan 13 16:26:09 2003: Processing message: {'receiver': 'thakkar_at_isi_edu_email_thakkar_at_isi_edu', 'performative': 'ask', 'sender': 'ping_thakkar_at_isi_edu_email_thakkar_at_isi_edu', 'reply-with': 'thakkar_at_isi_edu', 'content': 'hello'}
Mon Jan 13 16:26:09 2003: Replying: (sorry :reply-with nil :in-reply-to thakkar_at_isi_edu :receiver ping_thakkar_at_isi_edu_email_thakkar_at_isi_edu :sender thakkar_at_isi_edu_email_thakkar_at_isi_edu :comment "Unintelligible query")
Thu Jan 16 10:59:36 2003: Received: {'receiver': 'thakkar_at_isi_edu_email_thakkar_at_isi_edu', 'performative': 'kqml-admin', 'sender': 'TEAMCORE', 'kqml-msg-id': '1786+vibhagam.isi.edu+54', 'reply-with': 't', 'content': 'name'}
Thu Jan 16 11:55:00 2003: Received: {'receiver': 'thakkar_at_isi_edu_email_thakkar_at_isi_edu', 'performative': 'ask', 'sender': 'ping_thakkar_at_isi_edu_email_thakkar_at_isi_edu', 'reply-with': 'thakkar_at_isi_edu', 'content': 'hello'}
Thu Jan 16 11:55:00 2003: Processing message: {'receiver': 'thakkar_at_isi_edu_email_thakkar_at_isi_edu', 'performative': 'ask', 'sender': 'ping_thakkar_at_isi_edu_email_thakkar_at_isi_edu', 'reply-with': 'thakkar_at_isi_edu', 'content': 'hello'}
Thu Jan 16 11:55:00 2003: Replying: (sorry :reply-with nil :in-reply-to thakkar_at_isi_edu :receiver ping_thakkar_at_isi_edu_email_thakkar_at_isi_edu :sender thakkar_at_isi_edu_email_thakkar_at_isi_edu :comment "Unintelligible query")
Tue Mar 04 15:43:39 2003: Received: {'receiver': 'thakkar_at_isi_edu_email_thakkar_at_isi_edu', 'performative': 'ask', 'sender': 'ping_thakkar_at_isi_edu_email_thakkar_at_isi_edu', 'reply-with': 'thakkar_at_isi_edu', 'content': 'hello'}
Tue Mar 04 15:43:39 2003: Processing message: {'receiver': 'thakkar_at_isi_edu_email_thakkar_at_isi_edu', 'performative': 'ask', 'sender': 'ping_thakkar_at_isi_edu_email_thakkar_at_isi_edu', 'reply-with': 'thakkar_at_isi_edu', 'content': 'hello'}
Tue Mar 04 15:43:39 2003: Replying: (sorry :reply-with nil :in-reply-to thakkar_at_isi_edu :receiver ping_thakkar_at_isi_edu_email_thakkar_at_isi_edu :sender thakkar_at_isi_edu_email_thakkar_at_isi_edu :comment "Unintelligible query")
Tue Mar 04 15:47:10 2003: Received: {'receiver': 'thakkar_at_isi_edu_email_thakkar_at_isi_edu', 'performative': 'ask', 'sender': 'ping_thakkar_at_isi_edu_email_thakkar_at_isi_edu', 'reply-with': 'thakkar_at_isi_edu', 'content': 'hello'}
Tue Mar 04 15:47:10 2003: Processing message: {'receiver': 'thakkar_at_isi_edu_email_thakkar_at_isi_edu', 'performative': 'ask', 'sender': 'ping_thakkar_at_isi_edu_email_thakkar_at_isi_edu', 'reply-with': 'thakkar_at_isi_edu', 'content': 'hello'}
Tue Mar 04 15:47:10 2003: Replying: (sorry :reply-with nil :in-reply-to thakkar_at_isi_edu :receiver ping_thakkar_at_isi_edu_email_thakkar_at_isi_edu :sender thakkar_at_isi_edu_email_thakkar_at_isi_edu :comment "Unintelligible query")
Tue Mar 04 16:02:28 2003: Using ANS: ('vibhagam.isi.edu', 5500)
Tue Mar 04 16:02:28 2003: Bound to host/port: sangat.isi.edu:6688
Tue Mar 04 16:02:28 2003: Sending message: (register :ontology tcp-ip :sender thakkar_at_isi_edu_email_thakkar_at_isi_edu :reply-with t :content "thakkar_at_isi_edu_email_thakkar_at_isi_edu sangat.isi.edu:6688")
Tue Mar 04 16:02:28 2003: Received: {'receiver': 'thakkar_at_isi_edu_email_thakkar_at_isi_edu', 'performative': 'error', 'sender': 'TEAMCORE', 'in-reply-to': 't', 'content': 'handler encountered error'}
Tue Mar 04 16:02:28 2003: Registration produced: {'receiver': 'thakkar_at_isi_edu_email_thakkar_at_isi_edu', 'performative': 'error', 'sender': 'TEAMCORE', 'in-reply-to': 't', 'content': 'handler encountered error'}
Tue Mar 04 16:02:28 2003: Sending message: (unregister :sender thakkar_at_isi_edu_email_thakkar_at_isi_edu :ontology tcp-ip :reply-with nil :content thakkar_at_isi_edu_email_thakkar_at_isi_edu)
Tue Mar 04 16:02:28 2003: Sending message: (register :sender thakkar_at_isi_edu_email_thakkar_at_isi_edu :ontology tcp-ip :reply-with t :content (thakkar_at_isi_edu_email_thakkar_at_isi_edu sangat.isi.edu:6688))
Tue Mar 04 16:02:28 2003: Received: {'receiver': 'thakkar_at_isi_edu_email_thakkar_at_isi_edu', 'performative': 'reply', 'sender': 'TEAMCORE', 'in-reply-to': 't', 'content': 'thakkar_at_isi_edu_email_thakkar_at_isi_edu TEAMCORE'}
Tue Mar 04 16:02:28 2003: Registration produced: {'receiver': 'thakkar_at_isi_edu_email_thakkar_at_isi_edu', 'performative': 'reply', 'sender': 'TEAMCORE', 'in-reply-to': 't', 'content': 'thakkar_at_isi_edu_email_thakkar_at_isi_edu TEAMCORE'}thakkar_at_isi_edu_email_thakkar_at_isi_edu, TEAMCORE
Tue Mar 04 16:02:28 2003: Registration successful: thakkar_at_isi_edu_email_thakkar_at_isi_edu
Tue Mar 04 16:02:28 2003: Router for thakkar_at_isi_edu_email_thakkar_at_isi_edu running...
Tue Mar 04 16:02:28 2003: Sending message: (ask-one :sender thakkar_at_isi_edu_email_thakkar_at_isi_edu :reply-with t :content "proxy_thakkar_at_isi_edu")
Tue Mar 04 16:02:28 2003: Received: {'receiver': 'thakkar_at_isi_edu_email_thakkar_at_isi_edu', 'performative': 'reply', 'sender': 'TEAMCORE', 'in-reply-to': 't', 'content': 'proxy_thakkar_at_isi_edu:sangat.isi.edu:9993:'}
Tue Mar 04 16:02:28 2003: Sending message: (register :name email_thakkar_at_isi_edu :reply-with nil :agenttype device :receiver proxy_thakkar_at_isi_edu :user thakkar_at_isi_edu :sender thakkar_at_isi_edu_email_thakkar_at_isi_edu :direction (to user))
Tue Mar 04 16:02:29 2003: Received: {'receiver': 'thakkar_at_isi_edu_email_thakkar_at_isi_edu', 'performative': 'ask', 'sender': 'ping_thakkar_at_isi_edu_email_thakkar_at_isi_edu', 'reply-with': 'thakkar_at_isi_edu', 'content': 'hello'}
Tue Mar 04 16:02:29 2003: Processing message: {'receiver': 'thakkar_at_isi_edu_email_thakkar_at_isi_edu', 'performative': 'ask', 'sender': 'ping_thakkar_at_isi_edu_email_thakkar_at_isi_edu', 'reply-with': 'thakkar_at_isi_edu', 'content': 'hello'}
Tue Mar 04 16:02:29 2003: Replying: (sorry :reply-with nil :in-reply-to thakkar_at_isi_edu :receiver ping_thakkar_at_isi_edu_email_thakkar_at_isi_edu :sender thakkar_at_isi_edu_email_thakkar_at_isi_edu :comment "Unintelligible query")
Tue Mar 04 16:12:51 2003: Received: {'receiver': 'thakkar_at_isi_edu_email_thakkar_at_isi_edu', 'performative': 'tell', 'sender': 'stop_thakkar_at_isi_edu_email_thakkar_at_isi_edu', 'reply-with': 'nil', 'content': 'stop'}
Tue Mar 04 16:12:51 2003: Processing message: {'receiver': 'thakkar_at_isi_edu_email_thakkar_at_isi_edu', 'performative': 'tell', 'sender': 'stop_thakkar_at_isi_edu_email_thakkar_at_isi_edu', 'reply-with': 'nil', 'content': 'stop'}
Tue Mar 04 16:12:52 2003: Sending message: (unregister :receiver proxy_thakkar_at_isi_edu :name email_thakkar_at_isi_edu :sender thakkar_at_isi_edu_email_thakkar_at_isi_edu :reply-with nil :user thakkar_at_isi_edu)
Tue Mar 04 16:12:52 2003: Router thakkar_at_isi_edu_email_thakkar_at_isi_edu exiting...
Tue Mar 04 16:12:52 2003: Sending message: (unregister :receiver TEAMCORE :sender thakkar_at_isi_edu_email_thakkar_at_isi_edu :ontology tcp-ip :reply-with nil :content thakkar_at_isi_edu_email_thakkar_at_isi_edu)
Tue Mar 04 16:12:52 2003: Exiting...
Tue Mar 04 16:12:54 2003: Using ANS: ('vibhagam.isi.edu', 5500)
Tue Mar 04 16:12:54 2003: Bound to host/port: sangat.isi.edu:6687
Tue Mar 04 16:12:54 2003: Sending message: (register :ontology tcp-ip :sender thakkar_at_isi_edu_email_thakkar_at_isi_edu :reply-with t :content "thakkar_at_isi_edu_email_thakkar_at_isi_edu sangat.isi.edu:6687")
Tue Mar 04 16:12:54 2003: Received: {'receiver': 'thakkar_at_isi_edu_email_thakkar_at_isi_edu', 'performative': 'error', 'sender': 'TEAMCORE', 'in-reply-to': 't', 'content': 'handler encountered error'}
Tue Mar 04 16:12:54 2003: Registration produced: {'receiver': 'thakkar_at_isi_edu_email_thakkar_at_isi_edu', 'performative': 'error', 'sender': 'TEAMCORE', 'in-reply-to': 't', 'content': 'handler encountered error'}
Tue Mar 04 16:12:54 2003: Sending message: (unregister :sender thakkar_at_isi_edu_email_thakkar_at_isi_edu :ontology tcp-ip :reply-with nil :content thakkar_at_isi_edu_email_thakkar_at_isi_edu)
Tue Mar 04 16:12:54 2003: Sending message: (register :sender thakkar_at_isi_edu_email_thakkar_at_isi_edu :ontology tcp-ip :reply-with t :content (thakkar_at_isi_edu_email_thakkar_at_isi_edu sangat.isi.edu:6687))
Tue Mar 04 16:12:54 2003: Received: {'receiver': 'thakkar_at_isi_edu_email_thakkar_at_isi_edu', 'performative': 'reply', 'sender': 'TEAMCORE', 'in-reply-to': 't', 'content': 'thakkar_at_isi_edu_email_thakkar_at_isi_edu TEAMCORE'}
Tue Mar 04 16:12:54 2003: Registration produced: {'receiver': 'thakkar_at_isi_edu_email_thakkar_at_isi_edu', 'performative': 'reply', 'sender': 'TEAMCORE', 'in-reply-to': 't', 'content': 'thakkar_at_isi_edu_email_thakkar_at_isi_edu TEAMCORE'}thakkar_at_isi_edu_email_thakkar_at_isi_edu, TEAMCORE
Tue Mar 04 16:12:54 2003: Registration successful: thakkar_at_isi_edu_email_thakkar_at_isi_edu
Tue Mar 04 16:12:54 2003: Router for thakkar_at_isi_edu_email_thakkar_at_isi_edu running...
Tue Mar 04 16:12:54 2003: Sending message: (ask-one :sender thakkar_at_isi_edu_email_thakkar_at_isi_edu :reply-with t :content "proxy_thakkar_at_isi_edu")
Tue Mar 04 16:12:55 2003: Received: {'receiver': 'thakkar_at_isi_edu_email_thakkar_at_isi_edu', 'performative': 'reply', 'sender': 'TEAMCORE', 'in-reply-to': 't', 'content': 'proxy_thakkar_at_isi_edu:sangat.isi.edu:9993:'}
Tue Mar 04 16:12:55 2003: Sending message: (register :name email_thakkar_at_isi_edu :reply-with nil :agenttype device :receiver proxy_thakkar_at_isi_edu :user thakkar_at_isi_edu :sender thakkar_at_isi_edu_email_thakkar_at_isi_edu :direction (to user))
Tue Mar 04 16:12:56 2003: Received: {'receiver': 'thakkar_at_isi_edu_email_thakkar_at_isi_edu', 'performative': 'ask', 'sender': 'ping_thakkar_at_isi_edu_email_thakkar_at_isi_edu', 'reply-with': 'thakkar_at_isi_edu', 'content': 'hello'}
Tue Mar 04 16:12:56 2003: Processing message: {'receiver': 'thakkar_at_isi_edu_email_thakkar_at_isi_edu', 'performative': 'ask', 'sender': 'ping_thakkar_at_isi_edu_email_thakkar_at_isi_edu', 'reply-with': 'thakkar_at_isi_edu', 'content': 'hello'}
Tue Mar 04 16:12:56 2003: Replying: (sorry :reply-with nil :in-reply-to thakkar_at_isi_edu :receiver ping_thakkar_at_isi_edu_email_thakkar_at_isi_edu :sender thakkar_at_isi_edu_email_thakkar_at_isi_edu :comment "Unintelligible query")
Mon Apr 21 17:01:23 2003: Received: {'receiver': 'thakkar_at_isi_edu_email_thakkar_at_isi_edu', 'performative': 'kqml-admin', 'sender': 'TEAMCORE', 'kqml-msg-id': '880+vibhagam.isi.edu+61', 'reply-with': 't', 'content': 'name'}
Mon Apr 21 17:05:46 2003: Received: {'receiver': 'thakkar_at_isi_edu_email_thakkar_at_isi_edu', 'performative': 'ask', 'sender': 'ping_thakkar_at_isi_edu_email_thakkar_at_isi_edu', 'reply-with': 'thakkar_at_isi_edu', 'content': 'hello'}
Mon Apr 21 17:05:46 2003: Processing message: {'receiver': 'thakkar_at_isi_edu_email_thakkar_at_isi_edu', 'performative': 'ask', 'sender': 'ping_thakkar_at_isi_edu_email_thakkar_at_isi_edu', 'reply-with': 'thakkar_at_isi_edu', 'content': 'hello'}
Mon Apr 21 17:05:46 2003: Replying: (sorry :reply-with nil :in-reply-to thakkar_at_isi_edu :receiver ping_thakkar_at_isi_edu_email_thakkar_at_isi_edu :sender thakkar_at_isi_edu_email_thakkar_at_isi_edu :comment "Unintelligible query")
Mon Apr 21 17:12:29 2003: Received: {'receiver': 'thakkar_at_isi_edu_email_thakkar_at_isi_edu', 'performative': 'tell', 'sender': 'stop_thakkar_at_isi_edu_email_thakkar_at_isi_edu', 'reply-with': 'nil', 'content': 'stop'}
Mon Apr 21 17:12:29 2003: Processing message: {'receiver': 'thakkar_at_isi_edu_email_thakkar_at_isi_edu', 'performative': 'tell', 'sender': 'stop_thakkar_at_isi_edu_email_thakkar_at_isi_edu', 'reply-with': 'nil', 'content': 'stop'}
Mon Apr 21 17:12:30 2003: Sending message: (unregister :receiver proxy_thakkar_at_isi_edu :name email_thakkar_at_isi_edu :sender thakkar_at_isi_edu_email_thakkar_at_isi_edu :reply-with nil :user thakkar_at_isi_edu)
Mon Apr 21 17:12:30 2003: Router thakkar_at_isi_edu_email_thakkar_at_isi_edu exiting...
Mon Apr 21 17:12:30 2003: Sending message: (unregister :receiver TEAMCORE :sender thakkar_at_isi_edu_email_thakkar_at_isi_edu :ontology tcp-ip :reply-with nil :content thakkar_at_isi_edu_email_thakkar_at_isi_edu)
Mon Apr 21 17:12:30 2003: Exiting...
Mon Apr 21 17:12:33 2003: Using ANS: ('vibhagam.isi.edu', 5500)
Mon Apr 21 17:12:33 2003: Bound to host/port: sangat.isi.edu:6686
Mon Apr 21 17:12:33 2003: Sending message: (register :ontology tcp-ip :sender thakkar_at_isi_edu_email_thakkar_at_isi_edu :reply-with t :content "thakkar_at_isi_edu_email_thakkar_at_isi_edu sangat.isi.edu:6686")
Mon Apr 21 17:12:33 2003: Received: {'receiver': 'thakkar_at_isi_edu_email_thakkar_at_isi_edu', 'performative': 'error', 'sender': 'TEAMCORE', 'in-reply-to': 't', 'content': 'handler encountered error'}
Mon Apr 21 17:12:33 2003: Registration produced: {'receiver': 'thakkar_at_isi_edu_email_thakkar_at_isi_edu', 'performative': 'error', 'sender': 'TEAMCORE', 'in-reply-to': 't', 'content': 'handler encountered error'}
Mon Apr 21 17:12:33 2003: Sending message: (unregister :sender thakkar_at_isi_edu_email_thakkar_at_isi_edu :ontology tcp-ip :reply-with nil :content thakkar_at_isi_edu_email_thakkar_at_isi_edu)
Mon Apr 21 17:12:33 2003: Sending message: (register :sender thakkar_at_isi_edu_email_thakkar_at_isi_edu :ontology tcp-ip :reply-with t :content (thakkar_at_isi_edu_email_thakkar_at_isi_edu sangat.isi.edu:6686))
Mon Apr 21 17:12:33 2003: Received: {'receiver': 'thakkar_at_isi_edu_email_thakkar_at_isi_edu', 'performative': 'reply', 'sender': 'TEAMCORE', 'in-reply-to': 't', 'content': 'thakkar_at_isi_edu_email_thakkar_at_isi_edu TEAMCORE'}
Mon Apr 21 17:12:33 2003: Registration produced: {'receiver': 'thakkar_at_isi_edu_email_thakkar_at_isi_edu', 'performative': 'reply', 'sender': 'TEAMCORE', 'in-reply-to': 't', 'content': 'thakkar_at_isi_edu_email_thakkar_at_isi_edu TEAMCORE'}thakkar_at_isi_edu_email_thakkar_at_isi_edu, TEAMCORE
Mon Apr 21 17:12:33 2003: Registration successful: thakkar_at_isi_edu_email_thakkar_at_isi_edu
Mon Apr 21 17:12:33 2003: Router for thakkar_at_isi_edu_email_thakkar_at_isi_edu running...
Mon Apr 21 17:12:33 2003: Sending message: (ask-one :sender thakkar_at_isi_edu_email_thakkar_at_isi_edu :reply-with t :content "proxy_thakkar_at_isi_edu")
Mon Apr 21 17:12:33 2003: Received: {'receiver': 'thakkar_at_isi_edu_email_thakkar_at_isi_edu', 'performative': 'reply', 'sender': 'TEAMCORE', 'in-reply-to': 't', 'content': 'proxy_thakkar_at_isi_edu:sangat.isi.edu:9993:'}
Mon Apr 21 17:12:33 2003: Sending message: (register :name email_thakkar_at_isi_edu :reply-with nil :agenttype device :receiver proxy_thakkar_at_isi_edu :user thakkar_at_isi_edu :sender thakkar_at_isi_edu_email_thakkar_at_isi_edu :direction (to user))
Mon Apr 21 17:12:34 2003: Received: {'receiver': 'thakkar_at_isi_edu_email_thakkar_at_isi_edu', 'performative': 'ask', 'sender': 'ping_thakkar_at_isi_edu_email_thakkar_at_isi_edu', 'reply-with': 'thakkar_at_isi_edu', 'content': 'hello'}
Mon Apr 21 17:12:34 2003: Processing message: {'receiver': 'thakkar_at_isi_edu_email_thakkar_at_isi_edu', 'performative': 'ask', 'sender': 'ping_thakkar_at_isi_edu_email_thakkar_at_isi_edu', 'reply-with': 'thakkar_at_isi_edu', 'content': 'hello'}
Mon Apr 21 17:12:34 2003: Replying: (sorry :reply-with nil :in-reply-to thakkar_at_isi_edu :receiver ping_thakkar_at_isi_edu_email_thakkar_at_isi_edu :sender thakkar_at_isi_edu_email_thakkar_at_isi_edu :comment "Unintelligible query")
Mon Apr 21 17:53:12 2003: Using ANS: ('vibhagam', 5500)
Mon Apr 21 17:53:12 2003: Bound to host/port: sangat.isi.edu:6686
Mon Apr 21 17:53:12 2003: Sending message: (register :ontology tcp-ip :sender thakkar_at_isi_edu_email_thakkar_at_isi_edu :reply-with t :content "thakkar_at_isi_edu_email_thakkar_at_isi_edu sangat.isi.edu:6686")
Mon Apr 21 17:53:12 2003: Received: {'receiver': 'thakkar_at_isi_edu_email_thakkar_at_isi_edu', 'performative': 'error', 'sender': 'TEAMCORE', 'in-reply-to': 't', 'content': 'handler encountered error'}
Mon Apr 21 17:53:12 2003: Registration produced: {'receiver': 'thakkar_at_isi_edu_email_thakkar_at_isi_edu', 'performative': 'error', 'sender': 'TEAMCORE', 'in-reply-to': 't', 'content': 'handler encountered error'}
Mon Apr 21 17:53:12 2003: Sending message: (unregister :sender thakkar_at_isi_edu_email_thakkar_at_isi_edu :ontology tcp-ip :reply-with nil :content thakkar_at_isi_edu_email_thakkar_at_isi_edu)
Mon Apr 21 17:53:12 2003: Sending message: (register :sender thakkar_at_isi_edu_email_thakkar_at_isi_edu :ontology tcp-ip :reply-with t :content (thakkar_at_isi_edu_email_thakkar_at_isi_edu sangat.isi.edu:6686))
Mon Apr 21 17:53:12 2003: Received: {'receiver': 'thakkar_at_isi_edu_email_thakkar_at_isi_edu', 'performative': 'reply', 'sender': 'TEAMCORE', 'in-reply-to': 't', 'content': 'thakkar_at_isi_edu_email_thakkar_at_isi_edu TEAMCORE'}
Mon Apr 21 17:53:12 2003: Registration produced: {'receiver': 'thakkar_at_isi_edu_email_thakkar_at_isi_edu', 'performative': 'reply', 'sender': 'TEAMCORE', 'in-reply-to': 't', 'content': 'thakkar_at_isi_edu_email_thakkar_at_isi_edu TEAMCORE'}thakkar_at_isi_edu_email_thakkar_at_isi_edu, TEAMCORE
Mon Apr 21 17:53:12 2003: Registration successful: thakkar_at_isi_edu_email_thakkar_at_isi_edu
Mon Apr 21 17:53:12 2003: Router for thakkar_at_isi_edu_email_thakkar_at_isi_edu running...
Mon Apr 21 17:53:12 2003: Sending message: (ask-one :sender thakkar_at_isi_edu_email_thakkar_at_isi_edu :reply-with t :content "proxy_thakkar_at_isi_edu")
Mon Apr 21 17:53:12 2003: Received: {'receiver': 'thakkar_at_isi_edu_email_thakkar_at_isi_edu', 'performative': 'reply', 'sender': 'TEAMCORE', 'in-reply-to': 't', 'content': 'proxy_thakkar_at_isi_edu:sangat.isi.edu:9991:'}
Mon Apr 21 17:53:12 2003: Sending message: (register :name email_thakkar_at_isi_edu :reply-with nil :agenttype device :receiver proxy_thakkar_at_isi_edu :user thakkar_at_isi_edu :sender thakkar_at_isi_edu_email_thakkar_at_isi_edu :direction (to user))
Mon Apr 21 17:53:14 2003: Received: {'receiver': 'thakkar_at_isi_edu_email_thakkar_at_isi_edu', 'performative': 'ask', 'sender': 'ping_thakkar_at_isi_edu_email_thakkar_at_isi_edu', 'reply-with': 'thakkar_at_isi_edu', 'content': 'hello'}
Mon Apr 21 17:53:14 2003: Processing message: {'receiver': 'thakkar_at_isi_edu_email_thakkar_at_isi_edu', 'performative': 'ask', 'sender': 'ping_thakkar_at_isi_edu_email_thakkar_at_isi_edu', 'reply-with': 'thakkar_at_isi_edu', 'content': 'hello'}
Mon Apr 21 17:53:14 2003: Replying: (sorry :reply-with nil :in-reply-to thakkar_at_isi_edu :receiver ping_thakkar_at_isi_edu_email_thakkar_at_isi_edu :sender thakkar_at_isi_edu_email_thakkar_at_isi_edu :comment "Unintelligible query")
Mon Apr 21 17:56:13 2003: Received: {'receiver': 'thakkar_at_isi_edu_email_thakkar_at_isi_edu', 'performative': 'ask', 'sender': 'ping_thakkar_at_isi_edu_email_thakkar_at_isi_edu', 'reply-with': 'thakkar_at_isi_edu', 'content': 'hello'}
Mon Apr 21 17:56:13 2003: Processing message: {'receiver': 'thakkar_at_isi_edu_email_thakkar_at_isi_edu', 'performative': 'ask', 'sender': 'ping_thakkar_at_isi_edu_email_thakkar_at_isi_edu', 'reply-with': 'thakkar_at_isi_edu', 'content': 'hello'}
Mon Apr 21 17:56:13 2003: Replying: (sorry :reply-with nil :in-reply-to thakkar_at_isi_edu :receiver ping_thakkar_at_isi_edu_email_thakkar_at_isi_edu :sender thakkar_at_isi_edu_email_thakkar_at_isi_edu :comment "Unintelligible query")
Fri Aug 15 11:57:46 2003: Received: {'receiver': 'thakkar_at_isi_edu_email_thakkar_at_isi_edu', 'performative': 'kqml-admin', 'sender': 'TEAMCORE', 'kqml-msg-id': '23912+vibhagam.isi.edu+54', 'reply-with': 't', 'content': 'name'}
