Mon Jan 07 21:49:04 2002: Using ANS: ('vibhagam', 5500)
Mon Jan 07 21:49:04 2002: Bound to host/port: vibhagam.isi.edu:6668
Mon Jan 07 21:49:04 2002: Sending message: (register :ontology tcp-ip :sender elves_at_isi_edu_palm :reply-with t :content "elves_at_isi_edu_palm vibhagam.isi.edu:6668")
Mon Jan 07 21:49:04 2002: Received: {'receiver': 'elves_at_isi_edu_palm', 'performative': 'error', 'sender': 'TEAMCORE', 'in-reply-to': 't', 'content': 'handler encountered error'}
Mon Jan 07 21:49:04 2002: Registration produced: {'receiver': 'elves_at_isi_edu_palm', 'performative': 'error', 'sender': 'TEAMCORE', 'in-reply-to': 't', 'content': 'handler encountered error'}
Mon Jan 07 21:49:04 2002: Sending message: (unregister :sender elves_at_isi_edu_palm :ontology tcp-ip :reply-with nil :content elves_at_isi_edu_palm)
Mon Jan 07 21:49:04 2002: Sending message: (register :sender elves_at_isi_edu_palm :ontology tcp-ip :reply-with t :content (elves_at_isi_edu_palm vibhagam.isi.edu:6668))
Mon Jan 07 21:49:04 2002: Received: {'receiver': 'elves_at_isi_edu_palm', 'performative': 'reply', 'sender': 'TEAMCORE', 'in-reply-to': 't', 'content': 'elves_at_isi_edu_palm TEAMCORE'}
Mon Jan 07 21:49:04 2002: Registration produced: {'receiver': 'elves_at_isi_edu_palm', 'performative': 'reply', 'sender': 'TEAMCORE', 'in-reply-to': 't', 'content': 'elves_at_isi_edu_palm TEAMCORE'}elves_at_isi_edu_palm, TEAMCORE
Mon Jan 07 21:49:04 2002: Registration successful: elves_at_isi_edu_palm
Mon Jan 07 21:49:04 2002: Sending message: (ask-one :sender elves_at_isi_edu_palm :reply-with t :content "proxy_elves_at_isi_edu")
Mon Jan 07 21:49:04 2002: Received: {'receiver': 'elves_at_isi_edu_palm', 'performative': 'sorry', 'sender': 'TEAMCORE', 'in-reply-to': 't'}
Mon Jan 07 21:49:04 2002: No registered agent: proxy_elves_at_isi_edu
Mon Jan 07 21:49:04 2002: Router for elves_at_isi_edu_palm running...
Mon Jan 07 21:49:37 2002: Received: {'performative': 'tell', 'type': 'schedule', 'reply-with': 'nil', 'receiver': 'elves_at_isi_edu_palm', 'user': 'pynadath_at_isi_edu', 'sender': 'pyKQML-agent', 'content': 'Start: 01/07/2002/19:00 name: meeting1 team: Pynadath-other-team my_location: 923 location: not_ISI user_role: active-participant most_important: pynadath num_attendees: 2 frequency: weekly Outoftown: 0 presenter_capability: high subject_interest: high subject: unknown state: Inactive\012Start: 01/07/2002/16:00 name: meeting2 team: Pynadath-other-team my_location: 923 location: not_ISI user_role: active-participant most_important: pynadath num_attendees: 2 frequency: weekly Outoftown: 0 presenter_capability: high subject_interest: high subject: unknown state: Inactive\012Start: 01/07/2002/16:00 name: meeting3 team: Pynadath-other-team my_location: 923 location: not_ISI user_role: active-participant most_important: pynadath num_attendees: 2 frequency: weekly Outoftown: 0 presenter_capability: high subject_interest: high subject: unknown state: Inactive\012'}
Mon Jan 07 21:49:37 2002: Processing message: {'performative': 'tell', 'type': 'schedule', 'reply-with': 'nil', 'receiver': 'elves_at_isi_edu_palm', 'user': 'pynadath_at_isi_edu', 'sender': 'pyKQML-agent', 'content': 'Start: 01/07/2002/19:00 name: meeting1 team: Pynadath-other-team my_location: 923 location: not_ISI user_role: active-participant most_important: pynadath num_attendees: 2 frequency: weekly Outoftown: 0 presenter_capability: high subject_interest: high subject: unknown state: Inactive\012Start: 01/07/2002/16:00 name: meeting2 team: Pynadath-other-team my_location: 923 location: not_ISI user_role: active-participant most_important: pynadath num_attendees: 2 frequency: weekly Outoftown: 0 presenter_capability: high subject_interest: high subject: unknown state: Inactive\012Start: 01/07/2002/16:00 name: meeting3 team: Pynadath-other-team my_location: 923 location: not_ISI user_role: active-participant most_important: pynadath num_attendees: 2 frequency: weekly Outoftown: 0 presenter_capability: high subject_interest: high subject: unknown state: Inactive\012'}
Mon Jan 07 21:49:37 2002: pynadath@isi.edu has schedule Start: 01/07/2002/19:00 name: meeting1 team: Pynadath-other-team my_location: 923 location: not_ISI user_role: active-participant most_important: pynadath num_attendees: 2 frequency: weekly Outoftown: 0 presenter_capability: high subject_interest: high subject: unknown state: Inactive
Start: 01/07/2002/16:00 name: meeting2 team: Pynadath-other-team my_location: 923 location: not_ISI user_role: active-participant most_important: pynadath num_attendees: 2 frequency: weekly Outoftown: 0 presenter_capability: high subject_interest: high subject: unknown state: Inactive
Start: 01/07/2002/16:00 name: meeting3 team: Pynadath-other-team my_location: 923 location: not_ISI user_role: active-participant most_important: pynadath num_attendees: 2 frequency: weekly Outoftown: 0 presenter_capability: high subject_interest: high subject: unknown state: Inactive

Mon Jan 07 21:50:13 2002: Sending message: (ask-one :sender elves_at_isi_edu_palm :reply-with t :content "proxy_elves_at_isi_edu")
Mon Jan 07 21:50:13 2002: Received: {'receiver': 'elves_at_isi_edu_palm', 'performative': 'sorry', 'sender': 'TEAMCORE', 'in-reply-to': 't'}
Mon Jan 07 21:50:13 2002: No registered agent: proxy_elves_at_isi_edu
Mon Jan 07 21:50:13 2002: Router elves_at_isi_edu_palm exiting...
Mon Jan 07 21:50:13 2002: Sending message: (unregister :receiver TEAMCORE :sender elves_at_isi_edu_palm :ontology tcp-ip :reply-with nil :content elves_at_isi_edu_palm)
Mon Jan 07 21:50:13 2002: Exiting...
Mon Jan 07 21:50:22 2002: Using ANS: ('vibhagam', 5500)
Mon Jan 07 21:50:22 2002: Bound to host/port: vibhagam.isi.edu:6668
Mon Jan 07 21:50:22 2002: Sending message: (register :ontology tcp-ip :sender elves_at_isi_edu_palm :reply-with t :content "elves_at_isi_edu_palm vibhagam.isi.edu:6668")
Mon Jan 07 21:50:22 2002: Received: {'receiver': 'elves_at_isi_edu_palm', 'performative': 'error', 'sender': 'TEAMCORE', 'in-reply-to': 't', 'content': 'handler encountered error'}
Mon Jan 07 21:50:22 2002: Registration produced: {'receiver': 'elves_at_isi_edu_palm', 'performative': 'error', 'sender': 'TEAMCORE', 'in-reply-to': 't', 'content': 'handler encountered error'}
Mon Jan 07 21:50:22 2002: Sending message: (unregister :sender elves_at_isi_edu_palm :ontology tcp-ip :reply-with nil :content elves_at_isi_edu_palm)
Mon Jan 07 21:50:22 2002: Sending message: (register :sender elves_at_isi_edu_palm :ontology tcp-ip :reply-with t :content (elves_at_isi_edu_palm vibhagam.isi.edu:6668))
Mon Jan 07 21:50:22 2002: Received: {'receiver': 'elves_at_isi_edu_palm', 'performative': 'reply', 'sender': 'TEAMCORE', 'in-reply-to': 't', 'content': 'elves_at_isi_edu_palm TEAMCORE'}
Mon Jan 07 21:50:22 2002: Registration produced: {'receiver': 'elves_at_isi_edu_palm', 'performative': 'reply', 'sender': 'TEAMCORE', 'in-reply-to': 't', 'content': 'elves_at_isi_edu_palm TEAMCORE'}elves_at_isi_edu_palm, TEAMCORE
Mon Jan 07 21:50:22 2002: Registration successful: elves_at_isi_edu_palm
Mon Jan 07 21:50:23 2002: Sending message: (ask-one :sender elves_at_isi_edu_palm :reply-with t :content "proxy_elves_at_isi_edu")
Mon Jan 07 21:50:23 2002: Received: {'receiver': 'elves_at_isi_edu_palm', 'performative': 'sorry', 'sender': 'TEAMCORE', 'in-reply-to': 't'}
Mon Jan 07 21:50:23 2002: No registered agent: proxy_elves_at_isi_edu
Mon Jan 07 21:50:23 2002: Router for elves_at_isi_edu_palm running...
Mon Jan 07 21:50:27 2002: Received: {'performative': 'tell', 'type': 'schedule', 'reply-with': 'nil', 'receiver': 'elves_at_isi_edu_palm', 'user': 'pynadath_at_isi_edu', 'sender': 'pyKQML-agent', 'content': 'Start: 01/07/2002/19:00 name: meeting1 team: Pynadath-other-team my_location: 923 location: not_ISI user_role: active-participant most_important: pynadath num_attendees: 2 frequency: weekly Outoftown: 0 presenter_capability: high subject_interest: high subject: unknown state: Inactive\012Start: 01/07/2002/16:00 name: meeting2 team: Pynadath-other-team my_location: 923 location: not_ISI user_role: active-participant most_important: pynadath num_attendees: 2 frequency: weekly Outoftown: 0 presenter_capability: high subject_interest: high subject: unknown state: Inactive\012Start: 01/07/2002/16:00 name: meeting3 team: Pynadath-other-team my_location: 923 location: not_ISI user_role: active-participant most_important: pynadath num_attendees: 2 frequency: weekly Outoftown: 0 presenter_capability: high subject_interest: high subject: unknown state: Inactive\012'}
Mon Jan 07 21:50:27 2002: Processing message: {'performative': 'tell', 'type': 'schedule', 'reply-with': 'nil', 'receiver': 'elves_at_isi_edu_palm', 'user': 'pynadath_at_isi_edu', 'sender': 'pyKQML-agent', 'content': 'Start: 01/07/2002/19:00 name: meeting1 team: Pynadath-other-team my_location: 923 location: not_ISI user_role: active-participant most_important: pynadath num_attendees: 2 frequency: weekly Outoftown: 0 presenter_capability: high subject_interest: high subject: unknown state: Inactive\012Start: 01/07/2002/16:00 name: meeting2 team: Pynadath-other-team my_location: 923 location: not_ISI user_role: active-participant most_important: pynadath num_attendees: 2 frequency: weekly Outoftown: 0 presenter_capability: high subject_interest: high subject: unknown state: Inactive\012Start: 01/07/2002/16:00 name: meeting3 team: Pynadath-other-team my_location: 923 location: not_ISI user_role: active-participant most_important: pynadath num_attendees: 2 frequency: weekly Outoftown: 0 presenter_capability: high subject_interest: high subject: unknown state: Inactive\012'}
Mon Jan 07 21:50:27 2002: pynadath@isi.edu has schedule Start: 01/07/2002/19:00 name: meeting1 team: Pynadath-other-team my_location: 923 location: not_ISI user_role: active-participant most_important: pynadath num_attendees: 2 frequency: weekly Outoftown: 0 presenter_capability: high subject_interest: high subject: unknown state: Inactive
Start: 01/07/2002/16:00 name: meeting2 team: Pynadath-other-team my_location: 923 location: not_ISI user_role: active-participant most_important: pynadath num_attendees: 2 frequency: weekly Outoftown: 0 presenter_capability: high subject_interest: high subject: unknown state: Inactive
Start: 01/07/2002/16:00 name: meeting3 team: Pynadath-other-team my_location: 923 location: not_ISI user_role: active-participant most_important: pynadath num_attendees: 2 frequency: weekly Outoftown: 0 presenter_capability: high subject_interest: high subject: unknown state: Inactive

Mon Jan 07 21:52:04 2002: Sending message: (ask-one :sender elves_at_isi_edu_palm :reply-with t :content "proxy_elves_at_isi_edu")
Mon Jan 07 21:52:04 2002: Received: {'receiver': 'elves_at_isi_edu_palm', 'performative': 'sorry', 'sender': 'TEAMCORE', 'in-reply-to': 't'}
Mon Jan 07 21:52:04 2002: No registered agent: proxy_elves_at_isi_edu
Mon Jan 07 21:52:04 2002: Router elves_at_isi_edu_palm exiting...
Mon Jan 07 21:52:04 2002: Sending message: (unregister :receiver TEAMCORE :sender elves_at_isi_edu_palm :ontology tcp-ip :reply-with nil :content elves_at_isi_edu_palm)
Mon Jan 07 21:52:04 2002: Exiting...
Mon Jan 07 21:52:11 2002: Using ANS: ('vibhagam', 5500)
Mon Jan 07 21:52:11 2002: Bound to host/port: vibhagam.isi.edu:6668
Mon Jan 07 21:52:11 2002: Sending message: (register :ontology tcp-ip :sender elves_at_isi_edu_palm :reply-with t :content "elves_at_isi_edu_palm vibhagam.isi.edu:6668")
Mon Jan 07 21:52:11 2002: Received: {'receiver': 'elves_at_isi_edu_palm', 'performative': 'error', 'sender': 'TEAMCORE', 'in-reply-to': 't', 'content': 'handler encountered error'}
Mon Jan 07 21:52:11 2002: Registration produced: {'receiver': 'elves_at_isi_edu_palm', 'performative': 'error', 'sender': 'TEAMCORE', 'in-reply-to': 't', 'content': 'handler encountered error'}
Mon Jan 07 21:52:11 2002: Sending message: (unregister :sender elves_at_isi_edu_palm :ontology tcp-ip :reply-with nil :content elves_at_isi_edu_palm)
Mon Jan 07 21:52:11 2002: Sending message: (register :sender elves_at_isi_edu_palm :ontology tcp-ip :reply-with t :content (elves_at_isi_edu_palm vibhagam.isi.edu:6668))
Mon Jan 07 21:52:11 2002: Received: {'receiver': 'elves_at_isi_edu_palm', 'performative': 'reply', 'sender': 'TEAMCORE', 'in-reply-to': 't', 'content': 'elves_at_isi_edu_palm TEAMCORE'}
Mon Jan 07 21:52:11 2002: Registration produced: {'receiver': 'elves_at_isi_edu_palm', 'performative': 'reply', 'sender': 'TEAMCORE', 'in-reply-to': 't', 'content': 'elves_at_isi_edu_palm TEAMCORE'}elves_at_isi_edu_palm, TEAMCORE
Mon Jan 07 21:52:11 2002: Registration successful: elves_at_isi_edu_palm
Mon Jan 07 21:52:11 2002: Sending message: (ask-one :sender elves_at_isi_edu_palm :reply-with t :content "proxy_elves_at_isi_edu")
Mon Jan 07 21:52:11 2002: Received: {'receiver': 'elves_at_isi_edu_palm', 'performative': 'sorry', 'sender': 'TEAMCORE', 'in-reply-to': 't'}
Mon Jan 07 21:52:11 2002: No registered agent: proxy_elves_at_isi_edu
Mon Jan 07 21:52:11 2002: Router for elves_at_isi_edu_palm running...
Mon Jan 07 21:52:14 2002: Received: {'performative': 'tell', 'type': 'schedule', 'reply-with': 'nil', 'receiver': 'elves_at_isi_edu_palm', 'user': 'pynadath_at_isi_edu', 'sender': 'pyKQML-agent', 'content': 'Start: 01/07/2002/19:00 name: meeting1 team: Pynadath-other-team my_location: 923 location: not_ISI user_role: active-participant most_important: pynadath num_attendees: 2 frequency: weekly Outoftown: 0 presenter_capability: high subject_interest: high subject: unknown state: Inactive\012Start: 01/07/2002/16:00 name: meeting2 team: Pynadath-other-team my_location: 923 location: not_ISI user_role: active-participant most_important: pynadath num_attendees: 2 frequency: weekly Outoftown: 0 presenter_capability: high subject_interest: high subject: unknown state: Inactive\012Start: 01/07/2002/16:00 name: meeting3 team: Pynadath-other-team my_location: 923 location: not_ISI user_role: active-participant most_important: pynadath num_attendees: 2 frequency: weekly Outoftown: 0 presenter_capability: high subject_interest: high subject: unknown state: Inactive\012'}
Mon Jan 07 21:52:14 2002: Processing message: {'performative': 'tell', 'type': 'schedule', 'reply-with': 'nil', 'receiver': 'elves_at_isi_edu_palm', 'user': 'pynadath_at_isi_edu', 'sender': 'pyKQML-agent', 'content': 'Start: 01/07/2002/19:00 name: meeting1 team: Pynadath-other-team my_location: 923 location: not_ISI user_role: active-participant most_important: pynadath num_attendees: 2 frequency: weekly Outoftown: 0 presenter_capability: high subject_interest: high subject: unknown state: Inactive\012Start: 01/07/2002/16:00 name: meeting2 team: Pynadath-other-team my_location: 923 location: not_ISI user_role: active-participant most_important: pynadath num_attendees: 2 frequency: weekly Outoftown: 0 presenter_capability: high subject_interest: high subject: unknown state: Inactive\012Start: 01/07/2002/16:00 name: meeting3 team: Pynadath-other-team my_location: 923 location: not_ISI user_role: active-participant most_important: pynadath num_attendees: 2 frequency: weekly Outoftown: 0 presenter_capability: high subject_interest: high subject: unknown state: Inactive\012'}
Mon Jan 07 21:52:14 2002: pynadath@isi.edu has schedule Start: 01/07/2002/19:00 name: meeting1 team: Pynadath-other-team my_location: 923 location: not_ISI user_role: active-participant most_important: pynadath num_attendees: 2 frequency: weekly Outoftown: 0 presenter_capability: high subject_interest: high subject: unknown state: Inactive
Start: 01/07/2002/16:00 name: meeting2 team: Pynadath-other-team my_location: 923 location: not_ISI user_role: active-participant most_important: pynadath num_attendees: 2 frequency: weekly Outoftown: 0 presenter_capability: high subject_interest: high subject: unknown state: Inactive
Start: 01/07/2002/16:00 name: meeting3 team: Pynadath-other-team my_location: 923 location: not_ISI user_role: active-participant most_important: pynadath num_attendees: 2 frequency: weekly Outoftown: 0 presenter_capability: high subject_interest: high subject: unknown state: Inactive

Mon Jan 07 21:53:15 2002: Sending message: (ask-one :sender elves_at_isi_edu_palm :reply-with t :content "proxy_elves_at_isi_edu")
Mon Jan 07 21:53:15 2002: Received: {'receiver': 'elves_at_isi_edu_palm', 'performative': 'sorry', 'sender': 'TEAMCORE', 'in-reply-to': 't'}
Mon Jan 07 21:53:15 2002: No registered agent: proxy_elves_at_isi_edu
Mon Jan 07 21:53:15 2002: Router elves_at_isi_edu_palm exiting...
Mon Jan 07 21:53:15 2002: Sending message: (unregister :receiver TEAMCORE :sender elves_at_isi_edu_palm :ontology tcp-ip :reply-with nil :content elves_at_isi_edu_palm)
Mon Jan 07 21:53:15 2002: Exiting...
