Mon Jun 03 11:03:55 2002: Using ANS: ('vibhagam.isi.edu', 5500)
Mon Jun 03 11:03:55 2002: Bound to host/port: sangat.isi.edu:6690
Mon Jun 03 11:03:55 2002: Sending message: (register :ontology tcp-ip :sender ddyer_at_darpa_mil_email_ddyer_at_darpa_mil :reply-with t :content "ddyer_at_darpa_mil_email_ddyer_at_darpa_mil sangat.isi.edu:6690")
Mon Jun 03 11:03:55 2002: Received: {'receiver': 'ddyer_at_darpa_mil_email_ddyer_at_darpa_mil', 'performative': 'error', 'sender': 'TEAMCORE', 'in-reply-to': 't', 'content': 'handler encountered error'}
Mon Jun 03 11:03:55 2002: Registration produced: {'receiver': 'ddyer_at_darpa_mil_email_ddyer_at_darpa_mil', 'performative': 'error', 'sender': 'TEAMCORE', 'in-reply-to': 't', 'content': 'handler encountered error'}
Mon Jun 03 11:03:55 2002: Sending message: (unregister :sender ddyer_at_darpa_mil_email_ddyer_at_darpa_mil :ontology tcp-ip :reply-with nil :content ddyer_at_darpa_mil_email_ddyer_at_darpa_mil)
Mon Jun 03 11:03:55 2002: Sending message: (register :sender ddyer_at_darpa_mil_email_ddyer_at_darpa_mil :ontology tcp-ip :reply-with t :content (ddyer_at_darpa_mil_email_ddyer_at_darpa_mil sangat.isi.edu:6690))
Mon Jun 03 11:03:55 2002: Received: {'receiver': 'ddyer_at_darpa_mil_email_ddyer_at_darpa_mil', 'performative': 'reply', 'sender': 'TEAMCORE', 'in-reply-to': 't', 'content': 'ddyer_at_darpa_mil_email_ddyer_at_darpa_mil TEAMCORE'}
Mon Jun 03 11:03:55 2002: Registration produced: {'receiver': 'ddyer_at_darpa_mil_email_ddyer_at_darpa_mil', 'performative': 'reply', 'sender': 'TEAMCORE', 'in-reply-to': 't', 'content': 'ddyer_at_darpa_mil_email_ddyer_at_darpa_mil TEAMCORE'}ddyer_at_darpa_mil_email_ddyer_at_darpa_mil, TEAMCORE
Mon Jun 03 11:03:55 2002: Registration successful: ddyer_at_darpa_mil_email_ddyer_at_darpa_mil
Mon Jun 03 11:03:55 2002: Router for ddyer_at_darpa_mil_email_ddyer_at_darpa_mil running...
Mon Jun 03 11:03:55 2002: Sending message: (ask-one :sender ddyer_at_darpa_mil_email_ddyer_at_darpa_mil :reply-with t :content "proxy_ddyer_at_darpa_mil")
Mon Jun 03 11:03:55 2002: Received: {'receiver': 'ddyer_at_darpa_mil_email_ddyer_at_darpa_mil', 'performative': 'reply', 'sender': 'TEAMCORE', 'in-reply-to': 't', 'content': 'proxy_ddyer_at_darpa_mil:sangat.isi.edu:9992:'}
Mon Jun 03 11:03:55 2002: Sending message: (register :name email_ddyer_at_darpa_mil :reply-with nil :agenttype device :receiver proxy_ddyer_at_darpa_mil :user ddyer_at_darpa_mil :sender ddyer_at_darpa_mil_email_ddyer_at_darpa_mil :direction (to user))
Thu Jun 06 14:45:57 2002: Received: {'receiver': 'ddyer_at_darpa_mil_email_ddyer_at_darpa_mil', 'performative': 'ask', 'sender': 'ping_ddyer_at_darpa_mil_email_ddyer_at_darpa_mil', 'reply-with': 'ddyer_at_darpa_mil', 'content': 'hello'}
Thu Jun 06 14:45:57 2002: Processing message: {'receiver': 'ddyer_at_darpa_mil_email_ddyer_at_darpa_mil', 'performative': 'ask', 'sender': 'ping_ddyer_at_darpa_mil_email_ddyer_at_darpa_mil', 'reply-with': 'ddyer_at_darpa_mil', 'content': 'hello'}
Thu Jun 06 14:45:57 2002: Replying: (sorry :reply-with nil :in-reply-to ddyer_at_darpa_mil :receiver ping_ddyer_at_darpa_mil_email_ddyer_at_darpa_mil :sender ddyer_at_darpa_mil_email_ddyer_at_darpa_mil :comment "Unintelligible query")
Fri Jun 07 06:21:03 2002: Received: {'subject': 'United Airlines flight 188', 'performative': 'tell', 'reply-with': 'nil', 'receiver': 'ddyer_at_darpa_mil_email_ddyer_at_darpa_mil', 'user': 'ddyer@darpa.mil', 'sender': 'proxy_ddyer_at_darpa_mil', 'deadline': '10000', 'shortcontent': 'United Airlines flight 188 departs SFO<br/> on-time at 8:35 AM Gate 87 and <br/>arrives IAD at 4:48 PM Gate D5.', 'content': 'Dear ddyer_at_darpa_mil,<br/><br/>Your United Airlines flight 188 is still scheduled to depart on-time at 8:35 AM Gate and is scheduled to arrive at 4:48 PM Gate .<br/><br/> -- Your personal elf'}
Fri Jun 07 06:21:03 2002: Processing message: {'subject': 'United Airlines flight 188', 'performative': 'tell', 'reply-with': 'nil', 'receiver': 'ddyer_at_darpa_mil_email_ddyer_at_darpa_mil', 'user': 'ddyer@darpa.mil', 'sender': 'proxy_ddyer_at_darpa_mil', 'deadline': '10000', 'shortcontent': 'United Airlines flight 188 departs SFO<br/> on-time at 8:35 AM Gate 87 and <br/>arrives IAD at 4:48 PM Gate D5.', 'content': 'Dear ddyer_at_darpa_mil,<br/><br/>Your United Airlines flight 188 is still scheduled to depart on-time at 8:35 AM Gate and is scheduled to arrive at 4:48 PM Gate .<br/><br/> -- Your personal elf'}
Fri Jun 07 06:21:04 2002: Message for user ID: ddyer@darpa.mil
Fri Jun 07 06:21:04 2002: User name: Doug Dyer
Mon Jun 10 12:50:55 2002: Received: {'receiver': 'ddyer_at_darpa_mil_email_ddyer_at_darpa_mil', 'performative': 'kqml-admin', 'sender': 'TEAMCORE', 'kqml-msg-id': '699+vibhagam.isi.edu+56', 'reply-with': 't', 'content': 'name'}
Mon Jun 10 13:19:47 2002: Using ANS: ('vibhagam', 5500)
Mon Jun 10 13:19:47 2002: Bound to host/port: sangat.isi.edu:6672
Mon Jun 10 13:19:47 2002: Sending message: (register :ontology tcp-ip :sender ddyer_at_darpa_mil_email_ddyer_at_darpa_mil :reply-with t :content "ddyer_at_darpa_mil_email_ddyer_at_darpa_mil sangat.isi.edu:6672")
Mon Jun 10 13:19:47 2002: Received: {'receiver': 'ddyer_at_darpa_mil_email_ddyer_at_darpa_mil', 'performative': 'error', 'sender': 'TEAMCORE', 'in-reply-to': 't', 'content': 'handler encountered error'}
Mon Jun 10 13:19:47 2002: Registration produced: {'receiver': 'ddyer_at_darpa_mil_email_ddyer_at_darpa_mil', 'performative': 'error', 'sender': 'TEAMCORE', 'in-reply-to': 't', 'content': 'handler encountered error'}
Mon Jun 10 13:19:47 2002: Sending message: (unregister :sender ddyer_at_darpa_mil_email_ddyer_at_darpa_mil :ontology tcp-ip :reply-with nil :content ddyer_at_darpa_mil_email_ddyer_at_darpa_mil)
Mon Jun 10 13:19:47 2002: Sending message: (register :sender ddyer_at_darpa_mil_email_ddyer_at_darpa_mil :ontology tcp-ip :reply-with t :content (ddyer_at_darpa_mil_email_ddyer_at_darpa_mil sangat.isi.edu:6672))
Mon Jun 10 13:19:47 2002: Received: {'receiver': 'ddyer_at_darpa_mil_email_ddyer_at_darpa_mil', 'performative': 'reply', 'sender': 'TEAMCORE', 'in-reply-to': 't', 'content': 'ddyer_at_darpa_mil_email_ddyer_at_darpa_mil TEAMCORE'}
Mon Jun 10 13:19:47 2002: Registration produced: {'receiver': 'ddyer_at_darpa_mil_email_ddyer_at_darpa_mil', 'performative': 'reply', 'sender': 'TEAMCORE', 'in-reply-to': 't', 'content': 'ddyer_at_darpa_mil_email_ddyer_at_darpa_mil TEAMCORE'}ddyer_at_darpa_mil_email_ddyer_at_darpa_mil, TEAMCORE
Mon Jun 10 13:19:47 2002: Registration successful: ddyer_at_darpa_mil_email_ddyer_at_darpa_mil
Mon Jun 10 13:19:47 2002: Router for ddyer_at_darpa_mil_email_ddyer_at_darpa_mil running...
Mon Jun 10 13:19:47 2002: Sending message: (ask-one :sender ddyer_at_darpa_mil_email_ddyer_at_darpa_mil :reply-with t :content "proxy_ddyer_at_darpa_mil")
Mon Jun 10 13:19:47 2002: Received: {'receiver': 'ddyer_at_darpa_mil_email_ddyer_at_darpa_mil', 'performative': 'reply', 'sender': 'TEAMCORE', 'in-reply-to': 't', 'content': 'proxy_ddyer_at_darpa_mil:sangat.isi.edu:9991:'}
Mon Jun 10 13:19:47 2002: Sending message: (register :name email_ddyer_at_darpa_mil :reply-with nil :agenttype device :receiver proxy_ddyer_at_darpa_mil :user ddyer_at_darpa_mil :sender ddyer_at_darpa_mil_email_ddyer_at_darpa_mil :direction (to user))
Mon Jun 10 13:19:48 2002: Received: {'receiver': 'ddyer_at_darpa_mil_email_ddyer_at_darpa_mil', 'performative': 'ask', 'sender': 'ping_ddyer_at_darpa_mil_email_ddyer_at_darpa_mil', 'reply-with': 'ddyer_at_darpa_mil', 'content': 'hello'}
Mon Jun 10 13:19:48 2002: Processing message: {'receiver': 'ddyer_at_darpa_mil_email_ddyer_at_darpa_mil', 'performative': 'ask', 'sender': 'ping_ddyer_at_darpa_mil_email_ddyer_at_darpa_mil', 'reply-with': 'ddyer_at_darpa_mil', 'content': 'hello'}
Mon Jun 10 13:19:48 2002: Replying: (sorry :reply-with nil :in-reply-to ddyer_at_darpa_mil :receiver ping_ddyer_at_darpa_mil_email_ddyer_at_darpa_mil :sender ddyer_at_darpa_mil_email_ddyer_at_darpa_mil :comment "Unintelligible query")
Mon Jun 10 13:23:13 2002: Received: {'receiver': 'ddyer_at_darpa_mil_email_ddyer_at_darpa_mil', 'performative': 'ask', 'sender': 'ping_ddyer_at_darpa_mil_email_ddyer_at_darpa_mil', 'reply-with': 'ddyer_at_darpa_mil', 'content': 'hello'}
Mon Jun 10 13:23:13 2002: Processing message: {'receiver': 'ddyer_at_darpa_mil_email_ddyer_at_darpa_mil', 'performative': 'ask', 'sender': 'ping_ddyer_at_darpa_mil_email_ddyer_at_darpa_mil', 'reply-with': 'ddyer_at_darpa_mil', 'content': 'hello'}
Mon Jun 10 13:23:13 2002: Replying: (sorry :reply-with nil :in-reply-to ddyer_at_darpa_mil :receiver ping_ddyer_at_darpa_mil_email_ddyer_at_darpa_mil :sender ddyer_at_darpa_mil_email_ddyer_at_darpa_mil :comment "Unintelligible query")
Wed Jun 12 11:55:52 2002: Received: {'receiver': 'ddyer_at_darpa_mil_email_ddyer_at_darpa_mil', 'performative': 'ask', 'sender': 'ping_ddyer_at_darpa_mil_email_ddyer_at_darpa_mil', 'reply-with': 'ddyer_at_darpa_mil', 'content': 'hello'}
Wed Jun 12 11:55:52 2002: Processing message: {'receiver': 'ddyer_at_darpa_mil_email_ddyer_at_darpa_mil', 'performative': 'ask', 'sender': 'ping_ddyer_at_darpa_mil_email_ddyer_at_darpa_mil', 'reply-with': 'ddyer_at_darpa_mil', 'content': 'hello'}
Wed Jun 12 11:55:52 2002: Replying: (sorry :reply-with nil :in-reply-to ddyer_at_darpa_mil :receiver ping_ddyer_at_darpa_mil_email_ddyer_at_darpa_mil :sender ddyer_at_darpa_mil_email_ddyer_at_darpa_mil :comment "Unintelligible query")
Fri Jun 21 17:40:01 2002: Received: {'receiver': 'ddyer_at_darpa_mil_email_ddyer_at_darpa_mil', 'performative': 'ask', 'sender': 'ping_ddyer_at_darpa_mil_email_ddyer_at_darpa_mil', 'reply-with': 'ddyer_at_darpa_mil', 'content': 'hello'}
Fri Jun 21 17:40:01 2002: Processing message: {'receiver': 'ddyer_at_darpa_mil_email_ddyer_at_darpa_mil', 'performative': 'ask', 'sender': 'ping_ddyer_at_darpa_mil_email_ddyer_at_darpa_mil', 'reply-with': 'ddyer_at_darpa_mil', 'content': 'hello'}
Fri Jun 21 17:40:02 2002: Replying: (sorry :reply-with nil :in-reply-to ddyer_at_darpa_mil :receiver ping_ddyer_at_darpa_mil_email_ddyer_at_darpa_mil :sender ddyer_at_darpa_mil_email_ddyer_at_darpa_mil :comment "Unintelligible query")
Mon Jun 24 17:25:02 2002: Received: {'receiver': 'ddyer_at_darpa_mil_email_ddyer_at_darpa_mil', 'performative': 'ask', 'sender': 'ping_ddyer_at_darpa_mil_email_ddyer_at_darpa_mil', 'reply-with': 'ddyer_at_darpa_mil', 'content': 'hello'}
Mon Jun 24 17:25:02 2002: Processing message: {'receiver': 'ddyer_at_darpa_mil_email_ddyer_at_darpa_mil', 'performative': 'ask', 'sender': 'ping_ddyer_at_darpa_mil_email_ddyer_at_darpa_mil', 'reply-with': 'ddyer_at_darpa_mil', 'content': 'hello'}
Mon Jun 24 17:25:02 2002: Replying: (sorry :reply-with nil :in-reply-to ddyer_at_darpa_mil :receiver ping_ddyer_at_darpa_mil_email_ddyer_at_darpa_mil :sender ddyer_at_darpa_mil_email_ddyer_at_darpa_mil :comment "Unintelligible query")
Tue Jun 25 09:58:40 2002: Received: {'receiver': 'ddyer_at_darpa_mil_email_ddyer_at_darpa_mil', 'performative': 'tell', 'sender': 'stop_ddyer_at_darpa_mil_email_ddyer_at_darpa_mil', 'reply-with': 'nil', 'content': 'stop'}
Tue Jun 25 09:58:40 2002: Processing message: {'receiver': 'ddyer_at_darpa_mil_email_ddyer_at_darpa_mil', 'performative': 'tell', 'sender': 'stop_ddyer_at_darpa_mil_email_ddyer_at_darpa_mil', 'reply-with': 'nil', 'content': 'stop'}
Tue Jun 25 09:58:41 2002: Sending message: (unregister :receiver proxy_ddyer_at_darpa_mil :name email_ddyer_at_darpa_mil :sender ddyer_at_darpa_mil_email_ddyer_at_darpa_mil :reply-with nil :user ddyer_at_darpa_mil)
Tue Jun 25 09:58:41 2002: Router ddyer_at_darpa_mil_email_ddyer_at_darpa_mil exiting...
Tue Jun 25 09:58:41 2002: Sending message: (unregister :receiver TEAMCORE :sender ddyer_at_darpa_mil_email_ddyer_at_darpa_mil :ontology tcp-ip :reply-with nil :content ddyer_at_darpa_mil_email_ddyer_at_darpa_mil)
Tue Jun 25 09:58:41 2002: Exiting...
Tue Jun 25 09:58:44 2002: Using ANS: ('vibhagam.isi.edu', 5500)
Tue Jun 25 09:58:44 2002: Bound to host/port: sangat.isi.edu:6670
Tue Jun 25 09:58:44 2002: Sending message: (register :ontology tcp-ip :sender ddyer_at_darpa_mil_email_ddyer_at_darpa_mil :reply-with t :content "ddyer_at_darpa_mil_email_ddyer_at_darpa_mil sangat.isi.edu:6670")
Tue Jun 25 09:58:44 2002: Received: {'receiver': 'ddyer_at_darpa_mil_email_ddyer_at_darpa_mil', 'performative': 'error', 'sender': 'TEAMCORE', 'in-reply-to': 't', 'content': 'handler encountered error'}
Tue Jun 25 09:58:44 2002: Registration produced: {'receiver': 'ddyer_at_darpa_mil_email_ddyer_at_darpa_mil', 'performative': 'error', 'sender': 'TEAMCORE', 'in-reply-to': 't', 'content': 'handler encountered error'}
Tue Jun 25 09:58:44 2002: Sending message: (unregister :sender ddyer_at_darpa_mil_email_ddyer_at_darpa_mil :ontology tcp-ip :reply-with nil :content ddyer_at_darpa_mil_email_ddyer_at_darpa_mil)
Tue Jun 25 09:58:44 2002: Sending message: (register :sender ddyer_at_darpa_mil_email_ddyer_at_darpa_mil :ontology tcp-ip :reply-with t :content (ddyer_at_darpa_mil_email_ddyer_at_darpa_mil sangat.isi.edu:6670))
Tue Jun 25 09:58:44 2002: Received: {'receiver': 'ddyer_at_darpa_mil_email_ddyer_at_darpa_mil', 'performative': 'reply', 'sender': 'TEAMCORE', 'in-reply-to': 't', 'content': 'ddyer_at_darpa_mil_email_ddyer_at_darpa_mil TEAMCORE'}
Tue Jun 25 09:58:44 2002: Registration produced: {'receiver': 'ddyer_at_darpa_mil_email_ddyer_at_darpa_mil', 'performative': 'reply', 'sender': 'TEAMCORE', 'in-reply-to': 't', 'content': 'ddyer_at_darpa_mil_email_ddyer_at_darpa_mil TEAMCORE'}ddyer_at_darpa_mil_email_ddyer_at_darpa_mil, TEAMCORE
Tue Jun 25 09:58:44 2002: Registration successful: ddyer_at_darpa_mil_email_ddyer_at_darpa_mil
Tue Jun 25 09:58:44 2002: Router for ddyer_at_darpa_mil_email_ddyer_at_darpa_mil running...
Tue Jun 25 09:58:44 2002: Sending message: (ask-one :sender ddyer_at_darpa_mil_email_ddyer_at_darpa_mil :reply-with t :content "proxy_ddyer_at_darpa_mil")
Tue Jun 25 09:58:44 2002: Received: {'receiver': 'ddyer_at_darpa_mil_email_ddyer_at_darpa_mil', 'performative': 'reply', 'sender': 'TEAMCORE', 'in-reply-to': 't', 'content': 'proxy_ddyer_at_darpa_mil:sangat.isi.edu:9991:'}
Tue Jun 25 09:58:44 2002: Sending message: (register :name email_ddyer_at_darpa_mil :reply-with nil :agenttype device :receiver proxy_ddyer_at_darpa_mil :user ddyer_at_darpa_mil :sender ddyer_at_darpa_mil_email_ddyer_at_darpa_mil :direction (to user))
Tue Jun 25 09:58:45 2002: Received: {'receiver': 'ddyer_at_darpa_mil_email_ddyer_at_darpa_mil', 'performative': 'ask', 'sender': 'ping_ddyer_at_darpa_mil_email_ddyer_at_darpa_mil', 'reply-with': 'ddyer_at_darpa_mil', 'content': 'hello'}
Tue Jun 25 09:58:45 2002: Processing message: {'receiver': 'ddyer_at_darpa_mil_email_ddyer_at_darpa_mil', 'performative': 'ask', 'sender': 'ping_ddyer_at_darpa_mil_email_ddyer_at_darpa_mil', 'reply-with': 'ddyer_at_darpa_mil', 'content': 'hello'}
Tue Jun 25 09:58:45 2002: Replying: (sorry :reply-with nil :in-reply-to ddyer_at_darpa_mil :receiver ping_ddyer_at_darpa_mil_email_ddyer_at_darpa_mil :sender ddyer_at_darpa_mil_email_ddyer_at_darpa_mil :comment "Unintelligible query")
Wed Jun 26 14:21:12 2002: Using ANS: ('vibhagam.isi.edu', 5500)
Wed Jun 26 14:21:12 2002: Bound to host/port: sangat.isi.edu:6668
Wed Jun 26 14:21:12 2002: Sending message: (register :ontology tcp-ip :sender ddyer_at_darpa_mil_email_ddyer_at_darpa_mil :reply-with t :content "ddyer_at_darpa_mil_email_ddyer_at_darpa_mil sangat.isi.edu:6668")
Wed Jun 26 14:21:12 2002: Received: {'receiver': 'ddyer_at_darpa_mil_email_ddyer_at_darpa_mil', 'performative': 'error', 'sender': 'TEAMCORE', 'in-reply-to': 't', 'content': 'handler encountered error'}
Wed Jun 26 14:21:12 2002: Registration produced: {'receiver': 'ddyer_at_darpa_mil_email_ddyer_at_darpa_mil', 'performative': 'error', 'sender': 'TEAMCORE', 'in-reply-to': 't', 'content': 'handler encountered error'}
Wed Jun 26 14:21:12 2002: Sending message: (unregister :sender ddyer_at_darpa_mil_email_ddyer_at_darpa_mil :ontology tcp-ip :reply-with nil :content ddyer_at_darpa_mil_email_ddyer_at_darpa_mil)
Wed Jun 26 14:21:12 2002: Sending message: (register :sender ddyer_at_darpa_mil_email_ddyer_at_darpa_mil :ontology tcp-ip :reply-with t :content (ddyer_at_darpa_mil_email_ddyer_at_darpa_mil sangat.isi.edu:6668))
Wed Jun 26 14:21:12 2002: Received: {'receiver': 'ddyer_at_darpa_mil_email_ddyer_at_darpa_mil', 'performative': 'reply', 'sender': 'TEAMCORE', 'in-reply-to': 't', 'content': 'ddyer_at_darpa_mil_email_ddyer_at_darpa_mil TEAMCORE'}
Wed Jun 26 14:21:12 2002: Registration produced: {'receiver': 'ddyer_at_darpa_mil_email_ddyer_at_darpa_mil', 'performative': 'reply', 'sender': 'TEAMCORE', 'in-reply-to': 't', 'content': 'ddyer_at_darpa_mil_email_ddyer_at_darpa_mil TEAMCORE'}ddyer_at_darpa_mil_email_ddyer_at_darpa_mil, TEAMCORE
Wed Jun 26 14:21:12 2002: Registration successful: ddyer_at_darpa_mil_email_ddyer_at_darpa_mil
Wed Jun 26 14:21:12 2002: Router for ddyer_at_darpa_mil_email_ddyer_at_darpa_mil running...
Wed Jun 26 14:21:12 2002: Sending message: (ask-one :sender ddyer_at_darpa_mil_email_ddyer_at_darpa_mil :reply-with t :content "proxy_ddyer_at_darpa_mil")
Wed Jun 26 14:21:12 2002: Received: {'receiver': 'ddyer_at_darpa_mil_email_ddyer_at_darpa_mil', 'performative': 'reply', 'sender': 'TEAMCORE', 'in-reply-to': 't', 'content': 'proxy_ddyer_at_darpa_mil:sangat.isi.edu:9991:'}
Wed Jun 26 14:21:12 2002: Sending message: (register :name email_ddyer_at_darpa_mil :reply-with nil :agenttype device :receiver proxy_ddyer_at_darpa_mil :user ddyer_at_darpa_mil :sender ddyer_at_darpa_mil_email_ddyer_at_darpa_mil :direction (to user))
Wed Jun 26 14:21:14 2002: Received: {'receiver': 'ddyer_at_darpa_mil_email_ddyer_at_darpa_mil', 'performative': 'ask', 'sender': 'ping_ddyer_at_darpa_mil_email_ddyer_at_darpa_mil', 'reply-with': 'ddyer_at_darpa_mil', 'content': 'hello'}
Wed Jun 26 14:21:14 2002: Processing message: {'receiver': 'ddyer_at_darpa_mil_email_ddyer_at_darpa_mil', 'performative': 'ask', 'sender': 'ping_ddyer_at_darpa_mil_email_ddyer_at_darpa_mil', 'reply-with': 'ddyer_at_darpa_mil', 'content': 'hello'}
Wed Jun 26 14:21:14 2002: Replying: (sorry :reply-with nil :in-reply-to ddyer_at_darpa_mil :receiver ping_ddyer_at_darpa_mil_email_ddyer_at_darpa_mil :sender ddyer_at_darpa_mil_email_ddyer_at_darpa_mil :comment "Unintelligible query")
Wed Jun 26 14:41:59 2002: Using ANS: ('vibhagam.isi.edu', 5500)
Wed Jun 26 14:41:59 2002: Bound to host/port: sangat.isi.edu:6668
Wed Jun 26 14:41:59 2002: Sending message: (register :ontology tcp-ip :sender ddyer_at_darpa_mil_email_ddyer_at_darpa_mil :reply-with t :content "ddyer_at_darpa_mil_email_ddyer_at_darpa_mil sangat.isi.edu:6668")
Wed Jun 26 14:41:59 2002: Received: {'receiver': 'ddyer_at_darpa_mil_email_ddyer_at_darpa_mil', 'performative': 'error', 'sender': 'TEAMCORE', 'in-reply-to': 't', 'content': 'handler encountered error'}
Wed Jun 26 14:41:59 2002: Registration produced: {'receiver': 'ddyer_at_darpa_mil_email_ddyer_at_darpa_mil', 'performative': 'error', 'sender': 'TEAMCORE', 'in-reply-to': 't', 'content': 'handler encountered error'}
Wed Jun 26 14:41:59 2002: Sending message: (unregister :sender ddyer_at_darpa_mil_email_ddyer_at_darpa_mil :ontology tcp-ip :reply-with nil :content ddyer_at_darpa_mil_email_ddyer_at_darpa_mil)
Wed Jun 26 14:41:59 2002: Sending message: (register :sender ddyer_at_darpa_mil_email_ddyer_at_darpa_mil :ontology tcp-ip :reply-with t :content (ddyer_at_darpa_mil_email_ddyer_at_darpa_mil sangat.isi.edu:6668))
Wed Jun 26 14:41:59 2002: Received: {'receiver': 'ddyer_at_darpa_mil_email_ddyer_at_darpa_mil', 'performative': 'reply', 'sender': 'TEAMCORE', 'in-reply-to': 't', 'content': 'ddyer_at_darpa_mil_email_ddyer_at_darpa_mil TEAMCORE'}
Wed Jun 26 14:41:59 2002: Registration produced: {'receiver': 'ddyer_at_darpa_mil_email_ddyer_at_darpa_mil', 'performative': 'reply', 'sender': 'TEAMCORE', 'in-reply-to': 't', 'content': 'ddyer_at_darpa_mil_email_ddyer_at_darpa_mil TEAMCORE'}ddyer_at_darpa_mil_email_ddyer_at_darpa_mil, TEAMCORE
Wed Jun 26 14:41:59 2002: Registration successful: ddyer_at_darpa_mil_email_ddyer_at_darpa_mil
Wed Jun 26 14:41:59 2002: Router for ddyer_at_darpa_mil_email_ddyer_at_darpa_mil running...
Wed Jun 26 14:41:59 2002: Sending message: (ask-one :sender ddyer_at_darpa_mil_email_ddyer_at_darpa_mil :reply-with t :content "proxy_ddyer_at_darpa_mil")
Wed Jun 26 14:41:59 2002: Received: {'receiver': 'ddyer_at_darpa_mil_email_ddyer_at_darpa_mil', 'performative': 'reply', 'sender': 'TEAMCORE', 'in-reply-to': 't', 'content': 'proxy_ddyer_at_darpa_mil:sangat.isi.edu:9991:'}
Wed Jun 26 14:41:59 2002: Sending message: (register :name email_ddyer_at_darpa_mil :reply-with nil :agenttype device :receiver proxy_ddyer_at_darpa_mil :user ddyer_at_darpa_mil :sender ddyer_at_darpa_mil_email_ddyer_at_darpa_mil :direction (to user))
Wed Jun 26 14:42:01 2002: Received: {'receiver': 'ddyer_at_darpa_mil_email_ddyer_at_darpa_mil', 'performative': 'ask', 'sender': 'ping_ddyer_at_darpa_mil_email_ddyer_at_darpa_mil', 'reply-with': 'ddyer_at_darpa_mil', 'content': 'hello'}
Wed Jun 26 14:42:01 2002: Processing message: {'receiver': 'ddyer_at_darpa_mil_email_ddyer_at_darpa_mil', 'performative': 'ask', 'sender': 'ping_ddyer_at_darpa_mil_email_ddyer_at_darpa_mil', 'reply-with': 'ddyer_at_darpa_mil', 'content': 'hello'}
Wed Jun 26 14:42:01 2002: Replying: (sorry :reply-with nil :in-reply-to ddyer_at_darpa_mil :receiver ping_ddyer_at_darpa_mil_email_ddyer_at_darpa_mil :sender ddyer_at_darpa_mil_email_ddyer_at_darpa_mil :comment "Unintelligible query")
Fri Jun 28 10:27:31 2002: Using ANS: ('vibhagam', 5500)
Fri Jun 28 10:27:31 2002: Bound to host/port: sangat.isi.edu:6669
Fri Jun 28 10:27:31 2002: Sending message: (register :ontology tcp-ip :sender ddyer_at_darpa_mil_email_ddyer_at_darpa_mil :reply-with t :content "ddyer_at_darpa_mil_email_ddyer_at_darpa_mil sangat.isi.edu:6669")
Fri Jun 28 10:27:31 2002: Received: {'receiver': 'ddyer_at_darpa_mil_email_ddyer_at_darpa_mil', 'performative': 'error', 'sender': 'TEAMCORE', 'in-reply-to': 't', 'content': 'handler encountered error'}
Fri Jun 28 10:27:31 2002: Registration produced: {'receiver': 'ddyer_at_darpa_mil_email_ddyer_at_darpa_mil', 'performative': 'error', 'sender': 'TEAMCORE', 'in-reply-to': 't', 'content': 'handler encountered error'}
Fri Jun 28 10:27:31 2002: Sending message: (unregister :sender ddyer_at_darpa_mil_email_ddyer_at_darpa_mil :ontology tcp-ip :reply-with nil :content ddyer_at_darpa_mil_email_ddyer_at_darpa_mil)
Fri Jun 28 10:27:31 2002: Sending message: (register :sender ddyer_at_darpa_mil_email_ddyer_at_darpa_mil :ontology tcp-ip :reply-with t :content (ddyer_at_darpa_mil_email_ddyer_at_darpa_mil sangat.isi.edu:6669))
Fri Jun 28 10:27:31 2002: Received: {'receiver': 'ddyer_at_darpa_mil_email_ddyer_at_darpa_mil', 'performative': 'reply', 'sender': 'TEAMCORE', 'in-reply-to': 't', 'content': 'ddyer_at_darpa_mil_email_ddyer_at_darpa_mil TEAMCORE'}
Fri Jun 28 10:27:31 2002: Registration produced: {'receiver': 'ddyer_at_darpa_mil_email_ddyer_at_darpa_mil', 'performative': 'reply', 'sender': 'TEAMCORE', 'in-reply-to': 't', 'content': 'ddyer_at_darpa_mil_email_ddyer_at_darpa_mil TEAMCORE'}ddyer_at_darpa_mil_email_ddyer_at_darpa_mil, TEAMCORE
Fri Jun 28 10:27:31 2002: Registration successful: ddyer_at_darpa_mil_email_ddyer_at_darpa_mil
Fri Jun 28 10:27:31 2002: Router for ddyer_at_darpa_mil_email_ddyer_at_darpa_mil running...
Fri Jun 28 10:27:31 2002: Sending message: (ask-one :sender ddyer_at_darpa_mil_email_ddyer_at_darpa_mil :reply-with t :content "proxy_ddyer_at_darpa_mil")
Fri Jun 28 10:27:31 2002: Received: {'receiver': 'ddyer_at_darpa_mil_email_ddyer_at_darpa_mil', 'performative': 'reply', 'sender': 'TEAMCORE', 'in-reply-to': 't', 'content': 'proxy_ddyer_at_darpa_mil:sangat.isi.edu:9991:'}
Fri Jun 28 10:27:31 2002: Sending message: (register :name email_ddyer_at_darpa_mil :reply-with nil :agenttype device :receiver proxy_ddyer_at_darpa_mil :user ddyer_at_darpa_mil :sender ddyer_at_darpa_mil_email_ddyer_at_darpa_mil :direction (to user))
Fri Jun 28 10:27:32 2002: Received: {'receiver': 'ddyer_at_darpa_mil_email_ddyer_at_darpa_mil', 'performative': 'ask', 'sender': 'ping_ddyer_at_darpa_mil_email_ddyer_at_darpa_mil', 'reply-with': 'ddyer_at_darpa_mil', 'content': 'hello'}
Fri Jun 28 10:27:32 2002: Processing message: {'receiver': 'ddyer_at_darpa_mil_email_ddyer_at_darpa_mil', 'performative': 'ask', 'sender': 'ping_ddyer_at_darpa_mil_email_ddyer_at_darpa_mil', 'reply-with': 'ddyer_at_darpa_mil', 'content': 'hello'}
Fri Jun 28 10:27:32 2002: Replying: (sorry :reply-with nil :in-reply-to ddyer_at_darpa_mil :receiver ping_ddyer_at_darpa_mil_email_ddyer_at_darpa_mil :sender ddyer_at_darpa_mil_email_ddyer_at_darpa_mil :comment "Unintelligible query")
Fri Jun 28 10:31:02 2002: Received: {'receiver': 'ddyer_at_darpa_mil_email_ddyer_at_darpa_mil', 'performative': 'ask', 'sender': 'ping_ddyer_at_darpa_mil_email_ddyer_at_darpa_mil', 'reply-with': 'ddyer_at_darpa_mil', 'content': 'hello'}
Fri Jun 28 10:31:02 2002: Processing message: {'receiver': 'ddyer_at_darpa_mil_email_ddyer_at_darpa_mil', 'performative': 'ask', 'sender': 'ping_ddyer_at_darpa_mil_email_ddyer_at_darpa_mil', 'reply-with': 'ddyer_at_darpa_mil', 'content': 'hello'}
Fri Jun 28 10:31:02 2002: Replying: (sorry :reply-with nil :in-reply-to ddyer_at_darpa_mil :receiver ping_ddyer_at_darpa_mil_email_ddyer_at_darpa_mil :sender ddyer_at_darpa_mil_email_ddyer_at_darpa_mil :comment "Unintelligible query")
Fri Jul 12 11:37:23 2002: Received: {'receiver': 'ddyer_at_darpa_mil_email_ddyer_at_darpa_mil', 'performative': 'ask', 'sender': 'ping_ddyer_at_darpa_mil_email_ddyer_at_darpa_mil', 'reply-with': 'ddyer_at_darpa_mil', 'content': 'hello'}
Fri Jul 12 11:37:23 2002: Processing message: {'receiver': 'ddyer_at_darpa_mil_email_ddyer_at_darpa_mil', 'performative': 'ask', 'sender': 'ping_ddyer_at_darpa_mil_email_ddyer_at_darpa_mil', 'reply-with': 'ddyer_at_darpa_mil', 'content': 'hello'}
Fri Jul 12 11:37:23 2002: Replying: (sorry :reply-with nil :in-reply-to ddyer_at_darpa_mil :receiver ping_ddyer_at_darpa_mil_email_ddyer_at_darpa_mil :sender ddyer_at_darpa_mil_email_ddyer_at_darpa_mil :comment "Unintelligible query")
Fri Jul 26 15:13:52 2002: Received: {'receiver': 'ddyer_at_darpa_mil_email_ddyer_at_darpa_mil', 'performative': 'tell', 'sender': 'stop_ddyer_at_darpa_mil_email_ddyer_at_darpa_mil', 'reply-with': 'nil', 'content': 'stop'}
Fri Jul 26 15:13:52 2002: Processing message: {'receiver': 'ddyer_at_darpa_mil_email_ddyer_at_darpa_mil', 'performative': 'tell', 'sender': 'stop_ddyer_at_darpa_mil_email_ddyer_at_darpa_mil', 'reply-with': 'nil', 'content': 'stop'}
Fri Jul 26 15:13:53 2002: Sending message: (unregister :receiver proxy_ddyer_at_darpa_mil :name email_ddyer_at_darpa_mil :sender ddyer_at_darpa_mil_email_ddyer_at_darpa_mil :reply-with nil :user ddyer_at_darpa_mil)
Fri Jul 26 15:13:53 2002: Router ddyer_at_darpa_mil_email_ddyer_at_darpa_mil exiting...
Fri Jul 26 15:13:53 2002: Sending message: (unregister :receiver TEAMCORE :sender ddyer_at_darpa_mil_email_ddyer_at_darpa_mil :ontology tcp-ip :reply-with nil :content ddyer_at_darpa_mil_email_ddyer_at_darpa_mil)
Fri Jul 26 15:13:53 2002: Exiting...
Fri Jul 26 15:13:54 2002: Using ANS: ('vibhagam', 5500)
Fri Jul 26 15:13:54 2002: Bound to host/port: sangat.isi.edu:6667
Fri Jul 26 15:13:54 2002: Sending message: (register :ontology tcp-ip :sender ddyer_at_darpa_mil_email_ddyer_at_darpa_mil :reply-with t :content "ddyer_at_darpa_mil_email_ddyer_at_darpa_mil sangat.isi.edu:6667")
Fri Jul 26 15:13:54 2002: Received: {'receiver': 'ddyer_at_darpa_mil_email_ddyer_at_darpa_mil', 'performative': 'error', 'sender': 'TEAMCORE', 'in-reply-to': 't', 'content': 'handler encountered error'}
Fri Jul 26 15:13:54 2002: Registration produced: {'receiver': 'ddyer_at_darpa_mil_email_ddyer_at_darpa_mil', 'performative': 'error', 'sender': 'TEAMCORE', 'in-reply-to': 't', 'content': 'handler encountered error'}
Fri Jul 26 15:13:54 2002: Sending message: (unregister :sender ddyer_at_darpa_mil_email_ddyer_at_darpa_mil :ontology tcp-ip :reply-with nil :content ddyer_at_darpa_mil_email_ddyer_at_darpa_mil)
Fri Jul 26 15:13:54 2002: Sending message: (register :sender ddyer_at_darpa_mil_email_ddyer_at_darpa_mil :ontology tcp-ip :reply-with t :content (ddyer_at_darpa_mil_email_ddyer_at_darpa_mil sangat.isi.edu:6667))
Fri Jul 26 15:13:54 2002: Received: {'receiver': 'ddyer_at_darpa_mil_email_ddyer_at_darpa_mil', 'performative': 'reply', 'sender': 'TEAMCORE', 'in-reply-to': 't', 'content': 'ddyer_at_darpa_mil_email_ddyer_at_darpa_mil TEAMCORE'}
Fri Jul 26 15:13:54 2002: Registration produced: {'receiver': 'ddyer_at_darpa_mil_email_ddyer_at_darpa_mil', 'performative': 'reply', 'sender': 'TEAMCORE', 'in-reply-to': 't', 'content': 'ddyer_at_darpa_mil_email_ddyer_at_darpa_mil TEAMCORE'}ddyer_at_darpa_mil_email_ddyer_at_darpa_mil, TEAMCORE
Fri Jul 26 15:13:54 2002: Registration successful: ddyer_at_darpa_mil_email_ddyer_at_darpa_mil
Fri Jul 26 15:13:54 2002: Router for ddyer_at_darpa_mil_email_ddyer_at_darpa_mil running...
Fri Jul 26 15:13:54 2002: Sending message: (ask-one :sender ddyer_at_darpa_mil_email_ddyer_at_darpa_mil :reply-with t :content "proxy_ddyer_at_darpa_mil")
Fri Jul 26 15:13:54 2002: Received: {'receiver': 'ddyer_at_darpa_mil_email_ddyer_at_darpa_mil', 'performative': 'reply', 'sender': 'TEAMCORE', 'in-reply-to': 't', 'content': 'proxy_ddyer_at_darpa_mil:sangat.isi.edu:9991:'}
Fri Jul 26 15:13:54 2002: Sending message: (register :name email_ddyer_at_darpa_mil :reply-with nil :agenttype device :receiver proxy_ddyer_at_darpa_mil :user ddyer_at_darpa_mil :sender ddyer_at_darpa_mil_email_ddyer_at_darpa_mil :direction (to user))
Fri Jul 26 15:13:56 2002: Received: {'receiver': 'ddyer_at_darpa_mil_email_ddyer_at_darpa_mil', 'performative': 'ask', 'sender': 'ping_ddyer_at_darpa_mil_email_ddyer_at_darpa_mil', 'reply-with': 'ddyer_at_darpa_mil', 'content': 'hello'}
Fri Jul 26 15:13:56 2002: Processing message: {'receiver': 'ddyer_at_darpa_mil_email_ddyer_at_darpa_mil', 'performative': 'ask', 'sender': 'ping_ddyer_at_darpa_mil_email_ddyer_at_darpa_mil', 'reply-with': 'ddyer_at_darpa_mil', 'content': 'hello'}
Fri Jul 26 15:13:56 2002: Replying: (sorry :reply-with nil :in-reply-to ddyer_at_darpa_mil :receiver ping_ddyer_at_darpa_mil_email_ddyer_at_darpa_mil :sender ddyer_at_darpa_mil_email_ddyer_at_darpa_mil :comment "Unintelligible query")
Fri Jul 26 15:16:55 2002: Received: {'receiver': 'ddyer_at_darpa_mil_email_ddyer_at_darpa_mil', 'performative': 'ask', 'sender': 'ping_ddyer_at_darpa_mil_email_ddyer_at_darpa_mil', 'reply-with': 'ddyer_at_darpa_mil', 'content': 'hello'}
Fri Jul 26 15:16:55 2002: Processing message: {'receiver': 'ddyer_at_darpa_mil_email_ddyer_at_darpa_mil', 'performative': 'ask', 'sender': 'ping_ddyer_at_darpa_mil_email_ddyer_at_darpa_mil', 'reply-with': 'ddyer_at_darpa_mil', 'content': 'hello'}
Fri Jul 26 15:16:55 2002: Replying: (sorry :reply-with nil :in-reply-to ddyer_at_darpa_mil :receiver ping_ddyer_at_darpa_mil_email_ddyer_at_darpa_mil :sender ddyer_at_darpa_mil_email_ddyer_at_darpa_mil :comment "Unintelligible query")
Mon Aug 19 18:22:30 2002: Using ANS: ('vibhagam', 5500)
Mon Aug 19 18:22:30 2002: Bound to host/port: sangat.isi.edu:6671
Mon Aug 19 18:22:30 2002: Sending message: (register :ontology tcp-ip :sender ddyer_at_darpa_mil_email_ddyer_at_darpa_mil :reply-with t :content "ddyer_at_darpa_mil_email_ddyer_at_darpa_mil sangat.isi.edu:6671")
Mon Aug 19 18:22:30 2002: Received: {'receiver': 'ddyer_at_darpa_mil_email_ddyer_at_darpa_mil', 'performative': 'error', 'sender': 'TEAMCORE', 'in-reply-to': 't', 'content': 'handler encountered error'}
Mon Aug 19 18:22:30 2002: Registration produced: {'receiver': 'ddyer_at_darpa_mil_email_ddyer_at_darpa_mil', 'performative': 'error', 'sender': 'TEAMCORE', 'in-reply-to': 't', 'content': 'handler encountered error'}
Mon Aug 19 18:22:30 2002: Sending message: (unregister :sender ddyer_at_darpa_mil_email_ddyer_at_darpa_mil :ontology tcp-ip :reply-with nil :content ddyer_at_darpa_mil_email_ddyer_at_darpa_mil)
Mon Aug 19 18:22:30 2002: Sending message: (register :sender ddyer_at_darpa_mil_email_ddyer_at_darpa_mil :ontology tcp-ip :reply-with t :content (ddyer_at_darpa_mil_email_ddyer_at_darpa_mil sangat.isi.edu:6671))
Mon Aug 19 18:22:30 2002: Received: {'receiver': 'ddyer_at_darpa_mil_email_ddyer_at_darpa_mil', 'performative': 'reply', 'sender': 'TEAMCORE', 'in-reply-to': 't', 'content': 'ddyer_at_darpa_mil_email_ddyer_at_darpa_mil TEAMCORE'}
Mon Aug 19 18:22:30 2002: Registration produced: {'receiver': 'ddyer_at_darpa_mil_email_ddyer_at_darpa_mil', 'performative': 'reply', 'sender': 'TEAMCORE', 'in-reply-to': 't', 'content': 'ddyer_at_darpa_mil_email_ddyer_at_darpa_mil TEAMCORE'}ddyer_at_darpa_mil_email_ddyer_at_darpa_mil, TEAMCORE
Mon Aug 19 18:22:30 2002: Registration successful: ddyer_at_darpa_mil_email_ddyer_at_darpa_mil
Mon Aug 19 18:22:30 2002: Router for ddyer_at_darpa_mil_email_ddyer_at_darpa_mil running...
Mon Aug 19 18:22:30 2002: Sending message: (ask-one :sender ddyer_at_darpa_mil_email_ddyer_at_darpa_mil :reply-with t :content "proxy_ddyer_at_darpa_mil")
Mon Aug 19 18:22:30 2002: Received: {'receiver': 'ddyer_at_darpa_mil_email_ddyer_at_darpa_mil', 'performative': 'reply', 'sender': 'TEAMCORE', 'in-reply-to': 't', 'content': 'proxy_ddyer_at_darpa_mil:sangat.isi.edu:9992:'}
Mon Aug 19 18:22:30 2002: Sending message: (register :name email_ddyer_at_darpa_mil :reply-with nil :agenttype device :receiver proxy_ddyer_at_darpa_mil :user ddyer_at_darpa_mil :sender ddyer_at_darpa_mil_email_ddyer_at_darpa_mil :direction (to user))
Mon Aug 19 18:22:32 2002: Received: {'receiver': 'ddyer_at_darpa_mil_email_ddyer_at_darpa_mil', 'performative': 'ask', 'sender': 'ping_ddyer_at_darpa_mil_email_ddyer_at_darpa_mil', 'reply-with': 'ddyer_at_darpa_mil', 'content': 'hello'}
Mon Aug 19 18:22:32 2002: Processing message: {'receiver': 'ddyer_at_darpa_mil_email_ddyer_at_darpa_mil', 'performative': 'ask', 'sender': 'ping_ddyer_at_darpa_mil_email_ddyer_at_darpa_mil', 'reply-with': 'ddyer_at_darpa_mil', 'content': 'hello'}
Mon Aug 19 18:22:32 2002: Replying: (sorry :reply-with nil :in-reply-to ddyer_at_darpa_mil :receiver ping_ddyer_at_darpa_mil_email_ddyer_at_darpa_mil :sender ddyer_at_darpa_mil_email_ddyer_at_darpa_mil :comment "Unintelligible query")
Fri Sep 06 13:52:33 2002: Received: {'receiver': 'ddyer_at_darpa_mil_email_ddyer_at_darpa_mil', 'performative': 'ask', 'sender': 'ping_ddyer_at_darpa_mil_email_ddyer_at_darpa_mil', 'reply-with': 'ddyer_at_darpa_mil', 'content': 'hello'}
Fri Sep 06 13:52:33 2002: Processing message: {'receiver': 'ddyer_at_darpa_mil_email_ddyer_at_darpa_mil', 'performative': 'ask', 'sender': 'ping_ddyer_at_darpa_mil_email_ddyer_at_darpa_mil', 'reply-with': 'ddyer_at_darpa_mil', 'content': 'hello'}
Fri Sep 06 13:52:33 2002: Replying: (sorry :reply-with nil :in-reply-to ddyer_at_darpa_mil :receiver ping_ddyer_at_darpa_mil_email_ddyer_at_darpa_mil :sender ddyer_at_darpa_mil_email_ddyer_at_darpa_mil :comment "Unintelligible query")
Fri Sep 06 14:09:40 2002: Using ANS: ('vibhagam.isi.edu', 5500)
Fri Sep 06 14:09:40 2002: Bound to host/port: sangat.isi.edu:6668
Fri Sep 06 14:09:40 2002: Sending message: (register :ontology tcp-ip :sender ddyer_at_darpa_mil_email_ddyer_at_darpa_mil :reply-with t :content "ddyer_at_darpa_mil_email_ddyer_at_darpa_mil sangat.isi.edu:6668")
Fri Sep 06 14:09:40 2002: Received: {'receiver': 'ddyer_at_darpa_mil_email_ddyer_at_darpa_mil', 'performative': 'error', 'sender': 'TEAMCORE', 'in-reply-to': 't', 'content': 'handler encountered error'}
Fri Sep 06 14:09:40 2002: Registration produced: {'receiver': 'ddyer_at_darpa_mil_email_ddyer_at_darpa_mil', 'performative': 'error', 'sender': 'TEAMCORE', 'in-reply-to': 't', 'content': 'handler encountered error'}
Fri Sep 06 14:09:40 2002: Sending message: (unregister :sender ddyer_at_darpa_mil_email_ddyer_at_darpa_mil :ontology tcp-ip :reply-with nil :content ddyer_at_darpa_mil_email_ddyer_at_darpa_mil)
Fri Sep 06 14:09:40 2002: Sending message: (register :sender ddyer_at_darpa_mil_email_ddyer_at_darpa_mil :ontology tcp-ip :reply-with t :content (ddyer_at_darpa_mil_email_ddyer_at_darpa_mil sangat.isi.edu:6668))
Fri Sep 06 14:09:40 2002: Received: {'receiver': 'ddyer_at_darpa_mil_email_ddyer_at_darpa_mil', 'performative': 'reply', 'sender': 'TEAMCORE', 'in-reply-to': 't', 'content': 'ddyer_at_darpa_mil_email_ddyer_at_darpa_mil TEAMCORE'}
Fri Sep 06 14:09:40 2002: Registration produced: {'receiver': 'ddyer_at_darpa_mil_email_ddyer_at_darpa_mil', 'performative': 'reply', 'sender': 'TEAMCORE', 'in-reply-to': 't', 'content': 'ddyer_at_darpa_mil_email_ddyer_at_darpa_mil TEAMCORE'}ddyer_at_darpa_mil_email_ddyer_at_darpa_mil, TEAMCORE
Fri Sep 06 14:09:40 2002: Registration successful: ddyer_at_darpa_mil_email_ddyer_at_darpa_mil
Fri Sep 06 14:09:40 2002: Router for ddyer_at_darpa_mil_email_ddyer_at_darpa_mil running...
Fri Sep 06 14:09:40 2002: Sending message: (ask-one :sender ddyer_at_darpa_mil_email_ddyer_at_darpa_mil :reply-with t :content "proxy_ddyer_at_darpa_mil")
Fri Sep 06 14:09:40 2002: Received: {'receiver': 'ddyer_at_darpa_mil_email_ddyer_at_darpa_mil', 'performative': 'reply', 'sender': 'TEAMCORE', 'in-reply-to': 't', 'content': 'proxy_ddyer_at_darpa_mil:sangat.isi.edu:9992:'}
Fri Sep 06 14:09:40 2002: Sending message: (register :name email_ddyer_at_darpa_mil :reply-with nil :agenttype device :receiver proxy_ddyer_at_darpa_mil :user ddyer_at_darpa_mil :sender ddyer_at_darpa_mil_email_ddyer_at_darpa_mil :direction (to user))
Fri Sep 06 14:09:41 2002: Received: {'receiver': 'ddyer_at_darpa_mil_email_ddyer_at_darpa_mil', 'performative': 'ask', 'sender': 'ping_ddyer_at_darpa_mil_email_ddyer_at_darpa_mil', 'reply-with': 'ddyer_at_darpa_mil', 'content': 'hello'}
Fri Sep 06 14:09:41 2002: Processing message: {'receiver': 'ddyer_at_darpa_mil_email_ddyer_at_darpa_mil', 'performative': 'ask', 'sender': 'ping_ddyer_at_darpa_mil_email_ddyer_at_darpa_mil', 'reply-with': 'ddyer_at_darpa_mil', 'content': 'hello'}
Fri Sep 06 14:09:41 2002: Replying: (sorry :reply-with nil :in-reply-to ddyer_at_darpa_mil :receiver ping_ddyer_at_darpa_mil_email_ddyer_at_darpa_mil :sender ddyer_at_darpa_mil_email_ddyer_at_darpa_mil :comment "Unintelligible query")
Tue Sep 24 15:21:47 2002: Received: {'receiver': 'ddyer_at_darpa_mil_email_ddyer_at_darpa_mil', 'performative': 'kqml-admin', 'sender': 'TEAMCORE', 'kqml-msg-id': '29131+vibhagam.isi.edu+59', 'reply-with': 't', 'content': 'name'}
Wed Sep 25 16:42:34 2002: Received: {'receiver': 'ddyer_at_darpa_mil_email_ddyer_at_darpa_mil', 'performative': 'ask', 'sender': 'ping_ddyer_at_darpa_mil_email_ddyer_at_darpa_mil', 'reply-with': 'ddyer_at_darpa_mil', 'content': 'hello'}
Wed Sep 25 16:42:34 2002: Processing message: {'receiver': 'ddyer_at_darpa_mil_email_ddyer_at_darpa_mil', 'performative': 'ask', 'sender': 'ping_ddyer_at_darpa_mil_email_ddyer_at_darpa_mil', 'reply-with': 'ddyer_at_darpa_mil', 'content': 'hello'}
Wed Sep 25 16:42:34 2002: Replying: (sorry :reply-with nil :in-reply-to ddyer_at_darpa_mil :receiver ping_ddyer_at_darpa_mil_email_ddyer_at_darpa_mil :sender ddyer_at_darpa_mil_email_ddyer_at_darpa_mil :comment "Unintelligible query")
Mon Oct 28 14:21:53 2002: Received: {'receiver': 'ddyer_at_darpa_mil_email_ddyer_at_darpa_mil', 'performative': 'kqml-admin', 'sender': 'TEAMCORE', 'kqml-msg-id': '24669+vibhagam.isi.edu+57', 'reply-with': 't', 'content': 'name'}
Mon Oct 28 14:22:57 2002: Received: {'receiver': 'ddyer_at_darpa_mil_email_ddyer_at_darpa_mil', 'performative': 'ask', 'sender': 'ping_ddyer_at_darpa_mil_email_ddyer_at_darpa_mil', 'reply-with': 'ddyer_at_darpa_mil', 'content': 'hello'}
Mon Oct 28 14:22:57 2002: Processing message: {'receiver': 'ddyer_at_darpa_mil_email_ddyer_at_darpa_mil', 'performative': 'ask', 'sender': 'ping_ddyer_at_darpa_mil_email_ddyer_at_darpa_mil', 'reply-with': 'ddyer_at_darpa_mil', 'content': 'hello'}
Mon Oct 28 14:22:57 2002: Replying: (sorry :reply-with nil :in-reply-to ddyer_at_darpa_mil :receiver ping_ddyer_at_darpa_mil_email_ddyer_at_darpa_mil :sender ddyer_at_darpa_mil_email_ddyer_at_darpa_mil :comment "Unintelligible query")
Tue Oct 29 10:27:17 2002: Received: {'receiver': 'ddyer_at_darpa_mil_email_ddyer_at_darpa_mil', 'performative': 'kqml-admin', 'sender': 'TEAMCORE', 'kqml-msg-id': '26893+vibhagam.isi.edu+47', 'reply-with': 't', 'content': 'name'}
Tue Oct 29 18:37:34 2002: Received: {'receiver': 'ddyer_at_darpa_mil_email_ddyer_at_darpa_mil', 'performative': 'kqml-admin', 'sender': 'TEAMCORE', 'kqml-msg-id': '29472+vibhagam.isi.edu+44', 'reply-with': 't', 'content': 'name'}
Tue Oct 29 20:01:29 2002: Received: {'receiver': 'ddyer_at_darpa_mil_email_ddyer_at_darpa_mil', 'performative': 'kqml-admin', 'sender': 'TEAMCORE', 'kqml-msg-id': '181+vibhagam.isi.edu+44', 'reply-with': 't', 'content': 'name'}
Tue Oct 29 20:18:12 2002: Received: {'receiver': 'ddyer_at_darpa_mil_email_ddyer_at_darpa_mil', 'performative': 'kqml-admin', 'sender': 'TEAMCORE', 'kqml-msg-id': '405+vibhagam.isi.edu+47', 'reply-with': 't', 'content': 'name'}
Mon Nov 04 10:18:55 2002: Received: {'receiver': 'ddyer_at_darpa_mil_email_ddyer_at_darpa_mil', 'performative': 'kqml-admin', 'sender': 'TEAMCORE', 'kqml-msg-id': '15317+vibhagam.isi.edu+53', 'reply-with': 't', 'content': 'name'}
Thu Nov 07 12:50:42 2002: Using ANS: ('vibhagam.isi.edu', 5500)
Thu Nov 07 12:50:42 2002: Bound to host/port: sangat.isi.edu:6671
Thu Nov 07 12:50:42 2002: Sending message: (register :ontology tcp-ip :sender ddyer_at_darpa_mil_email_ddyer_at_darpa_mil :reply-with t :content "ddyer_at_darpa_mil_email_ddyer_at_darpa_mil sangat.isi.edu:6671")
Thu Nov 07 12:50:42 2002: Received: {'receiver': 'ddyer_at_darpa_mil_email_ddyer_at_darpa_mil', 'performative': 'error', 'sender': 'TEAMCORE', 'in-reply-to': 't', 'content': 'handler encountered error'}
Thu Nov 07 12:50:42 2002: Registration produced: {'receiver': 'ddyer_at_darpa_mil_email_ddyer_at_darpa_mil', 'performative': 'error', 'sender': 'TEAMCORE', 'in-reply-to': 't', 'content': 'handler encountered error'}
Thu Nov 07 12:50:42 2002: Sending message: (unregister :sender ddyer_at_darpa_mil_email_ddyer_at_darpa_mil :ontology tcp-ip :reply-with nil :content ddyer_at_darpa_mil_email_ddyer_at_darpa_mil)
Thu Nov 07 12:50:42 2002: Sending message: (register :sender ddyer_at_darpa_mil_email_ddyer_at_darpa_mil :ontology tcp-ip :reply-with t :content (ddyer_at_darpa_mil_email_ddyer_at_darpa_mil sangat.isi.edu:6671))
Thu Nov 07 12:50:42 2002: Received: {'receiver': 'ddyer_at_darpa_mil_email_ddyer_at_darpa_mil', 'performative': 'reply', 'sender': 'TEAMCORE', 'in-reply-to': 't', 'content': 'ddyer_at_darpa_mil_email_ddyer_at_darpa_mil TEAMCORE'}
Thu Nov 07 12:50:42 2002: Registration produced: {'receiver': 'ddyer_at_darpa_mil_email_ddyer_at_darpa_mil', 'performative': 'reply', 'sender': 'TEAMCORE', 'in-reply-to': 't', 'content': 'ddyer_at_darpa_mil_email_ddyer_at_darpa_mil TEAMCORE'}ddyer_at_darpa_mil_email_ddyer_at_darpa_mil, TEAMCORE
Thu Nov 07 12:50:42 2002: Registration successful: ddyer_at_darpa_mil_email_ddyer_at_darpa_mil
Thu Nov 07 12:50:42 2002: Router for ddyer_at_darpa_mil_email_ddyer_at_darpa_mil running...
Thu Nov 07 12:50:42 2002: Sending message: (ask-one :sender ddyer_at_darpa_mil_email_ddyer_at_darpa_mil :reply-with t :content "proxy_ddyer_at_darpa_mil")
Thu Nov 07 12:50:42 2002: Received: {'receiver': 'ddyer_at_darpa_mil_email_ddyer_at_darpa_mil', 'performative': 'sorry', 'sender': 'TEAMCORE', 'in-reply-to': 't'}
Thu Nov 07 12:50:42 2002: No registered agent: proxy_ddyer_at_darpa_mil
Thu Nov 07 12:50:44 2002: Received: {'receiver': 'ddyer_at_darpa_mil_email_ddyer_at_darpa_mil', 'performative': 'ask', 'sender': 'ping_ddyer_at_darpa_mil_email_ddyer_at_darpa_mil', 'reply-with': 'ddyer_at_darpa_mil', 'content': 'hello'}
Thu Nov 07 12:50:44 2002: Processing message: {'receiver': 'ddyer_at_darpa_mil_email_ddyer_at_darpa_mil', 'performative': 'ask', 'sender': 'ping_ddyer_at_darpa_mil_email_ddyer_at_darpa_mil', 'reply-with': 'ddyer_at_darpa_mil', 'content': 'hello'}
Thu Nov 07 12:50:44 2002: Replying: (sorry :reply-with nil :in-reply-to ddyer_at_darpa_mil :receiver ping_ddyer_at_darpa_mil_email_ddyer_at_darpa_mil :sender ddyer_at_darpa_mil_email_ddyer_at_darpa_mil :comment "Unintelligible query")
Thu Nov 07 13:07:16 2002: Received: {'receiver': 'ddyer_at_darpa_mil_email_ddyer_at_darpa_mil', 'performative': 'tell', 'sender': 'stop_ddyer_at_darpa_mil_email_ddyer_at_darpa_mil', 'reply-with': 'nil', 'content': 'stop'}
Thu Nov 07 13:07:16 2002: Processing message: {'receiver': 'ddyer_at_darpa_mil_email_ddyer_at_darpa_mil', 'performative': 'tell', 'sender': 'stop_ddyer_at_darpa_mil_email_ddyer_at_darpa_mil', 'reply-with': 'nil', 'content': 'stop'}
Thu Nov 07 13:07:16 2002: Sending message: (ask-one :sender ddyer_at_darpa_mil_email_ddyer_at_darpa_mil :reply-with t :content "proxy_ddyer_at_darpa_mil")
Thu Nov 07 13:07:16 2002: Received: {'receiver': 'ddyer_at_darpa_mil_email_ddyer_at_darpa_mil', 'performative': 'reply', 'sender': 'TEAMCORE', 'in-reply-to': 't', 'content': 'proxy_ddyer_at_darpa_mil:sangat.isi.edu:9992:'}
Thu Nov 07 13:07:16 2002: Sending message: (unregister :receiver proxy_ddyer_at_darpa_mil :name email_ddyer_at_darpa_mil :sender ddyer_at_darpa_mil_email_ddyer_at_darpa_mil :reply-with nil :user ddyer_at_darpa_mil)
Thu Nov 07 13:07:16 2002: Router ddyer_at_darpa_mil_email_ddyer_at_darpa_mil exiting...
Thu Nov 07 13:07:16 2002: Sending message: (unregister :receiver TEAMCORE :sender ddyer_at_darpa_mil_email_ddyer_at_darpa_mil :ontology tcp-ip :reply-with nil :content ddyer_at_darpa_mil_email_ddyer_at_darpa_mil)
Thu Nov 07 13:07:16 2002: Exiting...
Thu Nov 07 13:07:19 2002: Using ANS: ('vibhagam.isi.edu', 5500)
Thu Nov 07 13:07:19 2002: Bound to host/port: sangat.isi.edu:6670
Thu Nov 07 13:07:19 2002: Sending message: (register :ontology tcp-ip :sender ddyer_at_darpa_mil_email_ddyer_at_darpa_mil :reply-with t :content "ddyer_at_darpa_mil_email_ddyer_at_darpa_mil sangat.isi.edu:6670")
Thu Nov 07 13:07:19 2002: Received: {'receiver': 'ddyer_at_darpa_mil_email_ddyer_at_darpa_mil', 'performative': 'error', 'sender': 'TEAMCORE', 'in-reply-to': 't', 'content': 'handler encountered error'}
Thu Nov 07 13:07:19 2002: Registration produced: {'receiver': 'ddyer_at_darpa_mil_email_ddyer_at_darpa_mil', 'performative': 'error', 'sender': 'TEAMCORE', 'in-reply-to': 't', 'content': 'handler encountered error'}
Thu Nov 07 13:07:19 2002: Sending message: (unregister :sender ddyer_at_darpa_mil_email_ddyer_at_darpa_mil :ontology tcp-ip :reply-with nil :content ddyer_at_darpa_mil_email_ddyer_at_darpa_mil)
Thu Nov 07 13:07:19 2002: Sending message: (register :sender ddyer_at_darpa_mil_email_ddyer_at_darpa_mil :ontology tcp-ip :reply-with t :content (ddyer_at_darpa_mil_email_ddyer_at_darpa_mil sangat.isi.edu:6670))
Thu Nov 07 13:07:19 2002: Received: {'receiver': 'ddyer_at_darpa_mil_email_ddyer_at_darpa_mil', 'performative': 'reply', 'sender': 'TEAMCORE', 'in-reply-to': 't', 'content': 'ddyer_at_darpa_mil_email_ddyer_at_darpa_mil TEAMCORE'}
Thu Nov 07 13:07:19 2002: Registration produced: {'receiver': 'ddyer_at_darpa_mil_email_ddyer_at_darpa_mil', 'performative': 'reply', 'sender': 'TEAMCORE', 'in-reply-to': 't', 'content': 'ddyer_at_darpa_mil_email_ddyer_at_darpa_mil TEAMCORE'}ddyer_at_darpa_mil_email_ddyer_at_darpa_mil, TEAMCORE
Thu Nov 07 13:07:19 2002: Registration successful: ddyer_at_darpa_mil_email_ddyer_at_darpa_mil
Thu Nov 07 13:07:19 2002: Router for ddyer_at_darpa_mil_email_ddyer_at_darpa_mil running...
Thu Nov 07 13:07:19 2002: Sending message: (ask-one :sender ddyer_at_darpa_mil_email_ddyer_at_darpa_mil :reply-with t :content "proxy_ddyer_at_darpa_mil")
Thu Nov 07 13:07:19 2002: Received: {'receiver': 'ddyer_at_darpa_mil_email_ddyer_at_darpa_mil', 'performative': 'reply', 'sender': 'TEAMCORE', 'in-reply-to': 't', 'content': 'proxy_ddyer_at_darpa_mil:sangat.isi.edu:9992:'}
Thu Nov 07 13:07:19 2002: Sending message: (register :name email_ddyer_at_darpa_mil :reply-with nil :agenttype device :receiver proxy_ddyer_at_darpa_mil :user ddyer_at_darpa_mil :sender ddyer_at_darpa_mil_email_ddyer_at_darpa_mil :direction (to user))
Thu Nov 07 13:07:20 2002: Received: {'receiver': 'ddyer_at_darpa_mil_email_ddyer_at_darpa_mil', 'performative': 'ask', 'sender': 'ping_ddyer_at_darpa_mil_email_ddyer_at_darpa_mil', 'reply-with': 'ddyer_at_darpa_mil', 'content': 'hello'}
Thu Nov 07 13:07:20 2002: Processing message: {'receiver': 'ddyer_at_darpa_mil_email_ddyer_at_darpa_mil', 'performative': 'ask', 'sender': 'ping_ddyer_at_darpa_mil_email_ddyer_at_darpa_mil', 'reply-with': 'ddyer_at_darpa_mil', 'content': 'hello'}
Thu Nov 07 13:07:20 2002: Replying: (sorry :reply-with nil :in-reply-to ddyer_at_darpa_mil :receiver ping_ddyer_at_darpa_mil_email_ddyer_at_darpa_mil :sender ddyer_at_darpa_mil_email_ddyer_at_darpa_mil :comment "Unintelligible query")
Tue Jan 07 16:40:25 2003: Using ANS: ('vibhagam', 5500)
Tue Jan 07 16:40:25 2003: Bound to host/port: sangat.isi.edu:6671
Tue Jan 07 16:40:25 2003: Sending message: (register :ontology tcp-ip :sender ddyer_at_darpa_mil_email_ddyer_at_darpa_mil :reply-with t :content "ddyer_at_darpa_mil_email_ddyer_at_darpa_mil sangat.isi.edu:6671")
Tue Jan 07 16:40:25 2003: Received: {'receiver': 'ddyer_at_darpa_mil_email_ddyer_at_darpa_mil', 'performative': 'error', 'sender': 'TEAMCORE', 'in-reply-to': 't', 'content': 'handler encountered error'}
Tue Jan 07 16:40:25 2003: Registration produced: {'receiver': 'ddyer_at_darpa_mil_email_ddyer_at_darpa_mil', 'performative': 'error', 'sender': 'TEAMCORE', 'in-reply-to': 't', 'content': 'handler encountered error'}
Tue Jan 07 16:40:25 2003: Sending message: (unregister :sender ddyer_at_darpa_mil_email_ddyer_at_darpa_mil :ontology tcp-ip :reply-with nil :content ddyer_at_darpa_mil_email_ddyer_at_darpa_mil)
Tue Jan 07 16:40:25 2003: Sending message: (register :sender ddyer_at_darpa_mil_email_ddyer_at_darpa_mil :ontology tcp-ip :reply-with t :content (ddyer_at_darpa_mil_email_ddyer_at_darpa_mil sangat.isi.edu:6671))
Tue Jan 07 16:40:25 2003: Received: {'receiver': 'ddyer_at_darpa_mil_email_ddyer_at_darpa_mil', 'performative': 'reply', 'sender': 'TEAMCORE', 'in-reply-to': 't', 'content': 'ddyer_at_darpa_mil_email_ddyer_at_darpa_mil TEAMCORE'}
Tue Jan 07 16:40:25 2003: Registration produced: {'receiver': 'ddyer_at_darpa_mil_email_ddyer_at_darpa_mil', 'performative': 'reply', 'sender': 'TEAMCORE', 'in-reply-to': 't', 'content': 'ddyer_at_darpa_mil_email_ddyer_at_darpa_mil TEAMCORE'}ddyer_at_darpa_mil_email_ddyer_at_darpa_mil, TEAMCORE
Tue Jan 07 16:40:25 2003: Registration successful: ddyer_at_darpa_mil_email_ddyer_at_darpa_mil
Tue Jan 07 16:40:25 2003: Router for ddyer_at_darpa_mil_email_ddyer_at_darpa_mil running...
Tue Jan 07 16:40:25 2003: Sending message: (ask-one :sender ddyer_at_darpa_mil_email_ddyer_at_darpa_mil :reply-with t :content "proxy_ddyer_at_darpa_mil")
Tue Jan 07 16:40:25 2003: Received: {'receiver': 'ddyer_at_darpa_mil_email_ddyer_at_darpa_mil', 'performative': 'reply', 'sender': 'TEAMCORE', 'in-reply-to': 't', 'content': 'proxy_ddyer_at_darpa_mil:sangat.isi.edu:9992:'}
Tue Jan 07 16:40:25 2003: Sending message: (register :name email_ddyer_at_darpa_mil :reply-with nil :agenttype device :receiver proxy_ddyer_at_darpa_mil :user ddyer_at_darpa_mil :sender ddyer_at_darpa_mil_email_ddyer_at_darpa_mil :direction (to user))
Tue Jan 07 16:40:26 2003: Received: {'receiver': 'ddyer_at_darpa_mil_email_ddyer_at_darpa_mil', 'performative': 'ask', 'sender': 'ping_ddyer_at_darpa_mil_email_ddyer_at_darpa_mil', 'reply-with': 'ddyer_at_darpa_mil', 'content': 'hello'}
Tue Jan 07 16:40:26 2003: Processing message: {'receiver': 'ddyer_at_darpa_mil_email_ddyer_at_darpa_mil', 'performative': 'ask', 'sender': 'ping_ddyer_at_darpa_mil_email_ddyer_at_darpa_mil', 'reply-with': 'ddyer_at_darpa_mil', 'content': 'hello'}
Tue Jan 07 16:40:26 2003: Replying: (sorry :reply-with nil :in-reply-to ddyer_at_darpa_mil :receiver ping_ddyer_at_darpa_mil_email_ddyer_at_darpa_mil :sender ddyer_at_darpa_mil_email_ddyer_at_darpa_mil :comment "Unintelligible query")
Mon Jan 13 16:24:25 2003: Using ANS: ('vibhagam', 5500)
Mon Jan 13 16:24:25 2003: Bound to host/port: sangat.isi.edu:6672
Mon Jan 13 16:24:25 2003: Sending message: (register :ontology tcp-ip :sender ddyer_at_darpa_mil_email_ddyer_at_darpa_mil :reply-with t :content "ddyer_at_darpa_mil_email_ddyer_at_darpa_mil sangat.isi.edu:6672")
Mon Jan 13 16:24:25 2003: Received: {'receiver': 'ddyer_at_darpa_mil_email_ddyer_at_darpa_mil', 'performative': 'error', 'sender': 'TEAMCORE', 'in-reply-to': 't', 'content': 'handler encountered error'}
Mon Jan 13 16:24:25 2003: Registration produced: {'receiver': 'ddyer_at_darpa_mil_email_ddyer_at_darpa_mil', 'performative': 'error', 'sender': 'TEAMCORE', 'in-reply-to': 't', 'content': 'handler encountered error'}
Mon Jan 13 16:24:25 2003: Sending message: (unregister :sender ddyer_at_darpa_mil_email_ddyer_at_darpa_mil :ontology tcp-ip :reply-with nil :content ddyer_at_darpa_mil_email_ddyer_at_darpa_mil)
Mon Jan 13 16:24:25 2003: Sending message: (register :sender ddyer_at_darpa_mil_email_ddyer_at_darpa_mil :ontology tcp-ip :reply-with t :content (ddyer_at_darpa_mil_email_ddyer_at_darpa_mil sangat.isi.edu:6672))
Mon Jan 13 16:24:25 2003: Received: {'receiver': 'ddyer_at_darpa_mil_email_ddyer_at_darpa_mil', 'performative': 'reply', 'sender': 'TEAMCORE', 'in-reply-to': 't', 'content': 'ddyer_at_darpa_mil_email_ddyer_at_darpa_mil TEAMCORE'}
Mon Jan 13 16:24:25 2003: Registration produced: {'receiver': 'ddyer_at_darpa_mil_email_ddyer_at_darpa_mil', 'performative': 'reply', 'sender': 'TEAMCORE', 'in-reply-to': 't', 'content': 'ddyer_at_darpa_mil_email_ddyer_at_darpa_mil TEAMCORE'}ddyer_at_darpa_mil_email_ddyer_at_darpa_mil, TEAMCORE
Mon Jan 13 16:24:25 2003: Registration successful: ddyer_at_darpa_mil_email_ddyer_at_darpa_mil
Mon Jan 13 16:24:25 2003: Router for ddyer_at_darpa_mil_email_ddyer_at_darpa_mil running...
Mon Jan 13 16:24:25 2003: Sending message: (ask-one :sender ddyer_at_darpa_mil_email_ddyer_at_darpa_mil :reply-with t :content "proxy_ddyer_at_darpa_mil")
Mon Jan 13 16:24:25 2003: Received: {'receiver': 'ddyer_at_darpa_mil_email_ddyer_at_darpa_mil', 'performative': 'reply', 'sender': 'TEAMCORE', 'in-reply-to': 't', 'content': 'proxy_ddyer_at_darpa_mil:sangat.isi.edu:9993:'}
Mon Jan 13 16:24:25 2003: Sending message: (register :name email_ddyer_at_darpa_mil :reply-with nil :agenttype device :receiver proxy_ddyer_at_darpa_mil :user ddyer_at_darpa_mil :sender ddyer_at_darpa_mil_email_ddyer_at_darpa_mil :direction (to user))
Mon Jan 13 16:24:26 2003: Received: {'receiver': 'ddyer_at_darpa_mil_email_ddyer_at_darpa_mil', 'performative': 'ask', 'sender': 'ping_ddyer_at_darpa_mil_email_ddyer_at_darpa_mil', 'reply-with': 'ddyer_at_darpa_mil', 'content': 'hello'}
Mon Jan 13 16:24:26 2003: Processing message: {'receiver': 'ddyer_at_darpa_mil_email_ddyer_at_darpa_mil', 'performative': 'ask', 'sender': 'ping_ddyer_at_darpa_mil_email_ddyer_at_darpa_mil', 'reply-with': 'ddyer_at_darpa_mil', 'content': 'hello'}
Mon Jan 13 16:24:26 2003: Replying: (sorry :reply-with nil :in-reply-to ddyer_at_darpa_mil :receiver ping_ddyer_at_darpa_mil_email_ddyer_at_darpa_mil :sender ddyer_at_darpa_mil_email_ddyer_at_darpa_mil :comment "Unintelligible query")
Thu Jan 16 10:59:29 2003: Received: {'receiver': 'ddyer_at_darpa_mil_email_ddyer_at_darpa_mil', 'performative': 'kqml-admin', 'sender': 'TEAMCORE', 'kqml-msg-id': '1786+vibhagam.isi.edu+47', 'reply-with': 't', 'content': 'name'}
Thu Jan 16 11:53:56 2003: Received: {'receiver': 'ddyer_at_darpa_mil_email_ddyer_at_darpa_mil', 'performative': 'ask', 'sender': 'ping_ddyer_at_darpa_mil_email_ddyer_at_darpa_mil', 'reply-with': 'ddyer_at_darpa_mil', 'content': 'hello'}
Thu Jan 16 11:53:56 2003: Processing message: {'receiver': 'ddyer_at_darpa_mil_email_ddyer_at_darpa_mil', 'performative': 'ask', 'sender': 'ping_ddyer_at_darpa_mil_email_ddyer_at_darpa_mil', 'reply-with': 'ddyer_at_darpa_mil', 'content': 'hello'}
Thu Jan 16 11:53:56 2003: Replying: (sorry :reply-with nil :in-reply-to ddyer_at_darpa_mil :receiver ping_ddyer_at_darpa_mil_email_ddyer_at_darpa_mil :sender ddyer_at_darpa_mil_email_ddyer_at_darpa_mil :comment "Unintelligible query")
Tue Mar 04 15:42:25 2003: Received: {'receiver': 'ddyer_at_darpa_mil_email_ddyer_at_darpa_mil', 'performative': 'ask', 'sender': 'ping_ddyer_at_darpa_mil_email_ddyer_at_darpa_mil', 'reply-with': 'ddyer_at_darpa_mil', 'content': 'hello'}
Tue Mar 04 15:42:25 2003: Processing message: {'receiver': 'ddyer_at_darpa_mil_email_ddyer_at_darpa_mil', 'performative': 'ask', 'sender': 'ping_ddyer_at_darpa_mil_email_ddyer_at_darpa_mil', 'reply-with': 'ddyer_at_darpa_mil', 'content': 'hello'}
Tue Mar 04 15:42:25 2003: Replying: (sorry :reply-with nil :in-reply-to ddyer_at_darpa_mil :receiver ping_ddyer_at_darpa_mil_email_ddyer_at_darpa_mil :sender ddyer_at_darpa_mil_email_ddyer_at_darpa_mil :comment "Unintelligible query")
Tue Mar 04 15:46:07 2003: Received: {'receiver': 'ddyer_at_darpa_mil_email_ddyer_at_darpa_mil', 'performative': 'ask', 'sender': 'ping_ddyer_at_darpa_mil_email_ddyer_at_darpa_mil', 'reply-with': 'ddyer_at_darpa_mil', 'content': 'hello'}
Tue Mar 04 15:46:07 2003: Processing message: {'receiver': 'ddyer_at_darpa_mil_email_ddyer_at_darpa_mil', 'performative': 'ask', 'sender': 'ping_ddyer_at_darpa_mil_email_ddyer_at_darpa_mil', 'reply-with': 'ddyer_at_darpa_mil', 'content': 'hello'}
Tue Mar 04 15:46:07 2003: Replying: (sorry :reply-with nil :in-reply-to ddyer_at_darpa_mil :receiver ping_ddyer_at_darpa_mil_email_ddyer_at_darpa_mil :sender ddyer_at_darpa_mil_email_ddyer_at_darpa_mil :comment "Unintelligible query")
Tue Mar 04 16:00:37 2003: Using ANS: ('vibhagam.isi.edu', 5500)
Tue Mar 04 16:00:37 2003: Bound to host/port: sangat.isi.edu:6671
Tue Mar 04 16:00:37 2003: Sending message: (register :ontology tcp-ip :sender ddyer_at_darpa_mil_email_ddyer_at_darpa_mil :reply-with t :content "ddyer_at_darpa_mil_email_ddyer_at_darpa_mil sangat.isi.edu:6671")
Tue Mar 04 16:00:37 2003: Received: {'receiver': 'ddyer_at_darpa_mil_email_ddyer_at_darpa_mil', 'performative': 'error', 'sender': 'TEAMCORE', 'in-reply-to': 't', 'content': 'handler encountered error'}
Tue Mar 04 16:00:37 2003: Registration produced: {'receiver': 'ddyer_at_darpa_mil_email_ddyer_at_darpa_mil', 'performative': 'error', 'sender': 'TEAMCORE', 'in-reply-to': 't', 'content': 'handler encountered error'}
Tue Mar 04 16:00:37 2003: Sending message: (unregister :sender ddyer_at_darpa_mil_email_ddyer_at_darpa_mil :ontology tcp-ip :reply-with nil :content ddyer_at_darpa_mil_email_ddyer_at_darpa_mil)
Tue Mar 04 16:00:37 2003: Sending message: (register :sender ddyer_at_darpa_mil_email_ddyer_at_darpa_mil :ontology tcp-ip :reply-with t :content (ddyer_at_darpa_mil_email_ddyer_at_darpa_mil sangat.isi.edu:6671))
Tue Mar 04 16:00:37 2003: Received: {'receiver': 'ddyer_at_darpa_mil_email_ddyer_at_darpa_mil', 'performative': 'reply', 'sender': 'TEAMCORE', 'in-reply-to': 't', 'content': 'ddyer_at_darpa_mil_email_ddyer_at_darpa_mil TEAMCORE'}
Tue Mar 04 16:00:37 2003: Registration produced: {'receiver': 'ddyer_at_darpa_mil_email_ddyer_at_darpa_mil', 'performative': 'reply', 'sender': 'TEAMCORE', 'in-reply-to': 't', 'content': 'ddyer_at_darpa_mil_email_ddyer_at_darpa_mil TEAMCORE'}ddyer_at_darpa_mil_email_ddyer_at_darpa_mil, TEAMCORE
Tue Mar 04 16:00:37 2003: Registration successful: ddyer_at_darpa_mil_email_ddyer_at_darpa_mil
Tue Mar 04 16:00:37 2003: Router for ddyer_at_darpa_mil_email_ddyer_at_darpa_mil running...
Tue Mar 04 16:00:37 2003: Sending message: (ask-one :sender ddyer_at_darpa_mil_email_ddyer_at_darpa_mil :reply-with t :content "proxy_ddyer_at_darpa_mil")
Tue Mar 04 16:00:37 2003: Received: {'receiver': 'ddyer_at_darpa_mil_email_ddyer_at_darpa_mil', 'performative': 'reply', 'sender': 'TEAMCORE', 'in-reply-to': 't', 'content': 'proxy_ddyer_at_darpa_mil:sangat.isi.edu:9993:'}
Tue Mar 04 16:00:37 2003: Sending message: (register :name email_ddyer_at_darpa_mil :reply-with nil :agenttype device :receiver proxy_ddyer_at_darpa_mil :user ddyer_at_darpa_mil :sender ddyer_at_darpa_mil_email_ddyer_at_darpa_mil :direction (to user))
Tue Mar 04 16:00:38 2003: Received: {'receiver': 'ddyer_at_darpa_mil_email_ddyer_at_darpa_mil', 'performative': 'ask', 'sender': 'ping_ddyer_at_darpa_mil_email_ddyer_at_darpa_mil', 'reply-with': 'ddyer_at_darpa_mil', 'content': 'hello'}
Tue Mar 04 16:00:38 2003: Processing message: {'receiver': 'ddyer_at_darpa_mil_email_ddyer_at_darpa_mil', 'performative': 'ask', 'sender': 'ping_ddyer_at_darpa_mil_email_ddyer_at_darpa_mil', 'reply-with': 'ddyer_at_darpa_mil', 'content': 'hello'}
Tue Mar 04 16:00:38 2003: Replying: (sorry :reply-with nil :in-reply-to ddyer_at_darpa_mil :receiver ping_ddyer_at_darpa_mil_email_ddyer_at_darpa_mil :sender ddyer_at_darpa_mil_email_ddyer_at_darpa_mil :comment "Unintelligible query")
Tue Mar 04 16:11:01 2003: Received: {'receiver': 'ddyer_at_darpa_mil_email_ddyer_at_darpa_mil', 'performative': 'tell', 'sender': 'stop_ddyer_at_darpa_mil_email_ddyer_at_darpa_mil', 'reply-with': 'nil', 'content': 'stop'}
Tue Mar 04 16:11:01 2003: Processing message: {'receiver': 'ddyer_at_darpa_mil_email_ddyer_at_darpa_mil', 'performative': 'tell', 'sender': 'stop_ddyer_at_darpa_mil_email_ddyer_at_darpa_mil', 'reply-with': 'nil', 'content': 'stop'}
Tue Mar 04 16:11:01 2003: Sending message: (unregister :receiver proxy_ddyer_at_darpa_mil :name email_ddyer_at_darpa_mil :sender ddyer_at_darpa_mil_email_ddyer_at_darpa_mil :reply-with nil :user ddyer_at_darpa_mil)
Tue Mar 04 16:11:01 2003: Router ddyer_at_darpa_mil_email_ddyer_at_darpa_mil exiting...
Tue Mar 04 16:11:01 2003: Sending message: (unregister :receiver TEAMCORE :sender ddyer_at_darpa_mil_email_ddyer_at_darpa_mil :ontology tcp-ip :reply-with nil :content ddyer_at_darpa_mil_email_ddyer_at_darpa_mil)
Tue Mar 04 16:11:01 2003: Exiting...
Tue Mar 04 16:11:04 2003: Using ANS: ('vibhagam.isi.edu', 5500)
Tue Mar 04 16:11:04 2003: Bound to host/port: sangat.isi.edu:6670
Tue Mar 04 16:11:04 2003: Sending message: (register :ontology tcp-ip :sender ddyer_at_darpa_mil_email_ddyer_at_darpa_mil :reply-with t :content "ddyer_at_darpa_mil_email_ddyer_at_darpa_mil sangat.isi.edu:6670")
Tue Mar 04 16:11:04 2003: Received: {'receiver': 'ddyer_at_darpa_mil_email_ddyer_at_darpa_mil', 'performative': 'error', 'sender': 'TEAMCORE', 'in-reply-to': 't', 'content': 'handler encountered error'}
Tue Mar 04 16:11:04 2003: Registration produced: {'receiver': 'ddyer_at_darpa_mil_email_ddyer_at_darpa_mil', 'performative': 'error', 'sender': 'TEAMCORE', 'in-reply-to': 't', 'content': 'handler encountered error'}
Tue Mar 04 16:11:04 2003: Sending message: (unregister :sender ddyer_at_darpa_mil_email_ddyer_at_darpa_mil :ontology tcp-ip :reply-with nil :content ddyer_at_darpa_mil_email_ddyer_at_darpa_mil)
Tue Mar 04 16:11:04 2003: Sending message: (register :sender ddyer_at_darpa_mil_email_ddyer_at_darpa_mil :ontology tcp-ip :reply-with t :content (ddyer_at_darpa_mil_email_ddyer_at_darpa_mil sangat.isi.edu:6670))
Tue Mar 04 16:11:04 2003: Received: {'receiver': 'ddyer_at_darpa_mil_email_ddyer_at_darpa_mil', 'performative': 'reply', 'sender': 'TEAMCORE', 'in-reply-to': 't', 'content': 'ddyer_at_darpa_mil_email_ddyer_at_darpa_mil TEAMCORE'}
Tue Mar 04 16:11:04 2003: Registration produced: {'receiver': 'ddyer_at_darpa_mil_email_ddyer_at_darpa_mil', 'performative': 'reply', 'sender': 'TEAMCORE', 'in-reply-to': 't', 'content': 'ddyer_at_darpa_mil_email_ddyer_at_darpa_mil TEAMCORE'}ddyer_at_darpa_mil_email_ddyer_at_darpa_mil, TEAMCORE
Tue Mar 04 16:11:04 2003: Registration successful: ddyer_at_darpa_mil_email_ddyer_at_darpa_mil
Tue Mar 04 16:11:04 2003: Router for ddyer_at_darpa_mil_email_ddyer_at_darpa_mil running...
Tue Mar 04 16:11:04 2003: Sending message: (ask-one :sender ddyer_at_darpa_mil_email_ddyer_at_darpa_mil :reply-with t :content "proxy_ddyer_at_darpa_mil")
Tue Mar 04 16:11:04 2003: Received: {'receiver': 'ddyer_at_darpa_mil_email_ddyer_at_darpa_mil', 'performative': 'reply', 'sender': 'TEAMCORE', 'in-reply-to': 't', 'content': 'proxy_ddyer_at_darpa_mil:sangat.isi.edu:9993:'}
Tue Mar 04 16:11:04 2003: Sending message: (register :name email_ddyer_at_darpa_mil :reply-with nil :agenttype device :receiver proxy_ddyer_at_darpa_mil :user ddyer_at_darpa_mil :sender ddyer_at_darpa_mil_email_ddyer_at_darpa_mil :direction (to user))
Tue Mar 04 16:11:05 2003: Received: {'receiver': 'ddyer_at_darpa_mil_email_ddyer_at_darpa_mil', 'performative': 'ask', 'sender': 'ping_ddyer_at_darpa_mil_email_ddyer_at_darpa_mil', 'reply-with': 'ddyer_at_darpa_mil', 'content': 'hello'}
Tue Mar 04 16:11:05 2003: Processing message: {'receiver': 'ddyer_at_darpa_mil_email_ddyer_at_darpa_mil', 'performative': 'ask', 'sender': 'ping_ddyer_at_darpa_mil_email_ddyer_at_darpa_mil', 'reply-with': 'ddyer_at_darpa_mil', 'content': 'hello'}
Tue Mar 04 16:11:05 2003: Replying: (sorry :reply-with nil :in-reply-to ddyer_at_darpa_mil :receiver ping_ddyer_at_darpa_mil_email_ddyer_at_darpa_mil :sender ddyer_at_darpa_mil_email_ddyer_at_darpa_mil :comment "Unintelligible query")
Mon Apr 21 17:01:12 2003: Received: {'receiver': 'ddyer_at_darpa_mil_email_ddyer_at_darpa_mil', 'performative': 'kqml-admin', 'sender': 'TEAMCORE', 'kqml-msg-id': '880+vibhagam.isi.edu+53', 'reply-with': 't', 'content': 'name'}
Mon Apr 21 17:04:56 2003: Received: {'receiver': 'ddyer_at_darpa_mil_email_ddyer_at_darpa_mil', 'performative': 'ask', 'sender': 'ping_ddyer_at_darpa_mil_email_ddyer_at_darpa_mil', 'reply-with': 'ddyer_at_darpa_mil', 'content': 'hello'}
Mon Apr 21 17:04:56 2003: Processing message: {'receiver': 'ddyer_at_darpa_mil_email_ddyer_at_darpa_mil', 'performative': 'ask', 'sender': 'ping_ddyer_at_darpa_mil_email_ddyer_at_darpa_mil', 'reply-with': 'ddyer_at_darpa_mil', 'content': 'hello'}
Mon Apr 21 17:04:56 2003: Replying: (sorry :reply-with nil :in-reply-to ddyer_at_darpa_mil :receiver ping_ddyer_at_darpa_mil_email_ddyer_at_darpa_mil :sender ddyer_at_darpa_mil_email_ddyer_at_darpa_mil :comment "Unintelligible query")
Mon Apr 21 17:10:41 2003: Received: {'receiver': 'ddyer_at_darpa_mil_email_ddyer_at_darpa_mil', 'performative': 'tell', 'sender': 'stop_ddyer_at_darpa_mil_email_ddyer_at_darpa_mil', 'reply-with': 'nil', 'content': 'stop'}
Mon Apr 21 17:10:41 2003: Processing message: {'receiver': 'ddyer_at_darpa_mil_email_ddyer_at_darpa_mil', 'performative': 'tell', 'sender': 'stop_ddyer_at_darpa_mil_email_ddyer_at_darpa_mil', 'reply-with': 'nil', 'content': 'stop'}
Mon Apr 21 17:10:42 2003: Sending message: (unregister :receiver proxy_ddyer_at_darpa_mil :name email_ddyer_at_darpa_mil :sender ddyer_at_darpa_mil_email_ddyer_at_darpa_mil :reply-with nil :user ddyer_at_darpa_mil)
Mon Apr 21 17:10:42 2003: Router ddyer_at_darpa_mil_email_ddyer_at_darpa_mil exiting...
Mon Apr 21 17:10:42 2003: Sending message: (unregister :receiver TEAMCORE :sender ddyer_at_darpa_mil_email_ddyer_at_darpa_mil :ontology tcp-ip :reply-with nil :content ddyer_at_darpa_mil_email_ddyer_at_darpa_mil)
Mon Apr 21 17:10:42 2003: Exiting...
Mon Apr 21 17:10:44 2003: Using ANS: ('vibhagam.isi.edu', 5500)
Mon Apr 21 17:10:44 2003: Bound to host/port: sangat.isi.edu:6668
Mon Apr 21 17:10:44 2003: Sending message: (register :ontology tcp-ip :sender ddyer_at_darpa_mil_email_ddyer_at_darpa_mil :reply-with t :content "ddyer_at_darpa_mil_email_ddyer_at_darpa_mil sangat.isi.edu:6668")
Mon Apr 21 17:10:44 2003: Received: {'receiver': 'ddyer_at_darpa_mil_email_ddyer_at_darpa_mil', 'performative': 'error', 'sender': 'TEAMCORE', 'in-reply-to': 't', 'content': 'handler encountered error'}
Mon Apr 21 17:10:44 2003: Registration produced: {'receiver': 'ddyer_at_darpa_mil_email_ddyer_at_darpa_mil', 'performative': 'error', 'sender': 'TEAMCORE', 'in-reply-to': 't', 'content': 'handler encountered error'}
Mon Apr 21 17:10:44 2003: Sending message: (unregister :sender ddyer_at_darpa_mil_email_ddyer_at_darpa_mil :ontology tcp-ip :reply-with nil :content ddyer_at_darpa_mil_email_ddyer_at_darpa_mil)
Mon Apr 21 17:10:44 2003: Sending message: (register :sender ddyer_at_darpa_mil_email_ddyer_at_darpa_mil :ontology tcp-ip :reply-with t :content (ddyer_at_darpa_mil_email_ddyer_at_darpa_mil sangat.isi.edu:6668))
Mon Apr 21 17:10:44 2003: Received: {'receiver': 'ddyer_at_darpa_mil_email_ddyer_at_darpa_mil', 'performative': 'reply', 'sender': 'TEAMCORE', 'in-reply-to': 't', 'content': 'ddyer_at_darpa_mil_email_ddyer_at_darpa_mil TEAMCORE'}
Mon Apr 21 17:10:44 2003: Registration produced: {'receiver': 'ddyer_at_darpa_mil_email_ddyer_at_darpa_mil', 'performative': 'reply', 'sender': 'TEAMCORE', 'in-reply-to': 't', 'content': 'ddyer_at_darpa_mil_email_ddyer_at_darpa_mil TEAMCORE'}ddyer_at_darpa_mil_email_ddyer_at_darpa_mil, TEAMCORE
Mon Apr 21 17:10:44 2003: Registration successful: ddyer_at_darpa_mil_email_ddyer_at_darpa_mil
Mon Apr 21 17:10:44 2003: Router for ddyer_at_darpa_mil_email_ddyer_at_darpa_mil running...
Mon Apr 21 17:10:44 2003: Sending message: (ask-one :sender ddyer_at_darpa_mil_email_ddyer_at_darpa_mil :reply-with t :content "proxy_ddyer_at_darpa_mil")
Mon Apr 21 17:10:44 2003: Received: {'receiver': 'ddyer_at_darpa_mil_email_ddyer_at_darpa_mil', 'performative': 'reply', 'sender': 'TEAMCORE', 'in-reply-to': 't', 'content': 'proxy_ddyer_at_darpa_mil:sangat.isi.edu:9993:'}
Mon Apr 21 17:10:44 2003: Sending message: (register :name email_ddyer_at_darpa_mil :reply-with nil :agenttype device :receiver proxy_ddyer_at_darpa_mil :user ddyer_at_darpa_mil :sender ddyer_at_darpa_mil_email_ddyer_at_darpa_mil :direction (to user))
Mon Apr 21 17:10:45 2003: Received: {'receiver': 'ddyer_at_darpa_mil_email_ddyer_at_darpa_mil', 'performative': 'ask', 'sender': 'ping_ddyer_at_darpa_mil_email_ddyer_at_darpa_mil', 'reply-with': 'ddyer_at_darpa_mil', 'content': 'hello'}
Mon Apr 21 17:10:45 2003: Processing message: {'receiver': 'ddyer_at_darpa_mil_email_ddyer_at_darpa_mil', 'performative': 'ask', 'sender': 'ping_ddyer_at_darpa_mil_email_ddyer_at_darpa_mil', 'reply-with': 'ddyer_at_darpa_mil', 'content': 'hello'}
Mon Apr 21 17:10:45 2003: Replying: (sorry :reply-with nil :in-reply-to ddyer_at_darpa_mil :receiver ping_ddyer_at_darpa_mil_email_ddyer_at_darpa_mil :sender ddyer_at_darpa_mil_email_ddyer_at_darpa_mil :comment "Unintelligible query")
Mon Apr 21 17:51:23 2003: Using ANS: ('vibhagam', 5500)
Mon Apr 21 17:51:23 2003: Bound to host/port: sangat.isi.edu:6671
Mon Apr 21 17:51:23 2003: Sending message: (register :ontology tcp-ip :sender ddyer_at_darpa_mil_email_ddyer_at_darpa_mil :reply-with t :content "ddyer_at_darpa_mil_email_ddyer_at_darpa_mil sangat.isi.edu:6671")
Mon Apr 21 17:51:23 2003: Received: {'receiver': 'ddyer_at_darpa_mil_email_ddyer_at_darpa_mil', 'performative': 'error', 'sender': 'TEAMCORE', 'in-reply-to': 't', 'content': 'handler encountered error'}
Mon Apr 21 17:51:23 2003: Registration produced: {'receiver': 'ddyer_at_darpa_mil_email_ddyer_at_darpa_mil', 'performative': 'error', 'sender': 'TEAMCORE', 'in-reply-to': 't', 'content': 'handler encountered error'}
Mon Apr 21 17:51:23 2003: Sending message: (unregister :sender ddyer_at_darpa_mil_email_ddyer_at_darpa_mil :ontology tcp-ip :reply-with nil :content ddyer_at_darpa_mil_email_ddyer_at_darpa_mil)
Mon Apr 21 17:51:23 2003: Sending message: (register :sender ddyer_at_darpa_mil_email_ddyer_at_darpa_mil :ontology tcp-ip :reply-with t :content (ddyer_at_darpa_mil_email_ddyer_at_darpa_mil sangat.isi.edu:6671))
Mon Apr 21 17:51:23 2003: Received: {'receiver': 'ddyer_at_darpa_mil_email_ddyer_at_darpa_mil', 'performative': 'reply', 'sender': 'TEAMCORE', 'in-reply-to': 't', 'content': 'ddyer_at_darpa_mil_email_ddyer_at_darpa_mil TEAMCORE'}
Mon Apr 21 17:51:23 2003: Registration produced: {'receiver': 'ddyer_at_darpa_mil_email_ddyer_at_darpa_mil', 'performative': 'reply', 'sender': 'TEAMCORE', 'in-reply-to': 't', 'content': 'ddyer_at_darpa_mil_email_ddyer_at_darpa_mil TEAMCORE'}ddyer_at_darpa_mil_email_ddyer_at_darpa_mil, TEAMCORE
Mon Apr 21 17:51:23 2003: Registration successful: ddyer_at_darpa_mil_email_ddyer_at_darpa_mil
Mon Apr 21 17:51:23 2003: Router for ddyer_at_darpa_mil_email_ddyer_at_darpa_mil running...
Mon Apr 21 17:51:23 2003: Sending message: (ask-one :sender ddyer_at_darpa_mil_email_ddyer_at_darpa_mil :reply-with t :content "proxy_ddyer_at_darpa_mil")
Mon Apr 21 17:51:23 2003: Received: {'receiver': 'ddyer_at_darpa_mil_email_ddyer_at_darpa_mil', 'performative': 'reply', 'sender': 'TEAMCORE', 'in-reply-to': 't', 'content': 'proxy_ddyer_at_darpa_mil:sangat.isi.edu:9991:'}
Mon Apr 21 17:51:23 2003: Sending message: (register :name email_ddyer_at_darpa_mil :reply-with nil :agenttype device :receiver proxy_ddyer_at_darpa_mil :user ddyer_at_darpa_mil :sender ddyer_at_darpa_mil_email_ddyer_at_darpa_mil :direction (to user))
Mon Apr 21 17:51:24 2003: Received: {'receiver': 'ddyer_at_darpa_mil_email_ddyer_at_darpa_mil', 'performative': 'ask', 'sender': 'ping_ddyer_at_darpa_mil_email_ddyer_at_darpa_mil', 'reply-with': 'ddyer_at_darpa_mil', 'content': 'hello'}
Mon Apr 21 17:51:24 2003: Processing message: {'receiver': 'ddyer_at_darpa_mil_email_ddyer_at_darpa_mil', 'performative': 'ask', 'sender': 'ping_ddyer_at_darpa_mil_email_ddyer_at_darpa_mil', 'reply-with': 'ddyer_at_darpa_mil', 'content': 'hello'}
Mon Apr 21 17:51:24 2003: Replying: (sorry :reply-with nil :in-reply-to ddyer_at_darpa_mil :receiver ping_ddyer_at_darpa_mil_email_ddyer_at_darpa_mil :sender ddyer_at_darpa_mil_email_ddyer_at_darpa_mil :comment "Unintelligible query")
Mon Apr 21 17:55:08 2003: Received: {'receiver': 'ddyer_at_darpa_mil_email_ddyer_at_darpa_mil', 'performative': 'ask', 'sender': 'ping_ddyer_at_darpa_mil_email_ddyer_at_darpa_mil', 'reply-with': 'ddyer_at_darpa_mil', 'content': 'hello'}
Mon Apr 21 17:55:08 2003: Processing message: {'receiver': 'ddyer_at_darpa_mil_email_ddyer_at_darpa_mil', 'performative': 'ask', 'sender': 'ping_ddyer_at_darpa_mil_email_ddyer_at_darpa_mil', 'reply-with': 'ddyer_at_darpa_mil', 'content': 'hello'}
Mon Apr 21 17:55:08 2003: Replying: (sorry :reply-with nil :in-reply-to ddyer_at_darpa_mil :receiver ping_ddyer_at_darpa_mil_email_ddyer_at_darpa_mil :sender ddyer_at_darpa_mil_email_ddyer_at_darpa_mil :comment "Unintelligible query")
Fri Aug 15 11:57:35 2003: Received: {'receiver': 'ddyer_at_darpa_mil_email_ddyer_at_darpa_mil', 'performative': 'kqml-admin', 'sender': 'TEAMCORE', 'kqml-msg-id': '23912+vibhagam.isi.edu+46', 'reply-with': 't', 'content': 'name'}
