Wed Dec 05 15:38:50 2001: Using ANS: ('vibhagam.isi.edu', 5500)
Wed Dec 05 15:38:50 2001: Bound to host/port: sangat.isi.edu:6674
Wed Dec 05 15:38:50 2001: Sending message: (register :sender pynadath_at_isi_edu_fax :ontology tcp-ip :reply-with t :content (pynadath_at_isi_edu_fax sangat.isi.edu:6674))
Wed Dec 05 15:38:50 2001: Received: {'receiver': 'pynadath_at_isi_edu_fax', 'performative': 'reply', 'sender': 'TEAMCORE', 'in-reply-to': 't', 'content': 'pynadath_at_isi_edu_fax TEAMCORE'}
Wed Dec 05 15:38:50 2001: Registration produced: {'receiver': 'pynadath_at_isi_edu_fax', 'performative': 'reply', 'sender': 'TEAMCORE', 'in-reply-to': 't', 'content': 'pynadath_at_isi_edu_fax TEAMCORE'}
Wed Dec 05 15:38:50 2001: Registration successful: pynadath_at_isi_edu_fax
Wed Dec 05 15:38:50 2001: Router for pynadath_at_isi_edu_fax running...
Wed Dec 05 15:38:50 2001: Sending message: (ask-one :sender pynadath_at_isi_edu_fax :reply-with t :content "proxy_pynadath_at_isi_edu")
Wed Dec 05 15:38:50 2001: Received: {'receiver': 'pynadath_at_isi_edu_fax', 'performative': 'reply', 'sender': 'TEAMCORE', 'in-reply-to': 't', 'content': 'proxy_pynadath_at_isi_edu:sangat.isi.edu:9992:'}
Wed Dec 05 15:38:50 2001: Sending message: (register :name fax :reply-with nil :agenttype device :receiver proxy_pynadath_at_isi_edu :user pynadath_at_isi_edu :sender pynadath_at_isi_edu_fax :direction to other)
Wed Dec 05 15:54:52 2001: Received: {'performative': 'tell', 'sender': 'proxy_pynadath_at_isi_edu', 'deadline': '10000', 'reply-with': 'nil', 'content': '\012    Attention : Registration Desk .\012\012    This is a message generated by the flight monitoring elf on behalf of pynadath_at_isi_edu.\012\012Due to the schedule of the flight United Airlines 919 (from IAD to LAX) pynadath_at_isi_edu WILL ARRIVE there around Wed Dec 05 21:05:00 PST 2001.\012\012Original Flight Schedule : depart at Wed Dec 05 17:45:00 PST 2001 arrives at Wed Dec 05 20:15:00 PST 2001\012\012Estimated Time : departed at Wed Dec 05 18:02:00 PST 2001 arrived at Wed Dec 05 20:05:00 PST 2001\012\012    Thank you.\012\012         -- Electric elves\012', 'user': 'pynadath_at_isi_edu'}
Wed Dec 05 15:54:52 2001: Processing message: {'performative': 'tell', 'sender': 'proxy_pynadath_at_isi_edu', 'deadline': '10000', 'reply-with': 'nil', 'content': '\012    Attention : Registration Desk .\012\012    This is a message generated by the flight monitoring elf on behalf of pynadath_at_isi_edu.\012\012Due to the schedule of the flight United Airlines 919 (from IAD to LAX) pynadath_at_isi_edu WILL ARRIVE there around Wed Dec 05 21:05:00 PST 2001.\012\012Original Flight Schedule : depart at Wed Dec 05 17:45:00 PST 2001 arrives at Wed Dec 05 20:15:00 PST 2001\012\012Estimated Time : departed at Wed Dec 05 18:02:00 PST 2001 arrived at Wed Dec 05 20:05:00 PST 2001\012\012    Thank you.\012\012         -- Electric elves\012', 'user': 'pynadath_at_isi_edu'}
Wed Dec 05 15:54:52 2001: Received: {'performative': 'tell', 'sender': 'proxy_pynadath_at_isi_edu', 'deadline': '10000', 'reply-with': 'nil', 'content': '\012    Attention : Registration Desk .\012\012    This is a message generated by the flight monitoring elf on behalf of pynadath_at_isi_edu.\012\012Due to the schedule of the flight United Airlines 919 (from IAD to LAX) pynadath_at_isi_edu WILL ARRIVE there around Wed Dec 05 21:05:00 PST 2001.\012\012Original Flight Schedule : depart at Wed Dec 05 17:45:00 PST 2001 arrives at Wed Dec 05 20:15:00 PST 2001\012\012Estimated Time : departed at Wed Dec 05 18:02:00 PST 2001 arrived at Wed Dec 05 20:05:00 PST 2001\012\012    Thank you.\012\012         -- Electric elves\012', 'user': 'pynadath_at_isi_edu'}
Wed Dec 05 15:54:52 2001: Processing message: {'performative': 'tell', 'sender': 'proxy_pynadath_at_isi_edu', 'deadline': '10000', 'reply-with': 'nil', 'content': '\012    Attention : Registration Desk .\012\012    This is a message generated by the flight monitoring elf on behalf of pynadath_at_isi_edu.\012\012Due to the schedule of the flight United Airlines 919 (from IAD to LAX) pynadath_at_isi_edu WILL ARRIVE there around Wed Dec 05 21:05:00 PST 2001.\012\012Original Flight Schedule : depart at Wed Dec 05 17:45:00 PST 2001 arrives at Wed Dec 05 20:15:00 PST 2001\012\012Estimated Time : departed at Wed Dec 05 18:02:00 PST 2001 arrived at Wed Dec 05 20:05:00 PST 2001\012\012    Thank you.\012\012         -- Electric elves\012', 'user': 'pynadath_at_isi_edu'}
Wed Dec 05 16:03:39 2001: Received: {'receiver': 'pynadath_at_isi_edu_fax', 'performative': 'tell', 'sender': 'deviceCGI_pynadath_at_isi_edu', 'reply-with': 'nil', 'content': 'stop'}
Wed Dec 05 16:03:39 2001: Processing message: {'receiver': 'pynadath_at_isi_edu_fax', 'performative': 'tell', 'sender': 'deviceCGI_pynadath_at_isi_edu', 'reply-with': 'nil', 'content': 'stop'}
Wed Dec 05 16:03:39 2001: Sending message: (unregister :receiver proxy_pynadath_at_isi_edu :name fax :sender pynadath_at_isi_edu_fax :reply-with nil :user pynadath_at_isi_edu)
Wed Dec 05 16:03:39 2001: Sending message: (ask-one :sender pynadath_at_isi_edu_fax :reply-with t :content "proxy_pynadath_at_isi_edu")
Wed Dec 05 16:03:39 2001: Received: {'receiver': 'pynadath_at_isi_edu_fax', 'performative': 'sorry', 'sender': 'TEAMCORE', 'in-reply-to': 't'}
Wed Dec 05 16:03:39 2001: No registered agent: proxy_pynadath_at_isi_edu
Wed Dec 05 16:03:39 2001: Unable to find host/port of: proxy_pynadath_at_isi_edu
Wed Dec 05 16:03:39 2001: Router pynadath_at_isi_edu_fax exiting...
Wed Dec 05 16:03:39 2001: Sending message: (unregister :receiver TEAMCORE :sender pynadath_at_isi_edu_fax :ontology tcp-ip :reply-with nil :content pynadath_at_isi_edu_fax)
Wed Dec 05 16:03:39 2001: Exiting...
Wed Dec 05 16:06:26 2001: Using ANS: ('vibhagam.isi.edu', 5500)
Wed Dec 05 16:06:26 2001: Bound to host/port: sangat.isi.edu:6674
Wed Dec 05 16:06:26 2001: Sending message: (register :sender pynadath_at_isi_edu_fax :ontology tcp-ip :reply-with t :content (pynadath_at_isi_edu_fax sangat.isi.edu:6674))
Wed Dec 05 16:06:26 2001: Received: {'receiver': 'pynadath_at_isi_edu_fax', 'performative': 'reply', 'sender': 'TEAMCORE', 'in-reply-to': 't', 'content': 'pynadath_at_isi_edu_fax TEAMCORE'}
Wed Dec 05 16:06:26 2001: Registration produced: {'receiver': 'pynadath_at_isi_edu_fax', 'performative': 'reply', 'sender': 'TEAMCORE', 'in-reply-to': 't', 'content': 'pynadath_at_isi_edu_fax TEAMCORE'}
Wed Dec 05 16:06:26 2001: Registration successful: pynadath_at_isi_edu_fax
Wed Dec 05 16:06:26 2001: Router for pynadath_at_isi_edu_fax running...
Wed Dec 05 16:06:26 2001: Sending message: (ask-one :sender pynadath_at_isi_edu_fax :reply-with t :content "proxy_pynadath_at_isi_edu")
Wed Dec 05 16:06:26 2001: Received: {'receiver': 'pynadath_at_isi_edu_fax', 'performative': 'reply', 'sender': 'TEAMCORE', 'in-reply-to': 't', 'content': 'proxy_pynadath_at_isi_edu:sangat.isi.edu:9992:'}
Wed Dec 05 16:06:26 2001: Sending message: (register :name fax :reply-with nil :agenttype device :receiver proxy_pynadath_at_isi_edu :user pynadath_at_isi_edu :sender pynadath_at_isi_edu_fax :direction to other)
Wed Dec 05 16:10:14 2001: Received: {'performative': 'tell', 'sender': 'proxy_pynadath_at_isi_edu', 'deadline': '10000', 'reply-with': 'nil', 'content': '\012    Attention : Registration Desk .\012\012    This is a message generated by the flight monitoring elf on behalf of pynadath_at_isi_edu.\012\012Due to the schedule of the flight United Airlines 919 (from IAD to LAX) pynadath_at_isi_edu WILL ARRIVE there around Wed Dec 05 21:05:00 PST 2001.\012\012Original Flight Schedule : depart at Wed Dec 05 17:45:00 PST 2001 arrives at Wed Dec 05 20:15:00 PST 2001\012\012Estimated Time : departed at Wed Dec 05 18:02:00 PST 2001 arrived at Wed Dec 05 20:05:00 PST 2001\012\012    Thank you.\012\012         -- Electric elves\012', 'user': 'pynadath_at_isi_edu'}
Wed Dec 05 16:10:14 2001: Processing message: {'performative': 'tell', 'sender': 'proxy_pynadath_at_isi_edu', 'deadline': '10000', 'reply-with': 'nil', 'content': '\012    Attention : Registration Desk .\012\012    This is a message generated by the flight monitoring elf on behalf of pynadath_at_isi_edu.\012\012Due to the schedule of the flight United Airlines 919 (from IAD to LAX) pynadath_at_isi_edu WILL ARRIVE there around Wed Dec 05 21:05:00 PST 2001.\012\012Original Flight Schedule : depart at Wed Dec 05 17:45:00 PST 2001 arrives at Wed Dec 05 20:15:00 PST 2001\012\012Estimated Time : departed at Wed Dec 05 18:02:00 PST 2001 arrived at Wed Dec 05 20:05:00 PST 2001\012\012    Thank you.\012\012         -- Electric elves\012', 'user': 'pynadath_at_isi_edu'}
Wed Dec 05 16:10:14 2001: Received: {'performative': 'tell', 'sender': 'proxy_pynadath_at_isi_edu', 'deadline': '10000', 'reply-with': 'nil', 'content': '\012    Attention : Registration Desk .\012\012    This is a message generated by the flight monitoring elf on behalf of pynadath_at_isi_edu.\012\012Due to the schedule of the flight United Airlines 919 (from IAD to LAX) pynadath_at_isi_edu WILL ARRIVE there around Wed Dec 05 21:05:00 PST 2001.\012\012Original Flight Schedule : depart at Wed Dec 05 17:45:00 PST 2001 arrives at Wed Dec 05 20:15:00 PST 2001\012\012Estimated Time : departed at Wed Dec 05 18:02:00 PST 2001 arrived at Wed Dec 05 20:05:00 PST 2001\012\012    Thank you.\012\012         -- Electric elves\012', 'user': 'pynadath_at_isi_edu'}
Wed Dec 05 16:10:14 2001: Processing message: {'performative': 'tell', 'sender': 'proxy_pynadath_at_isi_edu', 'deadline': '10000', 'reply-with': 'nil', 'content': '\012    Attention : Registration Desk .\012\012    This is a message generated by the flight monitoring elf on behalf of pynadath_at_isi_edu.\012\012Due to the schedule of the flight United Airlines 919 (from IAD to LAX) pynadath_at_isi_edu WILL ARRIVE there around Wed Dec 05 21:05:00 PST 2001.\012\012Original Flight Schedule : depart at Wed Dec 05 17:45:00 PST 2001 arrives at Wed Dec 05 20:15:00 PST 2001\012\012Estimated Time : departed at Wed Dec 05 18:02:00 PST 2001 arrived at Wed Dec 05 20:05:00 PST 2001\012\012    Thank you.\012\012         -- Electric elves\012', 'user': 'pynadath_at_isi_edu'}
Wed Dec 05 16:17:56 2001: Received: {'receiver': 'pynadath_at_isi_edu_fax', 'performative': 'tell', 'sender': 'deviceCGI_pynadath_at_isi_edu', 'reply-with': 'nil', 'content': 'stop'}
Wed Dec 05 16:17:56 2001: Processing message: {'receiver': 'pynadath_at_isi_edu_fax', 'performative': 'tell', 'sender': 'deviceCGI_pynadath_at_isi_edu', 'reply-with': 'nil', 'content': 'stop'}
Wed Dec 05 16:17:56 2001: Sending message: (unregister :receiver proxy_pynadath_at_isi_edu :name fax :sender pynadath_at_isi_edu_fax :reply-with nil :user pynadath_at_isi_edu)
Wed Dec 05 16:17:56 2001: Router pynadath_at_isi_edu_fax exiting...
Wed Dec 05 16:17:56 2001: Sending message: (unregister :receiver TEAMCORE :sender pynadath_at_isi_edu_fax :ontology tcp-ip :reply-with nil :content pynadath_at_isi_edu_fax)
Wed Dec 05 16:17:56 2001: Exiting...
Wed Dec 05 16:18:49 2001: Using ANS: ('vibhagam.isi.edu', 5500)
Wed Dec 05 16:18:49 2001: Bound to host/port: sangat.isi.edu:6669
Wed Dec 05 16:18:49 2001: Sending message: (register :sender pynadath_at_isi_edu_fax :ontology tcp-ip :reply-with t :content (pynadath_at_isi_edu_fax sangat.isi.edu:6669))
Wed Dec 05 16:18:49 2001: Received: {'receiver': 'pynadath_at_isi_edu_fax', 'performative': 'reply', 'sender': 'TEAMCORE', 'in-reply-to': 't', 'content': 'pynadath_at_isi_edu_fax TEAMCORE'}
Wed Dec 05 16:18:49 2001: Registration produced: {'receiver': 'pynadath_at_isi_edu_fax', 'performative': 'reply', 'sender': 'TEAMCORE', 'in-reply-to': 't', 'content': 'pynadath_at_isi_edu_fax TEAMCORE'}
Wed Dec 05 16:18:49 2001: Registration successful: pynadath_at_isi_edu_fax
Wed Dec 05 16:18:49 2001: Router for pynadath_at_isi_edu_fax running...
Wed Dec 05 16:18:49 2001: Sending message: (ask-one :sender pynadath_at_isi_edu_fax :reply-with t :content "proxy_pynadath_at_isi_edu")
Wed Dec 05 16:18:49 2001: Received: {'receiver': 'pynadath_at_isi_edu_fax', 'performative': 'reply', 'sender': 'TEAMCORE', 'in-reply-to': 't', 'content': 'proxy_pynadath_at_isi_edu:sangat.isi.edu:9992:'}
Wed Dec 05 16:18:49 2001: Sending message: (register :name fax :reply-with nil :agenttype device :receiver proxy_pynadath_at_isi_edu :user pynadath_at_isi_edu :sender pynadath_at_isi_edu_fax :direction to other)
Wed Dec 05 16:23:45 2001: Received: {'performative': 'tell', 'reply-with': 'nil', 'user': 'pynadath_at_isi_edu', 'sender': 'proxy_pynadath_at_isi_edu', 'deadline': '10000', 'fax': '3108220751', 'content': '\012    Attention : Registration Desk .\012\012    This is a message generated by the flight monitoring elf on behalf of pynadath_at_isi_edu.\012\012Due to the schedule of the flight United Airlines 919 (from IAD to LAX) pynadath_at_isi_edu WILL ARRIVE there around Wed Dec 05 21:05:00 PST 2001.\012\012Original Flight Schedule : depart at Wed Dec 05 17:45:00 PST 2001 arrives at Wed Dec 05 20:15:00 PST 2001\012\012Estimated Time : departed at Wed Dec 05 18:02:00 PST 2001 arrived at Wed Dec 05 20:05:00 PST 2001\012\012    Thank you.\012\012         -- Electric elves\012'}
Wed Dec 05 16:23:45 2001: Processing message: {'performative': 'tell', 'reply-with': 'nil', 'user': 'pynadath_at_isi_edu', 'sender': 'proxy_pynadath_at_isi_edu', 'deadline': '10000', 'fax': '3108220751', 'content': '\012    Attention : Registration Desk .\012\012    This is a message generated by the flight monitoring elf on behalf of pynadath_at_isi_edu.\012\012Due to the schedule of the flight United Airlines 919 (from IAD to LAX) pynadath_at_isi_edu WILL ARRIVE there around Wed Dec 05 21:05:00 PST 2001.\012\012Original Flight Schedule : depart at Wed Dec 05 17:45:00 PST 2001 arrives at Wed Dec 05 20:15:00 PST 2001\012\012Estimated Time : departed at Wed Dec 05 18:02:00 PST 2001 arrived at Wed Dec 05 20:05:00 PST 2001\012\012    Thank you.\012\012         -- Electric elves\012'}
Wed Dec 05 16:23:45 2001: Received: {'performative': 'tell', 'reply-with': 'nil', 'user': 'pynadath_at_isi_edu', 'sender': 'proxy_pynadath_at_isi_edu', 'deadline': '10000', 'fax': '3108220751', 'content': '\012    Attention : Registration Desk .\012\012    This is a message generated by the flight monitoring elf on behalf of pynadath_at_isi_edu.\012\012Due to the schedule of the flight United Airlines 919 (from IAD to LAX) pynadath_at_isi_edu WILL ARRIVE there around Wed Dec 05 21:05:00 PST 2001.\012\012Original Flight Schedule : depart at Wed Dec 05 17:45:00 PST 2001 arrives at Wed Dec 05 20:15:00 PST 2001\012\012Estimated Time : departed at Wed Dec 05 18:02:00 PST 2001 arrived at Wed Dec 05 20:05:00 PST 2001\012\012    Thank you.\012\012         -- Electric elves\012'}
Wed Dec 05 16:23:45 2001: Processing message: {'performative': 'tell', 'reply-with': 'nil', 'user': 'pynadath_at_isi_edu', 'sender': 'proxy_pynadath_at_isi_edu', 'deadline': '10000', 'fax': '3108220751', 'content': '\012    Attention : Registration Desk .\012\012    This is a message generated by the flight monitoring elf on behalf of pynadath_at_isi_edu.\012\012Due to the schedule of the flight United Airlines 919 (from IAD to LAX) pynadath_at_isi_edu WILL ARRIVE there around Wed Dec 05 21:05:00 PST 2001.\012\012Original Flight Schedule : depart at Wed Dec 05 17:45:00 PST 2001 arrives at Wed Dec 05 20:15:00 PST 2001\012\012Estimated Time : departed at Wed Dec 05 18:02:00 PST 2001 arrived at Wed Dec 05 20:05:00 PST 2001\012\012    Thank you.\012\012         -- Electric elves\012'}
Wed Dec 05 16:33:04 2001: Received: {'performative': 'tell', 'reply-with': 'nil', 'user': 'pynadath_at_isi_edu', 'sender': 'proxy_pynadath_at_isi_edu', 'deadline': '10000', 'fax': '3108220751', 'content': '\012    Attention : Registration Desk .\012\012    This is a message generated by the flight monitoring elf on behalf of pynadath_at_isi_edu.\012\012Due to the schedule of the flight United Airlines 919 (from IAD to LAX) pynadath_at_isi_edu WILL ARRIVE there around Wed Dec 05 21:05:00 PST 2001.\012\012Original Flight Schedule : depart at Wed Dec 05 17:45:00 PST 2001 arrives at Wed Dec 05 20:15:00 PST 2001\012\012Estimated Time : departed at Wed Dec 05 18:02:00 PST 2001 arrived at Wed Dec 05 20:05:00 PST 2001\012\012    Thank you.\012\012         -- Electric elves\012'}
Wed Dec 05 16:33:04 2001: Processing message: {'performative': 'tell', 'reply-with': 'nil', 'user': 'pynadath_at_isi_edu', 'sender': 'proxy_pynadath_at_isi_edu', 'deadline': '10000', 'fax': '3108220751', 'content': '\012    Attention : Registration Desk .\012\012    This is a message generated by the flight monitoring elf on behalf of pynadath_at_isi_edu.\012\012Due to the schedule of the flight United Airlines 919 (from IAD to LAX) pynadath_at_isi_edu WILL ARRIVE there around Wed Dec 05 21:05:00 PST 2001.\012\012Original Flight Schedule : depart at Wed Dec 05 17:45:00 PST 2001 arrives at Wed Dec 05 20:15:00 PST 2001\012\012Estimated Time : departed at Wed Dec 05 18:02:00 PST 2001 arrived at Wed Dec 05 20:05:00 PST 2001\012\012    Thank you.\012\012         -- Electric elves\012'}
Wed Dec 05 16:33:04 2001: Received: {'performative': 'tell', 'reply-with': 'nil', 'user': 'pynadath_at_isi_edu', 'sender': 'proxy_pynadath_at_isi_edu', 'deadline': '10000', 'fax': '3108220751', 'content': '\012    Attention : Registration Desk .\012\012    This is a message generated by the flight monitoring elf on behalf of pynadath_at_isi_edu.\012\012Due to the schedule of the flight United Airlines 919 (from IAD to LAX) pynadath_at_isi_edu WILL ARRIVE there around Wed Dec 05 21:05:00 PST 2001.\012\012Original Flight Schedule : depart at Wed Dec 05 17:45:00 PST 2001 arrives at Wed Dec 05 20:15:00 PST 2001\012\012Estimated Time : departed at Wed Dec 05 18:02:00 PST 2001 arrived at Wed Dec 05 20:05:00 PST 2001\012\012    Thank you.\012\012         -- Electric elves\012'}
Wed Dec 05 16:33:04 2001: Processing message: {'performative': 'tell', 'reply-with': 'nil', 'user': 'pynadath_at_isi_edu', 'sender': 'proxy_pynadath_at_isi_edu', 'deadline': '10000', 'fax': '3108220751', 'content': '\012    Attention : Registration Desk .\012\012    This is a message generated by the flight monitoring elf on behalf of pynadath_at_isi_edu.\012\012Due to the schedule of the flight United Airlines 919 (from IAD to LAX) pynadath_at_isi_edu WILL ARRIVE there around Wed Dec 05 21:05:00 PST 2001.\012\012Original Flight Schedule : depart at Wed Dec 05 17:45:00 PST 2001 arrives at Wed Dec 05 20:15:00 PST 2001\012\012Estimated Time : departed at Wed Dec 05 18:02:00 PST 2001 arrived at Wed Dec 05 20:05:00 PST 2001\012\012    Thank you.\012\012         -- Electric elves\012'}
Wed Dec 05 17:48:47 2001: Received: {'receiver': 'pynadath_at_isi_edu_fax', 'performative': 'kqml-admin', 'sender': 'TEAMCORE', 'kqml-msg-id': '18347+vibhagam.isi.edu+27', 'reply-with': 't', 'content': 'name'}
Wed Dec 05 18:36:30 2001: Sending message: (unregister :receiver proxy_pynadath_at_isi_edu :name fax :sender pynadath_at_isi_edu_fax :reply-with nil :user pynadath_at_isi_edu)
Wed Dec 05 18:36:30 2001: Router pynadath_at_isi_edu_fax exiting...
Wed Dec 05 18:36:30 2001: Sending message: (unregister :receiver TEAMCORE :sender pynadath_at_isi_edu_fax :ontology tcp-ip :reply-with nil :content pynadath_at_isi_edu_fax)
Wed Dec 05 18:36:30 2001: Exiting...
Fri Dec 14 11:14:41 2001: Using ANS: ('vibhagam.isi.edu', 5500)
Fri Dec 14 11:14:41 2001: Bound to host/port: sangat.isi.edu:6675
Fri Dec 14 11:14:41 2001: Sending message: (register :sender pynadath_at_isi_edu_fax :ontology tcp-ip :reply-with t :content (pynadath_at_isi_edu_fax sangat.isi.edu:6675))
Fri Dec 14 11:14:41 2001: Received: {'receiver': 'pynadath_at_isi_edu_fax', 'performative': 'reply', 'sender': 'TEAMCORE', 'in-reply-to': 't', 'content': 'pynadath_at_isi_edu_fax TEAMCORE'}
Fri Dec 14 11:14:41 2001: Registration produced: {'receiver': 'pynadath_at_isi_edu_fax', 'performative': 'reply', 'sender': 'TEAMCORE', 'in-reply-to': 't', 'content': 'pynadath_at_isi_edu_fax TEAMCORE'}
Fri Dec 14 11:14:41 2001: Registration successful: pynadath_at_isi_edu_fax
Fri Dec 14 11:14:41 2001: Router for pynadath_at_isi_edu_fax running...
Fri Dec 14 11:14:41 2001: Sending message: (ask-one :sender pynadath_at_isi_edu_fax :reply-with t :content "proxy_pynadath_at_isi_edu")
Fri Dec 14 11:14:41 2001: Received: {'receiver': 'pynadath_at_isi_edu_fax', 'performative': 'reply', 'sender': 'TEAMCORE', 'in-reply-to': 't', 'content': 'proxy_pynadath_at_isi_edu:sangat.isi.edu:9992:'}
Fri Dec 14 11:14:41 2001: Sending message: (register :name fax :reply-with nil :agenttype device :receiver proxy_pynadath_at_isi_edu :user pynadath_at_isi_edu :sender pynadath_at_isi_edu_fax :direction to other)
Fri Dec 14 12:00:10 2001: Received: {'subject': 'Basketball14: meeting change) :content "The Basketball14 meeting  has been rescheduled to  be at 12:15 on 12/14/01  instead of 12:00 on 12/14/01. Rescheduled by David Pynadath Message generated: 12:00 PM Fri 12/14" :shortcontent (The Basketball14 meeting  has been rescheduled to  be at 12:15 on 12/14/01  instead of 12:00 on 12/14/01.', 'performative': 'tell', 'reply-with': 'nil', 'value': '10', 'receiver': 'pynadath_at_isi_edu_fax', 'user': 'pynadath_at_isi_edu', 'sender': 'proxy_pynadath_at_isi_edu'}
Fri Dec 14 12:00:10 2001: Processing message: {'subject': 'Basketball14: meeting change) :content "The Basketball14 meeting  has been rescheduled to  be at 12:15 on 12/14/01  instead of 12:00 on 12/14/01. Rescheduled by David Pynadath Message generated: 12:00 PM Fri 12/14" :shortcontent (The Basketball14 meeting  has been rescheduled to  be at 12:15 on 12/14/01  instead of 12:00 on 12/14/01.', 'performative': 'tell', 'reply-with': 'nil', 'value': '10', 'receiver': 'pynadath_at_isi_edu_fax', 'user': 'pynadath_at_isi_edu', 'sender': 'proxy_pynadath_at_isi_edu'}
Fri Dec 14 12:03:04 2001: Received: {'subject': 'ElectricElvesMeeting11: cancellation) :content "Meeting ElectricElvesMeeting11  has been cancelled. Cancelled by David Pynadath Message generated: 02:09 PM Tue 12/11" :shortcontent (Meeting ElectricElvesMeeting11  has been cancelled.', 'performative': 'tell', 'reply-with': 'nil', 'value': '10', 'receiver': 'pynadath_at_isi_edu_fax', 'user': 'pynadath_at_isi_edu', 'sender': 'proxy_pynadath_at_isi_edu'}
Fri Dec 14 12:04:58 2001: Received: {'subject': 'ElectricElvesMeeting11: cancellation) :content "Meeting ElectricElvesMeeting11  has been cancelled. Cancelled by David Pynadath Message generated: 02:09 PM Tue 12/11" :shortcontent (Meeting ElectricElvesMeeting11  has been cancelled.', 'performative': 'tell', 'reply-with': 'nil', 'value': '10', 'receiver': 'pynadath_at_isi_edu_fax', 'user': 'pynadath_at_isi_edu', 'sender': 'proxy_pynadath_at_isi_edu'}
Fri Dec 14 12:05:55 2001: Received: {'subject': 'ElectricElvesMeeting11: cancellation) :content "Meeting ElectricElvesMeeting11  has been cancelled. Cancelled by David Pynadath Message generated: 02:09 PM Tue 12/11" :shortcontent (Meeting ElectricElvesMeeting11  has been cancelled.', 'performative': 'tell', 'reply-with': 'nil', 'value': '10', 'receiver': 'pynadath_at_isi_edu_fax', 'user': 'pynadath_at_isi_edu', 'sender': 'proxy_pynadath_at_isi_edu'}
Fri Dec 14 12:06:29 2001: Received: {'subject': 'ElectricElvesMeeting11: cancellation) :content "Meeting ElectricElvesMeeting11  has been cancelled. Cancelled by David Pynadath Message generated: 02:09 PM Tue 12/11" :shortcontent (Meeting ElectricElvesMeeting11  has been cancelled.', 'performative': 'tell', 'reply-with': 'nil', 'value': '10', 'receiver': 'pynadath_at_isi_edu_fax', 'user': 'pynadath_at_isi_edu', 'sender': 'proxy_pynadath_at_isi_edu'}
Fri Dec 14 12:07:01 2001: Received: {'subject': 'ElectricElvesMeeting11: cancellation', 'performative': 'tell', 'reply-with': 'nil', 'value': '10', 'receiver': 'pynadath_at_isi_edu_fax', 'user': 'pynadath_at_isi_edu', 'sender': 'proxy_pynadath_at_isi_edu', 'shortcontent': 'Meeting ElectricElvesMeeting11  has been cancelled.', 'content': 'Meeting ElectricElvesMeeting11  has been cancelled. Cancelled by David Pynadath Message generated: 02:09 PM Tue 12/11'}
Fri Dec 14 12:07:52 2001: Received: {'subject': 'ElectricElvesMeeting11: cancellation', 'performative': 'tell', 'reply-with': 'nil', 'value': '10', 'receiver': 'pynadath_at_isi_edu_fax', 'user': 'pynadath_at_isi_edu', 'sender': 'proxy_pynadath_at_isi_edu', 'shortcontent': 'Meeting ElectricElvesMeeting11  has been cancelled.', 'content': 'Meeting ElectricElvesMeeting11  has been cancelled. Cancelled by David Pynadath Message generated: 02:09 PM Tue 12/11'}
Fri Dec 14 12:09:07 2001: Received: {'receiver': 'pynadath_at_isi_edu_fax', 'performative': 'tell', 'sender': 'deviceCGI_pynadath_at_isi_edu', 'reply-with': 'nil', 'content': 'stop'}
Fri Dec 14 12:10:16 2001: Received: {'subject': 'Basketball14: cancellation) :content "Meeting Basketball14  has been cancelled. Cancelled by David Pynadath Message generated: 12:10 PM Fri 12/14" :shortcontent (Meeting Basketball14  has been cancelled.', 'performative': 'tell', 'reply-with': 'nil', 'value': '10', 'receiver': 'pynadath_at_isi_edu_fax', 'user': 'pynadath_at_isi_edu', 'sender': 'proxy_pynadath_at_isi_edu'}
Fri Dec 14 12:13:01 2001: Using ANS: ('vibhagam.isi.edu', 5500)
Fri Dec 14 12:13:01 2001: Bound to host/port: vibhagam.isi.edu:6669
Fri Dec 14 12:13:01 2001: Sending message: (register :sender pynadath_at_isi_edu_fax :ontology tcp-ip :reply-with t :content (pynadath_at_isi_edu_fax vibhagam.isi.edu:6669))
Fri Dec 14 12:13:01 2001: Received: {'receiver': 'pynadath_at_isi_edu_fax', 'performative': 'kqml-admin', 'sender': 'TEAMCORE', 'kqml-msg-id': '18347+vibhagam.isi.edu+45', 'reply-with': 't', 'content': 'name'}
Fri Dec 14 12:13:01 2001: Received: {'receiver': 'pynadath_at_isi_edu_fax', 'performative': 'error', 'sender': 'TEAMCORE', 'in-reply-to': 't', 'content': 'handler encountered error'}
Fri Dec 14 12:13:01 2001: Registration produced: {'receiver': 'pynadath_at_isi_edu_fax', 'performative': 'error', 'sender': 'TEAMCORE', 'in-reply-to': 't', 'content': 'handler encountered error'}
Fri Dec 14 12:13:01 2001: Sending message: (unregister :sender pynadath_at_isi_edu_fax :ontology tcp-ip :reply-with nil :content pynadath_at_isi_edu_fax)
Fri Dec 14 12:13:01 2001: Sending message: (register :sender pynadath_at_isi_edu_fax :ontology tcp-ip :reply-with t :content (pynadath_at_isi_edu_fax vibhagam.isi.edu:6669))
Fri Dec 14 12:13:01 2001: Received: {'receiver': 'pynadath_at_isi_edu_fax', 'performative': 'reply', 'sender': 'TEAMCORE', 'in-reply-to': 't', 'content': 'pynadath_at_isi_edu_fax TEAMCORE'}
Fri Dec 14 12:13:01 2001: Registration produced: {'receiver': 'pynadath_at_isi_edu_fax', 'performative': 'reply', 'sender': 'TEAMCORE', 'in-reply-to': 't', 'content': 'pynadath_at_isi_edu_fax TEAMCORE'}pynadath_at_isi_edu_fax, TEAMCORE
Fri Dec 14 12:13:01 2001: Registration successful: pynadath_at_isi_edu_fax
Fri Dec 14 12:13:01 2001: Sending message: (ask-one :sender pynadath_at_isi_edu_fax :reply-with t :content "proxy_pynadath_at_isi_edu")
Fri Dec 14 12:13:01 2001: Received: {'receiver': 'pynadath_at_isi_edu_fax', 'performative': 'reply', 'sender': 'TEAMCORE', 'in-reply-to': 't', 'content': 'proxy_pynadath_at_isi_edu:sangat.isi.edu:9992:'}
Fri Dec 14 12:13:01 2001: Sending message: (register :name fax :reply-with nil :agenttype device :receiver proxy_pynadath_at_isi_edu :user pynadath_at_isi_edu :sender pynadath_at_isi_edu_fax :direction to other)
Fri Dec 14 12:13:01 2001: Router for pynadath_at_isi_edu_fax running...
Fri Dec 14 12:13:13 2001: Received: {'receiver': 'pynadath_at_isi_edu_fax', 'performative': 'tell', 'sender': 'deviceCGI_pynadath_at_isi_edu', 'reply-with': 'nil', 'content': 'stop'}
Fri Dec 14 12:13:13 2001: Processing message: {'receiver': 'pynadath_at_isi_edu_fax', 'performative': 'tell', 'sender': 'deviceCGI_pynadath_at_isi_edu', 'reply-with': 'nil', 'content': 'stop'}
Fri Dec 14 12:13:13 2001: Sending message: (unregister :receiver proxy_pynadath_at_isi_edu :name fax :sender pynadath_at_isi_edu_fax :reply-with nil :user pynadath_at_isi_edu)
Fri Dec 14 12:13:13 2001: Router pynadath_at_isi_edu_fax exiting...
Fri Dec 14 12:13:13 2001: Sending message: (unregister :receiver TEAMCORE :sender pynadath_at_isi_edu_fax :ontology tcp-ip :reply-with nil :content pynadath_at_isi_edu_fax)
Fri Dec 14 12:13:13 2001: Exiting...
Fri Dec 14 12:14:49 2001: Using ANS: ('vibhagam.isi.edu', 5500)
Fri Dec 14 12:14:49 2001: Bound to host/port: sangat.isi.edu:6677
Fri Dec 14 12:14:49 2001: Sending message: (register :sender pynadath_at_isi_edu_fax :ontology tcp-ip :reply-with t :content (pynadath_at_isi_edu_fax sangat.isi.edu:6677))
Fri Dec 14 12:14:49 2001: Received: {'receiver': 'pynadath_at_isi_edu_fax', 'performative': 'reply', 'sender': 'TEAMCORE', 'in-reply-to': 't', 'content': 'pynadath_at_isi_edu_fax TEAMCORE'}
Fri Dec 14 12:14:49 2001: Registration produced: {'receiver': 'pynadath_at_isi_edu_fax', 'performative': 'reply', 'sender': 'TEAMCORE', 'in-reply-to': 't', 'content': 'pynadath_at_isi_edu_fax TEAMCORE'}
Fri Dec 14 12:14:49 2001: Registration successful: pynadath_at_isi_edu_fax
Fri Dec 14 12:14:49 2001: Router for pynadath_at_isi_edu_fax running...
Fri Dec 14 12:14:49 2001: Sending message: (ask-one :sender pynadath_at_isi_edu_fax :reply-with t :content "proxy_pynadath_at_isi_edu")
Fri Dec 14 12:14:49 2001: Received: {'receiver': 'pynadath_at_isi_edu_fax', 'performative': 'reply', 'sender': 'TEAMCORE', 'in-reply-to': 't', 'content': 'proxy_pynadath_at_isi_edu:sangat.isi.edu:9992:'}
Fri Dec 14 12:14:49 2001: Sending message: (register :name fax :reply-with nil :agenttype device :receiver proxy_pynadath_at_isi_edu :user pynadath_at_isi_edu :sender pynadath_at_isi_edu_fax :direction to other)
Fri Dec 14 12:17:26 2001: Received: {'receiver': 'pynadath_at_isi_edu_fax', 'performative': 'tell', 'sender': 'deviceCGI_pynadath_at_isi_edu', 'reply-with': 'nil', 'content': 'stop'}
Fri Dec 14 12:17:26 2001: Processing message: {'receiver': 'pynadath_at_isi_edu_fax', 'performative': 'tell', 'sender': 'deviceCGI_pynadath_at_isi_edu', 'reply-with': 'nil', 'content': 'stop'}
Fri Dec 14 12:17:26 2001: Sending message: (unregister :receiver proxy_pynadath_at_isi_edu :name fax :sender pynadath_at_isi_edu_fax :reply-with nil :user pynadath_at_isi_edu)
Fri Dec 14 12:17:26 2001: Router pynadath_at_isi_edu_fax exiting...
Fri Dec 14 12:17:26 2001: Sending message: (unregister :receiver TEAMCORE :sender pynadath_at_isi_edu_fax :ontology tcp-ip :reply-with nil :content pynadath_at_isi_edu_fax)
Fri Dec 14 12:17:26 2001: Exiting...
Fri Dec 14 12:58:42 2001: Using ANS: ('vibhagam.isi.edu', 5500)
Fri Dec 14 12:58:42 2001: Bound to host/port: sangat.isi.edu:6677
Fri Dec 14 12:58:42 2001: Sending message: (register :sender pynadath_at_isi_edu_fax :ontology tcp-ip :reply-with t :content (pynadath_at_isi_edu_fax sangat.isi.edu:6677))
Fri Dec 14 12:58:42 2001: Received: {'receiver': 'pynadath_at_isi_edu_fax', 'performative': 'reply', 'sender': 'TEAMCORE', 'in-reply-to': 't', 'content': 'pynadath_at_isi_edu_fax TEAMCORE'}
Fri Dec 14 12:58:42 2001: Registration produced: {'receiver': 'pynadath_at_isi_edu_fax', 'performative': 'reply', 'sender': 'TEAMCORE', 'in-reply-to': 't', 'content': 'pynadath_at_isi_edu_fax TEAMCORE'}
Fri Dec 14 12:58:42 2001: Registration successful: pynadath_at_isi_edu_fax
Fri Dec 14 12:58:42 2001: Router for pynadath_at_isi_edu_fax running...
Fri Dec 14 12:58:42 2001: Sending message: (ask-one :sender pynadath_at_isi_edu_fax :reply-with t :content "proxy_pynadath_at_isi_edu")
Fri Dec 14 12:58:42 2001: Received: {'receiver': 'pynadath_at_isi_edu_fax', 'performative': 'reply', 'sender': 'TEAMCORE', 'in-reply-to': 't', 'content': 'proxy_pynadath_at_isi_edu:sangat.isi.edu:9992:'}
Fri Dec 14 12:58:42 2001: Sending message: (register :name fax :reply-with nil :agenttype device :receiver proxy_pynadath_at_isi_edu :user pynadath_at_isi_edu :sender pynadath_at_isi_edu_fax :direction to other)
Fri Dec 14 13:55:21 2001: Received: {'subject': 'Test', 'performative': 'tell', 'reply-with': 'nil', 'receiver': 'pynadath_at_isi_edu_fax', 'user': 'pynadath_at_isi_edu', 'sender': 'proxy_pynadath_at_isi_edu', 'shortcontent': 'Testing...', 'content': '0123456789112345678921234567893123456789412345678951234567896123456789712345678981234567899123456789012345678911234567892123456789'}
Fri Dec 14 13:55:21 2001: Processing message: {'subject': 'Test', 'performative': 'tell', 'reply-with': 'nil', 'receiver': 'pynadath_at_isi_edu_fax', 'user': 'pynadath_at_isi_edu', 'sender': 'proxy_pynadath_at_isi_edu', 'shortcontent': 'Testing...', 'content': '0123456789112345678921234567893123456789412345678951234567896123456789712345678981234567899123456789012345678911234567892123456789'}
Fri Dec 14 13:57:18 2001: Received: {'subject': 'Test', 'performative': 'tell', 'reply-with': 'nil', 'receiver': 'pynadath_at_isi_edu_fax', 'user': 'pynadath_at_isi_edu', 'sender': 'proxy_pynadath_at_isi_edu', 'shortcontent': 'Testing...', 'content': '012345678911234567892123456789312345678941234567895123456789612345678971234567898123456789912345678901234567891123456789'}
Fri Dec 14 13:57:18 2001: Processing message: {'subject': 'Test', 'performative': 'tell', 'reply-with': 'nil', 'receiver': 'pynadath_at_isi_edu_fax', 'user': 'pynadath_at_isi_edu', 'sender': 'proxy_pynadath_at_isi_edu', 'shortcontent': 'Testing...', 'content': '012345678911234567892123456789312345678941234567895123456789612345678971234567898123456789912345678901234567891123456789'}
Fri Dec 14 14:34:10 2001: Received: {'subject': 'Flight Schedule Changed', 'performative': 'tell', 'reply-with': 'nil', 'receiver': 'pynadath_at_isi_edu_fax', 'user': 'pynadath_at_isi_edu', 'sender': 'proxy_pynadath_at_isi_edu', 'deadline': '10000', 'shortcontent': 'CHANGED : United Airlines 919 departs at Fri Dec 14 17:45:00 PST 2001', 'content': '\012    Hello, pynadath_at_isi_edu.\012\012    This is a message from your flight status monitoring elf.\012Your fligt United Airlines 919 schedule was changed as follows.\012\012Original schedule : depart at Fri Dec 14 17:45:00 PST 2001 arrives at Fri Dec 14 20:15:00 PST 2001\012\012New schedule : depart at Fri Dec 14 17:45:00 PST 2001 arrives at Fri Dec 14 19:58:00 PST 2001\012\012Please note the change.\012Departure :   early\012Arrival :  17 minutes  early\012\012\012    Thank you.\012\012         From e-elves\012'}
Fri Dec 14 14:34:10 2001: Processing message: {'subject': 'Flight Schedule Changed', 'performative': 'tell', 'reply-with': 'nil', 'receiver': 'pynadath_at_isi_edu_fax', 'user': 'pynadath_at_isi_edu', 'sender': 'proxy_pynadath_at_isi_edu', 'deadline': '10000', 'shortcontent': 'CHANGED : United Airlines 919 departs at Fri Dec 14 17:45:00 PST 2001', 'content': '\012    Hello, pynadath_at_isi_edu.\012\012    This is a message from your flight status monitoring elf.\012Your fligt United Airlines 919 schedule was changed as follows.\012\012Original schedule : depart at Fri Dec 14 17:45:00 PST 2001 arrives at Fri Dec 14 20:15:00 PST 2001\012\012New schedule : depart at Fri Dec 14 17:45:00 PST 2001 arrives at Fri Dec 14 19:58:00 PST 2001\012\012Please note the change.\012Departure :   early\012Arrival :  17 minutes  early\012\012\012    Thank you.\012\012         From e-elves\012'}
Fri Dec 14 16:10:59 2001: Received: {'performative': 'tell', 'reply-with': 'nil', 'user': 'pynadath_at_isi_edu', 'sender': 'proxy_pynadath_at_isi_edu', 'deadline': '10000', 'fax': '3108220751', 'content': '\012    Attention : Registration Desk .\012\012    This is a message generated by the flight monitoring elf on behalf of pynadath_at_isi_edu.\012\012Due to the schedule of the flight United Airlines 919 (from IAD to LAX) pynadath_at_isi_edu WILL ARRIVE there around Dec 14, 9:13 PM.\012\012Original Flight Schedule : depart at Dec 14, 5:45 PM arrives at Dec 14, 8:15 PM\012\012Estimated Time : departed at Dec 14, 6:22 PM arrived at Dec 14, 8:13 PM\012\012    Thank you.\012\012         -- Electric elves\012'}
Fri Dec 14 16:10:59 2001: Processing message: {'performative': 'tell', 'reply-with': 'nil', 'user': 'pynadath_at_isi_edu', 'sender': 'proxy_pynadath_at_isi_edu', 'deadline': '10000', 'fax': '3108220751', 'content': '\012    Attention : Registration Desk .\012\012    This is a message generated by the flight monitoring elf on behalf of pynadath_at_isi_edu.\012\012Due to the schedule of the flight United Airlines 919 (from IAD to LAX) pynadath_at_isi_edu WILL ARRIVE there around Dec 14, 9:13 PM.\012\012Original Flight Schedule : depart at Dec 14, 5:45 PM arrives at Dec 14, 8:15 PM\012\012Estimated Time : departed at Dec 14, 6:22 PM arrived at Dec 14, 8:13 PM\012\012    Thank you.\012\012         -- Electric elves\012'}
Fri Dec 14 16:10:59 2001: Received: {'subject': 'Departs in 2.5 hours', 'performative': 'tell', 'reply-with': 'nil', 'receiver': 'pynadath_at_isi_edu_fax', 'user': 'pynadath_at_isi_edu', 'sender': 'proxy_pynadath_at_isi_edu', 'deadline': '10000', 'shortcontent': 'United Airlines 919 On Time (Dec 14, 6:22 PM - Dec 14, 6:22 PM)', 'content': '\012    Dear pynadath_at_isi_edu, \012\012    this message was generated by your flight monitoring elf. Your flight United Airlines 919 will depart on time approximately 2 hours and 12 minutes  later today.\012\012\012Original Flight Schedule : depart at Dec 14, 5:45 PM arrives at Dec 14, 8:15 PM\012\012Estimated Time : departed at Dec 14, 6:22 PM arrived at Dec 14, 8:13 PM\012\012    Thank you.\012\012         -- Electric elves\012'}
Fri Dec 14 16:10:59 2001: Processing message: {'subject': 'Departs in 2.5 hours', 'performative': 'tell', 'reply-with': 'nil', 'receiver': 'pynadath_at_isi_edu_fax', 'user': 'pynadath_at_isi_edu', 'sender': 'proxy_pynadath_at_isi_edu', 'deadline': '10000', 'shortcontent': 'United Airlines 919 On Time (Dec 14, 6:22 PM - Dec 14, 6:22 PM)', 'content': '\012    Dear pynadath_at_isi_edu, \012\012    this message was generated by your flight monitoring elf. Your flight United Airlines 919 will depart on time approximately 2 hours and 12 minutes  later today.\012\012\012Original Flight Schedule : depart at Dec 14, 5:45 PM arrives at Dec 14, 8:15 PM\012\012Estimated Time : departed at Dec 14, 6:22 PM arrived at Dec 14, 8:13 PM\012\012    Thank you.\012\012         -- Electric elves\012'}
Fri Dec 14 16:11:00 2001: Received: {'performative': 'tell', 'sender': 'proxy_pynadath_at_isi_edu', 'deadline': '10000', 'reply-with': 'nil', 'user': 'pynadath_at_isi_edu'}
Fri Dec 14 16:11:00 2001: Processing message: {'performative': 'tell', 'sender': 'proxy_pynadath_at_isi_edu', 'deadline': '10000', 'reply-with': 'nil', 'user': 'pynadath_at_isi_edu'}
Mon Dec 17 15:06:59 2001: Received: {'receiver': 'pynadath_at_isi_edu_fax', 'performative': 'tell', 'sender': 'deviceCGI_pynadath_at_isi_edu', 'reply-with': 'nil', 'content': 'stop'}
Mon Dec 17 15:17:34 2001: Received: {'receiver': 'pynadath_at_isi_edu_fax', 'performative': 'tell', 'sender': 'deviceCGI_pynadath_at_isi_edu', 'reply-with': 'nil', 'content': 'stop'}
r :sender pynadath_at_isi_edu_fax :ontology tcp-ip :reply-with t :content (pynadath_at_isi_edu_fax vibhagam.isi.edu:6666))
Mon Dec 17 15:18:02 2001: Received: {'receiver': 'pynadath_at_isi_edu_fax', 'performative': 'kqml-admin', 'sender': 'TEAMCORE', 'kqml-msg-id': '18347+vibhagam.isi.edu+48', 'reply-with': 't', 'content': 'name'}
Mon Dec 17 15:18:02 2001: Received: {'receiver': 'pynadath_at_isi_edu_fax', 'performative': 'error', 'sender': 'TEAMCORE', 'in-reply-to': 't', 'content': 'handler encountered error'}
Mon Dec 17 15:18:02 2001: Registration produced: {'receiver': 'pynadath_at_isi_edu_fax', 'performative': 'error', 'sender': 'TEAMCORE', 'in-reply-to': 't', 'content': 'handler encountered error'}
Mon Dec 17 15:18:02 2001: Sending message: (unregister :sender pynadath_at_isi_edu_fax :ontology tcp-ip :reply-with nil :content pynadath_at_isi_edu_fax)
Mon Dec 17 15:18:02 2001: Sending message: (register :sender pynadath_at_isi_edu_fax :ontology tcp-ip :reply-with t :content (pynadath_at_isi_edu_fax vibhagam.isi.edu:6666))
Mon Dec 17 15:18:03 2001: Received: {'receiver': 'pynadath_at_isi_edu_fax', 'performative': 'reply', 'sender': 'TEAMCORE', 'in-reply-to': 't', 'content': 'pynadath_at_isi_edu_fax TEAMCORE'}
Mon Dec 17 15:18:03 2001: Registration produced: {'receiver': 'pynadath_at_isi_edu_fax', 'performative': 'reply', 'sender': 'TEAMCORE', 'in-reply-to': 't', 'content': 'pynadath_at_isi_edu_fax TEAMCORE'}pynadath_at_isi_edu_fax, TEAMCORE
Mon Dec 17 15:18:03 2001: Registration successful: pynadath_at_isi_edu_fax
Mon Dec 17 15:18:03 2001: Sending message: (ask-one :sender pynadath_at_isi_edu_fax :reply-with t :content "proxy_pynadath_at_isi_edu")
Mon Dec 17 15:18:03 2001: Received: {'receiver': 'pynadath_at_isi_edu_fax', 'performative': 'reply', 'sender': 'TEAMCORE', 'in-reply-to': 't', 'content': 'proxy_pynadath_at_isi_edu:sangat.isi.edu:9992:'}
Mon Dec 17 15:18:03 2001: Sending message: (register :name fax :reply-with nil :agenttype device :receiver proxy_pynadath_at_isi_edu :user pynadath_at_isi_edu :sender pynadath_at_isi_edu_fax :direction to other)
Mon Dec 17 15:18:03 2001: Router for pynadath_at_isi_edu_fax running...
Mon Dec 17 15:18:03 2001: Received: {'receiver': 'pynadath_at_isi_edu_fax', 'performative': 'tell', 'sender': 'deviceCGI_pynadath_at_isi_edu', 'reply-with': 'nil', 'content': 'stop'}
Mon Dec 17 15:18:03 2001: Processing message: {'receiver': 'pynadath_at_isi_edu_fax', 'performative': 'tell', 'sender': 'deviceCGI_pynadath_at_isi_edu', 'reply-with': 'nil', 'content': 'stop'}
Mon Dec 17 15:18:03 2001: Sending message: (unregister :receiver proxy_pynadath_at_isi_edu :name fax :sender pynadath_at_isi_edu_fax :reply-with nil :user pynadath_at_isi_edu)
Mon Dec 17 15:18:03 2001: Router pynadath_at_isi_edu_fax exiting...
Mon Dec 17 15:18:03 2001: Sending message: (unregister :receiver TEAMCORE :sender pynadath_at_isi_edu_fax :ontology tcp-ip :reply-with nil :content pynadath_at_isi_edu_fax)
Mon Dec 17 15:18:03 2001: Exiting...
Tue Dec 18 18:18:32 2001: Sending message: (unregister :receiver proxy_pynadath_at_isi_edu :name fax :sender pynadath_at_isi_edu_fax :reply-with nil :user pynadath_at_isi_edu)
Tue Dec 18 18:18:33 2001: Router pynadath_at_isi_edu_fax exiting...
Tue Dec 18 18:18:33 2001: Sending message: (unregister :receiver TEAMCORE :sender pynadath_at_isi_edu_fax :ontology tcp-ip :reply-with nil :content pynadath_at_isi_edu_fax)
Tue Dec 18 18:18:32 2001: Sending message: (unregister :receiver proxy_pynadath_at_isi_edu :name fax :sender pynadath_at_isi_edu_fax :reply-with nil :user pynadath_at_isi_edu)
Tue Dec 18 18:18:33 2001: Exiting...
Tue Dec 18 18:18:33 2001: Router pynadath_at_isi_edu_fax exiting...
Tue Dec 18 18:18:33 2001: Sending message: (unregister :receiver TEAMCORE :sender pynadath_at_isi_edu_fax :ontology tcp-ip :reply-with nil :content pynadath_at_isi_edu_fax)
Tue Dec 18 18:18:33 2001: Exiting...
Wed Dec 19 12:06:45 2001: Using ANS: ('vibhagam.isi.edu', 5500)
Wed Dec 19 12:06:45 2001: Bound to host/port: vibhagam.isi.edu:6667
Wed Dec 19 12:06:45 2001: Sending message: (register :ontology tcp-ip :sender pynadath_at_isi_edu_fax :reply-with t :content "pynadath_at_isi_edu_fax vibhagam.isi.edu:6667")
Wed Dec 19 12:06:45 2001: Received: {'receiver': 'pynadath_at_isi_edu_fax', 'performative': 'error', 'sender': 'TEAMCORE', 'in-reply-to': 't', 'content': 'handler encountered error'}
Wed Dec 19 12:06:45 2001: Registration produced: {'receiver': 'pynadath_at_isi_edu_fax', 'performative': 'error', 'sender': 'TEAMCORE', 'in-reply-to': 't', 'content': 'handler encountered error'}
Wed Dec 19 12:06:45 2001: Sending message: (unregister :sender pynadath_at_isi_edu_fax :ontology tcp-ip :reply-with nil :content pynadath_at_isi_edu_fax)
Wed Dec 19 12:06:45 2001: Sending message: (register :sender pynadath_at_isi_edu_fax :ontology tcp-ip :reply-with t :content (pynadath_at_isi_edu_fax vibhagam.isi.edu:6667))
Wed Dec 19 12:06:45 2001: Received: {'receiver': 'pynadath_at_isi_edu_fax', 'performative': 'reply', 'sender': 'TEAMCORE', 'in-reply-to': 't', 'content': 'pynadath_at_isi_edu_fax TEAMCORE'}
Wed Dec 19 12:06:45 2001: Registration produced: {'receiver': 'pynadath_at_isi_edu_fax', 'performative': 'reply', 'sender': 'TEAMCORE', 'in-reply-to': 't', 'content': 'pynadath_at_isi_edu_fax TEAMCORE'}pynadath_at_isi_edu_fax, TEAMCORE
Wed Dec 19 12:06:45 2001: Registration successful: pynadath_at_isi_edu_fax
Wed Dec 19 12:06:45 2001: Sending message: (ask-one :sender pynadath_at_isi_edu_fax :reply-with t :content "proxy_pynadath_at_isi_edu")
Wed Dec 19 12:06:45 2001: Router for pynadath_at_isi_edu_fax running...
Wed Dec 19 12:06:45 2001: Received: {'receiver': 'pynadath_at_isi_edu_fax', 'performative': 'reply', 'sender': 'TEAMCORE', 'in-reply-to': 't', 'content': 'proxy_pynadath_at_isi_edu:sangat.isi.edu:9992:'}
Wed Dec 19 12:06:45 2001: Sending message: (register :name fax :reply-with nil :agenttype device :receiver proxy_pynadath_at_isi_edu :user pynadath_at_isi_edu :sender pynadath_at_isi_edu_fax :direction (to other))
Wed Dec 19 12:07:01 2001: Received: {'subject': 'Test', 'performative': 'tell', 'reply-with': 'nil', 'receiver': 'pynadath_at_isi_edu_fax', 'user': 'pynadath_at_isi_edu', 'sender': 'proxy_pynadath_at_isi_edu', 'shortcontent': 'Testing... (full content too long)', 'content': 'This is a test message for pynadath@isi.edu'}
Wed Dec 19 12:07:01 2001: Processing message: {'subject': 'Test', 'performative': 'tell', 'reply-with': 'nil', 'receiver': 'pynadath_at_isi_edu_fax', 'user': 'pynadath_at_isi_edu', 'sender': 'proxy_pynadath_at_isi_edu', 'shortcontent': 'Testing... (full content too long)', 'content': 'This is a test message for pynadath@isi.edu'}
Wed Dec 19 12:07:01 2001: Message for user ID: pynadath@isi.edu
Wed Dec 19 12:07:01 2001: User name: David Pynadath
Wed Dec 19 12:07:01 2001: New content: This is a test message for David Pynadath
Wed Dec 19 12:07:01 2001: Faxing (3108220751): This is a test message for David Pynadath
Wed Dec 19 12:19:29 2001: Sending message: (unregister :receiver proxy_pynadath_at_isi_edu :name fax :sender pynadath_at_isi_edu_fax :reply-with nil :user pynadath_at_isi_edu)
Wed Dec 19 12:19:29 2001: Router pynadath_at_isi_edu_fax exiting...
Wed Dec 19 12:19:29 2001: Sending message: (unregister :receiver TEAMCORE :sender pynadath_at_isi_edu_fax :ontology tcp-ip :reply-with nil :content pynadath_at_isi_edu_fax)
Wed Dec 19 12:19:29 2001: Exiting...
Mon Feb 04 18:06:21 2002: Using ANS: ('vibhagam.isi.edu', 5500)
Mon Feb 04 18:06:21 2002: Bound to host/port: vibhagam.isi.edu:6667
Mon Feb 04 18:06:21 2002: Sending message: (register :ontology tcp-ip :sender pynadath_at_isi_edu_fax :reply-with t :content "pynadath_at_isi_edu_fax vibhagam.isi.edu:6667")
Mon Feb 04 18:06:21 2002: Received: {'receiver': 'pynadath_at_isi_edu_fax', 'performative': 'error', 'sender': 'TEAMCORE', 'in-reply-to': 't', 'content': 'handler encountered error'}
Mon Feb 04 18:06:21 2002: Registration produced: {'receiver': 'pynadath_at_isi_edu_fax', 'performative': 'error', 'sender': 'TEAMCORE', 'in-reply-to': 't', 'content': 'handler encountered error'}
Mon Feb 04 18:06:21 2002: Sending message: (unregister :sender pynadath_at_isi_edu_fax :ontology tcp-ip :reply-with nil :content pynadath_at_isi_edu_fax)
Mon Feb 04 18:06:21 2002: Sending message: (register :sender pynadath_at_isi_edu_fax :ontology tcp-ip :reply-with t :content (pynadath_at_isi_edu_fax vibhagam.isi.edu:6667))
Mon Feb 04 18:06:21 2002: Received: {'receiver': 'pynadath_at_isi_edu_fax', 'performative': 'reply', 'sender': 'TEAMCORE', 'in-reply-to': 't', 'content': 'pynadath_at_isi_edu_fax TEAMCORE'}
Mon Feb 04 18:06:21 2002: Registration produced: {'receiver': 'pynadath_at_isi_edu_fax', 'performative': 'reply', 'sender': 'TEAMCORE', 'in-reply-to': 't', 'content': 'pynadath_at_isi_edu_fax TEAMCORE'}pynadath_at_isi_edu_fax, TEAMCORE
Mon Feb 04 18:06:21 2002: Registration successful: pynadath_at_isi_edu_fax
Mon Feb 04 18:06:21 2002: Sending message: (ask-one :sender pynadath_at_isi_edu_fax :reply-with t :content "proxy_pynadath_at_isi_edu")
Mon Feb 04 18:06:21 2002: Router for pynadath_at_isi_edu_fax running...
Mon Feb 04 18:06:21 2002: Received: {'receiver': 'pynadath_at_isi_edu_fax', 'performative': 'reply', 'sender': 'TEAMCORE', 'in-reply-to': 't', 'content': 'proxy_pynadath_at_isi_edu:sangat.isi.edu:9992:'}
Mon Feb 04 18:06:21 2002: Sending message: (register :name fax :reply-with nil :agenttype device :receiver proxy_pynadath_at_isi_edu :user pynadath_at_isi_edu :sender pynadath_at_isi_edu_fax :direction (to other))
Mon Feb 04 18:06:21 2002: FaxDevice: Default destination is 3108220751
Mon Feb 04 18:06:35 2002: Received: {'subject': 'Test', 'performative': 'tell', 'reply-with': 'nil', 'receiver': 'pynadath_at_isi_edu_fax', 'user': 'pynadath@isi.edu', 'sender': 'proxy_pynadath_at_isi_edu', 'shortcontent': 'This is a test', 'content': 'This is a test message for pynadath@isi.edu'}
Mon Feb 04 18:06:35 2002: Processing message: {'subject': 'Test', 'performative': 'tell', 'reply-with': 'nil', 'receiver': 'pynadath_at_isi_edu_fax', 'user': 'pynadath@isi.edu', 'sender': 'proxy_pynadath_at_isi_edu', 'shortcontent': 'This is a test', 'content': 'This is a test message for pynadath@isi.edu'}
Mon Feb 04 18:06:37 2002: Message for user ID: pynadath@isi.edu
Mon Feb 04 18:06:37 2002: User name: David Pynadath
Mon Feb 04 18:06:37 2002: Faxing (3108220751): This is a test message for David Pynadath
Mon Feb 04 18:56:21 2002: Sending message: (unregister :receiver proxy_pynadath_at_isi_edu :name fax :sender pynadath_at_isi_edu_fax :reply-with nil :user pynadath_at_isi_edu)
Mon Feb 04 18:56:21 2002: Router pynadath_at_isi_edu_fax exiting...
Mon Feb 04 18:56:21 2002: Sending message: (unregister :receiver TEAMCORE :sender pynadath_at_isi_edu_fax :ontology tcp-ip :reply-with nil :content pynadath_at_isi_edu_fax)
Mon Feb 04 18:56:21 2002: Exiting...
Tue Feb 05 14:55:40 2002: Using ANS: ('vibhagam.isi.edu', 5500)
Tue Feb 05 14:55:40 2002: Bound to host/port: vibhagam.isi.edu:6667
Tue Feb 05 14:55:40 2002: Sending message: (register :ontology tcp-ip :sender pynadath_at_isi_edu_fax :reply-with t :content "pynadath_at_isi_edu_fax vibhagam.isi.edu:6667")
Tue Feb 05 14:55:40 2002: Received: {'receiver': 'pynadath_at_isi_edu_fax', 'performative': 'error', 'sender': 'TEAMCORE', 'in-reply-to': 't', 'content': 'handler encountered error'}
Tue Feb 05 14:55:40 2002: Registration produced: {'receiver': 'pynadath_at_isi_edu_fax', 'performative': 'error', 'sender': 'TEAMCORE', 'in-reply-to': 't', 'content': 'handler encountered error'}
Tue Feb 05 14:55:40 2002: Sending message: (unregister :sender pynadath_at_isi_edu_fax :ontology tcp-ip :reply-with nil :content pynadath_at_isi_edu_fax)
Tue Feb 05 14:55:40 2002: Sending message: (register :sender pynadath_at_isi_edu_fax :ontology tcp-ip :reply-with t :content (pynadath_at_isi_edu_fax vibhagam.isi.edu:6667))
Tue Feb 05 14:55:40 2002: Received: {'receiver': 'pynadath_at_isi_edu_fax', 'performative': 'reply', 'sender': 'TEAMCORE', 'in-reply-to': 't', 'content': 'pynadath_at_isi_edu_fax TEAMCORE'}
Tue Feb 05 14:55:40 2002: Registration produced: {'receiver': 'pynadath_at_isi_edu_fax', 'performative': 'reply', 'sender': 'TEAMCORE', 'in-reply-to': 't', 'content': 'pynadath_at_isi_edu_fax TEAMCORE'}pynadath_at_isi_edu_fax, TEAMCORE
Tue Feb 05 14:55:40 2002: Registration successful: pynadath_at_isi_edu_fax
Tue Feb 05 14:55:40 2002: Sending message: (ask-one :sender pynadath_at_isi_edu_fax :reply-with t :content "proxy_pynadath_at_isi_edu")
Tue Feb 05 14:55:40 2002: Received: {'receiver': 'pynadath_at_isi_edu_fax', 'performative': 'reply', 'sender': 'TEAMCORE', 'in-reply-to': 't', 'content': 'proxy_pynadath_at_isi_edu:sangat.isi.edu:9992:'}
Tue Feb 05 14:55:40 2002: Sending message: (register :name fax :reply-with nil :agenttype device :receiver proxy_pynadath_at_isi_edu :user pynadath_at_isi_edu :sender pynadath_at_isi_edu_fax :direction (to other))
Tue Feb 05 14:55:40 2002: Router for pynadath_at_isi_edu_fax running...
Tue Feb 05 14:55:40 2002: FaxDevice: Default destination is 3108220751
Tue Feb 05 14:55:45 2002: Received: {'subject': 'ElectricElvesMeeting05: cancellation', 'performative': 'tell', 'reply-with': 'nil', 'value': '10', 'receiver': 'pynadath_at_isi_edu_fax', 'user': 'pynadath@isi.edu', 'sender': 'proxy_pynadath_at_isi_edu', 'shortcontent': 'Meeting ElectricElvesMeeting05  has been cancelled.', 'content': 'Meeting ElectricElvesMeeting05  has been cancelled. Cancelled by David Pynadath Message generated: 02:55 PM Tue 02/05'}
Tue Feb 05 14:55:45 2002: Processing message: {'subject': 'ElectricElvesMeeting05: cancellation', 'performative': 'tell', 'reply-with': 'nil', 'value': '10', 'receiver': 'pynadath_at_isi_edu_fax', 'user': 'pynadath@isi.edu', 'sender': 'proxy_pynadath_at_isi_edu', 'shortcontent': 'Meeting ElectricElvesMeeting05  has been cancelled.', 'content': 'Meeting ElectricElvesMeeting05  has been cancelled. Cancelled by David Pynadath Message generated: 02:55 PM Tue 02/05'}
Tue Feb 05 14:55:46 2002: Received: {'receiver': 'pynadath_at_isi_edu_fax', 'performative': 'tell', 'sender': 'proxy_pynadath_at_isi_edu', 'reply-with': 'nil', 'content': '<schedule><meeting><Start>02/05/2002/12:00</Start><Stop>02/05/2002/13:00</Stop><name>Basketball05</name><team>Pynadath-other-team</team><my_location>923</my_location><location>not_ISI</location><user_role>active-participant</user_role><most_important>pynadath</most_important><num_attendees>2</num_attendees><frequency>weekly</frequency><Outoftown>0</Outoftown><presenter_capability>high</presenter_capability><subject_interest>high</subject_interest><subject>unknown</subject><state>Over</state></meeting><meeting><Start>02/05/2002/15:00</Start><Stop>02/05/2002/16:00</Stop><name>ElectricElvesMeeting05</name><team>agents-united-team</team><my_location>923</my_location><location>955</location><user_role>active-participant</user_role><most_important>tambe</most_important><num_attendees>9</num_attendees><frequency>weekly</frequency><Outoftown>0</Outoftown><presenter_capability>high</presenter_capability><subject_interest>high</subject_interest><subject>unknown</subject><state>Over</state></meeting><meeting><Start>02/08/2002/12:00</Start><Stop>02/08/2002/14:00</Stop><name>Basketball08</name><team>Pynadath-other-team</team><my_location>923</my_location><location>not_ISI</location><user_role>active-participant</user_role><most_important>pynadath</most_important><num_attendees>2</num_attendees><frequency>weekly</frequency><Outoftown>0</Outoftown><presenter_capability>high</presenter_capability><subject_interest>high</subject_interest><subject>unknown</subject><state>Active</state></meeting><meeting><Start>02/12/2002/12:00</Start><Stop>02/12/2002/13:00</Stop><name>Basketball12</name><team>Pynadath-other-team</team><my_location>923</my_location><location>not_ISI</location><user_role>active-participant</user_role><most_important>pynadath</most_important><num_attendees>2</num_attendees><frequency>weekly</frequency><Outoftown>0</Outoftown><presenter_capability>high</presenter_capability><subject_interest>high</subject_interest><subject>unknown</subject><state>Active</state></meeting><meeting><Start>02/12/2002/15:00</Start><Stop>02/12/2002/16:00</Stop><name>ElectricElvesMeeting12</name><team>agents-united-team</team><my_location>923</my_location><location>955</location><user_role>active-participant</user_role><most_important>tambe</most_important><num_attendees>9</num_attendees><frequency>weekly</frequency><Outoftown>0</Outoftown><presenter_capability>high</presenter_capability><subject_interest>high</subject_interest><subject>unknown</subject><state>Active</state></meeting></schedule>', 'user': 'pynadath@isi.edu'}
Tue Feb 05 14:55:46 2002: Message for user ID: pynadath@isi.edu
Tue Feb 05 14:55:46 2002: User name: David Pynadath
Tue Feb 05 14:55:46 2002: Faxing (3108220751): Meeting ElectricElvesMeeting05  has been cancelled. Cancelled by David Pynadath Message generated: 02:55 PM Tue 02/05
Tue Feb 05 14:55:46 2002: Processing message: {'receiver': 'pynadath_at_isi_edu_fax', 'performative': 'tell', 'sender': 'proxy_pynadath_at_isi_edu', 'reply-with': 'nil', 'content': '<schedule><meeting><Start>02/05/2002/12:00</Start><Stop>02/05/2002/13:00</Stop><name>Basketball05</name><team>Pynadath-other-team</team><my_location>923</my_location><location>not_ISI</location><user_role>active-participant</user_role><most_important>pynadath</most_important><num_attendees>2</num_attendees><frequency>weekly</frequency><Outoftown>0</Outoftown><presenter_capability>high</presenter_capability><subject_interest>high</subject_interest><subject>unknown</subject><state>Over</state></meeting><meeting><Start>02/05/2002/15:00</Start><Stop>02/05/2002/16:00</Stop><name>ElectricElvesMeeting05</name><team>agents-united-team</team><my_location>923</my_location><location>955</location><user_role>active-participant</user_role><most_important>tambe</most_important><num_attendees>9</num_attendees><frequency>weekly</frequency><Outoftown>0</Outoftown><presenter_capability>high</presenter_capability><subject_interest>high</subject_interest><subject>unknown</subject><state>Over</state></meeting><meeting><Start>02/08/2002/12:00</Start><Stop>02/08/2002/14:00</Stop><name>Basketball08</name><team>Pynadath-other-team</team><my_location>923</my_location><location>not_ISI</location><user_role>active-participant</user_role><most_important>pynadath</most_important><num_attendees>2</num_attendees><frequency>weekly</frequency><Outoftown>0</Outoftown><presenter_capability>high</presenter_capability><subject_interest>high</subject_interest><subject>unknown</subject><state>Active</state></meeting><meeting><Start>02/12/2002/12:00</Start><Stop>02/12/2002/13:00</Stop><name>Basketball12</name><team>Pynadath-other-team</team><my_location>923</my_location><location>not_ISI</location><user_role>active-participant</user_role><most_important>pynadath</most_important><num_attendees>2</num_attendees><frequency>weekly</frequency><Outoftown>0</Outoftown><presenter_capability>high</presenter_capability><subject_interest>high</subject_interest><subject>unknown</subject><state>Active</state></meeting><meeting><Start>02/12/2002/15:00</Start><Stop>02/12/2002/16:00</Stop><name>ElectricElvesMeeting12</name><team>agents-united-team</team><my_location>923</my_location><location>955</location><user_role>active-participant</user_role><most_important>tambe</most_important><num_attendees>9</num_attendees><frequency>weekly</frequency><Outoftown>0</Outoftown><presenter_capability>high</presenter_capability><subject_interest>high</subject_interest><subject>unknown</subject><state>Active</state></meeting></schedule>', 'user': 'pynadath@isi.edu'}
Tue Feb 05 16:50:00 2002: Received: {'receiver': 'pynadath_at_isi_edu_fax', 'performative': 'tell', 'sender': 'proxy_pynadath_at_isi_edu', 'reply-with': 'nil', 'content': '<schedule><meeting><Start>02/05/2002/12:00</Start><Stop>02/05/2002/13:00</Stop><name>Basketball05</name><team>Pynadath-other-team</team><my_location>923</my_location><location>not_ISI</location><user_role>active-participant</user_role><most_important>pynadath</most_important><num_attendees>2</num_attendees><frequency>weekly</frequency><Outoftown>0</Outoftown><presenter_capability>high</presenter_capability><subject_interest>high</subject_interest><subject>unknown</subject><state>Over</state></meeting><meeting><Start>02/05/2002/15:00</Start><Stop>02/05/2002/16:00</Stop><name>ElectricElvesMeeting05</name><team>agents-united-team</team><my_location>923</my_location><location>955</location><user_role>active-participant</user_role><most_important>tambe</most_important><num_attendees>9</num_attendees><frequency>weekly</frequency><Outoftown>0</Outoftown><presenter_capability>high</presenter_capability><subject_interest>high</subject_interest><subject>unknown</subject><state>Over</state></meeting><meeting><Start>02/08/2002/12:00</Start><Stop>02/08/2002/14:00</Stop><name>Basketball08</name><team>Pynadath-other-team</team><my_location>923</my_location><location>not_ISI</location><user_role>active-participant</user_role><most_important>pynadath</most_important><num_attendees>2</num_attendees><frequency>weekly</frequency><Outoftown>0</Outoftown><presenter_capability>high</presenter_capability><subject_interest>high</subject_interest><subject>unknown</subject><state>Active</state></meeting><meeting><Start>02/12/2002/12:00</Start><Stop>02/12/2002/13:00</Stop><name>Basketball12</name><team>Pynadath-other-team</team><my_location>923</my_location><location>not_ISI</location><user_role>active-participant</user_role><most_important>pynadath</most_important><num_attendees>2</num_attendees><frequency>weekly</frequency><Outoftown>0</Outoftown><presenter_capability>high</presenter_capability><subject_interest>high</subject_interest><subject>unknown</subject><state>Active</state></meeting><meeting><Start>02/12/2002/15:00</Start><Stop>02/12/2002/16:00</Stop><name>ElectricElvesMeeting12</name><team>agents-united-team</team><my_location>923</my_location><location>955</location><user_role>active-participant</user_role><most_important>tambe</most_important><num_attendees>9</num_attendees><frequency>weekly</frequency><Outoftown>0</Outoftown><presenter_capability>high</presenter_capability><subject_interest>high</subject_interest><subject>unknown</subject><state>Active</state></meeting></schedule>', 'user': 'pynadath@isi.edu'}
Tue Feb 05 16:50:00 2002: Processing message: {'receiver': 'pynadath_at_isi_edu_fax', 'performative': 'tell', 'sender': 'proxy_pynadath_at_isi_edu', 'reply-with': 'nil', 'content': '<schedule><meeting><Start>02/05/2002/12:00</Start><Stop>02/05/2002/13:00</Stop><name>Basketball05</name><team>Pynadath-other-team</team><my_location>923</my_location><location>not_ISI</location><user_role>active-participant</user_role><most_important>pynadath</most_important><num_attendees>2</num_attendees><frequency>weekly</frequency><Outoftown>0</Outoftown><presenter_capability>high</presenter_capability><subject_interest>high</subject_interest><subject>unknown</subject><state>Over</state></meeting><meeting><Start>02/05/2002/15:00</Start><Stop>02/05/2002/16:00</Stop><name>ElectricElvesMeeting05</name><team>agents-united-team</team><my_location>923</my_location><location>955</location><user_role>active-participant</user_role><most_important>tambe</most_important><num_attendees>9</num_attendees><frequency>weekly</frequency><Outoftown>0</Outoftown><presenter_capability>high</presenter_capability><subject_interest>high</subject_interest><subject>unknown</subject><state>Over</state></meeting><meeting><Start>02/08/2002/12:00</Start><Stop>02/08/2002/14:00</Stop><name>Basketball08</name><team>Pynadath-other-team</team><my_location>923</my_location><location>not_ISI</location><user_role>active-participant</user_role><most_important>pynadath</most_important><num_attendees>2</num_attendees><frequency>weekly</frequency><Outoftown>0</Outoftown><presenter_capability>high</presenter_capability><subject_interest>high</subject_interest><subject>unknown</subject><state>Active</state></meeting><meeting><Start>02/12/2002/12:00</Start><Stop>02/12/2002/13:00</Stop><name>Basketball12</name><team>Pynadath-other-team</team><my_location>923</my_location><location>not_ISI</location><user_role>active-participant</user_role><most_important>pynadath</most_important><num_attendees>2</num_attendees><frequency>weekly</frequency><Outoftown>0</Outoftown><presenter_capability>high</presenter_capability><subject_interest>high</subject_interest><subject>unknown</subject><state>Active</state></meeting><meeting><Start>02/12/2002/15:00</Start><Stop>02/12/2002/16:00</Stop><name>ElectricElvesMeeting12</name><team>agents-united-team</team><my_location>923</my_location><location>955</location><user_role>active-participant</user_role><most_important>tambe</most_important><num_attendees>9</num_attendees><frequency>weekly</frequency><Outoftown>0</Outoftown><presenter_capability>high</presenter_capability><subject_interest>high</subject_interest><subject>unknown</subject><state>Active</state></meeting></schedule>', 'user': 'pynadath@isi.edu'}
Tue Feb 05 16:50:41 2002: Received: {'receiver': 'pynadath_at_isi_edu_fax', 'performative': 'tell', 'sender': 'proxy_pynadath_at_isi_edu', 'reply-with': 'nil', 'content': '<schedule><meeting><Start>02/05/2002/12:00</Start><Stop>02/05/2002/13:00</Stop><name>Basketball05</name><team>Pynadath-other-team</team><my_location>923</my_location><location>not_ISI</location><user_role>active-participant</user_role><most_important>pynadath</most_important><num_attendees>2</num_attendees><frequency>weekly</frequency><Outoftown>0</Outoftown><presenter_capability>high</presenter_capability><subject_interest>high</subject_interest><subject>unknown</subject><state>Over</state></meeting><meeting><Start>02/05/2002/15:00</Start><Stop>02/05/2002/16:00</Stop><name>ElectricElvesMeeting05</name><team>agents-united-team</team><my_location>923</my_location><location>955</location><user_role>active-participant</user_role><most_important>tambe</most_important><num_attendees>9</num_attendees><frequency>weekly</frequency><Outoftown>0</Outoftown><presenter_capability>high</presenter_capability><subject_interest>high</subject_interest><subject>unknown</subject><state>Over</state></meeting><meeting><Start>02/08/2002/12:00</Start><Stop>02/08/2002/14:00</Stop><name>Basketball08</name><team>Pynadath-other-team</team><my_location>923</my_location><location>not_ISI</location><user_role>active-participant</user_role><most_important>pynadath</most_important><num_attendees>2</num_attendees><frequency>weekly</frequency><Outoftown>0</Outoftown><presenter_capability>high</presenter_capability><subject_interest>high</subject_interest><subject>unknown</subject><state>Active</state></meeting><meeting><Start>02/12/2002/12:00</Start><Stop>02/12/2002/13:00</Stop><name>Basketball12</name><team>Pynadath-other-team</team><my_location>923</my_location><location>not_ISI</location><user_role>active-participant</user_role><most_important>pynadath</most_important><num_attendees>2</num_attendees><frequency>weekly</frequency><Outoftown>0</Outoftown><presenter_capability>high</presenter_capability><subject_interest>high</subject_interest><subject>unknown</subject><state>Active</state></meeting><meeting><Start>02/12/2002/15:00</Start><Stop>02/12/2002/16:00</Stop><name>ElectricElvesMeeting12</name><team>agents-united-team</team><my_location>923</my_location><location>955</location><user_role>active-participant</user_role><most_important>tambe</most_important><num_attendees>9</num_attendees><frequency>weekly</frequency><Outoftown>0</Outoftown><presenter_capability>high</presenter_capability><subject_interest>high</subject_interest><subject>unknown</subject><state>Active</state></meeting></schedule>', 'user': 'pynadath@isi.edu'}
Tue Feb 05 16:50:41 2002: Processing message: {'receiver': 'pynadath_at_isi_edu_fax', 'performative': 'tell', 'sender': 'proxy_pynadath_at_isi_edu', 'reply-with': 'nil', 'content': '<schedule><meeting><Start>02/05/2002/12:00</Start><Stop>02/05/2002/13:00</Stop><name>Basketball05</name><team>Pynadath-other-team</team><my_location>923</my_location><location>not_ISI</location><user_role>active-participant</user_role><most_important>pynadath</most_important><num_attendees>2</num_attendees><frequency>weekly</frequency><Outoftown>0</Outoftown><presenter_capability>high</presenter_capability><subject_interest>high</subject_interest><subject>unknown</subject><state>Over</state></meeting><meeting><Start>02/05/2002/15:00</Start><Stop>02/05/2002/16:00</Stop><name>ElectricElvesMeeting05</name><team>agents-united-team</team><my_location>923</my_location><location>955</location><user_role>active-participant</user_role><most_important>tambe</most_important><num_attendees>9</num_attendees><frequency>weekly</frequency><Outoftown>0</Outoftown><presenter_capability>high</presenter_capability><subject_interest>high</subject_interest><subject>unknown</subject><state>Over</state></meeting><meeting><Start>02/08/2002/12:00</Start><Stop>02/08/2002/14:00</Stop><name>Basketball08</name><team>Pynadath-other-team</team><my_location>923</my_location><location>not_ISI</location><user_role>active-participant</user_role><most_important>pynadath</most_important><num_attendees>2</num_attendees><frequency>weekly</frequency><Outoftown>0</Outoftown><presenter_capability>high</presenter_capability><subject_interest>high</subject_interest><subject>unknown</subject><state>Active</state></meeting><meeting><Start>02/12/2002/12:00</Start><Stop>02/12/2002/13:00</Stop><name>Basketball12</name><team>Pynadath-other-team</team><my_location>923</my_location><location>not_ISI</location><user_role>active-participant</user_role><most_important>pynadath</most_important><num_attendees>2</num_attendees><frequency>weekly</frequency><Outoftown>0</Outoftown><presenter_capability>high</presenter_capability><subject_interest>high</subject_interest><subject>unknown</subject><state>Active</state></meeting><meeting><Start>02/12/2002/15:00</Start><Stop>02/12/2002/16:00</Stop><name>ElectricElvesMeeting12</name><team>agents-united-team</team><my_location>923</my_location><location>955</location><user_role>active-participant</user_role><most_important>tambe</most_important><num_attendees>9</num_attendees><frequency>weekly</frequency><Outoftown>0</Outoftown><presenter_capability>high</presenter_capability><subject_interest>high</subject_interest><subject>unknown</subject><state>Active</state></meeting></schedule>', 'user': 'pynadath@isi.edu'}
Tue Feb 05 17:38:25 2002: Sending message: (unregister :receiver proxy_pynadath_at_isi_edu :name fax :sender pynadath_at_isi_edu_fax :reply-with nil :user pynadath_at_isi_edu)
Tue Feb 05 17:38:25 2002: Router pynadath_at_isi_edu_fax exiting...
Tue Feb 05 17:38:25 2002: Sending message: (unregister :receiver TEAMCORE :sender pynadath_at_isi_edu_fax :ontology tcp-ip :reply-with nil :content pynadath_at_isi_edu_fax)
Tue Feb 05 17:38:25 2002: Exiting...
