Mon Jan 14 22:12:23 2002: Using ANS: ('vibhagam', 5500)
Mon Jan 14 22:12:23 2002: Bound to host/port: sangat.isi.edu:6681
Mon Jan 14 22:12:23 2002: Sending message: (register :ontology tcp-ip :sender scerri_at_isi_edu_palm :reply-with t :content "scerri_at_isi_edu_palm sangat.isi.edu:6681")
Mon Jan 14 22:12:23 2002: Received: {'receiver': 'scerri_at_isi_edu_palm', 'performative': 'error', 'sender': 'TEAMCORE', 'in-reply-to': 't', 'content': 'handler encountered error'}
Mon Jan 14 22:12:23 2002: Registration produced: {'receiver': 'scerri_at_isi_edu_palm', 'performative': 'error', 'sender': 'TEAMCORE', 'in-reply-to': 't', 'content': 'handler encountered error'}
Mon Jan 14 22:12:23 2002: Sending message: (unregister :sender scerri_at_isi_edu_palm :ontology tcp-ip :reply-with nil :content scerri_at_isi_edu_palm)
Mon Jan 14 22:12:23 2002: Sending message: (register :sender scerri_at_isi_edu_palm :ontology tcp-ip :reply-with t :content (scerri_at_isi_edu_palm sangat.isi.edu:6681))
Mon Jan 14 22:12:23 2002: Received: {'receiver': 'scerri_at_isi_edu_palm', 'performative': 'reply', 'sender': 'TEAMCORE', 'in-reply-to': 't', 'content': 'scerri_at_isi_edu_palm TEAMCORE'}
Mon Jan 14 22:12:23 2002: Registration produced: {'receiver': 'scerri_at_isi_edu_palm', 'performative': 'reply', 'sender': 'TEAMCORE', 'in-reply-to': 't', 'content': 'scerri_at_isi_edu_palm TEAMCORE'}scerri_at_isi_edu_palm, TEAMCORE
Mon Jan 14 22:12:23 2002: Registration successful: scerri_at_isi_edu_palm
Mon Jan 14 22:12:23 2002: Router for scerri_at_isi_edu_palm running...
Mon Jan 14 22:12:23 2002: Sending message: (ask-one :sender scerri_at_isi_edu_palm :reply-with t :content "proxy_scerri_at_isi_edu")
Mon Jan 14 22:12:23 2002: Received: {'receiver': 'scerri_at_isi_edu_palm', 'performative': 'reply', 'sender': 'TEAMCORE', 'in-reply-to': 't', 'content': 'proxy_scerri_at_isi_edu:sangat.isi.edu:10000:'}
Mon Jan 14 22:12:23 2002: Sending message: (register :name palm :reply-with nil :agenttype device :receiver proxy_scerri_at_isi_edu :user scerri_at_isi_edu :sender scerri_at_isi_edu_palm :direction both)
Mon Jan 14 22:14:22 2002: Received: {'receiver': 'scerri_at_isi_edu_palm', 'performative': 'tell', 'sender': 'deviceCGI_scerri_at_isi_edu', 'reply-with': 'nil', 'content': 'stop'}
Mon Jan 14 22:14:22 2002: Processing message: {'receiver': 'scerri_at_isi_edu_palm', 'performative': 'tell', 'sender': 'deviceCGI_scerri_at_isi_edu', 'reply-with': 'nil', 'content': 'stop'}
Mon Jan 14 22:14:22 2002: Sending message: (unregister :receiver proxy_scerri_at_isi_edu :name palm :sender scerri_at_isi_edu_palm :reply-with nil :user scerri_at_isi_edu)
Mon Jan 14 22:14:22 2002: Router scerri_at_isi_edu_palm exiting...
Mon Jan 14 22:14:22 2002: Sending message: (unregister :receiver TEAMCORE :sender scerri_at_isi_edu_palm :ontology tcp-ip :reply-with nil :content scerri_at_isi_edu_palm)
Mon Jan 14 22:14:22 2002: Exiting...
Mon Jan 14 22:14:36 2002: Using ANS: ('vibhagam', 5500)
Mon Jan 14 22:14:36 2002: Bound to host/port: sangat.isi.edu:6681
Mon Jan 14 22:14:36 2002: Sending message: (register :ontology tcp-ip :sender scerri_at_isi_edu_palm :reply-with t :content "scerri_at_isi_edu_palm sangat.isi.edu:6681")
Mon Jan 14 22:14:36 2002: Received: {'receiver': 'scerri_at_isi_edu_palm', 'performative': 'error', 'sender': 'TEAMCORE', 'in-reply-to': 't', 'content': 'handler encountered error'}
Mon Jan 14 22:14:36 2002: Registration produced: {'receiver': 'scerri_at_isi_edu_palm', 'performative': 'error', 'sender': 'TEAMCORE', 'in-reply-to': 't', 'content': 'handler encountered error'}
Mon Jan 14 22:14:36 2002: Sending message: (unregister :sender scerri_at_isi_edu_palm :ontology tcp-ip :reply-with nil :content scerri_at_isi_edu_palm)
Mon Jan 14 22:14:36 2002: Sending message: (register :sender scerri_at_isi_edu_palm :ontology tcp-ip :reply-with t :content (scerri_at_isi_edu_palm sangat.isi.edu:6681))
Mon Jan 14 22:14:36 2002: Received: {'receiver': 'scerri_at_isi_edu_palm', 'performative': 'reply', 'sender': 'TEAMCORE', 'in-reply-to': 't', 'content': 'scerri_at_isi_edu_palm TEAMCORE'}
Mon Jan 14 22:14:36 2002: Registration produced: {'receiver': 'scerri_at_isi_edu_palm', 'performative': 'reply', 'sender': 'TEAMCORE', 'in-reply-to': 't', 'content': 'scerri_at_isi_edu_palm TEAMCORE'}scerri_at_isi_edu_palm, TEAMCORE
Mon Jan 14 22:14:36 2002: Registration successful: scerri_at_isi_edu_palm
Mon Jan 14 22:14:36 2002: Router for scerri_at_isi_edu_palm running...
Mon Jan 14 22:14:36 2002: Sending message: (ask-one :sender scerri_at_isi_edu_palm :reply-with t :content "proxy_scerri_at_isi_edu")
Mon Jan 14 22:14:36 2002: Received: {'receiver': 'scerri_at_isi_edu_palm', 'performative': 'reply', 'sender': 'TEAMCORE', 'in-reply-to': 't', 'content': 'proxy_scerri_at_isi_edu:sangat.isi.edu:10000:'}
Mon Jan 14 22:14:36 2002: Sending message: (register :name palm :reply-with nil :agenttype device :receiver proxy_scerri_at_isi_edu :user scerri_at_isi_edu :sender scerri_at_isi_edu_palm :direction both)
Mon Feb 04 13:47:36 2002: Received: {'receiver': 'scerri_at_isi_edu_palm', 'performative': 'tell', 'sender': 'deviceCGI_scerri_at_isi_edu', 'reply-with': 'nil', 'content': 'stop'}
Mon Feb 04 13:47:36 2002: Processing message: {'receiver': 'scerri_at_isi_edu_palm', 'performative': 'tell', 'sender': 'deviceCGI_scerri_at_isi_edu', 'reply-with': 'nil', 'content': 'stop'}
Mon Feb 04 13:47:36 2002: Sending message: (unregister :receiver proxy_scerri_at_isi_edu :name palm :sender scerri_at_isi_edu_palm :reply-with nil :user scerri_at_isi_edu)
Mon Feb 04 13:47:36 2002: Router scerri_at_isi_edu_palm exiting...
Mon Feb 04 13:47:36 2002: Sending message: (unregister :receiver TEAMCORE :sender scerri_at_isi_edu_palm :ontology tcp-ip :reply-with nil :content scerri_at_isi_edu_palm)
Mon Feb 04 13:47:36 2002: Exiting...
Wed Feb 06 17:51:34 2002: Using ANS: ('vibhagam', 5500)
Wed Feb 06 17:51:35 2002: Bound to host/port: sangat.isi.edu:6681
Wed Feb 06 17:51:35 2002: Sending message: (register :ontology tcp-ip :sender scerri_at_isi_edu_palm :reply-with t :content "scerri_at_isi_edu_palm sangat.isi.edu:6681")
Wed Feb 06 17:51:35 2002: Received: {'receiver': 'scerri_at_isi_edu_palm', 'performative': 'error', 'sender': 'TEAMCORE', 'in-reply-to': 't', 'content': 'handler encountered error'}
Wed Feb 06 17:51:35 2002: Registration produced: {'receiver': 'scerri_at_isi_edu_palm', 'performative': 'error', 'sender': 'TEAMCORE', 'in-reply-to': 't', 'content': 'handler encountered error'}
Wed Feb 06 17:51:35 2002: Sending message: (unregister :sender scerri_at_isi_edu_palm :ontology tcp-ip :reply-with nil :content scerri_at_isi_edu_palm)
Wed Feb 06 17:51:35 2002: Sending message: (register :sender scerri_at_isi_edu_palm :ontology tcp-ip :reply-with t :content (scerri_at_isi_edu_palm sangat.isi.edu:6681))
Wed Feb 06 17:51:35 2002: Received: {'receiver': 'scerri_at_isi_edu_palm', 'performative': 'reply', 'sender': 'TEAMCORE', 'in-reply-to': 't', 'content': 'scerri_at_isi_edu_palm TEAMCORE'}
Wed Feb 06 17:51:35 2002: Registration produced: {'receiver': 'scerri_at_isi_edu_palm', 'performative': 'reply', 'sender': 'TEAMCORE', 'in-reply-to': 't', 'content': 'scerri_at_isi_edu_palm TEAMCORE'}scerri_at_isi_edu_palm, TEAMCORE
Wed Feb 06 17:51:35 2002: Registration successful: scerri_at_isi_edu_palm
Wed Feb 06 17:51:35 2002: Router for scerri_at_isi_edu_palm running...
Wed Feb 06 17:51:35 2002: Sending message: (ask-one :sender scerri_at_isi_edu_palm :reply-with t :content "proxy_scerri_at_isi_edu")
Wed Feb 06 17:51:35 2002: Received: {'receiver': 'scerri_at_isi_edu_palm', 'performative': 'reply', 'sender': 'TEAMCORE', 'in-reply-to': 't', 'content': 'proxy_scerri_at_isi_edu:sangat.isi.edu:10002:'}
Wed Feb 06 17:51:35 2002: Sending message: (register :name palm :reply-with nil :agenttype device :receiver proxy_scerri_at_isi_edu :user scerri_at_isi_edu :sender scerri_at_isi_edu_palm :direction both)
Wed Feb 06 17:53:09 2002: Received: {'receiver': 'scerri_at_isi_edu_palm', 'performative': 'tell', 'sender': 'ping_scerri_at_isi_edu', 'reply-with': 'nil', 'content': 'stop'}
Wed Feb 06 17:53:09 2002: Processing message: {'receiver': 'scerri_at_isi_edu_palm', 'performative': 'tell', 'sender': 'ping_scerri_at_isi_edu', 'reply-with': 'nil', 'content': 'stop'}
Wed Feb 06 17:53:09 2002: Sending message: (unregister :receiver proxy_scerri_at_isi_edu :name palm :sender scerri_at_isi_edu_palm :reply-with nil :user scerri_at_isi_edu)
Wed Feb 06 17:53:09 2002: Router scerri_at_isi_edu_palm exiting...
Wed Feb 06 17:53:09 2002: Sending message: (unregister :receiver TEAMCORE :sender scerri_at_isi_edu_palm :ontology tcp-ip :reply-with nil :content scerri_at_isi_edu_palm)
Wed Feb 06 17:53:09 2002: Exiting...
Wed Feb 06 18:28:33 2002: Using ANS: ('vibhagam', 5500)
Wed Feb 06 18:28:33 2002: Bound to host/port: sangat.isi.edu:6681
Wed Feb 06 18:28:33 2002: Sending message: (register :ontology tcp-ip :sender scerri_at_isi_edu_palm :reply-with t :content "scerri_at_isi_edu_palm sangat.isi.edu:6681")
Wed Feb 06 18:28:33 2002: Received: {'receiver': 'scerri_at_isi_edu_palm', 'performative': 'error', 'sender': 'TEAMCORE', 'in-reply-to': 't', 'content': 'handler encountered error'}
Wed Feb 06 18:28:33 2002: Registration produced: {'receiver': 'scerri_at_isi_edu_palm', 'performative': 'error', 'sender': 'TEAMCORE', 'in-reply-to': 't', 'content': 'handler encountered error'}
Wed Feb 06 18:28:33 2002: Sending message: (unregister :sender scerri_at_isi_edu_palm :ontology tcp-ip :reply-with nil :content scerri_at_isi_edu_palm)
Wed Feb 06 18:28:33 2002: Sending message: (register :sender scerri_at_isi_edu_palm :ontology tcp-ip :reply-with t :content (scerri_at_isi_edu_palm sangat.isi.edu:6681))
Wed Feb 06 18:28:33 2002: Received: {'receiver': 'scerri_at_isi_edu_palm', 'performative': 'reply', 'sender': 'TEAMCORE', 'in-reply-to': 't', 'content': 'scerri_at_isi_edu_palm TEAMCORE'}
Wed Feb 06 18:28:33 2002: Registration produced: {'receiver': 'scerri_at_isi_edu_palm', 'performative': 'reply', 'sender': 'TEAMCORE', 'in-reply-to': 't', 'content': 'scerri_at_isi_edu_palm TEAMCORE'}scerri_at_isi_edu_palm, TEAMCORE
Wed Feb 06 18:28:33 2002: Registration successful: scerri_at_isi_edu_palm
Wed Feb 06 18:28:33 2002: Router for scerri_at_isi_edu_palm running...
Wed Feb 06 18:28:33 2002: Sending message: (ask-one :sender scerri_at_isi_edu_palm :reply-with t :content "proxy_scerri_at_isi_edu")
Wed Feb 06 18:28:33 2002: Received: {'receiver': 'scerri_at_isi_edu_palm', 'performative': 'reply', 'sender': 'TEAMCORE', 'in-reply-to': 't', 'content': 'proxy_scerri_at_isi_edu:sangat.isi.edu:10002:'}
Wed Feb 06 18:28:33 2002: Sending message: (register :name palm :reply-with nil :agenttype device :receiver proxy_scerri_at_isi_edu :user scerri_at_isi_edu :sender scerri_at_isi_edu_palm :direction both)
Wed Feb 06 18:29:33 2002: Received: {'receiver': 'scerri_at_isi_edu_palm', 'performative': 'tell', 'sender': 'ping_scerri_at_isi_edu', 'reply-with': 'nil', 'content': 'stop'}
Wed Feb 06 18:29:33 2002: Processing message: {'receiver': 'scerri_at_isi_edu_palm', 'performative': 'tell', 'sender': 'ping_scerri_at_isi_edu', 'reply-with': 'nil', 'content': 'stop'}
Wed Feb 06 18:29:33 2002: Sending message: (unregister :receiver proxy_scerri_at_isi_edu :name palm :sender scerri_at_isi_edu_palm :reply-with nil :user scerri_at_isi_edu)
Wed Feb 06 18:29:33 2002: Router scerri_at_isi_edu_palm exiting...
Wed Feb 06 18:29:33 2002: Sending message: (unregister :receiver TEAMCORE :sender scerri_at_isi_edu_palm :ontology tcp-ip :reply-with nil :content scerri_at_isi_edu_palm)
Wed Feb 06 18:29:33 2002: Exiting...
Wed Feb 06 18:31:02 2002: Using ANS: ('vibhagam', 5500)
Wed Feb 06 18:31:02 2002: Bound to host/port: sangat.isi.edu:6681
Wed Feb 06 18:31:02 2002: Sending message: (register :ontology tcp-ip :sender scerri_at_isi_edu_palm :reply-with t :content "scerri_at_isi_edu_palm sangat.isi.edu:6681")
Wed Feb 06 18:31:02 2002: Received: {'receiver': 'scerri_at_isi_edu_palm', 'performative': 'error', 'sender': 'TEAMCORE', 'in-reply-to': 't', 'content': 'handler encountered error'}
Wed Feb 06 18:31:02 2002: Registration produced: {'receiver': 'scerri_at_isi_edu_palm', 'performative': 'error', 'sender': 'TEAMCORE', 'in-reply-to': 't', 'content': 'handler encountered error'}
Wed Feb 06 18:31:02 2002: Sending message: (unregister :sender scerri_at_isi_edu_palm :ontology tcp-ip :reply-with nil :content scerri_at_isi_edu_palm)
Wed Feb 06 18:31:02 2002: Sending message: (register :sender scerri_at_isi_edu_palm :ontology tcp-ip :reply-with t :content (scerri_at_isi_edu_palm sangat.isi.edu:6681))
Wed Feb 06 18:31:02 2002: Received: {'receiver': 'scerri_at_isi_edu_palm', 'performative': 'reply', 'sender': 'TEAMCORE', 'in-reply-to': 't', 'content': 'scerri_at_isi_edu_palm TEAMCORE'}
Wed Feb 06 18:31:02 2002: Registration produced: {'receiver': 'scerri_at_isi_edu_palm', 'performative': 'reply', 'sender': 'TEAMCORE', 'in-reply-to': 't', 'content': 'scerri_at_isi_edu_palm TEAMCORE'}scerri_at_isi_edu_palm, TEAMCORE
Wed Feb 06 18:31:02 2002: Registration successful: scerri_at_isi_edu_palm
Wed Feb 06 18:31:02 2002: Router for scerri_at_isi_edu_palm running...
Wed Feb 06 18:31:02 2002: Sending message: (ask-one :sender scerri_at_isi_edu_palm :reply-with t :content "proxy_scerri_at_isi_edu")
Wed Feb 06 18:31:02 2002: Received: {'receiver': 'scerri_at_isi_edu_palm', 'performative': 'reply', 'sender': 'TEAMCORE', 'in-reply-to': 't', 'content': 'proxy_scerri_at_isi_edu:sangat.isi.edu:10002:'}
Wed Feb 06 18:31:02 2002: Sending message: (register :name palm :reply-with nil :agenttype device :receiver proxy_scerri_at_isi_edu :user scerri_at_isi_edu :sender scerri_at_isi_edu_palm :direction both)
Wed Feb 06 18:31:19 2002: Received: {'receiver': 'scerri_at_isi_edu_palm', 'performative': 'tell', 'sender': 'ping_scerri_at_isi_edu', 'reply-with': 'nil', 'content': 'stop'}
Wed Feb 06 18:31:19 2002: Processing message: {'receiver': 'scerri_at_isi_edu_palm', 'performative': 'tell', 'sender': 'ping_scerri_at_isi_edu', 'reply-with': 'nil', 'content': 'stop'}
Wed Feb 06 18:31:19 2002: Sending message: (unregister :receiver proxy_scerri_at_isi_edu :name palm :sender scerri_at_isi_edu_palm :reply-with nil :user scerri_at_isi_edu)
Wed Feb 06 18:31:19 2002: Router scerri_at_isi_edu_palm exiting...
Wed Feb 06 18:31:19 2002: Sending message: (unregister :receiver TEAMCORE :sender scerri_at_isi_edu_palm :ontology tcp-ip :reply-with nil :content scerri_at_isi_edu_palm)
Wed Feb 06 18:31:19 2002: Exiting...
Wed Feb 06 18:34:08 2002: Using ANS: ('vibhagam', 5500)
Wed Feb 06 18:34:08 2002: Bound to host/port: sangat.isi.edu:6681
Wed Feb 06 18:34:08 2002: Sending message: (register :ontology tcp-ip :sender scerri_at_isi_edu_palm :reply-with t :content "scerri_at_isi_edu_palm sangat.isi.edu:6681")
Wed Feb 06 18:34:08 2002: Received: {'receiver': 'scerri_at_isi_edu_palm', 'performative': 'error', 'sender': 'TEAMCORE', 'in-reply-to': 't', 'content': 'handler encountered error'}
Wed Feb 06 18:34:08 2002: Registration produced: {'receiver': 'scerri_at_isi_edu_palm', 'performative': 'error', 'sender': 'TEAMCORE', 'in-reply-to': 't', 'content': 'handler encountered error'}
Wed Feb 06 18:34:08 2002: Sending message: (unregister :sender scerri_at_isi_edu_palm :ontology tcp-ip :reply-with nil :content scerri_at_isi_edu_palm)
Wed Feb 06 18:34:08 2002: Sending message: (register :sender scerri_at_isi_edu_palm :ontology tcp-ip :reply-with t :content (scerri_at_isi_edu_palm sangat.isi.edu:6681))
Wed Feb 06 18:34:08 2002: Received: {'receiver': 'scerri_at_isi_edu_palm', 'performative': 'reply', 'sender': 'TEAMCORE', 'in-reply-to': 't', 'content': 'scerri_at_isi_edu_palm TEAMCORE'}
Wed Feb 06 18:34:08 2002: Registration produced: {'receiver': 'scerri_at_isi_edu_palm', 'performative': 'reply', 'sender': 'TEAMCORE', 'in-reply-to': 't', 'content': 'scerri_at_isi_edu_palm TEAMCORE'}scerri_at_isi_edu_palm, TEAMCORE
Wed Feb 06 18:34:08 2002: Registration successful: scerri_at_isi_edu_palm
Wed Feb 06 18:34:08 2002: Router for scerri_at_isi_edu_palm running...
Wed Feb 06 18:34:08 2002: Sending message: (ask-one :sender scerri_at_isi_edu_palm :reply-with t :content "proxy_scerri_at_isi_edu")
Wed Feb 06 18:34:08 2002: Received: {'receiver': 'scerri_at_isi_edu_palm', 'performative': 'reply', 'sender': 'TEAMCORE', 'in-reply-to': 't', 'content': 'proxy_scerri_at_isi_edu:sangat.isi.edu:10002:'}
Wed Feb 06 18:34:08 2002: Sending message: (register :name palm :reply-with nil :agenttype device :receiver proxy_scerri_at_isi_edu :user scerri_at_isi_edu :sender scerri_at_isi_edu_palm :direction both)
Wed Feb 06 18:34:24 2002: Received: {'receiver': 'scerri_at_isi_edu_palm', 'performative': 'tell', 'sender': 'ping_scerri_at_isi_edu', 'reply-with': 'nil', 'content': 'stop'}
Wed Feb 06 18:34:24 2002: Processing message: {'receiver': 'scerri_at_isi_edu_palm', 'performative': 'tell', 'sender': 'ping_scerri_at_isi_edu', 'reply-with': 'nil', 'content': 'stop'}
Wed Feb 06 18:34:24 2002: Sending message: (unregister :receiver proxy_scerri_at_isi_edu :name palm :sender scerri_at_isi_edu_palm :reply-with nil :user scerri_at_isi_edu)
Wed Feb 06 18:34:24 2002: Router scerri_at_isi_edu_palm exiting...
Wed Feb 06 18:34:24 2002: Sending message: (unregister :receiver TEAMCORE :sender scerri_at_isi_edu_palm :ontology tcp-ip :reply-with nil :content scerri_at_isi_edu_palm)
Wed Feb 06 18:34:24 2002: Exiting...
