Tue Jun 25 10:02:45 2002: Using ANS: ('vibhagam.isi.edu', 5500)
Tue Jun 25 10:02:45 2002: Bound to host/port: sangat.isi.edu:6691
Tue Jun 25 10:02:45 2002: Sending message: (register :ontology tcp-ip :sender arens_at_isi_edu_email_cellulararens_at_isi_edu :reply-with t :content "arens_at_isi_edu_email_cellulararens_at_isi_edu sangat.isi.edu:6691")
Tue Jun 25 10:02:45 2002: Received: {'receiver': 'arens_at_isi_edu_email_cellulararens_at_isi_edu', 'performative': 'error', 'sender': 'TEAMCORE', 'in-reply-to': 't', 'content': 'handler encountered error'}
Tue Jun 25 10:02:45 2002: Registration produced: {'receiver': 'arens_at_isi_edu_email_cellulararens_at_isi_edu', 'performative': 'error', 'sender': 'TEAMCORE', 'in-reply-to': 't', 'content': 'handler encountered error'}
Tue Jun 25 10:02:45 2002: Sending message: (unregister :sender arens_at_isi_edu_email_cellulararens_at_isi_edu :ontology tcp-ip :reply-with nil :content arens_at_isi_edu_email_cellulararens_at_isi_edu)
Tue Jun 25 10:02:45 2002: Sending message: (register :sender arens_at_isi_edu_email_cellulararens_at_isi_edu :ontology tcp-ip :reply-with t :content (arens_at_isi_edu_email_cellulararens_at_isi_edu sangat.isi.edu:6691))
Tue Jun 25 10:02:46 2002: Received: {'receiver': 'arens_at_isi_edu_email_cellulararens_at_isi_edu', 'performative': 'reply', 'sender': 'TEAMCORE', 'in-reply-to': 't', 'content': 'arens_at_isi_edu_email_cellulararens_at_isi_edu TEAMCORE'}
Tue Jun 25 10:02:46 2002: Registration produced: {'receiver': 'arens_at_isi_edu_email_cellulararens_at_isi_edu', 'performative': 'reply', 'sender': 'TEAMCORE', 'in-reply-to': 't', 'content': 'arens_at_isi_edu_email_cellulararens_at_isi_edu TEAMCORE'}arens_at_isi_edu_email_cellulararens_at_isi_edu, TEAMCORE
Tue Jun 25 10:02:46 2002: Registration successful: arens_at_isi_edu_email_cellulararens_at_isi_edu
Tue Jun 25 10:02:46 2002: Router for arens_at_isi_edu_email_cellulararens_at_isi_edu running...
Tue Jun 25 10:02:46 2002: Sending message: (ask-one :sender arens_at_isi_edu_email_cellulararens_at_isi_edu :reply-with t :content "proxy_arens_at_isi_edu")
Tue Jun 25 10:02:46 2002: Received: {'receiver': 'arens_at_isi_edu_email_cellulararens_at_isi_edu', 'performative': 'reply', 'sender': 'TEAMCORE', 'in-reply-to': 't', 'content': 'proxy_arens_at_isi_edu:sangat.isi.edu:9991:'}
Tue Jun 25 10:02:46 2002: Sending message: (register :name email_cellulararens_at_isi_edu :reply-with nil :agenttype device :receiver proxy_arens_at_isi_edu :user arens_at_isi_edu :sender arens_at_isi_edu_email_cellulararens_at_isi_edu :direction (to user))
Wed Jun 26 14:20:53 2002: Using ANS: ('vibhagam.isi.edu', 5500)
Wed Jun 26 14:20:53 2002: Bound to host/port: sangat.isi.edu:6669
Wed Jun 26 14:20:53 2002: Sending message: (register :ontology tcp-ip :sender arens_at_isi_edu_email_cellulararens_at_isi_edu :reply-with t :content "arens_at_isi_edu_email_cellulararens_at_isi_edu sangat.isi.edu:6669")
Wed Jun 26 14:20:53 2002: Received: {'receiver': 'arens_at_isi_edu_email_cellulararens_at_isi_edu', 'performative': 'error', 'sender': 'TEAMCORE', 'in-reply-to': 't', 'content': 'handler encountered error'}
Wed Jun 26 14:20:53 2002: Registration produced: {'receiver': 'arens_at_isi_edu_email_cellulararens_at_isi_edu', 'performative': 'error', 'sender': 'TEAMCORE', 'in-reply-to': 't', 'content': 'handler encountered error'}
Wed Jun 26 14:20:53 2002: Sending message: (unregister :sender arens_at_isi_edu_email_cellulararens_at_isi_edu :ontology tcp-ip :reply-with nil :content arens_at_isi_edu_email_cellulararens_at_isi_edu)
Wed Jun 26 14:20:53 2002: Sending message: (register :sender arens_at_isi_edu_email_cellulararens_at_isi_edu :ontology tcp-ip :reply-with t :content (arens_at_isi_edu_email_cellulararens_at_isi_edu sangat.isi.edu:6669))
Wed Jun 26 14:20:53 2002: Received: {'receiver': 'arens_at_isi_edu_email_cellulararens_at_isi_edu', 'performative': 'reply', 'sender': 'TEAMCORE', 'in-reply-to': 't', 'content': 'arens_at_isi_edu_email_cellulararens_at_isi_edu TEAMCORE'}
Wed Jun 26 14:20:53 2002: Registration produced: {'receiver': 'arens_at_isi_edu_email_cellulararens_at_isi_edu', 'performative': 'reply', 'sender': 'TEAMCORE', 'in-reply-to': 't', 'content': 'arens_at_isi_edu_email_cellulararens_at_isi_edu TEAMCORE'}arens_at_isi_edu_email_cellulararens_at_isi_edu, TEAMCORE
Wed Jun 26 14:20:53 2002: Registration successful: arens_at_isi_edu_email_cellulararens_at_isi_edu
Wed Jun 26 14:20:53 2002: Router for arens_at_isi_edu_email_cellulararens_at_isi_edu running...
Wed Jun 26 14:20:53 2002: Sending message: (ask-one :sender arens_at_isi_edu_email_cellulararens_at_isi_edu :reply-with t :content "proxy_arens_at_isi_edu")
Wed Jun 26 14:20:53 2002: Received: {'receiver': 'arens_at_isi_edu_email_cellulararens_at_isi_edu', 'performative': 'reply', 'sender': 'TEAMCORE', 'in-reply-to': 't', 'content': 'proxy_arens_at_isi_edu:sangat.isi.edu:9991:'}
Wed Jun 26 14:20:53 2002: Sending message: (register :name email_cellulararens_at_isi_edu :reply-with nil :agenttype device :receiver proxy_arens_at_isi_edu :user arens_at_isi_edu :sender arens_at_isi_edu_email_cellulararens_at_isi_edu :direction (to user))
Wed Jun 26 14:20:54 2002: Received: {'receiver': 'arens_at_isi_edu_email_cellulararens_at_isi_edu', 'performative': 'ask', 'sender': 'ping_arens_at_isi_edu_email_cellulararens_at_isi_edu', 'reply-with': 'arens_at_isi_edu', 'content': 'hello'}
Wed Jun 26 14:20:54 2002: Processing message: {'receiver': 'arens_at_isi_edu_email_cellulararens_at_isi_edu', 'performative': 'ask', 'sender': 'ping_arens_at_isi_edu_email_cellulararens_at_isi_edu', 'reply-with': 'arens_at_isi_edu', 'content': 'hello'}
Wed Jun 26 14:20:54 2002: Replying: (sorry :reply-with nil :in-reply-to arens_at_isi_edu :receiver ping_arens_at_isi_edu_email_cellulararens_at_isi_edu :sender arens_at_isi_edu_email_cellulararens_at_isi_edu :comment "Unintelligible query")
Wed Jun 26 14:21:03 2002: Received: {'receiver': 'hans_at_isi_edu_email_hans_at_isi_edu', 'performative': 'tell', 'sender': 'stop_hans_at_isi_edu_email_hans_at_isi_edu', 'reply-with': 'nil', 'content': 'stop'}
Wed Jun 26 14:21:03 2002: Processing message: {'receiver': 'hans_at_isi_edu_email_hans_at_isi_edu', 'performative': 'tell', 'sender': 'stop_hans_at_isi_edu_email_hans_at_isi_edu', 'reply-with': 'nil', 'content': 'stop'}
Wed Jun 26 14:21:03 2002: Sending message: (unregister :receiver proxy_arens_at_isi_edu :name email_cellulararens_at_isi_edu :sender arens_at_isi_edu_email_cellulararens_at_isi_edu :reply-with nil :user arens_at_isi_edu)
Wed Jun 26 14:21:03 2002: Router arens_at_isi_edu_email_cellulararens_at_isi_edu exiting...
Wed Jun 26 14:21:03 2002: Sending message: (unregister :receiver TEAMCORE :sender arens_at_isi_edu_email_cellulararens_at_isi_edu :ontology tcp-ip :reply-with nil :content arens_at_isi_edu_email_cellulararens_at_isi_edu)
Wed Jun 26 14:21:03 2002: Exiting...
Wed Jun 26 14:48:56 2002: Using ANS: ('vibhagam.isi.edu', 5500)
Wed Jun 26 14:48:56 2002: Bound to host/port: sangat.isi.edu:6686
Wed Jun 26 14:48:56 2002: Sending message: (register :ontology tcp-ip :sender arens_at_isi_edu_email_cellulararens_at_isi_edu :reply-with t :content "arens_at_isi_edu_email_cellulararens_at_isi_edu sangat.isi.edu:6686")
Wed Jun 26 14:48:56 2002: Received: {'receiver': 'arens_at_isi_edu_email_cellulararens_at_isi_edu', 'performative': 'error', 'sender': 'TEAMCORE', 'in-reply-to': 't', 'content': 'handler encountered error'}
Wed Jun 26 14:48:56 2002: Registration produced: {'receiver': 'arens_at_isi_edu_email_cellulararens_at_isi_edu', 'performative': 'error', 'sender': 'TEAMCORE', 'in-reply-to': 't', 'content': 'handler encountered error'}
Wed Jun 26 14:48:56 2002: Sending message: (unregister :sender arens_at_isi_edu_email_cellulararens_at_isi_edu :ontology tcp-ip :reply-with nil :content arens_at_isi_edu_email_cellulararens_at_isi_edu)
Wed Jun 26 14:48:56 2002: Sending message: (register :sender arens_at_isi_edu_email_cellulararens_at_isi_edu :ontology tcp-ip :reply-with t :content (arens_at_isi_edu_email_cellulararens_at_isi_edu sangat.isi.edu:6686))
Wed Jun 26 14:48:56 2002: Received: {'receiver': 'arens_at_isi_edu_email_cellulararens_at_isi_edu', 'performative': 'reply', 'sender': 'TEAMCORE', 'in-reply-to': 't', 'content': 'arens_at_isi_edu_email_cellulararens_at_isi_edu TEAMCORE'}
Wed Jun 26 14:48:56 2002: Registration produced: {'receiver': 'arens_at_isi_edu_email_cellulararens_at_isi_edu', 'performative': 'reply', 'sender': 'TEAMCORE', 'in-reply-to': 't', 'content': 'arens_at_isi_edu_email_cellulararens_at_isi_edu TEAMCORE'}arens_at_isi_edu_email_cellulararens_at_isi_edu, TEAMCORE
Wed Jun 26 14:48:56 2002: Registration successful: arens_at_isi_edu_email_cellulararens_at_isi_edu
Wed Jun 26 14:48:56 2002: Router for arens_at_isi_edu_email_cellulararens_at_isi_edu running...
Wed Jun 26 14:48:56 2002: Sending message: (ask-one :sender arens_at_isi_edu_email_cellulararens_at_isi_edu :reply-with t :content "proxy_arens_at_isi_edu")
Wed Jun 26 14:48:56 2002: Received: {'receiver': 'arens_at_isi_edu_email_cellulararens_at_isi_edu', 'performative': 'reply', 'sender': 'TEAMCORE', 'in-reply-to': 't', 'content': 'proxy_arens_at_isi_edu:sangat.isi.edu:9991:'}
Wed Jun 26 14:48:56 2002: Sending message: (register :name email_cellulararens_at_isi_edu :reply-with nil :agenttype device :receiver proxy_arens_at_isi_edu :user arens_at_isi_edu :sender arens_at_isi_edu_email_cellulararens_at_isi_edu :direction (to user))
Fri Jun 28 10:25:49 2002: Using ANS: ('vibhagam.isi.edu', 5500)
Fri Jun 28 10:25:49 2002: Bound to host/port: equipe.isi.edu:6668
Fri Jun 28 10:25:49 2002: Sending message: (register :ontology tcp-ip :sender arens_at_isi_edu_email_cellulararens_at_isi_edu :reply-with t :content "arens_at_isi_edu_email_cellulararens_at_isi_edu equipe.isi.edu:6668")
Fri Jun 28 10:25:49 2002: Received: {'receiver': 'arens_at_isi_edu_email_cellulararens_at_isi_edu', 'performative': 'error', 'sender': 'TEAMCORE', 'in-reply-to': 't', 'content': 'handler encountered error'}
Fri Jun 28 10:25:49 2002: Registration produced: {'receiver': 'arens_at_isi_edu_email_cellulararens_at_isi_edu', 'performative': 'error', 'sender': 'TEAMCORE', 'in-reply-to': 't', 'content': 'handler encountered error'}
Fri Jun 28 10:25:49 2002: Sending message: (unregister :sender arens_at_isi_edu_email_cellulararens_at_isi_edu :ontology tcp-ip :reply-with nil :content arens_at_isi_edu_email_cellulararens_at_isi_edu)
Fri Jun 28 10:25:49 2002: Sending message: (register :sender arens_at_isi_edu_email_cellulararens_at_isi_edu :ontology tcp-ip :reply-with t :content (arens_at_isi_edu_email_cellulararens_at_isi_edu equipe.isi.edu:6668))
Fri Jun 28 10:25:49 2002: Received: {'receiver': 'arens_at_isi_edu_email_cellulararens_at_isi_edu', 'performative': 'reply', 'sender': 'TEAMCORE', 'in-reply-to': 't', 'content': 'arens_at_isi_edu_email_cellulararens_at_isi_edu TEAMCORE'}
Fri Jun 28 10:25:49 2002: Registration produced: {'receiver': 'arens_at_isi_edu_email_cellulararens_at_isi_edu', 'performative': 'reply', 'sender': 'TEAMCORE', 'in-reply-to': 't', 'content': 'arens_at_isi_edu_email_cellulararens_at_isi_edu TEAMCORE'}arens_at_isi_edu_email_cellulararens_at_isi_edu, TEAMCORE
Fri Jun 28 10:25:49 2002: Registration successful: arens_at_isi_edu_email_cellulararens_at_isi_edu
Fri Jun 28 10:25:49 2002: Router for arens_at_isi_edu_email_cellulararens_at_isi_edu running...
Fri Jun 28 10:25:49 2002: Sending message: (ask-one :sender arens_at_isi_edu_email_cellulararens_at_isi_edu :reply-with t :content "proxy_arens_at_isi_edu")
Fri Jun 28 10:25:49 2002: Received: {'receiver': 'arens_at_isi_edu_email_cellulararens_at_isi_edu', 'performative': 'reply', 'sender': 'TEAMCORE', 'in-reply-to': 't', 'content': 'proxy_arens_at_isi_edu:sangat.isi.edu:9991:'}
Fri Jun 28 10:25:49 2002: Sending message: (register :name email_cellulararens_at_isi_edu :reply-with nil :agenttype device :receiver proxy_arens_at_isi_edu :user arens_at_isi_edu :sender arens_at_isi_edu_email_cellulararens_at_isi_edu :direction (to user))
Fri Jun 28 10:25:49 2002: Received: {'receiver': 'arens_at_isi_edu_email_cellulararens_at_isi_edu', 'performative': 'ask', 'sender': 'ping_arens_at_isi_edu_email_cellulararens_at_isi_edu', 'reply-with': 'arens_at_isi_edu', 'content': 'hello'}
Fri Jun 28 10:25:49 2002: Processing message: {'receiver': 'arens_at_isi_edu_email_cellulararens_at_isi_edu', 'performative': 'ask', 'sender': 'ping_arens_at_isi_edu_email_cellulararens_at_isi_edu', 'reply-with': 'arens_at_isi_edu', 'content': 'hello'}
Fri Jun 28 10:25:49 2002: Replying: (sorry :reply-with nil :in-reply-to arens_at_isi_edu :receiver ping_arens_at_isi_edu_email_cellulararens_at_isi_edu :sender arens_at_isi_edu_email_cellulararens_at_isi_edu :comment "Unintelligible query")
Fri Jun 28 10:29:25 2002: Received: {'receiver': 'arens_at_isi_edu_email_cellulararens_at_isi_edu', 'performative': 'ask', 'sender': 'ping_arens_at_isi_edu_email_cellulararens_at_isi_edu', 'reply-with': 'arens_at_isi_edu', 'content': 'hello'}
Fri Jun 28 10:29:25 2002: Processing message: {'receiver': 'arens_at_isi_edu_email_cellulararens_at_isi_edu', 'performative': 'ask', 'sender': 'ping_arens_at_isi_edu_email_cellulararens_at_isi_edu', 'reply-with': 'arens_at_isi_edu', 'content': 'hello'}
Fri Jun 28 10:29:25 2002: Replying: (sorry :reply-with nil :in-reply-to arens_at_isi_edu :receiver ping_arens_at_isi_edu_email_cellulararens_at_isi_edu :sender arens_at_isi_edu_email_cellulararens_at_isi_edu :comment "Unintelligible query")
Fri Jul 12 11:35:40 2002: Received: {'receiver': 'arens_at_isi_edu_email_cellulararens_at_isi_edu', 'performative': 'ask', 'sender': 'ping_arens_at_isi_edu_email_cellulararens_at_isi_edu', 'reply-with': 'arens_at_isi_edu', 'content': 'hello'}
Fri Jul 12 11:35:40 2002: Processing message: {'receiver': 'arens_at_isi_edu_email_cellulararens_at_isi_edu', 'performative': 'ask', 'sender': 'ping_arens_at_isi_edu_email_cellulararens_at_isi_edu', 'reply-with': 'arens_at_isi_edu', 'content': 'hello'}
Fri Jul 12 11:35:40 2002: Replying: (sorry :reply-with nil :in-reply-to arens_at_isi_edu :receiver ping_arens_at_isi_edu_email_cellulararens_at_isi_edu :sender arens_at_isi_edu_email_cellulararens_at_isi_edu :comment "Unintelligible query")
Fri Jul 26 15:10:26 2002: Received: {'receiver': 'arens_at_isi_edu_email_cellulararens_at_isi_edu', 'performative': 'tell', 'sender': 'stop_arens_at_isi_edu_email_cellulararens_at_isi_edu', 'reply-with': 'nil', 'content': 'stop'}
Fri Jul 26 15:10:26 2002: Processing message: {'receiver': 'arens_at_isi_edu_email_cellulararens_at_isi_edu', 'performative': 'tell', 'sender': 'stop_arens_at_isi_edu_email_cellulararens_at_isi_edu', 'reply-with': 'nil', 'content': 'stop'}
Fri Jul 26 15:10:27 2002: Sending message: (unregister :receiver proxy_arens_at_isi_edu :name email_cellulararens_at_isi_edu :sender arens_at_isi_edu_email_cellulararens_at_isi_edu :reply-with nil :user arens_at_isi_edu)
Fri Jul 26 15:10:27 2002: Router arens_at_isi_edu_email_cellulararens_at_isi_edu exiting...
Fri Jul 26 15:10:27 2002: Sending message: (unregister :receiver TEAMCORE :sender arens_at_isi_edu_email_cellulararens_at_isi_edu :ontology tcp-ip :reply-with nil :content arens_at_isi_edu_email_cellulararens_at_isi_edu)
Fri Jul 26 15:10:27 2002: Exiting...
