Thu May 30 18:34:23 2002: Using ANS: ('vibhagam.isi.edu', 5500)
Thu May 30 18:34:23 2002: Bound to host/port: sangat.isi.edu:6686
Thu May 30 18:34:23 2002: Sending message: (register :ontology tcp-ip :sender knight_at_isi_edu_email_knight_at_isi_edu :reply-with t :content "knight_at_isi_edu_email_knight_at_isi_edu sangat.isi.edu:6686")
Thu May 30 18:34:23 2002: Received: {'receiver': 'knight_at_isi_edu_email_knight_at_isi_edu', 'performative': 'error', 'sender': 'TEAMCORE', 'in-reply-to': 't', 'content': 'handler encountered error'}
Thu May 30 18:34:23 2002: Registration produced: {'receiver': 'knight_at_isi_edu_email_knight_at_isi_edu', 'performative': 'error', 'sender': 'TEAMCORE', 'in-reply-to': 't', 'content': 'handler encountered error'}
Thu May 30 18:34:23 2002: Sending message: (unregister :sender knight_at_isi_edu_email_knight_at_isi_edu :ontology tcp-ip :reply-with nil :content knight_at_isi_edu_email_knight_at_isi_edu)
Thu May 30 18:34:23 2002: Sending message: (register :sender knight_at_isi_edu_email_knight_at_isi_edu :ontology tcp-ip :reply-with t :content (knight_at_isi_edu_email_knight_at_isi_edu sangat.isi.edu:6686))
Thu May 30 18:34:23 2002: Received: {'receiver': 'knight_at_isi_edu_email_knight_at_isi_edu', 'performative': 'reply', 'sender': 'TEAMCORE', 'in-reply-to': 't', 'content': 'knight_at_isi_edu_email_knight_at_isi_edu TEAMCORE'}
Thu May 30 18:34:23 2002: Registration produced: {'receiver': 'knight_at_isi_edu_email_knight_at_isi_edu', 'performative': 'reply', 'sender': 'TEAMCORE', 'in-reply-to': 't', 'content': 'knight_at_isi_edu_email_knight_at_isi_edu TEAMCORE'}knight_at_isi_edu_email_knight_at_isi_edu, TEAMCORE
Thu May 30 18:34:23 2002: Registration successful: knight_at_isi_edu_email_knight_at_isi_edu
Thu May 30 18:34:23 2002: Router for knight_at_isi_edu_email_knight_at_isi_edu running...
Thu May 30 18:34:23 2002: Sending message: (ask-one :sender knight_at_isi_edu_email_knight_at_isi_edu :reply-with t :content "proxy_knight_at_isi_edu")
Thu May 30 18:34:23 2002: Received: {'receiver': 'knight_at_isi_edu_email_knight_at_isi_edu', 'performative': 'reply', 'sender': 'TEAMCORE', 'in-reply-to': 't', 'content': 'proxy_knight_at_isi_edu:sangat.isi.edu:9992:'}
Thu May 30 18:34:23 2002: Sending message: (register :name email_knight_at_isi_edu :reply-with nil :agenttype device :receiver proxy_knight_at_isi_edu :user knight_at_isi_edu :sender knight_at_isi_edu_email_knight_at_isi_edu :direction (to user))
Fri May 31 00:55:19 2002: Received: {'subject': 'Airfare Changed', 'performative': 'tell', 'reply-with': 'nil', 'receiver': 'knight_at_isi_edu_email_knight_at_isi_edu', 'user': 'knight@isi.edu', 'sender': 'proxy_knight_at_isi_edu', 'deadline': '10000', 'shortcontent': 'The airfare for your United Airlines itinerary (lax - mry) has increased to $287', 'content': 'Dear knight_at_isi_edu,<br/><br/> The airfare for your United Airlines itinerary (lax - mry) has increased to $287.<br/><br/> -- Your personal elf'}
Fri May 31 00:55:19 2002: Processing message: {'subject': 'Airfare Changed', 'performative': 'tell', 'reply-with': 'nil', 'receiver': 'knight_at_isi_edu_email_knight_at_isi_edu', 'user': 'knight@isi.edu', 'sender': 'proxy_knight_at_isi_edu', 'deadline': '10000', 'shortcontent': 'The airfare for your United Airlines itinerary (lax - mry) has increased to $287', 'content': 'Dear knight_at_isi_edu,<br/><br/> The airfare for your United Airlines itinerary (lax - mry) has increased to $287.<br/><br/> -- Your personal elf'}
Fri May 31 00:55:20 2002: Message for user ID: knight@isi.edu
Fri May 31 00:55:20 2002: User name: Kevin Knight
Fri May 31 13:04:13 2002: Received: {'subject': 'Airfare Changed', 'performative': 'tell', 'reply-with': 'nil', 'receiver': 'knight_at_isi_edu_email_knight_at_isi_edu', 'user': 'knight@isi.edu', 'sender': 'proxy_knight_at_isi_edu', 'deadline': '10000', 'shortcontent': 'The airfare for your United Airlines itinerary (lax - mry) has increased to $390', 'content': 'Dear knight_at_isi_edu,<br/><br/> The airfare for your United Airlines itinerary (lax - mry) has increased to $390.<br/><br/> -- Your personal elf'}
Fri May 31 13:04:13 2002: Processing message: {'subject': 'Airfare Changed', 'performative': 'tell', 'reply-with': 'nil', 'receiver': 'knight_at_isi_edu_email_knight_at_isi_edu', 'user': 'knight@isi.edu', 'sender': 'proxy_knight_at_isi_edu', 'deadline': '10000', 'shortcontent': 'The airfare for your United Airlines itinerary (lax - mry) has increased to $390', 'content': 'Dear knight_at_isi_edu,<br/><br/> The airfare for your United Airlines itinerary (lax - mry) has increased to $390.<br/><br/> -- Your personal elf'}
Fri May 31 13:04:14 2002: Message for user ID: knight@isi.edu
Fri May 31 13:04:14 2002: User name: Kevin Knight
Sat Jun 01 13:24:03 2002: Received: {'subject': 'Airfare Changed', 'performative': 'tell', 'reply-with': 'nil', 'receiver': 'knight_at_isi_edu_email_knight_at_isi_edu', 'user': 'knight@isi.edu', 'sender': 'proxy_knight_at_isi_edu', 'deadline': '10000', 'shortcontent': 'The airfare for your United Airlines itinerary (lax - mry) has dropped to $287', 'content': 'Dear knight_at_isi_edu,<br/><br/> The airfare for your United Airlines itinerary (lax - mry) has dropped to $287.<br/><br/> -- Your personal elf'}
Sat Jun 01 13:24:03 2002: Processing message: {'subject': 'Airfare Changed', 'performative': 'tell', 'reply-with': 'nil', 'receiver': 'knight_at_isi_edu_email_knight_at_isi_edu', 'user': 'knight@isi.edu', 'sender': 'proxy_knight_at_isi_edu', 'deadline': '10000', 'shortcontent': 'The airfare for your United Airlines itinerary (lax - mry) has dropped to $287', 'content': 'Dear knight_at_isi_edu,<br/><br/> The airfare for your United Airlines itinerary (lax - mry) has dropped to $287.<br/><br/> -- Your personal elf'}
Sat Jun 01 13:24:03 2002: Message for user ID: knight@isi.edu
Sat Jun 01 13:24:03 2002: User name: Kevin Knight
Mon Jun 03 10:54:42 2002: Received: {'receiver': 'knight_at_isi_edu_email_knight_at_isi_edu', 'performative': 'ask', 'sender': 'ping_knight_at_isi_edu_email_knight_at_isi_edu', 'reply-with': 'knight_at_isi_edu', 'content': 'hello'}
Mon Jun 03 10:54:42 2002: Processing message: {'receiver': 'knight_at_isi_edu_email_knight_at_isi_edu', 'performative': 'ask', 'sender': 'ping_knight_at_isi_edu_email_knight_at_isi_edu', 'reply-with': 'knight_at_isi_edu', 'content': 'hello'}
Mon Jun 03 10:54:42 2002: Replying: (sorry :reply-with nil :in-reply-to knight_at_isi_edu :receiver ping_knight_at_isi_edu_email_knight_at_isi_edu :sender knight_at_isi_edu_email_knight_at_isi_edu :comment "Unintelligible query")
Tue Jun 04 02:11:19 2002: Received: {'subject': 'Airfare Changed', 'performative': 'tell', 'reply-with': 'nil', 'receiver': 'knight_at_isi_edu_email_knight_at_isi_edu', 'user': 'knight@isi.edu', 'sender': 'proxy_knight_at_isi_edu', 'deadline': '10000', 'shortcontent': 'The airfare for your United Airlines itinerary (lax - mry) has increased to $493', 'content': 'Dear knight_at_isi_edu,<br/><br/> The airfare for your United Airlines itinerary (lax - mry) has increased to $493.<br/><br/> -- Your personal elf'}
Tue Jun 04 02:11:19 2002: Processing message: {'subject': 'Airfare Changed', 'performative': 'tell', 'reply-with': 'nil', 'receiver': 'knight_at_isi_edu_email_knight_at_isi_edu', 'user': 'knight@isi.edu', 'sender': 'proxy_knight_at_isi_edu', 'deadline': '10000', 'shortcontent': 'The airfare for your United Airlines itinerary (lax - mry) has increased to $493', 'content': 'Dear knight_at_isi_edu,<br/><br/> The airfare for your United Airlines itinerary (lax - mry) has increased to $493.<br/><br/> -- Your personal elf'}
Tue Jun 04 02:11:19 2002: Message for user ID: knight@isi.edu
Tue Jun 04 02:11:19 2002: User name: Kevin Knight
Thu Jun 06 14:46:10 2002: Received: {'receiver': 'knight_at_isi_edu_email_knight_at_isi_edu', 'performative': 'ask', 'sender': 'ping_knight_at_isi_edu_email_knight_at_isi_edu', 'reply-with': 'knight_at_isi_edu', 'content': 'hello'}
Thu Jun 06 14:46:10 2002: Processing message: {'receiver': 'knight_at_isi_edu_email_knight_at_isi_edu', 'performative': 'ask', 'sender': 'ping_knight_at_isi_edu_email_knight_at_isi_edu', 'reply-with': 'knight_at_isi_edu', 'content': 'hello'}
Thu Jun 06 14:46:10 2002: Replying: (sorry :reply-with nil :in-reply-to knight_at_isi_edu :receiver ping_knight_at_isi_edu_email_knight_at_isi_edu :sender knight_at_isi_edu_email_knight_at_isi_edu :comment "Unintelligible query")
Mon Jun 10 12:50:43 2002: Received: {'receiver': 'knight_at_isi_edu_email_knight_at_isi_edu', 'performative': 'kqml-admin', 'sender': 'TEAMCORE', 'kqml-msg-id': '699+vibhagam.isi.edu+47', 'reply-with': 't', 'content': 'name'}
Mon Jun 10 13:20:06 2002: Using ANS: ('vibhagam', 5500)
Mon Jun 10 13:20:06 2002: Bound to host/port: sangat.isi.edu:6675
Mon Jun 10 13:20:06 2002: Sending message: (register :ontology tcp-ip :sender knight_at_isi_edu_email_knight_at_isi_edu :reply-with t :content "knight_at_isi_edu_email_knight_at_isi_edu sangat.isi.edu:6675")
Mon Jun 10 13:20:06 2002: Received: {'receiver': 'knight_at_isi_edu_email_knight_at_isi_edu', 'performative': 'error', 'sender': 'TEAMCORE', 'in-reply-to': 't', 'content': 'handler encountered error'}
Mon Jun 10 13:20:06 2002: Registration produced: {'receiver': 'knight_at_isi_edu_email_knight_at_isi_edu', 'performative': 'error', 'sender': 'TEAMCORE', 'in-reply-to': 't', 'content': 'handler encountered error'}
Mon Jun 10 13:20:06 2002: Sending message: (unregister :sender knight_at_isi_edu_email_knight_at_isi_edu :ontology tcp-ip :reply-with nil :content knight_at_isi_edu_email_knight_at_isi_edu)
Mon Jun 10 13:20:06 2002: Sending message: (register :sender knight_at_isi_edu_email_knight_at_isi_edu :ontology tcp-ip :reply-with t :content (knight_at_isi_edu_email_knight_at_isi_edu sangat.isi.edu:6675))
Mon Jun 10 13:20:06 2002: Received: {'receiver': 'knight_at_isi_edu_email_knight_at_isi_edu', 'performative': 'reply', 'sender': 'TEAMCORE', 'in-reply-to': 't', 'content': 'knight_at_isi_edu_email_knight_at_isi_edu TEAMCORE'}
Mon Jun 10 13:20:06 2002: Registration produced: {'receiver': 'knight_at_isi_edu_email_knight_at_isi_edu', 'performative': 'reply', 'sender': 'TEAMCORE', 'in-reply-to': 't', 'content': 'knight_at_isi_edu_email_knight_at_isi_edu TEAMCORE'}knight_at_isi_edu_email_knight_at_isi_edu, TEAMCORE
Mon Jun 10 13:20:06 2002: Registration successful: knight_at_isi_edu_email_knight_at_isi_edu
Mon Jun 10 13:20:06 2002: Router for knight_at_isi_edu_email_knight_at_isi_edu running...
Mon Jun 10 13:20:06 2002: Sending message: (ask-one :sender knight_at_isi_edu_email_knight_at_isi_edu :reply-with t :content "proxy_knight_at_isi_edu")
Mon Jun 10 13:20:06 2002: Received: {'receiver': 'knight_at_isi_edu_email_knight_at_isi_edu', 'performative': 'reply', 'sender': 'TEAMCORE', 'in-reply-to': 't', 'content': 'proxy_knight_at_isi_edu:sangat.isi.edu:9991:'}
Mon Jun 10 13:20:06 2002: Sending message: (register :name email_knight_at_isi_edu :reply-with nil :agenttype device :receiver proxy_knight_at_isi_edu :user knight_at_isi_edu :sender knight_at_isi_edu_email_knight_at_isi_edu :direction (to user))
Mon Jun 10 13:20:07 2002: Received: {'receiver': 'knight_at_isi_edu_email_knight_at_isi_edu', 'performative': 'ask', 'sender': 'ping_knight_at_isi_edu_email_knight_at_isi_edu', 'reply-with': 'knight_at_isi_edu', 'content': 'hello'}
Mon Jun 10 13:20:07 2002: Processing message: {'receiver': 'knight_at_isi_edu_email_knight_at_isi_edu', 'performative': 'ask', 'sender': 'ping_knight_at_isi_edu_email_knight_at_isi_edu', 'reply-with': 'knight_at_isi_edu', 'content': 'hello'}
Mon Jun 10 13:20:07 2002: Replying: (sorry :reply-with nil :in-reply-to knight_at_isi_edu :receiver ping_knight_at_isi_edu_email_knight_at_isi_edu :sender knight_at_isi_edu_email_knight_at_isi_edu :comment "Unintelligible query")
Mon Jun 10 13:23:26 2002: Received: {'receiver': 'knight_at_isi_edu_email_knight_at_isi_edu', 'performative': 'ask', 'sender': 'ping_knight_at_isi_edu_email_knight_at_isi_edu', 'reply-with': 'knight_at_isi_edu', 'content': 'hello'}
Mon Jun 10 13:23:26 2002: Processing message: {'receiver': 'knight_at_isi_edu_email_knight_at_isi_edu', 'performative': 'ask', 'sender': 'ping_knight_at_isi_edu_email_knight_at_isi_edu', 'reply-with': 'knight_at_isi_edu', 'content': 'hello'}
Mon Jun 10 13:23:26 2002: Replying: (sorry :reply-with nil :in-reply-to knight_at_isi_edu :receiver ping_knight_at_isi_edu_email_knight_at_isi_edu :sender knight_at_isi_edu_email_knight_at_isi_edu :comment "Unintelligible query")
Mon Jun 10 16:09:38 2002: Received: {'subject': 'United Airlines flight 6107', 'performative': 'tell', 'reply-with': 'nil', 'receiver': 'knight_at_isi_edu_email_knight_at_isi_edu', 'user': 'knight@isi.edu', 'sender': 'proxy_knight_at_isi_edu', 'deadline': '10000', 'shortcontent': 'United Airlines flight 6107 departs LAX<br/> on-time at 6:05 PM Gate 71C and <br/>arrives MRY at 7:22 PM Gate Not Available.', 'content': 'Dear knight_at_isi_edu,<br/><br/>Your United Airlines flight 6107 is still scheduled to depart LAX on-time at 6:05 PM Gate and is scheduled to arrive MRY at 7:22 PM Gate .<br/><br/> -- Your personal elf'}
Mon Jun 10 16:09:38 2002: Processing message: {'subject': 'United Airlines flight 6107', 'performative': 'tell', 'reply-with': 'nil', 'receiver': 'knight_at_isi_edu_email_knight_at_isi_edu', 'user': 'knight@isi.edu', 'sender': 'proxy_knight_at_isi_edu', 'deadline': '10000', 'shortcontent': 'United Airlines flight 6107 departs LAX<br/> on-time at 6:05 PM Gate 71C and <br/>arrives MRY at 7:22 PM Gate Not Available.', 'content': 'Dear knight_at_isi_edu,<br/><br/>Your United Airlines flight 6107 is still scheduled to depart LAX on-time at 6:05 PM Gate and is scheduled to arrive MRY at 7:22 PM Gate .<br/><br/> -- Your personal elf'}
Mon Jun 10 16:09:39 2002: Message for user ID: knight@isi.edu
Mon Jun 10 16:09:39 2002: User name: Kevin Knight
Wed Jun 12 11:56:07 2002: Received: {'receiver': 'knight_at_isi_edu_email_knight_at_isi_edu', 'performative': 'ask', 'sender': 'ping_knight_at_isi_edu_email_knight_at_isi_edu', 'reply-with': 'knight_at_isi_edu', 'content': 'hello'}
Wed Jun 12 11:56:07 2002: Processing message: {'receiver': 'knight_at_isi_edu_email_knight_at_isi_edu', 'performative': 'ask', 'sender': 'ping_knight_at_isi_edu_email_knight_at_isi_edu', 'reply-with': 'knight_at_isi_edu', 'content': 'hello'}
Wed Jun 12 11:56:07 2002: Replying: (sorry :reply-with nil :in-reply-to knight_at_isi_edu :receiver ping_knight_at_isi_edu_email_knight_at_isi_edu :sender knight_at_isi_edu_email_knight_at_isi_edu :comment "Unintelligible query")
Thu Jun 13 15:01:16 2002: Received: {'subject': 'Earlier Flights', 'performative': 'tell', 'reply-with': 'nil', 'receiver': 'knight_at_isi_edu_email_knight_at_isi_edu', 'user': 'knight@isi.edu', 'sender': 'proxy_knight_at_isi_edu', 'deadline': '10000', 'shortcontent': 'Current:<br/># 6108 MRY (7:50 PM) - LAX (9:13 PM) On Time<br/>Earlier United Airlines Flights:<br/># 6106 MRY (5:35 PM) - LAX (6:58 PM) On Time<br/>------<br/># 5419 MRY (4:40 PM) - SFO (5:14 PM) On Time<br/># 168 OAK (7:36 PM) - LAX (8:57 PM) On Time<br/>------<br/># 5419 MRY (4:40 PM) - SFO (5:14 PM) On Time<br/># 901 SFO (6:00 PM) - LAX (7:22 PM) On Time<br/>------<br/># 5419 MRY (4:40 PM) - SFO (5:14 PM) On Time<br/># 841 SFO (6:45 PM) - LAX (8:07 PM) On Time<br/>------<br/># 5419 MRY (4:40 PM) - SFO (5:14 PM) On Time<br/># 889 SFO (7:45 PM) - LAX (9:07 PM) On Time<br/>------<br/># 5406 MRY (6:00 PM) - SFO (6:34 PM) On Time<br/># 889 SFO (7:45 PM) - LAX (9:07 PM) On Time<br/>------<br/><br/>', 'content': 'Dear knight_at_isi_edu,<br/>The status of your currently scheduled flight(s) are:<br/># 6108 MRY (7:50 PM) - LAX (9:13 PM) On Time<br/><br/>If you would like to return earlier, the following United Airlines flights will arrive earlier than your scheduled flights:<br/><br/># 6106 MRY (5:35 PM) - LAX (6:58 PM) On Time<br/>------<br/># 5419 MRY (4:40 PM) - SFO (5:14 PM) On Time<br/># 168 OAK (7:36 PM) - LAX (8:57 PM) On Time<br/>------<br/># 5419 MRY (4:40 PM) - SFO (5:14 PM) On Time<br/># 901 SFO (6:00 PM) - LAX (7:22 PM) On Time<br/>------<br/># 5419 MRY (4:40 PM) - SFO (5:14 PM) On Time<br/># 841 SFO (6:45 PM) - LAX (8:07 PM) On Time<br/>------<br/># 5419 MRY (4:40 PM) - SFO (5:14 PM) On Time<br/># 889 SFO (7:45 PM) - LAX (9:07 PM) On Time<br/>------<br/># 5406 MRY (6:00 PM) - SFO (6:34 PM) On Time<br/># 889 SFO (7:45 PM) - LAX (9:07 PM) On Time<br/>------<br/><br/> Thank you, <br/><br/> -- Your personal elf'}
Thu Jun 13 15:01:16 2002: Processing message: {'subject': 'Earlier Flights', 'performative': 'tell', 'reply-with': 'nil', 'receiver': 'knight_at_isi_edu_email_knight_at_isi_edu', 'user': 'knight@isi.edu', 'sender': 'proxy_knight_at_isi_edu', 'deadline': '10000', 'shortcontent': 'Current:<br/># 6108 MRY (7:50 PM) - LAX (9:13 PM) On Time<br/>Earlier United Airlines Flights:<br/># 6106 MRY (5:35 PM) - LAX (6:58 PM) On Time<br/>------<br/># 5419 MRY (4:40 PM) - SFO (5:14 PM) On Time<br/># 168 OAK (7:36 PM) - LAX (8:57 PM) On Time<br/>------<br/># 5419 MRY (4:40 PM) - SFO (5:14 PM) On Time<br/># 901 SFO (6:00 PM) - LAX (7:22 PM) On Time<br/>------<br/># 5419 MRY (4:40 PM) - SFO (5:14 PM) On Time<br/># 841 SFO (6:45 PM) - LAX (8:07 PM) On Time<br/>------<br/># 5419 MRY (4:40 PM) - SFO (5:14 PM) On Time<br/># 889 SFO (7:45 PM) - LAX (9:07 PM) On Time<br/>------<br/># 5406 MRY (6:00 PM) - SFO (6:34 PM) On Time<br/># 889 SFO (7:45 PM) - LAX (9:07 PM) On Time<br/>------<br/><br/>', 'content': 'Dear knight_at_isi_edu,<br/>The status of your currently scheduled flight(s) are:<br/># 6108 MRY (7:50 PM) - LAX (9:13 PM) On Time<br/><br/>If you would like to return earlier, the following United Airlines flights will arrive earlier than your scheduled flights:<br/><br/># 6106 MRY (5:35 PM) - LAX (6:58 PM) On Time<br/>------<br/># 5419 MRY (4:40 PM) - SFO (5:14 PM) On Time<br/># 168 OAK (7:36 PM) - LAX (8:57 PM) On Time<br/>------<br/># 5419 MRY (4:40 PM) - SFO (5:14 PM) On Time<br/># 901 SFO (6:00 PM) - LAX (7:22 PM) On Time<br/>------<br/># 5419 MRY (4:40 PM) - SFO (5:14 PM) On Time<br/># 841 SFO (6:45 PM) - LAX (8:07 PM) On Time<br/>------<br/># 5419 MRY (4:40 PM) - SFO (5:14 PM) On Time<br/># 889 SFO (7:45 PM) - LAX (9:07 PM) On Time<br/>------<br/># 5406 MRY (6:00 PM) - SFO (6:34 PM) On Time<br/># 889 SFO (7:45 PM) - LAX (9:07 PM) On Time<br/>------<br/><br/> Thank you, <br/><br/> -- Your personal elf'}
Thu Jun 13 15:01:17 2002: Message for user ID: knight@isi.edu
Thu Jun 13 15:01:17 2002: User name: Kevin Knight
Thu Jun 13 17:59:55 2002: Received: {'subject': 'United Airlines flight 6108', 'performative': 'tell', 'reply-with': 'nil', 'receiver': 'knight_at_isi_edu_email_knight_at_isi_edu', 'user': 'knight@isi.edu', 'sender': 'proxy_knight_at_isi_edu', 'deadline': '10000', 'shortcontent': 'United Airlines flight 6108 departs MRY<br/> on-time at 7:50 PM Gate Not Available and <br/>arrives LAX at 9:13 PM Gate 71.', 'content': 'Dear knight_at_isi_edu,<br/><br/>Your United Airlines flight 6108 is still scheduled to depart MRY on-time at 7:50 PM Gate and is scheduled to arrive LAX at 9:13 PM Gate .<br/><br/> -- Your personal elf'}
Thu Jun 13 17:59:55 2002: Processing message: {'subject': 'United Airlines flight 6108', 'performative': 'tell', 'reply-with': 'nil', 'receiver': 'knight_at_isi_edu_email_knight_at_isi_edu', 'user': 'knight@isi.edu', 'sender': 'proxy_knight_at_isi_edu', 'deadline': '10000', 'shortcontent': 'United Airlines flight 6108 departs MRY<br/> on-time at 7:50 PM Gate Not Available and <br/>arrives LAX at 9:13 PM Gate 71.', 'content': 'Dear knight_at_isi_edu,<br/><br/>Your United Airlines flight 6108 is still scheduled to depart MRY on-time at 7:50 PM Gate and is scheduled to arrive LAX at 9:13 PM Gate .<br/><br/> -- Your personal elf'}
Thu Jun 13 17:59:55 2002: Message for user ID: knight@isi.edu
Thu Jun 13 17:59:55 2002: User name: Kevin Knight
Fri Jun 21 17:40:15 2002: Received: {'receiver': 'knight_at_isi_edu_email_knight_at_isi_edu', 'performative': 'ask', 'sender': 'ping_knight_at_isi_edu_email_knight_at_isi_edu', 'reply-with': 'knight_at_isi_edu', 'content': 'hello'}
Fri Jun 21 17:40:15 2002: Processing message: {'receiver': 'knight_at_isi_edu_email_knight_at_isi_edu', 'performative': 'ask', 'sender': 'ping_knight_at_isi_edu_email_knight_at_isi_edu', 'reply-with': 'knight_at_isi_edu', 'content': 'hello'}
Fri Jun 21 17:40:15 2002: Replying: (sorry :reply-with nil :in-reply-to knight_at_isi_edu :receiver ping_knight_at_isi_edu_email_knight_at_isi_edu :sender knight_at_isi_edu_email_knight_at_isi_edu :comment "Unintelligible query")
Mon Jun 24 17:25:15 2002: Received: {'receiver': 'knight_at_isi_edu_email_knight_at_isi_edu', 'performative': 'ask', 'sender': 'ping_knight_at_isi_edu_email_knight_at_isi_edu', 'reply-with': 'knight_at_isi_edu', 'content': 'hello'}
Mon Jun 24 17:25:15 2002: Processing message: {'receiver': 'knight_at_isi_edu_email_knight_at_isi_edu', 'performative': 'ask', 'sender': 'ping_knight_at_isi_edu_email_knight_at_isi_edu', 'reply-with': 'knight_at_isi_edu', 'content': 'hello'}
Mon Jun 24 17:25:15 2002: Replying: (sorry :reply-with nil :in-reply-to knight_at_isi_edu :receiver ping_knight_at_isi_edu_email_knight_at_isi_edu :sender knight_at_isi_edu_email_knight_at_isi_edu :comment "Unintelligible query")
Tue Jun 25 09:59:00 2002: Received: {'receiver': 'knight_at_isi_edu_email_knight_at_isi_edu', 'performative': 'tell', 'sender': 'stop_knight_at_isi_edu_email_knight_at_isi_edu', 'reply-with': 'nil', 'content': 'stop'}
Tue Jun 25 09:59:00 2002: Processing message: {'receiver': 'knight_at_isi_edu_email_knight_at_isi_edu', 'performative': 'tell', 'sender': 'stop_knight_at_isi_edu_email_knight_at_isi_edu', 'reply-with': 'nil', 'content': 'stop'}
Tue Jun 25 09:59:00 2002: Sending message: (unregister :receiver proxy_knight_at_isi_edu :name email_knight_at_isi_edu :sender knight_at_isi_edu_email_knight_at_isi_edu :reply-with nil :user knight_at_isi_edu)
Tue Jun 25 09:59:00 2002: Router knight_at_isi_edu_email_knight_at_isi_edu exiting...
Tue Jun 25 09:59:00 2002: Sending message: (unregister :receiver TEAMCORE :sender knight_at_isi_edu_email_knight_at_isi_edu :ontology tcp-ip :reply-with nil :content knight_at_isi_edu_email_knight_at_isi_edu)
Tue Jun 25 09:59:00 2002: Exiting...
Tue Jun 25 09:59:03 2002: Using ANS: ('vibhagam.isi.edu', 5500)
Tue Jun 25 09:59:03 2002: Bound to host/port: sangat.isi.edu:6673
Tue Jun 25 09:59:03 2002: Sending message: (register :ontology tcp-ip :sender knight_at_isi_edu_email_knight_at_isi_edu :reply-with t :content "knight_at_isi_edu_email_knight_at_isi_edu sangat.isi.edu:6673")
Tue Jun 25 09:59:03 2002: Received: {'receiver': 'knight_at_isi_edu_email_knight_at_isi_edu', 'performative': 'error', 'sender': 'TEAMCORE', 'in-reply-to': 't', 'content': 'handler encountered error'}
Tue Jun 25 09:59:03 2002: Registration produced: {'receiver': 'knight_at_isi_edu_email_knight_at_isi_edu', 'performative': 'error', 'sender': 'TEAMCORE', 'in-reply-to': 't', 'content': 'handler encountered error'}
Tue Jun 25 09:59:03 2002: Sending message: (unregister :sender knight_at_isi_edu_email_knight_at_isi_edu :ontology tcp-ip :reply-with nil :content knight_at_isi_edu_email_knight_at_isi_edu)
Tue Jun 25 09:59:03 2002: Sending message: (register :sender knight_at_isi_edu_email_knight_at_isi_edu :ontology tcp-ip :reply-with t :content (knight_at_isi_edu_email_knight_at_isi_edu sangat.isi.edu:6673))
Tue Jun 25 09:59:03 2002: Received: {'receiver': 'knight_at_isi_edu_email_knight_at_isi_edu', 'performative': 'reply', 'sender': 'TEAMCORE', 'in-reply-to': 't', 'content': 'knight_at_isi_edu_email_knight_at_isi_edu TEAMCORE'}
Tue Jun 25 09:59:03 2002: Registration produced: {'receiver': 'knight_at_isi_edu_email_knight_at_isi_edu', 'performative': 'reply', 'sender': 'TEAMCORE', 'in-reply-to': 't', 'content': 'knight_at_isi_edu_email_knight_at_isi_edu TEAMCORE'}knight_at_isi_edu_email_knight_at_isi_edu, TEAMCORE
Tue Jun 25 09:59:03 2002: Registration successful: knight_at_isi_edu_email_knight_at_isi_edu
Tue Jun 25 09:59:03 2002: Router for knight_at_isi_edu_email_knight_at_isi_edu running...
Tue Jun 25 09:59:03 2002: Sending message: (ask-one :sender knight_at_isi_edu_email_knight_at_isi_edu :reply-with t :content "proxy_knight_at_isi_edu")
Tue Jun 25 09:59:03 2002: Received: {'receiver': 'knight_at_isi_edu_email_knight_at_isi_edu', 'performative': 'reply', 'sender': 'TEAMCORE', 'in-reply-to': 't', 'content': 'proxy_knight_at_isi_edu:sangat.isi.edu:9991:'}
Tue Jun 25 09:59:03 2002: Sending message: (register :name email_knight_at_isi_edu :reply-with nil :agenttype device :receiver proxy_knight_at_isi_edu :user knight_at_isi_edu :sender knight_at_isi_edu_email_knight_at_isi_edu :direction (to user))
Tue Jun 25 09:59:04 2002: Received: {'receiver': 'knight_at_isi_edu_email_knight_at_isi_edu', 'performative': 'ask', 'sender': 'ping_knight_at_isi_edu_email_knight_at_isi_edu', 'reply-with': 'knight_at_isi_edu', 'content': 'hello'}
Tue Jun 25 09:59:04 2002: Processing message: {'receiver': 'knight_at_isi_edu_email_knight_at_isi_edu', 'performative': 'ask', 'sender': 'ping_knight_at_isi_edu_email_knight_at_isi_edu', 'reply-with': 'knight_at_isi_edu', 'content': 'hello'}
Tue Jun 25 09:59:04 2002: Replying: (sorry :reply-with nil :in-reply-to knight_at_isi_edu :receiver ping_knight_at_isi_edu_email_knight_at_isi_edu :sender knight_at_isi_edu_email_knight_at_isi_edu :comment "Unintelligible query")
Wed Jun 26 14:21:31 2002: Using ANS: ('vibhagam.isi.edu', 5500)
Wed Jun 26 14:21:31 2002: Bound to host/port: sangat.isi.edu:6671
Wed Jun 26 14:21:31 2002: Sending message: (register :ontology tcp-ip :sender knight_at_isi_edu_email_knight_at_isi_edu :reply-with t :content "knight_at_isi_edu_email_knight_at_isi_edu sangat.isi.edu:6671")
Wed Jun 26 14:21:31 2002: Received: {'receiver': 'knight_at_isi_edu_email_knight_at_isi_edu', 'performative': 'error', 'sender': 'TEAMCORE', 'in-reply-to': 't', 'content': 'handler encountered error'}
Wed Jun 26 14:21:31 2002: Registration produced: {'receiver': 'knight_at_isi_edu_email_knight_at_isi_edu', 'performative': 'error', 'sender': 'TEAMCORE', 'in-reply-to': 't', 'content': 'handler encountered error'}
Wed Jun 26 14:21:31 2002: Sending message: (unregister :sender knight_at_isi_edu_email_knight_at_isi_edu :ontology tcp-ip :reply-with nil :content knight_at_isi_edu_email_knight_at_isi_edu)
Wed Jun 26 14:21:31 2002: Sending message: (register :sender knight_at_isi_edu_email_knight_at_isi_edu :ontology tcp-ip :reply-with t :content (knight_at_isi_edu_email_knight_at_isi_edu sangat.isi.edu:6671))
Wed Jun 26 14:21:32 2002: Received: {'receiver': 'knight_at_isi_edu_email_knight_at_isi_edu', 'performative': 'reply', 'sender': 'TEAMCORE', 'in-reply-to': 't', 'content': 'knight_at_isi_edu_email_knight_at_isi_edu TEAMCORE'}
Wed Jun 26 14:21:32 2002: Registration produced: {'receiver': 'knight_at_isi_edu_email_knight_at_isi_edu', 'performative': 'reply', 'sender': 'TEAMCORE', 'in-reply-to': 't', 'content': 'knight_at_isi_edu_email_knight_at_isi_edu TEAMCORE'}knight_at_isi_edu_email_knight_at_isi_edu, TEAMCORE
Wed Jun 26 14:21:32 2002: Registration successful: knight_at_isi_edu_email_knight_at_isi_edu
Wed Jun 26 14:21:32 2002: Router for knight_at_isi_edu_email_knight_at_isi_edu running...
Wed Jun 26 14:21:32 2002: Sending message: (ask-one :sender knight_at_isi_edu_email_knight_at_isi_edu :reply-with t :content "proxy_knight_at_isi_edu")
Wed Jun 26 14:21:32 2002: Received: {'receiver': 'knight_at_isi_edu_email_knight_at_isi_edu', 'performative': 'reply', 'sender': 'TEAMCORE', 'in-reply-to': 't', 'content': 'proxy_knight_at_isi_edu:sangat.isi.edu:9991:'}
Wed Jun 26 14:21:32 2002: Sending message: (register :name email_knight_at_isi_edu :reply-with nil :agenttype device :receiver proxy_knight_at_isi_edu :user knight_at_isi_edu :sender knight_at_isi_edu_email_knight_at_isi_edu :direction (to user))
Wed Jun 26 14:21:33 2002: Received: {'receiver': 'knight_at_isi_edu_email_knight_at_isi_edu', 'performative': 'ask', 'sender': 'ping_knight_at_isi_edu_email_knight_at_isi_edu', 'reply-with': 'knight_at_isi_edu', 'content': 'hello'}
Wed Jun 26 14:21:33 2002: Processing message: {'receiver': 'knight_at_isi_edu_email_knight_at_isi_edu', 'performative': 'ask', 'sender': 'ping_knight_at_isi_edu_email_knight_at_isi_edu', 'reply-with': 'knight_at_isi_edu', 'content': 'hello'}
Wed Jun 26 14:21:33 2002: Replying: (sorry :reply-with nil :in-reply-to knight_at_isi_edu :receiver ping_knight_at_isi_edu_email_knight_at_isi_edu :sender knight_at_isi_edu_email_knight_at_isi_edu :comment "Unintelligible query")
Wed Jun 26 14:42:21 2002: Using ANS: ('vibhagam.isi.edu', 5500)
Wed Jun 26 14:42:21 2002: Bound to host/port: sangat.isi.edu:6671
Wed Jun 26 14:42:21 2002: Sending message: (register :ontology tcp-ip :sender knight_at_isi_edu_email_knight_at_isi_edu :reply-with t :content "knight_at_isi_edu_email_knight_at_isi_edu sangat.isi.edu:6671")
Wed Jun 26 14:42:21 2002: Received: {'receiver': 'knight_at_isi_edu_email_knight_at_isi_edu', 'performative': 'error', 'sender': 'TEAMCORE', 'in-reply-to': 't', 'content': 'handler encountered error'}
Wed Jun 26 14:42:21 2002: Registration produced: {'receiver': 'knight_at_isi_edu_email_knight_at_isi_edu', 'performative': 'error', 'sender': 'TEAMCORE', 'in-reply-to': 't', 'content': 'handler encountered error'}
Wed Jun 26 14:42:21 2002: Sending message: (unregister :sender knight_at_isi_edu_email_knight_at_isi_edu :ontology tcp-ip :reply-with nil :content knight_at_isi_edu_email_knight_at_isi_edu)
Wed Jun 26 14:42:21 2002: Sending message: (register :sender knight_at_isi_edu_email_knight_at_isi_edu :ontology tcp-ip :reply-with t :content (knight_at_isi_edu_email_knight_at_isi_edu sangat.isi.edu:6671))
Wed Jun 26 14:42:21 2002: Received: {'receiver': 'knight_at_isi_edu_email_knight_at_isi_edu', 'performative': 'reply', 'sender': 'TEAMCORE', 'in-reply-to': 't', 'content': 'knight_at_isi_edu_email_knight_at_isi_edu TEAMCORE'}
Wed Jun 26 14:42:21 2002: Registration produced: {'receiver': 'knight_at_isi_edu_email_knight_at_isi_edu', 'performative': 'reply', 'sender': 'TEAMCORE', 'in-reply-to': 't', 'content': 'knight_at_isi_edu_email_knight_at_isi_edu TEAMCORE'}knight_at_isi_edu_email_knight_at_isi_edu, TEAMCORE
Wed Jun 26 14:42:21 2002: Registration successful: knight_at_isi_edu_email_knight_at_isi_edu
Wed Jun 26 14:42:21 2002: Router for knight_at_isi_edu_email_knight_at_isi_edu running...
Wed Jun 26 14:42:21 2002: Sending message: (ask-one :sender knight_at_isi_edu_email_knight_at_isi_edu :reply-with t :content "proxy_knight_at_isi_edu")
Wed Jun 26 14:42:21 2002: Received: {'receiver': 'knight_at_isi_edu_email_knight_at_isi_edu', 'performative': 'reply', 'sender': 'TEAMCORE', 'in-reply-to': 't', 'content': 'proxy_knight_at_isi_edu:sangat.isi.edu:9991:'}
Wed Jun 26 14:42:21 2002: Sending message: (register :name email_knight_at_isi_edu :reply-with nil :agenttype device :receiver proxy_knight_at_isi_edu :user knight_at_isi_edu :sender knight_at_isi_edu_email_knight_at_isi_edu :direction (to user))
Wed Jun 26 14:42:25 2002: Received: {'receiver': 'knight_at_isi_edu_email_knight_at_isi_edu', 'performative': 'ask', 'sender': 'ping_knight_at_isi_edu_email_knight_at_isi_edu', 'reply-with': 'knight_at_isi_edu', 'content': 'hello'}
Wed Jun 26 14:42:25 2002: Processing message: {'receiver': 'knight_at_isi_edu_email_knight_at_isi_edu', 'performative': 'ask', 'sender': 'ping_knight_at_isi_edu_email_knight_at_isi_edu', 'reply-with': 'knight_at_isi_edu', 'content': 'hello'}
Wed Jun 26 14:42:25 2002: Replying: (sorry :reply-with nil :in-reply-to knight_at_isi_edu :receiver ping_knight_at_isi_edu_email_knight_at_isi_edu :sender knight_at_isi_edu_email_knight_at_isi_edu :comment "Unintelligible query")
Fri Jun 28 10:26:27 2002: Using ANS: ('vibhagam.isi.edu', 5500)
Fri Jun 28 10:26:27 2002: Bound to host/port: equipe.isi.edu:6670
Fri Jun 28 10:26:27 2002: Sending message: (register :ontology tcp-ip :sender knight_at_isi_edu_email_knight_at_isi_edu :reply-with t :content "knight_at_isi_edu_email_knight_at_isi_edu equipe.isi.edu:6670")
Fri Jun 28 10:26:27 2002: Received: {'receiver': 'knight_at_isi_edu_email_knight_at_isi_edu', 'performative': 'error', 'sender': 'TEAMCORE', 'in-reply-to': 't', 'content': 'handler encountered error'}
Fri Jun 28 10:26:27 2002: Registration produced: {'receiver': 'knight_at_isi_edu_email_knight_at_isi_edu', 'performative': 'error', 'sender': 'TEAMCORE', 'in-reply-to': 't', 'content': 'handler encountered error'}
Fri Jun 28 10:26:27 2002: Sending message: (unregister :sender knight_at_isi_edu_email_knight_at_isi_edu :ontology tcp-ip :reply-with nil :content knight_at_isi_edu_email_knight_at_isi_edu)
Fri Jun 28 10:26:27 2002: Sending message: (register :sender knight_at_isi_edu_email_knight_at_isi_edu :ontology tcp-ip :reply-with t :content (knight_at_isi_edu_email_knight_at_isi_edu equipe.isi.edu:6670))
Fri Jun 28 10:26:27 2002: Received: {'receiver': 'knight_at_isi_edu_email_knight_at_isi_edu', 'performative': 'reply', 'sender': 'TEAMCORE', 'in-reply-to': 't', 'content': 'knight_at_isi_edu_email_knight_at_isi_edu TEAMCORE'}
Fri Jun 28 10:26:27 2002: Registration produced: {'receiver': 'knight_at_isi_edu_email_knight_at_isi_edu', 'performative': 'reply', 'sender': 'TEAMCORE', 'in-reply-to': 't', 'content': 'knight_at_isi_edu_email_knight_at_isi_edu TEAMCORE'}knight_at_isi_edu_email_knight_at_isi_edu, TEAMCORE
Fri Jun 28 10:26:27 2002: Registration successful: knight_at_isi_edu_email_knight_at_isi_edu
Fri Jun 28 10:26:27 2002: Router for knight_at_isi_edu_email_knight_at_isi_edu running...
Fri Jun 28 10:26:27 2002: Sending message: (ask-one :sender knight_at_isi_edu_email_knight_at_isi_edu :reply-with t :content "proxy_knight_at_isi_edu")
Fri Jun 28 10:26:27 2002: Received: {'receiver': 'knight_at_isi_edu_email_knight_at_isi_edu', 'performative': 'reply', 'sender': 'TEAMCORE', 'in-reply-to': 't', 'content': 'proxy_knight_at_isi_edu:sangat.isi.edu:9991:'}
Fri Jun 28 10:26:27 2002: Sending message: (register :name email_knight_at_isi_edu :reply-with nil :agenttype device :receiver proxy_knight_at_isi_edu :user knight_at_isi_edu :sender knight_at_isi_edu_email_knight_at_isi_edu :direction (to user))
Fri Jun 28 10:26:28 2002: Received: {'receiver': 'knight_at_isi_edu_email_knight_at_isi_edu', 'performative': 'ask', 'sender': 'ping_knight_at_isi_edu_email_knight_at_isi_edu', 'reply-with': 'knight_at_isi_edu', 'content': 'hello'}
Fri Jun 28 10:26:28 2002: Processing message: {'receiver': 'knight_at_isi_edu_email_knight_at_isi_edu', 'performative': 'ask', 'sender': 'ping_knight_at_isi_edu_email_knight_at_isi_edu', 'reply-with': 'knight_at_isi_edu', 'content': 'hello'}
Fri Jun 28 10:26:28 2002: Replying: (sorry :reply-with nil :in-reply-to knight_at_isi_edu :receiver ping_knight_at_isi_edu_email_knight_at_isi_edu :sender knight_at_isi_edu_email_knight_at_isi_edu :comment "Unintelligible query")
Fri Jun 28 10:29:51 2002: Received: {'receiver': 'knight_at_isi_edu_email_knight_at_isi_edu', 'performative': 'ask', 'sender': 'ping_knight_at_isi_edu_email_knight_at_isi_edu', 'reply-with': 'knight_at_isi_edu', 'content': 'hello'}
Fri Jun 28 10:29:51 2002: Processing message: {'receiver': 'knight_at_isi_edu_email_knight_at_isi_edu', 'performative': 'ask', 'sender': 'ping_knight_at_isi_edu_email_knight_at_isi_edu', 'reply-with': 'knight_at_isi_edu', 'content': 'hello'}
Fri Jun 28 10:29:51 2002: Replying: (sorry :reply-with nil :in-reply-to knight_at_isi_edu :receiver ping_knight_at_isi_edu_email_knight_at_isi_edu :sender knight_at_isi_edu_email_knight_at_isi_edu :comment "Unintelligible query")
Fri Jul 12 11:36:10 2002: Received: {'receiver': 'knight_at_isi_edu_email_knight_at_isi_edu', 'performative': 'ask', 'sender': 'ping_knight_at_isi_edu_email_knight_at_isi_edu', 'reply-with': 'knight_at_isi_edu', 'content': 'hello'}
Fri Jul 12 11:36:10 2002: Processing message: {'receiver': 'knight_at_isi_edu_email_knight_at_isi_edu', 'performative': 'ask', 'sender': 'ping_knight_at_isi_edu_email_knight_at_isi_edu', 'reply-with': 'knight_at_isi_edu', 'content': 'hello'}
Fri Jul 12 11:36:10 2002: Replying: (sorry :reply-with nil :in-reply-to knight_at_isi_edu :receiver ping_knight_at_isi_edu_email_knight_at_isi_edu :sender knight_at_isi_edu_email_knight_at_isi_edu :comment "Unintelligible query")
Fri Jul 26 15:12:40 2002: Received: {'receiver': 'knight_at_isi_edu_email_knight_at_isi_edu', 'performative': 'tell', 'sender': 'stop_knight_at_isi_edu_email_knight_at_isi_edu', 'reply-with': 'nil', 'content': 'stop'}
Fri Jul 26 15:12:40 2002: Processing message: {'receiver': 'knight_at_isi_edu_email_knight_at_isi_edu', 'performative': 'tell', 'sender': 'stop_knight_at_isi_edu_email_knight_at_isi_edu', 'reply-with': 'nil', 'content': 'stop'}
Fri Jul 26 15:12:41 2002: Sending message: (unregister :receiver proxy_knight_at_isi_edu :name email_knight_at_isi_edu :sender knight_at_isi_edu_email_knight_at_isi_edu :reply-with nil :user knight_at_isi_edu)
Fri Jul 26 15:12:41 2002: Router knight_at_isi_edu_email_knight_at_isi_edu exiting...
Fri Jul 26 15:12:41 2002: Sending message: (unregister :receiver TEAMCORE :sender knight_at_isi_edu_email_knight_at_isi_edu :ontology tcp-ip :reply-with nil :content knight_at_isi_edu_email_knight_at_isi_edu)
Fri Jul 26 15:12:41 2002: Exiting...
Fri Jul 26 15:14:16 2002: Using ANS: ('vibhagam', 5500)
Fri Jul 26 15:14:16 2002: Bound to host/port: sangat.isi.edu:6669
Fri Jul 26 15:14:16 2002: Sending message: (register :ontology tcp-ip :sender knight_at_isi_edu_email_knight_at_isi_edu :reply-with t :content "knight_at_isi_edu_email_knight_at_isi_edu sangat.isi.edu:6669")
Fri Jul 26 15:14:16 2002: Received: {'receiver': 'knight_at_isi_edu_email_knight_at_isi_edu', 'performative': 'error', 'sender': 'TEAMCORE', 'in-reply-to': 't', 'content': 'handler encountered error'}
Fri Jul 26 15:14:16 2002: Registration produced: {'receiver': 'knight_at_isi_edu_email_knight_at_isi_edu', 'performative': 'error', 'sender': 'TEAMCORE', 'in-reply-to': 't', 'content': 'handler encountered error'}
Fri Jul 26 15:14:16 2002: Sending message: (unregister :sender knight_at_isi_edu_email_knight_at_isi_edu :ontology tcp-ip :reply-with nil :content knight_at_isi_edu_email_knight_at_isi_edu)
Fri Jul 26 15:14:16 2002: Sending message: (register :sender knight_at_isi_edu_email_knight_at_isi_edu :ontology tcp-ip :reply-with t :content (knight_at_isi_edu_email_knight_at_isi_edu sangat.isi.edu:6669))
Fri Jul 26 15:14:16 2002: Received: {'receiver': 'knight_at_isi_edu_email_knight_at_isi_edu', 'performative': 'reply', 'sender': 'TEAMCORE', 'in-reply-to': 't', 'content': 'knight_at_isi_edu_email_knight_at_isi_edu TEAMCORE'}
Fri Jul 26 15:14:16 2002: Registration produced: {'receiver': 'knight_at_isi_edu_email_knight_at_isi_edu', 'performative': 'reply', 'sender': 'TEAMCORE', 'in-reply-to': 't', 'content': 'knight_at_isi_edu_email_knight_at_isi_edu TEAMCORE'}knight_at_isi_edu_email_knight_at_isi_edu, TEAMCORE
Fri Jul 26 15:14:16 2002: Registration successful: knight_at_isi_edu_email_knight_at_isi_edu
Fri Jul 26 15:14:16 2002: Router for knight_at_isi_edu_email_knight_at_isi_edu running...
Fri Jul 26 15:14:16 2002: Sending message: (ask-one :sender knight_at_isi_edu_email_knight_at_isi_edu :reply-with t :content "proxy_knight_at_isi_edu")
Fri Jul 26 15:14:16 2002: Received: {'receiver': 'knight_at_isi_edu_email_knight_at_isi_edu', 'performative': 'reply', 'sender': 'TEAMCORE', 'in-reply-to': 't', 'content': 'proxy_knight_at_isi_edu:sangat.isi.edu:9991:'}
Fri Jul 26 15:14:16 2002: Sending message: (register :name email_knight_at_isi_edu :reply-with nil :agenttype device :receiver proxy_knight_at_isi_edu :user knight_at_isi_edu :sender knight_at_isi_edu_email_knight_at_isi_edu :direction (to user))
Fri Jul 26 15:14:17 2002: Received: {'receiver': 'knight_at_isi_edu_email_knight_at_isi_edu', 'performative': 'ask', 'sender': 'ping_knight_at_isi_edu_email_knight_at_isi_edu', 'reply-with': 'knight_at_isi_edu', 'content': 'hello'}
Fri Jul 26 15:14:17 2002: Processing message: {'receiver': 'knight_at_isi_edu_email_knight_at_isi_edu', 'performative': 'ask', 'sender': 'ping_knight_at_isi_edu_email_knight_at_isi_edu', 'reply-with': 'knight_at_isi_edu', 'content': 'hello'}
Fri Jul 26 15:14:17 2002: Replying: (sorry :reply-with nil :in-reply-to knight_at_isi_edu :receiver ping_knight_at_isi_edu_email_knight_at_isi_edu :sender knight_at_isi_edu_email_knight_at_isi_edu :comment "Unintelligible query")
Fri Jul 26 15:17:11 2002: Received: {'receiver': 'knight_at_isi_edu_email_knight_at_isi_edu', 'performative': 'ask', 'sender': 'ping_knight_at_isi_edu_email_knight_at_isi_edu', 'reply-with': 'knight_at_isi_edu', 'content': 'hello'}
Fri Jul 26 15:17:11 2002: Processing message: {'receiver': 'knight_at_isi_edu_email_knight_at_isi_edu', 'performative': 'ask', 'sender': 'ping_knight_at_isi_edu_email_knight_at_isi_edu', 'reply-with': 'knight_at_isi_edu', 'content': 'hello'}
Fri Jul 26 15:17:11 2002: Replying: (sorry :reply-with nil :in-reply-to knight_at_isi_edu :receiver ping_knight_at_isi_edu_email_knight_at_isi_edu :sender knight_at_isi_edu_email_knight_at_isi_edu :comment "Unintelligible query")
Mon Aug 19 18:22:49 2002: Using ANS: ('vibhagam', 5500)
Mon Aug 19 18:22:49 2002: Bound to host/port: sangat.isi.edu:6674
Mon Aug 19 18:22:49 2002: Sending message: (register :ontology tcp-ip :sender knight_at_isi_edu_email_knight_at_isi_edu :reply-with t :content "knight_at_isi_edu_email_knight_at_isi_edu sangat.isi.edu:6674")
Mon Aug 19 18:22:49 2002: Received: {'receiver': 'knight_at_isi_edu_email_knight_at_isi_edu', 'performative': 'error', 'sender': 'TEAMCORE', 'in-reply-to': 't', 'content': 'handler encountered error'}
Mon Aug 19 18:22:49 2002: Registration produced: {'receiver': 'knight_at_isi_edu_email_knight_at_isi_edu', 'performative': 'error', 'sender': 'TEAMCORE', 'in-reply-to': 't', 'content': 'handler encountered error'}
Mon Aug 19 18:22:49 2002: Sending message: (unregister :sender knight_at_isi_edu_email_knight_at_isi_edu :ontology tcp-ip :reply-with nil :content knight_at_isi_edu_email_knight_at_isi_edu)
Mon Aug 19 18:22:49 2002: Sending message: (register :sender knight_at_isi_edu_email_knight_at_isi_edu :ontology tcp-ip :reply-with t :content (knight_at_isi_edu_email_knight_at_isi_edu sangat.isi.edu:6674))
Mon Aug 19 18:22:49 2002: Received: {'receiver': 'knight_at_isi_edu_email_knight_at_isi_edu', 'performative': 'reply', 'sender': 'TEAMCORE', 'in-reply-to': 't', 'content': 'knight_at_isi_edu_email_knight_at_isi_edu TEAMCORE'}
Mon Aug 19 18:22:49 2002: Registration produced: {'receiver': 'knight_at_isi_edu_email_knight_at_isi_edu', 'performative': 'reply', 'sender': 'TEAMCORE', 'in-reply-to': 't', 'content': 'knight_at_isi_edu_email_knight_at_isi_edu TEAMCORE'}knight_at_isi_edu_email_knight_at_isi_edu, TEAMCORE
Mon Aug 19 18:22:49 2002: Registration successful: knight_at_isi_edu_email_knight_at_isi_edu
Mon Aug 19 18:22:49 2002: Router for knight_at_isi_edu_email_knight_at_isi_edu running...
Mon Aug 19 18:22:49 2002: Sending message: (ask-one :sender knight_at_isi_edu_email_knight_at_isi_edu :reply-with t :content "proxy_knight_at_isi_edu")
Mon Aug 19 18:22:49 2002: Received: {'receiver': 'knight_at_isi_edu_email_knight_at_isi_edu', 'performative': 'reply', 'sender': 'TEAMCORE', 'in-reply-to': 't', 'content': 'proxy_knight_at_isi_edu:sangat.isi.edu:9992:'}
Mon Aug 19 18:22:49 2002: Sending message: (register :name email_knight_at_isi_edu :reply-with nil :agenttype device :receiver proxy_knight_at_isi_edu :user knight_at_isi_edu :sender knight_at_isi_edu_email_knight_at_isi_edu :direction (to user))
Mon Aug 19 18:22:51 2002: Received: {'receiver': 'knight_at_isi_edu_email_knight_at_isi_edu', 'performative': 'ask', 'sender': 'ping_knight_at_isi_edu_email_knight_at_isi_edu', 'reply-with': 'knight_at_isi_edu', 'content': 'hello'}
Mon Aug 19 18:22:51 2002: Processing message: {'receiver': 'knight_at_isi_edu_email_knight_at_isi_edu', 'performative': 'ask', 'sender': 'ping_knight_at_isi_edu_email_knight_at_isi_edu', 'reply-with': 'knight_at_isi_edu', 'content': 'hello'}
Mon Aug 19 18:22:51 2002: Replying: (sorry :reply-with nil :in-reply-to knight_at_isi_edu :receiver ping_knight_at_isi_edu_email_knight_at_isi_edu :sender knight_at_isi_edu_email_knight_at_isi_edu :comment "Unintelligible query")
Fri Sep 06 13:53:49 2002: Received: {'receiver': 'knight_at_isi_edu_email_knight_at_isi_edu', 'performative': 'ask', 'sender': 'ping_knight_at_isi_edu_email_knight_at_isi_edu', 'reply-with': 'knight_at_isi_edu', 'content': 'hello'}
Fri Sep 06 13:53:49 2002: Processing message: {'receiver': 'knight_at_isi_edu_email_knight_at_isi_edu', 'performative': 'ask', 'sender': 'ping_knight_at_isi_edu_email_knight_at_isi_edu', 'reply-with': 'knight_at_isi_edu', 'content': 'hello'}
Fri Sep 06 13:53:49 2002: Replying: (sorry :reply-with nil :in-reply-to knight_at_isi_edu :receiver ping_knight_at_isi_edu_email_knight_at_isi_edu :sender knight_at_isi_edu_email_knight_at_isi_edu :comment "Unintelligible query")
Fri Sep 06 14:08:11 2002: Using ANS: ('vibhagam.isi.edu', 5500)
Fri Sep 06 14:08:11 2002: Bound to host/port: equipe.isi.edu:6671
Fri Sep 06 14:08:11 2002: Sending message: (register :ontology tcp-ip :sender knight_at_isi_edu_email_knight_at_isi_edu :reply-with t :content "knight_at_isi_edu_email_knight_at_isi_edu equipe.isi.edu:6671")
Fri Sep 06 14:08:11 2002: Received: {'receiver': 'knight_at_isi_edu_email_knight_at_isi_edu', 'performative': 'error', 'sender': 'TEAMCORE', 'in-reply-to': 't', 'content': 'handler encountered error'}
Fri Sep 06 14:08:11 2002: Registration produced: {'receiver': 'knight_at_isi_edu_email_knight_at_isi_edu', 'performative': 'error', 'sender': 'TEAMCORE', 'in-reply-to': 't', 'content': 'handler encountered error'}
Fri Sep 06 14:08:11 2002: Sending message: (unregister :sender knight_at_isi_edu_email_knight_at_isi_edu :ontology tcp-ip :reply-with nil :content knight_at_isi_edu_email_knight_at_isi_edu)
Fri Sep 06 14:08:11 2002: Sending message: (register :sender knight_at_isi_edu_email_knight_at_isi_edu :ontology tcp-ip :reply-with t :content (knight_at_isi_edu_email_knight_at_isi_edu equipe.isi.edu:6671))
Fri Sep 06 14:08:12 2002: Received: {'receiver': 'knight_at_isi_edu_email_knight_at_isi_edu', 'performative': 'reply', 'sender': 'TEAMCORE', 'in-reply-to': 't', 'content': 'knight_at_isi_edu_email_knight_at_isi_edu TEAMCORE'}
Fri Sep 06 14:08:12 2002: Registration produced: {'receiver': 'knight_at_isi_edu_email_knight_at_isi_edu', 'performative': 'reply', 'sender': 'TEAMCORE', 'in-reply-to': 't', 'content': 'knight_at_isi_edu_email_knight_at_isi_edu TEAMCORE'}knight_at_isi_edu_email_knight_at_isi_edu, TEAMCORE
Fri Sep 06 14:08:12 2002: Registration successful: knight_at_isi_edu_email_knight_at_isi_edu
Fri Sep 06 14:08:12 2002: Router for knight_at_isi_edu_email_knight_at_isi_edu running...
Fri Sep 06 14:08:12 2002: Sending message: (ask-one :sender knight_at_isi_edu_email_knight_at_isi_edu :reply-with t :content "proxy_knight_at_isi_edu")
Fri Sep 06 14:08:12 2002: Received: {'receiver': 'knight_at_isi_edu_email_knight_at_isi_edu', 'performative': 'reply', 'sender': 'TEAMCORE', 'in-reply-to': 't', 'content': 'proxy_knight_at_isi_edu:sangat.isi.edu:9992:'}
Fri Sep 06 14:08:12 2002: Sending message: (register :name email_knight_at_isi_edu :reply-with nil :agenttype device :receiver proxy_knight_at_isi_edu :user knight_at_isi_edu :sender knight_at_isi_edu_email_knight_at_isi_edu :direction (to user))
Fri Sep 06 14:08:12 2002: Received: {'receiver': 'knight_at_isi_edu_email_knight_at_isi_edu', 'performative': 'ask', 'sender': 'ping_knight_at_isi_edu_email_knight_at_isi_edu', 'reply-with': 'knight_at_isi_edu', 'content': 'hello'}
Fri Sep 06 14:08:12 2002: Processing message: {'receiver': 'knight_at_isi_edu_email_knight_at_isi_edu', 'performative': 'ask', 'sender': 'ping_knight_at_isi_edu_email_knight_at_isi_edu', 'reply-with': 'knight_at_isi_edu', 'content': 'hello'}
Fri Sep 06 14:08:12 2002: Replying: (sorry :reply-with nil :in-reply-to knight_at_isi_edu :receiver ping_knight_at_isi_edu_email_knight_at_isi_edu :sender knight_at_isi_edu_email_knight_at_isi_edu :comment "Unintelligible query")
Tue Sep 24 15:19:45 2002: Received: {'receiver': 'knight_at_isi_edu_email_knight_at_isi_edu', 'performative': 'kqml-admin', 'sender': 'TEAMCORE', 'kqml-msg-id': '29131+vibhagam.isi.edu+50', 'reply-with': 't', 'content': 'name'}
Wed Sep 25 16:40:56 2002: Received: {'receiver': 'knight_at_isi_edu_email_knight_at_isi_edu', 'performative': 'ask', 'sender': 'ping_knight_at_isi_edu_email_knight_at_isi_edu', 'reply-with': 'knight_at_isi_edu', 'content': 'hello'}
Wed Sep 25 16:40:56 2002: Processing message: {'receiver': 'knight_at_isi_edu_email_knight_at_isi_edu', 'performative': 'ask', 'sender': 'ping_knight_at_isi_edu_email_knight_at_isi_edu', 'reply-with': 'knight_at_isi_edu', 'content': 'hello'}
Wed Sep 25 16:40:56 2002: Replying: (sorry :reply-with nil :in-reply-to knight_at_isi_edu :receiver ping_knight_at_isi_edu_email_knight_at_isi_edu :sender knight_at_isi_edu_email_knight_at_isi_edu :comment "Unintelligible query")
Mon Oct 28 14:19:42 2002: Received: {'receiver': 'knight_at_isi_edu_email_knight_at_isi_edu', 'performative': 'kqml-admin', 'sender': 'TEAMCORE', 'kqml-msg-id': '24669+vibhagam.isi.edu+48', 'reply-with': 't', 'content': 'name'}
Mon Oct 28 14:21:13 2002: Received: {'receiver': 'knight_at_isi_edu_email_knight_at_isi_edu', 'performative': 'ask', 'sender': 'ping_knight_at_isi_edu_email_knight_at_isi_edu', 'reply-with': 'knight_at_isi_edu', 'content': 'hello'}
Mon Oct 28 14:21:13 2002: Processing message: {'receiver': 'knight_at_isi_edu_email_knight_at_isi_edu', 'performative': 'ask', 'sender': 'ping_knight_at_isi_edu_email_knight_at_isi_edu', 'reply-with': 'knight_at_isi_edu', 'content': 'hello'}
Mon Oct 28 14:21:13 2002: Replying: (sorry :reply-with nil :in-reply-to knight_at_isi_edu :receiver ping_knight_at_isi_edu_email_knight_at_isi_edu :sender knight_at_isi_edu_email_knight_at_isi_edu :comment "Unintelligible query")
Tue Oct 29 10:24:03 2002: Received: {'receiver': 'knight_at_isi_edu_email_knight_at_isi_edu', 'performative': 'kqml-admin', 'sender': 'TEAMCORE', 'kqml-msg-id': '26893+vibhagam.isi.edu+37', 'reply-with': 't', 'content': 'name'}
Tue Oct 29 18:35:23 2002: Received: {'receiver': 'knight_at_isi_edu_email_knight_at_isi_edu', 'performative': 'kqml-admin', 'sender': 'TEAMCORE', 'kqml-msg-id': '29472+vibhagam.isi.edu+36', 'reply-with': 't', 'content': 'name'}
Tue Oct 29 19:59:19 2002: Received: {'receiver': 'knight_at_isi_edu_email_knight_at_isi_edu', 'performative': 'kqml-admin', 'sender': 'TEAMCORE', 'kqml-msg-id': '181+vibhagam.isi.edu+36', 'reply-with': 't', 'content': 'name'}
Tue Oct 29 20:16:00 2002: Received: {'receiver': 'knight_at_isi_edu_email_knight_at_isi_edu', 'performative': 'kqml-admin', 'sender': 'TEAMCORE', 'kqml-msg-id': '405+vibhagam.isi.edu+37', 'reply-with': 't', 'content': 'name'}
Mon Nov 04 10:16:42 2002: Received: {'receiver': 'knight_at_isi_edu_email_knight_at_isi_edu', 'performative': 'kqml-admin', 'sender': 'TEAMCORE', 'kqml-msg-id': '15317+vibhagam.isi.edu+43', 'reply-with': 't', 'content': 'name'}
Thu Nov 07 12:51:08 2002: Using ANS: ('vibhagam.isi.edu', 5500)
Thu Nov 07 12:51:08 2002: Bound to host/port: sangat.isi.edu:6675
Thu Nov 07 12:51:08 2002: Sending message: (register :ontology tcp-ip :sender knight_at_isi_edu_email_knight_at_isi_edu :reply-with t :content "knight_at_isi_edu_email_knight_at_isi_edu sangat.isi.edu:6675")
Thu Nov 07 12:51:08 2002: Received: {'receiver': 'knight_at_isi_edu_email_knight_at_isi_edu', 'performative': 'error', 'sender': 'TEAMCORE', 'in-reply-to': 't', 'content': 'handler encountered error'}
Thu Nov 07 12:51:08 2002: Registration produced: {'receiver': 'knight_at_isi_edu_email_knight_at_isi_edu', 'performative': 'error', 'sender': 'TEAMCORE', 'in-reply-to': 't', 'content': 'handler encountered error'}
Thu Nov 07 12:51:08 2002: Sending message: (unregister :sender knight_at_isi_edu_email_knight_at_isi_edu :ontology tcp-ip :reply-with nil :content knight_at_isi_edu_email_knight_at_isi_edu)
Thu Nov 07 12:51:08 2002: Sending message: (register :sender knight_at_isi_edu_email_knight_at_isi_edu :ontology tcp-ip :reply-with t :content (knight_at_isi_edu_email_knight_at_isi_edu sangat.isi.edu:6675))
Thu Nov 07 12:51:08 2002: Received: {'receiver': 'knight_at_isi_edu_email_knight_at_isi_edu', 'performative': 'reply', 'sender': 'TEAMCORE', 'in-reply-to': 't', 'content': 'knight_at_isi_edu_email_knight_at_isi_edu TEAMCORE'}
Thu Nov 07 12:51:08 2002: Registration produced: {'receiver': 'knight_at_isi_edu_email_knight_at_isi_edu', 'performative': 'reply', 'sender': 'TEAMCORE', 'in-reply-to': 't', 'content': 'knight_at_isi_edu_email_knight_at_isi_edu TEAMCORE'}knight_at_isi_edu_email_knight_at_isi_edu, TEAMCORE
Thu Nov 07 12:51:08 2002: Registration successful: knight_at_isi_edu_email_knight_at_isi_edu
Thu Nov 07 12:51:08 2002: Router for knight_at_isi_edu_email_knight_at_isi_edu running...
Thu Nov 07 12:51:08 2002: Sending message: (ask-one :sender knight_at_isi_edu_email_knight_at_isi_edu :reply-with t :content "proxy_knight_at_isi_edu")
Thu Nov 07 12:51:08 2002: Received: {'receiver': 'knight_at_isi_edu_email_knight_at_isi_edu', 'performative': 'sorry', 'sender': 'TEAMCORE', 'in-reply-to': 't'}
Thu Nov 07 12:51:08 2002: No registered agent: proxy_knight_at_isi_edu
Thu Nov 07 12:51:09 2002: Received: {'receiver': 'knight_at_isi_edu_email_knight_at_isi_edu', 'performative': 'ask', 'sender': 'ping_knight_at_isi_edu_email_knight_at_isi_edu', 'reply-with': 'knight_at_isi_edu', 'content': 'hello'}
Thu Nov 07 12:51:09 2002: Processing message: {'receiver': 'knight_at_isi_edu_email_knight_at_isi_edu', 'performative': 'ask', 'sender': 'ping_knight_at_isi_edu_email_knight_at_isi_edu', 'reply-with': 'knight_at_isi_edu', 'content': 'hello'}
Thu Nov 07 12:51:09 2002: Replying: (sorry :reply-with nil :in-reply-to knight_at_isi_edu :receiver ping_knight_at_isi_edu_email_knight_at_isi_edu :sender knight_at_isi_edu_email_knight_at_isi_edu :comment "Unintelligible query")
Thu Nov 07 13:07:42 2002: Received: {'receiver': 'knight_at_isi_edu_email_knight_at_isi_edu', 'performative': 'tell', 'sender': 'stop_knight_at_isi_edu_email_knight_at_isi_edu', 'reply-with': 'nil', 'content': 'stop'}
Thu Nov 07 13:07:42 2002: Processing message: {'receiver': 'knight_at_isi_edu_email_knight_at_isi_edu', 'performative': 'tell', 'sender': 'stop_knight_at_isi_edu_email_knight_at_isi_edu', 'reply-with': 'nil', 'content': 'stop'}
Thu Nov 07 13:07:42 2002: Sending message: (ask-one :sender knight_at_isi_edu_email_knight_at_isi_edu :reply-with t :content "proxy_knight_at_isi_edu")
Thu Nov 07 13:07:42 2002: Received: {'receiver': 'knight_at_isi_edu_email_knight_at_isi_edu', 'performative': 'reply', 'sender': 'TEAMCORE', 'in-reply-to': 't', 'content': 'proxy_knight_at_isi_edu:sangat.isi.edu:9992:'}
Thu Nov 07 13:07:42 2002: Sending message: (unregister :receiver proxy_knight_at_isi_edu :name email_knight_at_isi_edu :sender knight_at_isi_edu_email_knight_at_isi_edu :reply-with nil :user knight_at_isi_edu)
Thu Nov 07 13:07:42 2002: Router knight_at_isi_edu_email_knight_at_isi_edu exiting...
Thu Nov 07 13:07:42 2002: Sending message: (unregister :receiver TEAMCORE :sender knight_at_isi_edu_email_knight_at_isi_edu :ontology tcp-ip :reply-with nil :content knight_at_isi_edu_email_knight_at_isi_edu)
Thu Nov 07 13:07:42 2002: Exiting...
Thu Nov 07 13:07:45 2002: Using ANS: ('vibhagam.isi.edu', 5500)
Thu Nov 07 13:07:45 2002: Bound to host/port: sangat.isi.edu:6674
Thu Nov 07 13:07:45 2002: Sending message: (register :ontology tcp-ip :sender knight_at_isi_edu_email_knight_at_isi_edu :reply-with t :content "knight_at_isi_edu_email_knight_at_isi_edu sangat.isi.edu:6674")
Thu Nov 07 13:07:45 2002: Received: {'receiver': 'knight_at_isi_edu_email_knight_at_isi_edu', 'performative': 'error', 'sender': 'TEAMCORE', 'in-reply-to': 't', 'content': 'handler encountered error'}
Thu Nov 07 13:07:45 2002: Registration produced: {'receiver': 'knight_at_isi_edu_email_knight_at_isi_edu', 'performative': 'error', 'sender': 'TEAMCORE', 'in-reply-to': 't', 'content': 'handler encountered error'}
Thu Nov 07 13:07:45 2002: Sending message: (unregister :sender knight_at_isi_edu_email_knight_at_isi_edu :ontology tcp-ip :reply-with nil :content knight_at_isi_edu_email_knight_at_isi_edu)
Thu Nov 07 13:07:45 2002: Sending message: (register :sender knight_at_isi_edu_email_knight_at_isi_edu :ontology tcp-ip :reply-with t :content (knight_at_isi_edu_email_knight_at_isi_edu sangat.isi.edu:6674))
Thu Nov 07 13:07:45 2002: Received: {'receiver': 'knight_at_isi_edu_email_knight_at_isi_edu', 'performative': 'reply', 'sender': 'TEAMCORE', 'in-reply-to': 't', 'content': 'knight_at_isi_edu_email_knight_at_isi_edu TEAMCORE'}
Thu Nov 07 13:07:45 2002: Registration produced: {'receiver': 'knight_at_isi_edu_email_knight_at_isi_edu', 'performative': 'reply', 'sender': 'TEAMCORE', 'in-reply-to': 't', 'content': 'knight_at_isi_edu_email_knight_at_isi_edu TEAMCORE'}knight_at_isi_edu_email_knight_at_isi_edu, TEAMCORE
Thu Nov 07 13:07:45 2002: Registration successful: knight_at_isi_edu_email_knight_at_isi_edu
Thu Nov 07 13:07:45 2002: Router for knight_at_isi_edu_email_knight_at_isi_edu running...
Thu Nov 07 13:07:45 2002: Sending message: (ask-one :sender knight_at_isi_edu_email_knight_at_isi_edu :reply-with t :content "proxy_knight_at_isi_edu")
Thu Nov 07 13:07:45 2002: Received: {'receiver': 'knight_at_isi_edu_email_knight_at_isi_edu', 'performative': 'reply', 'sender': 'TEAMCORE', 'in-reply-to': 't', 'content': 'proxy_knight_at_isi_edu:sangat.isi.edu:9992:'}
Thu Nov 07 13:07:45 2002: Sending message: (register :name email_knight_at_isi_edu :reply-with nil :agenttype device :receiver proxy_knight_at_isi_edu :user knight_at_isi_edu :sender knight_at_isi_edu_email_knight_at_isi_edu :direction (to user))
Thu Nov 07 13:07:46 2002: Received: {'receiver': 'knight_at_isi_edu_email_knight_at_isi_edu', 'performative': 'ask', 'sender': 'ping_knight_at_isi_edu_email_knight_at_isi_edu', 'reply-with': 'knight_at_isi_edu', 'content': 'hello'}
Thu Nov 07 13:07:46 2002: Processing message: {'receiver': 'knight_at_isi_edu_email_knight_at_isi_edu', 'performative': 'ask', 'sender': 'ping_knight_at_isi_edu_email_knight_at_isi_edu', 'reply-with': 'knight_at_isi_edu', 'content': 'hello'}
Thu Nov 07 13:07:46 2002: Replying: (sorry :reply-with nil :in-reply-to knight_at_isi_edu :receiver ping_knight_at_isi_edu_email_knight_at_isi_edu :sender knight_at_isi_edu_email_knight_at_isi_edu :comment "Unintelligible query")
Tue Jan 07 16:40:50 2003: Using ANS: ('vibhagam', 5500)
Tue Jan 07 16:40:50 2003: Bound to host/port: sangat.isi.edu:6675
Tue Jan 07 16:40:50 2003: Sending message: (register :ontology tcp-ip :sender knight_at_isi_edu_email_knight_at_isi_edu :reply-with t :content "knight_at_isi_edu_email_knight_at_isi_edu sangat.isi.edu:6675")
Tue Jan 07 16:40:50 2003: Received: {'receiver': 'knight_at_isi_edu_email_knight_at_isi_edu', 'performative': 'error', 'sender': 'TEAMCORE', 'in-reply-to': 't', 'content': 'handler encountered error'}
Tue Jan 07 16:40:50 2003: Registration produced: {'receiver': 'knight_at_isi_edu_email_knight_at_isi_edu', 'performative': 'error', 'sender': 'TEAMCORE', 'in-reply-to': 't', 'content': 'handler encountered error'}
Tue Jan 07 16:40:50 2003: Sending message: (unregister :sender knight_at_isi_edu_email_knight_at_isi_edu :ontology tcp-ip :reply-with nil :content knight_at_isi_edu_email_knight_at_isi_edu)
Tue Jan 07 16:40:50 2003: Sending message: (register :sender knight_at_isi_edu_email_knight_at_isi_edu :ontology tcp-ip :reply-with t :content (knight_at_isi_edu_email_knight_at_isi_edu sangat.isi.edu:6675))
Tue Jan 07 16:40:50 2003: Received: {'receiver': 'knight_at_isi_edu_email_knight_at_isi_edu', 'performative': 'reply', 'sender': 'TEAMCORE', 'in-reply-to': 't', 'content': 'knight_at_isi_edu_email_knight_at_isi_edu TEAMCORE'}
Tue Jan 07 16:40:50 2003: Registration produced: {'receiver': 'knight_at_isi_edu_email_knight_at_isi_edu', 'performative': 'reply', 'sender': 'TEAMCORE', 'in-reply-to': 't', 'content': 'knight_at_isi_edu_email_knight_at_isi_edu TEAMCORE'}knight_at_isi_edu_email_knight_at_isi_edu, TEAMCORE
Tue Jan 07 16:40:50 2003: Registration successful: knight_at_isi_edu_email_knight_at_isi_edu
Tue Jan 07 16:40:50 2003: Router for knight_at_isi_edu_email_knight_at_isi_edu running...
Tue Jan 07 16:40:50 2003: Sending message: (ask-one :sender knight_at_isi_edu_email_knight_at_isi_edu :reply-with t :content "proxy_knight_at_isi_edu")
Tue Jan 07 16:40:50 2003: Received: {'receiver': 'knight_at_isi_edu_email_knight_at_isi_edu', 'performative': 'reply', 'sender': 'TEAMCORE', 'in-reply-to': 't', 'content': 'proxy_knight_at_isi_edu:sangat.isi.edu:9992:'}
Tue Jan 07 16:40:50 2003: Sending message: (register :name email_knight_at_isi_edu :reply-with nil :agenttype device :receiver proxy_knight_at_isi_edu :user knight_at_isi_edu :sender knight_at_isi_edu_email_knight_at_isi_edu :direction (to user))
Tue Jan 07 16:40:52 2003: Received: {'receiver': 'knight_at_isi_edu_email_knight_at_isi_edu', 'performative': 'ask', 'sender': 'ping_knight_at_isi_edu_email_knight_at_isi_edu', 'reply-with': 'knight_at_isi_edu', 'content': 'hello'}
Tue Jan 07 16:40:52 2003: Processing message: {'receiver': 'knight_at_isi_edu_email_knight_at_isi_edu', 'performative': 'ask', 'sender': 'ping_knight_at_isi_edu_email_knight_at_isi_edu', 'reply-with': 'knight_at_isi_edu', 'content': 'hello'}
Tue Jan 07 16:40:52 2003: Replying: (sorry :reply-with nil :in-reply-to knight_at_isi_edu :receiver ping_knight_at_isi_edu_email_knight_at_isi_edu :sender knight_at_isi_edu_email_knight_at_isi_edu :comment "Unintelligible query")
Mon Jan 13 16:24:50 2003: Using ANS: ('vibhagam', 5500)
Mon Jan 13 16:24:50 2003: Bound to host/port: sangat.isi.edu:6676
Mon Jan 13 16:24:50 2003: Sending message: (register :ontology tcp-ip :sender knight_at_isi_edu_email_knight_at_isi_edu :reply-with t :content "knight_at_isi_edu_email_knight_at_isi_edu sangat.isi.edu:6676")
Mon Jan 13 16:24:50 2003: Received: {'receiver': 'knight_at_isi_edu_email_knight_at_isi_edu', 'performative': 'error', 'sender': 'TEAMCORE', 'in-reply-to': 't', 'content': 'handler encountered error'}
Mon Jan 13 16:24:50 2003: Registration produced: {'receiver': 'knight_at_isi_edu_email_knight_at_isi_edu', 'performative': 'error', 'sender': 'TEAMCORE', 'in-reply-to': 't', 'content': 'handler encountered error'}
Mon Jan 13 16:24:50 2003: Sending message: (unregister :sender knight_at_isi_edu_email_knight_at_isi_edu :ontology tcp-ip :reply-with nil :content knight_at_isi_edu_email_knight_at_isi_edu)
Mon Jan 13 16:24:50 2003: Sending message: (register :sender knight_at_isi_edu_email_knight_at_isi_edu :ontology tcp-ip :reply-with t :content (knight_at_isi_edu_email_knight_at_isi_edu sangat.isi.edu:6676))
Mon Jan 13 16:24:50 2003: Received: {'receiver': 'knight_at_isi_edu_email_knight_at_isi_edu', 'performative': 'reply', 'sender': 'TEAMCORE', 'in-reply-to': 't', 'content': 'knight_at_isi_edu_email_knight_at_isi_edu TEAMCORE'}
Mon Jan 13 16:24:50 2003: Registration produced: {'receiver': 'knight_at_isi_edu_email_knight_at_isi_edu', 'performative': 'reply', 'sender': 'TEAMCORE', 'in-reply-to': 't', 'content': 'knight_at_isi_edu_email_knight_at_isi_edu TEAMCORE'}knight_at_isi_edu_email_knight_at_isi_edu, TEAMCORE
Mon Jan 13 16:24:50 2003: Registration successful: knight_at_isi_edu_email_knight_at_isi_edu
Mon Jan 13 16:24:50 2003: Router for knight_at_isi_edu_email_knight_at_isi_edu running...
Mon Jan 13 16:24:50 2003: Sending message: (ask-one :sender knight_at_isi_edu_email_knight_at_isi_edu :reply-with t :content "proxy_knight_at_isi_edu")
Mon Jan 13 16:24:50 2003: Received: {'receiver': 'knight_at_isi_edu_email_knight_at_isi_edu', 'performative': 'reply', 'sender': 'TEAMCORE', 'in-reply-to': 't', 'content': 'proxy_knight_at_isi_edu:sangat.isi.edu:9993:'}
Mon Jan 13 16:24:50 2003: Sending message: (register :name email_knight_at_isi_edu :reply-with nil :agenttype device :receiver proxy_knight_at_isi_edu :user knight_at_isi_edu :sender knight_at_isi_edu_email_knight_at_isi_edu :direction (to user))
Mon Jan 13 16:24:51 2003: Received: {'receiver': 'knight_at_isi_edu_email_knight_at_isi_edu', 'performative': 'ask', 'sender': 'ping_knight_at_isi_edu_email_knight_at_isi_edu', 'reply-with': 'knight_at_isi_edu', 'content': 'hello'}
Mon Jan 13 16:24:51 2003: Processing message: {'receiver': 'knight_at_isi_edu_email_knight_at_isi_edu', 'performative': 'ask', 'sender': 'ping_knight_at_isi_edu_email_knight_at_isi_edu', 'reply-with': 'knight_at_isi_edu', 'content': 'hello'}
Mon Jan 13 16:24:51 2003: Replying: (sorry :reply-with nil :in-reply-to knight_at_isi_edu :receiver ping_knight_at_isi_edu_email_knight_at_isi_edu :sender knight_at_isi_edu_email_knight_at_isi_edu :comment "Unintelligible query")
Thu Jan 16 10:59:21 2003: Received: {'receiver': 'knight_at_isi_edu_email_knight_at_isi_edu', 'performative': 'kqml-admin', 'sender': 'TEAMCORE', 'kqml-msg-id': '1786+vibhagam.isi.edu+39', 'reply-with': 't', 'content': 'name'}
Thu Jan 16 11:54:13 2003: Received: {'receiver': 'knight_at_isi_edu_email_knight_at_isi_edu', 'performative': 'ask', 'sender': 'ping_knight_at_isi_edu_email_knight_at_isi_edu', 'reply-with': 'knight_at_isi_edu', 'content': 'hello'}
Thu Jan 16 11:54:13 2003: Processing message: {'receiver': 'knight_at_isi_edu_email_knight_at_isi_edu', 'performative': 'ask', 'sender': 'ping_knight_at_isi_edu_email_knight_at_isi_edu', 'reply-with': 'knight_at_isi_edu', 'content': 'hello'}
Thu Jan 16 11:54:13 2003: Replying: (sorry :reply-with nil :in-reply-to knight_at_isi_edu :receiver ping_knight_at_isi_edu_email_knight_at_isi_edu :sender knight_at_isi_edu_email_knight_at_isi_edu :comment "Unintelligible query")
Tue Mar 04 15:42:44 2003: Received: {'receiver': 'knight_at_isi_edu_email_knight_at_isi_edu', 'performative': 'ask', 'sender': 'ping_knight_at_isi_edu_email_knight_at_isi_edu', 'reply-with': 'knight_at_isi_edu', 'content': 'hello'}
Tue Mar 04 15:42:45 2003: Processing message: {'receiver': 'knight_at_isi_edu_email_knight_at_isi_edu', 'performative': 'ask', 'sender': 'ping_knight_at_isi_edu_email_knight_at_isi_edu', 'reply-with': 'knight_at_isi_edu', 'content': 'hello'}
Tue Mar 04 15:42:45 2003: Replying: (sorry :reply-with nil :in-reply-to knight_at_isi_edu :receiver ping_knight_at_isi_edu_email_knight_at_isi_edu :sender knight_at_isi_edu_email_knight_at_isi_edu :comment "Unintelligible query")
Tue Mar 04 15:46:24 2003: Received: {'receiver': 'knight_at_isi_edu_email_knight_at_isi_edu', 'performative': 'ask', 'sender': 'ping_knight_at_isi_edu_email_knight_at_isi_edu', 'reply-with': 'knight_at_isi_edu', 'content': 'hello'}
Tue Mar 04 15:46:24 2003: Processing message: {'receiver': 'knight_at_isi_edu_email_knight_at_isi_edu', 'performative': 'ask', 'sender': 'ping_knight_at_isi_edu_email_knight_at_isi_edu', 'reply-with': 'knight_at_isi_edu', 'content': 'hello'}
Tue Mar 04 15:46:24 2003: Replying: (sorry :reply-with nil :in-reply-to knight_at_isi_edu :receiver ping_knight_at_isi_edu_email_knight_at_isi_edu :sender knight_at_isi_edu_email_knight_at_isi_edu :comment "Unintelligible query")
Tue Mar 04 16:01:03 2003: Using ANS: ('vibhagam.isi.edu', 5500)
Tue Mar 04 16:01:03 2003: Bound to host/port: sangat.isi.edu:6675
Tue Mar 04 16:01:03 2003: Sending message: (register :ontology tcp-ip :sender knight_at_isi_edu_email_knight_at_isi_edu :reply-with t :content "knight_at_isi_edu_email_knight_at_isi_edu sangat.isi.edu:6675")
Tue Mar 04 16:01:03 2003: Received: {'receiver': 'knight_at_isi_edu_email_knight_at_isi_edu', 'performative': 'error', 'sender': 'TEAMCORE', 'in-reply-to': 't', 'content': 'handler encountered error'}
Tue Mar 04 16:01:03 2003: Registration produced: {'receiver': 'knight_at_isi_edu_email_knight_at_isi_edu', 'performative': 'error', 'sender': 'TEAMCORE', 'in-reply-to': 't', 'content': 'handler encountered error'}
Tue Mar 04 16:01:03 2003: Sending message: (unregister :sender knight_at_isi_edu_email_knight_at_isi_edu :ontology tcp-ip :reply-with nil :content knight_at_isi_edu_email_knight_at_isi_edu)
Tue Mar 04 16:01:03 2003: Sending message: (register :sender knight_at_isi_edu_email_knight_at_isi_edu :ontology tcp-ip :reply-with t :content (knight_at_isi_edu_email_knight_at_isi_edu sangat.isi.edu:6675))
Tue Mar 04 16:01:03 2003: Received: {'receiver': 'knight_at_isi_edu_email_knight_at_isi_edu', 'performative': 'reply', 'sender': 'TEAMCORE', 'in-reply-to': 't', 'content': 'knight_at_isi_edu_email_knight_at_isi_edu TEAMCORE'}
Tue Mar 04 16:01:03 2003: Registration produced: {'receiver': 'knight_at_isi_edu_email_knight_at_isi_edu', 'performative': 'reply', 'sender': 'TEAMCORE', 'in-reply-to': 't', 'content': 'knight_at_isi_edu_email_knight_at_isi_edu TEAMCORE'}knight_at_isi_edu_email_knight_at_isi_edu, TEAMCORE
Tue Mar 04 16:01:03 2003: Registration successful: knight_at_isi_edu_email_knight_at_isi_edu
Tue Mar 04 16:01:03 2003: Router for knight_at_isi_edu_email_knight_at_isi_edu running...
Tue Mar 04 16:01:03 2003: Sending message: (ask-one :sender knight_at_isi_edu_email_knight_at_isi_edu :reply-with t :content "proxy_knight_at_isi_edu")
Tue Mar 04 16:01:03 2003: Received: {'receiver': 'knight_at_isi_edu_email_knight_at_isi_edu', 'performative': 'reply', 'sender': 'TEAMCORE', 'in-reply-to': 't', 'content': 'proxy_knight_at_isi_edu:sangat.isi.edu:9993:'}
Tue Mar 04 16:01:03 2003: Sending message: (register :name email_knight_at_isi_edu :reply-with nil :agenttype device :receiver proxy_knight_at_isi_edu :user knight_at_isi_edu :sender knight_at_isi_edu_email_knight_at_isi_edu :direction (to user))
Tue Mar 04 16:01:04 2003: Received: {'receiver': 'knight_at_isi_edu_email_knight_at_isi_edu', 'performative': 'ask', 'sender': 'ping_knight_at_isi_edu_email_knight_at_isi_edu', 'reply-with': 'knight_at_isi_edu', 'content': 'hello'}
Tue Mar 04 16:01:04 2003: Processing message: {'receiver': 'knight_at_isi_edu_email_knight_at_isi_edu', 'performative': 'ask', 'sender': 'ping_knight_at_isi_edu_email_knight_at_isi_edu', 'reply-with': 'knight_at_isi_edu', 'content': 'hello'}
Tue Mar 04 16:01:04 2003: Replying: (sorry :reply-with nil :in-reply-to knight_at_isi_edu :receiver ping_knight_at_isi_edu_email_knight_at_isi_edu :sender knight_at_isi_edu_email_knight_at_isi_edu :comment "Unintelligible query")
Tue Mar 04 16:11:27 2003: Received: {'receiver': 'knight_at_isi_edu_email_knight_at_isi_edu', 'performative': 'tell', 'sender': 'stop_knight_at_isi_edu_email_knight_at_isi_edu', 'reply-with': 'nil', 'content': 'stop'}
Tue Mar 04 16:11:27 2003: Processing message: {'receiver': 'knight_at_isi_edu_email_knight_at_isi_edu', 'performative': 'tell', 'sender': 'stop_knight_at_isi_edu_email_knight_at_isi_edu', 'reply-with': 'nil', 'content': 'stop'}
Tue Mar 04 16:11:27 2003: Sending message: (unregister :receiver proxy_knight_at_isi_edu :name email_knight_at_isi_edu :sender knight_at_isi_edu_email_knight_at_isi_edu :reply-with nil :user knight_at_isi_edu)
Tue Mar 04 16:11:27 2003: Router knight_at_isi_edu_email_knight_at_isi_edu exiting...
Tue Mar 04 16:11:27 2003: Sending message: (unregister :receiver TEAMCORE :sender knight_at_isi_edu_email_knight_at_isi_edu :ontology tcp-ip :reply-with nil :content knight_at_isi_edu_email_knight_at_isi_edu)
Tue Mar 04 16:11:27 2003: Exiting...
Tue Mar 04 16:11:30 2003: Using ANS: ('vibhagam.isi.edu', 5500)
Tue Mar 04 16:11:30 2003: Bound to host/port: sangat.isi.edu:6674
Tue Mar 04 16:11:30 2003: Sending message: (register :ontology tcp-ip :sender knight_at_isi_edu_email_knight_at_isi_edu :reply-with t :content "knight_at_isi_edu_email_knight_at_isi_edu sangat.isi.edu:6674")
Tue Mar 04 16:11:30 2003: Received: {'receiver': 'knight_at_isi_edu_email_knight_at_isi_edu', 'performative': 'error', 'sender': 'TEAMCORE', 'in-reply-to': 't', 'content': 'handler encountered error'}
Tue Mar 04 16:11:30 2003: Registration produced: {'receiver': 'knight_at_isi_edu_email_knight_at_isi_edu', 'performative': 'error', 'sender': 'TEAMCORE', 'in-reply-to': 't', 'content': 'handler encountered error'}
Tue Mar 04 16:11:30 2003: Sending message: (unregister :sender knight_at_isi_edu_email_knight_at_isi_edu :ontology tcp-ip :reply-with nil :content knight_at_isi_edu_email_knight_at_isi_edu)
Tue Mar 04 16:11:30 2003: Sending message: (register :sender knight_at_isi_edu_email_knight_at_isi_edu :ontology tcp-ip :reply-with t :content (knight_at_isi_edu_email_knight_at_isi_edu sangat.isi.edu:6674))
Tue Mar 04 16:11:30 2003: Received: {'receiver': 'knight_at_isi_edu_email_knight_at_isi_edu', 'performative': 'reply', 'sender': 'TEAMCORE', 'in-reply-to': 't', 'content': 'knight_at_isi_edu_email_knight_at_isi_edu TEAMCORE'}
Tue Mar 04 16:11:30 2003: Registration produced: {'receiver': 'knight_at_isi_edu_email_knight_at_isi_edu', 'performative': 'reply', 'sender': 'TEAMCORE', 'in-reply-to': 't', 'content': 'knight_at_isi_edu_email_knight_at_isi_edu TEAMCORE'}knight_at_isi_edu_email_knight_at_isi_edu, TEAMCORE
Tue Mar 04 16:11:30 2003: Registration successful: knight_at_isi_edu_email_knight_at_isi_edu
Tue Mar 04 16:11:30 2003: Router for knight_at_isi_edu_email_knight_at_isi_edu running...
Tue Mar 04 16:11:30 2003: Sending message: (ask-one :sender knight_at_isi_edu_email_knight_at_isi_edu :reply-with t :content "proxy_knight_at_isi_edu")
Tue Mar 04 16:11:30 2003: Received: {'receiver': 'knight_at_isi_edu_email_knight_at_isi_edu', 'performative': 'reply', 'sender': 'TEAMCORE', 'in-reply-to': 't', 'content': 'proxy_knight_at_isi_edu:sangat.isi.edu:9993:'}
Tue Mar 04 16:11:30 2003: Sending message: (register :name email_knight_at_isi_edu :reply-with nil :agenttype device :receiver proxy_knight_at_isi_edu :user knight_at_isi_edu :sender knight_at_isi_edu_email_knight_at_isi_edu :direction (to user))
Tue Mar 04 16:11:31 2003: Received: {'receiver': 'knight_at_isi_edu_email_knight_at_isi_edu', 'performative': 'ask', 'sender': 'ping_knight_at_isi_edu_email_knight_at_isi_edu', 'reply-with': 'knight_at_isi_edu', 'content': 'hello'}
Tue Mar 04 16:11:31 2003: Processing message: {'receiver': 'knight_at_isi_edu_email_knight_at_isi_edu', 'performative': 'ask', 'sender': 'ping_knight_at_isi_edu_email_knight_at_isi_edu', 'reply-with': 'knight_at_isi_edu', 'content': 'hello'}
Tue Mar 04 16:11:31 2003: Replying: (sorry :reply-with nil :in-reply-to knight_at_isi_edu :receiver ping_knight_at_isi_edu_email_knight_at_isi_edu :sender knight_at_isi_edu_email_knight_at_isi_edu :comment "Unintelligible query")
Mon Apr 21 17:01:00 2003: Received: {'receiver': 'knight_at_isi_edu_email_knight_at_isi_edu', 'performative': 'kqml-admin', 'sender': 'TEAMCORE', 'kqml-msg-id': '880+vibhagam.isi.edu+43', 'reply-with': 't', 'content': 'name'}
Mon Apr 21 17:05:05 2003: Received: {'receiver': 'knight_at_isi_edu_email_knight_at_isi_edu', 'performative': 'ask', 'sender': 'ping_knight_at_isi_edu_email_knight_at_isi_edu', 'reply-with': 'knight_at_isi_edu', 'content': 'hello'}
Mon Apr 21 17:05:05 2003: Processing message: {'receiver': 'knight_at_isi_edu_email_knight_at_isi_edu', 'performative': 'ask', 'sender': 'ping_knight_at_isi_edu_email_knight_at_isi_edu', 'reply-with': 'knight_at_isi_edu', 'content': 'hello'}
Mon Apr 21 17:05:05 2003: Replying: (sorry :reply-with nil :in-reply-to knight_at_isi_edu :receiver ping_knight_at_isi_edu_email_knight_at_isi_edu :sender knight_at_isi_edu_email_knight_at_isi_edu :comment "Unintelligible query")
Mon Apr 21 17:11:07 2003: Received: {'receiver': 'knight_at_isi_edu_email_knight_at_isi_edu', 'performative': 'tell', 'sender': 'stop_knight_at_isi_edu_email_knight_at_isi_edu', 'reply-with': 'nil', 'content': 'stop'}
Mon Apr 21 17:11:07 2003: Processing message: {'receiver': 'knight_at_isi_edu_email_knight_at_isi_edu', 'performative': 'tell', 'sender': 'stop_knight_at_isi_edu_email_knight_at_isi_edu', 'reply-with': 'nil', 'content': 'stop'}
Mon Apr 21 17:11:07 2003: Sending message: (unregister :receiver proxy_knight_at_isi_edu :name email_knight_at_isi_edu :sender knight_at_isi_edu_email_knight_at_isi_edu :reply-with nil :user knight_at_isi_edu)
Mon Apr 21 17:11:07 2003: Router knight_at_isi_edu_email_knight_at_isi_edu exiting...
Mon Apr 21 17:11:07 2003: Sending message: (unregister :receiver TEAMCORE :sender knight_at_isi_edu_email_knight_at_isi_edu :ontology tcp-ip :reply-with nil :content knight_at_isi_edu_email_knight_at_isi_edu)
Mon Apr 21 17:11:07 2003: Exiting...
Mon Apr 21 17:11:09 2003: Using ANS: ('vibhagam.isi.edu', 5500)
Mon Apr 21 17:11:09 2003: Bound to host/port: sangat.isi.edu:6674
Mon Apr 21 17:11:09 2003: Sending message: (register :ontology tcp-ip :sender knight_at_isi_edu_email_knight_at_isi_edu :reply-with t :content "knight_at_isi_edu_email_knight_at_isi_edu sangat.isi.edu:6674")
Mon Apr 21 17:11:10 2003: Received: {'receiver': 'knight_at_isi_edu_email_knight_at_isi_edu', 'performative': 'error', 'sender': 'TEAMCORE', 'in-reply-to': 't', 'content': 'handler encountered error'}
Mon Apr 21 17:11:10 2003: Registration produced: {'receiver': 'knight_at_isi_edu_email_knight_at_isi_edu', 'performative': 'error', 'sender': 'TEAMCORE', 'in-reply-to': 't', 'content': 'handler encountered error'}
Mon Apr 21 17:11:10 2003: Sending message: (unregister :sender knight_at_isi_edu_email_knight_at_isi_edu :ontology tcp-ip :reply-with nil :content knight_at_isi_edu_email_knight_at_isi_edu)
Mon Apr 21 17:11:10 2003: Sending message: (register :sender knight_at_isi_edu_email_knight_at_isi_edu :ontology tcp-ip :reply-with t :content (knight_at_isi_edu_email_knight_at_isi_edu sangat.isi.edu:6674))
Mon Apr 21 17:11:10 2003: Received: {'receiver': 'knight_at_isi_edu_email_knight_at_isi_edu', 'performative': 'reply', 'sender': 'TEAMCORE', 'in-reply-to': 't', 'content': 'knight_at_isi_edu_email_knight_at_isi_edu TEAMCORE'}
Mon Apr 21 17:11:10 2003: Registration produced: {'receiver': 'knight_at_isi_edu_email_knight_at_isi_edu', 'performative': 'reply', 'sender': 'TEAMCORE', 'in-reply-to': 't', 'content': 'knight_at_isi_edu_email_knight_at_isi_edu TEAMCORE'}knight_at_isi_edu_email_knight_at_isi_edu, TEAMCORE
Mon Apr 21 17:11:10 2003: Registration successful: knight_at_isi_edu_email_knight_at_isi_edu
Mon Apr 21 17:11:10 2003: Router for knight_at_isi_edu_email_knight_at_isi_edu running...
Mon Apr 21 17:11:10 2003: Sending message: (ask-one :sender knight_at_isi_edu_email_knight_at_isi_edu :reply-with t :content "proxy_knight_at_isi_edu")
Mon Apr 21 17:11:10 2003: Received: {'receiver': 'knight_at_isi_edu_email_knight_at_isi_edu', 'performative': 'reply', 'sender': 'TEAMCORE', 'in-reply-to': 't', 'content': 'proxy_knight_at_isi_edu:sangat.isi.edu:9993:'}
Mon Apr 21 17:11:10 2003: Sending message: (register :name email_knight_at_isi_edu :reply-with nil :agenttype device :receiver proxy_knight_at_isi_edu :user knight_at_isi_edu :sender knight_at_isi_edu_email_knight_at_isi_edu :direction (to user))
Mon Apr 21 17:11:11 2003: Received: {'receiver': 'knight_at_isi_edu_email_knight_at_isi_edu', 'performative': 'ask', 'sender': 'ping_knight_at_isi_edu_email_knight_at_isi_edu', 'reply-with': 'knight_at_isi_edu', 'content': 'hello'}
Mon Apr 21 17:11:11 2003: Processing message: {'receiver': 'knight_at_isi_edu_email_knight_at_isi_edu', 'performative': 'ask', 'sender': 'ping_knight_at_isi_edu_email_knight_at_isi_edu', 'reply-with': 'knight_at_isi_edu', 'content': 'hello'}
Mon Apr 21 17:11:11 2003: Replying: (sorry :reply-with nil :in-reply-to knight_at_isi_edu :receiver ping_knight_at_isi_edu_email_knight_at_isi_edu :sender knight_at_isi_edu_email_knight_at_isi_edu :comment "Unintelligible query")
Mon Apr 21 17:51:49 2003: Using ANS: ('vibhagam', 5500)
Mon Apr 21 17:51:49 2003: Bound to host/port: sangat.isi.edu:6673
Mon Apr 21 17:51:49 2003: Sending message: (register :ontology tcp-ip :sender knight_at_isi_edu_email_knight_at_isi_edu :reply-with t :content "knight_at_isi_edu_email_knight_at_isi_edu sangat.isi.edu:6673")
Mon Apr 21 17:51:49 2003: Received: {'receiver': 'knight_at_isi_edu_email_knight_at_isi_edu', 'performative': 'error', 'sender': 'TEAMCORE', 'in-reply-to': 't', 'content': 'handler encountered error'}
Mon Apr 21 17:51:49 2003: Registration produced: {'receiver': 'knight_at_isi_edu_email_knight_at_isi_edu', 'performative': 'error', 'sender': 'TEAMCORE', 'in-reply-to': 't', 'content': 'handler encountered error'}
Mon Apr 21 17:51:49 2003: Sending message: (unregister :sender knight_at_isi_edu_email_knight_at_isi_edu :ontology tcp-ip :reply-with nil :content knight_at_isi_edu_email_knight_at_isi_edu)
Mon Apr 21 17:51:49 2003: Sending message: (register :sender knight_at_isi_edu_email_knight_at_isi_edu :ontology tcp-ip :reply-with t :content (knight_at_isi_edu_email_knight_at_isi_edu sangat.isi.edu:6673))
Mon Apr 21 17:51:49 2003: Received: {'receiver': 'knight_at_isi_edu_email_knight_at_isi_edu', 'performative': 'reply', 'sender': 'TEAMCORE', 'in-reply-to': 't', 'content': 'knight_at_isi_edu_email_knight_at_isi_edu TEAMCORE'}
Mon Apr 21 17:51:49 2003: Registration produced: {'receiver': 'knight_at_isi_edu_email_knight_at_isi_edu', 'performative': 'reply', 'sender': 'TEAMCORE', 'in-reply-to': 't', 'content': 'knight_at_isi_edu_email_knight_at_isi_edu TEAMCORE'}knight_at_isi_edu_email_knight_at_isi_edu, TEAMCORE
Mon Apr 21 17:51:49 2003: Registration successful: knight_at_isi_edu_email_knight_at_isi_edu
Mon Apr 21 17:51:49 2003: Router for knight_at_isi_edu_email_knight_at_isi_edu running...
Mon Apr 21 17:51:49 2003: Sending message: (ask-one :sender knight_at_isi_edu_email_knight_at_isi_edu :reply-with t :content "proxy_knight_at_isi_edu")
Mon Apr 21 17:51:49 2003: Received: {'receiver': 'knight_at_isi_edu_email_knight_at_isi_edu', 'performative': 'reply', 'sender': 'TEAMCORE', 'in-reply-to': 't', 'content': 'proxy_knight_at_isi_edu:sangat.isi.edu:9991:'}
Mon Apr 21 17:51:49 2003: Sending message: (register :name email_knight_at_isi_edu :reply-with nil :agenttype device :receiver proxy_knight_at_isi_edu :user knight_at_isi_edu :sender knight_at_isi_edu_email_knight_at_isi_edu :direction (to user))
Mon Apr 21 17:51:50 2003: Received: {'receiver': 'knight_at_isi_edu_email_knight_at_isi_edu', 'performative': 'ask', 'sender': 'ping_knight_at_isi_edu_email_knight_at_isi_edu', 'reply-with': 'knight_at_isi_edu', 'content': 'hello'}
Mon Apr 21 17:51:50 2003: Processing message: {'receiver': 'knight_at_isi_edu_email_knight_at_isi_edu', 'performative': 'ask', 'sender': 'ping_knight_at_isi_edu_email_knight_at_isi_edu', 'reply-with': 'knight_at_isi_edu', 'content': 'hello'}
Mon Apr 21 17:51:50 2003: Replying: (sorry :reply-with nil :in-reply-to knight_at_isi_edu :receiver ping_knight_at_isi_edu_email_knight_at_isi_edu :sender knight_at_isi_edu_email_knight_at_isi_edu :comment "Unintelligible query")
Mon Apr 21 17:55:25 2003: Received: {'receiver': 'knight_at_isi_edu_email_knight_at_isi_edu', 'performative': 'ask', 'sender': 'ping_knight_at_isi_edu_email_knight_at_isi_edu', 'reply-with': 'knight_at_isi_edu', 'content': 'hello'}
Mon Apr 21 17:55:25 2003: Processing message: {'receiver': 'knight_at_isi_edu_email_knight_at_isi_edu', 'performative': 'ask', 'sender': 'ping_knight_at_isi_edu_email_knight_at_isi_edu', 'reply-with': 'knight_at_isi_edu', 'content': 'hello'}
Mon Apr 21 17:55:25 2003: Replying: (sorry :reply-with nil :in-reply-to knight_at_isi_edu :receiver ping_knight_at_isi_edu_email_knight_at_isi_edu :sender knight_at_isi_edu_email_knight_at_isi_edu :comment "Unintelligible query")
Fri Aug 15 11:56:55 2003: Received: {'receiver': 'knight_at_isi_edu_email_knight_at_isi_edu', 'performative': 'kqml-admin', 'sender': 'TEAMCORE', 'kqml-msg-id': '23912+vibhagam.isi.edu+38', 'reply-with': 't', 'content': 'name'}
