Wed Mar 27 14:39:47 2002: Using ANS: ('vibhagam', 5500)
Wed Mar 27 14:39:47 2002: Bound to host/port: sangat.isi.edu:6687
Wed Mar 27 14:39:47 2002: Sending message: (register :ontology tcp-ip :sender mystfire_at_drexel_edu_email_mystfire_at_drexel_edu :reply-with t :content "mystfire_at_drexel_edu_email_mystfire_at_drexel_edu sangat.isi.edu:6687")
Wed Mar 27 14:39:47 2002: Received: {'receiver': 'mystfire_at_drexel_edu_email_mystfire_at_drexel_edu', 'performative': 'error', 'sender': 'TEAMCORE', 'in-reply-to': 't', 'content': 'handler encountered error'}
Wed Mar 27 14:39:47 2002: Registration produced: {'receiver': 'mystfire_at_drexel_edu_email_mystfire_at_drexel_edu', 'performative': 'error', 'sender': 'TEAMCORE', 'in-reply-to': 't', 'content': 'handler encountered error'}
Wed Mar 27 14:39:47 2002: Sending message: (unregister :sender mystfire_at_drexel_edu_email_mystfire_at_drexel_edu :ontology tcp-ip :reply-with nil :content mystfire_at_drexel_edu_email_mystfire_at_drexel_edu)
Wed Mar 27 14:39:47 2002: Sending message: (register :sender mystfire_at_drexel_edu_email_mystfire_at_drexel_edu :ontology tcp-ip :reply-with t :content (mystfire_at_drexel_edu_email_mystfire_at_drexel_edu sangat.isi.edu:6687))
Wed Mar 27 14:39:47 2002: Received: {'receiver': 'mystfire_at_drexel_edu_email_mystfire_at_drexel_edu', 'performative': 'reply', 'sender': 'TEAMCORE', 'in-reply-to': 't', 'content': 'mystfire_at_drexel_edu_email_mystfire_at_drexel_edu TEAMCORE'}
Wed Mar 27 14:39:47 2002: Registration produced: {'receiver': 'mystfire_at_drexel_edu_email_mystfire_at_drexel_edu', 'performative': 'reply', 'sender': 'TEAMCORE', 'in-reply-to': 't', 'content': 'mystfire_at_drexel_edu_email_mystfire_at_drexel_edu TEAMCORE'}mystfire_at_drexel_edu_email_mystfire_at_drexel_edu, TEAMCORE
Wed Mar 27 14:39:47 2002: Registration successful: mystfire_at_drexel_edu_email_mystfire_at_drexel_edu
Wed Mar 27 14:39:47 2002: Router for mystfire_at_drexel_edu_email_mystfire_at_drexel_edu running...
Wed Mar 27 14:39:47 2002: Sending message: (ask-one :sender mystfire_at_drexel_edu_email_mystfire_at_drexel_edu :reply-with t :content "proxy_mystfire_at_drexel_edu")
Wed Mar 27 14:39:47 2002: Received: {'receiver': 'mystfire_at_drexel_edu_email_mystfire_at_drexel_edu', 'performative': 'reply', 'sender': 'TEAMCORE', 'in-reply-to': 't', 'content': 'proxy_mystfire_at_drexel_edu:sangat.isi.edu:10002:'}
Wed Mar 27 14:39:47 2002: Sending message: (register :name email_mystfire_at_drexel_edu :reply-with nil :agenttype device :receiver proxy_mystfire_at_drexel_edu :user mystfire_at_drexel_edu :sender mystfire_at_drexel_edu_email_mystfire_at_drexel_edu :direction (to user))
Wed Mar 27 14:40:14 2002: Received: {'subject': 'Match Results for Information Sciences Institute', 'performative': 'tell', 'reply-with': 'nil', 'receiver': 'mystfire_at_drexel_edu_email_mystfire_at_drexel_edu', 'user': 'mystfire_at_drexel_edu', 'sender': 'proxy_mystfire_at_drexel_edu', 'deadline': '10000', 'content': 'People at institution Information Sciences Institute\012  with interests Artificial Intelligence:\012\012Yigal Arens\012Hans Chalupsky\012Ulrich Germann\012Yolanda Gil\012Ulf Hermjakob\012Eduard H Hovy\012William Lewis Johnson\012Kevin C Knight\012Craig A Knoblock\012Robert M Macgregor\012Daniel Marcu\012Robert Tobias Neches\012Hyaejin Oh\012David V Pynadath\012Jeff Rickel\012Thomas A Russ\012Herbert Schorr\012Erin Shaw\012Wei Min Shen.'}
Wed Mar 27 14:40:14 2002: Processing message: {'subject': 'Match Results for Information Sciences Institute', 'performative': 'tell', 'reply-with': 'nil', 'receiver': 'mystfire_at_drexel_edu_email_mystfire_at_drexel_edu', 'user': 'mystfire_at_drexel_edu', 'sender': 'proxy_mystfire_at_drexel_edu', 'deadline': '10000', 'content': 'People at institution Information Sciences Institute\012  with interests Artificial Intelligence:\012\012Yigal Arens\012Hans Chalupsky\012Ulrich Germann\012Yolanda Gil\012Ulf Hermjakob\012Eduard H Hovy\012William Lewis Johnson\012Kevin C Knight\012Craig A Knoblock\012Robert M Macgregor\012Daniel Marcu\012Robert Tobias Neches\012Hyaejin Oh\012David V Pynadath\012Jeff Rickel\012Thomas A Russ\012Herbert Schorr\012Erin Shaw\012Wei Min Shen.'}
Wed Mar 27 14:40:14 2002: Message for user ID: mystfire@drexel.edu
Wed Mar 27 14:40:14 2002: User name:  
Fri Mar 29 15:11:23 2002: Received: {'receiver': 'mystfire_at_drexel_edu_email_mystfire_at_drexel_edu', 'performative': 'ask', 'sender': 'ping_mystfire_at_drexel_edu_email_mystfire_at_drexel_edu', 'reply-with': 'mystfire_at_drexel_edu', 'content': 'hello'}
Fri Mar 29 15:11:23 2002: Processing message: {'receiver': 'mystfire_at_drexel_edu_email_mystfire_at_drexel_edu', 'performative': 'ask', 'sender': 'ping_mystfire_at_drexel_edu_email_mystfire_at_drexel_edu', 'reply-with': 'mystfire_at_drexel_edu', 'content': 'hello'}
Fri Mar 29 15:11:23 2002: Replying: (sorry :reply-with nil :in-reply-to mystfire_at_drexel_edu :receiver ping_mystfire_at_drexel_edu_email_mystfire_at_drexel_edu :sender mystfire_at_drexel_edu_email_mystfire_at_drexel_edu :comment "Unintelligible query")
Wed Apr 03 12:05:18 2002: Received: {'receiver': 'mystfire_at_drexel_edu_email_mystfire_at_drexel_edu', 'performative': 'ask', 'sender': 'ping_mystfire_at_drexel_edu_email_mystfire_at_drexel_edu', 'reply-with': 'mystfire_at_drexel_edu', 'content': 'hello'}
Wed Apr 03 12:05:18 2002: Processing message: {'receiver': 'mystfire_at_drexel_edu_email_mystfire_at_drexel_edu', 'performative': 'ask', 'sender': 'ping_mystfire_at_drexel_edu_email_mystfire_at_drexel_edu', 'reply-with': 'mystfire_at_drexel_edu', 'content': 'hello'}
Wed Apr 03 12:05:18 2002: Replying: (sorry :reply-with nil :in-reply-to mystfire_at_drexel_edu :receiver ping_mystfire_at_drexel_edu_email_mystfire_at_drexel_edu :sender mystfire_at_drexel_edu_email_mystfire_at_drexel_edu :comment "Unintelligible query")
Wed Apr 03 12:14:25 2002: Received: {'receiver': 'mystfire_at_drexel_edu_email_mystfire_at_drexel_edu', 'performative': 'tell', 'sender': 'deviceCGI_mystfire_at_drexel_edu', 'reply-with': 'nil', 'content': 'stop'}
Wed Apr 03 12:14:25 2002: Processing message: {'receiver': 'mystfire_at_drexel_edu_email_mystfire_at_drexel_edu', 'performative': 'tell', 'sender': 'deviceCGI_mystfire_at_drexel_edu', 'reply-with': 'nil', 'content': 'stop'}
Wed Apr 03 12:14:25 2002: Sending message: (unregister :receiver proxy_mystfire_at_drexel_edu :name email_mystfire_at_drexel_edu :sender mystfire_at_drexel_edu_email_mystfire_at_drexel_edu :reply-with nil :user mystfire_at_drexel_edu)
Wed Apr 03 12:14:25 2002: Router mystfire_at_drexel_edu_email_mystfire_at_drexel_edu exiting...
Wed Apr 03 12:14:25 2002: Sending message: (unregister :receiver TEAMCORE :sender mystfire_at_drexel_edu_email_mystfire_at_drexel_edu :ontology tcp-ip :reply-with nil :content mystfire_at_drexel_edu_email_mystfire_at_drexel_edu)
Wed Apr 03 12:14:25 2002: Exiting...
