Tue Jun 04 18:47:26 2002: Using ANS: ('vibhagam.isi.edu', 5500)
Tue Jun 04 18:47:26 2002: Bound to host/port: sangat.isi.edu:6694
Tue Jun 04 18:47:26 2002: Sending message: (register :ontology tcp-ip :sender arens_at_isi_edu_html :reply-with t :content "arens_at_isi_edu_html sangat.isi.edu:6694")
Tue Jun 04 18:47:26 2002: Received: {'receiver': 'arens_at_isi_edu_html', 'performative': 'error', 'sender': 'TEAMCORE', 'in-reply-to': 't', 'content': 'handler encountered error'}
Tue Jun 04 18:47:26 2002: Registration produced: {'receiver': 'arens_at_isi_edu_html', 'performative': 'error', 'sender': 'TEAMCORE', 'in-reply-to': 't', 'content': 'handler encountered error'}
Tue Jun 04 18:47:26 2002: Sending message: (unregister :sender arens_at_isi_edu_html :ontology tcp-ip :reply-with nil :content arens_at_isi_edu_html)
Tue Jun 04 18:47:26 2002: Sending message: (register :sender arens_at_isi_edu_html :ontology tcp-ip :reply-with t :content (arens_at_isi_edu_html sangat.isi.edu:6694))
Tue Jun 04 18:47:26 2002: Received: {'receiver': 'arens_at_isi_edu_html', 'performative': 'reply', 'sender': 'TEAMCORE', 'in-reply-to': 't', 'content': 'arens_at_isi_edu_html TEAMCORE'}
Tue Jun 04 18:47:26 2002: Registration produced: {'receiver': 'arens_at_isi_edu_html', 'performative': 'reply', 'sender': 'TEAMCORE', 'in-reply-to': 't', 'content': 'arens_at_isi_edu_html TEAMCORE'}arens_at_isi_edu_html, TEAMCORE
Tue Jun 04 18:47:26 2002: Registration successful: arens_at_isi_edu_html
Tue Jun 04 18:47:26 2002: Router for arens_at_isi_edu_html running...
Tue Jun 04 18:47:26 2002: Sending message: (ask-one :sender arens_at_isi_edu_html :reply-with t :content "proxy_arens_at_isi_edu")
Tue Jun 04 18:47:26 2002: Received: {'receiver': 'arens_at_isi_edu_html', 'performative': 'reply', 'sender': 'TEAMCORE', 'in-reply-to': 't', 'content': 'proxy_arens_at_isi_edu:sangat.isi.edu:9992:'}
Tue Jun 04 18:47:26 2002: Sending message: (register :name html :reply-with nil :agenttype device :receiver proxy_arens_at_isi_edu :user arens_at_isi_edu :sender arens_at_isi_edu_html :direction both)
Tue Jun 04 18:47:47 2002: Received: {'receiver': 'arens_at_isi_edu_html', 'performative': 'tell', 'sender': 'deviceCGI_arens_at_isi_edu', 'reply-with': 'nil', 'content': 'stop'}
Tue Jun 04 18:47:47 2002: Processing message: {'receiver': 'arens_at_isi_edu_html', 'performative': 'tell', 'sender': 'deviceCGI_arens_at_isi_edu', 'reply-with': 'nil', 'content': 'stop'}
Tue Jun 04 18:47:47 2002: Sending message: (unregister :receiver proxy_arens_at_isi_edu :name html :sender arens_at_isi_edu_html :reply-with nil :user arens_at_isi_edu)
Tue Jun 04 18:47:47 2002: Router arens_at_isi_edu_html exiting...
Tue Jun 04 18:47:47 2002: Sending message: (unregister :receiver TEAMCORE :sender arens_at_isi_edu_html :ontology tcp-ip :reply-with nil :content arens_at_isi_edu_html)
Tue Jun 04 18:47:47 2002: Exiting...
