Thu Jun 06 09:27:45 2002: Using ANS: ('vibhagam.isi.edu', 5500)
Thu Jun 06 09:27:45 2002: Bound to host/port: sangat.isi.edu:6694
Thu Jun 06 09:27:45 2002: Sending message: (register :ontology tcp-ip :sender ambite_at_isi_edu_email_ambite_at_isi_edu :reply-with t :content "ambite_at_isi_edu_email_ambite_at_isi_edu sangat.isi.edu:6694")
Thu Jun 06 09:27:45 2002: Received: {'receiver': 'ambite_at_isi_edu_email_ambite_at_isi_edu', 'performative': 'error', 'sender': 'TEAMCORE', 'in-reply-to': 't', 'content': 'handler encountered error'}
Thu Jun 06 09:27:45 2002: Registration produced: {'receiver': 'ambite_at_isi_edu_email_ambite_at_isi_edu', 'performative': 'error', 'sender': 'TEAMCORE', 'in-reply-to': 't', 'content': 'handler encountered error'}
Thu Jun 06 09:27:45 2002: Sending message: (unregister :sender ambite_at_isi_edu_email_ambite_at_isi_edu :ontology tcp-ip :reply-with nil :content ambite_at_isi_edu_email_ambite_at_isi_edu)
Thu Jun 06 09:27:45 2002: Sending message: (register :sender ambite_at_isi_edu_email_ambite_at_isi_edu :ontology tcp-ip :reply-with t :content (ambite_at_isi_edu_email_ambite_at_isi_edu sangat.isi.edu:6694))
Thu Jun 06 09:27:45 2002: Received: {'receiver': 'ambite_at_isi_edu_email_ambite_at_isi_edu', 'performative': 'reply', 'sender': 'TEAMCORE', 'in-reply-to': 't', 'content': 'ambite_at_isi_edu_email_ambite_at_isi_edu TEAMCORE'}
Thu Jun 06 09:27:45 2002: Registration produced: {'receiver': 'ambite_at_isi_edu_email_ambite_at_isi_edu', 'performative': 'reply', 'sender': 'TEAMCORE', 'in-reply-to': 't', 'content': 'ambite_at_isi_edu_email_ambite_at_isi_edu TEAMCORE'}ambite_at_isi_edu_email_ambite_at_isi_edu, TEAMCORE
Thu Jun 06 09:27:45 2002: Registration successful: ambite_at_isi_edu_email_ambite_at_isi_edu
Thu Jun 06 09:27:45 2002: Router for ambite_at_isi_edu_email_ambite_at_isi_edu running...
Thu Jun 06 09:27:45 2002: Sending message: (ask-one :sender ambite_at_isi_edu_email_ambite_at_isi_edu :reply-with t :content "proxy_ambite_at_isi_edu")
Thu Jun 06 09:27:45 2002: Received: {'receiver': 'ambite_at_isi_edu_email_ambite_at_isi_edu', 'performative': 'reply', 'sender': 'TEAMCORE', 'in-reply-to': 't', 'content': 'proxy_ambite_at_isi_edu:sangat.isi.edu:9992:'}
Thu Jun 06 09:27:45 2002: Sending message: (register :name email_ambite_at_isi_edu :reply-with nil :agenttype device :receiver proxy_ambite_at_isi_edu :user ambite_at_isi_edu :sender ambite_at_isi_edu_email_ambite_at_isi_edu :direction (to user))
Thu Jun 06 14:45:38 2002: Received: {'receiver': 'ambite_at_isi_edu_email_ambite_at_isi_edu', 'performative': 'ask', 'sender': 'ping_ambite_at_isi_edu_email_ambite_at_isi_edu', 'reply-with': 'ambite_at_isi_edu', 'content': 'hello'}
Thu Jun 06 14:45:38 2002: Processing message: {'receiver': 'ambite_at_isi_edu_email_ambite_at_isi_edu', 'performative': 'ask', 'sender': 'ping_ambite_at_isi_edu_email_ambite_at_isi_edu', 'reply-with': 'ambite_at_isi_edu', 'content': 'hello'}
Thu Jun 06 14:45:38 2002: Replying: (sorry :reply-with nil :in-reply-to ambite_at_isi_edu :receiver ping_ambite_at_isi_edu_email_ambite_at_isi_edu :sender ambite_at_isi_edu_email_ambite_at_isi_edu :comment "Unintelligible query")
Mon Jun 10 12:50:57 2002: Received: {'receiver': 'ambite_at_isi_edu_email_ambite_at_isi_edu', 'performative': 'kqml-admin', 'sender': 'TEAMCORE', 'kqml-msg-id': '699+vibhagam.isi.edu+58', 'reply-with': 't', 'content': 'name'}
Mon Jun 10 13:19:16 2002: Using ANS: ('vibhagam', 5500)
Mon Jun 10 13:19:16 2002: Bound to host/port: sangat.isi.edu:6667
Mon Jun 10 13:19:16 2002: Sending message: (register :ontology tcp-ip :sender ambite_at_isi_edu_email_ambite_at_isi_edu :reply-with t :content "ambite_at_isi_edu_email_ambite_at_isi_edu sangat.isi.edu:6667")
Mon Jun 10 13:19:16 2002: Received: {'receiver': 'ambite_at_isi_edu_email_ambite_at_isi_edu', 'performative': 'error', 'sender': 'TEAMCORE', 'in-reply-to': 't', 'content': 'handler encountered error'}
Mon Jun 10 13:19:16 2002: Registration produced: {'receiver': 'ambite_at_isi_edu_email_ambite_at_isi_edu', 'performative': 'error', 'sender': 'TEAMCORE', 'in-reply-to': 't', 'content': 'handler encountered error'}
Mon Jun 10 13:19:16 2002: Sending message: (unregister :sender ambite_at_isi_edu_email_ambite_at_isi_edu :ontology tcp-ip :reply-with nil :content ambite_at_isi_edu_email_ambite_at_isi_edu)
Mon Jun 10 13:19:16 2002: Sending message: (register :sender ambite_at_isi_edu_email_ambite_at_isi_edu :ontology tcp-ip :reply-with t :content (ambite_at_isi_edu_email_ambite_at_isi_edu sangat.isi.edu:6667))
Mon Jun 10 13:19:16 2002: Received: {'receiver': 'ambite_at_isi_edu_email_ambite_at_isi_edu', 'performative': 'reply', 'sender': 'TEAMCORE', 'in-reply-to': 't', 'content': 'ambite_at_isi_edu_email_ambite_at_isi_edu TEAMCORE'}
Mon Jun 10 13:19:16 2002: Registration produced: {'receiver': 'ambite_at_isi_edu_email_ambite_at_isi_edu', 'performative': 'reply', 'sender': 'TEAMCORE', 'in-reply-to': 't', 'content': 'ambite_at_isi_edu_email_ambite_at_isi_edu TEAMCORE'}ambite_at_isi_edu_email_ambite_at_isi_edu, TEAMCORE
Mon Jun 10 13:19:16 2002: Registration successful: ambite_at_isi_edu_email_ambite_at_isi_edu
Mon Jun 10 13:19:16 2002: Router for ambite_at_isi_edu_email_ambite_at_isi_edu running...
Mon Jun 10 13:19:16 2002: Sending message: (ask-one :sender ambite_at_isi_edu_email_ambite_at_isi_edu :reply-with t :content "proxy_ambite_at_isi_edu")
Mon Jun 10 13:19:16 2002: Received: {'receiver': 'ambite_at_isi_edu_email_ambite_at_isi_edu', 'performative': 'reply', 'sender': 'TEAMCORE', 'in-reply-to': 't', 'content': 'proxy_ambite_at_isi_edu:sangat.isi.edu:9991:'}
Mon Jun 10 13:19:16 2002: Sending message: (register :name email_ambite_at_isi_edu :reply-with nil :agenttype device :receiver proxy_ambite_at_isi_edu :user ambite_at_isi_edu :sender ambite_at_isi_edu_email_ambite_at_isi_edu :direction (to user))
Mon Jun 10 13:19:16 2002: Received: {'receiver': 'ambite_at_isi_edu_email_ambite_at_isi_edu', 'performative': 'ask', 'sender': 'ping_ambite_at_isi_edu_email_ambite_at_isi_edu', 'reply-with': 'ambite_at_isi_edu', 'content': 'hello'}
Mon Jun 10 13:19:16 2002: Processing message: {'receiver': 'ambite_at_isi_edu_email_ambite_at_isi_edu', 'performative': 'ask', 'sender': 'ping_ambite_at_isi_edu_email_ambite_at_isi_edu', 'reply-with': 'ambite_at_isi_edu', 'content': 'hello'}
Mon Jun 10 13:19:16 2002: Replying: (sorry :reply-with nil :in-reply-to ambite_at_isi_edu :receiver ping_ambite_at_isi_edu_email_ambite_at_isi_edu :sender ambite_at_isi_edu_email_ambite_at_isi_edu :comment "Unintelligible query")
Mon Jun 10 13:22:54 2002: Received: {'receiver': 'ambite_at_isi_edu_email_ambite_at_isi_edu', 'performative': 'ask', 'sender': 'ping_ambite_at_isi_edu_email_ambite_at_isi_edu', 'reply-with': 'ambite_at_isi_edu', 'content': 'hello'}
Mon Jun 10 13:22:54 2002: Processing message: {'receiver': 'ambite_at_isi_edu_email_ambite_at_isi_edu', 'performative': 'ask', 'sender': 'ping_ambite_at_isi_edu_email_ambite_at_isi_edu', 'reply-with': 'ambite_at_isi_edu', 'content': 'hello'}
Mon Jun 10 13:22:54 2002: Replying: (sorry :reply-with nil :in-reply-to ambite_at_isi_edu :receiver ping_ambite_at_isi_edu_email_ambite_at_isi_edu :sender ambite_at_isi_edu_email_ambite_at_isi_edu :comment "Unintelligible query")
Wed Jun 12 11:55:30 2002: Received: {'receiver': 'ambite_at_isi_edu_email_ambite_at_isi_edu', 'performative': 'ask', 'sender': 'ping_ambite_at_isi_edu_email_ambite_at_isi_edu', 'reply-with': 'ambite_at_isi_edu', 'content': 'hello'}
Wed Jun 12 11:55:30 2002: Processing message: {'receiver': 'ambite_at_isi_edu_email_ambite_at_isi_edu', 'performative': 'ask', 'sender': 'ping_ambite_at_isi_edu_email_ambite_at_isi_edu', 'reply-with': 'ambite_at_isi_edu', 'content': 'hello'}
Wed Jun 12 11:55:30 2002: Replying: (sorry :reply-with nil :in-reply-to ambite_at_isi_edu :receiver ping_ambite_at_isi_edu_email_ambite_at_isi_edu :sender ambite_at_isi_edu_email_ambite_at_isi_edu :comment "Unintelligible query")
Fri Jun 21 17:39:39 2002: Received: {'receiver': 'ambite_at_isi_edu_email_ambite_at_isi_edu', 'performative': 'ask', 'sender': 'ping_ambite_at_isi_edu_email_ambite_at_isi_edu', 'reply-with': 'ambite_at_isi_edu', 'content': 'hello'}
Fri Jun 21 17:39:39 2002: Processing message: {'receiver': 'ambite_at_isi_edu_email_ambite_at_isi_edu', 'performative': 'ask', 'sender': 'ping_ambite_at_isi_edu_email_ambite_at_isi_edu', 'reply-with': 'ambite_at_isi_edu', 'content': 'hello'}
Fri Jun 21 17:39:39 2002: Replying: (sorry :reply-with nil :in-reply-to ambite_at_isi_edu :receiver ping_ambite_at_isi_edu_email_ambite_at_isi_edu :sender ambite_at_isi_edu_email_ambite_at_isi_edu :comment "Unintelligible query")
Mon Jun 24 17:24:43 2002: Received: {'receiver': 'ambite_at_isi_edu_email_ambite_at_isi_edu', 'performative': 'ask', 'sender': 'ping_ambite_at_isi_edu_email_ambite_at_isi_edu', 'reply-with': 'ambite_at_isi_edu', 'content': 'hello'}
Mon Jun 24 17:24:43 2002: Processing message: {'receiver': 'ambite_at_isi_edu_email_ambite_at_isi_edu', 'performative': 'ask', 'sender': 'ping_ambite_at_isi_edu_email_ambite_at_isi_edu', 'reply-with': 'ambite_at_isi_edu', 'content': 'hello'}
Mon Jun 24 17:24:43 2002: Replying: (sorry :reply-with nil :in-reply-to ambite_at_isi_edu :receiver ping_ambite_at_isi_edu_email_ambite_at_isi_edu :sender ambite_at_isi_edu_email_ambite_at_isi_edu :comment "Unintelligible query")
Tue Jun 25 09:56:46 2002: Received: {'receiver': 'ambite_at_isi_edu_email_ambite_at_isi_edu', 'performative': 'tell', 'sender': 'stop_ambite_at_isi_edu_email_ambite_at_isi_edu', 'reply-with': 'nil', 'content': 'stop'}
Tue Jun 25 09:56:46 2002: Processing message: {'receiver': 'ambite_at_isi_edu_email_ambite_at_isi_edu', 'performative': 'tell', 'sender': 'stop_ambite_at_isi_edu_email_ambite_at_isi_edu', 'reply-with': 'nil', 'content': 'stop'}
Tue Jun 25 09:56:47 2002: Sending message: (unregister :receiver proxy_ambite_at_isi_edu :name email_ambite_at_isi_edu :sender ambite_at_isi_edu_email_ambite_at_isi_edu :reply-with nil :user ambite_at_isi_edu)
Tue Jun 25 09:56:47 2002: Router ambite_at_isi_edu_email_ambite_at_isi_edu exiting...
Tue Jun 25 09:56:47 2002: Sending message: (unregister :receiver TEAMCORE :sender ambite_at_isi_edu_email_ambite_at_isi_edu :ontology tcp-ip :reply-with nil :content ambite_at_isi_edu_email_ambite_at_isi_edu)
Tue Jun 25 09:56:47 2002: Exiting...
Tue Jun 25 10:01:46 2002: Using ANS: ('vibhagam.isi.edu', 5500)
Tue Jun 25 10:01:46 2002: Bound to host/port: sangat.isi.edu:6689
Tue Jun 25 10:01:46 2002: Sending message: (register :ontology tcp-ip :sender ambite_at_isi_edu_email_ambite_at_isi_edu :reply-with t :content "ambite_at_isi_edu_email_ambite_at_isi_edu sangat.isi.edu:6689")
Tue Jun 25 10:01:46 2002: Received: {'receiver': 'ambite_at_isi_edu_email_ambite_at_isi_edu', 'performative': 'error', 'sender': 'TEAMCORE', 'in-reply-to': 't', 'content': 'handler encountered error'}
Tue Jun 25 10:01:46 2002: Registration produced: {'receiver': 'ambite_at_isi_edu_email_ambite_at_isi_edu', 'performative': 'error', 'sender': 'TEAMCORE', 'in-reply-to': 't', 'content': 'handler encountered error'}
Tue Jun 25 10:01:46 2002: Sending message: (unregister :sender ambite_at_isi_edu_email_ambite_at_isi_edu :ontology tcp-ip :reply-with nil :content ambite_at_isi_edu_email_ambite_at_isi_edu)
Tue Jun 25 10:01:46 2002: Sending message: (register :sender ambite_at_isi_edu_email_ambite_at_isi_edu :ontology tcp-ip :reply-with t :content (ambite_at_isi_edu_email_ambite_at_isi_edu sangat.isi.edu:6689))
Tue Jun 25 10:01:46 2002: Received: {'receiver': 'ambite_at_isi_edu_email_ambite_at_isi_edu', 'performative': 'reply', 'sender': 'TEAMCORE', 'in-reply-to': 't', 'content': 'ambite_at_isi_edu_email_ambite_at_isi_edu TEAMCORE'}
Tue Jun 25 10:01:46 2002: Registration produced: {'receiver': 'ambite_at_isi_edu_email_ambite_at_isi_edu', 'performative': 'reply', 'sender': 'TEAMCORE', 'in-reply-to': 't', 'content': 'ambite_at_isi_edu_email_ambite_at_isi_edu TEAMCORE'}ambite_at_isi_edu_email_ambite_at_isi_edu, TEAMCORE
Tue Jun 25 10:01:46 2002: Registration successful: ambite_at_isi_edu_email_ambite_at_isi_edu
Tue Jun 25 10:01:46 2002: Router for ambite_at_isi_edu_email_ambite_at_isi_edu running...
Tue Jun 25 10:01:46 2002: Sending message: (ask-one :sender ambite_at_isi_edu_email_ambite_at_isi_edu :reply-with t :content "proxy_ambite_at_isi_edu")
Tue Jun 25 10:01:46 2002: Received: {'receiver': 'ambite_at_isi_edu_email_ambite_at_isi_edu', 'performative': 'reply', 'sender': 'TEAMCORE', 'in-reply-to': 't', 'content': 'proxy_ambite_at_isi_edu:sangat.isi.edu:9991:'}
Tue Jun 25 10:01:46 2002: Sending message: (register :name email_ambite_at_isi_edu :reply-with nil :agenttype device :receiver proxy_ambite_at_isi_edu :user ambite_at_isi_edu :sender ambite_at_isi_edu_email_ambite_at_isi_edu :direction (to user))
Wed Jun 26 14:20:41 2002: Using ANS: ('vibhagam.isi.edu', 5500)
Wed Jun 26 14:20:41 2002: Bound to host/port: sangat.isi.edu:6667
Wed Jun 26 14:20:41 2002: Sending message: (register :ontology tcp-ip :sender ambite_at_isi_edu_email_ambite_at_isi_edu :reply-with t :content "ambite_at_isi_edu_email_ambite_at_isi_edu sangat.isi.edu:6667")
Wed Jun 26 14:20:41 2002: Received: {'receiver': 'ambite_at_isi_edu_email_ambite_at_isi_edu', 'performative': 'error', 'sender': 'TEAMCORE', 'in-reply-to': 't', 'content': 'handler encountered error'}
Wed Jun 26 14:20:41 2002: Registration produced: {'receiver': 'ambite_at_isi_edu_email_ambite_at_isi_edu', 'performative': 'error', 'sender': 'TEAMCORE', 'in-reply-to': 't', 'content': 'handler encountered error'}
Wed Jun 26 14:20:41 2002: Sending message: (unregister :sender ambite_at_isi_edu_email_ambite_at_isi_edu :ontology tcp-ip :reply-with nil :content ambite_at_isi_edu_email_ambite_at_isi_edu)
Wed Jun 26 14:20:41 2002: Sending message: (register :sender ambite_at_isi_edu_email_ambite_at_isi_edu :ontology tcp-ip :reply-with t :content (ambite_at_isi_edu_email_ambite_at_isi_edu sangat.isi.edu:6667))
Wed Jun 26 14:20:41 2002: Received: {'receiver': 'ambite_at_isi_edu_email_ambite_at_isi_edu', 'performative': 'reply', 'sender': 'TEAMCORE', 'in-reply-to': 't', 'content': 'ambite_at_isi_edu_email_ambite_at_isi_edu TEAMCORE'}
Wed Jun 26 14:20:41 2002: Registration produced: {'receiver': 'ambite_at_isi_edu_email_ambite_at_isi_edu', 'performative': 'reply', 'sender': 'TEAMCORE', 'in-reply-to': 't', 'content': 'ambite_at_isi_edu_email_ambite_at_isi_edu TEAMCORE'}ambite_at_isi_edu_email_ambite_at_isi_edu, TEAMCORE
Wed Jun 26 14:20:41 2002: Registration successful: ambite_at_isi_edu_email_ambite_at_isi_edu
Wed Jun 26 14:20:41 2002: Router for ambite_at_isi_edu_email_ambite_at_isi_edu running...
Wed Jun 26 14:20:41 2002: Sending message: (ask-one :sender ambite_at_isi_edu_email_ambite_at_isi_edu :reply-with t :content "proxy_ambite_at_isi_edu")
Wed Jun 26 14:20:41 2002: Received: {'receiver': 'ambite_at_isi_edu_email_ambite_at_isi_edu', 'performative': 'reply', 'sender': 'TEAMCORE', 'in-reply-to': 't', 'content': 'proxy_ambite_at_isi_edu:sangat.isi.edu:9991:'}
Wed Jun 26 14:20:41 2002: Sending message: (register :name email_ambite_at_isi_edu :reply-with nil :agenttype device :receiver proxy_ambite_at_isi_edu :user ambite_at_isi_edu :sender ambite_at_isi_edu_email_ambite_at_isi_edu :direction (to user))
Wed Jun 26 14:20:42 2002: Received: {'receiver': 'ambite_at_isi_edu_email_ambite_at_isi_edu', 'performative': 'ask', 'sender': 'ping_ambite_at_isi_edu_email_ambite_at_isi_edu', 'reply-with': 'ambite_at_isi_edu', 'content': 'hello'}
Wed Jun 26 14:20:42 2002: Processing message: {'receiver': 'ambite_at_isi_edu_email_ambite_at_isi_edu', 'performative': 'ask', 'sender': 'ping_ambite_at_isi_edu_email_ambite_at_isi_edu', 'reply-with': 'ambite_at_isi_edu', 'content': 'hello'}
Wed Jun 26 14:20:42 2002: Replying: (sorry :reply-with nil :in-reply-to ambite_at_isi_edu :receiver ping_ambite_at_isi_edu_email_ambite_at_isi_edu :sender ambite_at_isi_edu_email_ambite_at_isi_edu :comment "Unintelligible query")
Wed Jun 26 14:33:37 2002: Sending message: (unregister :receiver proxy_ambite_at_isi_edu :name email_ambite_at_isi_edu :sender ambite_at_isi_edu_email_ambite_at_isi_edu :reply-with nil :user ambite_at_isi_edu)
Wed Jun 26 14:33:37 2002: Router ambite_at_isi_edu_email_ambite_at_isi_edu exiting...
Wed Jun 26 14:33:37 2002: Sending message: (unregister :receiver TEAMCORE :sender ambite_at_isi_edu_email_ambite_at_isi_edu :ontology tcp-ip :reply-with nil :content ambite_at_isi_edu_email_ambite_at_isi_edu)
Wed Jun 26 14:33:37 2002: Exiting...
Wed Jun 26 14:48:21 2002: Using ANS: ('vibhagam.isi.edu', 5500)
Wed Jun 26 14:48:21 2002: Bound to host/port: sangat.isi.edu:6684
Wed Jun 26 14:48:21 2002: Sending message: (register :ontology tcp-ip :sender ambite_at_isi_edu_email_ambite_at_isi_edu :reply-with t :content "ambite_at_isi_edu_email_ambite_at_isi_edu sangat.isi.edu:6684")
Wed Jun 26 14:48:21 2002: Received: {'receiver': 'ambite_at_isi_edu_email_ambite_at_isi_edu', 'performative': 'error', 'sender': 'TEAMCORE', 'in-reply-to': 't', 'content': 'handler encountered error'}
Wed Jun 26 14:48:21 2002: Registration produced: {'receiver': 'ambite_at_isi_edu_email_ambite_at_isi_edu', 'performative': 'error', 'sender': 'TEAMCORE', 'in-reply-to': 't', 'content': 'handler encountered error'}
Wed Jun 26 14:48:21 2002: Sending message: (unregister :sender ambite_at_isi_edu_email_ambite_at_isi_edu :ontology tcp-ip :reply-with nil :content ambite_at_isi_edu_email_ambite_at_isi_edu)
Wed Jun 26 14:48:21 2002: Sending message: (register :sender ambite_at_isi_edu_email_ambite_at_isi_edu :ontology tcp-ip :reply-with t :content (ambite_at_isi_edu_email_ambite_at_isi_edu sangat.isi.edu:6684))
Wed Jun 26 14:48:21 2002: Received: {'receiver': 'ambite_at_isi_edu_email_ambite_at_isi_edu', 'performative': 'reply', 'sender': 'TEAMCORE', 'in-reply-to': 't', 'content': 'ambite_at_isi_edu_email_ambite_at_isi_edu TEAMCORE'}
Wed Jun 26 14:48:21 2002: Registration produced: {'receiver': 'ambite_at_isi_edu_email_ambite_at_isi_edu', 'performative': 'reply', 'sender': 'TEAMCORE', 'in-reply-to': 't', 'content': 'ambite_at_isi_edu_email_ambite_at_isi_edu TEAMCORE'}ambite_at_isi_edu_email_ambite_at_isi_edu, TEAMCORE
Wed Jun 26 14:48:21 2002: Registration successful: ambite_at_isi_edu_email_ambite_at_isi_edu
Wed Jun 26 14:48:21 2002: Router for ambite_at_isi_edu_email_ambite_at_isi_edu running...
Wed Jun 26 14:48:21 2002: Sending message: (ask-one :sender ambite_at_isi_edu_email_ambite_at_isi_edu :reply-with t :content "proxy_ambite_at_isi_edu")
Wed Jun 26 14:48:21 2002: Received: {'receiver': 'ambite_at_isi_edu_email_ambite_at_isi_edu', 'performative': 'reply', 'sender': 'TEAMCORE', 'in-reply-to': 't', 'content': 'proxy_ambite_at_isi_edu:sangat.isi.edu:9991:'}
Wed Jun 26 14:48:21 2002: Sending message: (register :name email_ambite_at_isi_edu :reply-with nil :agenttype device :receiver proxy_ambite_at_isi_edu :user ambite_at_isi_edu :sender ambite_at_isi_edu_email_ambite_at_isi_edu :direction (to user))
Fri Jun 28 10:27:02 2002: Using ANS: ('vibhagam', 5500)
Fri Jun 28 10:27:02 2002: Bound to host/port: sangat.isi.edu:6667
Fri Jun 28 10:27:02 2002: Sending message: (register :ontology tcp-ip :sender ambite_at_isi_edu_email_ambite_at_isi_edu :reply-with t :content "ambite_at_isi_edu_email_ambite_at_isi_edu sangat.isi.edu:6667")
Fri Jun 28 10:27:02 2002: Received: {'receiver': 'ambite_at_isi_edu_email_ambite_at_isi_edu', 'performative': 'error', 'sender': 'TEAMCORE', 'in-reply-to': 't', 'content': 'handler encountered error'}
Fri Jun 28 10:27:02 2002: Registration produced: {'receiver': 'ambite_at_isi_edu_email_ambite_at_isi_edu', 'performative': 'error', 'sender': 'TEAMCORE', 'in-reply-to': 't', 'content': 'handler encountered error'}
Fri Jun 28 10:27:02 2002: Sending message: (unregister :sender ambite_at_isi_edu_email_ambite_at_isi_edu :ontology tcp-ip :reply-with nil :content ambite_at_isi_edu_email_ambite_at_isi_edu)
Fri Jun 28 10:27:02 2002: Sending message: (register :sender ambite_at_isi_edu_email_ambite_at_isi_edu :ontology tcp-ip :reply-with t :content (ambite_at_isi_edu_email_ambite_at_isi_edu sangat.isi.edu:6667))
Fri Jun 28 10:27:02 2002: Received: {'receiver': 'ambite_at_isi_edu_email_ambite_at_isi_edu', 'performative': 'reply', 'sender': 'TEAMCORE', 'in-reply-to': 't', 'content': 'ambite_at_isi_edu_email_ambite_at_isi_edu TEAMCORE'}
Fri Jun 28 10:27:02 2002: Registration produced: {'receiver': 'ambite_at_isi_edu_email_ambite_at_isi_edu', 'performative': 'reply', 'sender': 'TEAMCORE', 'in-reply-to': 't', 'content': 'ambite_at_isi_edu_email_ambite_at_isi_edu TEAMCORE'}ambite_at_isi_edu_email_ambite_at_isi_edu, TEAMCORE
Fri Jun 28 10:27:02 2002: Registration successful: ambite_at_isi_edu_email_ambite_at_isi_edu
Fri Jun 28 10:27:02 2002: Router for ambite_at_isi_edu_email_ambite_at_isi_edu running...
Fri Jun 28 10:27:02 2002: Sending message: (ask-one :sender ambite_at_isi_edu_email_ambite_at_isi_edu :reply-with t :content "proxy_ambite_at_isi_edu")
Fri Jun 28 10:27:02 2002: Received: {'receiver': 'ambite_at_isi_edu_email_ambite_at_isi_edu', 'performative': 'reply', 'sender': 'TEAMCORE', 'in-reply-to': 't', 'content': 'proxy_ambite_at_isi_edu:sangat.isi.edu:9991:'}
Fri Jun 28 10:27:02 2002: Sending message: (register :name email_ambite_at_isi_edu :reply-with nil :agenttype device :receiver proxy_ambite_at_isi_edu :user ambite_at_isi_edu :sender ambite_at_isi_edu_email_ambite_at_isi_edu :direction (to user))
Fri Jun 28 10:27:02 2002: Received: {'receiver': 'ambite_at_isi_edu_email_ambite_at_isi_edu', 'performative': 'ask', 'sender': 'ping_ambite_at_isi_edu_email_ambite_at_isi_edu', 'reply-with': 'ambite_at_isi_edu', 'content': 'hello'}
Fri Jun 28 10:27:02 2002: Processing message: {'receiver': 'ambite_at_isi_edu_email_ambite_at_isi_edu', 'performative': 'ask', 'sender': 'ping_ambite_at_isi_edu_email_ambite_at_isi_edu', 'reply-with': 'ambite_at_isi_edu', 'content': 'hello'}
Fri Jun 28 10:27:02 2002: Replying: (sorry :reply-with nil :in-reply-to ambite_at_isi_edu :receiver ping_ambite_at_isi_edu_email_ambite_at_isi_edu :sender ambite_at_isi_edu_email_ambite_at_isi_edu :comment "Unintelligible query")
Fri Jun 28 10:30:42 2002: Received: {'receiver': 'ambite_at_isi_edu_email_ambite_at_isi_edu', 'performative': 'ask', 'sender': 'ping_ambite_at_isi_edu_email_ambite_at_isi_edu', 'reply-with': 'ambite_at_isi_edu', 'content': 'hello'}
Fri Jun 28 10:30:42 2002: Processing message: {'receiver': 'ambite_at_isi_edu_email_ambite_at_isi_edu', 'performative': 'ask', 'sender': 'ping_ambite_at_isi_edu_email_ambite_at_isi_edu', 'reply-with': 'ambite_at_isi_edu', 'content': 'hello'}
Fri Jun 28 10:30:42 2002: Replying: (sorry :reply-with nil :in-reply-to ambite_at_isi_edu :receiver ping_ambite_at_isi_edu_email_ambite_at_isi_edu :sender ambite_at_isi_edu_email_ambite_at_isi_edu :comment "Unintelligible query")
Fri Jul 12 11:36:59 2002: Received: {'receiver': 'ambite_at_isi_edu_email_ambite_at_isi_edu', 'performative': 'ask', 'sender': 'ping_ambite_at_isi_edu_email_ambite_at_isi_edu', 'reply-with': 'ambite_at_isi_edu', 'content': 'hello'}
Fri Jul 12 11:36:59 2002: Processing message: {'receiver': 'ambite_at_isi_edu_email_ambite_at_isi_edu', 'performative': 'ask', 'sender': 'ping_ambite_at_isi_edu_email_ambite_at_isi_edu', 'reply-with': 'ambite_at_isi_edu', 'content': 'hello'}
Fri Jul 12 11:36:59 2002: Replying: (sorry :reply-with nil :in-reply-to ambite_at_isi_edu :receiver ping_ambite_at_isi_edu_email_ambite_at_isi_edu :sender ambite_at_isi_edu_email_ambite_at_isi_edu :comment "Unintelligible query")
Fri Jul 26 15:11:47 2002: Received: {'receiver': 'ambite_at_isi_edu_email_ambite_at_isi_edu', 'performative': 'tell', 'sender': 'stop_ambite_at_isi_edu_email_ambite_at_isi_edu', 'reply-with': 'nil', 'content': 'stop'}
Fri Jul 26 15:11:47 2002: Processing message: {'receiver': 'ambite_at_isi_edu_email_ambite_at_isi_edu', 'performative': 'tell', 'sender': 'stop_ambite_at_isi_edu_email_ambite_at_isi_edu', 'reply-with': 'nil', 'content': 'stop'}
Fri Jul 26 15:11:48 2002: Sending message: (unregister :receiver proxy_ambite_at_isi_edu :name email_ambite_at_isi_edu :sender ambite_at_isi_edu_email_ambite_at_isi_edu :reply-with nil :user ambite_at_isi_edu)
Fri Jul 26 15:11:48 2002: Router ambite_at_isi_edu_email_ambite_at_isi_edu exiting...
Fri Jul 26 15:11:48 2002: Sending message: (unregister :receiver TEAMCORE :sender ambite_at_isi_edu_email_ambite_at_isi_edu :ontology tcp-ip :reply-with nil :content ambite_at_isi_edu_email_ambite_at_isi_edu)
Fri Jul 26 15:11:48 2002: Exiting...
Fri Jul 26 15:11:52 2002: Using ANS: ('vibhagam', 5500)
Fri Jul 26 15:11:52 2002: Bound to host/port: sangat.isi.edu:6667
Fri Jul 26 15:11:52 2002: Sending message: (register :ontology tcp-ip :sender ambite_at_isi_edu_email_ambite_at_isi_edu :reply-with t :content "ambite_at_isi_edu_email_ambite_at_isi_edu sangat.isi.edu:6667")
Fri Jul 26 15:11:52 2002: Received: {'receiver': 'ambite_at_isi_edu_email_ambite_at_isi_edu', 'performative': 'error', 'sender': 'TEAMCORE', 'in-reply-to': 't', 'content': 'handler encountered error'}
Fri Jul 26 15:11:52 2002: Registration produced: {'receiver': 'ambite_at_isi_edu_email_ambite_at_isi_edu', 'performative': 'error', 'sender': 'TEAMCORE', 'in-reply-to': 't', 'content': 'handler encountered error'}
Fri Jul 26 15:11:52 2002: Sending message: (unregister :sender ambite_at_isi_edu_email_ambite_at_isi_edu :ontology tcp-ip :reply-with nil :content ambite_at_isi_edu_email_ambite_at_isi_edu)
Fri Jul 26 15:11:52 2002: Sending message: (register :sender ambite_at_isi_edu_email_ambite_at_isi_edu :ontology tcp-ip :reply-with t :content (ambite_at_isi_edu_email_ambite_at_isi_edu sangat.isi.edu:6667))
Fri Jul 26 15:11:52 2002: Received: {'receiver': 'ambite_at_isi_edu_email_ambite_at_isi_edu', 'performative': 'reply', 'sender': 'TEAMCORE', 'in-reply-to': 't', 'content': 'ambite_at_isi_edu_email_ambite_at_isi_edu TEAMCORE'}
Fri Jul 26 15:11:52 2002: Registration produced: {'receiver': 'ambite_at_isi_edu_email_ambite_at_isi_edu', 'performative': 'reply', 'sender': 'TEAMCORE', 'in-reply-to': 't', 'content': 'ambite_at_isi_edu_email_ambite_at_isi_edu TEAMCORE'}ambite_at_isi_edu_email_ambite_at_isi_edu, TEAMCORE
Fri Jul 26 15:11:52 2002: Registration successful: ambite_at_isi_edu_email_ambite_at_isi_edu
Fri Jul 26 15:11:52 2002: Router for ambite_at_isi_edu_email_ambite_at_isi_edu running...
Fri Jul 26 15:11:52 2002: Sending message: (ask-one :sender ambite_at_isi_edu_email_ambite_at_isi_edu :reply-with t :content "proxy_ambite_at_isi_edu")
Fri Jul 26 15:11:52 2002: Received: {'receiver': 'ambite_at_isi_edu_email_ambite_at_isi_edu', 'performative': 'reply', 'sender': 'TEAMCORE', 'in-reply-to': 't', 'content': 'proxy_ambite_at_isi_edu:sangat.isi.edu:9991:'}
Fri Jul 26 15:11:52 2002: Sending message: (register :name email_ambite_at_isi_edu :reply-with nil :agenttype device :receiver proxy_ambite_at_isi_edu :user ambite_at_isi_edu :sender ambite_at_isi_edu_email_ambite_at_isi_edu :direction (to user))
Fri Jul 26 15:13:24 2002: Received: {'receiver': 'ambite_at_isi_edu_email_ambite_at_isi_edu', 'performative': 'tell', 'sender': 'stop_ambite_at_isi_edu_email_ambite_at_isi_edu', 'reply-with': 'nil', 'content': 'stop'}
Fri Jul 26 15:13:24 2002: Processing message: {'receiver': 'ambite_at_isi_edu_email_ambite_at_isi_edu', 'performative': 'tell', 'sender': 'stop_ambite_at_isi_edu_email_ambite_at_isi_edu', 'reply-with': 'nil', 'content': 'stop'}
Fri Jul 26 15:13:25 2002: Sending message: (unregister :receiver proxy_ambite_at_isi_edu :name email_ambite_at_isi_edu :sender ambite_at_isi_edu_email_ambite_at_isi_edu :reply-with nil :user ambite_at_isi_edu)
Fri Jul 26 15:13:25 2002: Router ambite_at_isi_edu_email_ambite_at_isi_edu exiting...
Fri Jul 26 15:13:25 2002: Sending message: (unregister :receiver TEAMCORE :sender ambite_at_isi_edu_email_ambite_at_isi_edu :ontology tcp-ip :reply-with nil :content ambite_at_isi_edu_email_ambite_at_isi_edu)
Fri Jul 26 15:13:25 2002: Exiting...
Fri Jul 26 15:11:57 2002: Using ANS: ('vibhagam.isi.edu', 5500)
Fri Jul 26 15:11:57 2002: Bound to host/port: equipe.isi.edu:6667
Fri Jul 26 15:11:57 2002: Sending message: (register :ontology tcp-ip :sender ambite_at_isi_edu_email_ambite_at_isi_edu :reply-with t :content "ambite_at_isi_edu_email_ambite_at_isi_edu equipe.isi.edu:6667")
Fri Jul 26 15:11:57 2002: Received: {'receiver': 'ambite_at_isi_edu_email_ambite_at_isi_edu', 'performative': 'error', 'sender': 'TEAMCORE', 'in-reply-to': 't', 'content': 'handler encountered error'}
Fri Jul 26 15:11:57 2002: Registration produced: {'receiver': 'ambite_at_isi_edu_email_ambite_at_isi_edu', 'performative': 'error', 'sender': 'TEAMCORE', 'in-reply-to': 't', 'content': 'handler encountered error'}
Fri Jul 26 15:11:57 2002: Sending message: (unregister :sender ambite_at_isi_edu_email_ambite_at_isi_edu :ontology tcp-ip :reply-with nil :content ambite_at_isi_edu_email_ambite_at_isi_edu)
Fri Jul 26 15:11:57 2002: Sending message: (register :sender ambite_at_isi_edu_email_ambite_at_isi_edu :ontology tcp-ip :reply-with t :content (ambite_at_isi_edu_email_ambite_at_isi_edu equipe.isi.edu:6667))
Fri Jul 26 15:11:57 2002: Received: {'receiver': 'ambite_at_isi_edu_email_ambite_at_isi_edu', 'performative': 'reply', 'sender': 'TEAMCORE', 'in-reply-to': 't', 'content': 'ambite_at_isi_edu_email_ambite_at_isi_edu TEAMCORE'}
Fri Jul 26 15:11:57 2002: Registration produced: {'receiver': 'ambite_at_isi_edu_email_ambite_at_isi_edu', 'performative': 'reply', 'sender': 'TEAMCORE', 'in-reply-to': 't', 'content': 'ambite_at_isi_edu_email_ambite_at_isi_edu TEAMCORE'}ambite_at_isi_edu_email_ambite_at_isi_edu, TEAMCORE
Fri Jul 26 15:11:57 2002: Registration successful: ambite_at_isi_edu_email_ambite_at_isi_edu
Fri Jul 26 15:11:57 2002: Router for ambite_at_isi_edu_email_ambite_at_isi_edu running...
Fri Jul 26 15:11:57 2002: Sending message: (ask-one :sender ambite_at_isi_edu_email_ambite_at_isi_edu :reply-with t :content "proxy_ambite_at_isi_edu")
Fri Jul 26 15:11:57 2002: Received: {'receiver': 'ambite_at_isi_edu_email_ambite_at_isi_edu', 'performative': 'reply', 'sender': 'TEAMCORE', 'in-reply-to': 't', 'content': 'proxy_ambite_at_isi_edu:sangat.isi.edu:9991:'}
Fri Jul 26 15:11:57 2002: Sending message: (register :name email_ambite_at_isi_edu :reply-with nil :agenttype device :receiver proxy_ambite_at_isi_edu :user ambite_at_isi_edu :sender ambite_at_isi_edu_email_ambite_at_isi_edu :direction (to user))
Fri Jul 26 15:15:06 2002: Received: {'receiver': 'ambite_at_isi_edu_email_ambite_at_isi_edu', 'performative': 'ask', 'sender': 'ping_ambite_at_isi_edu_email_ambite_at_isi_edu', 'reply-with': 'ambite_at_isi_edu', 'content': 'hello'}
Fri Jul 26 15:15:06 2002: Processing message: {'receiver': 'ambite_at_isi_edu_email_ambite_at_isi_edu', 'performative': 'ask', 'sender': 'ping_ambite_at_isi_edu_email_ambite_at_isi_edu', 'reply-with': 'ambite_at_isi_edu', 'content': 'hello'}
Fri Jul 26 15:15:06 2002: Replying: (sorry :reply-with nil :in-reply-to ambite_at_isi_edu :receiver ping_ambite_at_isi_edu_email_ambite_at_isi_edu :sender ambite_at_isi_edu_email_ambite_at_isi_edu :comment "Unintelligible query")
Mon Aug 19 18:22:06 2002: Using ANS: ('vibhagam', 5500)
Mon Aug 19 18:22:06 2002: Bound to host/port: sangat.isi.edu:6667
Mon Aug 19 18:22:06 2002: Sending message: (register :ontology tcp-ip :sender ambite_at_isi_edu_email_ambite_at_isi_edu :reply-with t :content "ambite_at_isi_edu_email_ambite_at_isi_edu sangat.isi.edu:6667")
Mon Aug 19 18:22:06 2002: Received: {'receiver': 'ambite_at_isi_edu_email_ambite_at_isi_edu', 'performative': 'error', 'sender': 'TEAMCORE', 'in-reply-to': 't', 'content': 'handler encountered error'}
Mon Aug 19 18:22:06 2002: Registration produced: {'receiver': 'ambite_at_isi_edu_email_ambite_at_isi_edu', 'performative': 'error', 'sender': 'TEAMCORE', 'in-reply-to': 't', 'content': 'handler encountered error'}
Mon Aug 19 18:22:06 2002: Sending message: (unregister :sender ambite_at_isi_edu_email_ambite_at_isi_edu :ontology tcp-ip :reply-with nil :content ambite_at_isi_edu_email_ambite_at_isi_edu)
Mon Aug 19 18:22:06 2002: Sending message: (register :sender ambite_at_isi_edu_email_ambite_at_isi_edu :ontology tcp-ip :reply-with t :content (ambite_at_isi_edu_email_ambite_at_isi_edu sangat.isi.edu:6667))
Mon Aug 19 18:22:06 2002: Received: {'receiver': 'ambite_at_isi_edu_email_ambite_at_isi_edu', 'performative': 'reply', 'sender': 'TEAMCORE', 'in-reply-to': 't', 'content': 'ambite_at_isi_edu_email_ambite_at_isi_edu TEAMCORE'}
Mon Aug 19 18:22:06 2002: Registration produced: {'receiver': 'ambite_at_isi_edu_email_ambite_at_isi_edu', 'performative': 'reply', 'sender': 'TEAMCORE', 'in-reply-to': 't', 'content': 'ambite_at_isi_edu_email_ambite_at_isi_edu TEAMCORE'}ambite_at_isi_edu_email_ambite_at_isi_edu, TEAMCORE
Mon Aug 19 18:22:06 2002: Registration successful: ambite_at_isi_edu_email_ambite_at_isi_edu
Mon Aug 19 18:22:06 2002: Router for ambite_at_isi_edu_email_ambite_at_isi_edu running...
Mon Aug 19 18:22:06 2002: Sending message: (ask-one :sender ambite_at_isi_edu_email_ambite_at_isi_edu :reply-with t :content "proxy_ambite_at_isi_edu")
Mon Aug 19 18:22:06 2002: Received: {'receiver': 'ambite_at_isi_edu_email_ambite_at_isi_edu', 'performative': 'reply', 'sender': 'TEAMCORE', 'in-reply-to': 't', 'content': 'proxy_ambite_at_isi_edu:sangat.isi.edu:9992:'}
Mon Aug 19 18:22:06 2002: Sending message: (register :name email_ambite_at_isi_edu :reply-with nil :agenttype device :receiver proxy_ambite_at_isi_edu :user ambite_at_isi_edu :sender ambite_at_isi_edu_email_ambite_at_isi_edu :direction (to user))
Mon Aug 19 18:22:06 2002: Received: {'receiver': 'ambite_at_isi_edu_email_ambite_at_isi_edu', 'performative': 'ask', 'sender': 'ping_ambite_at_isi_edu_email_ambite_at_isi_edu', 'reply-with': 'ambite_at_isi_edu', 'content': 'hello'}
Mon Aug 19 18:22:06 2002: Processing message: {'receiver': 'ambite_at_isi_edu_email_ambite_at_isi_edu', 'performative': 'ask', 'sender': 'ping_ambite_at_isi_edu_email_ambite_at_isi_edu', 'reply-with': 'ambite_at_isi_edu', 'content': 'hello'}
Mon Aug 19 18:22:06 2002: Replying: (sorry :reply-with nil :in-reply-to ambite_at_isi_edu :receiver ping_ambite_at_isi_edu_email_ambite_at_isi_edu :sender ambite_at_isi_edu_email_ambite_at_isi_edu :comment "Unintelligible query")
Fri Sep 06 13:52:15 2002: Received: {'receiver': 'ambite_at_isi_edu_email_ambite_at_isi_edu', 'performative': 'ask', 'sender': 'ping_ambite_at_isi_edu_email_ambite_at_isi_edu', 'reply-with': 'ambite_at_isi_edu', 'content': 'hello'}
Fri Sep 06 13:52:15 2002: Processing message: {'receiver': 'ambite_at_isi_edu_email_ambite_at_isi_edu', 'performative': 'ask', 'sender': 'ping_ambite_at_isi_edu_email_ambite_at_isi_edu', 'reply-with': 'ambite_at_isi_edu', 'content': 'hello'}
Fri Sep 06 13:52:15 2002: Replying: (sorry :reply-with nil :in-reply-to ambite_at_isi_edu :receiver ping_ambite_at_isi_edu_email_ambite_at_isi_edu :sender ambite_at_isi_edu_email_ambite_at_isi_edu :comment "Unintelligible query")
Fri Sep 06 14:09:17 2002: Using ANS: ('vibhagam.isi.edu', 5500)
Fri Sep 06 14:09:17 2002: Bound to host/port: sangat.isi.edu:6667
Fri Sep 06 14:09:17 2002: Sending message: (register :ontology tcp-ip :sender ambite_at_isi_edu_email_ambite_at_isi_edu :reply-with t :content "ambite_at_isi_edu_email_ambite_at_isi_edu sangat.isi.edu:6667")
Fri Sep 06 14:09:17 2002: Received: {'receiver': 'ambite_at_isi_edu_email_ambite_at_isi_edu', 'performative': 'error', 'sender': 'TEAMCORE', 'in-reply-to': 't', 'content': 'handler encountered error'}
Fri Sep 06 14:09:17 2002: Registration produced: {'receiver': 'ambite_at_isi_edu_email_ambite_at_isi_edu', 'performative': 'error', 'sender': 'TEAMCORE', 'in-reply-to': 't', 'content': 'handler encountered error'}
Fri Sep 06 14:09:17 2002: Sending message: (unregister :sender ambite_at_isi_edu_email_ambite_at_isi_edu :ontology tcp-ip :reply-with nil :content ambite_at_isi_edu_email_ambite_at_isi_edu)
Fri Sep 06 14:09:17 2002: Sending message: (register :sender ambite_at_isi_edu_email_ambite_at_isi_edu :ontology tcp-ip :reply-with t :content (ambite_at_isi_edu_email_ambite_at_isi_edu sangat.isi.edu:6667))
Fri Sep 06 14:09:17 2002: Received: {'receiver': 'ambite_at_isi_edu_email_ambite_at_isi_edu', 'performative': 'reply', 'sender': 'TEAMCORE', 'in-reply-to': 't', 'content': 'ambite_at_isi_edu_email_ambite_at_isi_edu TEAMCORE'}
Fri Sep 06 14:09:17 2002: Registration produced: {'receiver': 'ambite_at_isi_edu_email_ambite_at_isi_edu', 'performative': 'reply', 'sender': 'TEAMCORE', 'in-reply-to': 't', 'content': 'ambite_at_isi_edu_email_ambite_at_isi_edu TEAMCORE'}ambite_at_isi_edu_email_ambite_at_isi_edu, TEAMCORE
Fri Sep 06 14:09:17 2002: Registration successful: ambite_at_isi_edu_email_ambite_at_isi_edu
Fri Sep 06 14:09:17 2002: Router for ambite_at_isi_edu_email_ambite_at_isi_edu running...
Fri Sep 06 14:09:17 2002: Sending message: (ask-one :sender ambite_at_isi_edu_email_ambite_at_isi_edu :reply-with t :content "proxy_ambite_at_isi_edu")
Fri Sep 06 14:09:17 2002: Received: {'receiver': 'ambite_at_isi_edu_email_ambite_at_isi_edu', 'performative': 'reply', 'sender': 'TEAMCORE', 'in-reply-to': 't', 'content': 'proxy_ambite_at_isi_edu:sangat.isi.edu:9992:'}
Fri Sep 06 14:09:17 2002: Sending message: (register :name email_ambite_at_isi_edu :reply-with nil :agenttype device :receiver proxy_ambite_at_isi_edu :user ambite_at_isi_edu :sender ambite_at_isi_edu_email_ambite_at_isi_edu :direction (to user))
Fri Sep 06 14:09:17 2002: Received: {'receiver': 'ambite_at_isi_edu_email_ambite_at_isi_edu', 'performative': 'ask', 'sender': 'ping_ambite_at_isi_edu_email_ambite_at_isi_edu', 'reply-with': 'ambite_at_isi_edu', 'content': 'hello'}
Fri Sep 06 14:09:17 2002: Processing message: {'receiver': 'ambite_at_isi_edu_email_ambite_at_isi_edu', 'performative': 'ask', 'sender': 'ping_ambite_at_isi_edu_email_ambite_at_isi_edu', 'reply-with': 'ambite_at_isi_edu', 'content': 'hello'}
Fri Sep 06 14:09:17 2002: Replying: (sorry :reply-with nil :in-reply-to ambite_at_isi_edu :receiver ping_ambite_at_isi_edu_email_ambite_at_isi_edu :sender ambite_at_isi_edu_email_ambite_at_isi_edu :comment "Unintelligible query")
Fri Sep 06 14:28:09 2002: Received: {'receiver': 'ambite_at_isi_edu_email_ambite_at_isi_edu', 'performative': 'ask', 'sender': 'ping_ambite_at_isi_edu_email_ambite_at_isi_edu', 'reply-with': 'ambite_at_isi_edu', 'content': 'hello'}
Fri Sep 06 14:28:09 2002: Processing message: {'receiver': 'ambite_at_isi_edu_email_ambite_at_isi_edu', 'performative': 'ask', 'sender': 'ping_ambite_at_isi_edu_email_ambite_at_isi_edu', 'reply-with': 'ambite_at_isi_edu', 'content': 'hello'}
Fri Sep 06 14:28:09 2002: Replying: (sorry :reply-with nil :in-reply-to ambite_at_isi_edu :receiver ping_ambite_at_isi_edu_email_ambite_at_isi_edu :sender ambite_at_isi_edu_email_ambite_at_isi_edu :comment "Unintelligible query")
Tue Sep 24 15:21:49 2002: Received: {'receiver': 'ambite_at_isi_edu_email_ambite_at_isi_edu', 'performative': 'kqml-admin', 'sender': 'TEAMCORE', 'kqml-msg-id': '29131+vibhagam.isi.edu+61', 'reply-with': 't', 'content': 'name'}
Wed Sep 25 16:42:19 2002: Received: {'receiver': 'ambite_at_isi_edu_email_ambite_at_isi_edu', 'performative': 'ask', 'sender': 'ping_ambite_at_isi_edu_email_ambite_at_isi_edu', 'reply-with': 'ambite_at_isi_edu', 'content': 'hello'}
Wed Sep 25 16:42:19 2002: Processing message: {'receiver': 'ambite_at_isi_edu_email_ambite_at_isi_edu', 'performative': 'ask', 'sender': 'ping_ambite_at_isi_edu_email_ambite_at_isi_edu', 'reply-with': 'ambite_at_isi_edu', 'content': 'hello'}
Wed Sep 25 16:42:19 2002: Replying: (sorry :reply-with nil :in-reply-to ambite_at_isi_edu :receiver ping_ambite_at_isi_edu_email_ambite_at_isi_edu :sender ambite_at_isi_edu_email_ambite_at_isi_edu :comment "Unintelligible query")
Mon Oct 28 14:21:56 2002: Received: {'receiver': 'ambite_at_isi_edu_email_ambite_at_isi_edu', 'performative': 'kqml-admin', 'sender': 'TEAMCORE', 'kqml-msg-id': '24669+vibhagam.isi.edu+60', 'reply-with': 't', 'content': 'name'}
Mon Oct 28 14:22:40 2002: Received: {'receiver': 'ambite_at_isi_edu_email_ambite_at_isi_edu', 'performative': 'ask', 'sender': 'ping_ambite_at_isi_edu_email_ambite_at_isi_edu', 'reply-with': 'ambite_at_isi_edu', 'content': 'hello'}
Mon Oct 28 14:22:40 2002: Processing message: {'receiver': 'ambite_at_isi_edu_email_ambite_at_isi_edu', 'performative': 'ask', 'sender': 'ping_ambite_at_isi_edu_email_ambite_at_isi_edu', 'reply-with': 'ambite_at_isi_edu', 'content': 'hello'}
Mon Oct 28 14:22:40 2002: Replying: (sorry :reply-with nil :in-reply-to ambite_at_isi_edu :receiver ping_ambite_at_isi_edu_email_ambite_at_isi_edu :sender ambite_at_isi_edu_email_ambite_at_isi_edu :comment "Unintelligible query")
Tue Oct 29 10:27:20 2002: Received: {'receiver': 'ambite_at_isi_edu_email_ambite_at_isi_edu', 'performative': 'kqml-admin', 'sender': 'TEAMCORE', 'kqml-msg-id': '26893+vibhagam.isi.edu+50', 'reply-with': 't', 'content': 'name'}
Tue Oct 29 18:37:37 2002: Received: {'receiver': 'ambite_at_isi_edu_email_ambite_at_isi_edu', 'performative': 'kqml-admin', 'sender': 'TEAMCORE', 'kqml-msg-id': '29472+vibhagam.isi.edu+47', 'reply-with': 't', 'content': 'name'}
Tue Oct 29 20:01:32 2002: Received: {'receiver': 'ambite_at_isi_edu_email_ambite_at_isi_edu', 'performative': 'kqml-admin', 'sender': 'TEAMCORE', 'kqml-msg-id': '181+vibhagam.isi.edu+47', 'reply-with': 't', 'content': 'name'}
Tue Oct 29 20:18:15 2002: Received: {'receiver': 'ambite_at_isi_edu_email_ambite_at_isi_edu', 'performative': 'kqml-admin', 'sender': 'TEAMCORE', 'kqml-msg-id': '405+vibhagam.isi.edu+50', 'reply-with': 't', 'content': 'name'}
Mon Nov 04 10:18:58 2002: Received: {'receiver': 'ambite_at_isi_edu_email_ambite_at_isi_edu', 'performative': 'kqml-admin', 'sender': 'TEAMCORE', 'kqml-msg-id': '15317+vibhagam.isi.edu+56', 'reply-with': 't', 'content': 'name'}
Thu Nov 07 11:09:29 2002: Received: {'receiver': 'ambite_at_isi_edu_email_ambite_at_isi_edu', 'performative': 'ask', 'sender': 'ping_ambite_at_isi_edu_email_ambite_at_isi_edu', 'reply-with': 'ambite_at_isi_edu', 'content': 'hello'}
Thu Nov 07 11:09:29 2002: Processing message: {'receiver': 'ambite_at_isi_edu_email_ambite_at_isi_edu', 'performative': 'ask', 'sender': 'ping_ambite_at_isi_edu_email_ambite_at_isi_edu', 'reply-with': 'ambite_at_isi_edu', 'content': 'hello'}
Thu Nov 07 11:09:29 2002: Replying: (sorry :reply-with nil :in-reply-to ambite_at_isi_edu :receiver ping_ambite_at_isi_edu_email_ambite_at_isi_edu :sender ambite_at_isi_edu_email_ambite_at_isi_edu :comment "Unintelligible query")
Thu Nov 07 11:30:09 2002: Received: {'receiver': 'ambite_at_isi_edu_email_ambite_at_isi_edu', 'performative': 'tell', 'sender': 'stop_ambite_at_isi_edu_email_ambite_at_isi_edu', 'reply-with': 'nil', 'content': 'stop'}
Thu Nov 07 11:30:09 2002: Processing message: {'receiver': 'ambite_at_isi_edu_email_ambite_at_isi_edu', 'performative': 'tell', 'sender': 'stop_ambite_at_isi_edu_email_ambite_at_isi_edu', 'reply-with': 'nil', 'content': 'stop'}
Thu Nov 07 11:30:10 2002: Sending message: (unregister :receiver proxy_ambite_at_isi_edu :name email_ambite_at_isi_edu :sender ambite_at_isi_edu_email_ambite_at_isi_edu :reply-with nil :user ambite_at_isi_edu)
Thu Nov 07 11:30:10 2002: Router ambite_at_isi_edu_email_ambite_at_isi_edu exiting...
Thu Nov 07 11:30:10 2002: Sending message: (unregister :receiver TEAMCORE :sender ambite_at_isi_edu_email_ambite_at_isi_edu :ontology tcp-ip :reply-with nil :content ambite_at_isi_edu_email_ambite_at_isi_edu)
Thu Nov 07 11:30:10 2002: Exiting...
Thu Nov 07 11:30:13 2002: Using ANS: ('vibhagam.isi.edu', 5500)
Thu Nov 07 11:30:13 2002: Bound to host/port: sangat.isi.edu:6673
Thu Nov 07 11:30:13 2002: Sending message: (register :ontology tcp-ip :sender ambite_at_isi_edu_email_ambite_at_isi_edu :reply-with t :content "ambite_at_isi_edu_email_ambite_at_isi_edu sangat.isi.edu:6673")
Thu Nov 07 11:30:13 2002: Received: {'receiver': 'ambite_at_isi_edu_email_ambite_at_isi_edu', 'performative': 'error', 'sender': 'TEAMCORE', 'in-reply-to': 't', 'content': 'handler encountered error'}
Thu Nov 07 11:30:13 2002: Registration produced: {'receiver': 'ambite_at_isi_edu_email_ambite_at_isi_edu', 'performative': 'error', 'sender': 'TEAMCORE', 'in-reply-to': 't', 'content': 'handler encountered error'}
Thu Nov 07 11:30:13 2002: Sending message: (unregister :sender ambite_at_isi_edu_email_ambite_at_isi_edu :ontology tcp-ip :reply-with nil :content ambite_at_isi_edu_email_ambite_at_isi_edu)
Thu Nov 07 11:30:13 2002: Sending message: (register :sender ambite_at_isi_edu_email_ambite_at_isi_edu :ontology tcp-ip :reply-with t :content (ambite_at_isi_edu_email_ambite_at_isi_edu sangat.isi.edu:6673))
Thu Nov 07 11:30:13 2002: Received: {'receiver': 'ambite_at_isi_edu_email_ambite_at_isi_edu', 'performative': 'reply', 'sender': 'TEAMCORE', 'in-reply-to': 't', 'content': 'ambite_at_isi_edu_email_ambite_at_isi_edu TEAMCORE'}
Thu Nov 07 11:30:13 2002: Registration produced: {'receiver': 'ambite_at_isi_edu_email_ambite_at_isi_edu', 'performative': 'reply', 'sender': 'TEAMCORE', 'in-reply-to': 't', 'content': 'ambite_at_isi_edu_email_ambite_at_isi_edu TEAMCORE'}ambite_at_isi_edu_email_ambite_at_isi_edu, TEAMCORE
Thu Nov 07 11:30:13 2002: Registration successful: ambite_at_isi_edu_email_ambite_at_isi_edu
Thu Nov 07 11:30:13 2002: Router for ambite_at_isi_edu_email_ambite_at_isi_edu running...
Thu Nov 07 11:30:13 2002: Sending message: (ask-one :sender ambite_at_isi_edu_email_ambite_at_isi_edu :reply-with t :content "proxy_ambite_at_isi_edu")
Thu Nov 07 11:30:13 2002: Received: {'receiver': 'ambite_at_isi_edu_email_ambite_at_isi_edu', 'performative': 'reply', 'sender': 'TEAMCORE', 'in-reply-to': 't', 'content': 'proxy_ambite_at_isi_edu:sangat.isi.edu:9992:'}
Thu Nov 07 11:30:13 2002: Sending message: (register :name email_ambite_at_isi_edu :reply-with nil :agenttype device :receiver proxy_ambite_at_isi_edu :user ambite_at_isi_edu :sender ambite_at_isi_edu_email_ambite_at_isi_edu :direction (to user))
Thu Nov 07 11:30:14 2002: Received: {'receiver': 'ambite_at_isi_edu_email_ambite_at_isi_edu', 'performative': 'ask', 'sender': 'ping_ambite_at_isi_edu_email_ambite_at_isi_edu', 'reply-with': 'ambite_at_isi_edu', 'content': 'hello'}
Thu Nov 07 11:30:14 2002: Processing message: {'receiver': 'ambite_at_isi_edu_email_ambite_at_isi_edu', 'performative': 'ask', 'sender': 'ping_ambite_at_isi_edu_email_ambite_at_isi_edu', 'reply-with': 'ambite_at_isi_edu', 'content': 'hello'}
Thu Nov 07 11:30:14 2002: Replying: (sorry :reply-with nil :in-reply-to ambite_at_isi_edu :receiver ping_ambite_at_isi_edu_email_ambite_at_isi_edu :sender ambite_at_isi_edu_email_ambite_at_isi_edu :comment "Unintelligible query")
Thu Nov 07 11:45:21 2002: Using ANS: ('vibhagam.isi.edu', 5500)
Thu Nov 07 11:45:21 2002: Bound to host/port: sangat.isi.edu:6667
Thu Nov 07 11:45:21 2002: Sending message: (register :ontology tcp-ip :sender ambite_at_isi_edu_email_ambite_at_isi_edu :reply-with t :content "ambite_at_isi_edu_email_ambite_at_isi_edu sangat.isi.edu:6667")
Thu Nov 07 11:45:21 2002: Received: {'receiver': 'ambite_at_isi_edu_email_ambite_at_isi_edu', 'performative': 'error', 'sender': 'TEAMCORE', 'in-reply-to': 't', 'content': 'handler encountered error'}
Thu Nov 07 11:45:21 2002: Registration produced: {'receiver': 'ambite_at_isi_edu_email_ambite_at_isi_edu', 'performative': 'error', 'sender': 'TEAMCORE', 'in-reply-to': 't', 'content': 'handler encountered error'}
Thu Nov 07 11:45:21 2002: Sending message: (unregister :sender ambite_at_isi_edu_email_ambite_at_isi_edu :ontology tcp-ip :reply-with nil :content ambite_at_isi_edu_email_ambite_at_isi_edu)
Thu Nov 07 11:45:21 2002: Sending message: (register :sender ambite_at_isi_edu_email_ambite_at_isi_edu :ontology tcp-ip :reply-with t :content (ambite_at_isi_edu_email_ambite_at_isi_edu sangat.isi.edu:6667))
Thu Nov 07 11:45:21 2002: Received: {'receiver': 'ambite_at_isi_edu_email_ambite_at_isi_edu', 'performative': 'reply', 'sender': 'TEAMCORE', 'in-reply-to': 't', 'content': 'ambite_at_isi_edu_email_ambite_at_isi_edu TEAMCORE'}
Thu Nov 07 11:45:21 2002: Registration produced: {'receiver': 'ambite_at_isi_edu_email_ambite_at_isi_edu', 'performative': 'reply', 'sender': 'TEAMCORE', 'in-reply-to': 't', 'content': 'ambite_at_isi_edu_email_ambite_at_isi_edu TEAMCORE'}ambite_at_isi_edu_email_ambite_at_isi_edu, TEAMCORE
Thu Nov 07 11:45:21 2002: Registration successful: ambite_at_isi_edu_email_ambite_at_isi_edu
Thu Nov 07 11:45:21 2002: Router for ambite_at_isi_edu_email_ambite_at_isi_edu running...
Thu Nov 07 11:45:21 2002: Sending message: (ask-one :sender ambite_at_isi_edu_email_ambite_at_isi_edu :reply-with t :content "proxy_ambite_at_isi_edu")
Thu Nov 07 11:45:21 2002: Received: {'receiver': 'ambite_at_isi_edu_email_ambite_at_isi_edu', 'performative': 'reply', 'sender': 'TEAMCORE', 'in-reply-to': 't', 'content': 'proxy_ambite_at_isi_edu:sangat.isi.edu:9992:'}
Thu Nov 07 11:45:21 2002: Sending message: (register :name email_ambite_at_isi_edu :reply-with nil :agenttype device :receiver proxy_ambite_at_isi_edu :user ambite_at_isi_edu :sender ambite_at_isi_edu_email_ambite_at_isi_edu :direction (to user))
Thu Nov 07 11:45:22 2002: Received: {'receiver': 'ambite_at_isi_edu_email_ambite_at_isi_edu', 'performative': 'ask', 'sender': 'ping_ambite_at_isi_edu_email_ambite_at_isi_edu', 'reply-with': 'ambite_at_isi_edu', 'content': 'hello'}
Thu Nov 07 11:45:22 2002: Processing message: {'receiver': 'ambite_at_isi_edu_email_ambite_at_isi_edu', 'performative': 'ask', 'sender': 'ping_ambite_at_isi_edu_email_ambite_at_isi_edu', 'reply-with': 'ambite_at_isi_edu', 'content': 'hello'}
Thu Nov 07 11:45:22 2002: Replying: (sorry :reply-with nil :in-reply-to ambite_at_isi_edu :receiver ping_ambite_at_isi_edu_email_ambite_at_isi_edu :sender ambite_at_isi_edu_email_ambite_at_isi_edu :comment "Unintelligible query")
Thu Nov 07 11:47:09 2002: Using ANS: ('vibhagam.isi.edu', 5500)
Thu Nov 07 11:47:09 2002: Bound to host/port: sangat.isi.edu:6667
Thu Nov 07 11:47:09 2002: Sending message: (register :ontology tcp-ip :sender ambite_at_isi_edu_email_ambite_at_isi_edu :reply-with t :content "ambite_at_isi_edu_email_ambite_at_isi_edu sangat.isi.edu:6667")
Thu Nov 07 11:47:09 2002: Received: {'receiver': 'ambite_at_isi_edu_email_ambite_at_isi_edu', 'performative': 'error', 'sender': 'TEAMCORE', 'in-reply-to': 't', 'content': 'handler encountered error'}
Thu Nov 07 11:47:09 2002: Registration produced: {'receiver': 'ambite_at_isi_edu_email_ambite_at_isi_edu', 'performative': 'error', 'sender': 'TEAMCORE', 'in-reply-to': 't', 'content': 'handler encountered error'}
Thu Nov 07 11:47:09 2002: Sending message: (unregister :sender ambite_at_isi_edu_email_ambite_at_isi_edu :ontology tcp-ip :reply-with nil :content ambite_at_isi_edu_email_ambite_at_isi_edu)
Thu Nov 07 11:47:09 2002: Sending message: (register :sender ambite_at_isi_edu_email_ambite_at_isi_edu :ontology tcp-ip :reply-with t :content (ambite_at_isi_edu_email_ambite_at_isi_edu sangat.isi.edu:6667))
Thu Nov 07 11:47:09 2002: Received: {'receiver': 'ambite_at_isi_edu_email_ambite_at_isi_edu', 'performative': 'reply', 'sender': 'TEAMCORE', 'in-reply-to': 't', 'content': 'ambite_at_isi_edu_email_ambite_at_isi_edu TEAMCORE'}
Thu Nov 07 11:47:09 2002: Registration produced: {'receiver': 'ambite_at_isi_edu_email_ambite_at_isi_edu', 'performative': 'reply', 'sender': 'TEAMCORE', 'in-reply-to': 't', 'content': 'ambite_at_isi_edu_email_ambite_at_isi_edu TEAMCORE'}ambite_at_isi_edu_email_ambite_at_isi_edu, TEAMCORE
Thu Nov 07 11:47:09 2002: Registration successful: ambite_at_isi_edu_email_ambite_at_isi_edu
Thu Nov 07 11:47:09 2002: Router for ambite_at_isi_edu_email_ambite_at_isi_edu running...
Thu Nov 07 11:47:09 2002: Sending message: (ask-one :sender ambite_at_isi_edu_email_ambite_at_isi_edu :reply-with t :content "proxy_ambite_at_isi_edu")
Thu Nov 07 11:47:09 2002: Received: {'receiver': 'ambite_at_isi_edu_email_ambite_at_isi_edu', 'performative': 'reply', 'sender': 'TEAMCORE', 'in-reply-to': 't', 'content': 'proxy_ambite_at_isi_edu:sangat.isi.edu:9992:'}
Thu Nov 07 11:47:09 2002: Sending message: (register :name email_ambite_at_isi_edu :reply-with nil :agenttype device :receiver proxy_ambite_at_isi_edu :user ambite_at_isi_edu :sender ambite_at_isi_edu_email_ambite_at_isi_edu :direction (to user))
Thu Nov 07 11:47:10 2002: Received: {'receiver': 'ambite_at_isi_edu_email_ambite_at_isi_edu', 'performative': 'ask', 'sender': 'ping_ambite_at_isi_edu_email_ambite_at_isi_edu', 'reply-with': 'ambite_at_isi_edu', 'content': 'hello'}
Thu Nov 07 11:47:10 2002: Processing message: {'receiver': 'ambite_at_isi_edu_email_ambite_at_isi_edu', 'performative': 'ask', 'sender': 'ping_ambite_at_isi_edu_email_ambite_at_isi_edu', 'reply-with': 'ambite_at_isi_edu', 'content': 'hello'}
Thu Nov 07 11:47:10 2002: Replying: (sorry :reply-with nil :in-reply-to ambite_at_isi_edu :receiver ping_ambite_at_isi_edu_email_ambite_at_isi_edu :sender ambite_at_isi_edu_email_ambite_at_isi_edu :comment "Unintelligible query")
Thu Nov 07 12:50:17 2002: Using ANS: ('vibhagam.isi.edu', 5500)
Thu Nov 07 12:50:17 2002: Bound to host/port: sangat.isi.edu:6667
Thu Nov 07 12:50:17 2002: Sending message: (register :ontology tcp-ip :sender ambite_at_isi_edu_email_ambite_at_isi_edu :reply-with t :content "ambite_at_isi_edu_email_ambite_at_isi_edu sangat.isi.edu:6667")
Thu Nov 07 12:50:17 2002: Received: {'receiver': 'ambite_at_isi_edu_email_ambite_at_isi_edu', 'performative': 'error', 'sender': 'TEAMCORE', 'in-reply-to': 't', 'content': 'handler encountered error'}
Thu Nov 07 12:50:17 2002: Registration produced: {'receiver': 'ambite_at_isi_edu_email_ambite_at_isi_edu', 'performative': 'error', 'sender': 'TEAMCORE', 'in-reply-to': 't', 'content': 'handler encountered error'}
Thu Nov 07 12:50:17 2002: Sending message: (unregister :sender ambite_at_isi_edu_email_ambite_at_isi_edu :ontology tcp-ip :reply-with nil :content ambite_at_isi_edu_email_ambite_at_isi_edu)
Thu Nov 07 12:50:17 2002: Sending message: (register :sender ambite_at_isi_edu_email_ambite_at_isi_edu :ontology tcp-ip :reply-with t :content (ambite_at_isi_edu_email_ambite_at_isi_edu sangat.isi.edu:6667))
Thu Nov 07 12:50:17 2002: Received: {'receiver': 'ambite_at_isi_edu_email_ambite_at_isi_edu', 'performative': 'reply', 'sender': 'TEAMCORE', 'in-reply-to': 't', 'content': 'ambite_at_isi_edu_email_ambite_at_isi_edu TEAMCORE'}
Thu Nov 07 12:50:17 2002: Registration produced: {'receiver': 'ambite_at_isi_edu_email_ambite_at_isi_edu', 'performative': 'reply', 'sender': 'TEAMCORE', 'in-reply-to': 't', 'content': 'ambite_at_isi_edu_email_ambite_at_isi_edu TEAMCORE'}ambite_at_isi_edu_email_ambite_at_isi_edu, TEAMCORE
Thu Nov 07 12:50:17 2002: Registration successful: ambite_at_isi_edu_email_ambite_at_isi_edu
Thu Nov 07 12:50:17 2002: Router for ambite_at_isi_edu_email_ambite_at_isi_edu running...
Thu Nov 07 12:50:17 2002: Sending message: (ask-one :sender ambite_at_isi_edu_email_ambite_at_isi_edu :reply-with t :content "proxy_ambite_at_isi_edu")
Thu Nov 07 12:50:17 2002: Received: {'receiver': 'ambite_at_isi_edu_email_ambite_at_isi_edu', 'performative': 'sorry', 'sender': 'TEAMCORE', 'in-reply-to': 't'}
Thu Nov 07 12:50:17 2002: No registered agent: proxy_ambite_at_isi_edu
Thu Nov 07 12:50:18 2002: Received: {'receiver': 'ambite_at_isi_edu_email_ambite_at_isi_edu', 'performative': 'ask', 'sender': 'ping_ambite_at_isi_edu_email_ambite_at_isi_edu', 'reply-with': 'ambite_at_isi_edu', 'content': 'hello'}
Thu Nov 07 12:50:18 2002: Processing message: {'receiver': 'ambite_at_isi_edu_email_ambite_at_isi_edu', 'performative': 'ask', 'sender': 'ping_ambite_at_isi_edu_email_ambite_at_isi_edu', 'reply-with': 'ambite_at_isi_edu', 'content': 'hello'}
Thu Nov 07 12:50:18 2002: Replying: (sorry :reply-with nil :in-reply-to ambite_at_isi_edu :receiver ping_ambite_at_isi_edu_email_ambite_at_isi_edu :sender ambite_at_isi_edu_email_ambite_at_isi_edu :comment "Unintelligible query")
Thu Nov 07 13:06:50 2002: Received: {'receiver': 'ambite_at_isi_edu_email_ambite_at_isi_edu', 'performative': 'tell', 'sender': 'stop_ambite_at_isi_edu_email_ambite_at_isi_edu', 'reply-with': 'nil', 'content': 'stop'}
Thu Nov 07 13:06:50 2002: Processing message: {'receiver': 'ambite_at_isi_edu_email_ambite_at_isi_edu', 'performative': 'tell', 'sender': 'stop_ambite_at_isi_edu_email_ambite_at_isi_edu', 'reply-with': 'nil', 'content': 'stop'}
Thu Nov 07 13:06:50 2002: Sending message: (ask-one :sender ambite_at_isi_edu_email_ambite_at_isi_edu :reply-with t :content "proxy_ambite_at_isi_edu")
Thu Nov 07 13:06:50 2002: Received: {'receiver': 'ambite_at_isi_edu_email_ambite_at_isi_edu', 'performative': 'reply', 'sender': 'TEAMCORE', 'in-reply-to': 't', 'content': 'proxy_ambite_at_isi_edu:sangat.isi.edu:9992:'}
Thu Nov 07 13:06:50 2002: Sending message: (unregister :receiver proxy_ambite_at_isi_edu :name email_ambite_at_isi_edu :sender ambite_at_isi_edu_email_ambite_at_isi_edu :reply-with nil :user ambite_at_isi_edu)
Thu Nov 07 13:06:50 2002: Router ambite_at_isi_edu_email_ambite_at_isi_edu exiting...
Thu Nov 07 13:06:50 2002: Sending message: (unregister :receiver TEAMCORE :sender ambite_at_isi_edu_email_ambite_at_isi_edu :ontology tcp-ip :reply-with nil :content ambite_at_isi_edu_email_ambite_at_isi_edu)
Thu Nov 07 13:06:50 2002: Exiting...
Thu Nov 07 13:06:53 2002: Using ANS: ('vibhagam.isi.edu', 5500)
Thu Nov 07 13:06:53 2002: Bound to host/port: sangat.isi.edu:6694
Thu Nov 07 13:06:53 2002: Sending message: (register :ontology tcp-ip :sender ambite_at_isi_edu_email_ambite_at_isi_edu :reply-with t :content "ambite_at_isi_edu_email_ambite_at_isi_edu sangat.isi.edu:6694")
Thu Nov 07 13:06:53 2002: Received: {'receiver': 'ambite_at_isi_edu_email_ambite_at_isi_edu', 'performative': 'error', 'sender': 'TEAMCORE', 'in-reply-to': 't', 'content': 'handler encountered error'}
Thu Nov 07 13:06:53 2002: Registration produced: {'receiver': 'ambite_at_isi_edu_email_ambite_at_isi_edu', 'performative': 'error', 'sender': 'TEAMCORE', 'in-reply-to': 't', 'content': 'handler encountered error'}
Thu Nov 07 13:06:53 2002: Sending message: (unregister :sender ambite_at_isi_edu_email_ambite_at_isi_edu :ontology tcp-ip :reply-with nil :content ambite_at_isi_edu_email_ambite_at_isi_edu)
Thu Nov 07 13:06:53 2002: Sending message: (register :sender ambite_at_isi_edu_email_ambite_at_isi_edu :ontology tcp-ip :reply-with t :content (ambite_at_isi_edu_email_ambite_at_isi_edu sangat.isi.edu:6694))
Thu Nov 07 13:06:53 2002: Received: {'receiver': 'ambite_at_isi_edu_email_ambite_at_isi_edu', 'performative': 'reply', 'sender': 'TEAMCORE', 'in-reply-to': 't', 'content': 'ambite_at_isi_edu_email_ambite_at_isi_edu TEAMCORE'}
Thu Nov 07 13:06:53 2002: Registration produced: {'receiver': 'ambite_at_isi_edu_email_ambite_at_isi_edu', 'performative': 'reply', 'sender': 'TEAMCORE', 'in-reply-to': 't', 'content': 'ambite_at_isi_edu_email_ambite_at_isi_edu TEAMCORE'}ambite_at_isi_edu_email_ambite_at_isi_edu, TEAMCORE
Thu Nov 07 13:06:53 2002: Registration successful: ambite_at_isi_edu_email_ambite_at_isi_edu
Thu Nov 07 13:06:53 2002: Router for ambite_at_isi_edu_email_ambite_at_isi_edu running...
Thu Nov 07 13:06:53 2002: Sending message: (ask-one :sender ambite_at_isi_edu_email_ambite_at_isi_edu :reply-with t :content "proxy_ambite_at_isi_edu")
Thu Nov 07 13:06:53 2002: Received: {'receiver': 'ambite_at_isi_edu_email_ambite_at_isi_edu', 'performative': 'reply', 'sender': 'TEAMCORE', 'in-reply-to': 't', 'content': 'proxy_ambite_at_isi_edu:sangat.isi.edu:9992:'}
Thu Nov 07 13:06:53 2002: Sending message: (register :name email_ambite_at_isi_edu :reply-with nil :agenttype device :receiver proxy_ambite_at_isi_edu :user ambite_at_isi_edu :sender ambite_at_isi_edu_email_ambite_at_isi_edu :direction (to user))
Thu Nov 07 13:06:54 2002: Received: {'receiver': 'ambite_at_isi_edu_email_ambite_at_isi_edu', 'performative': 'ask', 'sender': 'ping_ambite_at_isi_edu_email_ambite_at_isi_edu', 'reply-with': 'ambite_at_isi_edu', 'content': 'hello'}
Thu Nov 07 13:06:54 2002: Processing message: {'receiver': 'ambite_at_isi_edu_email_ambite_at_isi_edu', 'performative': 'ask', 'sender': 'ping_ambite_at_isi_edu_email_ambite_at_isi_edu', 'reply-with': 'ambite_at_isi_edu', 'content': 'hello'}
Thu Nov 07 13:06:54 2002: Replying: (sorry :reply-with nil :in-reply-to ambite_at_isi_edu :receiver ping_ambite_at_isi_edu_email_ambite_at_isi_edu :sender ambite_at_isi_edu_email_ambite_at_isi_edu :comment "Unintelligible query")
Tue Jan 07 16:40:00 2003: Using ANS: ('vibhagam', 5500)
Tue Jan 07 16:40:00 2003: Bound to host/port: sangat.isi.edu:6667
Tue Jan 07 16:40:00 2003: Sending message: (register :ontology tcp-ip :sender ambite_at_isi_edu_email_ambite_at_isi_edu :reply-with t :content "ambite_at_isi_edu_email_ambite_at_isi_edu sangat.isi.edu:6667")
Tue Jan 07 16:40:00 2003: Received: {'receiver': 'ambite_at_isi_edu_email_ambite_at_isi_edu', 'performative': 'error', 'sender': 'TEAMCORE', 'in-reply-to': 't', 'content': 'handler encountered error'}
Tue Jan 07 16:40:00 2003: Registration produced: {'receiver': 'ambite_at_isi_edu_email_ambite_at_isi_edu', 'performative': 'error', 'sender': 'TEAMCORE', 'in-reply-to': 't', 'content': 'handler encountered error'}
Tue Jan 07 16:40:00 2003: Sending message: (unregister :sender ambite_at_isi_edu_email_ambite_at_isi_edu :ontology tcp-ip :reply-with nil :content ambite_at_isi_edu_email_ambite_at_isi_edu)
Tue Jan 07 16:40:00 2003: Sending message: (register :sender ambite_at_isi_edu_email_ambite_at_isi_edu :ontology tcp-ip :reply-with t :content (ambite_at_isi_edu_email_ambite_at_isi_edu sangat.isi.edu:6667))
Tue Jan 07 16:40:00 2003: Received: {'receiver': 'ambite_at_isi_edu_email_ambite_at_isi_edu', 'performative': 'reply', 'sender': 'TEAMCORE', 'in-reply-to': 't', 'content': 'ambite_at_isi_edu_email_ambite_at_isi_edu TEAMCORE'}
Tue Jan 07 16:40:00 2003: Registration produced: {'receiver': 'ambite_at_isi_edu_email_ambite_at_isi_edu', 'performative': 'reply', 'sender': 'TEAMCORE', 'in-reply-to': 't', 'content': 'ambite_at_isi_edu_email_ambite_at_isi_edu TEAMCORE'}ambite_at_isi_edu_email_ambite_at_isi_edu, TEAMCORE
Tue Jan 07 16:40:00 2003: Registration successful: ambite_at_isi_edu_email_ambite_at_isi_edu
Tue Jan 07 16:40:00 2003: Router for ambite_at_isi_edu_email_ambite_at_isi_edu running...
Tue Jan 07 16:40:00 2003: Sending message: (ask-one :sender ambite_at_isi_edu_email_ambite_at_isi_edu :reply-with t :content "proxy_ambite_at_isi_edu")
Tue Jan 07 16:40:00 2003: Received: {'receiver': 'ambite_at_isi_edu_email_ambite_at_isi_edu', 'performative': 'reply', 'sender': 'TEAMCORE', 'in-reply-to': 't', 'content': 'proxy_ambite_at_isi_edu:sangat.isi.edu:9992:'}
Tue Jan 07 16:40:00 2003: Sending message: (register :name email_ambite_at_isi_edu :reply-with nil :agenttype device :receiver proxy_ambite_at_isi_edu :user ambite_at_isi_edu :sender ambite_at_isi_edu_email_ambite_at_isi_edu :direction (to user))
Tue Jan 07 16:40:01 2003: Received: {'receiver': 'ambite_at_isi_edu_email_ambite_at_isi_edu', 'performative': 'ask', 'sender': 'ping_ambite_at_isi_edu_email_ambite_at_isi_edu', 'reply-with': 'ambite_at_isi_edu', 'content': 'hello'}
Tue Jan 07 16:40:01 2003: Processing message: {'receiver': 'ambite_at_isi_edu_email_ambite_at_isi_edu', 'performative': 'ask', 'sender': 'ping_ambite_at_isi_edu_email_ambite_at_isi_edu', 'reply-with': 'ambite_at_isi_edu', 'content': 'hello'}
Tue Jan 07 16:40:01 2003: Replying: (sorry :reply-with nil :in-reply-to ambite_at_isi_edu :receiver ping_ambite_at_isi_edu_email_ambite_at_isi_edu :sender ambite_at_isi_edu_email_ambite_at_isi_edu :comment "Unintelligible query")
Mon Jan 13 16:23:59 2003: Using ANS: ('vibhagam', 5500)
Mon Jan 13 16:24:00 2003: Bound to host/port: sangat.isi.edu:6668
Mon Jan 13 16:24:00 2003: Sending message: (register :ontology tcp-ip :sender ambite_at_isi_edu_email_ambite_at_isi_edu :reply-with t :content "ambite_at_isi_edu_email_ambite_at_isi_edu sangat.isi.edu:6668")
Mon Jan 13 16:24:00 2003: Received: {'receiver': 'ambite_at_isi_edu_email_ambite_at_isi_edu', 'performative': 'error', 'sender': 'TEAMCORE', 'in-reply-to': 't', 'content': 'handler encountered error'}
Mon Jan 13 16:24:00 2003: Registration produced: {'receiver': 'ambite_at_isi_edu_email_ambite_at_isi_edu', 'performative': 'error', 'sender': 'TEAMCORE', 'in-reply-to': 't', 'content': 'handler encountered error'}
Mon Jan 13 16:24:00 2003: Sending message: (unregister :sender ambite_at_isi_edu_email_ambite_at_isi_edu :ontology tcp-ip :reply-with nil :content ambite_at_isi_edu_email_ambite_at_isi_edu)
Mon Jan 13 16:24:00 2003: Sending message: (register :sender ambite_at_isi_edu_email_ambite_at_isi_edu :ontology tcp-ip :reply-with t :content (ambite_at_isi_edu_email_ambite_at_isi_edu sangat.isi.edu:6668))
Mon Jan 13 16:24:00 2003: Received: {'receiver': 'ambite_at_isi_edu_email_ambite_at_isi_edu', 'performative': 'reply', 'sender': 'TEAMCORE', 'in-reply-to': 't', 'content': 'ambite_at_isi_edu_email_ambite_at_isi_edu TEAMCORE'}
Mon Jan 13 16:24:00 2003: Registration produced: {'receiver': 'ambite_at_isi_edu_email_ambite_at_isi_edu', 'performative': 'reply', 'sender': 'TEAMCORE', 'in-reply-to': 't', 'content': 'ambite_at_isi_edu_email_ambite_at_isi_edu TEAMCORE'}ambite_at_isi_edu_email_ambite_at_isi_edu, TEAMCORE
Mon Jan 13 16:24:00 2003: Registration successful: ambite_at_isi_edu_email_ambite_at_isi_edu
Mon Jan 13 16:24:00 2003: Router for ambite_at_isi_edu_email_ambite_at_isi_edu running...
Mon Jan 13 16:24:00 2003: Sending message: (ask-one :sender ambite_at_isi_edu_email_ambite_at_isi_edu :reply-with t :content "proxy_ambite_at_isi_edu")
Mon Jan 13 16:24:00 2003: Received: {'receiver': 'ambite_at_isi_edu_email_ambite_at_isi_edu', 'performative': 'reply', 'sender': 'TEAMCORE', 'in-reply-to': 't', 'content': 'proxy_ambite_at_isi_edu:sangat.isi.edu:9993:'}
Mon Jan 13 16:24:00 2003: Sending message: (register :name email_ambite_at_isi_edu :reply-with nil :agenttype device :receiver proxy_ambite_at_isi_edu :user ambite_at_isi_edu :sender ambite_at_isi_edu_email_ambite_at_isi_edu :direction (to user))
Mon Jan 13 16:24:01 2003: Received: {'receiver': 'ambite_at_isi_edu_email_ambite_at_isi_edu', 'performative': 'ask', 'sender': 'ping_ambite_at_isi_edu_email_ambite_at_isi_edu', 'reply-with': 'ambite_at_isi_edu', 'content': 'hello'}
Mon Jan 13 16:24:01 2003: Processing message: {'receiver': 'ambite_at_isi_edu_email_ambite_at_isi_edu', 'performative': 'ask', 'sender': 'ping_ambite_at_isi_edu_email_ambite_at_isi_edu', 'reply-with': 'ambite_at_isi_edu', 'content': 'hello'}
Mon Jan 13 16:24:01 2003: Replying: (sorry :reply-with nil :in-reply-to ambite_at_isi_edu :receiver ping_ambite_at_isi_edu_email_ambite_at_isi_edu :sender ambite_at_isi_edu_email_ambite_at_isi_edu :comment "Unintelligible query")
Thu Jan 16 10:59:32 2003: Received: {'receiver': 'ambite_at_isi_edu_email_ambite_at_isi_edu', 'performative': 'kqml-admin', 'sender': 'TEAMCORE', 'kqml-msg-id': '1786+vibhagam.isi.edu+50', 'reply-with': 't', 'content': 'name'}
Thu Jan 16 11:53:37 2003: Received: {'receiver': 'ambite_at_isi_edu_email_ambite_at_isi_edu', 'performative': 'ask', 'sender': 'ping_ambite_at_isi_edu_email_ambite_at_isi_edu', 'reply-with': 'ambite_at_isi_edu', 'content': 'hello'}
Thu Jan 16 11:53:37 2003: Processing message: {'receiver': 'ambite_at_isi_edu_email_ambite_at_isi_edu', 'performative': 'ask', 'sender': 'ping_ambite_at_isi_edu_email_ambite_at_isi_edu', 'reply-with': 'ambite_at_isi_edu', 'content': 'hello'}
Thu Jan 16 11:53:37 2003: Replying: (sorry :reply-with nil :in-reply-to ambite_at_isi_edu :receiver ping_ambite_at_isi_edu_email_ambite_at_isi_edu :sender ambite_at_isi_edu_email_ambite_at_isi_edu :comment "Unintelligible query")
Tue Mar 04 15:42:03 2003: Received: {'receiver': 'ambite_at_isi_edu_email_ambite_at_isi_edu', 'performative': 'ask', 'sender': 'ping_ambite_at_isi_edu_email_ambite_at_isi_edu', 'reply-with': 'ambite_at_isi_edu', 'content': 'hello'}
Tue Mar 04 15:42:03 2003: Processing message: {'receiver': 'ambite_at_isi_edu_email_ambite_at_isi_edu', 'performative': 'ask', 'sender': 'ping_ambite_at_isi_edu_email_ambite_at_isi_edu', 'reply-with': 'ambite_at_isi_edu', 'content': 'hello'}
Tue Mar 04 15:42:03 2003: Replying: (sorry :reply-with nil :in-reply-to ambite_at_isi_edu :receiver ping_ambite_at_isi_edu_email_ambite_at_isi_edu :sender ambite_at_isi_edu_email_ambite_at_isi_edu :comment "Unintelligible query")
Tue Mar 04 15:45:48 2003: Received: {'receiver': 'ambite_at_isi_edu_email_ambite_at_isi_edu', 'performative': 'ask', 'sender': 'ping_ambite_at_isi_edu_email_ambite_at_isi_edu', 'reply-with': 'ambite_at_isi_edu', 'content': 'hello'}
Tue Mar 04 15:45:48 2003: Processing message: {'receiver': 'ambite_at_isi_edu_email_ambite_at_isi_edu', 'performative': 'ask', 'sender': 'ping_ambite_at_isi_edu_email_ambite_at_isi_edu', 'reply-with': 'ambite_at_isi_edu', 'content': 'hello'}
Tue Mar 04 15:45:48 2003: Replying: (sorry :reply-with nil :in-reply-to ambite_at_isi_edu :receiver ping_ambite_at_isi_edu_email_ambite_at_isi_edu :sender ambite_at_isi_edu_email_ambite_at_isi_edu :comment "Unintelligible query")
Tue Mar 04 16:00:11 2003: Using ANS: ('vibhagam.isi.edu', 5500)
Tue Mar 04 16:00:11 2003: Bound to host/port: sangat.isi.edu:6667
Tue Mar 04 16:00:11 2003: Sending message: (register :ontology tcp-ip :sender ambite_at_isi_edu_email_ambite_at_isi_edu :reply-with t :content "ambite_at_isi_edu_email_ambite_at_isi_edu sangat.isi.edu:6667")
Tue Mar 04 16:00:11 2003: Received: {'receiver': 'ambite_at_isi_edu_email_ambite_at_isi_edu', 'performative': 'error', 'sender': 'TEAMCORE', 'in-reply-to': 't', 'content': 'handler encountered error'}
Tue Mar 04 16:00:11 2003: Registration produced: {'receiver': 'ambite_at_isi_edu_email_ambite_at_isi_edu', 'performative': 'error', 'sender': 'TEAMCORE', 'in-reply-to': 't', 'content': 'handler encountered error'}
Tue Mar 04 16:00:11 2003: Sending message: (unregister :sender ambite_at_isi_edu_email_ambite_at_isi_edu :ontology tcp-ip :reply-with nil :content ambite_at_isi_edu_email_ambite_at_isi_edu)
Tue Mar 04 16:00:11 2003: Sending message: (register :sender ambite_at_isi_edu_email_ambite_at_isi_edu :ontology tcp-ip :reply-with t :content (ambite_at_isi_edu_email_ambite_at_isi_edu sangat.isi.edu:6667))
Tue Mar 04 16:00:11 2003: Received: {'receiver': 'ambite_at_isi_edu_email_ambite_at_isi_edu', 'performative': 'reply', 'sender': 'TEAMCORE', 'in-reply-to': 't', 'content': 'ambite_at_isi_edu_email_ambite_at_isi_edu TEAMCORE'}
Tue Mar 04 16:00:11 2003: Registration produced: {'receiver': 'ambite_at_isi_edu_email_ambite_at_isi_edu', 'performative': 'reply', 'sender': 'TEAMCORE', 'in-reply-to': 't', 'content': 'ambite_at_isi_edu_email_ambite_at_isi_edu TEAMCORE'}ambite_at_isi_edu_email_ambite_at_isi_edu, TEAMCORE
Tue Mar 04 16:00:11 2003: Registration successful: ambite_at_isi_edu_email_ambite_at_isi_edu
Tue Mar 04 16:00:11 2003: Router for ambite_at_isi_edu_email_ambite_at_isi_edu running...
Tue Mar 04 16:00:11 2003: Sending message: (ask-one :sender ambite_at_isi_edu_email_ambite_at_isi_edu :reply-with t :content "proxy_ambite_at_isi_edu")
Tue Mar 04 16:00:11 2003: Received: {'receiver': 'ambite_at_isi_edu_email_ambite_at_isi_edu', 'performative': 'reply', 'sender': 'TEAMCORE', 'in-reply-to': 't', 'content': 'proxy_ambite_at_isi_edu:sangat.isi.edu:9993:'}
Tue Mar 04 16:00:11 2003: Sending message: (register :name email_ambite_at_isi_edu :reply-with nil :agenttype device :receiver proxy_ambite_at_isi_edu :user ambite_at_isi_edu :sender ambite_at_isi_edu_email_ambite_at_isi_edu :direction (to user))
Tue Mar 04 16:00:12 2003: Received: {'receiver': 'ambite_at_isi_edu_email_ambite_at_isi_edu', 'performative': 'ask', 'sender': 'ping_ambite_at_isi_edu_email_ambite_at_isi_edu', 'reply-with': 'ambite_at_isi_edu', 'content': 'hello'}
Tue Mar 04 16:00:12 2003: Processing message: {'receiver': 'ambite_at_isi_edu_email_ambite_at_isi_edu', 'performative': 'ask', 'sender': 'ping_ambite_at_isi_edu_email_ambite_at_isi_edu', 'reply-with': 'ambite_at_isi_edu', 'content': 'hello'}
Tue Mar 04 16:00:12 2003: Replying: (sorry :reply-with nil :in-reply-to ambite_at_isi_edu :receiver ping_ambite_at_isi_edu_email_ambite_at_isi_edu :sender ambite_at_isi_edu_email_ambite_at_isi_edu :comment "Unintelligible query")
Tue Mar 04 16:10:35 2003: Received: {'receiver': 'ambite_at_isi_edu_email_ambite_at_isi_edu', 'performative': 'tell', 'sender': 'stop_ambite_at_isi_edu_email_ambite_at_isi_edu', 'reply-with': 'nil', 'content': 'stop'}
Tue Mar 04 16:10:35 2003: Processing message: {'receiver': 'ambite_at_isi_edu_email_ambite_at_isi_edu', 'performative': 'tell', 'sender': 'stop_ambite_at_isi_edu_email_ambite_at_isi_edu', 'reply-with': 'nil', 'content': 'stop'}
Tue Mar 04 16:10:36 2003: Sending message: (unregister :receiver proxy_ambite_at_isi_edu :name email_ambite_at_isi_edu :sender ambite_at_isi_edu_email_ambite_at_isi_edu :reply-with nil :user ambite_at_isi_edu)
Tue Mar 04 16:10:36 2003: Router ambite_at_isi_edu_email_ambite_at_isi_edu exiting...
Tue Mar 04 16:10:36 2003: Sending message: (unregister :receiver TEAMCORE :sender ambite_at_isi_edu_email_ambite_at_isi_edu :ontology tcp-ip :reply-with nil :content ambite_at_isi_edu_email_ambite_at_isi_edu)
Tue Mar 04 16:10:36 2003: Exiting...
Tue Mar 04 16:10:38 2003: Using ANS: ('vibhagam.isi.edu', 5500)
Tue Mar 04 16:10:38 2003: Bound to host/port: sangat.isi.edu:6697
Tue Mar 04 16:10:38 2003: Sending message: (register :ontology tcp-ip :sender ambite_at_isi_edu_email_ambite_at_isi_edu :reply-with t :content "ambite_at_isi_edu_email_ambite_at_isi_edu sangat.isi.edu:6697")
Tue Mar 04 16:10:38 2003: Received: {'receiver': 'ambite_at_isi_edu_email_ambite_at_isi_edu', 'performative': 'error', 'sender': 'TEAMCORE', 'in-reply-to': 't', 'content': 'handler encountered error'}
Tue Mar 04 16:10:38 2003: Registration produced: {'receiver': 'ambite_at_isi_edu_email_ambite_at_isi_edu', 'performative': 'error', 'sender': 'TEAMCORE', 'in-reply-to': 't', 'content': 'handler encountered error'}
Tue Mar 04 16:10:38 2003: Sending message: (unregister :sender ambite_at_isi_edu_email_ambite_at_isi_edu :ontology tcp-ip :reply-with nil :content ambite_at_isi_edu_email_ambite_at_isi_edu)
Tue Mar 04 16:10:38 2003: Sending message: (register :sender ambite_at_isi_edu_email_ambite_at_isi_edu :ontology tcp-ip :reply-with t :content (ambite_at_isi_edu_email_ambite_at_isi_edu sangat.isi.edu:6697))
Tue Mar 04 16:10:38 2003: Received: {'receiver': 'ambite_at_isi_edu_email_ambite_at_isi_edu', 'performative': 'reply', 'sender': 'TEAMCORE', 'in-reply-to': 't', 'content': 'ambite_at_isi_edu_email_ambite_at_isi_edu TEAMCORE'}
Tue Mar 04 16:10:38 2003: Registration produced: {'receiver': 'ambite_at_isi_edu_email_ambite_at_isi_edu', 'performative': 'reply', 'sender': 'TEAMCORE', 'in-reply-to': 't', 'content': 'ambite_at_isi_edu_email_ambite_at_isi_edu TEAMCORE'}ambite_at_isi_edu_email_ambite_at_isi_edu, TEAMCORE
Tue Mar 04 16:10:38 2003: Registration successful: ambite_at_isi_edu_email_ambite_at_isi_edu
Tue Mar 04 16:10:38 2003: Router for ambite_at_isi_edu_email_ambite_at_isi_edu running...
Tue Mar 04 16:10:38 2003: Sending message: (ask-one :sender ambite_at_isi_edu_email_ambite_at_isi_edu :reply-with t :content "proxy_ambite_at_isi_edu")
Tue Mar 04 16:10:38 2003: Received: {'receiver': 'ambite_at_isi_edu_email_ambite_at_isi_edu', 'performative': 'reply', 'sender': 'TEAMCORE', 'in-reply-to': 't', 'content': 'proxy_ambite_at_isi_edu:sangat.isi.edu:9993:'}
Tue Mar 04 16:10:38 2003: Sending message: (register :name email_ambite_at_isi_edu :reply-with nil :agenttype device :receiver proxy_ambite_at_isi_edu :user ambite_at_isi_edu :sender ambite_at_isi_edu_email_ambite_at_isi_edu :direction (to user))
Tue Mar 04 16:10:39 2003: Received: {'receiver': 'ambite_at_isi_edu_email_ambite_at_isi_edu', 'performative': 'ask', 'sender': 'ping_ambite_at_isi_edu_email_ambite_at_isi_edu', 'reply-with': 'ambite_at_isi_edu', 'content': 'hello'}
Tue Mar 04 16:10:39 2003: Processing message: {'receiver': 'ambite_at_isi_edu_email_ambite_at_isi_edu', 'performative': 'ask', 'sender': 'ping_ambite_at_isi_edu_email_ambite_at_isi_edu', 'reply-with': 'ambite_at_isi_edu', 'content': 'hello'}
Tue Mar 04 16:10:39 2003: Replying: (sorry :reply-with nil :in-reply-to ambite_at_isi_edu :receiver ping_ambite_at_isi_edu_email_ambite_at_isi_edu :sender ambite_at_isi_edu_email_ambite_at_isi_edu :comment "Unintelligible query")
Mon Apr 21 17:01:17 2003: Received: {'receiver': 'ambite_at_isi_edu_email_ambite_at_isi_edu', 'performative': 'kqml-admin', 'sender': 'TEAMCORE', 'kqml-msg-id': '880+vibhagam.isi.edu+56', 'reply-with': 't', 'content': 'name'}
Mon Apr 21 17:04:43 2003: Received: {'receiver': 'ambite_at_isi_edu_email_ambite_at_isi_edu', 'performative': 'ask', 'sender': 'ping_ambite_at_isi_edu_email_ambite_at_isi_edu', 'reply-with': 'ambite_at_isi_edu', 'content': 'hello'}
Mon Apr 21 17:04:43 2003: Processing message: {'receiver': 'ambite_at_isi_edu_email_ambite_at_isi_edu', 'performative': 'ask', 'sender': 'ping_ambite_at_isi_edu_email_ambite_at_isi_edu', 'reply-with': 'ambite_at_isi_edu', 'content': 'hello'}
Mon Apr 21 17:04:43 2003: Replying: (sorry :reply-with nil :in-reply-to ambite_at_isi_edu :receiver ping_ambite_at_isi_edu_email_ambite_at_isi_edu :sender ambite_at_isi_edu_email_ambite_at_isi_edu :comment "Unintelligible query")
Mon Apr 21 17:10:18 2003: Received: {'receiver': 'ambite_at_isi_edu_email_ambite_at_isi_edu', 'performative': 'tell', 'sender': 'stop_ambite_at_isi_edu_email_ambite_at_isi_edu', 'reply-with': 'nil', 'content': 'stop'}
Mon Apr 21 17:10:18 2003: Processing message: {'receiver': 'ambite_at_isi_edu_email_ambite_at_isi_edu', 'performative': 'tell', 'sender': 'stop_ambite_at_isi_edu_email_ambite_at_isi_edu', 'reply-with': 'nil', 'content': 'stop'}
Mon Apr 21 17:10:19 2003: Sending message: (unregister :receiver proxy_ambite_at_isi_edu :name email_ambite_at_isi_edu :sender ambite_at_isi_edu_email_ambite_at_isi_edu :reply-with nil :user ambite_at_isi_edu)
Mon Apr 21 17:10:19 2003: Router ambite_at_isi_edu_email_ambite_at_isi_edu exiting...
Mon Apr 21 17:10:19 2003: Sending message: (unregister :receiver TEAMCORE :sender ambite_at_isi_edu_email_ambite_at_isi_edu :ontology tcp-ip :reply-with nil :content ambite_at_isi_edu_email_ambite_at_isi_edu)
Mon Apr 21 17:10:19 2003: Exiting...
Mon Apr 21 17:10:22 2003: Using ANS: ('vibhagam.isi.edu', 5500)
Mon Apr 21 17:10:22 2003: Bound to host/port: sangat.isi.edu:6695
Mon Apr 21 17:10:22 2003: Sending message: (register :ontology tcp-ip :sender ambite_at_isi_edu_email_ambite_at_isi_edu :reply-with t :content "ambite_at_isi_edu_email_ambite_at_isi_edu sangat.isi.edu:6695")
Mon Apr 21 17:10:22 2003: Received: {'receiver': 'ambite_at_isi_edu_email_ambite_at_isi_edu', 'performative': 'error', 'sender': 'TEAMCORE', 'in-reply-to': 't', 'content': 'handler encountered error'}
Mon Apr 21 17:10:22 2003: Registration produced: {'receiver': 'ambite_at_isi_edu_email_ambite_at_isi_edu', 'performative': 'error', 'sender': 'TEAMCORE', 'in-reply-to': 't', 'content': 'handler encountered error'}
Mon Apr 21 17:10:22 2003: Sending message: (unregister :sender ambite_at_isi_edu_email_ambite_at_isi_edu :ontology tcp-ip :reply-with nil :content ambite_at_isi_edu_email_ambite_at_isi_edu)
Mon Apr 21 17:10:22 2003: Sending message: (register :sender ambite_at_isi_edu_email_ambite_at_isi_edu :ontology tcp-ip :reply-with t :content (ambite_at_isi_edu_email_ambite_at_isi_edu sangat.isi.edu:6695))
Mon Apr 21 17:10:23 2003: Received: {'receiver': 'ambite_at_isi_edu_email_ambite_at_isi_edu', 'performative': 'reply', 'sender': 'TEAMCORE', 'in-reply-to': 't', 'content': 'ambite_at_isi_edu_email_ambite_at_isi_edu TEAMCORE'}
Mon Apr 21 17:10:23 2003: Registration produced: {'receiver': 'ambite_at_isi_edu_email_ambite_at_isi_edu', 'performative': 'reply', 'sender': 'TEAMCORE', 'in-reply-to': 't', 'content': 'ambite_at_isi_edu_email_ambite_at_isi_edu TEAMCORE'}ambite_at_isi_edu_email_ambite_at_isi_edu, TEAMCORE
Mon Apr 21 17:10:23 2003: Registration successful: ambite_at_isi_edu_email_ambite_at_isi_edu
Mon Apr 21 17:10:23 2003: Router for ambite_at_isi_edu_email_ambite_at_isi_edu running...
Mon Apr 21 17:10:23 2003: Sending message: (ask-one :sender ambite_at_isi_edu_email_ambite_at_isi_edu :reply-with t :content "proxy_ambite_at_isi_edu")
Mon Apr 21 17:10:23 2003: Received: {'receiver': 'ambite_at_isi_edu_email_ambite_at_isi_edu', 'performative': 'reply', 'sender': 'TEAMCORE', 'in-reply-to': 't', 'content': 'proxy_ambite_at_isi_edu:sangat.isi.edu:9993:'}
Mon Apr 21 17:10:23 2003: Sending message: (register :name email_ambite_at_isi_edu :reply-with nil :agenttype device :receiver proxy_ambite_at_isi_edu :user ambite_at_isi_edu :sender ambite_at_isi_edu_email_ambite_at_isi_edu :direction (to user))
Mon Apr 21 17:50:57 2003: Using ANS: ('vibhagam', 5500)
Mon Apr 21 17:50:57 2003: Bound to host/port: sangat.isi.edu:6667
Mon Apr 21 17:50:57 2003: Sending message: (register :ontology tcp-ip :sender ambite_at_isi_edu_email_ambite_at_isi_edu :reply-with t :content "ambite_at_isi_edu_email_ambite_at_isi_edu sangat.isi.edu:6667")
Mon Apr 21 17:50:57 2003: Received: {'receiver': 'ambite_at_isi_edu_email_ambite_at_isi_edu', 'performative': 'error', 'sender': 'TEAMCORE', 'in-reply-to': 't', 'content': 'handler encountered error'}
Mon Apr 21 17:50:57 2003: Registration produced: {'receiver': 'ambite_at_isi_edu_email_ambite_at_isi_edu', 'performative': 'error', 'sender': 'TEAMCORE', 'in-reply-to': 't', 'content': 'handler encountered error'}
Mon Apr 21 17:50:57 2003: Sending message: (unregister :sender ambite_at_isi_edu_email_ambite_at_isi_edu :ontology tcp-ip :reply-with nil :content ambite_at_isi_edu_email_ambite_at_isi_edu)
Mon Apr 21 17:50:57 2003: Sending message: (register :sender ambite_at_isi_edu_email_ambite_at_isi_edu :ontology tcp-ip :reply-with t :content (ambite_at_isi_edu_email_ambite_at_isi_edu sangat.isi.edu:6667))
Mon Apr 21 17:50:57 2003: Received: {'receiver': 'ambite_at_isi_edu_email_ambite_at_isi_edu', 'performative': 'reply', 'sender': 'TEAMCORE', 'in-reply-to': 't', 'content': 'ambite_at_isi_edu_email_ambite_at_isi_edu TEAMCORE'}
Mon Apr 21 17:50:57 2003: Registration produced: {'receiver': 'ambite_at_isi_edu_email_ambite_at_isi_edu', 'performative': 'reply', 'sender': 'TEAMCORE', 'in-reply-to': 't', 'content': 'ambite_at_isi_edu_email_ambite_at_isi_edu TEAMCORE'}ambite_at_isi_edu_email_ambite_at_isi_edu, TEAMCORE
Mon Apr 21 17:50:57 2003: Registration successful: ambite_at_isi_edu_email_ambite_at_isi_edu
Mon Apr 21 17:50:57 2003: Sending message: (ask-one :sender ambite_at_isi_edu_email_ambite_at_isi_edu :reply-with t :content "proxy_ambite_at_isi_edu")
Mon Apr 21 17:50:57 2003: Router for ambite_at_isi_edu_email_ambite_at_isi_edu running...
Mon Apr 21 17:50:57 2003: Received: {'receiver': 'ambite_at_isi_edu_email_ambite_at_isi_edu', 'performative': 'reply', 'sender': 'TEAMCORE', 'in-reply-to': 't', 'content': 'proxy_ambite_at_isi_edu:sangat.isi.edu:9991:'}
Mon Apr 21 17:50:57 2003: Sending message: (register :name email_ambite_at_isi_edu :reply-with nil :agenttype device :receiver proxy_ambite_at_isi_edu :user ambite_at_isi_edu :sender ambite_at_isi_edu_email_ambite_at_isi_edu :direction (to user))
Mon Apr 21 17:50:58 2003: Received: {'receiver': 'ambite_at_isi_edu_email_ambite_at_isi_edu', 'performative': 'ask', 'sender': 'ping_ambite_at_isi_edu_email_ambite_at_isi_edu', 'reply-with': 'ambite_at_isi_edu', 'content': 'hello'}
Mon Apr 21 17:50:58 2003: Processing message: {'receiver': 'ambite_at_isi_edu_email_ambite_at_isi_edu', 'performative': 'ask', 'sender': 'ping_ambite_at_isi_edu_email_ambite_at_isi_edu', 'reply-with': 'ambite_at_isi_edu', 'content': 'hello'}
Mon Apr 21 17:50:58 2003: Replying: (sorry :reply-with nil :in-reply-to ambite_at_isi_edu :receiver ping_ambite_at_isi_edu_email_ambite_at_isi_edu :sender ambite_at_isi_edu_email_ambite_at_isi_edu :comment "Unintelligible query")
Mon Apr 21 17:54:53 2003: Received: {'receiver': 'ambite_at_isi_edu_email_ambite_at_isi_edu', 'performative': 'ask', 'sender': 'ping_ambite_at_isi_edu_email_ambite_at_isi_edu', 'reply-with': 'ambite_at_isi_edu', 'content': 'hello'}
Mon Apr 21 17:54:53 2003: Processing message: {'receiver': 'ambite_at_isi_edu_email_ambite_at_isi_edu', 'performative': 'ask', 'sender': 'ping_ambite_at_isi_edu_email_ambite_at_isi_edu', 'reply-with': 'ambite_at_isi_edu', 'content': 'hello'}
Mon Apr 21 17:54:53 2003: Replying: (sorry :reply-with nil :in-reply-to ambite_at_isi_edu :receiver ping_ambite_at_isi_edu_email_ambite_at_isi_edu :sender ambite_at_isi_edu_email_ambite_at_isi_edu :comment "Unintelligible query")
Fri Aug 15 11:57:40 2003: Received: {'receiver': 'ambite_at_isi_edu_email_ambite_at_isi_edu', 'performative': 'kqml-admin', 'sender': 'TEAMCORE', 'kqml-msg-id': '23912+vibhagam.isi.edu+49', 'reply-with': 't', 'content': 'name'}
