Fri Sep 06 17:21:53 2002: Using ANS: ('vibhagam.isi.edu', 5500)
Fri Sep 06 17:21:53 2002: Bound to host/port: sangat.isi.edu:6676
Fri Sep 06 17:21:53 2002: Sending message: (register :ontology tcp-ip :sender pipet_mit_at_hotmail_com_email_pipet_mit_at_hotmail_com :reply-with t :content "pipet_mit_at_hotmail_com_email_pipet_mit_at_hotmail_com sangat.isi.edu:6676")
Fri Sep 06 17:21:53 2002: Received: {'receiver': 'pipet_mit_at_hotmail_com_email_pipet_mit_at_hotmail_com', 'performative': 'error', 'sender': 'TEAMCORE', 'in-reply-to': 't', 'content': 'handler encountered error'}
Fri Sep 06 17:21:53 2002: Registration produced: {'receiver': 'pipet_mit_at_hotmail_com_email_pipet_mit_at_hotmail_com', 'performative': 'error', 'sender': 'TEAMCORE', 'in-reply-to': 't', 'content': 'handler encountered error'}
Fri Sep 06 17:21:53 2002: Sending message: (unregister :sender pipet_mit_at_hotmail_com_email_pipet_mit_at_hotmail_com :ontology tcp-ip :reply-with nil :content pipet_mit_at_hotmail_com_email_pipet_mit_at_hotmail_com)
Fri Sep 06 17:21:53 2002: Sending message: (register :sender pipet_mit_at_hotmail_com_email_pipet_mit_at_hotmail_com :ontology tcp-ip :reply-with t :content (pipet_mit_at_hotmail_com_email_pipet_mit_at_hotmail_com sangat.isi.edu:6676))
Fri Sep 06 17:21:53 2002: Received: {'receiver': 'pipet_mit_at_hotmail_com_email_pipet_mit_at_hotmail_com', 'performative': 'reply', 'sender': 'TEAMCORE', 'in-reply-to': 't', 'content': 'pipet_mit_at_hotmail_com_email_pipet_mit_at_hotmail_com TEAMCORE'}
Fri Sep 06 17:21:53 2002: Registration produced: {'receiver': 'pipet_mit_at_hotmail_com_email_pipet_mit_at_hotmail_com', 'performative': 'reply', 'sender': 'TEAMCORE', 'in-reply-to': 't', 'content': 'pipet_mit_at_hotmail_com_email_pipet_mit_at_hotmail_com TEAMCORE'}pipet_mit_at_hotmail_com_email_pipet_mit_at_hotmail_com, TEAMCORE
Fri Sep 06 17:21:53 2002: Registration successful: pipet_mit_at_hotmail_com_email_pipet_mit_at_hotmail_com
Fri Sep 06 17:21:53 2002: Router for pipet_mit_at_hotmail_com_email_pipet_mit_at_hotmail_com running...
Fri Sep 06 17:21:53 2002: Sending message: (ask-one :sender pipet_mit_at_hotmail_com_email_pipet_mit_at_hotmail_com :reply-with t :content "proxy_pipet_mit_at_hotmail_com")
Fri Sep 06 17:21:53 2002: Received: {'receiver': 'pipet_mit_at_hotmail_com_email_pipet_mit_at_hotmail_com', 'performative': 'reply', 'sender': 'TEAMCORE', 'in-reply-to': 't', 'content': 'proxy_pipet_mit_at_hotmail_com:sangat.isi.edu:9992:'}
Fri Sep 06 17:21:53 2002: Sending message: (register :name email_pipet_mit_at_hotmail_com :reply-with nil :agenttype device :receiver proxy_pipet_mit_at_hotmail_com :user pipet_mit_at_hotmail_com :sender pipet_mit_at_hotmail_com_email_pipet_mit_at_hotmail_com :direction (to user))
Fri Sep 06 17:22:11 2002: Using ANS: ('vibhagam.isi.edu', 5500)
Fri Sep 06 17:22:11 2002: Bound to host/port: sangat.isi.edu:6677
Fri Sep 06 17:22:11 2002: Sending message: (register :ontology tcp-ip :sender pipet_mit_at_hotmail_com_email_pipet_mit_at_hotmail_com :reply-with t :content "pipet_mit_at_hotmail_com_email_pipet_mit_at_hotmail_com sangat.isi.edu:6677")
Fri Sep 06 17:22:11 2002: Received: {'receiver': 'pipet_mit_at_hotmail_com_email_pipet_mit_at_hotmail_com', 'performative': 'error', 'sender': 'TEAMCORE', 'in-reply-to': 't', 'content': 'handler encountered error'}
Fri Sep 06 17:22:11 2002: Registration produced: {'receiver': 'pipet_mit_at_hotmail_com_email_pipet_mit_at_hotmail_com', 'performative': 'error', 'sender': 'TEAMCORE', 'in-reply-to': 't', 'content': 'handler encountered error'}
Fri Sep 06 17:22:11 2002: Sending message: (unregister :sender pipet_mit_at_hotmail_com_email_pipet_mit_at_hotmail_com :ontology tcp-ip :reply-with nil :content pipet_mit_at_hotmail_com_email_pipet_mit_at_hotmail_com)
Fri Sep 06 17:22:11 2002: Sending message: (register :sender pipet_mit_at_hotmail_com_email_pipet_mit_at_hotmail_com :ontology tcp-ip :reply-with t :content (pipet_mit_at_hotmail_com_email_pipet_mit_at_hotmail_com sangat.isi.edu:6677))
Fri Sep 06 17:22:11 2002: Received: {'receiver': 'pipet_mit_at_hotmail_com_email_pipet_mit_at_hotmail_com', 'performative': 'reply', 'sender': 'TEAMCORE', 'in-reply-to': 't', 'content': 'pipet_mit_at_hotmail_com_email_pipet_mit_at_hotmail_com TEAMCORE'}
Fri Sep 06 17:22:11 2002: Registration produced: {'receiver': 'pipet_mit_at_hotmail_com_email_pipet_mit_at_hotmail_com', 'performative': 'reply', 'sender': 'TEAMCORE', 'in-reply-to': 't', 'content': 'pipet_mit_at_hotmail_com_email_pipet_mit_at_hotmail_com TEAMCORE'}pipet_mit_at_hotmail_com_email_pipet_mit_at_hotmail_com, TEAMCORE
Fri Sep 06 17:22:11 2002: Registration successful: pipet_mit_at_hotmail_com_email_pipet_mit_at_hotmail_com
Fri Sep 06 17:22:11 2002: Router for pipet_mit_at_hotmail_com_email_pipet_mit_at_hotmail_com running...
Fri Sep 06 17:22:11 2002: Sending message: (ask-one :sender pipet_mit_at_hotmail_com_email_pipet_mit_at_hotmail_com :reply-with t :content "proxy_pipet_mit_at_hotmail_com")
Fri Sep 06 17:22:11 2002: Received: {'receiver': 'pipet_mit_at_hotmail_com_email_pipet_mit_at_hotmail_com', 'performative': 'reply', 'sender': 'TEAMCORE', 'in-reply-to': 't', 'content': 'proxy_pipet_mit_at_hotmail_com:sangat.isi.edu:9992:'}
Fri Sep 06 17:22:11 2002: Sending message: (register :name email_pipet_mit_at_hotmail_com :reply-with nil :agenttype device :receiver proxy_pipet_mit_at_hotmail_com :user pipet_mit_at_hotmail_com :sender pipet_mit_at_hotmail_com_email_pipet_mit_at_hotmail_com :direction (to user))
Tue Sep 24 15:21:25 2002: Received: {'receiver': 'pipet_mit_at_hotmail_com_email_pipet_mit_at_hotmail_com', 'performative': 'kqml-admin', 'sender': 'TEAMCORE', 'kqml-msg-id': '29131+vibhagam.isi.edu+38', 'reply-with': 't', 'content': 'name'}
Wed Sep 25 16:43:27 2002: Received: {'receiver': 'pipet_mit_at_hotmail_com_email_pipet_mit_at_hotmail_com', 'performative': 'ask', 'sender': 'ping_pipet_mit_at_hotmail_com_email_pipet_mit_at_hotmail_com', 'reply-with': 'pipet_mit_at_hotmail_com', 'content': 'hello'}
Wed Sep 25 16:43:27 2002: Processing message: {'receiver': 'pipet_mit_at_hotmail_com_email_pipet_mit_at_hotmail_com', 'performative': 'ask', 'sender': 'ping_pipet_mit_at_hotmail_com_email_pipet_mit_at_hotmail_com', 'reply-with': 'pipet_mit_at_hotmail_com', 'content': 'hello'}
Wed Sep 25 16:43:27 2002: Replying: (sorry :reply-with nil :in-reply-to pipet_mit_at_hotmail_com :receiver ping_pipet_mit_at_hotmail_com_email_pipet_mit_at_hotmail_com :sender pipet_mit_at_hotmail_com_email_pipet_mit_at_hotmail_com :comment "Unintelligible query")
Mon Oct 28 14:21:29 2002: Received: {'receiver': 'pipet_mit_at_hotmail_com_email_pipet_mit_at_hotmail_com', 'performative': 'kqml-admin', 'sender': 'TEAMCORE', 'kqml-msg-id': '24669+vibhagam.isi.edu+35', 'reply-with': 't', 'content': 'name'}
Mon Oct 28 14:24:02 2002: Received: {'receiver': 'pipet_mit_at_hotmail_com_email_pipet_mit_at_hotmail_com', 'performative': 'ask', 'sender': 'ping_pipet_mit_at_hotmail_com_email_pipet_mit_at_hotmail_com', 'reply-with': 'pipet_mit_at_hotmail_com', 'content': 'hello'}
Mon Oct 28 14:24:02 2002: Processing message: {'receiver': 'pipet_mit_at_hotmail_com_email_pipet_mit_at_hotmail_com', 'performative': 'ask', 'sender': 'ping_pipet_mit_at_hotmail_com_email_pipet_mit_at_hotmail_com', 'reply-with': 'pipet_mit_at_hotmail_com', 'content': 'hello'}
Mon Oct 28 14:24:02 2002: Replying: (sorry :reply-with nil :in-reply-to pipet_mit_at_hotmail_com :receiver ping_pipet_mit_at_hotmail_com_email_pipet_mit_at_hotmail_com :sender pipet_mit_at_hotmail_com_email_pipet_mit_at_hotmail_com :comment "Unintelligible query")
Tue Oct 29 10:25:22 2002: Received: {'receiver': 'pipet_mit_at_hotmail_com_email_pipet_mit_at_hotmail_com', 'performative': 'kqml-admin', 'sender': 'TEAMCORE', 'kqml-msg-id': '26893+vibhagam.isi.edu+26', 'reply-with': 't', 'content': 'name'}
Tue Oct 29 18:37:15 2002: Received: {'receiver': 'pipet_mit_at_hotmail_com_email_pipet_mit_at_hotmail_com', 'performative': 'kqml-admin', 'sender': 'TEAMCORE', 'kqml-msg-id': '29472+vibhagam.isi.edu+26', 'reply-with': 't', 'content': 'name'}
Tue Oct 29 20:01:11 2002: Received: {'receiver': 'pipet_mit_at_hotmail_com_email_pipet_mit_at_hotmail_com', 'performative': 'kqml-admin', 'sender': 'TEAMCORE', 'kqml-msg-id': '181+vibhagam.isi.edu+26', 'reply-with': 't', 'content': 'name'}
Tue Oct 29 20:17:51 2002: Received: {'receiver': 'pipet_mit_at_hotmail_com_email_pipet_mit_at_hotmail_com', 'performative': 'kqml-admin', 'sender': 'TEAMCORE', 'kqml-msg-id': '405+vibhagam.isi.edu+26', 'reply-with': 't', 'content': 'name'}
Mon Nov 04 10:18:32 2002: Received: {'receiver': 'pipet_mit_at_hotmail_com_email_pipet_mit_at_hotmail_com', 'performative': 'kqml-admin', 'sender': 'TEAMCORE', 'kqml-msg-id': '15317+vibhagam.isi.edu+31', 'reply-with': 't', 'content': 'name'}
Thu Nov 07 12:52:25 2002: Using ANS: ('vibhagam.isi.edu', 5500)
Thu Nov 07 12:52:25 2002: Bound to host/port: sangat.isi.edu:6687
Thu Nov 07 12:52:25 2002: Sending message: (register :ontology tcp-ip :sender pipet_mit_at_hotmail_com_email_pipet_mit_at_hotmail_com :reply-with t :content "pipet_mit_at_hotmail_com_email_pipet_mit_at_hotmail_com sangat.isi.edu:6687")
Thu Nov 07 12:52:25 2002: Received: {'receiver': 'pipet_mit_at_hotmail_com_email_pipet_mit_at_hotmail_com', 'performative': 'error', 'sender': 'TEAMCORE', 'in-reply-to': 't', 'content': 'handler encountered error'}
Thu Nov 07 12:52:25 2002: Registration produced: {'receiver': 'pipet_mit_at_hotmail_com_email_pipet_mit_at_hotmail_com', 'performative': 'error', 'sender': 'TEAMCORE', 'in-reply-to': 't', 'content': 'handler encountered error'}
Thu Nov 07 12:52:25 2002: Sending message: (unregister :sender pipet_mit_at_hotmail_com_email_pipet_mit_at_hotmail_com :ontology tcp-ip :reply-with nil :content pipet_mit_at_hotmail_com_email_pipet_mit_at_hotmail_com)
Thu Nov 07 12:52:25 2002: Sending message: (register :sender pipet_mit_at_hotmail_com_email_pipet_mit_at_hotmail_com :ontology tcp-ip :reply-with t :content (pipet_mit_at_hotmail_com_email_pipet_mit_at_hotmail_com sangat.isi.edu:6687))
Thu Nov 07 12:52:25 2002: Received: {'receiver': 'pipet_mit_at_hotmail_com_email_pipet_mit_at_hotmail_com', 'performative': 'reply', 'sender': 'TEAMCORE', 'in-reply-to': 't', 'content': 'pipet_mit_at_hotmail_com_email_pipet_mit_at_hotmail_com TEAMCORE'}
Thu Nov 07 12:52:25 2002: Registration produced: {'receiver': 'pipet_mit_at_hotmail_com_email_pipet_mit_at_hotmail_com', 'performative': 'reply', 'sender': 'TEAMCORE', 'in-reply-to': 't', 'content': 'pipet_mit_at_hotmail_com_email_pipet_mit_at_hotmail_com TEAMCORE'}pipet_mit_at_hotmail_com_email_pipet_mit_at_hotmail_com, TEAMCORE
Thu Nov 07 12:52:25 2002: Registration successful: pipet_mit_at_hotmail_com_email_pipet_mit_at_hotmail_com
Thu Nov 07 12:52:25 2002: Router for pipet_mit_at_hotmail_com_email_pipet_mit_at_hotmail_com running...
Thu Nov 07 12:52:25 2002: Sending message: (ask-one :sender pipet_mit_at_hotmail_com_email_pipet_mit_at_hotmail_com :reply-with t :content "proxy_pipet_mit_at_hotmail_com")
Thu Nov 07 12:52:25 2002: Received: {'receiver': 'pipet_mit_at_hotmail_com_email_pipet_mit_at_hotmail_com', 'performative': 'sorry', 'sender': 'TEAMCORE', 'in-reply-to': 't'}
Thu Nov 07 12:52:25 2002: No registered agent: proxy_pipet_mit_at_hotmail_com
Thu Nov 07 12:52:26 2002: Received: {'receiver': 'pipet_mit_at_hotmail_com_email_pipet_mit_at_hotmail_com', 'performative': 'ask', 'sender': 'ping_pipet_mit_at_hotmail_com_email_pipet_mit_at_hotmail_com', 'reply-with': 'pipet_mit_at_hotmail_com', 'content': 'hello'}
Thu Nov 07 12:52:26 2002: Processing message: {'receiver': 'pipet_mit_at_hotmail_com_email_pipet_mit_at_hotmail_com', 'performative': 'ask', 'sender': 'ping_pipet_mit_at_hotmail_com_email_pipet_mit_at_hotmail_com', 'reply-with': 'pipet_mit_at_hotmail_com', 'content': 'hello'}
Thu Nov 07 12:52:26 2002: Replying: (sorry :reply-with nil :in-reply-to pipet_mit_at_hotmail_com :receiver ping_pipet_mit_at_hotmail_com_email_pipet_mit_at_hotmail_com :sender pipet_mit_at_hotmail_com_email_pipet_mit_at_hotmail_com :comment "Unintelligible query")
Thu Nov 07 13:08:59 2002: Received: {'receiver': 'pipet_mit_at_hotmail_com_email_pipet_mit_at_hotmail_com', 'performative': 'tell', 'sender': 'stop_pipet_mit_at_hotmail_com_email_pipet_mit_at_hotmail_com', 'reply-with': 'nil', 'content': 'stop'}
Thu Nov 07 13:08:59 2002: Processing message: {'receiver': 'pipet_mit_at_hotmail_com_email_pipet_mit_at_hotmail_com', 'performative': 'tell', 'sender': 'stop_pipet_mit_at_hotmail_com_email_pipet_mit_at_hotmail_com', 'reply-with': 'nil', 'content': 'stop'}
Thu Nov 07 13:09:00 2002: Sending message: (ask-one :sender pipet_mit_at_hotmail_com_email_pipet_mit_at_hotmail_com :reply-with t :content "proxy_pipet_mit_at_hotmail_com")
Thu Nov 07 13:09:00 2002: Received: {'receiver': 'pipet_mit_at_hotmail_com_email_pipet_mit_at_hotmail_com', 'performative': 'reply', 'sender': 'TEAMCORE', 'in-reply-to': 't', 'content': 'proxy_pipet_mit_at_hotmail_com:sangat.isi.edu:9992:'}
Thu Nov 07 13:09:00 2002: Sending message: (unregister :receiver proxy_pipet_mit_at_hotmail_com :name email_pipet_mit_at_hotmail_com :sender pipet_mit_at_hotmail_com_email_pipet_mit_at_hotmail_com :reply-with nil :user pipet_mit_at_hotmail_com)
Thu Nov 07 13:09:00 2002: Router pipet_mit_at_hotmail_com_email_pipet_mit_at_hotmail_com exiting...
Thu Nov 07 13:09:00 2002: Sending message: (unregister :receiver TEAMCORE :sender pipet_mit_at_hotmail_com_email_pipet_mit_at_hotmail_com :ontology tcp-ip :reply-with nil :content pipet_mit_at_hotmail_com_email_pipet_mit_at_hotmail_com)
Thu Nov 07 13:09:00 2002: Exiting...
Thu Nov 07 13:09:02 2002: Using ANS: ('vibhagam.isi.edu', 5500)
Thu Nov 07 13:09:02 2002: Bound to host/port: sangat.isi.edu:6686
Thu Nov 07 13:09:02 2002: Sending message: (register :ontology tcp-ip :sender pipet_mit_at_hotmail_com_email_pipet_mit_at_hotmail_com :reply-with t :content "pipet_mit_at_hotmail_com_email_pipet_mit_at_hotmail_com sangat.isi.edu:6686")
Thu Nov 07 13:09:02 2002: Received: {'receiver': 'pipet_mit_at_hotmail_com_email_pipet_mit_at_hotmail_com', 'performative': 'error', 'sender': 'TEAMCORE', 'in-reply-to': 't', 'content': 'handler encountered error'}
Thu Nov 07 13:09:02 2002: Registration produced: {'receiver': 'pipet_mit_at_hotmail_com_email_pipet_mit_at_hotmail_com', 'performative': 'error', 'sender': 'TEAMCORE', 'in-reply-to': 't', 'content': 'handler encountered error'}
Thu Nov 07 13:09:02 2002: Sending message: (unregister :sender pipet_mit_at_hotmail_com_email_pipet_mit_at_hotmail_com :ontology tcp-ip :reply-with nil :content pipet_mit_at_hotmail_com_email_pipet_mit_at_hotmail_com)
Thu Nov 07 13:09:02 2002: Sending message: (register :sender pipet_mit_at_hotmail_com_email_pipet_mit_at_hotmail_com :ontology tcp-ip :reply-with t :content (pipet_mit_at_hotmail_com_email_pipet_mit_at_hotmail_com sangat.isi.edu:6686))
Thu Nov 07 13:09:02 2002: Received: {'receiver': 'pipet_mit_at_hotmail_com_email_pipet_mit_at_hotmail_com', 'performative': 'reply', 'sender': 'TEAMCORE', 'in-reply-to': 't', 'content': 'pipet_mit_at_hotmail_com_email_pipet_mit_at_hotmail_com TEAMCORE'}
Thu Nov 07 13:09:02 2002: Registration produced: {'receiver': 'pipet_mit_at_hotmail_com_email_pipet_mit_at_hotmail_com', 'performative': 'reply', 'sender': 'TEAMCORE', 'in-reply-to': 't', 'content': 'pipet_mit_at_hotmail_com_email_pipet_mit_at_hotmail_com TEAMCORE'}pipet_mit_at_hotmail_com_email_pipet_mit_at_hotmail_com, TEAMCORE
Thu Nov 07 13:09:02 2002: Registration successful: pipet_mit_at_hotmail_com_email_pipet_mit_at_hotmail_com
Thu Nov 07 13:09:02 2002: Router for pipet_mit_at_hotmail_com_email_pipet_mit_at_hotmail_com running...
Thu Nov 07 13:09:02 2002: Sending message: (ask-one :sender pipet_mit_at_hotmail_com_email_pipet_mit_at_hotmail_com :reply-with t :content "proxy_pipet_mit_at_hotmail_com")
Thu Nov 07 13:09:02 2002: Received: {'receiver': 'pipet_mit_at_hotmail_com_email_pipet_mit_at_hotmail_com', 'performative': 'reply', 'sender': 'TEAMCORE', 'in-reply-to': 't', 'content': 'proxy_pipet_mit_at_hotmail_com:sangat.isi.edu:9992:'}
Thu Nov 07 13:09:02 2002: Sending message: (register :name email_pipet_mit_at_hotmail_com :reply-with nil :agenttype device :receiver proxy_pipet_mit_at_hotmail_com :user pipet_mit_at_hotmail_com :sender pipet_mit_at_hotmail_com_email_pipet_mit_at_hotmail_com :direction (to user))
Thu Nov 07 13:09:04 2002: Received: {'receiver': 'pipet_mit_at_hotmail_com_email_pipet_mit_at_hotmail_com', 'performative': 'ask', 'sender': 'ping_pipet_mit_at_hotmail_com_email_pipet_mit_at_hotmail_com', 'reply-with': 'pipet_mit_at_hotmail_com', 'content': 'hello'}
Thu Nov 07 13:09:04 2002: Processing message: {'receiver': 'pipet_mit_at_hotmail_com_email_pipet_mit_at_hotmail_com', 'performative': 'ask', 'sender': 'ping_pipet_mit_at_hotmail_com_email_pipet_mit_at_hotmail_com', 'reply-with': 'pipet_mit_at_hotmail_com', 'content': 'hello'}
Thu Nov 07 13:09:04 2002: Replying: (sorry :reply-with nil :in-reply-to pipet_mit_at_hotmail_com :receiver ping_pipet_mit_at_hotmail_com_email_pipet_mit_at_hotmail_com :sender pipet_mit_at_hotmail_com_email_pipet_mit_at_hotmail_com :comment "Unintelligible query")
Tue Jan 07 16:42:14 2003: Using ANS: ('vibhagam', 5500)
Tue Jan 07 16:42:14 2003: Bound to host/port: sangat.isi.edu:6688
Tue Jan 07 16:42:14 2003: Sending message: (register :ontology tcp-ip :sender pipet_mit_at_hotmail_com_email_pipet_mit_at_hotmail_com :reply-with t :content "pipet_mit_at_hotmail_com_email_pipet_mit_at_hotmail_com sangat.isi.edu:6688")
Tue Jan 07 16:42:14 2003: Received: {'receiver': 'pipet_mit_at_hotmail_com_email_pipet_mit_at_hotmail_com', 'performative': 'error', 'sender': 'TEAMCORE', 'in-reply-to': 't', 'content': 'handler encountered error'}
Tue Jan 07 16:42:14 2003: Registration produced: {'receiver': 'pipet_mit_at_hotmail_com_email_pipet_mit_at_hotmail_com', 'performative': 'error', 'sender': 'TEAMCORE', 'in-reply-to': 't', 'content': 'handler encountered error'}
Tue Jan 07 16:42:14 2003: Sending message: (unregister :sender pipet_mit_at_hotmail_com_email_pipet_mit_at_hotmail_com :ontology tcp-ip :reply-with nil :content pipet_mit_at_hotmail_com_email_pipet_mit_at_hotmail_com)
Tue Jan 07 16:42:14 2003: Sending message: (register :sender pipet_mit_at_hotmail_com_email_pipet_mit_at_hotmail_com :ontology tcp-ip :reply-with t :content (pipet_mit_at_hotmail_com_email_pipet_mit_at_hotmail_com sangat.isi.edu:6688))
Tue Jan 07 16:42:14 2003: Received: {'receiver': 'pipet_mit_at_hotmail_com_email_pipet_mit_at_hotmail_com', 'performative': 'reply', 'sender': 'TEAMCORE', 'in-reply-to': 't', 'content': 'pipet_mit_at_hotmail_com_email_pipet_mit_at_hotmail_com TEAMCORE'}
Tue Jan 07 16:42:14 2003: Registration produced: {'receiver': 'pipet_mit_at_hotmail_com_email_pipet_mit_at_hotmail_com', 'performative': 'reply', 'sender': 'TEAMCORE', 'in-reply-to': 't', 'content': 'pipet_mit_at_hotmail_com_email_pipet_mit_at_hotmail_com TEAMCORE'}pipet_mit_at_hotmail_com_email_pipet_mit_at_hotmail_com, TEAMCORE
Tue Jan 07 16:42:14 2003: Registration successful: pipet_mit_at_hotmail_com_email_pipet_mit_at_hotmail_com
Tue Jan 07 16:42:14 2003: Router for pipet_mit_at_hotmail_com_email_pipet_mit_at_hotmail_com running...
Tue Jan 07 16:42:14 2003: Sending message: (ask-one :sender pipet_mit_at_hotmail_com_email_pipet_mit_at_hotmail_com :reply-with t :content "proxy_pipet_mit_at_hotmail_com")
Tue Jan 07 16:42:14 2003: Received: {'receiver': 'pipet_mit_at_hotmail_com_email_pipet_mit_at_hotmail_com', 'performative': 'reply', 'sender': 'TEAMCORE', 'in-reply-to': 't', 'content': 'proxy_pipet_mit_at_hotmail_com:sangat.isi.edu:9992:'}
Tue Jan 07 16:42:14 2003: Sending message: (register :name email_pipet_mit_at_hotmail_com :reply-with nil :agenttype device :receiver proxy_pipet_mit_at_hotmail_com :user pipet_mit_at_hotmail_com :sender pipet_mit_at_hotmail_com_email_pipet_mit_at_hotmail_com :direction (to user))
Tue Jan 07 16:42:16 2003: Received: {'receiver': 'pipet_mit_at_hotmail_com_email_pipet_mit_at_hotmail_com', 'performative': 'ask', 'sender': 'ping_pipet_mit_at_hotmail_com_email_pipet_mit_at_hotmail_com', 'reply-with': 'pipet_mit_at_hotmail_com', 'content': 'hello'}
Tue Jan 07 16:42:16 2003: Processing message: {'receiver': 'pipet_mit_at_hotmail_com_email_pipet_mit_at_hotmail_com', 'performative': 'ask', 'sender': 'ping_pipet_mit_at_hotmail_com_email_pipet_mit_at_hotmail_com', 'reply-with': 'pipet_mit_at_hotmail_com', 'content': 'hello'}
Tue Jan 07 16:42:16 2003: Replying: (sorry :reply-with nil :in-reply-to pipet_mit_at_hotmail_com :receiver ping_pipet_mit_at_hotmail_com_email_pipet_mit_at_hotmail_com :sender pipet_mit_at_hotmail_com_email_pipet_mit_at_hotmail_com :comment "Unintelligible query")
Mon Jan 13 16:26:14 2003: Using ANS: ('vibhagam', 5500)
Mon Jan 13 16:26:14 2003: Bound to host/port: sangat.isi.edu:6689
Mon Jan 13 16:26:14 2003: Sending message: (register :ontology tcp-ip :sender pipet_mit_at_hotmail_com_email_pipet_mit_at_hotmail_com :reply-with t :content "pipet_mit_at_hotmail_com_email_pipet_mit_at_hotmail_com sangat.isi.edu:6689")
Mon Jan 13 16:26:14 2003: Received: {'receiver': 'pipet_mit_at_hotmail_com_email_pipet_mit_at_hotmail_com', 'performative': 'error', 'sender': 'TEAMCORE', 'in-reply-to': 't', 'content': 'handler encountered error'}
Mon Jan 13 16:26:14 2003: Registration produced: {'receiver': 'pipet_mit_at_hotmail_com_email_pipet_mit_at_hotmail_com', 'performative': 'error', 'sender': 'TEAMCORE', 'in-reply-to': 't', 'content': 'handler encountered error'}
Mon Jan 13 16:26:14 2003: Sending message: (unregister :sender pipet_mit_at_hotmail_com_email_pipet_mit_at_hotmail_com :ontology tcp-ip :reply-with nil :content pipet_mit_at_hotmail_com_email_pipet_mit_at_hotmail_com)
Mon Jan 13 16:26:14 2003: Sending message: (register :sender pipet_mit_at_hotmail_com_email_pipet_mit_at_hotmail_com :ontology tcp-ip :reply-with t :content (pipet_mit_at_hotmail_com_email_pipet_mit_at_hotmail_com sangat.isi.edu:6689))
Mon Jan 13 16:26:14 2003: Received: {'receiver': 'pipet_mit_at_hotmail_com_email_pipet_mit_at_hotmail_com', 'performative': 'reply', 'sender': 'TEAMCORE', 'in-reply-to': 't', 'content': 'pipet_mit_at_hotmail_com_email_pipet_mit_at_hotmail_com TEAMCORE'}
Mon Jan 13 16:26:14 2003: Registration produced: {'receiver': 'pipet_mit_at_hotmail_com_email_pipet_mit_at_hotmail_com', 'performative': 'reply', 'sender': 'TEAMCORE', 'in-reply-to': 't', 'content': 'pipet_mit_at_hotmail_com_email_pipet_mit_at_hotmail_com TEAMCORE'}pipet_mit_at_hotmail_com_email_pipet_mit_at_hotmail_com, TEAMCORE
Mon Jan 13 16:26:14 2003: Registration successful: pipet_mit_at_hotmail_com_email_pipet_mit_at_hotmail_com
Mon Jan 13 16:26:14 2003: Router for pipet_mit_at_hotmail_com_email_pipet_mit_at_hotmail_com running...
Mon Jan 13 16:26:14 2003: Sending message: (ask-one :sender pipet_mit_at_hotmail_com_email_pipet_mit_at_hotmail_com :reply-with t :content "proxy_pipet_mit_at_hotmail_com")
Mon Jan 13 16:26:14 2003: Received: {'receiver': 'pipet_mit_at_hotmail_com_email_pipet_mit_at_hotmail_com', 'performative': 'reply', 'sender': 'TEAMCORE', 'in-reply-to': 't', 'content': 'proxy_pipet_mit_at_hotmail_com:sangat.isi.edu:9993:'}
Mon Jan 13 16:26:14 2003: Sending message: (register :name email_pipet_mit_at_hotmail_com :reply-with nil :agenttype device :receiver proxy_pipet_mit_at_hotmail_com :user pipet_mit_at_hotmail_com :sender pipet_mit_at_hotmail_com_email_pipet_mit_at_hotmail_com :direction (to user))
Mon Jan 13 16:26:15 2003: Received: {'receiver': 'pipet_mit_at_hotmail_com_email_pipet_mit_at_hotmail_com', 'performative': 'ask', 'sender': 'ping_pipet_mit_at_hotmail_com_email_pipet_mit_at_hotmail_com', 'reply-with': 'pipet_mit_at_hotmail_com', 'content': 'hello'}
Mon Jan 13 16:26:15 2003: Processing message: {'receiver': 'pipet_mit_at_hotmail_com_email_pipet_mit_at_hotmail_com', 'performative': 'ask', 'sender': 'ping_pipet_mit_at_hotmail_com_email_pipet_mit_at_hotmail_com', 'reply-with': 'pipet_mit_at_hotmail_com', 'content': 'hello'}
Mon Jan 13 16:26:15 2003: Replying: (sorry :reply-with nil :in-reply-to pipet_mit_at_hotmail_com :receiver ping_pipet_mit_at_hotmail_com_email_pipet_mit_at_hotmail_com :sender pipet_mit_at_hotmail_com_email_pipet_mit_at_hotmail_com :comment "Unintelligible query")
Thu Jan 16 10:59:08 2003: Received: {'receiver': 'pipet_mit_at_hotmail_com_email_pipet_mit_at_hotmail_com', 'performative': 'kqml-admin', 'sender': 'TEAMCORE', 'kqml-msg-id': '1786+vibhagam.isi.edu+27', 'reply-with': 't', 'content': 'name'}
Thu Jan 16 11:55:04 2003: Received: {'receiver': 'pipet_mit_at_hotmail_com_email_pipet_mit_at_hotmail_com', 'performative': 'ask', 'sender': 'ping_pipet_mit_at_hotmail_com_email_pipet_mit_at_hotmail_com', 'reply-with': 'pipet_mit_at_hotmail_com', 'content': 'hello'}
Thu Jan 16 11:55:04 2003: Processing message: {'receiver': 'pipet_mit_at_hotmail_com_email_pipet_mit_at_hotmail_com', 'performative': 'ask', 'sender': 'ping_pipet_mit_at_hotmail_com_email_pipet_mit_at_hotmail_com', 'reply-with': 'pipet_mit_at_hotmail_com', 'content': 'hello'}
Thu Jan 16 11:55:04 2003: Replying: (sorry :reply-with nil :in-reply-to pipet_mit_at_hotmail_com :receiver ping_pipet_mit_at_hotmail_com_email_pipet_mit_at_hotmail_com :sender pipet_mit_at_hotmail_com_email_pipet_mit_at_hotmail_com :comment "Unintelligible query")
Tue Mar 04 15:43:44 2003: Received: {'receiver': 'pipet_mit_at_hotmail_com_email_pipet_mit_at_hotmail_com', 'performative': 'ask', 'sender': 'ping_pipet_mit_at_hotmail_com_email_pipet_mit_at_hotmail_com', 'reply-with': 'pipet_mit_at_hotmail_com', 'content': 'hello'}
Tue Mar 04 15:43:44 2003: Processing message: {'receiver': 'pipet_mit_at_hotmail_com_email_pipet_mit_at_hotmail_com', 'performative': 'ask', 'sender': 'ping_pipet_mit_at_hotmail_com_email_pipet_mit_at_hotmail_com', 'reply-with': 'pipet_mit_at_hotmail_com', 'content': 'hello'}
Tue Mar 04 15:43:44 2003: Replying: (sorry :reply-with nil :in-reply-to pipet_mit_at_hotmail_com :receiver ping_pipet_mit_at_hotmail_com_email_pipet_mit_at_hotmail_com :sender pipet_mit_at_hotmail_com_email_pipet_mit_at_hotmail_com :comment "Unintelligible query")
Tue Mar 04 15:47:14 2003: Received: {'receiver': 'pipet_mit_at_hotmail_com_email_pipet_mit_at_hotmail_com', 'performative': 'ask', 'sender': 'ping_pipet_mit_at_hotmail_com_email_pipet_mit_at_hotmail_com', 'reply-with': 'pipet_mit_at_hotmail_com', 'content': 'hello'}
Tue Mar 04 15:47:14 2003: Processing message: {'receiver': 'pipet_mit_at_hotmail_com_email_pipet_mit_at_hotmail_com', 'performative': 'ask', 'sender': 'ping_pipet_mit_at_hotmail_com_email_pipet_mit_at_hotmail_com', 'reply-with': 'pipet_mit_at_hotmail_com', 'content': 'hello'}
Tue Mar 04 15:47:14 2003: Replying: (sorry :reply-with nil :in-reply-to pipet_mit_at_hotmail_com :receiver ping_pipet_mit_at_hotmail_com_email_pipet_mit_at_hotmail_com :sender pipet_mit_at_hotmail_com_email_pipet_mit_at_hotmail_com :comment "Unintelligible query")
Tue Mar 04 16:02:34 2003: Using ANS: ('vibhagam.isi.edu', 5500)
Tue Mar 04 16:02:34 2003: Bound to host/port: sangat.isi.edu:6689
Tue Mar 04 16:02:34 2003: Sending message: (register :ontology tcp-ip :sender pipet_mit_at_hotmail_com_email_pipet_mit_at_hotmail_com :reply-with t :content "pipet_mit_at_hotmail_com_email_pipet_mit_at_hotmail_com sangat.isi.edu:6689")
Tue Mar 04 16:02:34 2003: Received: {'receiver': 'pipet_mit_at_hotmail_com_email_pipet_mit_at_hotmail_com', 'performative': 'error', 'sender': 'TEAMCORE', 'in-reply-to': 't', 'content': 'handler encountered error'}
Tue Mar 04 16:02:34 2003: Registration produced: {'receiver': 'pipet_mit_at_hotmail_com_email_pipet_mit_at_hotmail_com', 'performative': 'error', 'sender': 'TEAMCORE', 'in-reply-to': 't', 'content': 'handler encountered error'}
Tue Mar 04 16:02:34 2003: Sending message: (unregister :sender pipet_mit_at_hotmail_com_email_pipet_mit_at_hotmail_com :ontology tcp-ip :reply-with nil :content pipet_mit_at_hotmail_com_email_pipet_mit_at_hotmail_com)
Tue Mar 04 16:02:34 2003: Sending message: (register :sender pipet_mit_at_hotmail_com_email_pipet_mit_at_hotmail_com :ontology tcp-ip :reply-with t :content (pipet_mit_at_hotmail_com_email_pipet_mit_at_hotmail_com sangat.isi.edu:6689))
Tue Mar 04 16:02:35 2003: Received: {'receiver': 'pipet_mit_at_hotmail_com_email_pipet_mit_at_hotmail_com', 'performative': 'reply', 'sender': 'TEAMCORE', 'in-reply-to': 't', 'content': 'pipet_mit_at_hotmail_com_email_pipet_mit_at_hotmail_com TEAMCORE'}
Tue Mar 04 16:02:35 2003: Registration produced: {'receiver': 'pipet_mit_at_hotmail_com_email_pipet_mit_at_hotmail_com', 'performative': 'reply', 'sender': 'TEAMCORE', 'in-reply-to': 't', 'content': 'pipet_mit_at_hotmail_com_email_pipet_mit_at_hotmail_com TEAMCORE'}pipet_mit_at_hotmail_com_email_pipet_mit_at_hotmail_com, TEAMCORE
Tue Mar 04 16:02:35 2003: Registration successful: pipet_mit_at_hotmail_com_email_pipet_mit_at_hotmail_com
Tue Mar 04 16:02:35 2003: Router for pipet_mit_at_hotmail_com_email_pipet_mit_at_hotmail_com running...
Tue Mar 04 16:02:35 2003: Sending message: (ask-one :sender pipet_mit_at_hotmail_com_email_pipet_mit_at_hotmail_com :reply-with t :content "proxy_pipet_mit_at_hotmail_com")
Tue Mar 04 16:02:35 2003: Received: {'receiver': 'pipet_mit_at_hotmail_com_email_pipet_mit_at_hotmail_com', 'performative': 'reply', 'sender': 'TEAMCORE', 'in-reply-to': 't', 'content': 'proxy_pipet_mit_at_hotmail_com:sangat.isi.edu:9993:'}
Tue Mar 04 16:02:35 2003: Sending message: (register :name email_pipet_mit_at_hotmail_com :reply-with nil :agenttype device :receiver proxy_pipet_mit_at_hotmail_com :user pipet_mit_at_hotmail_com :sender pipet_mit_at_hotmail_com_email_pipet_mit_at_hotmail_com :direction (to user))
Tue Mar 04 16:02:36 2003: Received: {'receiver': 'pipet_mit_at_hotmail_com_email_pipet_mit_at_hotmail_com', 'performative': 'ask', 'sender': 'ping_pipet_mit_at_hotmail_com_email_pipet_mit_at_hotmail_com', 'reply-with': 'pipet_mit_at_hotmail_com', 'content': 'hello'}
Tue Mar 04 16:02:36 2003: Processing message: {'receiver': 'pipet_mit_at_hotmail_com_email_pipet_mit_at_hotmail_com', 'performative': 'ask', 'sender': 'ping_pipet_mit_at_hotmail_com_email_pipet_mit_at_hotmail_com', 'reply-with': 'pipet_mit_at_hotmail_com', 'content': 'hello'}
Tue Mar 04 16:02:36 2003: Replying: (sorry :reply-with nil :in-reply-to pipet_mit_at_hotmail_com :receiver ping_pipet_mit_at_hotmail_com_email_pipet_mit_at_hotmail_com :sender pipet_mit_at_hotmail_com_email_pipet_mit_at_hotmail_com :comment "Unintelligible query")
Tue Mar 04 16:12:58 2003: Received: {'receiver': 'pipet_mit_at_hotmail_com_email_pipet_mit_at_hotmail_com', 'performative': 'tell', 'sender': 'stop_pipet_mit_at_hotmail_com_email_pipet_mit_at_hotmail_com', 'reply-with': 'nil', 'content': 'stop'}
Tue Mar 04 16:12:58 2003: Processing message: {'receiver': 'pipet_mit_at_hotmail_com_email_pipet_mit_at_hotmail_com', 'performative': 'tell', 'sender': 'stop_pipet_mit_at_hotmail_com_email_pipet_mit_at_hotmail_com', 'reply-with': 'nil', 'content': 'stop'}
Tue Mar 04 16:12:58 2003: Sending message: (unregister :receiver proxy_pipet_mit_at_hotmail_com :name email_pipet_mit_at_hotmail_com :sender pipet_mit_at_hotmail_com_email_pipet_mit_at_hotmail_com :reply-with nil :user pipet_mit_at_hotmail_com)
Tue Mar 04 16:12:58 2003: Router pipet_mit_at_hotmail_com_email_pipet_mit_at_hotmail_com exiting...
Tue Mar 04 16:12:58 2003: Sending message: (unregister :receiver TEAMCORE :sender pipet_mit_at_hotmail_com_email_pipet_mit_at_hotmail_com :ontology tcp-ip :reply-with nil :content pipet_mit_at_hotmail_com_email_pipet_mit_at_hotmail_com)
Tue Mar 04 16:12:58 2003: Exiting...
Tue Mar 04 16:13:01 2003: Using ANS: ('vibhagam.isi.edu', 5500)
Tue Mar 04 16:13:01 2003: Bound to host/port: sangat.isi.edu:6688
Tue Mar 04 16:13:01 2003: Sending message: (register :ontology tcp-ip :sender pipet_mit_at_hotmail_com_email_pipet_mit_at_hotmail_com :reply-with t :content "pipet_mit_at_hotmail_com_email_pipet_mit_at_hotmail_com sangat.isi.edu:6688")
Tue Mar 04 16:13:01 2003: Received: {'receiver': 'pipet_mit_at_hotmail_com_email_pipet_mit_at_hotmail_com', 'performative': 'error', 'sender': 'TEAMCORE', 'in-reply-to': 't', 'content': 'handler encountered error'}
Tue Mar 04 16:13:01 2003: Registration produced: {'receiver': 'pipet_mit_at_hotmail_com_email_pipet_mit_at_hotmail_com', 'performative': 'error', 'sender': 'TEAMCORE', 'in-reply-to': 't', 'content': 'handler encountered error'}
Tue Mar 04 16:13:01 2003: Sending message: (unregister :sender pipet_mit_at_hotmail_com_email_pipet_mit_at_hotmail_com :ontology tcp-ip :reply-with nil :content pipet_mit_at_hotmail_com_email_pipet_mit_at_hotmail_com)
Tue Mar 04 16:13:01 2003: Sending message: (register :sender pipet_mit_at_hotmail_com_email_pipet_mit_at_hotmail_com :ontology tcp-ip :reply-with t :content (pipet_mit_at_hotmail_com_email_pipet_mit_at_hotmail_com sangat.isi.edu:6688))
Tue Mar 04 16:13:01 2003: Received: {'receiver': 'pipet_mit_at_hotmail_com_email_pipet_mit_at_hotmail_com', 'performative': 'reply', 'sender': 'TEAMCORE', 'in-reply-to': 't', 'content': 'pipet_mit_at_hotmail_com_email_pipet_mit_at_hotmail_com TEAMCORE'}
Tue Mar 04 16:13:01 2003: Registration produced: {'receiver': 'pipet_mit_at_hotmail_com_email_pipet_mit_at_hotmail_com', 'performative': 'reply', 'sender': 'TEAMCORE', 'in-reply-to': 't', 'content': 'pipet_mit_at_hotmail_com_email_pipet_mit_at_hotmail_com TEAMCORE'}pipet_mit_at_hotmail_com_email_pipet_mit_at_hotmail_com, TEAMCORE
Tue Mar 04 16:13:01 2003: Registration successful: pipet_mit_at_hotmail_com_email_pipet_mit_at_hotmail_com
Tue Mar 04 16:13:01 2003: Router for pipet_mit_at_hotmail_com_email_pipet_mit_at_hotmail_com running...
Tue Mar 04 16:13:01 2003: Sending message: (ask-one :sender pipet_mit_at_hotmail_com_email_pipet_mit_at_hotmail_com :reply-with t :content "proxy_pipet_mit_at_hotmail_com")
Tue Mar 04 16:13:01 2003: Received: {'receiver': 'pipet_mit_at_hotmail_com_email_pipet_mit_at_hotmail_com', 'performative': 'reply', 'sender': 'TEAMCORE', 'in-reply-to': 't', 'content': 'proxy_pipet_mit_at_hotmail_com:sangat.isi.edu:9993:'}
Tue Mar 04 16:13:01 2003: Sending message: (register :name email_pipet_mit_at_hotmail_com :reply-with nil :agenttype device :receiver proxy_pipet_mit_at_hotmail_com :user pipet_mit_at_hotmail_com :sender pipet_mit_at_hotmail_com_email_pipet_mit_at_hotmail_com :direction (to user))
Tue Mar 04 16:13:02 2003: Received: {'receiver': 'pipet_mit_at_hotmail_com_email_pipet_mit_at_hotmail_com', 'performative': 'ask', 'sender': 'ping_pipet_mit_at_hotmail_com_email_pipet_mit_at_hotmail_com', 'reply-with': 'pipet_mit_at_hotmail_com', 'content': 'hello'}
Tue Mar 04 16:13:02 2003: Processing message: {'receiver': 'pipet_mit_at_hotmail_com_email_pipet_mit_at_hotmail_com', 'performative': 'ask', 'sender': 'ping_pipet_mit_at_hotmail_com_email_pipet_mit_at_hotmail_com', 'reply-with': 'pipet_mit_at_hotmail_com', 'content': 'hello'}
Tue Mar 04 16:13:02 2003: Replying: (sorry :reply-with nil :in-reply-to pipet_mit_at_hotmail_com :receiver ping_pipet_mit_at_hotmail_com_email_pipet_mit_at_hotmail_com :sender pipet_mit_at_hotmail_com_email_pipet_mit_at_hotmail_com :comment "Unintelligible query")
Mon Apr 21 17:00:51 2003: Received: {'receiver': 'pipet_mit_at_hotmail_com_email_pipet_mit_at_hotmail_com', 'performative': 'kqml-admin', 'sender': 'TEAMCORE', 'kqml-msg-id': '880+vibhagam.isi.edu+30', 'reply-with': 't', 'content': 'name'}
Mon Apr 21 17:00:51 2003: Received: {'receiver': 'pipet_mit_at_hotmail_com_email_pipet_mit_at_hotmail_com', 'performative': 'error', 'sender': 'TEAMCORE', 'kqml-msg-id': '880+vibhagam.isi.edu+30', 'in-reply-to': 't', 'content': 'not ready for performative.'}
Mon Apr 21 17:12:39 2003: Using ANS: ('vibhagam.isi.edu', 5500)
Mon Apr 21 17:12:39 2003: Bound to host/port: sangat.isi.edu:6687
Mon Apr 21 17:12:39 2003: Sending message: (register :ontology tcp-ip :sender pipet_mit_at_hotmail_com_email_pipet_mit_at_hotmail_com :reply-with t :content "pipet_mit_at_hotmail_com_email_pipet_mit_at_hotmail_com sangat.isi.edu:6687")
Mon Apr 21 17:12:39 2003: Received: {'receiver': 'pipet_mit_at_hotmail_com_email_pipet_mit_at_hotmail_com', 'performative': 'error', 'sender': 'TEAMCORE', 'in-reply-to': 't', 'content': 'handler encountered error'}
Mon Apr 21 17:12:39 2003: Registration produced: {'receiver': 'pipet_mit_at_hotmail_com_email_pipet_mit_at_hotmail_com', 'performative': 'error', 'sender': 'TEAMCORE', 'in-reply-to': 't', 'content': 'handler encountered error'}
Mon Apr 21 17:12:39 2003: Sending message: (unregister :sender pipet_mit_at_hotmail_com_email_pipet_mit_at_hotmail_com :ontology tcp-ip :reply-with nil :content pipet_mit_at_hotmail_com_email_pipet_mit_at_hotmail_com)
Mon Apr 21 17:12:39 2003: Sending message: (register :sender pipet_mit_at_hotmail_com_email_pipet_mit_at_hotmail_com :ontology tcp-ip :reply-with t :content (pipet_mit_at_hotmail_com_email_pipet_mit_at_hotmail_com sangat.isi.edu:6687))
Mon Apr 21 17:12:39 2003: Received: {'receiver': 'pipet_mit_at_hotmail_com_email_pipet_mit_at_hotmail_com', 'performative': 'reply', 'sender': 'TEAMCORE', 'in-reply-to': 't', 'content': 'pipet_mit_at_hotmail_com_email_pipet_mit_at_hotmail_com TEAMCORE'}
Mon Apr 21 17:12:39 2003: Registration produced: {'receiver': 'pipet_mit_at_hotmail_com_email_pipet_mit_at_hotmail_com', 'performative': 'reply', 'sender': 'TEAMCORE', 'in-reply-to': 't', 'content': 'pipet_mit_at_hotmail_com_email_pipet_mit_at_hotmail_com TEAMCORE'}pipet_mit_at_hotmail_com_email_pipet_mit_at_hotmail_com, TEAMCORE
Mon Apr 21 17:12:39 2003: Registration successful: pipet_mit_at_hotmail_com_email_pipet_mit_at_hotmail_com
Mon Apr 21 17:12:39 2003: Router for pipet_mit_at_hotmail_com_email_pipet_mit_at_hotmail_com running...
Mon Apr 21 17:12:39 2003: Sending message: (ask-one :sender pipet_mit_at_hotmail_com_email_pipet_mit_at_hotmail_com :reply-with t :content "proxy_pipet_mit_at_hotmail_com")
Mon Apr 21 17:12:39 2003: Received: {'receiver': 'pipet_mit_at_hotmail_com_email_pipet_mit_at_hotmail_com', 'performative': 'reply', 'sender': 'TEAMCORE', 'in-reply-to': 't', 'content': 'proxy_pipet_mit_at_hotmail_com:sangat.isi.edu:9993:'}
Mon Apr 21 17:12:39 2003: Sending message: (register :name email_pipet_mit_at_hotmail_com :reply-with nil :agenttype device :receiver proxy_pipet_mit_at_hotmail_com :user pipet_mit_at_hotmail_com :sender pipet_mit_at_hotmail_com_email_pipet_mit_at_hotmail_com :direction (to user))
Mon Apr 21 17:12:40 2003: Received: {'receiver': 'pipet_mit_at_hotmail_com_email_pipet_mit_at_hotmail_com', 'performative': 'ask', 'sender': 'ping_pipet_mit_at_hotmail_com_email_pipet_mit_at_hotmail_com', 'reply-with': 'pipet_mit_at_hotmail_com', 'content': 'hello'}
Mon Apr 21 17:12:40 2003: Processing message: {'receiver': 'pipet_mit_at_hotmail_com_email_pipet_mit_at_hotmail_com', 'performative': 'ask', 'sender': 'ping_pipet_mit_at_hotmail_com_email_pipet_mit_at_hotmail_com', 'reply-with': 'pipet_mit_at_hotmail_com', 'content': 'hello'}
Mon Apr 21 17:12:40 2003: Replying: (sorry :reply-with nil :in-reply-to pipet_mit_at_hotmail_com :receiver ping_pipet_mit_at_hotmail_com_email_pipet_mit_at_hotmail_com :sender pipet_mit_at_hotmail_com_email_pipet_mit_at_hotmail_com :comment "Unintelligible query")
Mon Apr 21 17:53:19 2003: Using ANS: ('vibhagam', 5500)
Mon Apr 21 17:53:19 2003: Bound to host/port: sangat.isi.edu:6687
Mon Apr 21 17:53:19 2003: Sending message: (register :ontology tcp-ip :sender pipet_mit_at_hotmail_com_email_pipet_mit_at_hotmail_com :reply-with t :content "pipet_mit_at_hotmail_com_email_pipet_mit_at_hotmail_com sangat.isi.edu:6687")
Mon Apr 21 17:53:19 2003: Received: {'receiver': 'pipet_mit_at_hotmail_com_email_pipet_mit_at_hotmail_com', 'performative': 'error', 'sender': 'TEAMCORE', 'in-reply-to': 't', 'content': 'handler encountered error'}
Mon Apr 21 17:53:19 2003: Registration produced: {'receiver': 'pipet_mit_at_hotmail_com_email_pipet_mit_at_hotmail_com', 'performative': 'error', 'sender': 'TEAMCORE', 'in-reply-to': 't', 'content': 'handler encountered error'}
Mon Apr 21 17:53:19 2003: Sending message: (unregister :sender pipet_mit_at_hotmail_com_email_pipet_mit_at_hotmail_com :ontology tcp-ip :reply-with nil :content pipet_mit_at_hotmail_com_email_pipet_mit_at_hotmail_com)
Mon Apr 21 17:53:19 2003: Sending message: (register :sender pipet_mit_at_hotmail_com_email_pipet_mit_at_hotmail_com :ontology tcp-ip :reply-with t :content (pipet_mit_at_hotmail_com_email_pipet_mit_at_hotmail_com sangat.isi.edu:6687))
Mon Apr 21 17:53:19 2003: Received: {'receiver': 'pipet_mit_at_hotmail_com_email_pipet_mit_at_hotmail_com', 'performative': 'reply', 'sender': 'TEAMCORE', 'in-reply-to': 't', 'content': 'pipet_mit_at_hotmail_com_email_pipet_mit_at_hotmail_com TEAMCORE'}
Mon Apr 21 17:53:19 2003: Registration produced: {'receiver': 'pipet_mit_at_hotmail_com_email_pipet_mit_at_hotmail_com', 'performative': 'reply', 'sender': 'TEAMCORE', 'in-reply-to': 't', 'content': 'pipet_mit_at_hotmail_com_email_pipet_mit_at_hotmail_com TEAMCORE'}pipet_mit_at_hotmail_com_email_pipet_mit_at_hotmail_com, TEAMCORE
Mon Apr 21 17:53:19 2003: Registration successful: pipet_mit_at_hotmail_com_email_pipet_mit_at_hotmail_com
Mon Apr 21 17:53:19 2003: Sending message: (ask-one :sender pipet_mit_at_hotmail_com_email_pipet_mit_at_hotmail_com :reply-with t :content "proxy_pipet_mit_at_hotmail_com")
Mon Apr 21 17:53:19 2003: Router for pipet_mit_at_hotmail_com_email_pipet_mit_at_hotmail_com running...
Mon Apr 21 17:53:19 2003: Received: {'receiver': 'pipet_mit_at_hotmail_com_email_pipet_mit_at_hotmail_com', 'performative': 'reply', 'sender': 'TEAMCORE', 'in-reply-to': 't', 'content': 'proxy_pipet_mit_at_hotmail_com:sangat.isi.edu:9991:'}
Mon Apr 21 17:53:19 2003: Sending message: (register :name email_pipet_mit_at_hotmail_com :reply-with nil :agenttype device :receiver proxy_pipet_mit_at_hotmail_com :user pipet_mit_at_hotmail_com :sender pipet_mit_at_hotmail_com_email_pipet_mit_at_hotmail_com :direction (to user))
Mon Apr 21 17:53:20 2003: Received: {'receiver': 'pipet_mit_at_hotmail_com_email_pipet_mit_at_hotmail_com', 'performative': 'ask', 'sender': 'ping_pipet_mit_at_hotmail_com_email_pipet_mit_at_hotmail_com', 'reply-with': 'pipet_mit_at_hotmail_com', 'content': 'hello'}
Mon Apr 21 17:53:20 2003: Processing message: {'receiver': 'pipet_mit_at_hotmail_com_email_pipet_mit_at_hotmail_com', 'performative': 'ask', 'sender': 'ping_pipet_mit_at_hotmail_com_email_pipet_mit_at_hotmail_com', 'reply-with': 'pipet_mit_at_hotmail_com', 'content': 'hello'}
Mon Apr 21 17:53:20 2003: Replying: (sorry :reply-with nil :in-reply-to pipet_mit_at_hotmail_com :receiver ping_pipet_mit_at_hotmail_com_email_pipet_mit_at_hotmail_com :sender pipet_mit_at_hotmail_com_email_pipet_mit_at_hotmail_com :comment "Unintelligible query")
Mon Apr 21 17:56:18 2003: Received: {'receiver': 'pipet_mit_at_hotmail_com_email_pipet_mit_at_hotmail_com', 'performative': 'ask', 'sender': 'ping_pipet_mit_at_hotmail_com_email_pipet_mit_at_hotmail_com', 'reply-with': 'pipet_mit_at_hotmail_com', 'content': 'hello'}
Mon Apr 21 17:56:18 2003: Processing message: {'receiver': 'pipet_mit_at_hotmail_com_email_pipet_mit_at_hotmail_com', 'performative': 'ask', 'sender': 'ping_pipet_mit_at_hotmail_com_email_pipet_mit_at_hotmail_com', 'reply-with': 'pipet_mit_at_hotmail_com', 'content': 'hello'}
Mon Apr 21 17:56:18 2003: Replying: (sorry :reply-with nil :in-reply-to pipet_mit_at_hotmail_com :receiver ping_pipet_mit_at_hotmail_com_email_pipet_mit_at_hotmail_com :sender pipet_mit_at_hotmail_com_email_pipet_mit_at_hotmail_com :comment "Unintelligible query")
Fri Aug 15 11:56:38 2003: Received: {'receiver': 'pipet_mit_at_hotmail_com_email_pipet_mit_at_hotmail_com', 'performative': 'kqml-admin', 'sender': 'TEAMCORE', 'kqml-msg-id': '23912+vibhagam.isi.edu+25', 'reply-with': 't', 'content': 'name'}
