Fri May 31 23:55:48 2002: Using ANS: ('vibhagam.isi.edu', 5500)
Fri May 31 23:55:48 2002: Bound to host/port: sangat.isi.edu:6689
Fri May 31 23:55:48 2002: Sending message: (register :ontology tcp-ip :sender barish_at_isi_edu_email_barish_at_isi_edu :reply-with t :content "barish_at_isi_edu_email_barish_at_isi_edu sangat.isi.edu:6689")
Fri May 31 23:55:48 2002: Received: {'receiver': 'barish_at_isi_edu_email_barish_at_isi_edu', 'performative': 'error', 'sender': 'TEAMCORE', 'in-reply-to': 't', 'content': 'handler encountered error'}
Fri May 31 23:55:48 2002: Registration produced: {'receiver': 'barish_at_isi_edu_email_barish_at_isi_edu', 'performative': 'error', 'sender': 'TEAMCORE', 'in-reply-to': 't', 'content': 'handler encountered error'}
Fri May 31 23:55:48 2002: Sending message: (unregister :sender barish_at_isi_edu_email_barish_at_isi_edu :ontology tcp-ip :reply-with nil :content barish_at_isi_edu_email_barish_at_isi_edu)
Fri May 31 23:55:48 2002: Sending message: (register :sender barish_at_isi_edu_email_barish_at_isi_edu :ontology tcp-ip :reply-with t :content (barish_at_isi_edu_email_barish_at_isi_edu sangat.isi.edu:6689))
Fri May 31 23:55:48 2002: Received: {'receiver': 'barish_at_isi_edu_email_barish_at_isi_edu', 'performative': 'reply', 'sender': 'TEAMCORE', 'in-reply-to': 't', 'content': 'barish_at_isi_edu_email_barish_at_isi_edu TEAMCORE'}
Fri May 31 23:55:48 2002: Registration produced: {'receiver': 'barish_at_isi_edu_email_barish_at_isi_edu', 'performative': 'reply', 'sender': 'TEAMCORE', 'in-reply-to': 't', 'content': 'barish_at_isi_edu_email_barish_at_isi_edu TEAMCORE'}barish_at_isi_edu_email_barish_at_isi_edu, TEAMCORE
Fri May 31 23:55:48 2002: Registration successful: barish_at_isi_edu_email_barish_at_isi_edu
Fri May 31 23:55:48 2002: Router for barish_at_isi_edu_email_barish_at_isi_edu running...
Fri May 31 23:55:48 2002: Sending message: (ask-one :sender barish_at_isi_edu_email_barish_at_isi_edu :reply-with t :content "proxy_barish_at_isi_edu")
Fri May 31 23:55:48 2002: Received: {'receiver': 'barish_at_isi_edu_email_barish_at_isi_edu', 'performative': 'reply', 'sender': 'TEAMCORE', 'in-reply-to': 't', 'content': 'proxy_barish_at_isi_edu:sangat.isi.edu:9992:'}
Fri May 31 23:55:48 2002: Sending message: (register :name email_barish_at_isi_edu :reply-with nil :agenttype device :receiver proxy_barish_at_isi_edu :user barish_at_isi_edu :sender barish_at_isi_edu_email_barish_at_isi_edu :direction (to user))
Fri May 31 23:56:07 2002: Received: {'subject': 'Test', 'performative': 'tell', 'reply-with': 'nil', 'receiver': 'barish_at_isi_edu_email_barish_at_isi_edu', 'user': 'barish@isi.edu', 'sender': 'proxy_barish_at_isi_edu', 'shortcontent': 'This is a test', 'content': 'This is a test message for barish@isi.edu'}
Fri May 31 23:56:07 2002: Processing message: {'subject': 'Test', 'performative': 'tell', 'reply-with': 'nil', 'receiver': 'barish_at_isi_edu_email_barish_at_isi_edu', 'user': 'barish@isi.edu', 'sender': 'proxy_barish_at_isi_edu', 'shortcontent': 'This is a test', 'content': 'This is a test message for barish@isi.edu'}
Fri May 31 23:56:08 2002: Message for user ID: barish@isi.edu
Fri May 31 23:56:08 2002: User name:  
Mon Jun 03 10:55:24 2002: Received: {'receiver': 'barish_at_isi_edu_email_barish_at_isi_edu', 'performative': 'ask', 'sender': 'ping_barish_at_isi_edu_email_barish_at_isi_edu', 'reply-with': 'barish_at_isi_edu', 'content': 'hello'}
Mon Jun 03 10:55:24 2002: Processing message: {'receiver': 'barish_at_isi_edu_email_barish_at_isi_edu', 'performative': 'ask', 'sender': 'ping_barish_at_isi_edu_email_barish_at_isi_edu', 'reply-with': 'barish_at_isi_edu', 'content': 'hello'}
Mon Jun 03 10:55:24 2002: Replying: (sorry :reply-with nil :in-reply-to barish_at_isi_edu :receiver ping_barish_at_isi_edu_email_barish_at_isi_edu :sender barish_at_isi_edu_email_barish_at_isi_edu :comment "Unintelligible query")
Wed Jun 05 07:21:30 2002: Received: {'subject': 'American Airlines flight 88', 'performative': 'tell', 'reply-with': 'nil', 'receiver': 'barish_at_isi_edu_email_barish_at_isi_edu', 'user': 'barish@isi.edu', 'sender': 'proxy_barish_at_isi_edu', 'deadline': '10000', 'shortcontent': 'American Airlines flight 88 departs LAX<br/> on-time at 9:36 AM Gate 47B and <br/>arrives ORD at 3:36 PM Gate K11.', 'content': 'Dear barish_at_isi_edu,<br/><br/>Your American Airlines flight 88 is still scheduled to depart on-time at 9:36 AM Gate and is scheduled to arrive at 3:36 PM Gate .<br/><br/> -- Your personal elf'}
Wed Jun 05 07:21:31 2002: Processing message: {'subject': 'American Airlines flight 88', 'performative': 'tell', 'reply-with': 'nil', 'receiver': 'barish_at_isi_edu_email_barish_at_isi_edu', 'user': 'barish@isi.edu', 'sender': 'proxy_barish_at_isi_edu', 'deadline': '10000', 'shortcontent': 'American Airlines flight 88 departs LAX<br/> on-time at 9:36 AM Gate 47B and <br/>arrives ORD at 3:36 PM Gate K11.', 'content': 'Dear barish_at_isi_edu,<br/><br/>Your American Airlines flight 88 is still scheduled to depart on-time at 9:36 AM Gate and is scheduled to arrive at 3:36 PM Gate .<br/><br/> -- Your personal elf'}
Wed Jun 05 07:21:31 2002: Message for user ID: barish@isi.edu
Wed Jun 05 07:21:31 2002: User name:  
Thu Jun 06 14:46:54 2002: Received: {'receiver': 'barish_at_isi_edu_email_barish_at_isi_edu', 'performative': 'ask', 'sender': 'ping_barish_at_isi_edu_email_barish_at_isi_edu', 'reply-with': 'barish_at_isi_edu', 'content': 'hello'}
Thu Jun 06 14:46:54 2002: Processing message: {'receiver': 'barish_at_isi_edu_email_barish_at_isi_edu', 'performative': 'ask', 'sender': 'ping_barish_at_isi_edu_email_barish_at_isi_edu', 'reply-with': 'barish_at_isi_edu', 'content': 'hello'}
Thu Jun 06 14:46:54 2002: Replying: (sorry :reply-with nil :in-reply-to barish_at_isi_edu :receiver ping_barish_at_isi_edu_email_barish_at_isi_edu :sender barish_at_isi_edu_email_barish_at_isi_edu :comment "Unintelligible query")
Fri Jun 07 06:01:13 2002: Received: {'subject': 'United Airlines flight 5572', 'performative': 'tell', 'reply-with': 'nil', 'receiver': 'barish_at_isi_edu_email_barish_at_isi_edu', 'user': 'barish@isi.edu', 'sender': 'proxy_barish_at_isi_edu', 'deadline': '10000', 'shortcontent': 'United Airlines flight 5572 departs SBA<br/> on-time at 8:15 AM Gate Not Available and <br/>arrives DEN at 11:35 AM Gate A46.', 'content': 'Dear barish_at_isi_edu,<br/><br/>Your United Airlines flight 5572 is still scheduled to depart on-time at 8:15 AM Gate and is scheduled to arrive at 11:35 AM Gate .<br/><br/> -- Your personal elf'}
Fri Jun 07 06:01:13 2002: Processing message: {'subject': 'United Airlines flight 5572', 'performative': 'tell', 'reply-with': 'nil', 'receiver': 'barish_at_isi_edu_email_barish_at_isi_edu', 'user': 'barish@isi.edu', 'sender': 'proxy_barish_at_isi_edu', 'deadline': '10000', 'shortcontent': 'United Airlines flight 5572 departs SBA<br/> on-time at 8:15 AM Gate Not Available and <br/>arrives DEN at 11:35 AM Gate A46.', 'content': 'Dear barish_at_isi_edu,<br/><br/>Your United Airlines flight 5572 is still scheduled to depart on-time at 8:15 AM Gate and is scheduled to arrive at 11:35 AM Gate .<br/><br/> -- Your personal elf'}
Fri Jun 07 06:01:13 2002: Message for user ID: barish@isi.edu
Fri Jun 07 06:01:13 2002: User name:  
Fri Jun 07 10:31:26 2002: Received: {'subject': 'Connecting Flights', 'performative': 'tell', 'reply-with': 'nil', 'receiver': 'barish_at_isi_edu_email_barish_at_isi_edu', 'user': 'barish@isi.edu', 'sender': 'proxy_barish_at_isi_edu', 'deadline': '10000', 'shortcontent': 'Connecting Flight<br/>Your connecting United Airlines flight 1891 will depart at 9:25 AM (25 minutes Late) at gate A3.<br/>Earlier flights:<br/> Earlier flights not found', 'content': 'Dear barish_at_isi_edu,<br/>Your connecting United Airlines flight 1891 will depart at 9:25 AM (25 minutes Late) at gate A3.<br/><br/>If you would like to leave earlier, the following United Airlines flights will depart earlier than your scheduled flight:<br/><br/>Earlier flights not found<br/> Thank you, <br/><br/> -- Your personal elf'}
Fri Jun 07 10:31:26 2002: Processing message: {'subject': 'Connecting Flights', 'performative': 'tell', 'reply-with': 'nil', 'receiver': 'barish_at_isi_edu_email_barish_at_isi_edu', 'user': 'barish@isi.edu', 'sender': 'proxy_barish_at_isi_edu', 'deadline': '10000', 'shortcontent': 'Connecting Flight<br/>Your connecting United Airlines flight 1891 will depart at 9:25 AM (25 minutes Late) at gate A3.<br/>Earlier flights:<br/> Earlier flights not found', 'content': 'Dear barish_at_isi_edu,<br/>Your connecting United Airlines flight 1891 will depart at 9:25 AM (25 minutes Late) at gate A3.<br/><br/>If you would like to leave earlier, the following United Airlines flights will depart earlier than your scheduled flight:<br/><br/>Earlier flights not found<br/> Thank you, <br/><br/> -- Your personal elf'}
Fri Jun 07 10:31:26 2002: Message for user ID: barish@isi.edu
Fri Jun 07 10:31:26 2002: User name:  
Fri Jun 07 12:39:49 2002: Received: {'subject': 'American Airlines flight 1891', 'performative': 'tell', 'reply-with': 'nil', 'receiver': 'barish_at_isi_edu_email_barish_at_isi_edu', 'user': 'barish@isi.edu', 'sender': 'proxy_barish_at_isi_edu', 'deadline': '10000', 'shortcontent': 'American Airlines flight 1891 departs BOS<br/> on-time at 5:56 PM Gate B26 and <br/>arrives ORD at 7:50 PM Gate H12.', 'content': 'Dear barish_at_isi_edu,<br/><br/>Your American Airlines flight 1891 is still scheduled to depart on-time at 5:56 PM Gate and is scheduled to arrive at 7:50 PM Gate .<br/><br/> -- Your personal elf'}
Fri Jun 07 12:39:49 2002: Processing message: {'subject': 'American Airlines flight 1891', 'performative': 'tell', 'reply-with': 'nil', 'receiver': 'barish_at_isi_edu_email_barish_at_isi_edu', 'user': 'barish@isi.edu', 'sender': 'proxy_barish_at_isi_edu', 'deadline': '10000', 'shortcontent': 'American Airlines flight 1891 departs BOS<br/> on-time at 5:56 PM Gate B26 and <br/>arrives ORD at 7:50 PM Gate H12.', 'content': 'Dear barish_at_isi_edu,<br/><br/>Your American Airlines flight 1891 is still scheduled to depart on-time at 5:56 PM Gate and is scheduled to arrive at 7:50 PM Gate .<br/><br/> -- Your personal elf'}
Fri Jun 07 12:39:49 2002: Message for user ID: barish@isi.edu
Fri Jun 07 12:39:49 2002: User name:  
Mon Jun 10 12:50:45 2002: Received: {'receiver': 'barish_at_isi_edu_email_barish_at_isi_edu', 'performative': 'kqml-admin', 'sender': 'TEAMCORE', 'kqml-msg-id': '699+vibhagam.isi.edu+48', 'reply-with': 't', 'content': 'name'}
Mon Jun 10 13:21:29 2002: Using ANS: ('vibhagam', 5500)
Mon Jun 10 13:21:29 2002: Bound to host/port: sangat.isi.edu:6688
Mon Jun 10 13:21:29 2002: Sending message: (register :ontology tcp-ip :sender barish_at_isi_edu_email_barish_at_isi_edu :reply-with t :content "barish_at_isi_edu_email_barish_at_isi_edu sangat.isi.edu:6688")
Mon Jun 10 13:21:29 2002: Received: {'receiver': 'barish_at_isi_edu_email_barish_at_isi_edu', 'performative': 'error', 'sender': 'TEAMCORE', 'in-reply-to': 't', 'content': 'handler encountered error'}
Mon Jun 10 13:21:29 2002: Registration produced: {'receiver': 'barish_at_isi_edu_email_barish_at_isi_edu', 'performative': 'error', 'sender': 'TEAMCORE', 'in-reply-to': 't', 'content': 'handler encountered error'}
Mon Jun 10 13:21:29 2002: Sending message: (unregister :sender barish_at_isi_edu_email_barish_at_isi_edu :ontology tcp-ip :reply-with nil :content barish_at_isi_edu_email_barish_at_isi_edu)
Mon Jun 10 13:21:29 2002: Sending message: (register :sender barish_at_isi_edu_email_barish_at_isi_edu :ontology tcp-ip :reply-with t :content (barish_at_isi_edu_email_barish_at_isi_edu sangat.isi.edu:6688))
Mon Jun 10 13:21:29 2002: Received: {'receiver': 'barish_at_isi_edu_email_barish_at_isi_edu', 'performative': 'reply', 'sender': 'TEAMCORE', 'in-reply-to': 't', 'content': 'barish_at_isi_edu_email_barish_at_isi_edu TEAMCORE'}
Mon Jun 10 13:21:29 2002: Registration produced: {'receiver': 'barish_at_isi_edu_email_barish_at_isi_edu', 'performative': 'reply', 'sender': 'TEAMCORE', 'in-reply-to': 't', 'content': 'barish_at_isi_edu_email_barish_at_isi_edu TEAMCORE'}barish_at_isi_edu_email_barish_at_isi_edu, TEAMCORE
Mon Jun 10 13:21:29 2002: Registration successful: barish_at_isi_edu_email_barish_at_isi_edu
Mon Jun 10 13:21:29 2002: Router for barish_at_isi_edu_email_barish_at_isi_edu running...
Mon Jun 10 13:21:29 2002: Sending message: (ask-one :sender barish_at_isi_edu_email_barish_at_isi_edu :reply-with t :content "proxy_barish_at_isi_edu")
Mon Jun 10 13:21:29 2002: Received: {'receiver': 'barish_at_isi_edu_email_barish_at_isi_edu', 'performative': 'reply', 'sender': 'TEAMCORE', 'in-reply-to': 't', 'content': 'proxy_barish_at_isi_edu:sangat.isi.edu:9991:'}
Mon Jun 10 13:21:29 2002: Sending message: (register :name email_barish_at_isi_edu :reply-with nil :agenttype device :receiver proxy_barish_at_isi_edu :user barish_at_isi_edu :sender barish_at_isi_edu_email_barish_at_isi_edu :direction (to user))
Mon Jun 10 13:21:31 2002: Received: {'receiver': 'barish_at_isi_edu_email_barish_at_isi_edu', 'performative': 'ask', 'sender': 'ping_barish_at_isi_edu_email_barish_at_isi_edu', 'reply-with': 'barish_at_isi_edu', 'content': 'hello'}
Mon Jun 10 13:21:31 2002: Processing message: {'receiver': 'barish_at_isi_edu_email_barish_at_isi_edu', 'performative': 'ask', 'sender': 'ping_barish_at_isi_edu_email_barish_at_isi_edu', 'reply-with': 'barish_at_isi_edu', 'content': 'hello'}
Mon Jun 10 13:21:31 2002: Replying: (sorry :reply-with nil :in-reply-to barish_at_isi_edu :receiver ping_barish_at_isi_edu_email_barish_at_isi_edu :sender barish_at_isi_edu_email_barish_at_isi_edu :comment "Unintelligible query")
Mon Jun 10 13:24:08 2002: Received: {'receiver': 'barish_at_isi_edu_email_barish_at_isi_edu', 'performative': 'ask', 'sender': 'ping_barish_at_isi_edu_email_barish_at_isi_edu', 'reply-with': 'barish_at_isi_edu', 'content': 'hello'}
Mon Jun 10 13:24:08 2002: Processing message: {'receiver': 'barish_at_isi_edu_email_barish_at_isi_edu', 'performative': 'ask', 'sender': 'ping_barish_at_isi_edu_email_barish_at_isi_edu', 'reply-with': 'barish_at_isi_edu', 'content': 'hello'}
Mon Jun 10 13:24:08 2002: Replying: (sorry :reply-with nil :in-reply-to barish_at_isi_edu :receiver ping_barish_at_isi_edu_email_barish_at_isi_edu :sender barish_at_isi_edu_email_barish_at_isi_edu :comment "Unintelligible query")
Wed Jun 12 11:56:58 2002: Received: {'receiver': 'barish_at_isi_edu_email_barish_at_isi_edu', 'performative': 'ask', 'sender': 'ping_barish_at_isi_edu_email_barish_at_isi_edu', 'reply-with': 'barish_at_isi_edu', 'content': 'hello'}
Wed Jun 12 11:56:58 2002: Processing message: {'receiver': 'barish_at_isi_edu_email_barish_at_isi_edu', 'performative': 'ask', 'sender': 'ping_barish_at_isi_edu_email_barish_at_isi_edu', 'reply-with': 'barish_at_isi_edu', 'content': 'hello'}
Wed Jun 12 11:56:58 2002: Replying: (sorry :reply-with nil :in-reply-to barish_at_isi_edu :receiver ping_barish_at_isi_edu_email_barish_at_isi_edu :sender barish_at_isi_edu_email_barish_at_isi_edu :comment "Unintelligible query")
Fri Jun 21 17:41:02 2002: Received: {'receiver': 'barish_at_isi_edu_email_barish_at_isi_edu', 'performative': 'ask', 'sender': 'ping_barish_at_isi_edu_email_barish_at_isi_edu', 'reply-with': 'barish_at_isi_edu', 'content': 'hello'}
Fri Jun 21 17:41:02 2002: Processing message: {'receiver': 'barish_at_isi_edu_email_barish_at_isi_edu', 'performative': 'ask', 'sender': 'ping_barish_at_isi_edu_email_barish_at_isi_edu', 'reply-with': 'barish_at_isi_edu', 'content': 'hello'}
Fri Jun 21 17:41:02 2002: Replying: (sorry :reply-with nil :in-reply-to barish_at_isi_edu :receiver ping_barish_at_isi_edu_email_barish_at_isi_edu :sender barish_at_isi_edu_email_barish_at_isi_edu :comment "Unintelligible query")
Mon Jun 24 17:25:56 2002: Received: {'receiver': 'barish_at_isi_edu_email_barish_at_isi_edu', 'performative': 'ask', 'sender': 'ping_barish_at_isi_edu_email_barish_at_isi_edu', 'reply-with': 'barish_at_isi_edu', 'content': 'hello'}
Mon Jun 24 17:25:56 2002: Processing message: {'receiver': 'barish_at_isi_edu_email_barish_at_isi_edu', 'performative': 'ask', 'sender': 'ping_barish_at_isi_edu_email_barish_at_isi_edu', 'reply-with': 'barish_at_isi_edu', 'content': 'hello'}
Mon Jun 24 17:25:56 2002: Replying: (sorry :reply-with nil :in-reply-to barish_at_isi_edu :receiver ping_barish_at_isi_edu_email_barish_at_isi_edu :sender barish_at_isi_edu_email_barish_at_isi_edu :comment "Unintelligible query")
Tue Jun 25 10:00:12 2002: Received: {'receiver': 'barish_at_isi_edu_email_barish_at_isi_edu', 'performative': 'tell', 'sender': 'stop_barish_at_isi_edu_email_barish_at_isi_edu', 'reply-with': 'nil', 'content': 'stop'}
Tue Jun 25 10:00:12 2002: Processing message: {'receiver': 'barish_at_isi_edu_email_barish_at_isi_edu', 'performative': 'tell', 'sender': 'stop_barish_at_isi_edu_email_barish_at_isi_edu', 'reply-with': 'nil', 'content': 'stop'}
Tue Jun 25 10:00:12 2002: Sending message: (unregister :receiver proxy_barish_at_isi_edu :name email_barish_at_isi_edu :sender barish_at_isi_edu_email_barish_at_isi_edu :reply-with nil :user barish_at_isi_edu)
Tue Jun 25 10:00:12 2002: Router barish_at_isi_edu_email_barish_at_isi_edu exiting...
Tue Jun 25 10:00:12 2002: Sending message: (unregister :receiver TEAMCORE :sender barish_at_isi_edu_email_barish_at_isi_edu :ontology tcp-ip :reply-with nil :content barish_at_isi_edu_email_barish_at_isi_edu)
Tue Jun 25 10:00:12 2002: Exiting...
Tue Jun 25 10:00:15 2002: Using ANS: ('vibhagam.isi.edu', 5500)
Tue Jun 25 10:00:15 2002: Bound to host/port: sangat.isi.edu:6684
Tue Jun 25 10:00:15 2002: Sending message: (register :ontology tcp-ip :sender barish_at_isi_edu_email_barish_at_isi_edu :reply-with t :content "barish_at_isi_edu_email_barish_at_isi_edu sangat.isi.edu:6684")
Tue Jun 25 10:00:15 2002: Received: {'receiver': 'barish_at_isi_edu_email_barish_at_isi_edu', 'performative': 'error', 'sender': 'TEAMCORE', 'in-reply-to': 't', 'content': 'handler encountered error'}
Tue Jun 25 10:00:15 2002: Registration produced: {'receiver': 'barish_at_isi_edu_email_barish_at_isi_edu', 'performative': 'error', 'sender': 'TEAMCORE', 'in-reply-to': 't', 'content': 'handler encountered error'}
Tue Jun 25 10:00:15 2002: Sending message: (unregister :sender barish_at_isi_edu_email_barish_at_isi_edu :ontology tcp-ip :reply-with nil :content barish_at_isi_edu_email_barish_at_isi_edu)
Tue Jun 25 10:00:15 2002: Sending message: (register :sender barish_at_isi_edu_email_barish_at_isi_edu :ontology tcp-ip :reply-with t :content (barish_at_isi_edu_email_barish_at_isi_edu sangat.isi.edu:6684))
Tue Jun 25 10:00:15 2002: Received: {'receiver': 'barish_at_isi_edu_email_barish_at_isi_edu', 'performative': 'reply', 'sender': 'TEAMCORE', 'in-reply-to': 't', 'content': 'barish_at_isi_edu_email_barish_at_isi_edu TEAMCORE'}
Tue Jun 25 10:00:15 2002: Registration produced: {'receiver': 'barish_at_isi_edu_email_barish_at_isi_edu', 'performative': 'reply', 'sender': 'TEAMCORE', 'in-reply-to': 't', 'content': 'barish_at_isi_edu_email_barish_at_isi_edu TEAMCORE'}barish_at_isi_edu_email_barish_at_isi_edu, TEAMCORE
Tue Jun 25 10:00:15 2002: Registration successful: barish_at_isi_edu_email_barish_at_isi_edu
Tue Jun 25 10:00:15 2002: Router for barish_at_isi_edu_email_barish_at_isi_edu running...
Tue Jun 25 10:00:15 2002: Sending message: (ask-one :sender barish_at_isi_edu_email_barish_at_isi_edu :reply-with t :content "proxy_barish_at_isi_edu")
Tue Jun 25 10:00:15 2002: Received: {'receiver': 'barish_at_isi_edu_email_barish_at_isi_edu', 'performative': 'reply', 'sender': 'TEAMCORE', 'in-reply-to': 't', 'content': 'proxy_barish_at_isi_edu:sangat.isi.edu:9991:'}
Tue Jun 25 10:00:15 2002: Sending message: (register :name email_barish_at_isi_edu :reply-with nil :agenttype device :receiver proxy_barish_at_isi_edu :user barish_at_isi_edu :sender barish_at_isi_edu_email_barish_at_isi_edu :direction (to user))
Tue Jun 25 10:00:16 2002: Received: {'receiver': 'barish_at_isi_edu_email_barish_at_isi_edu', 'performative': 'ask', 'sender': 'ping_barish_at_isi_edu_email_barish_at_isi_edu', 'reply-with': 'barish_at_isi_edu', 'content': 'hello'}
Tue Jun 25 10:00:16 2002: Processing message: {'receiver': 'barish_at_isi_edu_email_barish_at_isi_edu', 'performative': 'ask', 'sender': 'ping_barish_at_isi_edu_email_barish_at_isi_edu', 'reply-with': 'barish_at_isi_edu', 'content': 'hello'}
Tue Jun 25 10:00:16 2002: Replying: (sorry :reply-with nil :in-reply-to barish_at_isi_edu :receiver ping_barish_at_isi_edu_email_barish_at_isi_edu :sender barish_at_isi_edu_email_barish_at_isi_edu :comment "Unintelligible query")
Wed Jun 26 14:22:42 2002: Using ANS: ('vibhagam.isi.edu', 5500)
Wed Jun 26 14:22:42 2002: Bound to host/port: sangat.isi.edu:6682
Wed Jun 26 14:22:42 2002: Sending message: (register :ontology tcp-ip :sender barish_at_isi_edu_email_barish_at_isi_edu :reply-with t :content "barish_at_isi_edu_email_barish_at_isi_edu sangat.isi.edu:6682")
Wed Jun 26 14:22:42 2002: Received: {'receiver': 'barish_at_isi_edu_email_barish_at_isi_edu', 'performative': 'error', 'sender': 'TEAMCORE', 'in-reply-to': 't', 'content': 'handler encountered error'}
Wed Jun 26 14:22:42 2002: Registration produced: {'receiver': 'barish_at_isi_edu_email_barish_at_isi_edu', 'performative': 'error', 'sender': 'TEAMCORE', 'in-reply-to': 't', 'content': 'handler encountered error'}
Wed Jun 26 14:22:42 2002: Sending message: (unregister :sender barish_at_isi_edu_email_barish_at_isi_edu :ontology tcp-ip :reply-with nil :content barish_at_isi_edu_email_barish_at_isi_edu)
Wed Jun 26 14:22:42 2002: Sending message: (register :sender barish_at_isi_edu_email_barish_at_isi_edu :ontology tcp-ip :reply-with t :content (barish_at_isi_edu_email_barish_at_isi_edu sangat.isi.edu:6682))
Wed Jun 26 14:22:42 2002: Received: {'receiver': 'barish_at_isi_edu_email_barish_at_isi_edu', 'performative': 'reply', 'sender': 'TEAMCORE', 'in-reply-to': 't', 'content': 'barish_at_isi_edu_email_barish_at_isi_edu TEAMCORE'}
Wed Jun 26 14:22:42 2002: Registration produced: {'receiver': 'barish_at_isi_edu_email_barish_at_isi_edu', 'performative': 'reply', 'sender': 'TEAMCORE', 'in-reply-to': 't', 'content': 'barish_at_isi_edu_email_barish_at_isi_edu TEAMCORE'}barish_at_isi_edu_email_barish_at_isi_edu, TEAMCORE
Wed Jun 26 14:22:42 2002: Registration successful: barish_at_isi_edu_email_barish_at_isi_edu
Wed Jun 26 14:22:42 2002: Router for barish_at_isi_edu_email_barish_at_isi_edu running...
Wed Jun 26 14:22:42 2002: Sending message: (ask-one :sender barish_at_isi_edu_email_barish_at_isi_edu :reply-with t :content "proxy_barish_at_isi_edu")
Wed Jun 26 14:22:42 2002: Received: {'receiver': 'barish_at_isi_edu_email_barish_at_isi_edu', 'performative': 'reply', 'sender': 'TEAMCORE', 'in-reply-to': 't', 'content': 'proxy_barish_at_isi_edu:sangat.isi.edu:9991:'}
Wed Jun 26 14:22:42 2002: Sending message: (register :name email_barish_at_isi_edu :reply-with nil :agenttype device :receiver proxy_barish_at_isi_edu :user barish_at_isi_edu :sender barish_at_isi_edu_email_barish_at_isi_edu :direction (to user))
Wed Jun 26 14:22:44 2002: Received: {'receiver': 'barish_at_isi_edu_email_barish_at_isi_edu', 'performative': 'ask', 'sender': 'ping_barish_at_isi_edu_email_barish_at_isi_edu', 'reply-with': 'barish_at_isi_edu', 'content': 'hello'}
Wed Jun 26 14:22:44 2002: Processing message: {'receiver': 'barish_at_isi_edu_email_barish_at_isi_edu', 'performative': 'ask', 'sender': 'ping_barish_at_isi_edu_email_barish_at_isi_edu', 'reply-with': 'barish_at_isi_edu', 'content': 'hello'}
Wed Jun 26 14:22:44 2002: Replying: (sorry :reply-with nil :in-reply-to barish_at_isi_edu :receiver ping_barish_at_isi_edu_email_barish_at_isi_edu :sender barish_at_isi_edu_email_barish_at_isi_edu :comment "Unintelligible query")
Wed Jun 26 14:41:51 2002: Using ANS: ('vibhagam.isi.edu', 5500)
Wed Jun 26 14:41:51 2002: Bound to host/port: sangat.isi.edu:6667
Wed Jun 26 14:41:51 2002: Sending message: (register :ontology tcp-ip :sender barish_at_isi_edu_email_barish_at_isi_edu :reply-with t :content "barish_at_isi_edu_email_barish_at_isi_edu sangat.isi.edu:6667")
Wed Jun 26 14:41:51 2002: Received: {'receiver': 'barish_at_isi_edu_email_barish_at_isi_edu', 'performative': 'error', 'sender': 'TEAMCORE', 'in-reply-to': 't', 'content': 'handler encountered error'}
Wed Jun 26 14:41:51 2002: Registration produced: {'receiver': 'barish_at_isi_edu_email_barish_at_isi_edu', 'performative': 'error', 'sender': 'TEAMCORE', 'in-reply-to': 't', 'content': 'handler encountered error'}
Wed Jun 26 14:41:51 2002: Sending message: (unregister :sender barish_at_isi_edu_email_barish_at_isi_edu :ontology tcp-ip :reply-with nil :content barish_at_isi_edu_email_barish_at_isi_edu)
Wed Jun 26 14:41:51 2002: Sending message: (register :sender barish_at_isi_edu_email_barish_at_isi_edu :ontology tcp-ip :reply-with t :content (barish_at_isi_edu_email_barish_at_isi_edu sangat.isi.edu:6667))
Wed Jun 26 14:41:51 2002: Received: {'receiver': 'barish_at_isi_edu_email_barish_at_isi_edu', 'performative': 'reply', 'sender': 'TEAMCORE', 'in-reply-to': 't', 'content': 'barish_at_isi_edu_email_barish_at_isi_edu TEAMCORE'}
Wed Jun 26 14:41:51 2002: Registration produced: {'receiver': 'barish_at_isi_edu_email_barish_at_isi_edu', 'performative': 'reply', 'sender': 'TEAMCORE', 'in-reply-to': 't', 'content': 'barish_at_isi_edu_email_barish_at_isi_edu TEAMCORE'}barish_at_isi_edu_email_barish_at_isi_edu, TEAMCORE
Wed Jun 26 14:41:51 2002: Registration successful: barish_at_isi_edu_email_barish_at_isi_edu
Wed Jun 26 14:41:51 2002: Router for barish_at_isi_edu_email_barish_at_isi_edu running...
Wed Jun 26 14:41:51 2002: Sending message: (ask-one :sender barish_at_isi_edu_email_barish_at_isi_edu :reply-with t :content "proxy_barish_at_isi_edu")
Wed Jun 26 14:41:51 2002: Received: {'receiver': 'barish_at_isi_edu_email_barish_at_isi_edu', 'performative': 'reply', 'sender': 'TEAMCORE', 'in-reply-to': 't', 'content': 'proxy_barish_at_isi_edu:sangat.isi.edu:9991:'}
Wed Jun 26 14:41:51 2002: Sending message: (register :name email_barish_at_isi_edu :reply-with nil :agenttype device :receiver proxy_barish_at_isi_edu :user barish_at_isi_edu :sender barish_at_isi_edu_email_barish_at_isi_edu :direction (to user))
Wed Jun 26 14:41:52 2002: Received: {'receiver': 'barish_at_isi_edu_email_barish_at_isi_edu', 'performative': 'ask', 'sender': 'ping_barish_at_isi_edu_email_barish_at_isi_edu', 'reply-with': 'barish_at_isi_edu', 'content': 'hello'}
Wed Jun 26 14:41:52 2002: Processing message: {'receiver': 'barish_at_isi_edu_email_barish_at_isi_edu', 'performative': 'ask', 'sender': 'ping_barish_at_isi_edu_email_barish_at_isi_edu', 'reply-with': 'barish_at_isi_edu', 'content': 'hello'}
Wed Jun 26 14:41:52 2002: Replying: (sorry :reply-with nil :in-reply-to barish_at_isi_edu :receiver ping_barish_at_isi_edu_email_barish_at_isi_edu :sender barish_at_isi_edu_email_barish_at_isi_edu :comment "Unintelligible query")
Wed Jun 26 14:43:48 2002: Received: {'receiver': 'barish_at_isi_edu_email_barish_at_isi_edu', 'performative': 'tell', 'sender': 'stop_barish_at_isi_edu_email_barish_at_isi_edu', 'reply-with': 'nil', 'content': 'stop'}
Wed Jun 26 14:43:48 2002: Processing message: {'receiver': 'barish_at_isi_edu_email_barish_at_isi_edu', 'performative': 'tell', 'sender': 'stop_barish_at_isi_edu_email_barish_at_isi_edu', 'reply-with': 'nil', 'content': 'stop'}
Wed Jun 26 14:43:48 2002: Sending message: (unregister :receiver proxy_barish_at_isi_edu :name email_barish_at_isi_edu :sender barish_at_isi_edu_email_barish_at_isi_edu :reply-with nil :user barish_at_isi_edu)
Wed Jun 26 14:43:48 2002: Router barish_at_isi_edu_email_barish_at_isi_edu exiting...
Wed Jun 26 14:43:48 2002: Sending message: (unregister :receiver TEAMCORE :sender barish_at_isi_edu_email_barish_at_isi_edu :ontology tcp-ip :reply-with nil :content barish_at_isi_edu_email_barish_at_isi_edu)
Wed Jun 26 14:43:48 2002: Exiting...
Wed Jun 26 14:43:51 2002: Using ANS: ('vibhagam.isi.edu', 5500)
Wed Jun 26 14:43:51 2002: Bound to host/port: sangat.isi.edu:6680
Wed Jun 26 14:43:51 2002: Sending message: (register :ontology tcp-ip :sender barish_at_isi_edu_email_barish_at_isi_edu :reply-with t :content "barish_at_isi_edu_email_barish_at_isi_edu sangat.isi.edu:6680")
Wed Jun 26 14:43:51 2002: Received: {'receiver': 'barish_at_isi_edu_email_barish_at_isi_edu', 'performative': 'error', 'sender': 'TEAMCORE', 'in-reply-to': 't', 'content': 'handler encountered error'}
Wed Jun 26 14:43:51 2002: Registration produced: {'receiver': 'barish_at_isi_edu_email_barish_at_isi_edu', 'performative': 'error', 'sender': 'TEAMCORE', 'in-reply-to': 't', 'content': 'handler encountered error'}
Wed Jun 26 14:43:51 2002: Sending message: (unregister :sender barish_at_isi_edu_email_barish_at_isi_edu :ontology tcp-ip :reply-with nil :content barish_at_isi_edu_email_barish_at_isi_edu)
Wed Jun 26 14:43:51 2002: Sending message: (register :sender barish_at_isi_edu_email_barish_at_isi_edu :ontology tcp-ip :reply-with t :content (barish_at_isi_edu_email_barish_at_isi_edu sangat.isi.edu:6680))
Wed Jun 26 14:43:51 2002: Received: {'receiver': 'barish_at_isi_edu_email_barish_at_isi_edu', 'performative': 'reply', 'sender': 'TEAMCORE', 'in-reply-to': 't', 'content': 'barish_at_isi_edu_email_barish_at_isi_edu TEAMCORE'}
Wed Jun 26 14:43:51 2002: Registration produced: {'receiver': 'barish_at_isi_edu_email_barish_at_isi_edu', 'performative': 'reply', 'sender': 'TEAMCORE', 'in-reply-to': 't', 'content': 'barish_at_isi_edu_email_barish_at_isi_edu TEAMCORE'}barish_at_isi_edu_email_barish_at_isi_edu, TEAMCORE
Wed Jun 26 14:43:51 2002: Registration successful: barish_at_isi_edu_email_barish_at_isi_edu
Wed Jun 26 14:43:51 2002: Router for barish_at_isi_edu_email_barish_at_isi_edu running...
Wed Jun 26 14:43:51 2002: Sending message: (ask-one :sender barish_at_isi_edu_email_barish_at_isi_edu :reply-with t :content "proxy_barish_at_isi_edu")
Wed Jun 26 14:43:51 2002: Received: {'receiver': 'barish_at_isi_edu_email_barish_at_isi_edu', 'performative': 'reply', 'sender': 'TEAMCORE', 'in-reply-to': 't', 'content': 'proxy_barish_at_isi_edu:sangat.isi.edu:9991:'}
Wed Jun 26 14:43:51 2002: Sending message: (register :name email_barish_at_isi_edu :reply-with nil :agenttype device :receiver proxy_barish_at_isi_edu :user barish_at_isi_edu :sender barish_at_isi_edu_email_barish_at_isi_edu :direction (to user))
Wed Jun 26 14:43:52 2002: Received: {'receiver': 'barish_at_isi_edu_email_barish_at_isi_edu', 'performative': 'ask', 'sender': 'ping_barish_at_isi_edu_email_barish_at_isi_edu', 'reply-with': 'barish_at_isi_edu', 'content': 'hello'}
Wed Jun 26 14:43:52 2002: Processing message: {'receiver': 'barish_at_isi_edu_email_barish_at_isi_edu', 'performative': 'ask', 'sender': 'ping_barish_at_isi_edu_email_barish_at_isi_edu', 'reply-with': 'barish_at_isi_edu', 'content': 'hello'}
Wed Jun 26 14:43:52 2002: Replying: (sorry :reply-with nil :in-reply-to barish_at_isi_edu :receiver ping_barish_at_isi_edu_email_barish_at_isi_edu :sender barish_at_isi_edu_email_barish_at_isi_edu :comment "Unintelligible query")
Fri Jun 28 10:27:51 2002: Using ANS: ('vibhagam.isi.edu', 5500)
Fri Jun 28 10:27:51 2002: Bound to host/port: equipe.isi.edu:6676
Fri Jun 28 10:27:51 2002: Sending message: (register :ontology tcp-ip :sender barish_at_isi_edu_email_barish_at_isi_edu :reply-with t :content "barish_at_isi_edu_email_barish_at_isi_edu equipe.isi.edu:6676")
Fri Jun 28 10:27:51 2002: Received: {'receiver': 'barish_at_isi_edu_email_barish_at_isi_edu', 'performative': 'error', 'sender': 'TEAMCORE', 'in-reply-to': 't', 'content': 'handler encountered error'}
Fri Jun 28 10:27:51 2002: Registration produced: {'receiver': 'barish_at_isi_edu_email_barish_at_isi_edu', 'performative': 'error', 'sender': 'TEAMCORE', 'in-reply-to': 't', 'content': 'handler encountered error'}
Fri Jun 28 10:27:51 2002: Sending message: (unregister :sender barish_at_isi_edu_email_barish_at_isi_edu :ontology tcp-ip :reply-with nil :content barish_at_isi_edu_email_barish_at_isi_edu)
Fri Jun 28 10:27:51 2002: Sending message: (register :sender barish_at_isi_edu_email_barish_at_isi_edu :ontology tcp-ip :reply-with t :content (barish_at_isi_edu_email_barish_at_isi_edu equipe.isi.edu:6676))
Fri Jun 28 10:27:51 2002: Received: {'receiver': 'barish_at_isi_edu_email_barish_at_isi_edu', 'performative': 'reply', 'sender': 'TEAMCORE', 'in-reply-to': 't', 'content': 'barish_at_isi_edu_email_barish_at_isi_edu TEAMCORE'}
Fri Jun 28 10:27:51 2002: Registration produced: {'receiver': 'barish_at_isi_edu_email_barish_at_isi_edu', 'performative': 'reply', 'sender': 'TEAMCORE', 'in-reply-to': 't', 'content': 'barish_at_isi_edu_email_barish_at_isi_edu TEAMCORE'}barish_at_isi_edu_email_barish_at_isi_edu, TEAMCORE
Fri Jun 28 10:27:51 2002: Registration successful: barish_at_isi_edu_email_barish_at_isi_edu
Fri Jun 28 10:27:51 2002: Router for barish_at_isi_edu_email_barish_at_isi_edu running...
Fri Jun 28 10:27:51 2002: Sending message: (ask-one :sender barish_at_isi_edu_email_barish_at_isi_edu :reply-with t :content "proxy_barish_at_isi_edu")
Fri Jun 28 10:27:51 2002: Received: {'receiver': 'barish_at_isi_edu_email_barish_at_isi_edu', 'performative': 'reply', 'sender': 'TEAMCORE', 'in-reply-to': 't', 'content': 'proxy_barish_at_isi_edu:sangat.isi.edu:9991:'}
Fri Jun 28 10:27:51 2002: Sending message: (register :name email_barish_at_isi_edu :reply-with nil :agenttype device :receiver proxy_barish_at_isi_edu :user barish_at_isi_edu :sender barish_at_isi_edu_email_barish_at_isi_edu :direction (to user))
Fri Jun 28 10:27:52 2002: Received: {'receiver': 'barish_at_isi_edu_email_barish_at_isi_edu', 'performative': 'ask', 'sender': 'ping_barish_at_isi_edu_email_barish_at_isi_edu', 'reply-with': 'barish_at_isi_edu', 'content': 'hello'}
Fri Jun 28 10:27:52 2002: Processing message: {'receiver': 'barish_at_isi_edu_email_barish_at_isi_edu', 'performative': 'ask', 'sender': 'ping_barish_at_isi_edu_email_barish_at_isi_edu', 'reply-with': 'barish_at_isi_edu', 'content': 'hello'}
Fri Jun 28 10:27:52 2002: Replying: (sorry :reply-with nil :in-reply-to barish_at_isi_edu :receiver ping_barish_at_isi_edu_email_barish_at_isi_edu :sender barish_at_isi_edu_email_barish_at_isi_edu :comment "Unintelligible query")
Fri Jun 28 10:30:34 2002: Received: {'receiver': 'barish_at_isi_edu_email_barish_at_isi_edu', 'performative': 'ask', 'sender': 'ping_barish_at_isi_edu_email_barish_at_isi_edu', 'reply-with': 'barish_at_isi_edu', 'content': 'hello'}
Fri Jun 28 10:30:34 2002: Processing message: {'receiver': 'barish_at_isi_edu_email_barish_at_isi_edu', 'performative': 'ask', 'sender': 'ping_barish_at_isi_edu_email_barish_at_isi_edu', 'reply-with': 'barish_at_isi_edu', 'content': 'hello'}
Fri Jun 28 10:30:34 2002: Replying: (sorry :reply-with nil :in-reply-to barish_at_isi_edu :receiver ping_barish_at_isi_edu_email_barish_at_isi_edu :sender barish_at_isi_edu_email_barish_at_isi_edu :comment "Unintelligible query")
Fri Jul 12 11:37:03 2002: Received: {'receiver': 'barish_at_isi_edu_email_barish_at_isi_edu', 'performative': 'ask', 'sender': 'ping_barish_at_isi_edu_email_barish_at_isi_edu', 'reply-with': 'barish_at_isi_edu', 'content': 'hello'}
Fri Jul 12 11:37:04 2002: Processing message: {'receiver': 'barish_at_isi_edu_email_barish_at_isi_edu', 'performative': 'ask', 'sender': 'ping_barish_at_isi_edu_email_barish_at_isi_edu', 'reply-with': 'barish_at_isi_edu', 'content': 'hello'}
Fri Jul 12 11:37:04 2002: Replying: (sorry :reply-with nil :in-reply-to barish_at_isi_edu :receiver ping_barish_at_isi_edu_email_barish_at_isi_edu :sender barish_at_isi_edu_email_barish_at_isi_edu :comment "Unintelligible query")
Fri Jul 26 15:14:15 2002: Received: {'receiver': 'barish_at_isi_edu_email_barish_at_isi_edu', 'performative': 'tell', 'sender': 'stop_barish_at_isi_edu_email_barish_at_isi_edu', 'reply-with': 'nil', 'content': 'stop'}
Fri Jul 26 15:14:15 2002: Processing message: {'receiver': 'barish_at_isi_edu_email_barish_at_isi_edu', 'performative': 'tell', 'sender': 'stop_barish_at_isi_edu_email_barish_at_isi_edu', 'reply-with': 'nil', 'content': 'stop'}
Fri Jul 26 15:14:15 2002: Sending message: (unregister :receiver proxy_barish_at_isi_edu :name email_barish_at_isi_edu :sender barish_at_isi_edu_email_barish_at_isi_edu :reply-with nil :user barish_at_isi_edu)
Fri Jul 26 15:14:16 2002: Router barish_at_isi_edu_email_barish_at_isi_edu exiting...
Fri Jul 26 15:14:16 2002: Sending message: (unregister :receiver TEAMCORE :sender barish_at_isi_edu_email_barish_at_isi_edu :ontology tcp-ip :reply-with nil :content barish_at_isi_edu_email_barish_at_isi_edu)
Fri Jul 26 15:14:16 2002: Exiting...
Fri Jul 26 15:15:51 2002: Using ANS: ('vibhagam', 5500)
Fri Jul 26 15:15:51 2002: Bound to host/port: sangat.isi.edu:6674
Fri Jul 26 15:15:51 2002: Sending message: (register :ontology tcp-ip :sender barish_at_isi_edu_email_barish_at_isi_edu :reply-with t :content "barish_at_isi_edu_email_barish_at_isi_edu sangat.isi.edu:6674")
Fri Jul 26 15:15:51 2002: Received: {'receiver': 'barish_at_isi_edu_email_barish_at_isi_edu', 'performative': 'error', 'sender': 'TEAMCORE', 'in-reply-to': 't', 'content': 'handler encountered error'}
Fri Jul 26 15:15:51 2002: Registration produced: {'receiver': 'barish_at_isi_edu_email_barish_at_isi_edu', 'performative': 'error', 'sender': 'TEAMCORE', 'in-reply-to': 't', 'content': 'handler encountered error'}
Fri Jul 26 15:15:51 2002: Sending message: (unregister :sender barish_at_isi_edu_email_barish_at_isi_edu :ontology tcp-ip :reply-with nil :content barish_at_isi_edu_email_barish_at_isi_edu)
Fri Jul 26 15:15:51 2002: Sending message: (register :sender barish_at_isi_edu_email_barish_at_isi_edu :ontology tcp-ip :reply-with t :content (barish_at_isi_edu_email_barish_at_isi_edu sangat.isi.edu:6674))
Fri Jul 26 15:15:51 2002: Received: {'receiver': 'barish_at_isi_edu_email_barish_at_isi_edu', 'performative': 'reply', 'sender': 'TEAMCORE', 'in-reply-to': 't', 'content': 'barish_at_isi_edu_email_barish_at_isi_edu TEAMCORE'}
Fri Jul 26 15:15:51 2002: Registration produced: {'receiver': 'barish_at_isi_edu_email_barish_at_isi_edu', 'performative': 'reply', 'sender': 'TEAMCORE', 'in-reply-to': 't', 'content': 'barish_at_isi_edu_email_barish_at_isi_edu TEAMCORE'}barish_at_isi_edu_email_barish_at_isi_edu, TEAMCORE
Fri Jul 26 15:15:51 2002: Registration successful: barish_at_isi_edu_email_barish_at_isi_edu
Fri Jul 26 15:15:51 2002: Router for barish_at_isi_edu_email_barish_at_isi_edu running...
Fri Jul 26 15:15:51 2002: Sending message: (ask-one :sender barish_at_isi_edu_email_barish_at_isi_edu :reply-with t :content "proxy_barish_at_isi_edu")
Fri Jul 26 15:15:51 2002: Received: {'receiver': 'barish_at_isi_edu_email_barish_at_isi_edu', 'performative': 'reply', 'sender': 'TEAMCORE', 'in-reply-to': 't', 'content': 'proxy_barish_at_isi_edu:sangat.isi.edu:9991:'}
Fri Jul 26 15:15:51 2002: Sending message: (register :name email_barish_at_isi_edu :reply-with nil :agenttype device :receiver proxy_barish_at_isi_edu :user barish_at_isi_edu :sender barish_at_isi_edu_email_barish_at_isi_edu :direction (to user))
Fri Jul 26 15:15:52 2002: Received: {'receiver': 'barish_at_isi_edu_email_barish_at_isi_edu', 'performative': 'ask', 'sender': 'ping_barish_at_isi_edu_email_barish_at_isi_edu', 'reply-with': 'barish_at_isi_edu', 'content': 'hello'}
Fri Jul 26 15:15:52 2002: Processing message: {'receiver': 'barish_at_isi_edu_email_barish_at_isi_edu', 'performative': 'ask', 'sender': 'ping_barish_at_isi_edu_email_barish_at_isi_edu', 'reply-with': 'barish_at_isi_edu', 'content': 'hello'}
Fri Jul 26 15:15:52 2002: Replying: (sorry :reply-with nil :in-reply-to barish_at_isi_edu :receiver ping_barish_at_isi_edu_email_barish_at_isi_edu :sender barish_at_isi_edu_email_barish_at_isi_edu :comment "Unintelligible query")
Fri Jul 26 15:17:57 2002: Received: {'receiver': 'barish_at_isi_edu_email_barish_at_isi_edu', 'performative': 'ask', 'sender': 'ping_barish_at_isi_edu_email_barish_at_isi_edu', 'reply-with': 'barish_at_isi_edu', 'content': 'hello'}
Fri Jul 26 15:17:57 2002: Processing message: {'receiver': 'barish_at_isi_edu_email_barish_at_isi_edu', 'performative': 'ask', 'sender': 'ping_barish_at_isi_edu_email_barish_at_isi_edu', 'reply-with': 'barish_at_isi_edu', 'content': 'hello'}
Fri Jul 26 15:17:57 2002: Replying: (sorry :reply-with nil :in-reply-to barish_at_isi_edu :receiver ping_barish_at_isi_edu_email_barish_at_isi_edu :sender barish_at_isi_edu_email_barish_at_isi_edu :comment "Unintelligible query")
Mon Aug 19 18:24:19 2002: Using ANS: ('vibhagam', 5500)
Mon Aug 19 18:24:19 2002: Bound to host/port: sangat.isi.edu:6688
Mon Aug 19 18:24:19 2002: Sending message: (register :ontology tcp-ip :sender barish_at_isi_edu_email_barish_at_isi_edu :reply-with t :content "barish_at_isi_edu_email_barish_at_isi_edu sangat.isi.edu:6688")
Mon Aug 19 18:24:19 2002: Received: {'receiver': 'barish_at_isi_edu_email_barish_at_isi_edu', 'performative': 'error', 'sender': 'TEAMCORE', 'in-reply-to': 't', 'content': 'handler encountered error'}
Mon Aug 19 18:24:19 2002: Registration produced: {'receiver': 'barish_at_isi_edu_email_barish_at_isi_edu', 'performative': 'error', 'sender': 'TEAMCORE', 'in-reply-to': 't', 'content': 'handler encountered error'}
Mon Aug 19 18:24:19 2002: Sending message: (unregister :sender barish_at_isi_edu_email_barish_at_isi_edu :ontology tcp-ip :reply-with nil :content barish_at_isi_edu_email_barish_at_isi_edu)
Mon Aug 19 18:24:19 2002: Sending message: (register :sender barish_at_isi_edu_email_barish_at_isi_edu :ontology tcp-ip :reply-with t :content (barish_at_isi_edu_email_barish_at_isi_edu sangat.isi.edu:6688))
Mon Aug 19 18:24:19 2002: Received: {'receiver': 'barish_at_isi_edu_email_barish_at_isi_edu', 'performative': 'reply', 'sender': 'TEAMCORE', 'in-reply-to': 't', 'content': 'barish_at_isi_edu_email_barish_at_isi_edu TEAMCORE'}
Mon Aug 19 18:24:19 2002: Registration produced: {'receiver': 'barish_at_isi_edu_email_barish_at_isi_edu', 'performative': 'reply', 'sender': 'TEAMCORE', 'in-reply-to': 't', 'content': 'barish_at_isi_edu_email_barish_at_isi_edu TEAMCORE'}barish_at_isi_edu_email_barish_at_isi_edu, TEAMCORE
Mon Aug 19 18:24:19 2002: Registration successful: barish_at_isi_edu_email_barish_at_isi_edu
Mon Aug 19 18:24:19 2002: Router for barish_at_isi_edu_email_barish_at_isi_edu running...
Mon Aug 19 18:24:19 2002: Sending message: (ask-one :sender barish_at_isi_edu_email_barish_at_isi_edu :reply-with t :content "proxy_barish_at_isi_edu")
Mon Aug 19 18:24:19 2002: Received: {'receiver': 'barish_at_isi_edu_email_barish_at_isi_edu', 'performative': 'reply', 'sender': 'TEAMCORE', 'in-reply-to': 't', 'content': 'proxy_barish_at_isi_edu:sangat.isi.edu:9992:'}
Mon Aug 19 18:24:19 2002: Sending message: (register :name email_barish_at_isi_edu :reply-with nil :agenttype device :receiver proxy_barish_at_isi_edu :user barish_at_isi_edu :sender barish_at_isi_edu_email_barish_at_isi_edu :direction (to user))
Mon Aug 19 18:24:21 2002: Received: {'receiver': 'barish_at_isi_edu_email_barish_at_isi_edu', 'performative': 'ask', 'sender': 'ping_barish_at_isi_edu_email_barish_at_isi_edu', 'reply-with': 'barish_at_isi_edu', 'content': 'hello'}
Mon Aug 19 18:24:21 2002: Processing message: {'receiver': 'barish_at_isi_edu_email_barish_at_isi_edu', 'performative': 'ask', 'sender': 'ping_barish_at_isi_edu_email_barish_at_isi_edu', 'reply-with': 'barish_at_isi_edu', 'content': 'hello'}
Mon Aug 19 18:24:21 2002: Replying: (sorry :reply-with nil :in-reply-to barish_at_isi_edu :receiver ping_barish_at_isi_edu_email_barish_at_isi_edu :sender barish_at_isi_edu_email_barish_at_isi_edu :comment "Unintelligible query")
Fri Sep 06 13:54:36 2002: Received: {'receiver': 'barish_at_isi_edu_email_barish_at_isi_edu', 'performative': 'ask', 'sender': 'ping_barish_at_isi_edu_email_barish_at_isi_edu', 'reply-with': 'barish_at_isi_edu', 'content': 'hello'}
Fri Sep 06 13:54:36 2002: Processing message: {'receiver': 'barish_at_isi_edu_email_barish_at_isi_edu', 'performative': 'ask', 'sender': 'ping_barish_at_isi_edu_email_barish_at_isi_edu', 'reply-with': 'barish_at_isi_edu', 'content': 'hello'}
Fri Sep 06 13:54:36 2002: Replying: (sorry :reply-with nil :in-reply-to barish_at_isi_edu :receiver ping_barish_at_isi_edu_email_barish_at_isi_edu :sender barish_at_isi_edu_email_barish_at_isi_edu :comment "Unintelligible query")
Fri Sep 06 14:09:37 2002: Using ANS: ('vibhagam.isi.edu', 5500)
Fri Sep 06 14:09:37 2002: Bound to host/port: equipe.isi.edu:6679
Fri Sep 06 14:09:37 2002: Sending message: (register :ontology tcp-ip :sender barish_at_isi_edu_email_barish_at_isi_edu :reply-with t :content "barish_at_isi_edu_email_barish_at_isi_edu equipe.isi.edu:6679")
Fri Sep 06 14:09:37 2002: Received: {'receiver': 'barish_at_isi_edu_email_barish_at_isi_edu', 'performative': 'error', 'sender': 'TEAMCORE', 'in-reply-to': 't', 'content': 'handler encountered error'}
Fri Sep 06 14:09:37 2002: Registration produced: {'receiver': 'barish_at_isi_edu_email_barish_at_isi_edu', 'performative': 'error', 'sender': 'TEAMCORE', 'in-reply-to': 't', 'content': 'handler encountered error'}
Fri Sep 06 14:09:37 2002: Sending message: (unregister :sender barish_at_isi_edu_email_barish_at_isi_edu :ontology tcp-ip :reply-with nil :content barish_at_isi_edu_email_barish_at_isi_edu)
Fri Sep 06 14:09:37 2002: Sending message: (register :sender barish_at_isi_edu_email_barish_at_isi_edu :ontology tcp-ip :reply-with t :content (barish_at_isi_edu_email_barish_at_isi_edu equipe.isi.edu:6679))
Fri Sep 06 14:09:37 2002: Received: {'receiver': 'barish_at_isi_edu_email_barish_at_isi_edu', 'performative': 'reply', 'sender': 'TEAMCORE', 'in-reply-to': 't', 'content': 'barish_at_isi_edu_email_barish_at_isi_edu TEAMCORE'}
Fri Sep 06 14:09:37 2002: Registration produced: {'receiver': 'barish_at_isi_edu_email_barish_at_isi_edu', 'performative': 'reply', 'sender': 'TEAMCORE', 'in-reply-to': 't', 'content': 'barish_at_isi_edu_email_barish_at_isi_edu TEAMCORE'}barish_at_isi_edu_email_barish_at_isi_edu, TEAMCORE
Fri Sep 06 14:09:37 2002: Registration successful: barish_at_isi_edu_email_barish_at_isi_edu
Fri Sep 06 14:09:37 2002: Router for barish_at_isi_edu_email_barish_at_isi_edu running...
Fri Sep 06 14:09:37 2002: Sending message: (ask-one :sender barish_at_isi_edu_email_barish_at_isi_edu :reply-with t :content "proxy_barish_at_isi_edu")
Fri Sep 06 14:09:37 2002: Received: {'receiver': 'barish_at_isi_edu_email_barish_at_isi_edu', 'performative': 'reply', 'sender': 'TEAMCORE', 'in-reply-to': 't', 'content': 'proxy_barish_at_isi_edu:sangat.isi.edu:9992:'}
Fri Sep 06 14:09:37 2002: Sending message: (register :name email_barish_at_isi_edu :reply-with nil :agenttype device :receiver proxy_barish_at_isi_edu :user barish_at_isi_edu :sender barish_at_isi_edu_email_barish_at_isi_edu :direction (to user))
Fri Sep 06 14:09:38 2002: Received: {'receiver': 'barish_at_isi_edu_email_barish_at_isi_edu', 'performative': 'ask', 'sender': 'ping_barish_at_isi_edu_email_barish_at_isi_edu', 'reply-with': 'barish_at_isi_edu', 'content': 'hello'}
Fri Sep 06 14:09:38 2002: Processing message: {'receiver': 'barish_at_isi_edu_email_barish_at_isi_edu', 'performative': 'ask', 'sender': 'ping_barish_at_isi_edu_email_barish_at_isi_edu', 'reply-with': 'barish_at_isi_edu', 'content': 'hello'}
Fri Sep 06 14:09:38 2002: Replying: (sorry :reply-with nil :in-reply-to barish_at_isi_edu :receiver ping_barish_at_isi_edu_email_barish_at_isi_edu :sender barish_at_isi_edu_email_barish_at_isi_edu :comment "Unintelligible query")
Tue Sep 24 15:19:46 2002: Received: {'receiver': 'barish_at_isi_edu_email_barish_at_isi_edu', 'performative': 'kqml-admin', 'sender': 'TEAMCORE', 'kqml-msg-id': '29131+vibhagam.isi.edu+51', 'reply-with': 't', 'content': 'name'}
Wed Sep 25 16:41:37 2002: Received: {'receiver': 'barish_at_isi_edu_email_barish_at_isi_edu', 'performative': 'ask', 'sender': 'ping_barish_at_isi_edu_email_barish_at_isi_edu', 'reply-with': 'barish_at_isi_edu', 'content': 'hello'}
Wed Sep 25 16:41:37 2002: Processing message: {'receiver': 'barish_at_isi_edu_email_barish_at_isi_edu', 'performative': 'ask', 'sender': 'ping_barish_at_isi_edu_email_barish_at_isi_edu', 'reply-with': 'barish_at_isi_edu', 'content': 'hello'}
Wed Sep 25 16:41:37 2002: Replying: (sorry :reply-with nil :in-reply-to barish_at_isi_edu :receiver ping_barish_at_isi_edu_email_barish_at_isi_edu :sender barish_at_isi_edu_email_barish_at_isi_edu :comment "Unintelligible query")
Mon Oct 28 14:19:43 2002: Received: {'receiver': 'barish_at_isi_edu_email_barish_at_isi_edu', 'performative': 'kqml-admin', 'sender': 'TEAMCORE', 'kqml-msg-id': '24669+vibhagam.isi.edu+49', 'reply-with': 't', 'content': 'name'}
Mon Oct 28 14:22:05 2002: Received: {'receiver': 'barish_at_isi_edu_email_barish_at_isi_edu', 'performative': 'ask', 'sender': 'ping_barish_at_isi_edu_email_barish_at_isi_edu', 'reply-with': 'barish_at_isi_edu', 'content': 'hello'}
Mon Oct 28 14:22:05 2002: Processing message: {'receiver': 'barish_at_isi_edu_email_barish_at_isi_edu', 'performative': 'ask', 'sender': 'ping_barish_at_isi_edu_email_barish_at_isi_edu', 'reply-with': 'barish_at_isi_edu', 'content': 'hello'}
Mon Oct 28 14:22:05 2002: Replying: (sorry :reply-with nil :in-reply-to barish_at_isi_edu :receiver ping_barish_at_isi_edu_email_barish_at_isi_edu :sender barish_at_isi_edu_email_barish_at_isi_edu :comment "Unintelligible query")
Tue Oct 29 10:24:04 2002: Received: {'receiver': 'barish_at_isi_edu_email_barish_at_isi_edu', 'performative': 'kqml-admin', 'sender': 'TEAMCORE', 'kqml-msg-id': '26893+vibhagam.isi.edu+38', 'reply-with': 't', 'content': 'name'}
Tue Oct 29 18:35:24 2002: Received: {'receiver': 'barish_at_isi_edu_email_barish_at_isi_edu', 'performative': 'kqml-admin', 'sender': 'TEAMCORE', 'kqml-msg-id': '29472+vibhagam.isi.edu+37', 'reply-with': 't', 'content': 'name'}
Tue Oct 29 19:59:20 2002: Received: {'receiver': 'barish_at_isi_edu_email_barish_at_isi_edu', 'performative': 'kqml-admin', 'sender': 'TEAMCORE', 'kqml-msg-id': '181+vibhagam.isi.edu+37', 'reply-with': 't', 'content': 'name'}
Tue Oct 29 20:16:01 2002: Received: {'receiver': 'barish_at_isi_edu_email_barish_at_isi_edu', 'performative': 'kqml-admin', 'sender': 'TEAMCORE', 'kqml-msg-id': '405+vibhagam.isi.edu+38', 'reply-with': 't', 'content': 'name'}
Mon Nov 04 10:16:43 2002: Received: {'receiver': 'barish_at_isi_edu_email_barish_at_isi_edu', 'performative': 'kqml-admin', 'sender': 'TEAMCORE', 'kqml-msg-id': '15317+vibhagam.isi.edu+44', 'reply-with': 't', 'content': 'name'}
Thu Nov 07 12:52:31 2002: Using ANS: ('vibhagam.isi.edu', 5500)
Thu Nov 07 12:52:31 2002: Bound to host/port: sangat.isi.edu:6688
Thu Nov 07 12:52:31 2002: Sending message: (register :ontology tcp-ip :sender barish_at_isi_edu_email_barish_at_isi_edu :reply-with t :content "barish_at_isi_edu_email_barish_at_isi_edu sangat.isi.edu:6688")
Thu Nov 07 12:52:31 2002: Received: {'receiver': 'barish_at_isi_edu_email_barish_at_isi_edu', 'performative': 'error', 'sender': 'TEAMCORE', 'in-reply-to': 't', 'content': 'handler encountered error'}
Thu Nov 07 12:52:31 2002: Registration produced: {'receiver': 'barish_at_isi_edu_email_barish_at_isi_edu', 'performative': 'error', 'sender': 'TEAMCORE', 'in-reply-to': 't', 'content': 'handler encountered error'}
Thu Nov 07 12:52:31 2002: Sending message: (unregister :sender barish_at_isi_edu_email_barish_at_isi_edu :ontology tcp-ip :reply-with nil :content barish_at_isi_edu_email_barish_at_isi_edu)
Thu Nov 07 12:52:31 2002: Sending message: (register :sender barish_at_isi_edu_email_barish_at_isi_edu :ontology tcp-ip :reply-with t :content (barish_at_isi_edu_email_barish_at_isi_edu sangat.isi.edu:6688))
Thu Nov 07 12:52:31 2002: Received: {'receiver': 'barish_at_isi_edu_email_barish_at_isi_edu', 'performative': 'reply', 'sender': 'TEAMCORE', 'in-reply-to': 't', 'content': 'barish_at_isi_edu_email_barish_at_isi_edu TEAMCORE'}
Thu Nov 07 12:52:31 2002: Registration produced: {'receiver': 'barish_at_isi_edu_email_barish_at_isi_edu', 'performative': 'reply', 'sender': 'TEAMCORE', 'in-reply-to': 't', 'content': 'barish_at_isi_edu_email_barish_at_isi_edu TEAMCORE'}barish_at_isi_edu_email_barish_at_isi_edu, TEAMCORE
Thu Nov 07 12:52:31 2002: Registration successful: barish_at_isi_edu_email_barish_at_isi_edu
Thu Nov 07 12:52:31 2002: Router for barish_at_isi_edu_email_barish_at_isi_edu running...
Thu Nov 07 12:52:31 2002: Sending message: (ask-one :sender barish_at_isi_edu_email_barish_at_isi_edu :reply-with t :content "proxy_barish_at_isi_edu")
Thu Nov 07 12:52:31 2002: Received: {'receiver': 'barish_at_isi_edu_email_barish_at_isi_edu', 'performative': 'sorry', 'sender': 'TEAMCORE', 'in-reply-to': 't'}
Thu Nov 07 12:52:31 2002: No registered agent: proxy_barish_at_isi_edu
Thu Nov 07 12:52:33 2002: Received: {'receiver': 'barish_at_isi_edu_email_barish_at_isi_edu', 'performative': 'ask', 'sender': 'ping_barish_at_isi_edu_email_barish_at_isi_edu', 'reply-with': 'barish_at_isi_edu', 'content': 'hello'}
Thu Nov 07 12:52:33 2002: Processing message: {'receiver': 'barish_at_isi_edu_email_barish_at_isi_edu', 'performative': 'ask', 'sender': 'ping_barish_at_isi_edu_email_barish_at_isi_edu', 'reply-with': 'barish_at_isi_edu', 'content': 'hello'}
Thu Nov 07 12:52:33 2002: Replying: (sorry :reply-with nil :in-reply-to barish_at_isi_edu :receiver ping_barish_at_isi_edu_email_barish_at_isi_edu :sender barish_at_isi_edu_email_barish_at_isi_edu :comment "Unintelligible query")
Thu Nov 07 13:09:06 2002: Received: {'receiver': 'barish_at_isi_edu_email_barish_at_isi_edu', 'performative': 'tell', 'sender': 'stop_barish_at_isi_edu_email_barish_at_isi_edu', 'reply-with': 'nil', 'content': 'stop'}
Thu Nov 07 13:09:06 2002: Processing message: {'receiver': 'barish_at_isi_edu_email_barish_at_isi_edu', 'performative': 'tell', 'sender': 'stop_barish_at_isi_edu_email_barish_at_isi_edu', 'reply-with': 'nil', 'content': 'stop'}
Thu Nov 07 13:09:06 2002: Sending message: (ask-one :sender barish_at_isi_edu_email_barish_at_isi_edu :reply-with t :content "proxy_barish_at_isi_edu")
Thu Nov 07 13:09:06 2002: Received: {'receiver': 'barish_at_isi_edu_email_barish_at_isi_edu', 'performative': 'reply', 'sender': 'TEAMCORE', 'in-reply-to': 't', 'content': 'proxy_barish_at_isi_edu:sangat.isi.edu:9992:'}
Thu Nov 07 13:09:06 2002: Sending message: (unregister :receiver proxy_barish_at_isi_edu :name email_barish_at_isi_edu :sender barish_at_isi_edu_email_barish_at_isi_edu :reply-with nil :user barish_at_isi_edu)
Thu Nov 07 13:09:06 2002: Router barish_at_isi_edu_email_barish_at_isi_edu exiting...
Thu Nov 07 13:09:06 2002: Sending message: (unregister :receiver TEAMCORE :sender barish_at_isi_edu_email_barish_at_isi_edu :ontology tcp-ip :reply-with nil :content barish_at_isi_edu_email_barish_at_isi_edu)
Thu Nov 07 13:09:06 2002: Exiting...
Thu Nov 07 13:09:09 2002: Using ANS: ('vibhagam.isi.edu', 5500)
Thu Nov 07 13:09:09 2002: Bound to host/port: sangat.isi.edu:6687
Thu Nov 07 13:09:09 2002: Sending message: (register :ontology tcp-ip :sender barish_at_isi_edu_email_barish_at_isi_edu :reply-with t :content "barish_at_isi_edu_email_barish_at_isi_edu sangat.isi.edu:6687")
Thu Nov 07 13:09:09 2002: Received: {'receiver': 'barish_at_isi_edu_email_barish_at_isi_edu', 'performative': 'error', 'sender': 'TEAMCORE', 'in-reply-to': 't', 'content': 'handler encountered error'}
Thu Nov 07 13:09:09 2002: Registration produced: {'receiver': 'barish_at_isi_edu_email_barish_at_isi_edu', 'performative': 'error', 'sender': 'TEAMCORE', 'in-reply-to': 't', 'content': 'handler encountered error'}
Thu Nov 07 13:09:09 2002: Sending message: (unregister :sender barish_at_isi_edu_email_barish_at_isi_edu :ontology tcp-ip :reply-with nil :content barish_at_isi_edu_email_barish_at_isi_edu)
Thu Nov 07 13:09:09 2002: Sending message: (register :sender barish_at_isi_edu_email_barish_at_isi_edu :ontology tcp-ip :reply-with t :content (barish_at_isi_edu_email_barish_at_isi_edu sangat.isi.edu:6687))
Thu Nov 07 13:09:09 2002: Received: {'receiver': 'barish_at_isi_edu_email_barish_at_isi_edu', 'performative': 'reply', 'sender': 'TEAMCORE', 'in-reply-to': 't', 'content': 'barish_at_isi_edu_email_barish_at_isi_edu TEAMCORE'}
Thu Nov 07 13:09:09 2002: Registration produced: {'receiver': 'barish_at_isi_edu_email_barish_at_isi_edu', 'performative': 'reply', 'sender': 'TEAMCORE', 'in-reply-to': 't', 'content': 'barish_at_isi_edu_email_barish_at_isi_edu TEAMCORE'}barish_at_isi_edu_email_barish_at_isi_edu, TEAMCORE
Thu Nov 07 13:09:09 2002: Registration successful: barish_at_isi_edu_email_barish_at_isi_edu
Thu Nov 07 13:09:09 2002: Router for barish_at_isi_edu_email_barish_at_isi_edu running...
Thu Nov 07 13:09:09 2002: Sending message: (ask-one :sender barish_at_isi_edu_email_barish_at_isi_edu :reply-with t :content "proxy_barish_at_isi_edu")
Thu Nov 07 13:09:09 2002: Received: {'receiver': 'barish_at_isi_edu_email_barish_at_isi_edu', 'performative': 'reply', 'sender': 'TEAMCORE', 'in-reply-to': 't', 'content': 'proxy_barish_at_isi_edu:sangat.isi.edu:9992:'}
Thu Nov 07 13:09:09 2002: Sending message: (register :name email_barish_at_isi_edu :reply-with nil :agenttype device :receiver proxy_barish_at_isi_edu :user barish_at_isi_edu :sender barish_at_isi_edu_email_barish_at_isi_edu :direction (to user))
Thu Nov 07 13:09:10 2002: Received: {'receiver': 'barish_at_isi_edu_email_barish_at_isi_edu', 'performative': 'ask', 'sender': 'ping_barish_at_isi_edu_email_barish_at_isi_edu', 'reply-with': 'barish_at_isi_edu', 'content': 'hello'}
Thu Nov 07 13:09:10 2002: Processing message: {'receiver': 'barish_at_isi_edu_email_barish_at_isi_edu', 'performative': 'ask', 'sender': 'ping_barish_at_isi_edu_email_barish_at_isi_edu', 'reply-with': 'barish_at_isi_edu', 'content': 'hello'}
Thu Nov 07 13:09:10 2002: Replying: (sorry :reply-with nil :in-reply-to barish_at_isi_edu :receiver ping_barish_at_isi_edu_email_barish_at_isi_edu :sender barish_at_isi_edu_email_barish_at_isi_edu :comment "Unintelligible query")
Tue Jan 07 16:42:21 2003: Using ANS: ('vibhagam', 5500)
Tue Jan 07 16:42:21 2003: Bound to host/port: sangat.isi.edu:6689
Tue Jan 07 16:42:21 2003: Sending message: (register :ontology tcp-ip :sender barish_at_isi_edu_email_barish_at_isi_edu :reply-with t :content "barish_at_isi_edu_email_barish_at_isi_edu sangat.isi.edu:6689")
Tue Jan 07 16:42:21 2003: Received: {'receiver': 'barish_at_isi_edu_email_barish_at_isi_edu', 'performative': 'error', 'sender': 'TEAMCORE', 'in-reply-to': 't', 'content': 'handler encountered error'}
Tue Jan 07 16:42:21 2003: Registration produced: {'receiver': 'barish_at_isi_edu_email_barish_at_isi_edu', 'performative': 'error', 'sender': 'TEAMCORE', 'in-reply-to': 't', 'content': 'handler encountered error'}
Tue Jan 07 16:42:21 2003: Sending message: (unregister :sender barish_at_isi_edu_email_barish_at_isi_edu :ontology tcp-ip :reply-with nil :content barish_at_isi_edu_email_barish_at_isi_edu)
Tue Jan 07 16:42:21 2003: Sending message: (register :sender barish_at_isi_edu_email_barish_at_isi_edu :ontology tcp-ip :reply-with t :content (barish_at_isi_edu_email_barish_at_isi_edu sangat.isi.edu:6689))
Tue Jan 07 16:42:21 2003: Received: {'receiver': 'barish_at_isi_edu_email_barish_at_isi_edu', 'performative': 'reply', 'sender': 'TEAMCORE', 'in-reply-to': 't', 'content': 'barish_at_isi_edu_email_barish_at_isi_edu TEAMCORE'}
Tue Jan 07 16:42:21 2003: Registration produced: {'receiver': 'barish_at_isi_edu_email_barish_at_isi_edu', 'performative': 'reply', 'sender': 'TEAMCORE', 'in-reply-to': 't', 'content': 'barish_at_isi_edu_email_barish_at_isi_edu TEAMCORE'}barish_at_isi_edu_email_barish_at_isi_edu, TEAMCORE
Tue Jan 07 16:42:21 2003: Registration successful: barish_at_isi_edu_email_barish_at_isi_edu
Tue Jan 07 16:42:21 2003: Router for barish_at_isi_edu_email_barish_at_isi_edu running...
Tue Jan 07 16:42:21 2003: Sending message: (ask-one :sender barish_at_isi_edu_email_barish_at_isi_edu :reply-with t :content "proxy_barish_at_isi_edu")
Tue Jan 07 16:42:21 2003: Received: {'receiver': 'barish_at_isi_edu_email_barish_at_isi_edu', 'performative': 'reply', 'sender': 'TEAMCORE', 'in-reply-to': 't', 'content': 'proxy_barish_at_isi_edu:sangat.isi.edu:9992:'}
Tue Jan 07 16:42:21 2003: Sending message: (register :name email_barish_at_isi_edu :reply-with nil :agenttype device :receiver proxy_barish_at_isi_edu :user barish_at_isi_edu :sender barish_at_isi_edu_email_barish_at_isi_edu :direction (to user))
Tue Jan 07 16:42:22 2003: Received: {'receiver': 'barish_at_isi_edu_email_barish_at_isi_edu', 'performative': 'ask', 'sender': 'ping_barish_at_isi_edu_email_barish_at_isi_edu', 'reply-with': 'barish_at_isi_edu', 'content': 'hello'}
Tue Jan 07 16:42:22 2003: Processing message: {'receiver': 'barish_at_isi_edu_email_barish_at_isi_edu', 'performative': 'ask', 'sender': 'ping_barish_at_isi_edu_email_barish_at_isi_edu', 'reply-with': 'barish_at_isi_edu', 'content': 'hello'}
Tue Jan 07 16:42:22 2003: Replying: (sorry :reply-with nil :in-reply-to barish_at_isi_edu :receiver ping_barish_at_isi_edu_email_barish_at_isi_edu :sender barish_at_isi_edu_email_barish_at_isi_edu :comment "Unintelligible query")
Mon Jan 13 16:26:20 2003: Using ANS: ('vibhagam', 5500)
Mon Jan 13 16:26:20 2003: Bound to host/port: sangat.isi.edu:6690
Mon Jan 13 16:26:20 2003: Sending message: (register :ontology tcp-ip :sender barish_at_isi_edu_email_barish_at_isi_edu :reply-with t :content "barish_at_isi_edu_email_barish_at_isi_edu sangat.isi.edu:6690")
Mon Jan 13 16:26:20 2003: Received: {'receiver': 'barish_at_isi_edu_email_barish_at_isi_edu', 'performative': 'error', 'sender': 'TEAMCORE', 'in-reply-to': 't', 'content': 'handler encountered error'}
Mon Jan 13 16:26:20 2003: Registration produced: {'receiver': 'barish_at_isi_edu_email_barish_at_isi_edu', 'performative': 'error', 'sender': 'TEAMCORE', 'in-reply-to': 't', 'content': 'handler encountered error'}
Mon Jan 13 16:26:20 2003: Sending message: (unregister :sender barish_at_isi_edu_email_barish_at_isi_edu :ontology tcp-ip :reply-with nil :content barish_at_isi_edu_email_barish_at_isi_edu)
Mon Jan 13 16:26:20 2003: Sending message: (register :sender barish_at_isi_edu_email_barish_at_isi_edu :ontology tcp-ip :reply-with t :content (barish_at_isi_edu_email_barish_at_isi_edu sangat.isi.edu:6690))
Mon Jan 13 16:26:20 2003: Received: {'receiver': 'barish_at_isi_edu_email_barish_at_isi_edu', 'performative': 'reply', 'sender': 'TEAMCORE', 'in-reply-to': 't', 'content': 'barish_at_isi_edu_email_barish_at_isi_edu TEAMCORE'}
Mon Jan 13 16:26:20 2003: Registration produced: {'receiver': 'barish_at_isi_edu_email_barish_at_isi_edu', 'performative': 'reply', 'sender': 'TEAMCORE', 'in-reply-to': 't', 'content': 'barish_at_isi_edu_email_barish_at_isi_edu TEAMCORE'}barish_at_isi_edu_email_barish_at_isi_edu, TEAMCORE
Mon Jan 13 16:26:20 2003: Registration successful: barish_at_isi_edu_email_barish_at_isi_edu
Mon Jan 13 16:26:20 2003: Router for barish_at_isi_edu_email_barish_at_isi_edu running...
Mon Jan 13 16:26:20 2003: Sending message: (ask-one :sender barish_at_isi_edu_email_barish_at_isi_edu :reply-with t :content "proxy_barish_at_isi_edu")
Mon Jan 13 16:26:20 2003: Received: {'receiver': 'barish_at_isi_edu_email_barish_at_isi_edu', 'performative': 'reply', 'sender': 'TEAMCORE', 'in-reply-to': 't', 'content': 'proxy_barish_at_isi_edu:sangat.isi.edu:9993:'}
Mon Jan 13 16:26:20 2003: Sending message: (register :name email_barish_at_isi_edu :reply-with nil :agenttype device :receiver proxy_barish_at_isi_edu :user barish_at_isi_edu :sender barish_at_isi_edu_email_barish_at_isi_edu :direction (to user))
Mon Jan 13 16:26:22 2003: Received: {'receiver': 'barish_at_isi_edu_email_barish_at_isi_edu', 'performative': 'ask', 'sender': 'ping_barish_at_isi_edu_email_barish_at_isi_edu', 'reply-with': 'barish_at_isi_edu', 'content': 'hello'}
Mon Jan 13 16:26:22 2003: Processing message: {'receiver': 'barish_at_isi_edu_email_barish_at_isi_edu', 'performative': 'ask', 'sender': 'ping_barish_at_isi_edu_email_barish_at_isi_edu', 'reply-with': 'barish_at_isi_edu', 'content': 'hello'}
Mon Jan 13 16:26:22 2003: Replying: (sorry :reply-with nil :in-reply-to barish_at_isi_edu :receiver ping_barish_at_isi_edu_email_barish_at_isi_edu :sender barish_at_isi_edu_email_barish_at_isi_edu :comment "Unintelligible query")
Thu Jan 16 10:59:22 2003: Received: {'receiver': 'barish_at_isi_edu_email_barish_at_isi_edu', 'performative': 'kqml-admin', 'sender': 'TEAMCORE', 'kqml-msg-id': '1786+vibhagam.isi.edu+40', 'reply-with': 't', 'content': 'name'}
Thu Jan 16 11:55:08 2003: Received: {'receiver': 'barish_at_isi_edu_email_barish_at_isi_edu', 'performative': 'ask', 'sender': 'ping_barish_at_isi_edu_email_barish_at_isi_edu', 'reply-with': 'barish_at_isi_edu', 'content': 'hello'}
Thu Jan 16 11:55:08 2003: Processing message: {'receiver': 'barish_at_isi_edu_email_barish_at_isi_edu', 'performative': 'ask', 'sender': 'ping_barish_at_isi_edu_email_barish_at_isi_edu', 'reply-with': 'barish_at_isi_edu', 'content': 'hello'}
Thu Jan 16 11:55:08 2003: Replying: (sorry :reply-with nil :in-reply-to barish_at_isi_edu :receiver ping_barish_at_isi_edu_email_barish_at_isi_edu :sender barish_at_isi_edu_email_barish_at_isi_edu :comment "Unintelligible query")
Tue Mar 04 15:43:49 2003: Received: {'receiver': 'barish_at_isi_edu_email_barish_at_isi_edu', 'performative': 'ask', 'sender': 'ping_barish_at_isi_edu_email_barish_at_isi_edu', 'reply-with': 'barish_at_isi_edu', 'content': 'hello'}
Tue Mar 04 15:43:49 2003: Processing message: {'receiver': 'barish_at_isi_edu_email_barish_at_isi_edu', 'performative': 'ask', 'sender': 'ping_barish_at_isi_edu_email_barish_at_isi_edu', 'reply-with': 'barish_at_isi_edu', 'content': 'hello'}
Tue Mar 04 15:43:49 2003: Replying: (sorry :reply-with nil :in-reply-to barish_at_isi_edu :receiver ping_barish_at_isi_edu_email_barish_at_isi_edu :sender barish_at_isi_edu_email_barish_at_isi_edu :comment "Unintelligible query")
Tue Mar 04 15:47:19 2003: Received: {'receiver': 'barish_at_isi_edu_email_barish_at_isi_edu', 'performative': 'ask', 'sender': 'ping_barish_at_isi_edu_email_barish_at_isi_edu', 'reply-with': 'barish_at_isi_edu', 'content': 'hello'}
Tue Mar 04 15:47:19 2003: Processing message: {'receiver': 'barish_at_isi_edu_email_barish_at_isi_edu', 'performative': 'ask', 'sender': 'ping_barish_at_isi_edu_email_barish_at_isi_edu', 'reply-with': 'barish_at_isi_edu', 'content': 'hello'}
Tue Mar 04 15:47:19 2003: Replying: (sorry :reply-with nil :in-reply-to barish_at_isi_edu :receiver ping_barish_at_isi_edu_email_barish_at_isi_edu :sender barish_at_isi_edu_email_barish_at_isi_edu :comment "Unintelligible query")
Tue Mar 04 16:02:41 2003: Using ANS: ('vibhagam.isi.edu', 5500)
Tue Mar 04 16:02:41 2003: Bound to host/port: sangat.isi.edu:6690
Tue Mar 04 16:02:41 2003: Sending message: (register :ontology tcp-ip :sender barish_at_isi_edu_email_barish_at_isi_edu :reply-with t :content "barish_at_isi_edu_email_barish_at_isi_edu sangat.isi.edu:6690")
Tue Mar 04 16:02:41 2003: Received: {'receiver': 'barish_at_isi_edu_email_barish_at_isi_edu', 'performative': 'error', 'sender': 'TEAMCORE', 'in-reply-to': 't', 'content': 'handler encountered error'}
Tue Mar 04 16:02:41 2003: Registration produced: {'receiver': 'barish_at_isi_edu_email_barish_at_isi_edu', 'performative': 'error', 'sender': 'TEAMCORE', 'in-reply-to': 't', 'content': 'handler encountered error'}
Tue Mar 04 16:02:41 2003: Sending message: (unregister :sender barish_at_isi_edu_email_barish_at_isi_edu :ontology tcp-ip :reply-with nil :content barish_at_isi_edu_email_barish_at_isi_edu)
Tue Mar 04 16:02:41 2003: Sending message: (register :sender barish_at_isi_edu_email_barish_at_isi_edu :ontology tcp-ip :reply-with t :content (barish_at_isi_edu_email_barish_at_isi_edu sangat.isi.edu:6690))
Tue Mar 04 16:02:41 2003: Received: {'receiver': 'barish_at_isi_edu_email_barish_at_isi_edu', 'performative': 'reply', 'sender': 'TEAMCORE', 'in-reply-to': 't', 'content': 'barish_at_isi_edu_email_barish_at_isi_edu TEAMCORE'}
Tue Mar 04 16:02:41 2003: Registration produced: {'receiver': 'barish_at_isi_edu_email_barish_at_isi_edu', 'performative': 'reply', 'sender': 'TEAMCORE', 'in-reply-to': 't', 'content': 'barish_at_isi_edu_email_barish_at_isi_edu TEAMCORE'}barish_at_isi_edu_email_barish_at_isi_edu, TEAMCORE
Tue Mar 04 16:02:41 2003: Registration successful: barish_at_isi_edu_email_barish_at_isi_edu
Tue Mar 04 16:02:41 2003: Router for barish_at_isi_edu_email_barish_at_isi_edu running...
Tue Mar 04 16:02:41 2003: Sending message: (ask-one :sender barish_at_isi_edu_email_barish_at_isi_edu :reply-with t :content "proxy_barish_at_isi_edu")
Tue Mar 04 16:02:41 2003: Received: {'receiver': 'barish_at_isi_edu_email_barish_at_isi_edu', 'performative': 'reply', 'sender': 'TEAMCORE', 'in-reply-to': 't', 'content': 'proxy_barish_at_isi_edu:sangat.isi.edu:9993:'}
Tue Mar 04 16:02:41 2003: Sending message: (register :name email_barish_at_isi_edu :reply-with nil :agenttype device :receiver proxy_barish_at_isi_edu :user barish_at_isi_edu :sender barish_at_isi_edu_email_barish_at_isi_edu :direction (to user))
Tue Mar 04 16:02:42 2003: Received: {'receiver': 'barish_at_isi_edu_email_barish_at_isi_edu', 'performative': 'ask', 'sender': 'ping_barish_at_isi_edu_email_barish_at_isi_edu', 'reply-with': 'barish_at_isi_edu', 'content': 'hello'}
Tue Mar 04 16:02:42 2003: Processing message: {'receiver': 'barish_at_isi_edu_email_barish_at_isi_edu', 'performative': 'ask', 'sender': 'ping_barish_at_isi_edu_email_barish_at_isi_edu', 'reply-with': 'barish_at_isi_edu', 'content': 'hello'}
Tue Mar 04 16:02:42 2003: Replying: (sorry :reply-with nil :in-reply-to barish_at_isi_edu :receiver ping_barish_at_isi_edu_email_barish_at_isi_edu :sender barish_at_isi_edu_email_barish_at_isi_edu :comment "Unintelligible query")
Tue Mar 04 16:13:04 2003: Received: {'receiver': 'barish_at_isi_edu_email_barish_at_isi_edu', 'performative': 'tell', 'sender': 'stop_barish_at_isi_edu_email_barish_at_isi_edu', 'reply-with': 'nil', 'content': 'stop'}
Tue Mar 04 16:13:04 2003: Processing message: {'receiver': 'barish_at_isi_edu_email_barish_at_isi_edu', 'performative': 'tell', 'sender': 'stop_barish_at_isi_edu_email_barish_at_isi_edu', 'reply-with': 'nil', 'content': 'stop'}
Tue Mar 04 16:13:05 2003: Sending message: (unregister :receiver proxy_barish_at_isi_edu :name email_barish_at_isi_edu :sender barish_at_isi_edu_email_barish_at_isi_edu :reply-with nil :user barish_at_isi_edu)
Tue Mar 04 16:13:05 2003: Router barish_at_isi_edu_email_barish_at_isi_edu exiting...
Tue Mar 04 16:13:05 2003: Sending message: (unregister :receiver TEAMCORE :sender barish_at_isi_edu_email_barish_at_isi_edu :ontology tcp-ip :reply-with nil :content barish_at_isi_edu_email_barish_at_isi_edu)
Tue Mar 04 16:13:05 2003: Exiting...
Tue Mar 04 16:13:07 2003: Using ANS: ('vibhagam.isi.edu', 5500)
Tue Mar 04 16:13:07 2003: Bound to host/port: sangat.isi.edu:6689
Tue Mar 04 16:13:07 2003: Sending message: (register :ontology tcp-ip :sender barish_at_isi_edu_email_barish_at_isi_edu :reply-with t :content "barish_at_isi_edu_email_barish_at_isi_edu sangat.isi.edu:6689")
Tue Mar 04 16:13:07 2003: Received: {'receiver': 'barish_at_isi_edu_email_barish_at_isi_edu', 'performative': 'error', 'sender': 'TEAMCORE', 'in-reply-to': 't', 'content': 'handler encountered error'}
Tue Mar 04 16:13:07 2003: Registration produced: {'receiver': 'barish_at_isi_edu_email_barish_at_isi_edu', 'performative': 'error', 'sender': 'TEAMCORE', 'in-reply-to': 't', 'content': 'handler encountered error'}
Tue Mar 04 16:13:07 2003: Sending message: (unregister :sender barish_at_isi_edu_email_barish_at_isi_edu :ontology tcp-ip :reply-with nil :content barish_at_isi_edu_email_barish_at_isi_edu)
Tue Mar 04 16:13:07 2003: Sending message: (register :sender barish_at_isi_edu_email_barish_at_isi_edu :ontology tcp-ip :reply-with t :content (barish_at_isi_edu_email_barish_at_isi_edu sangat.isi.edu:6689))
Tue Mar 04 16:13:07 2003: Received: {'receiver': 'barish_at_isi_edu_email_barish_at_isi_edu', 'performative': 'reply', 'sender': 'TEAMCORE', 'in-reply-to': 't', 'content': 'barish_at_isi_edu_email_barish_at_isi_edu TEAMCORE'}
Tue Mar 04 16:13:07 2003: Registration produced: {'receiver': 'barish_at_isi_edu_email_barish_at_isi_edu', 'performative': 'reply', 'sender': 'TEAMCORE', 'in-reply-to': 't', 'content': 'barish_at_isi_edu_email_barish_at_isi_edu TEAMCORE'}barish_at_isi_edu_email_barish_at_isi_edu, TEAMCORE
Tue Mar 04 16:13:07 2003: Registration successful: barish_at_isi_edu_email_barish_at_isi_edu
Tue Mar 04 16:13:07 2003: Router for barish_at_isi_edu_email_barish_at_isi_edu running...
Tue Mar 04 16:13:07 2003: Sending message: (ask-one :sender barish_at_isi_edu_email_barish_at_isi_edu :reply-with t :content "proxy_barish_at_isi_edu")
Tue Mar 04 16:13:07 2003: Received: {'receiver': 'barish_at_isi_edu_email_barish_at_isi_edu', 'performative': 'reply', 'sender': 'TEAMCORE', 'in-reply-to': 't', 'content': 'proxy_barish_at_isi_edu:sangat.isi.edu:9993:'}
Tue Mar 04 16:13:07 2003: Sending message: (register :name email_barish_at_isi_edu :reply-with nil :agenttype device :receiver proxy_barish_at_isi_edu :user barish_at_isi_edu :sender barish_at_isi_edu_email_barish_at_isi_edu :direction (to user))
Tue Mar 04 16:13:09 2003: Received: {'receiver': 'barish_at_isi_edu_email_barish_at_isi_edu', 'performative': 'ask', 'sender': 'ping_barish_at_isi_edu_email_barish_at_isi_edu', 'reply-with': 'barish_at_isi_edu', 'content': 'hello'}
Tue Mar 04 16:13:09 2003: Processing message: {'receiver': 'barish_at_isi_edu_email_barish_at_isi_edu', 'performative': 'ask', 'sender': 'ping_barish_at_isi_edu_email_barish_at_isi_edu', 'reply-with': 'barish_at_isi_edu', 'content': 'hello'}
Tue Mar 04 16:13:09 2003: Replying: (sorry :reply-with nil :in-reply-to barish_at_isi_edu :receiver ping_barish_at_isi_edu_email_barish_at_isi_edu :sender barish_at_isi_edu_email_barish_at_isi_edu :comment "Unintelligible query")
Mon Apr 21 17:01:01 2003: Received: {'receiver': 'barish_at_isi_edu_email_barish_at_isi_edu', 'performative': 'kqml-admin', 'sender': 'TEAMCORE', 'kqml-msg-id': '880+vibhagam.isi.edu+44', 'reply-with': 't', 'content': 'name'}
Mon Apr 21 17:05:53 2003: Received: {'receiver': 'barish_at_isi_edu_email_barish_at_isi_edu', 'performative': 'ask', 'sender': 'ping_barish_at_isi_edu_email_barish_at_isi_edu', 'reply-with': 'barish_at_isi_edu', 'content': 'hello'}
Mon Apr 21 17:05:53 2003: Processing message: {'receiver': 'barish_at_isi_edu_email_barish_at_isi_edu', 'performative': 'ask', 'sender': 'ping_barish_at_isi_edu_email_barish_at_isi_edu', 'reply-with': 'barish_at_isi_edu', 'content': 'hello'}
Mon Apr 21 17:05:53 2003: Replying: (sorry :reply-with nil :in-reply-to barish_at_isi_edu :receiver ping_barish_at_isi_edu_email_barish_at_isi_edu :sender barish_at_isi_edu_email_barish_at_isi_edu :comment "Unintelligible query")
Mon Apr 21 17:12:42 2003: Received: {'receiver': 'barish_at_isi_edu_email_barish_at_isi_edu', 'performative': 'tell', 'sender': 'stop_barish_at_isi_edu_email_barish_at_isi_edu', 'reply-with': 'nil', 'content': 'stop'}
Mon Apr 21 17:12:42 2003: Processing message: {'receiver': 'barish_at_isi_edu_email_barish_at_isi_edu', 'performative': 'tell', 'sender': 'stop_barish_at_isi_edu_email_barish_at_isi_edu', 'reply-with': 'nil', 'content': 'stop'}
Mon Apr 21 17:12:43 2003: Sending message: (unregister :receiver proxy_barish_at_isi_edu :name email_barish_at_isi_edu :sender barish_at_isi_edu_email_barish_at_isi_edu :reply-with nil :user barish_at_isi_edu)
Mon Apr 21 17:12:43 2003: Router barish_at_isi_edu_email_barish_at_isi_edu exiting...
Mon Apr 21 17:12:43 2003: Sending message: (unregister :receiver TEAMCORE :sender barish_at_isi_edu_email_barish_at_isi_edu :ontology tcp-ip :reply-with nil :content barish_at_isi_edu_email_barish_at_isi_edu)
Mon Apr 21 17:12:43 2003: Exiting...
Mon Apr 21 17:12:45 2003: Using ANS: ('vibhagam.isi.edu', 5500)
Mon Apr 21 17:12:45 2003: Bound to host/port: sangat.isi.edu:6705
Mon Apr 21 17:12:45 2003: Sending message: (register :ontology tcp-ip :sender barish_at_isi_edu_email_barish_at_isi_edu :reply-with t :content "barish_at_isi_edu_email_barish_at_isi_edu sangat.isi.edu:6705")
Mon Apr 21 17:12:45 2003: Received: {'receiver': 'barish_at_isi_edu_email_barish_at_isi_edu', 'performative': 'error', 'sender': 'TEAMCORE', 'in-reply-to': 't', 'content': 'handler encountered error'}
Mon Apr 21 17:12:45 2003: Registration produced: {'receiver': 'barish_at_isi_edu_email_barish_at_isi_edu', 'performative': 'error', 'sender': 'TEAMCORE', 'in-reply-to': 't', 'content': 'handler encountered error'}
Mon Apr 21 17:12:45 2003: Sending message: (unregister :sender barish_at_isi_edu_email_barish_at_isi_edu :ontology tcp-ip :reply-with nil :content barish_at_isi_edu_email_barish_at_isi_edu)
Mon Apr 21 17:12:45 2003: Sending message: (register :sender barish_at_isi_edu_email_barish_at_isi_edu :ontology tcp-ip :reply-with t :content (barish_at_isi_edu_email_barish_at_isi_edu sangat.isi.edu:6705))
Mon Apr 21 17:12:45 2003: Received: {'receiver': 'barish_at_isi_edu_email_barish_at_isi_edu', 'performative': 'reply', 'sender': 'TEAMCORE', 'in-reply-to': 't', 'content': 'barish_at_isi_edu_email_barish_at_isi_edu TEAMCORE'}
Mon Apr 21 17:12:45 2003: Registration produced: {'receiver': 'barish_at_isi_edu_email_barish_at_isi_edu', 'performative': 'reply', 'sender': 'TEAMCORE', 'in-reply-to': 't', 'content': 'barish_at_isi_edu_email_barish_at_isi_edu TEAMCORE'}barish_at_isi_edu_email_barish_at_isi_edu, TEAMCORE
Mon Apr 21 17:12:45 2003: Registration successful: barish_at_isi_edu_email_barish_at_isi_edu
Mon Apr 21 17:12:45 2003: Router for barish_at_isi_edu_email_barish_at_isi_edu running...
Mon Apr 21 17:12:45 2003: Sending message: (ask-one :sender barish_at_isi_edu_email_barish_at_isi_edu :reply-with t :content "proxy_barish_at_isi_edu")
Mon Apr 21 17:12:45 2003: Received: {'receiver': 'barish_at_isi_edu_email_barish_at_isi_edu', 'performative': 'reply', 'sender': 'TEAMCORE', 'in-reply-to': 't', 'content': 'proxy_barish_at_isi_edu:sangat.isi.edu:9993:'}
Mon Apr 21 17:12:45 2003: Sending message: (register :name email_barish_at_isi_edu :reply-with nil :agenttype device :receiver proxy_barish_at_isi_edu :user barish_at_isi_edu :sender barish_at_isi_edu_email_barish_at_isi_edu :direction (to user))
Mon Apr 21 17:12:46 2003: Received: {'receiver': 'barish_at_isi_edu_email_barish_at_isi_edu', 'performative': 'ask', 'sender': 'ping_barish_at_isi_edu_email_barish_at_isi_edu', 'reply-with': 'barish_at_isi_edu', 'content': 'hello'}
Mon Apr 21 17:12:46 2003: Processing message: {'receiver': 'barish_at_isi_edu_email_barish_at_isi_edu', 'performative': 'ask', 'sender': 'ping_barish_at_isi_edu_email_barish_at_isi_edu', 'reply-with': 'barish_at_isi_edu', 'content': 'hello'}
Mon Apr 21 17:12:46 2003: Replying: (sorry :reply-with nil :in-reply-to barish_at_isi_edu :receiver ping_barish_at_isi_edu_email_barish_at_isi_edu :sender barish_at_isi_edu_email_barish_at_isi_edu :comment "Unintelligible query")
Mon Apr 21 17:53:25 2003: Using ANS: ('vibhagam', 5500)
Mon Apr 21 17:53:25 2003: Bound to host/port: sangat.isi.edu:6688
Mon Apr 21 17:53:25 2003: Sending message: (register :ontology tcp-ip :sender barish_at_isi_edu_email_barish_at_isi_edu :reply-with t :content "barish_at_isi_edu_email_barish_at_isi_edu sangat.isi.edu:6688")
Mon Apr 21 17:53:25 2003: Received: {'receiver': 'barish_at_isi_edu_email_barish_at_isi_edu', 'performative': 'error', 'sender': 'TEAMCORE', 'in-reply-to': 't', 'content': 'handler encountered error'}
Mon Apr 21 17:53:25 2003: Registration produced: {'receiver': 'barish_at_isi_edu_email_barish_at_isi_edu', 'performative': 'error', 'sender': 'TEAMCORE', 'in-reply-to': 't', 'content': 'handler encountered error'}
Mon Apr 21 17:53:25 2003: Sending message: (unregister :sender barish_at_isi_edu_email_barish_at_isi_edu :ontology tcp-ip :reply-with nil :content barish_at_isi_edu_email_barish_at_isi_edu)
Mon Apr 21 17:53:25 2003: Sending message: (register :sender barish_at_isi_edu_email_barish_at_isi_edu :ontology tcp-ip :reply-with t :content (barish_at_isi_edu_email_barish_at_isi_edu sangat.isi.edu:6688))
Mon Apr 21 17:53:25 2003: Received: {'receiver': 'barish_at_isi_edu_email_barish_at_isi_edu', 'performative': 'reply', 'sender': 'TEAMCORE', 'in-reply-to': 't', 'content': 'barish_at_isi_edu_email_barish_at_isi_edu TEAMCORE'}
Mon Apr 21 17:53:25 2003: Registration produced: {'receiver': 'barish_at_isi_edu_email_barish_at_isi_edu', 'performative': 'reply', 'sender': 'TEAMCORE', 'in-reply-to': 't', 'content': 'barish_at_isi_edu_email_barish_at_isi_edu TEAMCORE'}barish_at_isi_edu_email_barish_at_isi_edu, TEAMCORE
Mon Apr 21 17:53:25 2003: Registration successful: barish_at_isi_edu_email_barish_at_isi_edu
Mon Apr 21 17:53:25 2003: Router for barish_at_isi_edu_email_barish_at_isi_edu running...
Mon Apr 21 17:53:25 2003: Sending message: (ask-one :sender barish_at_isi_edu_email_barish_at_isi_edu :reply-with t :content "proxy_barish_at_isi_edu")
Mon Apr 21 17:53:25 2003: Received: {'receiver': 'barish_at_isi_edu_email_barish_at_isi_edu', 'performative': 'reply', 'sender': 'TEAMCORE', 'in-reply-to': 't', 'content': 'proxy_barish_at_isi_edu:sangat.isi.edu:9991:'}
Mon Apr 21 17:53:25 2003: Sending message: (register :name email_barish_at_isi_edu :reply-with nil :agenttype device :receiver proxy_barish_at_isi_edu :user barish_at_isi_edu :sender barish_at_isi_edu_email_barish_at_isi_edu :direction (to user))
Mon Apr 21 17:53:27 2003: Received: {'receiver': 'barish_at_isi_edu_email_barish_at_isi_edu', 'performative': 'ask', 'sender': 'ping_barish_at_isi_edu_email_barish_at_isi_edu', 'reply-with': 'barish_at_isi_edu', 'content': 'hello'}
Mon Apr 21 17:53:27 2003: Processing message: {'receiver': 'barish_at_isi_edu_email_barish_at_isi_edu', 'performative': 'ask', 'sender': 'ping_barish_at_isi_edu_email_barish_at_isi_edu', 'reply-with': 'barish_at_isi_edu', 'content': 'hello'}
Mon Apr 21 17:53:27 2003: Replying: (sorry :reply-with nil :in-reply-to barish_at_isi_edu :receiver ping_barish_at_isi_edu_email_barish_at_isi_edu :sender barish_at_isi_edu_email_barish_at_isi_edu :comment "Unintelligible query")
Mon Apr 21 17:56:22 2003: Received: {'receiver': 'barish_at_isi_edu_email_barish_at_isi_edu', 'performative': 'ask', 'sender': 'ping_barish_at_isi_edu_email_barish_at_isi_edu', 'reply-with': 'barish_at_isi_edu', 'content': 'hello'}
Mon Apr 21 17:56:22 2003: Processing message: {'receiver': 'barish_at_isi_edu_email_barish_at_isi_edu', 'performative': 'ask', 'sender': 'ping_barish_at_isi_edu_email_barish_at_isi_edu', 'reply-with': 'barish_at_isi_edu', 'content': 'hello'}
Mon Apr 21 17:56:22 2003: Replying: (sorry :reply-with nil :in-reply-to barish_at_isi_edu :receiver ping_barish_at_isi_edu_email_barish_at_isi_edu :sender barish_at_isi_edu_email_barish_at_isi_edu :comment "Unintelligible query")
Fri Aug 15 11:56:57 2003: Received: {'receiver': 'barish_at_isi_edu_email_barish_at_isi_edu', 'performative': 'kqml-admin', 'sender': 'TEAMCORE', 'kqml-msg-id': '23912+vibhagam.isi.edu+39', 'reply-with': 't', 'content': 'name'}
