Wed Dec 05 13:34:18 2001: Using ANS: ('vibhagam.isi.edu', 5500)
Wed Dec 05 13:34:18 2001: Bound to host/port: sangat.isi.edu:6673
Wed Dec 05 13:34:18 2001: Sending message: (register :sender pynadath_at_isi_edu_email_pynadath_at_isi_edu :ontology tcp-ip :reply-with t :content (pynadath_at_isi_edu_email_pynadath_at_isi_edu sangat.isi.edu:6673))
Wed Dec 05 13:34:18 2001: Received: {'receiver': 'pynadath_at_isi_edu_email_pynadath_at_isi_edu', 'performative': 'reply', 'sender': 'TEAMCORE', 'in-reply-to': 't', 'content': 'pynadath_at_isi_edu_email_pynadath_at_isi_edu TEAMCORE'}
Wed Dec 05 13:34:18 2001: Registration produced: {'receiver': 'pynadath_at_isi_edu_email_pynadath_at_isi_edu', 'performative': 'reply', 'sender': 'TEAMCORE', 'in-reply-to': 't', 'content': 'pynadath_at_isi_edu_email_pynadath_at_isi_edu TEAMCORE'}
Wed Dec 05 13:34:18 2001: Registration successful: pynadath_at_isi_edu_email_pynadath_at_isi_edu
Wed Dec 05 13:34:18 2001: Router for pynadath_at_isi_edu_email_pynadath_at_isi_edu running...
Wed Dec 05 13:34:18 2001: Sending message: (ask-one :sender pynadath_at_isi_edu_email_pynadath_at_isi_edu :reply-with t :content "proxy_pynadath_at_isi_edu")
Wed Dec 05 13:34:18 2001: Received: {'receiver': 'pynadath_at_isi_edu_email_pynadath_at_isi_edu', 'performative': 'reply', 'sender': 'TEAMCORE', 'in-reply-to': 't', 'content': 'proxy_pynadath_at_isi_edu:sangat.isi.edu:9992:'}
Wed Dec 05 13:34:18 2001: Sending message: (register :name email_pynadath_at_isi_edu :reply-with nil :agenttype device :receiver proxy_pynadath_at_isi_edu :user pynadath_at_isi_edu :sender pynadath_at_isi_edu_email_pynadath_at_isi_edu :direction to user)
Wed Dec 05 13:34:31 2001: Received: {'subject': 'Test', 'performative': 'tell', 'reply-with': 'nil', 'receiver': 'pynadath_at_isi_edu_email_pynadath_at_isi_edu', 'user': 'pynadath_at_isi_edu', 'sender': 'proxy_pynadath_at_isi_edu', 'shortcontent': 'Testing...', 'content': 'This is a test message for pynadath@isi.edu'}
Wed Dec 05 13:34:31 2001: Processing message: {'subject': 'Test', 'performative': 'tell', 'reply-with': 'nil', 'receiver': 'pynadath_at_isi_edu_email_pynadath_at_isi_edu', 'user': 'pynadath_at_isi_edu', 'sender': 'proxy_pynadath_at_isi_edu', 'shortcontent': 'Testing...', 'content': 'This is a test message for pynadath@isi.edu'}
Wed Dec 05 13:38:52 2001: Received: {'receiver': 'pynadath_at_isi_edu_email_pynadath_at_isi_edu', 'performative': 'tell', 'sender': 'deviceCGI_pynadath_at_isi_edu', 'reply-with': 'nil', 'content': 'stop'}
Wed Dec 05 13:38:52 2001: Processing message: {'receiver': 'pynadath_at_isi_edu_email_pynadath_at_isi_edu', 'performative': 'tell', 'sender': 'deviceCGI_pynadath_at_isi_edu', 'reply-with': 'nil', 'content': 'stop'}
Wed Dec 05 13:38:52 2001: Sending message: (unregister :receiver proxy_pynadath_at_isi_edu :name email_pynadath_at_isi_edu :sender pynadath_at_isi_edu_email_pynadath_at_isi_edu :reply-with nil :user pynadath_at_isi_edu)
Wed Dec 05 13:38:52 2001: Router pynadath_at_isi_edu_email_pynadath_at_isi_edu exiting...
Wed Dec 05 13:38:52 2001: Sending message: (unregister :receiver TEAMCORE :sender pynadath_at_isi_edu_email_pynadath_at_isi_edu :ontology tcp-ip :reply-with nil :content pynadath_at_isi_edu_email_pynadath_at_isi_edu)
Wed Dec 05 13:38:52 2001: Exiting...
Fri Dec 14 13:54:37 2001: Using ANS: ('vibhagam.isi.edu', 5500)
Fri Dec 14 13:54:37 2001: Bound to host/port: sangat.isi.edu:6680
Fri Dec 14 13:54:37 2001: Sending message: (register :sender pynadath_at_isi_edu_email_pynadath_at_isi_edu :ontology tcp-ip :reply-with t :content (pynadath_at_isi_edu_email_pynadath_at_isi_edu sangat.isi.edu:6680))
Fri Dec 14 13:54:37 2001: Received: {'receiver': 'pynadath_at_isi_edu_email_pynadath_at_isi_edu', 'performative': 'reply', 'sender': 'TEAMCORE', 'in-reply-to': 't', 'content': 'pynadath_at_isi_edu_email_pynadath_at_isi_edu TEAMCORE'}
Fri Dec 14 13:54:37 2001: Registration produced: {'receiver': 'pynadath_at_isi_edu_email_pynadath_at_isi_edu', 'performative': 'reply', 'sender': 'TEAMCORE', 'in-reply-to': 't', 'content': 'pynadath_at_isi_edu_email_pynadath_at_isi_edu TEAMCORE'}
Fri Dec 14 13:54:37 2001: Registration successful: pynadath_at_isi_edu_email_pynadath_at_isi_edu
Fri Dec 14 13:54:37 2001: Router for pynadath_at_isi_edu_email_pynadath_at_isi_edu running...
Fri Dec 14 13:54:37 2001: Sending message: (ask-one :sender pynadath_at_isi_edu_email_pynadath_at_isi_edu :reply-with t :content "proxy_pynadath_at_isi_edu")
Fri Dec 14 13:54:37 2001: Received: {'receiver': 'pynadath_at_isi_edu_email_pynadath_at_isi_edu', 'performative': 'reply', 'sender': 'TEAMCORE', 'in-reply-to': 't', 'content': 'proxy_pynadath_at_isi_edu:sangat.isi.edu:9992:'}
Fri Dec 14 13:54:37 2001: Sending message: (register :name email_pynadath_at_isi_edu :reply-with nil :agenttype device :receiver proxy_pynadath_at_isi_edu :user pynadath_at_isi_edu :sender pynadath_at_isi_edu_email_pynadath_at_isi_edu :direction to user)
Fri Dec 14 13:55:21 2001: Received: {'subject': 'Test', 'performative': 'tell', 'reply-with': 'nil', 'receiver': 'pynadath_at_isi_edu_email_pynadath_at_isi_edu', 'user': 'pynadath_at_isi_edu', 'sender': 'proxy_pynadath_at_isi_edu', 'shortcontent': 'Testing...', 'content': '0123456789112345678921234567893123456789412345678951234567896123456789712345678981234567899123456789012345678911234567892123456789'}
Fri Dec 14 13:55:21 2001: Processing message: {'subject': 'Test', 'performative': 'tell', 'reply-with': 'nil', 'receiver': 'pynadath_at_isi_edu_email_pynadath_at_isi_edu', 'user': 'pynadath_at_isi_edu', 'sender': 'proxy_pynadath_at_isi_edu', 'shortcontent': 'Testing...', 'content': '0123456789112345678921234567893123456789412345678951234567896123456789712345678981234567899123456789012345678911234567892123456789'}
Fri Dec 14 13:56:28 2001: Received: {'receiver': 'pynadath_at_isi_edu_email_pynadath_at_isi_edu', 'performative': 'tell', 'sender': 'deviceCGI_pynadath_at_isi_edu', 'reply-with': 'nil', 'content': 'stop'}
Fri Dec 14 13:56:28 2001: Processing message: {'receiver': 'pynadath_at_isi_edu_email_pynadath_at_isi_edu', 'performative': 'tell', 'sender': 'deviceCGI_pynadath_at_isi_edu', 'reply-with': 'nil', 'content': 'stop'}
Fri Dec 14 13:56:28 2001: Sending message: (unregister :receiver proxy_pynadath_at_isi_edu :name email_pynadath_at_isi_edu :sender pynadath_at_isi_edu_email_pynadath_at_isi_edu :reply-with nil :user pynadath_at_isi_edu)
Fri Dec 14 13:56:28 2001: Router pynadath_at_isi_edu_email_pynadath_at_isi_edu exiting...
Fri Dec 14 13:56:28 2001: Sending message: (unregister :receiver TEAMCORE :sender pynadath_at_isi_edu_email_pynadath_at_isi_edu :ontology tcp-ip :reply-with nil :content pynadath_at_isi_edu_email_pynadath_at_isi_edu)
Fri Dec 14 13:56:28 2001: Exiting...
Fri Dec 14 13:56:43 2001: Using ANS: ('vibhagam.isi.edu', 5500)
Fri Dec 14 13:56:43 2001: Bound to host/port: sangat.isi.edu:6681
Fri Dec 14 13:56:43 2001: Sending message: (register :sender pynadath_at_isi_edu_email_pynadath_at_isi_edu :ontology tcp-ip :reply-with t :content (pynadath_at_isi_edu_email_pynadath_at_isi_edu sangat.isi.edu:6681))
Fri Dec 14 13:56:43 2001: Received: {'receiver': 'pynadath_at_isi_edu_email_pynadath_at_isi_edu', 'performative': 'reply', 'sender': 'TEAMCORE', 'in-reply-to': 't', 'content': 'pynadath_at_isi_edu_email_pynadath_at_isi_edu TEAMCORE'}
Fri Dec 14 13:56:43 2001: Registration produced: {'receiver': 'pynadath_at_isi_edu_email_pynadath_at_isi_edu', 'performative': 'reply', 'sender': 'TEAMCORE', 'in-reply-to': 't', 'content': 'pynadath_at_isi_edu_email_pynadath_at_isi_edu TEAMCORE'}
Fri Dec 14 13:56:43 2001: Registration successful: pynadath_at_isi_edu_email_pynadath_at_isi_edu
Fri Dec 14 13:56:43 2001: Router for pynadath_at_isi_edu_email_pynadath_at_isi_edu running...
Fri Dec 14 13:56:43 2001: Sending message: (ask-one :sender pynadath_at_isi_edu_email_pynadath_at_isi_edu :reply-with t :content "proxy_pynadath_at_isi_edu")
Fri Dec 14 13:56:43 2001: Received: {'receiver': 'pynadath_at_isi_edu_email_pynadath_at_isi_edu', 'performative': 'reply', 'sender': 'TEAMCORE', 'in-reply-to': 't', 'content': 'proxy_pynadath_at_isi_edu:sangat.isi.edu:9992:'}
Fri Dec 14 13:56:43 2001: Sending message: (register :name email_pynadath_at_isi_edu :reply-with nil :agenttype device :receiver proxy_pynadath_at_isi_edu :user pynadath_at_isi_edu :sender pynadath_at_isi_edu_email_pynadath_at_isi_edu :direction to user)
Fri Dec 14 13:57:18 2001: Received: {'subject': 'Test', 'performative': 'tell', 'reply-with': 'nil', 'receiver': 'pynadath_at_isi_edu_email_pynadath_at_isi_edu', 'user': 'pynadath_at_isi_edu', 'sender': 'proxy_pynadath_at_isi_edu', 'shortcontent': 'Testing...', 'content': '012345678911234567892123456789312345678941234567895123456789612345678971234567898123456789912345678901234567891123456789'}
Fri Dec 14 13:57:18 2001: Processing message: {'subject': 'Test', 'performative': 'tell', 'reply-with': 'nil', 'receiver': 'pynadath_at_isi_edu_email_pynadath_at_isi_edu', 'user': 'pynadath_at_isi_edu', 'sender': 'proxy_pynadath_at_isi_edu', 'shortcontent': 'Testing...', 'content': '012345678911234567892123456789312345678941234567895123456789612345678971234567898123456789912345678901234567891123456789'}
Fri Dec 14 14:34:10 2001: Received: {'subject': 'Flight Schedule Changed', 'performative': 'tell', 'reply-with': 'nil', 'receiver': 'pynadath_at_isi_edu_email_pynadath_at_isi_edu', 'user': 'pynadath_at_isi_edu', 'sender': 'proxy_pynadath_at_isi_edu', 'deadline': '10000', 'shortcontent': 'CHANGED : United Airlines 919 departs at Fri Dec 14 17:45:00 PST 2001', 'content': '\012    Hello, pynadath_at_isi_edu.\012\012    This is a message from your flight status monitoring elf.\012Your fligt United Airlines 919 schedule was changed as follows.\012\012Original schedule : depart at Fri Dec 14 17:45:00 PST 2001 arrives at Fri Dec 14 20:15:00 PST 2001\012\012New schedule : depart at Fri Dec 14 17:45:00 PST 2001 arrives at Fri Dec 14 19:58:00 PST 2001\012\012Please note the change.\012Departure :   early\012Arrival :  17 minutes  early\012\012\012    Thank you.\012\012         From e-elves\012'}
Fri Dec 14 14:34:10 2001: Processing message: {'subject': 'Flight Schedule Changed', 'performative': 'tell', 'reply-with': 'nil', 'receiver': 'pynadath_at_isi_edu_email_pynadath_at_isi_edu', 'user': 'pynadath_at_isi_edu', 'sender': 'proxy_pynadath_at_isi_edu', 'deadline': '10000', 'shortcontent': 'CHANGED : United Airlines 919 departs at Fri Dec 14 17:45:00 PST 2001', 'content': '\012    Hello, pynadath_at_isi_edu.\012\012    This is a message from your flight status monitoring elf.\012Your fligt United Airlines 919 schedule was changed as follows.\012\012Original schedule : depart at Fri Dec 14 17:45:00 PST 2001 arrives at Fri Dec 14 20:15:00 PST 2001\012\012New schedule : depart at Fri Dec 14 17:45:00 PST 2001 arrives at Fri Dec 14 19:58:00 PST 2001\012\012Please note the change.\012Departure :   early\012Arrival :  17 minutes  early\012\012\012    Thank you.\012\012         From e-elves\012'}
Fri Dec 14 14:35:32 2001: Received: {'receiver': 'pynadath_at_isi_edu_email_pynadath_at_isi_edu', 'performative': 'tell', 'sender': 'deviceCGI_pynadath_at_isi_edu', 'reply-with': 'nil', 'content': 'stop'}
Fri Dec 14 14:35:32 2001: Processing message: {'receiver': 'pynadath_at_isi_edu_email_pynadath_at_isi_edu', 'performative': 'tell', 'sender': 'deviceCGI_pynadath_at_isi_edu', 'reply-with': 'nil', 'content': 'stop'}
Fri Dec 14 14:35:32 2001: Sending message: (unregister :receiver proxy_pynadath_at_isi_edu :name email_pynadath_at_isi_edu :sender pynadath_at_isi_edu_email_pynadath_at_isi_edu :reply-with nil :user pynadath_at_isi_edu)
Fri Dec 14 14:35:32 2001: Router pynadath_at_isi_edu_email_pynadath_at_isi_edu exiting...
Fri Dec 14 14:35:32 2001: Sending message: (unregister :receiver TEAMCORE :sender pynadath_at_isi_edu_email_pynadath_at_isi_edu :ontology tcp-ip :reply-with nil :content pynadath_at_isi_edu_email_pynadath_at_isi_edu)
Fri Dec 14 14:35:32 2001: Exiting...
Tue Jan 08 10:52:01 2002: Using ANS: ('vibhagam.isi.edu', 5500)
Tue Jan 08 10:52:01 2002: Bound to host/port: vibhagam.isi.edu:6667
Tue Jan 08 10:52:01 2002: Sending message: (register :ontology tcp-ip :sender pynadath_at_isi_edu_email_pynadath_at_isi_edu :reply-with t :content "pynadath_at_isi_edu_email_pynadath_at_isi_edu vibhagam.isi.edu:6667")
Tue Jan 08 10:52:01 2002: Received: {'receiver': 'pynadath_at_isi_edu_email_pynadath_at_isi_edu', 'performative': 'error', 'sender': 'TEAMCORE', 'in-reply-to': 't', 'content': 'handler encountered error'}
Tue Jan 08 10:52:01 2002: Registration produced: {'receiver': 'pynadath_at_isi_edu_email_pynadath_at_isi_edu', 'performative': 'error', 'sender': 'TEAMCORE', 'in-reply-to': 't', 'content': 'handler encountered error'}
Tue Jan 08 10:52:01 2002: Sending message: (unregister :sender pynadath_at_isi_edu_email_pynadath_at_isi_edu :ontology tcp-ip :reply-with nil :content pynadath_at_isi_edu_email_pynadath_at_isi_edu)
Tue Jan 08 10:52:01 2002: Sending message: (register :sender pynadath_at_isi_edu_email_pynadath_at_isi_edu :ontology tcp-ip :reply-with t :content (pynadath_at_isi_edu_email_pynadath_at_isi_edu vibhagam.isi.edu:6667))
Tue Jan 08 10:52:01 2002: Received: {'receiver': 'pynadath_at_isi_edu_email_pynadath_at_isi_edu', 'performative': 'reply', 'sender': 'TEAMCORE', 'in-reply-to': 't', 'content': 'pynadath_at_isi_edu_email_pynadath_at_isi_edu TEAMCORE'}
Tue Jan 08 10:52:01 2002: Registration produced: {'receiver': 'pynadath_at_isi_edu_email_pynadath_at_isi_edu', 'performative': 'reply', 'sender': 'TEAMCORE', 'in-reply-to': 't', 'content': 'pynadath_at_isi_edu_email_pynadath_at_isi_edu TEAMCORE'}pynadath_at_isi_edu_email_pynadath_at_isi_edu, TEAMCORE
Tue Jan 08 10:52:01 2002: Registration successful: pynadath_at_isi_edu_email_pynadath_at_isi_edu
Tue Jan 08 10:52:01 2002: Sending message: (ask-one :sender pynadath_at_isi_edu_email_pynadath_at_isi_edu :reply-with t :content "proxy_pynadath_at_isi_edu")
Tue Jan 08 10:52:01 2002: Received: {'receiver': 'pynadath_at_isi_edu_email_pynadath_at_isi_edu', 'performative': 'reply', 'sender': 'TEAMCORE', 'in-reply-to': 't', 'content': 'proxy_pynadath_at_isi_edu:sangat.isi.edu:9992:'}
Tue Jan 08 10:52:01 2002: Sending message: (register :name email_pynadath_at_isi_edu :reply-with nil :agenttype device :receiver proxy_pynadath_at_isi_edu :user pynadath_at_isi_edu :sender pynadath_at_isi_edu_email_pynadath_at_isi_edu :direction (to user))
Tue Jan 08 10:52:01 2002: Router for pynadath_at_isi_edu_email_pynadath_at_isi_edu running...
Tue Jan 08 10:52:57 2002: Received: {'receiver': 'pynadath_at_isi_edu_email_pynadath_at_isi_edu', 'performative': 'tell', 'sender': 'proxy_pynadath_at_isi_edu', 'reply-with': 'nil', 'user': 'pynadath_at_isi_edu'}
Tue Jan 08 10:52:57 2002: Processing message: {'receiver': 'pynadath_at_isi_edu_email_pynadath_at_isi_edu', 'performative': 'tell', 'sender': 'proxy_pynadath_at_isi_edu', 'reply-with': 'nil', 'user': 'pynadath_at_isi_edu'}
Tue Jan 08 10:52:57 2002: Message for user ID: pynadath@isi.edu
Tue Jan 08 10:52:57 2002: User name: David Pynadath
Tue Jan 08 10:52:57 2002: Received: {'receiver': 'pynadath_at_isi_edu_email_pynadath_at_isi_edu', 'performative': 'tell', 'sender': 'proxy_pynadath_at_isi_edu', 'reply-with': 'nil', 'user': 'pynadath_at_isi_edu'}
Tue Jan 08 10:52:57 2002: Processing message: {'receiver': 'pynadath_at_isi_edu_email_pynadath_at_isi_edu', 'performative': 'tell', 'sender': 'proxy_pynadath_at_isi_edu', 'reply-with': 'nil', 'user': 'pynadath_at_isi_edu'}
Tue Jan 08 10:52:57 2002: Message for user ID: pynadath@isi.edu
Tue Jan 08 10:52:57 2002: User name: David Pynadath
Tue Jan 08 10:58:29 2002: Received: {'receiver': 'pynadath_at_isi_edu_email_pynadath_at_isi_edu', 'performative': 'tell', 'sender': 'proxy_pynadath_at_isi_edu', 'reply-with': 'nil', 'user': 'pynadath_at_isi_edu'}
Tue Jan 08 10:58:29 2002: Processing message: {'receiver': 'pynadath_at_isi_edu_email_pynadath_at_isi_edu', 'performative': 'tell', 'sender': 'proxy_pynadath_at_isi_edu', 'reply-with': 'nil', 'user': 'pynadath_at_isi_edu'}
Tue Jan 08 10:58:29 2002: Message for user ID: pynadath@isi.edu
Tue Jan 08 10:58:29 2002: User name: David Pynadath
Tue Jan 08 10:58:30 2002: Received: {'receiver': 'pynadath_at_isi_edu_email_pynadath_at_isi_edu', 'performative': 'tell', 'sender': 'proxy_pynadath_at_isi_edu', 'reply-with': 'nil', 'user': 'pynadath_at_isi_edu'}
Tue Jan 08 10:58:30 2002: Processing message: {'receiver': 'pynadath_at_isi_edu_email_pynadath_at_isi_edu', 'performative': 'tell', 'sender': 'proxy_pynadath_at_isi_edu', 'reply-with': 'nil', 'user': 'pynadath_at_isi_edu'}
Tue Jan 08 10:58:30 2002: Message for user ID: pynadath@isi.edu
Tue Jan 08 10:58:30 2002: User name: David Pynadath
Tue Jan 08 10:59:45 2002: Received: {'receiver': 'pynadath_at_isi_edu_email_pynadath_at_isi_edu', 'performative': 'tell', 'sender': 'proxy_pynadath_at_isi_edu', 'reply-with': 'nil', 'user': 'pynadath_at_isi_edu'}
Tue Jan 08 10:59:45 2002: Processing message: {'receiver': 'pynadath_at_isi_edu_email_pynadath_at_isi_edu', 'performative': 'tell', 'sender': 'proxy_pynadath_at_isi_edu', 'reply-with': 'nil', 'user': 'pynadath_at_isi_edu'}
Tue Jan 08 10:59:45 2002: Message for user ID: pynadath@isi.edu
Tue Jan 08 10:59:45 2002: User name: David Pynadath
Tue Jan 08 10:59:46 2002: Received: {'receiver': 'pynadath_at_isi_edu_email_pynadath_at_isi_edu', 'performative': 'tell', 'sender': 'proxy_pynadath_at_isi_edu', 'reply-with': 'nil', 'user': 'pynadath_at_isi_edu'}
Tue Jan 08 10:59:46 2002: Processing message: {'receiver': 'pynadath_at_isi_edu_email_pynadath_at_isi_edu', 'performative': 'tell', 'sender': 'proxy_pynadath_at_isi_edu', 'reply-with': 'nil', 'user': 'pynadath_at_isi_edu'}
Tue Jan 08 10:59:46 2002: Message for user ID: pynadath@isi.edu
Tue Jan 08 10:59:46 2002: User name: David Pynadath
Tue Jan 08 11:06:09 2002: Received: {'receiver': 'pynadath_at_isi_edu_email_pynadath_at_isi_edu', 'performative': 'tell', 'sender': 'proxy_pynadath_at_isi_edu', 'reply-with': 'nil', 'user': 'pynadath_at_isi_edu'}
Tue Jan 08 11:06:09 2002: Processing message: {'receiver': 'pynadath_at_isi_edu_email_pynadath_at_isi_edu', 'performative': 'tell', 'sender': 'proxy_pynadath_at_isi_edu', 'reply-with': 'nil', 'user': 'pynadath_at_isi_edu'}
Tue Jan 08 11:06:09 2002: Message for user ID: pynadath@isi.edu
Tue Jan 08 11:06:09 2002: User name: David Pynadath
Tue Jan 08 11:06:59 2002: Received: {'receiver': 'pynadath_at_isi_edu_email_pynadath_at_isi_edu', 'performative': 'tell', 'sender': 'proxy_pynadath_at_isi_edu', 'reply-with': 'nil', 'user': 'pynadath_at_isi_edu'}
Tue Jan 08 11:06:59 2002: Processing message: {'receiver': 'pynadath_at_isi_edu_email_pynadath_at_isi_edu', 'performative': 'tell', 'sender': 'proxy_pynadath_at_isi_edu', 'reply-with': 'nil', 'user': 'pynadath_at_isi_edu'}
Tue Jan 08 11:06:59 2002: Message for user ID: pynadath@isi.edu
Tue Jan 08 11:06:59 2002: User name: David Pynadath
Tue Jan 08 11:17:39 2002: Received: {'performative': 'tell', 'sender': 'proxy_pynadath_at_isi_edu', 'reply-with': 'nil', 'user': 'pynadath_at_isi_edu'}
Tue Jan 08 11:17:39 2002: Processing message: {'performative': 'tell', 'sender': 'proxy_pynadath_at_isi_edu', 'reply-with': 'nil', 'user': 'pynadath_at_isi_edu'}
Tue Jan 08 11:17:39 2002: Message for user ID: pynadath@isi.edu
Tue Jan 08 11:17:39 2002: User name: David Pynadath
Tue Jan 08 11:17:39 2002: Received: {'performative': 'tell', 'sender': 'proxy_pynadath_at_isi_edu', 'reply-with': 'nil', 'user': 'pynadath_at_isi_edu'}
Tue Jan 08 11:17:39 2002: Processing message: {'performative': 'tell', 'sender': 'proxy_pynadath_at_isi_edu', 'reply-with': 'nil', 'user': 'pynadath_at_isi_edu'}
Tue Jan 08 11:17:39 2002: Message for user ID: pynadath@isi.edu
Tue Jan 08 11:17:39 2002: User name: David Pynadath
Tue Jan 08 11:20:10 2002: Sending message: (unregister :receiver proxy_pynadath_at_isi_edu :name email_pynadath_at_isi_edu :sender pynadath_at_isi_edu_email_pynadath_at_isi_edu :reply-with nil :user pynadath_at_isi_edu)
Tue Jan 08 11:20:10 2002: Router pynadath_at_isi_edu_email_pynadath_at_isi_edu exiting...
Tue Jan 08 11:20:10 2002: Sending message: (unregister :receiver TEAMCORE :sender pynadath_at_isi_edu_email_pynadath_at_isi_edu :ontology tcp-ip :reply-with nil :content pynadath_at_isi_edu_email_pynadath_at_isi_edu)
Tue Jan 08 11:20:10 2002: Exiting...
Wed Jan 09 14:04:46 2002: Using ANS: ('vibhagam.isi.edu', 5500)
Wed Jan 09 14:04:46 2002: Bound to host/port: vibhagam.isi.edu:6668
Wed Jan 09 14:04:46 2002: Sending message: (register :ontology tcp-ip :sender pynadath_at_isi_edu_email_pynadath_at_isi_edu :reply-with t :content "pynadath_at_isi_edu_email_pynadath_at_isi_edu vibhagam.isi.edu:6668")
Wed Jan 09 14:04:46 2002: Received: {'receiver': 'pynadath_at_isi_edu_email_pynadath_at_isi_edu', 'performative': 'error', 'sender': 'TEAMCORE', 'in-reply-to': 't', 'content': 'handler encountered error'}
Wed Jan 09 14:04:46 2002: Registration produced: {'receiver': 'pynadath_at_isi_edu_email_pynadath_at_isi_edu', 'performative': 'error', 'sender': 'TEAMCORE', 'in-reply-to': 't', 'content': 'handler encountered error'}
Wed Jan 09 14:04:46 2002: Sending message: (unregister :sender pynadath_at_isi_edu_email_pynadath_at_isi_edu :ontology tcp-ip :reply-with nil :content pynadath_at_isi_edu_email_pynadath_at_isi_edu)
Wed Jan 09 14:04:46 2002: Sending message: (register :sender pynadath_at_isi_edu_email_pynadath_at_isi_edu :ontology tcp-ip :reply-with t :content (pynadath_at_isi_edu_email_pynadath_at_isi_edu vibhagam.isi.edu:6668))
Wed Jan 09 14:04:46 2002: Received: {'receiver': 'pynadath_at_isi_edu_email_pynadath_at_isi_edu', 'performative': 'reply', 'sender': 'TEAMCORE', 'in-reply-to': 't', 'content': 'pynadath_at_isi_edu_email_pynadath_at_isi_edu TEAMCORE'}
Wed Jan 09 14:04:46 2002: Registration produced: {'receiver': 'pynadath_at_isi_edu_email_pynadath_at_isi_edu', 'performative': 'reply', 'sender': 'TEAMCORE', 'in-reply-to': 't', 'content': 'pynadath_at_isi_edu_email_pynadath_at_isi_edu TEAMCORE'}pynadath_at_isi_edu_email_pynadath_at_isi_edu, TEAMCORE
Wed Jan 09 14:04:46 2002: Registration successful: pynadath_at_isi_edu_email_pynadath_at_isi_edu
Wed Jan 09 14:04:46 2002: Sending message: (ask-one :sender pynadath_at_isi_edu_email_pynadath_at_isi_edu :reply-with t :content "proxy_pynadath_at_isi_edu")
Wed Jan 09 14:04:46 2002: Received: {'receiver': 'pynadath_at_isi_edu_email_pynadath_at_isi_edu', 'performative': 'reply', 'sender': 'TEAMCORE', 'in-reply-to': 't', 'content': 'proxy_pynadath_at_isi_edu:sangat.isi.edu:9992:'}
Wed Jan 09 14:04:46 2002: Sending message: (register :name email_pynadath_at_isi_edu :reply-with nil :agenttype device :receiver proxy_pynadath_at_isi_edu :user pynadath_at_isi_edu :sender pynadath_at_isi_edu_email_pynadath_at_isi_edu :direction (to user))
Wed Jan 09 14:04:46 2002: Router for pynadath_at_isi_edu_email_pynadath_at_isi_edu running...
Wed Jan 09 14:08:27 2002: Received: {'subject': 'Test', 'performative': 'tell', 'reply-with': 'nil', 'receiver': 'pynadath_at_isi_edu_email_pynadath_at_isi_edu', 'user': 'pynadath_at_isi_edu', 'sender': 'proxy_pynadath_at_isi_edu', 'shortcontent': 'This is a test', 'content': 'hello<br/>good-bye'}
Wed Jan 09 14:08:27 2002: Processing message: {'subject': 'Test', 'performative': 'tell', 'reply-with': 'nil', 'receiver': 'pynadath_at_isi_edu_email_pynadath_at_isi_edu', 'user': 'pynadath_at_isi_edu', 'sender': 'proxy_pynadath_at_isi_edu', 'shortcontent': 'This is a test', 'content': 'hello<br/>good-bye'}
Wed Jan 09 14:08:27 2002: Message for user ID: pynadath@isi.edu
Wed Jan 09 14:08:27 2002: User name: David Pynadath
Wed Jan 09 14:09:19 2002: Sending message: (unregister :receiver proxy_pynadath_at_isi_edu :name email_pynadath_at_isi_edu :sender pynadath_at_isi_edu_email_pynadath_at_isi_edu :reply-with nil :user pynadath_at_isi_edu)
Wed Jan 09 14:09:19 2002: Router pynadath_at_isi_edu_email_pynadath_at_isi_edu exiting...
Wed Jan 09 14:09:19 2002: Sending message: (unregister :receiver TEAMCORE :sender pynadath_at_isi_edu_email_pynadath_at_isi_edu :ontology tcp-ip :reply-with nil :content pynadath_at_isi_edu_email_pynadath_at_isi_edu)
Wed Jan 09 14:09:19 2002: Exiting...
Wed Jan 09 14:23:42 2002: Using ANS: ('vibhagam.isi.edu', 5500)
Wed Jan 09 14:23:42 2002: Bound to host/port: vibhagam.isi.edu:6669
Wed Jan 09 14:23:42 2002: Sending message: (register :ontology tcp-ip :sender pynadath_at_isi_edu_email_pynadath_at_isi_edu :reply-with t :content "pynadath_at_isi_edu_email_pynadath_at_isi_edu vibhagam.isi.edu:6669")
Wed Jan 09 14:23:42 2002: Received: {'receiver': 'pynadath_at_isi_edu_email_pynadath_at_isi_edu', 'performative': 'error', 'sender': 'TEAMCORE', 'in-reply-to': 't', 'content': 'handler encountered error'}
Wed Jan 09 14:23:42 2002: Registration produced: {'receiver': 'pynadath_at_isi_edu_email_pynadath_at_isi_edu', 'performative': 'error', 'sender': 'TEAMCORE', 'in-reply-to': 't', 'content': 'handler encountered error'}
Wed Jan 09 14:23:42 2002: Sending message: (unregister :sender pynadath_at_isi_edu_email_pynadath_at_isi_edu :ontology tcp-ip :reply-with nil :content pynadath_at_isi_edu_email_pynadath_at_isi_edu)
Wed Jan 09 14:23:42 2002: Sending message: (register :sender pynadath_at_isi_edu_email_pynadath_at_isi_edu :ontology tcp-ip :reply-with t :content (pynadath_at_isi_edu_email_pynadath_at_isi_edu vibhagam.isi.edu:6669))
Wed Jan 09 14:23:42 2002: Received: {'receiver': 'pynadath_at_isi_edu_email_pynadath_at_isi_edu', 'performative': 'reply', 'sender': 'TEAMCORE', 'in-reply-to': 't', 'content': 'pynadath_at_isi_edu_email_pynadath_at_isi_edu TEAMCORE'}
Wed Jan 09 14:23:42 2002: Registration produced: {'receiver': 'pynadath_at_isi_edu_email_pynadath_at_isi_edu', 'performative': 'reply', 'sender': 'TEAMCORE', 'in-reply-to': 't', 'content': 'pynadath_at_isi_edu_email_pynadath_at_isi_edu TEAMCORE'}pynadath_at_isi_edu_email_pynadath_at_isi_edu, TEAMCORE
Wed Jan 09 14:23:42 2002: Registration successful: pynadath_at_isi_edu_email_pynadath_at_isi_edu
Wed Jan 09 14:23:42 2002: Sending message: (ask-one :sender pynadath_at_isi_edu_email_pynadath_at_isi_edu :reply-with t :content "proxy_pynadath_at_isi_edu")
Wed Jan 09 14:23:42 2002: Received: {'receiver': 'pynadath_at_isi_edu_email_pynadath_at_isi_edu', 'performative': 'reply', 'sender': 'TEAMCORE', 'in-reply-to': 't', 'content': 'proxy_pynadath_at_isi_edu:sangat.isi.edu:9992:'}
Wed Jan 09 14:23:42 2002: Sending message: (register :name email_pynadath_at_isi_edu :reply-with nil :agenttype device :receiver proxy_pynadath_at_isi_edu :user pynadath_at_isi_edu :sender pynadath_at_isi_edu_email_pynadath_at_isi_edu :direction (to user))
Wed Jan 09 14:23:42 2002: Router for pynadath_at_isi_edu_email_pynadath_at_isi_edu running...
Wed Jan 09 14:23:46 2002: Sending message: (unregister :receiver proxy_pynadath_at_isi_edu :name email_pynadath_at_isi_edu :sender pynadath_at_isi_edu_email_pynadath_at_isi_edu :reply-with nil :user pynadath_at_isi_edu)
Wed Jan 09 14:23:46 2002: Router pynadath_at_isi_edu_email_pynadath_at_isi_edu exiting...
Wed Jan 09 14:23:46 2002: Sending message: (unregister :receiver TEAMCORE :sender pynadath_at_isi_edu_email_pynadath_at_isi_edu :ontology tcp-ip :reply-with nil :content pynadath_at_isi_edu_email_pynadath_at_isi_edu)
Wed Jan 09 14:23:46 2002: Exiting...
Wed Jan 09 14:24:20 2002: Using ANS: ('vibhagam.isi.edu', 5500)
Wed Jan 09 14:24:20 2002: Bound to host/port: sangat.isi.edu:6670
Wed Jan 09 14:24:20 2002: Sending message: (register :ontology tcp-ip :sender pynadath_at_isi_edu_email_pynadath_at_isi_edu :reply-with t :content "pynadath_at_isi_edu_email_pynadath_at_isi_edu sangat.isi.edu:6670")
Wed Jan 09 14:24:20 2002: Received: {'receiver': 'pynadath_at_isi_edu_email_pynadath_at_isi_edu', 'performative': 'error', 'sender': 'TEAMCORE', 'in-reply-to': 't', 'content': 'handler encountered error'}
Wed Jan 09 14:24:20 2002: Registration produced: {'receiver': 'pynadath_at_isi_edu_email_pynadath_at_isi_edu', 'performative': 'error', 'sender': 'TEAMCORE', 'in-reply-to': 't', 'content': 'handler encountered error'}
Wed Jan 09 14:24:20 2002: Sending message: (unregister :sender pynadath_at_isi_edu_email_pynadath_at_isi_edu :ontology tcp-ip :reply-with nil :content pynadath_at_isi_edu_email_pynadath_at_isi_edu)
Wed Jan 09 14:24:20 2002: Sending message: (register :sender pynadath_at_isi_edu_email_pynadath_at_isi_edu :ontology tcp-ip :reply-with t :content (pynadath_at_isi_edu_email_pynadath_at_isi_edu sangat.isi.edu:6670))
Wed Jan 09 14:24:20 2002: Received: {'receiver': 'pynadath_at_isi_edu_email_pynadath_at_isi_edu', 'performative': 'reply', 'sender': 'TEAMCORE', 'in-reply-to': 't', 'content': 'pynadath_at_isi_edu_email_pynadath_at_isi_edu TEAMCORE'}
Wed Jan 09 14:24:20 2002: Registration produced: {'receiver': 'pynadath_at_isi_edu_email_pynadath_at_isi_edu', 'performative': 'reply', 'sender': 'TEAMCORE', 'in-reply-to': 't', 'content': 'pynadath_at_isi_edu_email_pynadath_at_isi_edu TEAMCORE'}pynadath_at_isi_edu_email_pynadath_at_isi_edu, TEAMCORE
Wed Jan 09 14:24:20 2002: Registration successful: pynadath_at_isi_edu_email_pynadath_at_isi_edu
Wed Jan 09 14:24:20 2002: Router for pynadath_at_isi_edu_email_pynadath_at_isi_edu running...
Wed Jan 09 14:24:20 2002: Sending message: (ask-one :sender pynadath_at_isi_edu_email_pynadath_at_isi_edu :reply-with t :content "proxy_pynadath_at_isi_edu")
Wed Jan 09 14:24:20 2002: Received: {'receiver': 'pynadath_at_isi_edu_email_pynadath_at_isi_edu', 'performative': 'reply', 'sender': 'TEAMCORE', 'in-reply-to': 't', 'content': 'proxy_pynadath_at_isi_edu:sangat.isi.edu:9992:'}
Wed Jan 09 14:24:20 2002: Sending message: (register :name email_pynadath_at_isi_edu :reply-with nil :agenttype device :receiver proxy_pynadath_at_isi_edu :user pynadath_at_isi_edu :sender pynadath_at_isi_edu_email_pynadath_at_isi_edu :direction (to user))
Wed Jan 09 14:24:29 2002: Received: {'receiver': 'pynadath_at_isi_edu_email_pynadath_at_isi_edu', 'performative': 'tell', 'sender': 'deviceCGI_pynadath_at_isi_edu', 'reply-with': 'nil', 'content': 'stop'}
Wed Jan 09 14:24:29 2002: Processing message: {'receiver': 'pynadath_at_isi_edu_email_pynadath_at_isi_edu', 'performative': 'tell', 'sender': 'deviceCGI_pynadath_at_isi_edu', 'reply-with': 'nil', 'content': 'stop'}
Wed Jan 09 14:24:29 2002: Sending message: (unregister :receiver proxy_pynadath_at_isi_edu :name email_pynadath_at_isi_edu :sender pynadath_at_isi_edu_email_pynadath_at_isi_edu :reply-with nil :user pynadath_at_isi_edu)
Wed Jan 09 14:24:29 2002: Router pynadath_at_isi_edu_email_pynadath_at_isi_edu exiting...
Wed Jan 09 14:24:29 2002: Sending message: (unregister :receiver TEAMCORE :sender pynadath_at_isi_edu_email_pynadath_at_isi_edu :ontology tcp-ip :reply-with nil :content pynadath_at_isi_edu_email_pynadath_at_isi_edu)
Wed Jan 09 14:24:29 2002: Exiting...
Wed Jan 09 14:25:22 2002: Using ANS: ('vibhagam.isi.edu', 5500)
Wed Jan 09 14:25:22 2002: Bound to host/port: vibhagam.isi.edu:6669
Wed Jan 09 14:25:22 2002: Sending message: (register :ontology tcp-ip :sender pynadath_at_isi_edu_email_pynadath_at_isi_edu :reply-with t :content "pynadath_at_isi_edu_email_pynadath_at_isi_edu vibhagam.isi.edu:6669")
Wed Jan 09 14:25:22 2002: Received: {'receiver': 'pynadath_at_isi_edu_email_pynadath_at_isi_edu', 'performative': 'error', 'sender': 'TEAMCORE', 'in-reply-to': 't', 'content': 'handler encountered error'}
Wed Jan 09 14:25:22 2002: Registration produced: {'receiver': 'pynadath_at_isi_edu_email_pynadath_at_isi_edu', 'performative': 'error', 'sender': 'TEAMCORE', 'in-reply-to': 't', 'content': 'handler encountered error'}
Wed Jan 09 14:25:22 2002: Sending message: (unregister :sender pynadath_at_isi_edu_email_pynadath_at_isi_edu :ontology tcp-ip :reply-with nil :content pynadath_at_isi_edu_email_pynadath_at_isi_edu)
Wed Jan 09 14:25:22 2002: Sending message: (register :sender pynadath_at_isi_edu_email_pynadath_at_isi_edu :ontology tcp-ip :reply-with t :content (pynadath_at_isi_edu_email_pynadath_at_isi_edu vibhagam.isi.edu:6669))
Wed Jan 09 14:25:22 2002: Received: {'receiver': 'pynadath_at_isi_edu_email_pynadath_at_isi_edu', 'performative': 'reply', 'sender': 'TEAMCORE', 'in-reply-to': 't', 'content': 'pynadath_at_isi_edu_email_pynadath_at_isi_edu TEAMCORE'}
Wed Jan 09 14:25:22 2002: Registration produced: {'receiver': 'pynadath_at_isi_edu_email_pynadath_at_isi_edu', 'performative': 'reply', 'sender': 'TEAMCORE', 'in-reply-to': 't', 'content': 'pynadath_at_isi_edu_email_pynadath_at_isi_edu TEAMCORE'}pynadath_at_isi_edu_email_pynadath_at_isi_edu, TEAMCORE
Wed Jan 09 14:25:22 2002: Registration successful: pynadath_at_isi_edu_email_pynadath_at_isi_edu
Wed Jan 09 14:25:22 2002: Sending message: (ask-one :sender pynadath_at_isi_edu_email_pynadath_at_isi_edu :reply-with t :content "proxy_pynadath_at_isi_edu")
Wed Jan 09 14:25:22 2002: Received: {'receiver': 'pynadath_at_isi_edu_email_pynadath_at_isi_edu', 'performative': 'reply', 'sender': 'TEAMCORE', 'in-reply-to': 't', 'content': 'proxy_pynadath_at_isi_edu:sangat.isi.edu:9992:'}
Wed Jan 09 14:25:22 2002: Sending message: (register :name email_pynadath_at_isi_edu :reply-with nil :agenttype device :receiver proxy_pynadath_at_isi_edu :user pynadath_at_isi_edu :sender pynadath_at_isi_edu_email_pynadath_at_isi_edu :direction (to user))
Wed Jan 09 14:25:22 2002: Router for pynadath_at_isi_edu_email_pynadath_at_isi_edu running...
Wed Jan 09 14:25:38 2002: Received: {'receiver': 'pynadath_at_isi_edu_email_pynadath_at_isi_edu', 'performative': 'tell', 'sender': 'deviceCGI_pynadath_at_isi_edu', 'reply-with': 'nil', 'content': 'stop'}
Wed Jan 09 14:25:38 2002: Processing message: {'receiver': 'pynadath_at_isi_edu_email_pynadath_at_isi_edu', 'performative': 'tell', 'sender': 'deviceCGI_pynadath_at_isi_edu', 'reply-with': 'nil', 'content': 'stop'}
Wed Jan 09 14:25:38 2002: Sending message: (unregister :receiver proxy_pynadath_at_isi_edu :name email_pynadath_at_isi_edu :sender pynadath_at_isi_edu_email_pynadath_at_isi_edu :reply-with nil :user pynadath_at_isi_edu)
Wed Jan 09 14:25:38 2002: Router pynadath_at_isi_edu_email_pynadath_at_isi_edu exiting...
Wed Jan 09 14:25:38 2002: Sending message: (unregister :receiver TEAMCORE :sender pynadath_at_isi_edu_email_pynadath_at_isi_edu :ontology tcp-ip :reply-with nil :content pynadath_at_isi_edu_email_pynadath_at_isi_edu)
Wed Jan 09 14:25:38 2002: Exiting...
Wed Jan 09 14:27:40 2002: Using ANS: ('vibhagam.isi.edu', 5500)
Wed Jan 09 14:27:40 2002: Bound to host/port: sangat.isi.edu:6670
Wed Jan 09 14:27:40 2002: Sending message: (register :ontology tcp-ip :sender pynadath_at_isi_edu_email_pynadath_at_isi_edu :reply-with t :content "pynadath_at_isi_edu_email_pynadath_at_isi_edu sangat.isi.edu:6670")
Wed Jan 09 14:27:40 2002: Received: {'receiver': 'pynadath_at_isi_edu_email_pynadath_at_isi_edu', 'performative': 'error', 'sender': 'TEAMCORE', 'in-reply-to': 't', 'content': 'handler encountered error'}
Wed Jan 09 14:27:40 2002: Registration produced: {'receiver': 'pynadath_at_isi_edu_email_pynadath_at_isi_edu', 'performative': 'error', 'sender': 'TEAMCORE', 'in-reply-to': 't', 'content': 'handler encountered error'}
Wed Jan 09 14:27:40 2002: Sending message: (unregister :sender pynadath_at_isi_edu_email_pynadath_at_isi_edu :ontology tcp-ip :reply-with nil :content pynadath_at_isi_edu_email_pynadath_at_isi_edu)
Wed Jan 09 14:27:40 2002: Sending message: (register :sender pynadath_at_isi_edu_email_pynadath_at_isi_edu :ontology tcp-ip :reply-with t :content (pynadath_at_isi_edu_email_pynadath_at_isi_edu sangat.isi.edu:6670))
Wed Jan 09 14:27:40 2002: Received: {'receiver': 'pynadath_at_isi_edu_email_pynadath_at_isi_edu', 'performative': 'reply', 'sender': 'TEAMCORE', 'in-reply-to': 't', 'content': 'pynadath_at_isi_edu_email_pynadath_at_isi_edu TEAMCORE'}
Wed Jan 09 14:27:40 2002: Registration produced: {'receiver': 'pynadath_at_isi_edu_email_pynadath_at_isi_edu', 'performative': 'reply', 'sender': 'TEAMCORE', 'in-reply-to': 't', 'content': 'pynadath_at_isi_edu_email_pynadath_at_isi_edu TEAMCORE'}pynadath_at_isi_edu_email_pynadath_at_isi_edu, TEAMCORE
Wed Jan 09 14:27:40 2002: Registration successful: pynadath_at_isi_edu_email_pynadath_at_isi_edu
Wed Jan 09 14:27:40 2002: Router for pynadath_at_isi_edu_email_pynadath_at_isi_edu running...
Wed Jan 09 14:27:40 2002: Sending message: (ask-one :sender pynadath_at_isi_edu_email_pynadath_at_isi_edu :reply-with t :content "proxy_pynadath_at_isi_edu")
Wed Jan 09 14:27:40 2002: Received: {'receiver': 'pynadath_at_isi_edu_email_pynadath_at_isi_edu', 'performative': 'reply', 'sender': 'TEAMCORE', 'in-reply-to': 't', 'content': 'proxy_pynadath_at_isi_edu:sangat.isi.edu:9992:'}
Wed Jan 09 14:27:40 2002: Sending message: (register :name email_pynadath_at_isi_edu :reply-with nil :agenttype device :receiver proxy_pynadath_at_isi_edu :user pynadath_at_isi_edu :sender pynadath_at_isi_edu_email_pynadath_at_isi_edu :direction (to user))
Wed Jan 09 14:27:47 2002: Received: {'receiver': 'pynadath_at_isi_edu_email_pynadath_at_isi_edu', 'performative': 'tell', 'sender': 'deviceCGI_pynadath_at_isi_edu', 'reply-with': 'nil', 'content': 'stop'}
Wed Jan 09 14:27:47 2002: Processing message: {'receiver': 'pynadath_at_isi_edu_email_pynadath_at_isi_edu', 'performative': 'tell', 'sender': 'deviceCGI_pynadath_at_isi_edu', 'reply-with': 'nil', 'content': 'stop'}
Wed Jan 09 14:27:47 2002: Sending message: (unregister :receiver proxy_pynadath_at_isi_edu :name email_pynadath_at_isi_edu :sender pynadath_at_isi_edu_email_pynadath_at_isi_edu :reply-with nil :user pynadath_at_isi_edu)
Wed Jan 09 14:27:47 2002: Router pynadath_at_isi_edu_email_pynadath_at_isi_edu exiting...
Wed Jan 09 14:27:47 2002: Sending message: (unregister :receiver TEAMCORE :sender pynadath_at_isi_edu_email_pynadath_at_isi_edu :ontology tcp-ip :reply-with nil :content pynadath_at_isi_edu_email_pynadath_at_isi_edu)
Wed Jan 09 14:27:47 2002: Exiting...
Wed Jan 09 14:28:44 2002: Using ANS: ('vibhagam.isi.edu', 5500)
Wed Jan 09 14:28:44 2002: Bound to host/port: vibhagam.isi.edu:6669
Wed Jan 09 14:28:44 2002: Sending message: (register :ontology tcp-ip :sender pynadath_at_isi_edu_email_pynadath_at_isi_edu :reply-with t :content "pynadath_at_isi_edu_email_pynadath_at_isi_edu vibhagam.isi.edu:6669")
Wed Jan 09 14:28:44 2002: Received: {'receiver': 'pynadath_at_isi_edu_email_pynadath_at_isi_edu', 'performative': 'error', 'sender': 'TEAMCORE', 'in-reply-to': 't', 'content': 'handler encountered error'}
Wed Jan 09 14:28:44 2002: Registration produced: {'receiver': 'pynadath_at_isi_edu_email_pynadath_at_isi_edu', 'performative': 'error', 'sender': 'TEAMCORE', 'in-reply-to': 't', 'content': 'handler encountered error'}
Wed Jan 09 14:28:44 2002: Sending message: (unregister :sender pynadath_at_isi_edu_email_pynadath_at_isi_edu :ontology tcp-ip :reply-with nil :content pynadath_at_isi_edu_email_pynadath_at_isi_edu)
Wed Jan 09 14:28:44 2002: Sending message: (register :sender pynadath_at_isi_edu_email_pynadath_at_isi_edu :ontology tcp-ip :reply-with t :content (pynadath_at_isi_edu_email_pynadath_at_isi_edu vibhagam.isi.edu:6669))
Wed Jan 09 14:28:44 2002: Received: {'receiver': 'pynadath_at_isi_edu_email_pynadath_at_isi_edu', 'performative': 'reply', 'sender': 'TEAMCORE', 'in-reply-to': 't', 'content': 'pynadath_at_isi_edu_email_pynadath_at_isi_edu TEAMCORE'}
Wed Jan 09 14:28:44 2002: Registration produced: {'receiver': 'pynadath_at_isi_edu_email_pynadath_at_isi_edu', 'performative': 'reply', 'sender': 'TEAMCORE', 'in-reply-to': 't', 'content': 'pynadath_at_isi_edu_email_pynadath_at_isi_edu TEAMCORE'}pynadath_at_isi_edu_email_pynadath_at_isi_edu, TEAMCORE
Wed Jan 09 14:28:44 2002: Registration successful: pynadath_at_isi_edu_email_pynadath_at_isi_edu
Wed Jan 09 14:28:44 2002: Sending message: (ask-one :sender pynadath_at_isi_edu_email_pynadath_at_isi_edu :reply-with t :content "proxy_pynadath_at_isi_edu")
Wed Jan 09 14:28:44 2002: Received: {'receiver': 'pynadath_at_isi_edu_email_pynadath_at_isi_edu', 'performative': 'reply', 'sender': 'TEAMCORE', 'in-reply-to': 't', 'content': 'proxy_pynadath_at_isi_edu:sangat.isi.edu:9992:'}
Wed Jan 09 14:28:44 2002: Sending message: (register :name email_pynadath_at_isi_edu :reply-with nil :agenttype device :receiver proxy_pynadath_at_isi_edu :user pynadath_at_isi_edu :sender pynadath_at_isi_edu_email_pynadath_at_isi_edu :direction (to user))
Wed Jan 09 14:28:44 2002: Router for pynadath_at_isi_edu_email_pynadath_at_isi_edu running...
Wed Jan 09 14:28:56 2002: Received: {'receiver': 'pynadath_at_isi_edu_email_pynadath_at_isi_edu', 'performative': 'tell', 'sender': 'deviceCGI_pynadath_at_isi_edu', 'reply-with': 'nil', 'content': 'stop'}
Wed Jan 09 14:28:56 2002: Processing message: {'receiver': 'pynadath_at_isi_edu_email_pynadath_at_isi_edu', 'performative': 'tell', 'sender': 'deviceCGI_pynadath_at_isi_edu', 'reply-with': 'nil', 'content': 'stop'}
Wed Jan 09 14:28:56 2002: Sending message: (unregister :receiver proxy_pynadath_at_isi_edu :name email_pynadath_at_isi_edu :sender pynadath_at_isi_edu_email_pynadath_at_isi_edu :reply-with nil :user pynadath_at_isi_edu)
Wed Jan 09 14:28:56 2002: Router pynadath_at_isi_edu_email_pynadath_at_isi_edu exiting...
Wed Jan 09 14:28:56 2002: Sending message: (unregister :receiver TEAMCORE :sender pynadath_at_isi_edu_email_pynadath_at_isi_edu :ontology tcp-ip :reply-with nil :content pynadath_at_isi_edu_email_pynadath_at_isi_edu)
Wed Jan 09 14:28:56 2002: Exiting...
Wed Jan 09 14:33:05 2002: Using ANS: ('vibhagam.isi.edu', 5500)
Wed Jan 09 14:33:05 2002: Bound to host/port: sangat.isi.edu:6670
Wed Jan 09 14:33:05 2002: Sending message: (register :ontology tcp-ip :sender pynadath_at_isi_edu_email_pynadath_at_isi_edu :reply-with t :content "pynadath_at_isi_edu_email_pynadath_at_isi_edu sangat.isi.edu:6670")
Wed Jan 09 14:33:05 2002: Received: {'receiver': 'pynadath_at_isi_edu_email_pynadath_at_isi_edu', 'performative': 'error', 'sender': 'TEAMCORE', 'in-reply-to': 't', 'content': 'handler encountered error'}
Wed Jan 09 14:33:05 2002: Registration produced: {'receiver': 'pynadath_at_isi_edu_email_pynadath_at_isi_edu', 'performative': 'error', 'sender': 'TEAMCORE', 'in-reply-to': 't', 'content': 'handler encountered error'}
Wed Jan 09 14:33:05 2002: Sending message: (unregister :sender pynadath_at_isi_edu_email_pynadath_at_isi_edu :ontology tcp-ip :reply-with nil :content pynadath_at_isi_edu_email_pynadath_at_isi_edu)
Wed Jan 09 14:33:05 2002: Sending message: (register :sender pynadath_at_isi_edu_email_pynadath_at_isi_edu :ontology tcp-ip :reply-with t :content (pynadath_at_isi_edu_email_pynadath_at_isi_edu sangat.isi.edu:6670))
Wed Jan 09 14:33:05 2002: Received: {'receiver': 'pynadath_at_isi_edu_email_pynadath_at_isi_edu', 'performative': 'reply', 'sender': 'TEAMCORE', 'in-reply-to': 't', 'content': 'pynadath_at_isi_edu_email_pynadath_at_isi_edu TEAMCORE'}
Wed Jan 09 14:33:05 2002: Registration produced: {'receiver': 'pynadath_at_isi_edu_email_pynadath_at_isi_edu', 'performative': 'reply', 'sender': 'TEAMCORE', 'in-reply-to': 't', 'content': 'pynadath_at_isi_edu_email_pynadath_at_isi_edu TEAMCORE'}pynadath_at_isi_edu_email_pynadath_at_isi_edu, TEAMCORE
Wed Jan 09 14:33:05 2002: Registration successful: pynadath_at_isi_edu_email_pynadath_at_isi_edu
Wed Jan 09 14:33:05 2002: Router for pynadath_at_isi_edu_email_pynadath_at_isi_edu running...
Wed Jan 09 14:33:05 2002: Sending message: (ask-one :sender pynadath_at_isi_edu_email_pynadath_at_isi_edu :reply-with t :content "proxy_pynadath_at_isi_edu")
Wed Jan 09 14:33:05 2002: Received: {'receiver': 'pynadath_at_isi_edu_email_pynadath_at_isi_edu', 'performative': 'reply', 'sender': 'TEAMCORE', 'in-reply-to': 't', 'content': 'proxy_pynadath_at_isi_edu:sangat.isi.edu:9992:'}
Wed Jan 09 14:33:05 2002: Sending message: (register :name email_pynadath_at_isi_edu :reply-with nil :agenttype device :receiver proxy_pynadath_at_isi_edu :user pynadath_at_isi_edu :sender pynadath_at_isi_edu_email_pynadath_at_isi_edu :direction (to user))
Wed Jan 09 14:33:10 2002: Received: {'receiver': 'pynadath_at_isi_edu_email_pynadath_at_isi_edu', 'performative': 'tell', 'sender': 'deviceCGI_pynadath_at_isi_edu', 'reply-with': 'nil', 'content': 'stop'}
Wed Jan 09 14:33:10 2002: Processing message: {'receiver': 'pynadath_at_isi_edu_email_pynadath_at_isi_edu', 'performative': 'tell', 'sender': 'deviceCGI_pynadath_at_isi_edu', 'reply-with': 'nil', 'content': 'stop'}
Wed Jan 09 14:33:10 2002: Sending message: (unregister :receiver proxy_pynadath_at_isi_edu :name email_pynadath_at_isi_edu :sender pynadath_at_isi_edu_email_pynadath_at_isi_edu :reply-with nil :user pynadath_at_isi_edu)
Wed Jan 09 14:33:10 2002: Router pynadath_at_isi_edu_email_pynadath_at_isi_edu exiting...
Wed Jan 09 14:33:10 2002: Sending message: (unregister :receiver TEAMCORE :sender pynadath_at_isi_edu_email_pynadath_at_isi_edu :ontology tcp-ip :reply-with nil :content pynadath_at_isi_edu_email_pynadath_at_isi_edu)
Wed Jan 09 14:33:10 2002: Exiting...
Wed Jan 09 14:33:20 2002: Using ANS: ('vibhagam.isi.edu', 5500)
Wed Jan 09 14:33:20 2002: Bound to host/port: sangat.isi.edu:6670
Wed Jan 09 14:33:20 2002: Sending message: (register :ontology tcp-ip :sender pynadath_at_isi_edu_email_pynadath_at_isi_edu :reply-with t :content "pynadath_at_isi_edu_email_pynadath_at_isi_edu sangat.isi.edu:6670")
Wed Jan 09 14:33:20 2002: Received: {'receiver': 'pynadath_at_isi_edu_email_pynadath_at_isi_edu', 'performative': 'error', 'sender': 'TEAMCORE', 'in-reply-to': 't', 'content': 'handler encountered error'}
Wed Jan 09 14:33:20 2002: Registration produced: {'receiver': 'pynadath_at_isi_edu_email_pynadath_at_isi_edu', 'performative': 'error', 'sender': 'TEAMCORE', 'in-reply-to': 't', 'content': 'handler encountered error'}
Wed Jan 09 14:33:20 2002: Sending message: (unregister :sender pynadath_at_isi_edu_email_pynadath_at_isi_edu :ontology tcp-ip :reply-with nil :content pynadath_at_isi_edu_email_pynadath_at_isi_edu)
Wed Jan 09 14:33:20 2002: Sending message: (register :sender pynadath_at_isi_edu_email_pynadath_at_isi_edu :ontology tcp-ip :reply-with t :content (pynadath_at_isi_edu_email_pynadath_at_isi_edu sangat.isi.edu:6670))
Wed Jan 09 14:33:20 2002: Received: {'receiver': 'pynadath_at_isi_edu_email_pynadath_at_isi_edu', 'performative': 'reply', 'sender': 'TEAMCORE', 'in-reply-to': 't', 'content': 'pynadath_at_isi_edu_email_pynadath_at_isi_edu TEAMCORE'}
Wed Jan 09 14:33:20 2002: Registration produced: {'receiver': 'pynadath_at_isi_edu_email_pynadath_at_isi_edu', 'performative': 'reply', 'sender': 'TEAMCORE', 'in-reply-to': 't', 'content': 'pynadath_at_isi_edu_email_pynadath_at_isi_edu TEAMCORE'}pynadath_at_isi_edu_email_pynadath_at_isi_edu, TEAMCORE
Wed Jan 09 14:33:20 2002: Registration successful: pynadath_at_isi_edu_email_pynadath_at_isi_edu
Wed Jan 09 14:33:20 2002: Router for pynadath_at_isi_edu_email_pynadath_at_isi_edu running...
Wed Jan 09 14:33:20 2002: Sending message: (ask-one :sender pynadath_at_isi_edu_email_pynadath_at_isi_edu :reply-with t :content "proxy_pynadath_at_isi_edu")
Wed Jan 09 14:33:20 2002: Received: {'receiver': 'pynadath_at_isi_edu_email_pynadath_at_isi_edu', 'performative': 'reply', 'sender': 'TEAMCORE', 'in-reply-to': 't', 'content': 'proxy_pynadath_at_isi_edu:sangat.isi.edu:9992:'}
Wed Jan 09 14:33:20 2002: Sending message: (register :name email_pynadath_at_isi_edu :reply-with nil :agenttype device :receiver proxy_pynadath_at_isi_edu :user pynadath_at_isi_edu :sender pynadath_at_isi_edu_email_pynadath_at_isi_edu :direction (to user))
Wed Jan 09 14:33:28 2002: Received: {'receiver': 'pynadath_at_isi_edu_email_pynadath_at_isi_edu', 'performative': 'tell', 'sender': 'deviceCGI_pynadath_at_isi_edu', 'reply-with': 'nil', 'content': 'stop'}
Wed Jan 09 14:33:28 2002: Processing message: {'receiver': 'pynadath_at_isi_edu_email_pynadath_at_isi_edu', 'performative': 'tell', 'sender': 'deviceCGI_pynadath_at_isi_edu', 'reply-with': 'nil', 'content': 'stop'}
Wed Jan 09 14:33:28 2002: Sending message: (unregister :receiver proxy_pynadath_at_isi_edu :name email_pynadath_at_isi_edu :sender pynadath_at_isi_edu_email_pynadath_at_isi_edu :reply-with nil :user pynadath_at_isi_edu)
Wed Jan 09 14:33:28 2002: Router pynadath_at_isi_edu_email_pynadath_at_isi_edu exiting...
Wed Jan 09 14:33:28 2002: Sending message: (unregister :receiver TEAMCORE :sender pynadath_at_isi_edu_email_pynadath_at_isi_edu :ontology tcp-ip :reply-with nil :content pynadath_at_isi_edu_email_pynadath_at_isi_edu)
Wed Jan 09 14:33:28 2002: Exiting...
Wed Jan 09 14:34:04 2002: Using ANS: ('vibhagam.isi.edu', 5500)
Wed Jan 09 14:34:04 2002: Bound to host/port: vibhagam.isi.edu:6669
Wed Jan 09 14:34:04 2002: Sending message: (register :ontology tcp-ip :sender pynadath_at_isi_edu_email_pynadath_at_isi_edu :reply-with t :content "pynadath_at_isi_edu_email_pynadath_at_isi_edu vibhagam.isi.edu:6669")
Wed Jan 09 14:34:04 2002: Received: {'receiver': 'pynadath_at_isi_edu_email_pynadath_at_isi_edu', 'performative': 'error', 'sender': 'TEAMCORE', 'in-reply-to': 't', 'content': 'handler encountered error'}
Wed Jan 09 14:34:04 2002: Registration produced: {'receiver': 'pynadath_at_isi_edu_email_pynadath_at_isi_edu', 'performative': 'error', 'sender': 'TEAMCORE', 'in-reply-to': 't', 'content': 'handler encountered error'}
Wed Jan 09 14:34:04 2002: Sending message: (unregister :sender pynadath_at_isi_edu_email_pynadath_at_isi_edu :ontology tcp-ip :reply-with nil :content pynadath_at_isi_edu_email_pynadath_at_isi_edu)
Wed Jan 09 14:34:04 2002: Sending message: (register :sender pynadath_at_isi_edu_email_pynadath_at_isi_edu :ontology tcp-ip :reply-with t :content (pynadath_at_isi_edu_email_pynadath_at_isi_edu vibhagam.isi.edu:6669))
Wed Jan 09 14:34:04 2002: Received: {'receiver': 'pynadath_at_isi_edu_email_pynadath_at_isi_edu', 'performative': 'reply', 'sender': 'TEAMCORE', 'in-reply-to': 't', 'content': 'pynadath_at_isi_edu_email_pynadath_at_isi_edu TEAMCORE'}
Wed Jan 09 14:34:04 2002: Registration produced: {'receiver': 'pynadath_at_isi_edu_email_pynadath_at_isi_edu', 'performative': 'reply', 'sender': 'TEAMCORE', 'in-reply-to': 't', 'content': 'pynadath_at_isi_edu_email_pynadath_at_isi_edu TEAMCORE'}pynadath_at_isi_edu_email_pynadath_at_isi_edu, TEAMCORE
Wed Jan 09 14:34:04 2002: Registration successful: pynadath_at_isi_edu_email_pynadath_at_isi_edu
Wed Jan 09 14:34:04 2002: Sending message: (ask-one :sender pynadath_at_isi_edu_email_pynadath_at_isi_edu :reply-with t :content "proxy_pynadath_at_isi_edu")
Wed Jan 09 14:34:04 2002: Received: {'receiver': 'pynadath_at_isi_edu_email_pynadath_at_isi_edu', 'performative': 'reply', 'sender': 'TEAMCORE', 'in-reply-to': 't', 'content': 'proxy_pynadath_at_isi_edu:sangat.isi.edu:9992:'}
Wed Jan 09 14:34:04 2002: Sending message: (register :name email_pynadath_at_isi_edu :reply-with nil :agenttype device :receiver proxy_pynadath_at_isi_edu :user pynadath_at_isi_edu :sender pynadath_at_isi_edu_email_pynadath_at_isi_edu :direction (to user))
Wed Jan 09 14:34:04 2002: Router for pynadath_at_isi_edu_email_pynadath_at_isi_edu running...
Wed Jan 09 14:34:10 2002: Received: {'receiver': 'pynadath_at_isi_edu_email_pynadath_at_isi_edu', 'performative': 'tell', 'sender': 'deviceCGI_pynadath_at_isi_edu', 'reply-with': 'nil', 'content': 'stop'}
Wed Jan 09 14:34:10 2002: Processing message: {'receiver': 'pynadath_at_isi_edu_email_pynadath_at_isi_edu', 'performative': 'tell', 'sender': 'deviceCGI_pynadath_at_isi_edu', 'reply-with': 'nil', 'content': 'stop'}
Wed Jan 09 14:34:10 2002: Sending message: (unregister :receiver proxy_pynadath_at_isi_edu :name email_pynadath_at_isi_edu :sender pynadath_at_isi_edu_email_pynadath_at_isi_edu :reply-with nil :user pynadath_at_isi_edu)
Wed Jan 09 14:34:10 2002: Router pynadath_at_isi_edu_email_pynadath_at_isi_edu exiting...
Wed Jan 09 14:34:10 2002: Sending message: (unregister :receiver TEAMCORE :sender pynadath_at_isi_edu_email_pynadath_at_isi_edu :ontology tcp-ip :reply-with nil :content pynadath_at_isi_edu_email_pynadath_at_isi_edu)
Wed Jan 09 14:34:10 2002: Exiting...
Wed Jan 09 14:36:08 2002: Using ANS: ('vibhagam.isi.edu', 5500)
Wed Jan 09 14:36:08 2002: Bound to host/port: vibhagam.isi.edu:6669
Wed Jan 09 14:36:08 2002: Sending message: (register :ontology tcp-ip :sender pynadath_at_isi_edu_email_pynadath_at_isi_edu :reply-with t :content "pynadath_at_isi_edu_email_pynadath_at_isi_edu vibhagam.isi.edu:6669")
Wed Jan 09 14:36:08 2002: Received: {'receiver': 'pynadath_at_isi_edu_email_pynadath_at_isi_edu', 'performative': 'error', 'sender': 'TEAMCORE', 'in-reply-to': 't', 'content': 'handler encountered error'}
Wed Jan 09 14:36:08 2002: Registration produced: {'receiver': 'pynadath_at_isi_edu_email_pynadath_at_isi_edu', 'performative': 'error', 'sender': 'TEAMCORE', 'in-reply-to': 't', 'content': 'handler encountered error'}
Wed Jan 09 14:36:08 2002: Sending message: (unregister :sender pynadath_at_isi_edu_email_pynadath_at_isi_edu :ontology tcp-ip :reply-with nil :content pynadath_at_isi_edu_email_pynadath_at_isi_edu)
Wed Jan 09 14:36:08 2002: Sending message: (register :sender pynadath_at_isi_edu_email_pynadath_at_isi_edu :ontology tcp-ip :reply-with t :content (pynadath_at_isi_edu_email_pynadath_at_isi_edu vibhagam.isi.edu:6669))
Wed Jan 09 14:36:08 2002: Received: {'receiver': 'pynadath_at_isi_edu_email_pynadath_at_isi_edu', 'performative': 'reply', 'sender': 'TEAMCORE', 'in-reply-to': 't', 'content': 'pynadath_at_isi_edu_email_pynadath_at_isi_edu TEAMCORE'}
Wed Jan 09 14:36:08 2002: Registration produced: {'receiver': 'pynadath_at_isi_edu_email_pynadath_at_isi_edu', 'performative': 'reply', 'sender': 'TEAMCORE', 'in-reply-to': 't', 'content': 'pynadath_at_isi_edu_email_pynadath_at_isi_edu TEAMCORE'}pynadath_at_isi_edu_email_pynadath_at_isi_edu, TEAMCORE
Wed Jan 09 14:36:08 2002: Registration successful: pynadath_at_isi_edu_email_pynadath_at_isi_edu
Wed Jan 09 14:36:08 2002: Sending message: (ask-one :sender pynadath_at_isi_edu_email_pynadath_at_isi_edu :reply-with t :content "proxy_pynadath_at_isi_edu")
Wed Jan 09 14:36:08 2002: Received: {'receiver': 'pynadath_at_isi_edu_email_pynadath_at_isi_edu', 'performative': 'reply', 'sender': 'TEAMCORE', 'in-reply-to': 't', 'content': 'proxy_pynadath_at_isi_edu:sangat.isi.edu:9992:'}
Wed Jan 09 14:36:08 2002: Sending message: (register :name email_pynadath_at_isi_edu :reply-with nil :agenttype device :receiver proxy_pynadath_at_isi_edu :user pynadath_at_isi_edu :sender pynadath_at_isi_edu_email_pynadath_at_isi_edu :direction (to user))
Wed Jan 09 14:36:08 2002: Router for pynadath_at_isi_edu_email_pynadath_at_isi_edu running...
Wed Jan 09 14:36:12 2002: Received: {'receiver': 'pynadath_at_isi_edu_email_pynadath_at_isi_edu', 'performative': 'tell', 'sender': 'deviceCGI_pynadath_at_isi_edu', 'reply-with': 'nil', 'content': 'stop'}
Wed Jan 09 14:36:12 2002: Processing message: {'receiver': 'pynadath_at_isi_edu_email_pynadath_at_isi_edu', 'performative': 'tell', 'sender': 'deviceCGI_pynadath_at_isi_edu', 'reply-with': 'nil', 'content': 'stop'}
Wed Jan 09 14:36:12 2002: Sending message: (unregister :receiver proxy_pynadath_at_isi_edu :name email_pynadath_at_isi_edu :sender pynadath_at_isi_edu_email_pynadath_at_isi_edu :reply-with nil :user pynadath_at_isi_edu)
Wed Jan 09 14:36:12 2002: Router pynadath_at_isi_edu_email_pynadath_at_isi_edu exiting...
Wed Jan 09 14:36:12 2002: Sending message: (unregister :receiver TEAMCORE :sender pynadath_at_isi_edu_email_pynadath_at_isi_edu :ontology tcp-ip :reply-with nil :content pynadath_at_isi_edu_email_pynadath_at_isi_edu)
Wed Jan 09 14:36:12 2002: Exiting...
Wed Jan 09 14:38:37 2002: Using ANS: ('vibhagam.isi.edu', 5500)
Wed Jan 09 14:38:37 2002: Bound to host/port: vibhagam.isi.edu:6669
Wed Jan 09 14:38:37 2002: Sending message: (register :ontology tcp-ip :sender pynadath_at_isi_edu_email_pynadath_at_isi_edu :reply-with t :content "pynadath_at_isi_edu_email_pynadath_at_isi_edu vibhagam.isi.edu:6669")
Wed Jan 09 14:38:37 2002: Received: {'receiver': 'pynadath_at_isi_edu_email_pynadath_at_isi_edu', 'performative': 'error', 'sender': 'TEAMCORE', 'in-reply-to': 't', 'content': 'handler encountered error'}
Wed Jan 09 14:38:37 2002: Registration produced: {'receiver': 'pynadath_at_isi_edu_email_pynadath_at_isi_edu', 'performative': 'error', 'sender': 'TEAMCORE', 'in-reply-to': 't', 'content': 'handler encountered error'}
Wed Jan 09 14:38:37 2002: Sending message: (unregister :sender pynadath_at_isi_edu_email_pynadath_at_isi_edu :ontology tcp-ip :reply-with nil :content pynadath_at_isi_edu_email_pynadath_at_isi_edu)
Wed Jan 09 14:38:37 2002: Sending message: (register :sender pynadath_at_isi_edu_email_pynadath_at_isi_edu :ontology tcp-ip :reply-with t :content (pynadath_at_isi_edu_email_pynadath_at_isi_edu vibhagam.isi.edu:6669))
Wed Jan 09 14:38:37 2002: Received: {'receiver': 'pynadath_at_isi_edu_email_pynadath_at_isi_edu', 'performative': 'reply', 'sender': 'TEAMCORE', 'in-reply-to': 't', 'content': 'pynadath_at_isi_edu_email_pynadath_at_isi_edu TEAMCORE'}
Wed Jan 09 14:38:37 2002: Registration produced: {'receiver': 'pynadath_at_isi_edu_email_pynadath_at_isi_edu', 'performative': 'reply', 'sender': 'TEAMCORE', 'in-reply-to': 't', 'content': 'pynadath_at_isi_edu_email_pynadath_at_isi_edu TEAMCORE'}pynadath_at_isi_edu_email_pynadath_at_isi_edu, TEAMCORE
Wed Jan 09 14:38:37 2002: Registration successful: pynadath_at_isi_edu_email_pynadath_at_isi_edu
Wed Jan 09 14:38:37 2002: Sending message: (ask-one :sender pynadath_at_isi_edu_email_pynadath_at_isi_edu :reply-with t :content "proxy_pynadath_at_isi_edu")
Wed Jan 09 14:38:37 2002: Received: {'receiver': 'pynadath_at_isi_edu_email_pynadath_at_isi_edu', 'performative': 'reply', 'sender': 'TEAMCORE', 'in-reply-to': 't', 'content': 'proxy_pynadath_at_isi_edu:sangat.isi.edu:9992:'}
Wed Jan 09 14:38:37 2002: Sending message: (register :name email_pynadath_at_isi_edu :reply-with nil :agenttype device :receiver proxy_pynadath_at_isi_edu :user pynadath_at_isi_edu :sender pynadath_at_isi_edu_email_pynadath_at_isi_edu :direction (to user))
Wed Jan 09 14:38:37 2002: Router for pynadath_at_isi_edu_email_pynadath_at_isi_edu running...
Wed Jan 09 14:38:39 2002: Received: {'receiver': 'pynadath_at_isi_edu_email_pynadath_at_isi_edu', 'performative': 'tell', 'sender': 'deviceCGI_pynadath_at_isi_edu', 'reply-with': 'nil', 'content': 'stop'}
Wed Jan 09 14:38:39 2002: Processing message: {'receiver': 'pynadath_at_isi_edu_email_pynadath_at_isi_edu', 'performative': 'tell', 'sender': 'deviceCGI_pynadath_at_isi_edu', 'reply-with': 'nil', 'content': 'stop'}
Wed Jan 09 14:38:39 2002: Sending message: (unregister :receiver proxy_pynadath_at_isi_edu :name email_pynadath_at_isi_edu :sender pynadath_at_isi_edu_email_pynadath_at_isi_edu :reply-with nil :user pynadath_at_isi_edu)
Wed Jan 09 14:38:39 2002: Router pynadath_at_isi_edu_email_pynadath_at_isi_edu exiting...
Wed Jan 09 14:38:39 2002: Sending message: (unregister :receiver TEAMCORE :sender pynadath_at_isi_edu_email_pynadath_at_isi_edu :ontology tcp-ip :reply-with nil :content pynadath_at_isi_edu_email_pynadath_at_isi_edu)
Wed Jan 09 14:38:39 2002: Exiting...
Wed Jan 09 14:39:31 2002: Using ANS: ('vibhagam.isi.edu', 5500)
Wed Jan 09 14:39:31 2002: Bound to host/port: vibhagam.isi.edu:6667
Wed Jan 09 14:39:31 2002: Sending message: (register :ontology tcp-ip :sender pynadath_at_isi_edu_email_pynadath_at_isi_edu :reply-with t :content "pynadath_at_isi_edu_email_pynadath_at_isi_edu vibhagam.isi.edu:6667")
Wed Jan 09 14:39:31 2002: Received: {'receiver': 'pynadath_at_isi_edu_email_pynadath_at_isi_edu', 'performative': 'error', 'sender': 'TEAMCORE', 'in-reply-to': 't', 'content': 'handler encountered error'}
Wed Jan 09 14:39:31 2002: Registration produced: {'receiver': 'pynadath_at_isi_edu_email_pynadath_at_isi_edu', 'performative': 'error', 'sender': 'TEAMCORE', 'in-reply-to': 't', 'content': 'handler encountered error'}
Wed Jan 09 14:39:31 2002: Sending message: (unregister :sender pynadath_at_isi_edu_email_pynadath_at_isi_edu :ontology tcp-ip :reply-with nil :content pynadath_at_isi_edu_email_pynadath_at_isi_edu)
Wed Jan 09 14:39:31 2002: Sending message: (register :sender pynadath_at_isi_edu_email_pynadath_at_isi_edu :ontology tcp-ip :reply-with t :content (pynadath_at_isi_edu_email_pynadath_at_isi_edu vibhagam.isi.edu:6667))
Wed Jan 09 14:39:31 2002: Received: {'receiver': 'pynadath_at_isi_edu_email_pynadath_at_isi_edu', 'performative': 'reply', 'sender': 'TEAMCORE', 'in-reply-to': 't', 'content': 'pynadath_at_isi_edu_email_pynadath_at_isi_edu TEAMCORE'}
Wed Jan 09 14:39:31 2002: Registration produced: {'receiver': 'pynadath_at_isi_edu_email_pynadath_at_isi_edu', 'performative': 'reply', 'sender': 'TEAMCORE', 'in-reply-to': 't', 'content': 'pynadath_at_isi_edu_email_pynadath_at_isi_edu TEAMCORE'}pynadath_at_isi_edu_email_pynadath_at_isi_edu, TEAMCORE
Wed Jan 09 14:39:31 2002: Registration successful: pynadath_at_isi_edu_email_pynadath_at_isi_edu
Wed Jan 09 14:39:31 2002: Sending message: (ask-one :sender pynadath_at_isi_edu_email_pynadath_at_isi_edu :reply-with t :content "proxy_pynadath_at_isi_edu")
Wed Jan 09 14:39:31 2002: Received: {'receiver': 'pynadath_at_isi_edu_email_pynadath_at_isi_edu', 'performative': 'reply', 'sender': 'TEAMCORE', 'in-reply-to': 't', 'content': 'proxy_pynadath_at_isi_edu:sangat.isi.edu:9992:'}
Wed Jan 09 14:39:31 2002: Sending message: (register :name email_pynadath_at_isi_edu :reply-with nil :agenttype device :receiver proxy_pynadath_at_isi_edu :user pynadath_at_isi_edu :sender pynadath_at_isi_edu_email_pynadath_at_isi_edu :direction (to user))
Wed Jan 09 14:39:31 2002: Router for pynadath_at_isi_edu_email_pynadath_at_isi_edu running...
Wed Jan 09 14:39:44 2002: Received: {'subject': 'Test', 'performative': 'tell', 'reply-with': 'nil', 'receiver': 'pynadath_at_isi_edu_email_pynadath_at_isi_edu', 'user': 'pynadath_at_isi_edu', 'sender': 'proxy_pynadath_at_isi_edu', 'shortcontent': 'This is a test', 'content': 'hello<br/>good-bye'}
Wed Jan 09 14:39:44 2002: Processing message: {'subject': 'Test', 'performative': 'tell', 'reply-with': 'nil', 'receiver': 'pynadath_at_isi_edu_email_pynadath_at_isi_edu', 'user': 'pynadath_at_isi_edu', 'sender': 'proxy_pynadath_at_isi_edu', 'shortcontent': 'This is a test', 'content': 'hello<br/>good-bye'}
Wed Jan 09 14:39:45 2002: Message for user ID: pynadath@isi.edu
Wed Jan 09 14:39:45 2002: User name: David Pynadath
Wed Jan 09 14:40:17 2002: Sending message: (unregister :receiver proxy_pynadath_at_isi_edu :name email_pynadath_at_isi_edu :sender pynadath_at_isi_edu_email_pynadath_at_isi_edu :reply-with nil :user pynadath_at_isi_edu)
Wed Jan 09 14:40:17 2002: Router pynadath_at_isi_edu_email_pynadath_at_isi_edu exiting...
Wed Jan 09 14:40:17 2002: Sending message: (unregister :receiver TEAMCORE :sender pynadath_at_isi_edu_email_pynadath_at_isi_edu :ontology tcp-ip :reply-with nil :content pynadath_at_isi_edu_email_pynadath_at_isi_edu)
Wed Jan 09 14:40:17 2002: Exiting...
Wed Feb 06 18:19:44 2002: Using ANS: ('vibhagam.isi.edu', 5500)
Wed Feb 06 18:19:44 2002: Bound to host/port: vibhagam.isi.edu:6667
Wed Feb 06 18:19:44 2002: Sending message: (register :ontology tcp-ip :sender pynadath_at_isi_edu_email_pynadath_at_isi_edu :reply-with t :content "pynadath_at_isi_edu_email_pynadath_at_isi_edu vibhagam.isi.edu:6667")
Wed Feb 06 18:19:44 2002: Received: {'receiver': 'pynadath_at_isi_edu_email_pynadath_at_isi_edu', 'performative': 'error', 'sender': 'TEAMCORE', 'in-reply-to': 't', 'content': 'handler encountered error'}
Wed Feb 06 18:19:44 2002: Registration produced: {'receiver': 'pynadath_at_isi_edu_email_pynadath_at_isi_edu', 'performative': 'error', 'sender': 'TEAMCORE', 'in-reply-to': 't', 'content': 'handler encountered error'}
Wed Feb 06 18:19:44 2002: Sending message: (unregister :sender pynadath_at_isi_edu_email_pynadath_at_isi_edu :ontology tcp-ip :reply-with nil :content pynadath_at_isi_edu_email_pynadath_at_isi_edu)
Wed Feb 06 18:19:44 2002: Sending message: (register :sender pynadath_at_isi_edu_email_pynadath_at_isi_edu :ontology tcp-ip :reply-with t :content (pynadath_at_isi_edu_email_pynadath_at_isi_edu vibhagam.isi.edu:6667))
Wed Feb 06 18:19:44 2002: Received: {'receiver': 'pynadath_at_isi_edu_email_pynadath_at_isi_edu', 'performative': 'reply', 'sender': 'TEAMCORE', 'in-reply-to': 't', 'content': 'pynadath_at_isi_edu_email_pynadath_at_isi_edu TEAMCORE'}
Wed Feb 06 18:19:44 2002: Registration produced: {'receiver': 'pynadath_at_isi_edu_email_pynadath_at_isi_edu', 'performative': 'reply', 'sender': 'TEAMCORE', 'in-reply-to': 't', 'content': 'pynadath_at_isi_edu_email_pynadath_at_isi_edu TEAMCORE'}pynadath_at_isi_edu_email_pynadath_at_isi_edu, TEAMCORE
Wed Feb 06 18:19:44 2002: Registration successful: pynadath_at_isi_edu_email_pynadath_at_isi_edu
Wed Feb 06 18:19:44 2002: Sending message: (ask-one :sender pynadath_at_isi_edu_email_pynadath_at_isi_edu :reply-with t :content "proxy_pynadath_at_isi_edu")
Wed Feb 06 18:19:44 2002: Received: {'receiver': 'pynadath_at_isi_edu_email_pynadath_at_isi_edu', 'performative': 'reply', 'sender': 'TEAMCORE', 'in-reply-to': 't', 'content': 'proxy_pynadath_at_isi_edu:sangat.isi.edu:9992:'}
Wed Feb 06 18:19:44 2002: Sending message: (register :name email_pynadath_at_isi_edu :reply-with nil :agenttype device :receiver proxy_pynadath_at_isi_edu :user pynadath_at_isi_edu :sender pynadath_at_isi_edu_email_pynadath_at_isi_edu :direction (to user))
Wed Feb 06 18:19:44 2002: Router for pynadath_at_isi_edu_email_pynadath_at_isi_edu running...
Wed Feb 06 18:19:44 2002: Unable to store arguments
Wed Feb 06 18:20:24 2002: Sending message: (unregister :receiver proxy_pynadath_at_isi_edu :name email_pynadath_at_isi_edu :sender pynadath_at_isi_edu_email_pynadath_at_isi_edu :reply-with nil :user pynadath_at_isi_edu)
Wed Feb 06 18:20:24 2002: Router pynadath_at_isi_edu_email_pynadath_at_isi_edu exiting...
Wed Feb 06 18:20:24 2002: Sending message: (unregister :receiver TEAMCORE :sender pynadath_at_isi_edu_email_pynadath_at_isi_edu :ontology tcp-ip :reply-with nil :content pynadath_at_isi_edu_email_pynadath_at_isi_edu)
Wed Feb 06 18:20:24 2002: Exiting...
Wed Feb 06 18:20:28 2002: Using ANS: ('vibhagam.isi.edu', 5500)
Wed Feb 06 18:20:28 2002: Bound to host/port: vibhagam.isi.edu:6667
Wed Feb 06 18:20:28 2002: Sending message: (register :ontology tcp-ip :sender pynadath_at_isi_edu_email_pynadath_at_isi_edu :reply-with t :content "pynadath_at_isi_edu_email_pynadath_at_isi_edu vibhagam.isi.edu:6667")
Wed Feb 06 18:20:28 2002: Received: {'receiver': 'pynadath_at_isi_edu_email_pynadath_at_isi_edu', 'performative': 'error', 'sender': 'TEAMCORE', 'in-reply-to': 't', 'content': 'handler encountered error'}
Wed Feb 06 18:20:28 2002: Registration produced: {'receiver': 'pynadath_at_isi_edu_email_pynadath_at_isi_edu', 'performative': 'error', 'sender': 'TEAMCORE', 'in-reply-to': 't', 'content': 'handler encountered error'}
Wed Feb 06 18:20:28 2002: Sending message: (unregister :sender pynadath_at_isi_edu_email_pynadath_at_isi_edu :ontology tcp-ip :reply-with nil :content pynadath_at_isi_edu_email_pynadath_at_isi_edu)
Wed Feb 06 18:20:28 2002: Sending message: (register :sender pynadath_at_isi_edu_email_pynadath_at_isi_edu :ontology tcp-ip :reply-with t :content (pynadath_at_isi_edu_email_pynadath_at_isi_edu vibhagam.isi.edu:6667))
Wed Feb 06 18:20:28 2002: Received: {'receiver': 'pynadath_at_isi_edu_email_pynadath_at_isi_edu', 'performative': 'reply', 'sender': 'TEAMCORE', 'in-reply-to': 't', 'content': 'pynadath_at_isi_edu_email_pynadath_at_isi_edu TEAMCORE'}
Wed Feb 06 18:20:28 2002: Registration produced: {'receiver': 'pynadath_at_isi_edu_email_pynadath_at_isi_edu', 'performative': 'reply', 'sender': 'TEAMCORE', 'in-reply-to': 't', 'content': 'pynadath_at_isi_edu_email_pynadath_at_isi_edu TEAMCORE'}pynadath_at_isi_edu_email_pynadath_at_isi_edu, TEAMCORE
Wed Feb 06 18:20:28 2002: Registration successful: pynadath_at_isi_edu_email_pynadath_at_isi_edu
Wed Feb 06 18:20:28 2002: Sending message: (ask-one :sender pynadath_at_isi_edu_email_pynadath_at_isi_edu :reply-with t :content "proxy_pynadath_at_isi_edu")
Wed Feb 06 18:20:28 2002: Received: {'receiver': 'pynadath_at_isi_edu_email_pynadath_at_isi_edu', 'performative': 'reply', 'sender': 'TEAMCORE', 'in-reply-to': 't', 'content': 'proxy_pynadath_at_isi_edu:sangat.isi.edu:9992:'}
Wed Feb 06 18:20:28 2002: Sending message: (register :name email_pynadath_at_isi_edu :reply-with nil :agenttype device :receiver proxy_pynadath_at_isi_edu :user pynadath_at_isi_edu :sender pynadath_at_isi_edu_email_pynadath_at_isi_edu :direction (to user))
Wed Feb 06 18:20:28 2002: Router for pynadath_at_isi_edu_email_pynadath_at_isi_edu running...
Wed Feb 06 18:21:30 2002: Sending message: (unregister :receiver proxy_pynadath_at_isi_edu :name email_pynadath_at_isi_edu :sender pynadath_at_isi_edu_email_pynadath_at_isi_edu :reply-with nil :user pynadath_at_isi_edu)
Wed Feb 06 18:21:30 2002: Router pynadath_at_isi_edu_email_pynadath_at_isi_edu exiting...
Wed Feb 06 18:21:30 2002: Sending message: (unregister :receiver TEAMCORE :sender pynadath_at_isi_edu_email_pynadath_at_isi_edu :ontology tcp-ip :reply-with nil :content pynadath_at_isi_edu_email_pynadath_at_isi_edu)
Wed Feb 06 18:21:30 2002: Exiting...
Wed Feb 06 18:23:02 2002: Using ANS: ('vibhagam.isi.edu', 5500)
Wed Feb 06 18:23:02 2002: Bound to host/port: vibhagam.isi.edu:6667
Wed Feb 06 18:23:02 2002: Sending message: (register :ontology tcp-ip :sender pynadath_at_isi_edu_email_pynadath_at_isi_edu :reply-with t :content "pynadath_at_isi_edu_email_pynadath_at_isi_edu vibhagam.isi.edu:6667")
Wed Feb 06 18:23:03 2002: Received: {'receiver': 'pynadath_at_isi_edu_email_pynadath_at_isi_edu', 'performative': 'error', 'sender': 'TEAMCORE', 'in-reply-to': 't', 'content': 'handler encountered error'}
Wed Feb 06 18:23:03 2002: Registration produced: {'receiver': 'pynadath_at_isi_edu_email_pynadath_at_isi_edu', 'performative': 'error', 'sender': 'TEAMCORE', 'in-reply-to': 't', 'content': 'handler encountered error'}
Wed Feb 06 18:23:03 2002: Sending message: (unregister :sender pynadath_at_isi_edu_email_pynadath_at_isi_edu :ontology tcp-ip :reply-with nil :content pynadath_at_isi_edu_email_pynadath_at_isi_edu)
Wed Feb 06 18:23:03 2002: Sending message: (register :sender pynadath_at_isi_edu_email_pynadath_at_isi_edu :ontology tcp-ip :reply-with t :content (pynadath_at_isi_edu_email_pynadath_at_isi_edu vibhagam.isi.edu:6667))
Wed Feb 06 18:23:03 2002: Received: {'receiver': 'pynadath_at_isi_edu_email_pynadath_at_isi_edu', 'performative': 'reply', 'sender': 'TEAMCORE', 'in-reply-to': 't', 'content': 'pynadath_at_isi_edu_email_pynadath_at_isi_edu TEAMCORE'}
Wed Feb 06 18:23:03 2002: Registration produced: {'receiver': 'pynadath_at_isi_edu_email_pynadath_at_isi_edu', 'performative': 'reply', 'sender': 'TEAMCORE', 'in-reply-to': 't', 'content': 'pynadath_at_isi_edu_email_pynadath_at_isi_edu TEAMCORE'}pynadath_at_isi_edu_email_pynadath_at_isi_edu, TEAMCORE
Wed Feb 06 18:23:03 2002: Registration successful: pynadath_at_isi_edu_email_pynadath_at_isi_edu
Wed Feb 06 18:23:03 2002: Sending message: (ask-one :sender pynadath_at_isi_edu_email_pynadath_at_isi_edu :reply-with t :content "proxy_pynadath_at_isi_edu")
Wed Feb 06 18:23:03 2002: Received: {'receiver': 'pynadath_at_isi_edu_email_pynadath_at_isi_edu', 'performative': 'reply', 'sender': 'TEAMCORE', 'in-reply-to': 't', 'content': 'proxy_pynadath_at_isi_edu:sangat.isi.edu:9992:'}
Wed Feb 06 18:23:03 2002: Sending message: (register :name email_pynadath_at_isi_edu :reply-with nil :agenttype device :receiver proxy_pynadath_at_isi_edu :user pynadath_at_isi_edu :sender pynadath_at_isi_edu_email_pynadath_at_isi_edu :direction (to user))
Wed Feb 06 18:23:03 2002: Router for pynadath_at_isi_edu_email_pynadath_at_isi_edu running...
Wed Feb 06 18:23:28 2002: Sending message: (unregister :receiver proxy_pynadath_at_isi_edu :name email_pynadath_at_isi_edu :sender pynadath_at_isi_edu_email_pynadath_at_isi_edu :reply-with nil :user pynadath_at_isi_edu)
Wed Feb 06 18:23:28 2002: Router pynadath_at_isi_edu_email_pynadath_at_isi_edu exiting...
Wed Feb 06 18:23:28 2002: Sending message: (unregister :receiver TEAMCORE :sender pynadath_at_isi_edu_email_pynadath_at_isi_edu :ontology tcp-ip :reply-with nil :content pynadath_at_isi_edu_email_pynadath_at_isi_edu)
Wed Feb 06 18:23:28 2002: Exiting...
Mon Feb 25 16:30:35 2002: Using ANS: ('vibhagam', 5500)
Mon Feb 25 16:30:35 2002: Bound to host/port: sangat.isi.edu:6685
Mon Feb 25 16:30:35 2002: Sending message: (register :ontology tcp-ip :sender pynadath_at_isi_edu_email_pynadath_at_isi_edu :reply-with t :content "pynadath_at_isi_edu_email_pynadath_at_isi_edu sangat.isi.edu:6685")
Mon Feb 25 16:30:35 2002: Received: {'receiver': 'pynadath_at_isi_edu_email_pynadath_at_isi_edu', 'performative': 'error', 'sender': 'TEAMCORE', 'in-reply-to': 't', 'content': 'handler encountered error'}
Mon Feb 25 16:30:35 2002: Registration produced: {'receiver': 'pynadath_at_isi_edu_email_pynadath_at_isi_edu', 'performative': 'error', 'sender': 'TEAMCORE', 'in-reply-to': 't', 'content': 'handler encountered error'}
Mon Feb 25 16:30:35 2002: Sending message: (unregister :sender pynadath_at_isi_edu_email_pynadath_at_isi_edu :ontology tcp-ip :reply-with nil :content pynadath_at_isi_edu_email_pynadath_at_isi_edu)
Mon Feb 25 16:30:35 2002: Sending message: (register :sender pynadath_at_isi_edu_email_pynadath_at_isi_edu :ontology tcp-ip :reply-with t :content (pynadath_at_isi_edu_email_pynadath_at_isi_edu sangat.isi.edu:6685))
Mon Feb 25 16:30:35 2002: Received: {'receiver': 'pynadath_at_isi_edu_email_pynadath_at_isi_edu', 'performative': 'reply', 'sender': 'TEAMCORE', 'in-reply-to': 't', 'content': 'pynadath_at_isi_edu_email_pynadath_at_isi_edu TEAMCORE'}
Mon Feb 25 16:30:35 2002: Registration produced: {'receiver': 'pynadath_at_isi_edu_email_pynadath_at_isi_edu', 'performative': 'reply', 'sender': 'TEAMCORE', 'in-reply-to': 't', 'content': 'pynadath_at_isi_edu_email_pynadath_at_isi_edu TEAMCORE'}pynadath_at_isi_edu_email_pynadath_at_isi_edu, TEAMCORE
Mon Feb 25 16:30:35 2002: Registration successful: pynadath_at_isi_edu_email_pynadath_at_isi_edu
Mon Feb 25 16:30:35 2002: Router for pynadath_at_isi_edu_email_pynadath_at_isi_edu running...
Mon Feb 25 16:30:35 2002: Sending message: (ask-one :sender pynadath_at_isi_edu_email_pynadath_at_isi_edu :reply-with t :content "proxy_pynadath_at_isi_edu")
Mon Feb 25 16:30:35 2002: Received: {'receiver': 'pynadath_at_isi_edu_email_pynadath_at_isi_edu', 'performative': 'reply', 'sender': 'TEAMCORE', 'in-reply-to': 't', 'content': 'proxy_pynadath_at_isi_edu:sangat.isi.edu:9992:'}
Mon Feb 25 16:30:35 2002: Sending message: (register :name email_pynadath_at_isi_edu :reply-with nil :agenttype device :receiver proxy_pynadath_at_isi_edu :user pynadath_at_isi_edu :sender pynadath_at_isi_edu_email_pynadath_at_isi_edu :direction (to user))
Mon Feb 25 16:33:49 2002: Received: {'receiver': 'pynadath_at_isi_edu_email_pynadath_at_isi_edu', 'performative': 'tell', 'sender': 'deviceCGI_pynadath_at_isi_edu', 'reply-with': 'nil', 'content': 'stop'}
Mon Feb 25 16:33:49 2002: Processing message: {'receiver': 'pynadath_at_isi_edu_email_pynadath_at_isi_edu', 'performative': 'tell', 'sender': 'deviceCGI_pynadath_at_isi_edu', 'reply-with': 'nil', 'content': 'stop'}
Mon Feb 25 16:33:49 2002: Sending message: (unregister :receiver proxy_pynadath_at_isi_edu :name email_pynadath_at_isi_edu :sender pynadath_at_isi_edu_email_pynadath_at_isi_edu :reply-with nil :user pynadath_at_isi_edu)
Mon Feb 25 16:33:49 2002: Router pynadath_at_isi_edu_email_pynadath_at_isi_edu exiting...
Mon Feb 25 16:33:49 2002: Sending message: (unregister :receiver TEAMCORE :sender pynadath_at_isi_edu_email_pynadath_at_isi_edu :ontology tcp-ip :reply-with nil :content pynadath_at_isi_edu_email_pynadath_at_isi_edu)
Mon Feb 25 16:33:49 2002: Exiting...
Mon Feb 25 16:41:25 2002: Using ANS: ('vibhagam', 5500)
Mon Feb 25 16:41:25 2002: Bound to host/port: sangat.isi.edu:6683
Mon Feb 25 16:41:25 2002: Sending message: (register :ontology tcp-ip :sender pynadath_at_isi_edu_email_pynadath_at_isi_edu :reply-with t :content "pynadath_at_isi_edu_email_pynadath_at_isi_edu sangat.isi.edu:6683")
Mon Feb 25 16:41:25 2002: Received: {'receiver': 'pynadath_at_isi_edu_email_pynadath_at_isi_edu', 'performative': 'error', 'sender': 'TEAMCORE', 'in-reply-to': 't', 'content': 'handler encountered error'}
Mon Feb 25 16:41:25 2002: Registration produced: {'receiver': 'pynadath_at_isi_edu_email_pynadath_at_isi_edu', 'performative': 'error', 'sender': 'TEAMCORE', 'in-reply-to': 't', 'content': 'handler encountered error'}
Mon Feb 25 16:41:25 2002: Sending message: (unregister :sender pynadath_at_isi_edu_email_pynadath_at_isi_edu :ontology tcp-ip :reply-with nil :content pynadath_at_isi_edu_email_pynadath_at_isi_edu)
Mon Feb 25 16:41:25 2002: Sending message: (register :sender pynadath_at_isi_edu_email_pynadath_at_isi_edu :ontology tcp-ip :reply-with t :content (pynadath_at_isi_edu_email_pynadath_at_isi_edu sangat.isi.edu:6683))
Mon Feb 25 16:41:25 2002: Received: {'receiver': 'pynadath_at_isi_edu_email_pynadath_at_isi_edu', 'performative': 'reply', 'sender': 'TEAMCORE', 'in-reply-to': 't', 'content': 'pynadath_at_isi_edu_email_pynadath_at_isi_edu TEAMCORE'}
Mon Feb 25 16:41:25 2002: Registration produced: {'receiver': 'pynadath_at_isi_edu_email_pynadath_at_isi_edu', 'performative': 'reply', 'sender': 'TEAMCORE', 'in-reply-to': 't', 'content': 'pynadath_at_isi_edu_email_pynadath_at_isi_edu TEAMCORE'}pynadath_at_isi_edu_email_pynadath_at_isi_edu, TEAMCORE
Mon Feb 25 16:41:25 2002: Registration successful: pynadath_at_isi_edu_email_pynadath_at_isi_edu
Mon Feb 25 16:41:25 2002: Router for pynadath_at_isi_edu_email_pynadath_at_isi_edu running...
Mon Feb 25 16:41:25 2002: Sending message: (ask-one :sender pynadath_at_isi_edu_email_pynadath_at_isi_edu :reply-with t :content "proxy_pynadath_at_isi_edu")
Mon Feb 25 16:41:25 2002: Received: {'receiver': 'pynadath_at_isi_edu_email_pynadath_at_isi_edu', 'performative': 'reply', 'sender': 'TEAMCORE', 'in-reply-to': 't', 'content': 'proxy_pynadath_at_isi_edu:sangat.isi.edu:9992:'}
Mon Feb 25 16:41:25 2002: Sending message: (register :name email_pynadath_at_isi_edu :reply-with nil :agenttype device :receiver proxy_pynadath_at_isi_edu :user pynadath_at_isi_edu :sender pynadath_at_isi_edu_email_pynadath_at_isi_edu :direction (to user))
Mon Feb 25 16:41:36 2002: Received: {'receiver': 'pynadath_at_isi_edu_email_pynadath_at_isi_edu', 'performative': 'tell', 'sender': 'stop_pynadath_at_isi_edu_email_pynadath_at_isi_edu', 'reply-with': 'nil', 'content': 'stop'}
Mon Feb 25 16:41:36 2002: Processing message: {'receiver': 'pynadath_at_isi_edu_email_pynadath_at_isi_edu', 'performative': 'tell', 'sender': 'stop_pynadath_at_isi_edu_email_pynadath_at_isi_edu', 'reply-with': 'nil', 'content': 'stop'}
Mon Feb 25 16:41:36 2002: Sending message: (unregister :receiver proxy_pynadath_at_isi_edu :name email_pynadath_at_isi_edu :sender pynadath_at_isi_edu_email_pynadath_at_isi_edu :reply-with nil :user pynadath_at_isi_edu)
Mon Feb 25 16:41:36 2002: Router pynadath_at_isi_edu_email_pynadath_at_isi_edu exiting...
Mon Feb 25 16:41:36 2002: Sending message: (unregister :receiver TEAMCORE :sender pynadath_at_isi_edu_email_pynadath_at_isi_edu :ontology tcp-ip :reply-with nil :content pynadath_at_isi_edu_email_pynadath_at_isi_edu)
Mon Feb 25 16:41:36 2002: Exiting...
Mon Feb 25 16:41:38 2002: Using ANS: ('vibhagam', 5500)
Mon Feb 25 16:41:38 2002: Bound to host/port: sangat.isi.edu:6685
Mon Feb 25 16:41:38 2002: Sending message: (register :ontology tcp-ip :sender pynadath_at_isi_edu_email_pynadath_at_isi_edu :reply-with t :content "pynadath_at_isi_edu_email_pynadath_at_isi_edu sangat.isi.edu:6685")
Mon Feb 25 16:41:38 2002: Received: {'receiver': 'pynadath_at_isi_edu_email_pynadath_at_isi_edu', 'performative': 'error', 'sender': 'TEAMCORE', 'in-reply-to': 't', 'content': 'handler encountered error'}
Mon Feb 25 16:41:38 2002: Registration produced: {'receiver': 'pynadath_at_isi_edu_email_pynadath_at_isi_edu', 'performative': 'error', 'sender': 'TEAMCORE', 'in-reply-to': 't', 'content': 'handler encountered error'}
Mon Feb 25 16:41:38 2002: Sending message: (unregister :sender pynadath_at_isi_edu_email_pynadath_at_isi_edu :ontology tcp-ip :reply-with nil :content pynadath_at_isi_edu_email_pynadath_at_isi_edu)
Mon Feb 25 16:41:38 2002: Sending message: (register :sender pynadath_at_isi_edu_email_pynadath_at_isi_edu :ontology tcp-ip :reply-with t :content (pynadath_at_isi_edu_email_pynadath_at_isi_edu sangat.isi.edu:6685))
Mon Feb 25 16:41:39 2002: Received: {'receiver': 'pynadath_at_isi_edu_email_pynadath_at_isi_edu', 'performative': 'reply', 'sender': 'TEAMCORE', 'in-reply-to': 't', 'content': 'pynadath_at_isi_edu_email_pynadath_at_isi_edu TEAMCORE'}
Mon Feb 25 16:41:39 2002: Registration produced: {'receiver': 'pynadath_at_isi_edu_email_pynadath_at_isi_edu', 'performative': 'reply', 'sender': 'TEAMCORE', 'in-reply-to': 't', 'content': 'pynadath_at_isi_edu_email_pynadath_at_isi_edu TEAMCORE'}pynadath_at_isi_edu_email_pynadath_at_isi_edu, TEAMCORE
Mon Feb 25 16:41:39 2002: Registration successful: pynadath_at_isi_edu_email_pynadath_at_isi_edu
Mon Feb 25 16:41:39 2002: Router for pynadath_at_isi_edu_email_pynadath_at_isi_edu running...
Mon Feb 25 16:41:39 2002: Sending message: (ask-one :sender pynadath_at_isi_edu_email_pynadath_at_isi_edu :reply-with t :content "proxy_pynadath_at_isi_edu")
Mon Feb 25 16:41:39 2002: Received: {'receiver': 'pynadath_at_isi_edu_email_pynadath_at_isi_edu', 'performative': 'reply', 'sender': 'TEAMCORE', 'in-reply-to': 't', 'content': 'proxy_pynadath_at_isi_edu:sangat.isi.edu:9992:'}
Mon Feb 25 16:41:39 2002: Sending message: (register :name email_pynadath_at_isi_edu :reply-with nil :agenttype device :receiver proxy_pynadath_at_isi_edu :user pynadath_at_isi_edu :sender pynadath_at_isi_edu_email_pynadath_at_isi_edu :direction (to user))
Mon Feb 25 16:41:40 2002: Received: {'receiver': 'pynadath_at_isi_edu_email_pynadath_at_isi_edu', 'performative': 'ask', 'sender': 'ping_pynadath_at_isi_edu_email_pynadath_at_isi_edu', 'reply-with': 'pynadath_at_isi_edu', 'content': 'hello'}
Mon Feb 25 16:41:40 2002: Processing message: {'receiver': 'pynadath_at_isi_edu_email_pynadath_at_isi_edu', 'performative': 'ask', 'sender': 'ping_pynadath_at_isi_edu_email_pynadath_at_isi_edu', 'reply-with': 'pynadath_at_isi_edu', 'content': 'hello'}
Mon Feb 25 16:41:40 2002: Replying: (sorry :reply-with nil :in-reply-to pynadath_at_isi_edu :receiver ping_pynadath_at_isi_edu_email_pynadath_at_isi_edu :sender pynadath_at_isi_edu_email_pynadath_at_isi_edu :comment "Unintelligible query")
Mon Feb 25 16:42:15 2002: Received: {'receiver': 'pynadath_at_isi_edu_email_pynadath_at_isi_edu', 'performative': 'tell', 'sender': 'deviceCGI_pynadath_at_isi_edu', 'reply-with': 'nil', 'content': 'stop'}
Mon Feb 25 16:42:15 2002: Processing message: {'receiver': 'pynadath_at_isi_edu_email_pynadath_at_isi_edu', 'performative': 'tell', 'sender': 'deviceCGI_pynadath_at_isi_edu', 'reply-with': 'nil', 'content': 'stop'}
Mon Feb 25 16:42:16 2002: Sending message: (unregister :receiver proxy_pynadath_at_isi_edu :name email_pynadath_at_isi_edu :sender pynadath_at_isi_edu_email_pynadath_at_isi_edu :reply-with nil :user pynadath_at_isi_edu)
Mon Feb 25 16:42:16 2002: Router pynadath_at_isi_edu_email_pynadath_at_isi_edu exiting...
Mon Feb 25 16:42:16 2002: Sending message: (unregister :receiver TEAMCORE :sender pynadath_at_isi_edu_email_pynadath_at_isi_edu :ontology tcp-ip :reply-with nil :content pynadath_at_isi_edu_email_pynadath_at_isi_edu)
Mon Feb 25 16:42:16 2002: Exiting...
Wed Jun 05 11:16:14 2002: Using ANS: ('vibhagam.isi.edu', 5500)
Wed Jun 05 11:16:15 2002: Bound to host/port: sangat.isi.edu:6694
Wed Jun 05 11:16:15 2002: Sending message: (register :ontology tcp-ip :sender pynadath_at_isi_edu_email_pynadath_at_isi_edu :reply-with t :content "pynadath_at_isi_edu_email_pynadath_at_isi_edu sangat.isi.edu:6694")
Wed Jun 05 11:16:15 2002: Received: {'receiver': 'pynadath_at_isi_edu_email_pynadath_at_isi_edu', 'performative': 'error', 'sender': 'TEAMCORE', 'in-reply-to': 't', 'content': 'handler encountered error'}
Wed Jun 05 11:16:15 2002: Registration produced: {'receiver': 'pynadath_at_isi_edu_email_pynadath_at_isi_edu', 'performative': 'error', 'sender': 'TEAMCORE', 'in-reply-to': 't', 'content': 'handler encountered error'}
Wed Jun 05 11:16:15 2002: Sending message: (unregister :sender pynadath_at_isi_edu_email_pynadath_at_isi_edu :ontology tcp-ip :reply-with nil :content pynadath_at_isi_edu_email_pynadath_at_isi_edu)
Wed Jun 05 11:16:15 2002: Sending message: (register :sender pynadath_at_isi_edu_email_pynadath_at_isi_edu :ontology tcp-ip :reply-with t :content (pynadath_at_isi_edu_email_pynadath_at_isi_edu sangat.isi.edu:6694))
Wed Jun 05 11:16:15 2002: Received: {'receiver': 'pynadath_at_isi_edu_email_pynadath_at_isi_edu', 'performative': 'reply', 'sender': 'TEAMCORE', 'in-reply-to': 't', 'content': 'pynadath_at_isi_edu_email_pynadath_at_isi_edu TEAMCORE'}
Wed Jun 05 11:16:15 2002: Registration produced: {'receiver': 'pynadath_at_isi_edu_email_pynadath_at_isi_edu', 'performative': 'reply', 'sender': 'TEAMCORE', 'in-reply-to': 't', 'content': 'pynadath_at_isi_edu_email_pynadath_at_isi_edu TEAMCORE'}pynadath_at_isi_edu_email_pynadath_at_isi_edu, TEAMCORE
Wed Jun 05 11:16:15 2002: Registration successful: pynadath_at_isi_edu_email_pynadath_at_isi_edu
Wed Jun 05 11:16:15 2002: Router for pynadath_at_isi_edu_email_pynadath_at_isi_edu running...
Wed Jun 05 11:16:15 2002: Sending message: (ask-one :sender pynadath_at_isi_edu_email_pynadath_at_isi_edu :reply-with t :content "proxy_pynadath_at_isi_edu")
Wed Jun 05 11:16:15 2002: Received: {'receiver': 'pynadath_at_isi_edu_email_pynadath_at_isi_edu', 'performative': 'reply', 'sender': 'TEAMCORE', 'in-reply-to': 't', 'content': 'proxy_pynadath_at_isi_edu:sangat.isi.edu:9992:'}
Wed Jun 05 11:16:15 2002: Sending message: (register :name email_pynadath_at_isi_edu :reply-with nil :agenttype device :receiver proxy_pynadath_at_isi_edu :user pynadath_at_isi_edu :sender pynadath_at_isi_edu_email_pynadath_at_isi_edu :direction (to user))
Wed Jun 05 11:16:26 2002: Received: {'receiver': 'pynadath_at_isi_edu_email_pynadath_at_isi_edu', 'performative': 'tell', 'sender': 'deviceCGI_pynadath_at_isi_edu', 'reply-with': 'nil', 'content': 'stop'}
Wed Jun 05 11:16:26 2002: Processing message: {'receiver': 'pynadath_at_isi_edu_email_pynadath_at_isi_edu', 'performative': 'tell', 'sender': 'deviceCGI_pynadath_at_isi_edu', 'reply-with': 'nil', 'content': 'stop'}
Wed Jun 05 11:16:26 2002: Sending message: (unregister :receiver proxy_pynadath_at_isi_edu :name email_pynadath_at_isi_edu :sender pynadath_at_isi_edu_email_pynadath_at_isi_edu :reply-with nil :user pynadath_at_isi_edu)
Wed Jun 05 11:16:26 2002: Router pynadath_at_isi_edu_email_pynadath_at_isi_edu exiting...
Wed Jun 05 11:16:26 2002: Sending message: (unregister :receiver TEAMCORE :sender pynadath_at_isi_edu_email_pynadath_at_isi_edu :ontology tcp-ip :reply-with nil :content pynadath_at_isi_edu_email_pynadath_at_isi_edu)
Wed Jun 05 11:16:26 2002: Exiting...
Wed Jun 05 11:22:30 2002: Using ANS: ('vibhagam.isi.edu', 5500)
Wed Jun 05 11:22:30 2002: Bound to host/port: sangat.isi.edu:6694
Wed Jun 05 11:22:30 2002: Sending message: (register :ontology tcp-ip :sender pynadath_at_isi_edu_email_pynadath_at_isi_edu :reply-with t :content "pynadath_at_isi_edu_email_pynadath_at_isi_edu sangat.isi.edu:6694")
Wed Jun 05 11:22:30 2002: Received: {'receiver': 'pynadath_at_isi_edu_email_pynadath_at_isi_edu', 'performative': 'error', 'sender': 'TEAMCORE', 'in-reply-to': 't', 'content': 'handler encountered error'}
Wed Jun 05 11:22:30 2002: Registration produced: {'receiver': 'pynadath_at_isi_edu_email_pynadath_at_isi_edu', 'performative': 'error', 'sender': 'TEAMCORE', 'in-reply-to': 't', 'content': 'handler encountered error'}
Wed Jun 05 11:22:30 2002: Sending message: (unregister :sender pynadath_at_isi_edu_email_pynadath_at_isi_edu :ontology tcp-ip :reply-with nil :content pynadath_at_isi_edu_email_pynadath_at_isi_edu)
Wed Jun 05 11:22:30 2002: Sending message: (register :sender pynadath_at_isi_edu_email_pynadath_at_isi_edu :ontology tcp-ip :reply-with t :content (pynadath_at_isi_edu_email_pynadath_at_isi_edu sangat.isi.edu:6694))
Wed Jun 05 11:22:30 2002: Received: {'receiver': 'pynadath_at_isi_edu_email_pynadath_at_isi_edu', 'performative': 'reply', 'sender': 'TEAMCORE', 'in-reply-to': 't', 'content': 'pynadath_at_isi_edu_email_pynadath_at_isi_edu TEAMCORE'}
Wed Jun 05 11:22:30 2002: Registration produced: {'receiver': 'pynadath_at_isi_edu_email_pynadath_at_isi_edu', 'performative': 'reply', 'sender': 'TEAMCORE', 'in-reply-to': 't', 'content': 'pynadath_at_isi_edu_email_pynadath_at_isi_edu TEAMCORE'}pynadath_at_isi_edu_email_pynadath_at_isi_edu, TEAMCORE
Wed Jun 05 11:22:30 2002: Registration successful: pynadath_at_isi_edu_email_pynadath_at_isi_edu
Wed Jun 05 11:22:30 2002: Router for pynadath_at_isi_edu_email_pynadath_at_isi_edu running...
Wed Jun 05 11:22:30 2002: Sending message: (ask-one :sender pynadath_at_isi_edu_email_pynadath_at_isi_edu :reply-with t :content "proxy_pynadath_at_isi_edu")
Wed Jun 05 11:22:30 2002: Received: {'receiver': 'pynadath_at_isi_edu_email_pynadath_at_isi_edu', 'performative': 'reply', 'sender': 'TEAMCORE', 'in-reply-to': 't', 'content': 'proxy_pynadath_at_isi_edu:sangat.isi.edu:9992:'}
Wed Jun 05 11:22:30 2002: Sending message: (register :name email_pynadath_at_isi_edu :reply-with nil :agenttype device :receiver proxy_pynadath_at_isi_edu :user pynadath_at_isi_edu :sender pynadath_at_isi_edu_email_pynadath_at_isi_edu :direction (to user))
Wed Jun 05 11:22:38 2002: Received: {'receiver': 'pynadath_at_isi_edu_email_pynadath_at_isi_edu', 'performative': 'tell', 'sender': 'deviceCGI_pynadath_at_isi_edu', 'reply-with': 'nil', 'content': 'stop'}
Wed Jun 05 11:22:38 2002: Processing message: {'receiver': 'pynadath_at_isi_edu_email_pynadath_at_isi_edu', 'performative': 'tell', 'sender': 'deviceCGI_pynadath_at_isi_edu', 'reply-with': 'nil', 'content': 'stop'}
Wed Jun 05 11:22:38 2002: Sending message: (unregister :receiver proxy_pynadath_at_isi_edu :name email_pynadath_at_isi_edu :sender pynadath_at_isi_edu_email_pynadath_at_isi_edu :reply-with nil :user pynadath_at_isi_edu)
Wed Jun 05 11:22:38 2002: Router pynadath_at_isi_edu_email_pynadath_at_isi_edu exiting...
Wed Jun 05 11:22:38 2002: Sending message: (unregister :receiver TEAMCORE :sender pynadath_at_isi_edu_email_pynadath_at_isi_edu :ontology tcp-ip :reply-with nil :content pynadath_at_isi_edu_email_pynadath_at_isi_edu)
Wed Jun 05 11:22:38 2002: Exiting...
Wed Jun 26 14:32:22 2002: Using ANS: ('vibhagam.isi.edu', 5500)
Wed Jun 26 14:32:23 2002: Bound to host/port: sangat.isi.edu:6688
Wed Jun 26 14:32:23 2002: Sending message: (register :ontology tcp-ip :sender pynadath_at_isi_edu_email_pynadath_at_isi_edu :reply-with t :content "pynadath_at_isi_edu_email_pynadath_at_isi_edu sangat.isi.edu:6688")
Wed Jun 26 14:32:23 2002: Received: {'receiver': 'pynadath_at_isi_edu_email_pynadath_at_isi_edu', 'performative': 'error', 'sender': 'TEAMCORE', 'in-reply-to': 't', 'content': 'handler encountered error'}
Wed Jun 26 14:32:23 2002: Registration produced: {'receiver': 'pynadath_at_isi_edu_email_pynadath_at_isi_edu', 'performative': 'error', 'sender': 'TEAMCORE', 'in-reply-to': 't', 'content': 'handler encountered error'}
Wed Jun 26 14:32:23 2002: Sending message: (unregister :sender pynadath_at_isi_edu_email_pynadath_at_isi_edu :ontology tcp-ip :reply-with nil :content pynadath_at_isi_edu_email_pynadath_at_isi_edu)
Wed Jun 26 14:32:23 2002: Sending message: (register :sender pynadath_at_isi_edu_email_pynadath_at_isi_edu :ontology tcp-ip :reply-with t :content (pynadath_at_isi_edu_email_pynadath_at_isi_edu sangat.isi.edu:6688))
Wed Jun 26 14:32:23 2002: Received: {'receiver': 'pynadath_at_isi_edu_email_pynadath_at_isi_edu', 'performative': 'reply', 'sender': 'TEAMCORE', 'in-reply-to': 't', 'content': 'pynadath_at_isi_edu_email_pynadath_at_isi_edu TEAMCORE'}
Wed Jun 26 14:32:23 2002: Registration produced: {'receiver': 'pynadath_at_isi_edu_email_pynadath_at_isi_edu', 'performative': 'reply', 'sender': 'TEAMCORE', 'in-reply-to': 't', 'content': 'pynadath_at_isi_edu_email_pynadath_at_isi_edu TEAMCORE'}pynadath_at_isi_edu_email_pynadath_at_isi_edu, TEAMCORE
Wed Jun 26 14:32:23 2002: Registration successful: pynadath_at_isi_edu_email_pynadath_at_isi_edu
Wed Jun 26 14:32:23 2002: Router for pynadath_at_isi_edu_email_pynadath_at_isi_edu running...
Wed Jun 26 14:32:23 2002: Sending message: (ask-one :sender pynadath_at_isi_edu_email_pynadath_at_isi_edu :reply-with t :content "proxy_pynadath_at_isi_edu")
Wed Jun 26 14:32:23 2002: Received: {'receiver': 'pynadath_at_isi_edu_email_pynadath_at_isi_edu', 'performative': 'reply', 'sender': 'TEAMCORE', 'in-reply-to': 't', 'content': 'proxy_pynadath_at_isi_edu:sangat.isi.edu:9991:'}
Wed Jun 26 14:32:23 2002: Sending message: (register :name email_pynadath_at_isi_edu :reply-with nil :agenttype device :receiver proxy_pynadath_at_isi_edu :user pynadath_at_isi_edu :sender pynadath_at_isi_edu_email_pynadath_at_isi_edu :direction (to user))
Wed Jun 26 14:42:59 2002: Using ANS: ('vibhagam.isi.edu', 5500)
Wed Jun 26 14:42:59 2002: Bound to host/port: sangat.isi.edu:6676
Wed Jun 26 14:42:59 2002: Sending message: (register :ontology tcp-ip :sender pynadath_at_isi_edu_email_pynadath_at_isi_edu :reply-with t :content "pynadath_at_isi_edu_email_pynadath_at_isi_edu sangat.isi.edu:6676")
Wed Jun 26 14:42:59 2002: Received: {'receiver': 'pynadath_at_isi_edu_email_pynadath_at_isi_edu', 'performative': 'error', 'sender': 'TEAMCORE', 'in-reply-to': 't', 'content': 'handler encountered error'}
Wed Jun 26 14:42:59 2002: Registration produced: {'receiver': 'pynadath_at_isi_edu_email_pynadath_at_isi_edu', 'performative': 'error', 'sender': 'TEAMCORE', 'in-reply-to': 't', 'content': 'handler encountered error'}
Wed Jun 26 14:42:59 2002: Sending message: (unregister :sender pynadath_at_isi_edu_email_pynadath_at_isi_edu :ontology tcp-ip :reply-with nil :content pynadath_at_isi_edu_email_pynadath_at_isi_edu)
Wed Jun 26 14:42:59 2002: Sending message: (register :sender pynadath_at_isi_edu_email_pynadath_at_isi_edu :ontology tcp-ip :reply-with t :content (pynadath_at_isi_edu_email_pynadath_at_isi_edu sangat.isi.edu:6676))
Wed Jun 26 14:42:59 2002: Received: {'receiver': 'pynadath_at_isi_edu_email_pynadath_at_isi_edu', 'performative': 'reply', 'sender': 'TEAMCORE', 'in-reply-to': 't', 'content': 'pynadath_at_isi_edu_email_pynadath_at_isi_edu TEAMCORE'}
Wed Jun 26 14:42:59 2002: Registration produced: {'receiver': 'pynadath_at_isi_edu_email_pynadath_at_isi_edu', 'performative': 'reply', 'sender': 'TEAMCORE', 'in-reply-to': 't', 'content': 'pynadath_at_isi_edu_email_pynadath_at_isi_edu TEAMCORE'}pynadath_at_isi_edu_email_pynadath_at_isi_edu, TEAMCORE
Wed Jun 26 14:42:59 2002: Registration successful: pynadath_at_isi_edu_email_pynadath_at_isi_edu
Wed Jun 26 14:42:59 2002: Router for pynadath_at_isi_edu_email_pynadath_at_isi_edu running...
Wed Jun 26 14:42:59 2002: Sending message: (ask-one :sender pynadath_at_isi_edu_email_pynadath_at_isi_edu :reply-with t :content "proxy_pynadath_at_isi_edu")
Wed Jun 26 14:42:59 2002: Received: {'receiver': 'pynadath_at_isi_edu_email_pynadath_at_isi_edu', 'performative': 'reply', 'sender': 'TEAMCORE', 'in-reply-to': 't', 'content': 'proxy_pynadath_at_isi_edu:sangat.isi.edu:9991:'}
Wed Jun 26 14:42:59 2002: Sending message: (register :name email_pynadath_at_isi_edu :reply-with nil :agenttype device :receiver proxy_pynadath_at_isi_edu :user pynadath_at_isi_edu :sender pynadath_at_isi_edu_email_pynadath_at_isi_edu :direction (to user))
Wed Jun 26 14:43:01 2002: Received: {'receiver': 'pynadath_at_isi_edu_email_pynadath_at_isi_edu', 'performative': 'ask', 'sender': 'ping_pynadath_at_isi_edu_email_pynadath_at_isi_edu', 'reply-with': 'pynadath_at_isi_edu', 'content': 'hello'}
Wed Jun 26 14:43:01 2002: Processing message: {'receiver': 'pynadath_at_isi_edu_email_pynadath_at_isi_edu', 'performative': 'ask', 'sender': 'ping_pynadath_at_isi_edu_email_pynadath_at_isi_edu', 'reply-with': 'pynadath_at_isi_edu', 'content': 'hello'}
Wed Jun 26 14:43:01 2002: Replying: (sorry :reply-with nil :in-reply-to pynadath_at_isi_edu :receiver ping_pynadath_at_isi_edu_email_pynadath_at_isi_edu :sender pynadath_at_isi_edu_email_pynadath_at_isi_edu :comment "Unintelligible query")
Wed Jun 26 14:43:09 2002: Received: {'receiver': 'pynadath_at_isi_edu_palm', 'performative': 'tell', 'sender': 'stop_pynadath_at_isi_edu_palm', 'reply-with': 'nil', 'content': 'stop'}
Wed Jun 26 14:43:09 2002: Processing message: {'receiver': 'pynadath_at_isi_edu_palm', 'performative': 'tell', 'sender': 'stop_pynadath_at_isi_edu_palm', 'reply-with': 'nil', 'content': 'stop'}
Wed Jun 26 14:43:10 2002: Sending message: (unregister :receiver proxy_pynadath_at_isi_edu :name email_pynadath_at_isi_edu :sender pynadath_at_isi_edu_email_pynadath_at_isi_edu :reply-with nil :user pynadath_at_isi_edu)
Wed Jun 26 14:43:10 2002: Router pynadath_at_isi_edu_email_pynadath_at_isi_edu exiting...
Wed Jun 26 14:43:10 2002: Sending message: (unregister :receiver TEAMCORE :sender pynadath_at_isi_edu_email_pynadath_at_isi_edu :ontology tcp-ip :reply-with nil :content pynadath_at_isi_edu_email_pynadath_at_isi_edu)
Wed Jun 26 14:43:10 2002: Exiting...
