Tue Dec 18 19:20:16 2001: Using ANS: ('vibhagam', 5500)
Tue Dec 18 19:20:16 2001: Bound to host/port: sangat.isi.edu:6678
Tue Dec 18 19:20:16 2001: Sending message: (register :ontology tcp-ip :sender knoblock_at_isi_edu_html :reply-with t :content "knoblock_at_isi_edu_html sangat.isi.edu:6678")
Tue Dec 18 19:20:16 2001: Received: {'receiver': 'knoblock_at_isi_edu_html', 'performative': 'error', 'sender': 'TEAMCORE', 'in-reply-to': 't', 'content': 'handler encountered error'}
Tue Dec 18 19:20:16 2001: Registration produced: {'receiver': 'knoblock_at_isi_edu_html', 'performative': 'error', 'sender': 'TEAMCORE', 'in-reply-to': 't', 'content': 'handler encountered error'}
Tue Dec 18 19:20:16 2001: Sending message: (unregister :sender knoblock_at_isi_edu_html :ontology tcp-ip :reply-with nil :content knoblock_at_isi_edu_html)
Tue Dec 18 19:20:16 2001: Sending message: (register :sender knoblock_at_isi_edu_html :ontology tcp-ip :reply-with t :content (knoblock_at_isi_edu_html sangat.isi.edu:6678))
Tue Dec 18 19:20:16 2001: Received: {'receiver': 'knoblock_at_isi_edu_html', 'performative': 'reply', 'sender': 'TEAMCORE', 'in-reply-to': 't', 'content': 'knoblock_at_isi_edu_html TEAMCORE'}
Tue Dec 18 19:20:16 2001: Registration produced: {'receiver': 'knoblock_at_isi_edu_html', 'performative': 'reply', 'sender': 'TEAMCORE', 'in-reply-to': 't', 'content': 'knoblock_at_isi_edu_html TEAMCORE'}knoblock_at_isi_edu_html, TEAMCORE
Tue Dec 18 19:20:16 2001: Registration successful: knoblock_at_isi_edu_html
Tue Dec 18 19:20:16 2001: Router for knoblock_at_isi_edu_html running...
Tue Dec 18 19:20:16 2001: Sending message: (ask-one :sender knoblock_at_isi_edu_html :reply-with t :content "proxy_knoblock_at_isi_edu")
Tue Dec 18 19:20:16 2001: Received: {'receiver': 'knoblock_at_isi_edu_html', 'performative': 'reply', 'sender': 'TEAMCORE', 'in-reply-to': 't', 'content': 'proxy_knoblock_at_isi_edu:sangat.isi.edu:9999:'}
Tue Dec 18 19:20:16 2001: Sending message: (register :name html :reply-with nil :agenttype device :receiver proxy_knoblock_at_isi_edu :user knoblock_at_isi_edu :sender knoblock_at_isi_edu_html :direction both)
Tue Dec 18 19:21:48 2001: Received: {'subject': 'Test', 'performative': 'tell', 'reply-with': 'nil', 'receiver': 'knoblock_at_isi_edu_html', 'user': 'knoblock_at_isi_edu', 'sender': 'proxy_knoblock_at_isi_edu', 'shortcontent': 'Testing...'}
Tue Dec 18 19:21:48 2001: Processing message: {'subject': 'Test', 'performative': 'tell', 'reply-with': 'nil', 'receiver': 'knoblock_at_isi_edu_html', 'user': 'knoblock_at_isi_edu', 'sender': 'proxy_knoblock_at_isi_edu', 'shortcontent': 'Testing...'}
Tue Dec 18 19:21:48 2001: Message for user ID: knoblock@isi.edu
Tue Dec 18 19:21:48 2001: User name: Craig Knoblock
Tue Dec 18 19:23:28 2001: Received: {'receiver': 'knoblock_at_isi_edu_html', 'performative': 'tell', 'sender': 'deviceCGI_knoblock_at_isi_edu', 'reply-with': 'nil', 'content': 'stop'}
Tue Dec 18 19:25:47 2001: Received: {'subject': 'Test', 'performative': 'tell', 'reply-with': 'nil', 'receiver': 'knoblock_at_isi_edu_html', 'user': 'knoblock_at_isi_edu', 'sender': 'proxy_knoblock_at_isi_edu', 'shortcontent': 'Testing...'}
Tue Dec 18 19:37:17 2001: Received: {'receiver': 'knoblock_at_isi_edu_html', 'performative': 'tell', 'sender': 'deviceCGI_knoblock_at_isi_edu', 'reply-with': 'nil', 'content': 'stop'}
Tue Dec 18 19:57:15 2001: Using ANS: ('vibhagam.isi.edu', 5500)
Tue Dec 18 19:57:15 2001: Bound to host/port: vibhagam.isi.edu:6667
Tue Dec 18 19:57:15 2001: Sending message: (register :ontology tcp-ip :sender knoblock_at_isi_edu_html :reply-with t :content "knoblock_at_isi_edu_html vibhagam.isi.edu:6667")
Tue Dec 18 19:57:15 2001: Received: {'receiver': 'knoblock_at_isi_edu_html', 'performative': 'error', 'sender': 'TEAMCORE', 'in-reply-to': 't', 'content': 'handler encountered error'}
Tue Dec 18 19:57:15 2001: Registration produced: {'receiver': 'knoblock_at_isi_edu_html', 'performative': 'error', 'sender': 'TEAMCORE', 'in-reply-to': 't', 'content': 'handler encountered error'}
Tue Dec 18 19:57:15 2001: Sending message: (unregister :sender knoblock_at_isi_edu_html :ontology tcp-ip :reply-with nil :content knoblock_at_isi_edu_html)
Tue Dec 18 19:57:15 2001: Sending message: (register :sender knoblock_at_isi_edu_html :ontology tcp-ip :reply-with t :content (knoblock_at_isi_edu_html vibhagam.isi.edu:6667))
Tue Dec 18 19:57:15 2001: Received: {'receiver': 'knoblock_at_isi_edu_html', 'performative': 'reply', 'sender': 'TEAMCORE', 'in-reply-to': 't', 'content': 'knoblock_at_isi_edu_html TEAMCORE'}
Tue Dec 18 19:57:15 2001: Registration produced: {'receiver': 'knoblock_at_isi_edu_html', 'performative': 'reply', 'sender': 'TEAMCORE', 'in-reply-to': 't', 'content': 'knoblock_at_isi_edu_html TEAMCORE'}knoblock_at_isi_edu_html, TEAMCORE
Tue Dec 18 19:57:15 2001: Registration successful: knoblock_at_isi_edu_html
Tue Dec 18 19:57:15 2001: Sending message: (ask-one :sender knoblock_at_isi_edu_html :reply-with t :content "proxy_knoblock_at_isi_edu")
Tue Dec 18 19:57:16 2001: Received: {'receiver': 'knoblock_at_isi_edu_html', 'performative': 'reply', 'sender': 'TEAMCORE', 'in-reply-to': 't', 'content': 'proxy_knoblock_at_isi_edu:sangat.isi.edu:9999:'}
Tue Dec 18 19:57:16 2001: Sending message: (register :name html :reply-with nil :agenttype device :receiver proxy_knoblock_at_isi_edu :user knoblock_at_isi_edu :sender knoblock_at_isi_edu_html :direction both)
Tue Dec 18 19:57:16 2001: Router for knoblock_at_isi_edu_html running...
Tue Dec 18 19:57:16 2001: Sending message: (unregister :receiver proxy_knoblock_at_isi_edu :name html :sender knoblock_at_isi_edu_html :reply-with nil :user knoblock_at_isi_edu)
Tue Dec 18 19:57:16 2001: Router knoblock_at_isi_edu_html exiting...
Tue Dec 18 19:57:16 2001: Sending message: (unregister :receiver TEAMCORE :sender knoblock_at_isi_edu_html :ontology tcp-ip :reply-with nil :content knoblock_at_isi_edu_html)
Tue Dec 18 19:57:16 2001: Exiting...
Thu Jan 03 10:10:03 2002: Sending message: (unregister :receiver proxy_knoblock_at_isi_edu :name html :sender knoblock_at_isi_edu_html :reply-with nil :user knoblock_at_isi_edu)
Wed Jan 16 08:41:22 2002: Using ANS: ('vibhagam', 5500)
Wed Jan 16 08:41:22 2002: Bound to host/port: sangat.isi.edu:6682
Wed Jan 16 08:41:22 2002: Sending message: (register :ontology tcp-ip :sender knoblock_at_isi_edu_html :reply-with t :content "knoblock_at_isi_edu_html sangat.isi.edu:6682")
Wed Jan 16 08:41:22 2002: Received: {'receiver': 'knoblock_at_isi_edu_html', 'performative': 'error', 'sender': 'TEAMCORE', 'in-reply-to': 't', 'content': 'handler encountered error'}
Wed Jan 16 08:41:22 2002: Registration produced: {'receiver': 'knoblock_at_isi_edu_html', 'performative': 'error', 'sender': 'TEAMCORE', 'in-reply-to': 't', 'content': 'handler encountered error'}
Wed Jan 16 08:41:22 2002: Sending message: (unregister :sender knoblock_at_isi_edu_html :ontology tcp-ip :reply-with nil :content knoblock_at_isi_edu_html)
Wed Jan 16 08:41:22 2002: Sending message: (register :sender knoblock_at_isi_edu_html :ontology tcp-ip :reply-with t :content (knoblock_at_isi_edu_html sangat.isi.edu:6682))
Wed Jan 16 08:41:22 2002: Received: {'receiver': 'knoblock_at_isi_edu_html', 'performative': 'reply', 'sender': 'TEAMCORE', 'in-reply-to': 't', 'content': 'knoblock_at_isi_edu_html TEAMCORE'}
Wed Jan 16 08:41:22 2002: Registration produced: {'receiver': 'knoblock_at_isi_edu_html', 'performative': 'reply', 'sender': 'TEAMCORE', 'in-reply-to': 't', 'content': 'knoblock_at_isi_edu_html TEAMCORE'}knoblock_at_isi_edu_html, TEAMCORE
Wed Jan 16 08:41:22 2002: Registration successful: knoblock_at_isi_edu_html
Wed Jan 16 08:41:22 2002: Router for knoblock_at_isi_edu_html running...
Wed Jan 16 08:41:22 2002: Sending message: (ask-one :sender knoblock_at_isi_edu_html :reply-with t :content "proxy_knoblock_at_isi_edu")
Wed Jan 16 08:41:22 2002: Received: {'receiver': 'knoblock_at_isi_edu_html', 'performative': 'reply', 'sender': 'TEAMCORE', 'in-reply-to': 't', 'content': 'proxy_knoblock_at_isi_edu:sangat.isi.edu:9996:'}
Wed Jan 16 08:41:22 2002: Sending message: (register :name html :reply-with nil :agenttype device :receiver proxy_knoblock_at_isi_edu :user knoblock_at_isi_edu :sender knoblock_at_isi_edu_html :direction both)
Wed Jan 16 10:06:11 2002: Received: {'subject': 'Match Results for Carnegie Mellon University', 'performative': 'tell', 'reply-with': 'nil', 'receiver': 'knoblock_at_isi_edu_html', 'user': 'knoblock_at_isi_edu', 'sender': 'proxy_knoblock_at_isi_edu', 'deadline': '10000', 'content': 'People at institution Carnegie Mellon University\012  with interests Automated Planning:\012\012Christopher Atkeson\012Jaime Carbonell\012Merrick Furst\012Matthew Mason\012Reid Simmons\012Stephen Smith\012Katia Sycara\012Maria Manuela Veloso\012David Wettergreen.'}
Wed Jan 16 10:06:11 2002: Processing message: {'subject': 'Match Results for Carnegie Mellon University', 'performative': 'tell', 'reply-with': 'nil', 'receiver': 'knoblock_at_isi_edu_html', 'user': 'knoblock_at_isi_edu', 'sender': 'proxy_knoblock_at_isi_edu', 'deadline': '10000', 'content': 'People at institution Carnegie Mellon University\012  with interests Automated Planning:\012\012Christopher Atkeson\012Jaime Carbonell\012Merrick Furst\012Matthew Mason\012Reid Simmons\012Stephen Smith\012Katia Sycara\012Maria Manuela Veloso\012David Wettergreen.'}
Wed Jan 16 10:06:11 2002: Message for user ID: knoblock@isi.edu
Wed Jan 16 10:06:11 2002: User name: Craig Knoblock
Wed Jan 16 10:06:11 2002: DialogDevice: Creating new dialog...
Wed Jan 16 10:06:11 2002: Match_Results_for_Carnegie_Mellon_University.html
Wed Jan 16 10:57:03 2002: Received: {'subject': 'Closest Restaurants', 'performative': 'tell', 'reply-with': 'nil', 'receiver': 'knoblock_at_isi_edu_html', 'user': 'knoblock_at_isi_edu', 'sender': 'proxy_knoblock_at_isi_edu', 'deadline': '10000', 'shortcontent': 'Closest Restaurants<br/><br/>Empress Gourmet<br/>Chinese<br/>13912 Lee Jackson Memorial Hwy<br/>703-830-8558<br/>$5-10<br/>Lat: 38.89288<br/>Lon: -77.42784<br/>1.8 miles<br/><br/>Spaghetti Shop<br/>Italian<br/>13828 Metrotech Dr<br/>703-817-0115<br/>$10-20<br/>Lat: 38.89327<br/>Lon: -77.42763<br/>1.82 miles<br/><br/>Golden China<br/>Chinese<br/>13934 Metrotech Dr<br/>703-631-8889<br/>$5-10<br/>Lat: 38.89548<br/>Lon: -77.4285<br/>1.86 miles<br/><br/>Speedy Kitchen Deliveries<br/>American<br/>14114 Lee Hwy<br/>703-266-8888<br/>$5-10<br/>Lat: 38.83889<br/>Lon: -77.43522<br/>3.14 miles<br/><br/>Oriental Express<br/>Chinese<br/>6063 Centreville Crest Ln<br/>703-968-9888<br/>$5-10<br/>Lat: 38.83603<br/>Lon: -77.43537<br/>3.32 miles<br/><br/><br/><br/>-- Your personal elf', 'content': 'Dear knoblock_at_isi_edu,<br/>These are the five closest restaurants from your location.<br/><br/>Empress Gourmet<br/>Chinese<br/>13912 Lee Jackson Memorial Hwy<br/>703-830-8558<br/>$5-10<br/>Lat: 38.89288<br/>Lon: -77.42784<br/>1.8 miles<br/><br/>Spaghetti Shop<br/>Italian<br/>13828 Metrotech Dr<br/>703-817-0115<br/>$10-20<br/>Lat: 38.89327<br/>Lon: -77.42763<br/>1.82 miles<br/><br/>Golden China<br/>Chinese<br/>13934 Metrotech Dr<br/>703-631-8889<br/>$5-10<br/>Lat: 38.89548<br/>Lon: -77.4285<br/>1.86 miles<br/><br/>Speedy Kitchen Deliveries<br/>American<br/>14114 Lee Hwy<br/>703-266-8888<br/>$5-10<br/>Lat: 38.83889<br/>Lon: -77.43522<br/>3.14 miles<br/><br/>Oriental Express<br/>Chinese<br/>6063 Centreville Crest Ln<br/>703-968-9888<br/>$5-10<br/>Lat: 38.83603<br/>Lon: -77.43537<br/>3.32 miles<br/><br/><br/>-- Your personal elf'}
Wed Jan 16 10:57:03 2002: Processing message: {'subject': 'Closest Restaurants', 'performative': 'tell', 'reply-with': 'nil', 'receiver': 'knoblock_at_isi_edu_html', 'user': 'knoblock_at_isi_edu', 'sender': 'proxy_knoblock_at_isi_edu', 'deadline': '10000', 'shortcontent': 'Closest Restaurants<br/><br/>Empress Gourmet<br/>Chinese<br/>13912 Lee Jackson Memorial Hwy<br/>703-830-8558<br/>$5-10<br/>Lat: 38.89288<br/>Lon: -77.42784<br/>1.8 miles<br/><br/>Spaghetti Shop<br/>Italian<br/>13828 Metrotech Dr<br/>703-817-0115<br/>$10-20<br/>Lat: 38.89327<br/>Lon: -77.42763<br/>1.82 miles<br/><br/>Golden China<br/>Chinese<br/>13934 Metrotech Dr<br/>703-631-8889<br/>$5-10<br/>Lat: 38.89548<br/>Lon: -77.4285<br/>1.86 miles<br/><br/>Speedy Kitchen Deliveries<br/>American<br/>14114 Lee Hwy<br/>703-266-8888<br/>$5-10<br/>Lat: 38.83889<br/>Lon: -77.43522<br/>3.14 miles<br/><br/>Oriental Express<br/>Chinese<br/>6063 Centreville Crest Ln<br/>703-968-9888<br/>$5-10<br/>Lat: 38.83603<br/>Lon: -77.43537<br/>3.32 miles<br/><br/><br/><br/>-- Your personal elf', 'content': 'Dear knoblock_at_isi_edu,<br/>These are the five closest restaurants from your location.<br/><br/>Empress Gourmet<br/>Chinese<br/>13912 Lee Jackson Memorial Hwy<br/>703-830-8558<br/>$5-10<br/>Lat: 38.89288<br/>Lon: -77.42784<br/>1.8 miles<br/><br/>Spaghetti Shop<br/>Italian<br/>13828 Metrotech Dr<br/>703-817-0115<br/>$10-20<br/>Lat: 38.89327<br/>Lon: -77.42763<br/>1.82 miles<br/><br/>Golden China<br/>Chinese<br/>13934 Metrotech Dr<br/>703-631-8889<br/>$5-10<br/>Lat: 38.89548<br/>Lon: -77.4285<br/>1.86 miles<br/><br/>Speedy Kitchen Deliveries<br/>American<br/>14114 Lee Hwy<br/>703-266-8888<br/>$5-10<br/>Lat: 38.83889<br/>Lon: -77.43522<br/>3.14 miles<br/><br/>Oriental Express<br/>Chinese<br/>6063 Centreville Crest Ln<br/>703-968-9888<br/>$5-10<br/>Lat: 38.83603<br/>Lon: -77.43537<br/>3.32 miles<br/><br/><br/>-- Your personal elf'}
Wed Jan 16 10:57:03 2002: Message for user ID: knoblock@isi.edu
Wed Jan 16 10:57:03 2002: User name: Craig Knoblock
Wed Jan 16 10:57:03 2002: DialogDevice: Creating new dialog...
Wed Jan 16 10:57:03 2002: Closest_Restaurants.html
Wed Jan 16 15:55:52 2002: Received: {'subject': 'United Airlines flight 197', 'performative': 'tell', 'reply-with': 'nil', 'receiver': 'knoblock_at_isi_edu_html', 'user': 'knoblock_at_isi_edu', 'sender': 'proxy_knoblock_at_isi_edu', 'deadline': '10000', 'shortcontent': 'Your United Airlines flight 197 will depart ontime at 9:10 PM and arrive at 11:44 PM. -- Your personal elf', 'content': 'Dear knoblock_at_isi_edu,<br/><br/>Your United Airlines flight 197 is still scheduled to depart ontime at 9:10 PM and is scheduled to arrive at 11:44 PM.<br/><br/>   -- Your personal elf'}
Wed Jan 16 15:55:52 2002: Processing message: {'subject': 'United Airlines flight 197', 'performative': 'tell', 'reply-with': 'nil', 'receiver': 'knoblock_at_isi_edu_html', 'user': 'knoblock_at_isi_edu', 'sender': 'proxy_knoblock_at_isi_edu', 'deadline': '10000', 'shortcontent': 'Your United Airlines flight 197 will depart ontime at 9:10 PM and arrive at 11:44 PM. -- Your personal elf', 'content': 'Dear knoblock_at_isi_edu,<br/><br/>Your United Airlines flight 197 is still scheduled to depart ontime at 9:10 PM and is scheduled to arrive at 11:44 PM.<br/><br/>   -- Your personal elf'}
Wed Jan 16 15:55:52 2002: Message for user ID: knoblock@isi.edu
Wed Jan 16 15:55:52 2002: User name: Craig Knoblock
Wed Jan 16 15:55:52 2002: DialogDevice: Creating new dialog...
Wed Jan 16 15:55:52 2002: United_Airlines_flight_197.html
Wed Jan 16 16:19:47 2002: Received: {'subject': 'Earlier Flights', 'performative': 'tell', 'reply-with': 'nil', 'receiver': 'knoblock_at_isi_edu_html', 'user': 'knoblock_at_isi_edu', 'sender': 'proxy_knoblock_at_isi_edu', 'deadline': '10000', 'shortcontent': 'Earlier United Airlines Flights<br/># 7254 IAD (3:47 PM) - CMH (4:55 PM) 7 minutes Late<br/># 739 CMH (5:56 PM) - DEN (7:16 PM) 16 minutes Late<br/># 1639 DEN (7:35 PM) - LAX (9:01 PM) On Time<br/>------<br/># 233 IAD (5:40 PM) - PHX (8:49 PM) 15 minutes Late<br/># 7958 PHX (8:55 PM) - LAX (9:06 PM) On Time<br/>------<br/># 201 IAD (5:42 PM) - SAN (8:32 PM) 17 minutes Late<br/># 5228 SAN (9:00 PM) - LAX (9:48 PM) On Time<br/>------<br/># 963 IAD (5:16 PM) - DEN (7:05 PM) 16 minutes Late<br/># 1639 DEN (7:35 PM) - LAX (9:01 PM) On Time<br/>------<br/># 951 IAD (6:55 PM) - ORD (7:38 PM) 1 hour and 30 minutes Late<br/># 105 ORD (7:35 PM) - LAX (10:03 PM) 15 minutes Late<br/>------<br/># 1107 IAD (7:25 PM) - ORD (8:27 PM) 40 minutes Late<br/># 125 ORD (9:15 PM) - LAX (11:37 PM) On Time<br/>------<br/><br/>-- Your Personal Elf', 'content': 'Dear knoblock_at_isi_edu,<br/>The status of your currently scheduled flight(s) are:<br/># 197 IAD (9:10 PM) - LAX (11:44 PM) On Time<br/><br/>If you would like to return earlier, the following United Airlines flights will arrive earlier than your scheduled flights:<br/><br/># 7254 IAD (3:47 PM) - CMH (4:55 PM) 7 minutes Late<br/># 739 CMH (5:56 PM) - DEN (7:16 PM) 16 minutes Late<br/># 1639 DEN (7:35 PM) - LAX (9:01 PM) On Time<br/>------<br/># 233 IAD (5:40 PM) - PHX (8:49 PM) 15 minutes Late<br/># 7958 PHX (8:55 PM) - LAX (9:06 PM) On Time<br/>------<br/># 201 IAD (5:42 PM) - SAN (8:32 PM) 17 minutes Late<br/># 5228 SAN (9:00 PM) - LAX (9:48 PM) On Time<br/>------<br/># 963 IAD (5:16 PM) - DEN (7:05 PM) 16 minutes Late<br/># 1639 DEN (7:35 PM) - LAX (9:01 PM) On Time<br/>------<br/># 951 IAD (6:55 PM) - ORD (7:38 PM) 1 hour and 30 minutes Late<br/># 105 ORD (7:35 PM) - LAX (10:03 PM) 15 minutes Late<br/>------<br/># 1107 IAD (7:25 PM) - ORD (8:27 PM) 40 minutes Late<br/># 125 ORD (9:15 PM) - LAX (11:37 PM) On Time<br/>------<br/><br/>    Thank you, <br/><br/>   -- Your personal elf'}
Wed Jan 16 16:19:47 2002: Processing message: {'subject': 'Earlier Flights', 'performative': 'tell', 'reply-with': 'nil', 'receiver': 'knoblock_at_isi_edu_html', 'user': 'knoblock_at_isi_edu', 'sender': 'proxy_knoblock_at_isi_edu', 'deadline': '10000', 'shortcontent': 'Earlier United Airlines Flights<br/># 7254 IAD (3:47 PM) - CMH (4:55 PM) 7 minutes Late<br/># 739 CMH (5:56 PM) - DEN (7:16 PM) 16 minutes Late<br/># 1639 DEN (7:35 PM) - LAX (9:01 PM) On Time<br/>------<br/># 233 IAD (5:40 PM) - PHX (8:49 PM) 15 minutes Late<br/># 7958 PHX (8:55 PM) - LAX (9:06 PM) On Time<br/>------<br/># 201 IAD (5:42 PM) - SAN (8:32 PM) 17 minutes Late<br/># 5228 SAN (9:00 PM) - LAX (9:48 PM) On Time<br/>------<br/># 963 IAD (5:16 PM) - DEN (7:05 PM) 16 minutes Late<br/># 1639 DEN (7:35 PM) - LAX (9:01 PM) On Time<br/>------<br/># 951 IAD (6:55 PM) - ORD (7:38 PM) 1 hour and 30 minutes Late<br/># 105 ORD (7:35 PM) - LAX (10:03 PM) 15 minutes Late<br/>------<br/># 1107 IAD (7:25 PM) - ORD (8:27 PM) 40 minutes Late<br/># 125 ORD (9:15 PM) - LAX (11:37 PM) On Time<br/>------<br/><br/>-- Your Personal Elf', 'content': 'Dear knoblock_at_isi_edu,<br/>The status of your currently scheduled flight(s) are:<br/># 197 IAD (9:10 PM) - LAX (11:44 PM) On Time<br/><br/>If you would like to return earlier, the following United Airlines flights will arrive earlier than your scheduled flights:<br/><br/># 7254 IAD (3:47 PM) - CMH (4:55 PM) 7 minutes Late<br/># 739 CMH (5:56 PM) - DEN (7:16 PM) 16 minutes Late<br/># 1639 DEN (7:35 PM) - LAX (9:01 PM) On Time<br/>------<br/># 233 IAD (5:40 PM) - PHX (8:49 PM) 15 minutes Late<br/># 7958 PHX (8:55 PM) - LAX (9:06 PM) On Time<br/>------<br/># 201 IAD (5:42 PM) - SAN (8:32 PM) 17 minutes Late<br/># 5228 SAN (9:00 PM) - LAX (9:48 PM) On Time<br/>------<br/># 963 IAD (5:16 PM) - DEN (7:05 PM) 16 minutes Late<br/># 1639 DEN (7:35 PM) - LAX (9:01 PM) On Time<br/>------<br/># 951 IAD (6:55 PM) - ORD (7:38 PM) 1 hour and 30 minutes Late<br/># 105 ORD (7:35 PM) - LAX (10:03 PM) 15 minutes Late<br/>------<br/># 1107 IAD (7:25 PM) - ORD (8:27 PM) 40 minutes Late<br/># 125 ORD (9:15 PM) - LAX (11:37 PM) On Time<br/>------<br/><br/>    Thank you, <br/><br/>   -- Your personal elf'}
Wed Jan 16 16:19:47 2002: Message for user ID: knoblock@isi.edu
Wed Jan 16 16:19:47 2002: User name: Craig Knoblock
Wed Jan 16 16:19:47 2002: DialogDevice: Creating new dialog...
Wed Jan 16 16:19:47 2002: Earlier_Flights.html
Wed Jan 16 16:31:30 2002: Received: {'subject': 'Match Results for Information Sciences Institute', 'performative': 'tell', 'reply-with': 'nil', 'receiver': 'knoblock_at_isi_edu_html', 'user': 'knoblock_at_isi_edu', 'sender': 'proxy_knoblock_at_isi_edu', 'deadline': '10000', 'content': 'People at institution Information Sciences Institute\012  with interests Automated Planning:\012\012Yolanda Gil\012Craig A Knoblock.'}
Wed Jan 16 16:31:30 2002: Processing message: {'subject': 'Match Results for Information Sciences Institute', 'performative': 'tell', 'reply-with': 'nil', 'receiver': 'knoblock_at_isi_edu_html', 'user': 'knoblock_at_isi_edu', 'sender': 'proxy_knoblock_at_isi_edu', 'deadline': '10000', 'content': 'People at institution Information Sciences Institute\012  with interests Automated Planning:\012\012Yolanda Gil\012Craig A Knoblock.'}
Wed Jan 16 16:31:31 2002: Message for user ID: knoblock@isi.edu
Wed Jan 16 16:31:31 2002: User name: Craig Knoblock
Wed Jan 16 16:31:31 2002: DialogDevice: Creating new dialog...
Wed Jan 16 16:31:31 2002: Match_Results_for_Information_Sciences_Institute.html
Thu Jan 17 04:55:40 2002: Received: {'subject': 'Airfare Changed', 'performative': 'tell', 'reply-with': 'nil', 'receiver': 'knoblock_at_isi_edu_html', 'user': 'knoblock_at_isi_edu', 'sender': 'proxy_knoblock_at_isi_edu', 'deadline': '10000', 'shortcontent': 'The airfare for your United Airlines itinerary (LAX - SEA) has increased to $557. -- Your personal elf', 'content': 'Dear knoblock_at_isi_edu,<br/><br/> The airfare for your United Airlines itinerary (LAX - SEA) has increased to $557.<br/><br/> -- Your personal elf'}
Thu Jan 17 04:55:40 2002: Processing message: {'subject': 'Airfare Changed', 'performative': 'tell', 'reply-with': 'nil', 'receiver': 'knoblock_at_isi_edu_html', 'user': 'knoblock_at_isi_edu', 'sender': 'proxy_knoblock_at_isi_edu', 'deadline': '10000', 'shortcontent': 'The airfare for your United Airlines itinerary (LAX - SEA) has increased to $557. -- Your personal elf', 'content': 'Dear knoblock_at_isi_edu,<br/><br/> The airfare for your United Airlines itinerary (LAX - SEA) has increased to $557.<br/><br/> -- Your personal elf'}
Thu Jan 17 04:55:40 2002: Message for user ID: knoblock@isi.edu
Thu Jan 17 04:55:40 2002: User name: Craig Knoblock
Thu Jan 17 04:55:40 2002: DialogDevice: Creating new dialog...
Thu Jan 17 04:55:40 2002: Airfare_Changed.html
Thu Jan 17 04:55:41 2002: Received: {'subject': 'Flight Schedule Changed', 'performative': 'tell', 'reply-with': 'nil', 'receiver': 'knoblock_at_isi_edu_html', 'user': 'knoblock_at_isi_edu', 'sender': 'proxy_knoblock_at_isi_edu', 'deadline': '10000', 'shortcontent': 'Schedule Changed United Airlines 202 from 10:20 AM to 10:20 PM', 'content': 'Dear knoblock_at_isi_edu,<br/><br/> The schedule of your United Airlines flight 202 has changed from 10:20 AM to 10:20 PM.<br/><br/> -- Your personal elf'}
Thu Jan 17 04:55:41 2002: Processing message: {'subject': 'Flight Schedule Changed', 'performative': 'tell', 'reply-with': 'nil', 'receiver': 'knoblock_at_isi_edu_html', 'user': 'knoblock_at_isi_edu', 'sender': 'proxy_knoblock_at_isi_edu', 'deadline': '10000', 'shortcontent': 'Schedule Changed United Airlines 202 from 10:20 AM to 10:20 PM', 'content': 'Dear knoblock_at_isi_edu,<br/><br/> The schedule of your United Airlines flight 202 has changed from 10:20 AM to 10:20 PM.<br/><br/> -- Your personal elf'}
Thu Jan 17 04:55:41 2002: Message for user ID: knoblock@isi.edu
Thu Jan 17 04:55:41 2002: User name: Craig Knoblock
Thu Jan 17 04:55:41 2002: DialogDevice: Creating new dialog...
Thu Jan 17 04:55:41 2002: Flight_Schedule_Changed.html
Thu Jan 17 04:55:42 2002: Received: {'subject': 'Airfare Changed', 'performative': 'tell', 'reply-with': 'nil', 'receiver': 'knoblock_at_isi_edu_html', 'user': 'knoblock_at_isi_edu', 'sender': 'proxy_knoblock_at_isi_edu', 'deadline': '10000', 'shortcontent': 'The airfare for your United Airlines itinerary (LAX - IAD) has increased to $2267. -- Your personal elf', 'content': 'Dear knoblock_at_isi_edu,<br/><br/> The airfare for your United Airlines itinerary (LAX - IAD) has increased to $2267.<br/><br/> -- Your personal elf'}
Thu Jan 17 04:55:42 2002: Processing message: {'subject': 'Airfare Changed', 'performative': 'tell', 'reply-with': 'nil', 'receiver': 'knoblock_at_isi_edu_html', 'user': 'knoblock_at_isi_edu', 'sender': 'proxy_knoblock_at_isi_edu', 'deadline': '10000', 'shortcontent': 'The airfare for your United Airlines itinerary (LAX - IAD) has increased to $2267. -- Your personal elf', 'content': 'Dear knoblock_at_isi_edu,<br/><br/> The airfare for your United Airlines itinerary (LAX - IAD) has increased to $2267.<br/><br/> -- Your personal elf'}
Thu Jan 17 04:55:42 2002: Message for user ID: knoblock@isi.edu
Thu Jan 17 04:55:42 2002: User name: Craig Knoblock
Thu Jan 17 04:55:42 2002: DialogDevice: Creating new dialog...
Thu Jan 17 04:55:42 2002: Airfare_Changed2.html
Sat Jan 19 05:05:56 2002: Received: {'subject': 'United Airlines flight 1786', 'performative': 'tell', 'reply-with': 'nil', 'receiver': 'knoblock_at_isi_edu_html', 'user': 'knoblock_at_isi_edu', 'sender': 'proxy_knoblock_at_isi_edu', 'deadline': '10000', 'shortcontent': 'Your United Airlines flight 1786 will depart ontime at 7:20 AM and arrive at 9:59 AM. -- Your personal elf', 'content': 'Dear knoblock_at_isi_edu,<br/><br/>Your United Airlines flight 1786 is still scheduled to depart ontime at 7:20 AM and is scheduled to arrive at 9:59 AM.<br/><br/>   -- Your personal elf'}
Sat Jan 19 05:05:56 2002: Processing message: {'subject': 'United Airlines flight 1786', 'performative': 'tell', 'reply-with': 'nil', 'receiver': 'knoblock_at_isi_edu_html', 'user': 'knoblock_at_isi_edu', 'sender': 'proxy_knoblock_at_isi_edu', 'deadline': '10000', 'shortcontent': 'Your United Airlines flight 1786 will depart ontime at 7:20 AM and arrive at 9:59 AM. -- Your personal elf', 'content': 'Dear knoblock_at_isi_edu,<br/><br/>Your United Airlines flight 1786 is still scheduled to depart ontime at 7:20 AM and is scheduled to arrive at 9:59 AM.<br/><br/>   -- Your personal elf'}
Sat Jan 19 05:05:57 2002: Message for user ID: knoblock@isi.edu
Sat Jan 19 05:05:57 2002: User name: Craig Knoblock
Sat Jan 19 05:05:57 2002: DialogDevice: Creating new dialog...
Sat Jan 19 05:05:57 2002: United_Airlines_flight_1786.html
Mon Jan 21 13:51:11 2002: Received: {'subject': 'United Airlines flight 1175', 'performative': 'tell', 'reply-with': 'nil', 'receiver': 'knoblock_at_isi_edu_html', 'user': 'knoblock_at_isi_edu', 'sender': 'proxy_knoblock_at_isi_edu', 'deadline': '10000', 'shortcontent': 'Your United Airlines flight 1175 will depart ontime at 4:00 PM and arrive at 6:31 PM. -- Your personal elf', 'content': 'Dear knoblock_at_isi_edu,<br/><br/>Your United Airlines flight 1175 is still scheduled to depart ontime at 4:00 PM and is scheduled to arrive at 6:31 PM.<br/><br/>   -- Your personal elf'}
Mon Jan 21 13:51:11 2002: Processing message: {'subject': 'United Airlines flight 1175', 'performative': 'tell', 'reply-with': 'nil', 'receiver': 'knoblock_at_isi_edu_html', 'user': 'knoblock_at_isi_edu', 'sender': 'proxy_knoblock_at_isi_edu', 'deadline': '10000', 'shortcontent': 'Your United Airlines flight 1175 will depart ontime at 4:00 PM and arrive at 6:31 PM. -- Your personal elf', 'content': 'Dear knoblock_at_isi_edu,<br/><br/>Your United Airlines flight 1175 is still scheduled to depart ontime at 4:00 PM and is scheduled to arrive at 6:31 PM.<br/><br/>   -- Your personal elf'}
Mon Jan 21 13:51:11 2002: Message for user ID: knoblock@isi.edu
Mon Jan 21 13:51:11 2002: User name: Craig Knoblock
Mon Jan 21 13:51:11 2002: DialogDevice: Creating new dialog...
Mon Jan 21 13:51:11 2002: United_Airlines_flight_1175.html
Mon Jan 21 17:28:45 2002: Received: {'subject': 'Earlier Flights', 'performative': 'tell', 'reply-with': 'nil', 'receiver': 'knoblock_at_isi_edu_html', 'user': 'knoblock_at_isi_edu', 'sender': 'proxy_knoblock_at_isi_edu', 'deadline': '10000', 'shortcontent': 'Earlier United Airlines Flights<br/># 1824 LAX (7:30 PM) - SFO (8:48 PM) On Time<br/># 206 SFO (10:05 PM) - IAD (5:49 AM) On Time<br/>------<br/># 330 LAX (6:50 PM) - SFO (8:05 PM) On Time<br/># 206 SFO (10:05 PM) - IAD (5:49 AM) On Time<br/>------<br/># 590 LAX (4:46 PM) - SFO (5:48 PM) 11 minutes Late<br/># 206 SFO (10:05 PM) - IAD (5:49 AM) On Time<br/>------<br/># 1812 LAX (5:25 PM) - SFO (6:27 PM) 10 minutes Late<br/># 206 SFO (10:05 PM) - IAD (5:49 AM) On Time<br/>------<br/># 888 LAX (6:00 PM) - SFO (7:15 PM) On Time<br/># 206 SFO (10:05 PM) - IAD (5:49 AM) On Time<br/>------<br/><br/>-- Your Personal Elf', 'content': 'Dear knoblock_at_isi_edu,<br/>The status of your currently scheduled flight(s) are:<br/># 202 LAX (10:20 PM) - IAD (5:54 AM) On Time<br/><br/>If you would like to return earlier, the following United Airlines flights will arrive earlier than your scheduled flights:<br/><br/># 1824 LAX (7:30 PM) - SFO (8:48 PM) On Time<br/># 206 SFO (10:05 PM) - IAD (5:49 AM) On Time<br/>------<br/># 330 LAX (6:50 PM) - SFO (8:05 PM) On Time<br/># 206 SFO (10:05 PM) - IAD (5:49 AM) On Time<br/>------<br/># 590 LAX (4:46 PM) - SFO (5:48 PM) 11 minutes Late<br/># 206 SFO (10:05 PM) - IAD (5:49 AM) On Time<br/>------<br/># 1812 LAX (5:25 PM) - SFO (6:27 PM) 10 minutes Late<br/># 206 SFO (10:05 PM) - IAD (5:49 AM) On Time<br/>------<br/># 888 LAX (6:00 PM) - SFO (7:15 PM) On Time<br/># 206 SFO (10:05 PM) - IAD (5:49 AM) On Time<br/>------<br/><br/>    Thank you, <br/><br/>   -- Your personal elf'}
Mon Jan 21 17:28:45 2002: Processing message: {'subject': 'Earlier Flights', 'performative': 'tell', 'reply-with': 'nil', 'receiver': 'knoblock_at_isi_edu_html', 'user': 'knoblock_at_isi_edu', 'sender': 'proxy_knoblock_at_isi_edu', 'deadline': '10000', 'shortcontent': 'Earlier United Airlines Flights<br/># 1824 LAX (7:30 PM) - SFO (8:48 PM) On Time<br/># 206 SFO (10:05 PM) - IAD (5:49 AM) On Time<br/>------<br/># 330 LAX (6:50 PM) - SFO (8:05 PM) On Time<br/># 206 SFO (10:05 PM) - IAD (5:49 AM) On Time<br/>------<br/># 590 LAX (4:46 PM) - SFO (5:48 PM) 11 minutes Late<br/># 206 SFO (10:05 PM) - IAD (5:49 AM) On Time<br/>------<br/># 1812 LAX (5:25 PM) - SFO (6:27 PM) 10 minutes Late<br/># 206 SFO (10:05 PM) - IAD (5:49 AM) On Time<br/>------<br/># 888 LAX (6:00 PM) - SFO (7:15 PM) On Time<br/># 206 SFO (10:05 PM) - IAD (5:49 AM) On Time<br/>------<br/><br/>-- Your Personal Elf', 'content': 'Dear knoblock_at_isi_edu,<br/>The status of your currently scheduled flight(s) are:<br/># 202 LAX (10:20 PM) - IAD (5:54 AM) On Time<br/><br/>If you would like to return earlier, the following United Airlines flights will arrive earlier than your scheduled flights:<br/><br/># 1824 LAX (7:30 PM) - SFO (8:48 PM) On Time<br/># 206 SFO (10:05 PM) - IAD (5:49 AM) On Time<br/>------<br/># 330 LAX (6:50 PM) - SFO (8:05 PM) On Time<br/># 206 SFO (10:05 PM) - IAD (5:49 AM) On Time<br/>------<br/># 590 LAX (4:46 PM) - SFO (5:48 PM) 11 minutes Late<br/># 206 SFO (10:05 PM) - IAD (5:49 AM) On Time<br/>------<br/># 1812 LAX (5:25 PM) - SFO (6:27 PM) 10 minutes Late<br/># 206 SFO (10:05 PM) - IAD (5:49 AM) On Time<br/>------<br/># 888 LAX (6:00 PM) - SFO (7:15 PM) On Time<br/># 206 SFO (10:05 PM) - IAD (5:49 AM) On Time<br/>------<br/><br/>    Thank you, <br/><br/>   -- Your personal elf'}
Mon Jan 21 17:28:45 2002: Message for user ID: knoblock@isi.edu
Mon Jan 21 17:28:45 2002: User name: Craig Knoblock
Mon Jan 21 17:28:45 2002: DialogDevice: Creating new dialog...
Mon Jan 21 17:28:45 2002: Earlier_Flights2.html
Wed Jan 23 09:59:59 2002: Received: {'subject': 'Earlier Flights', 'performative': 'tell', 'reply-with': 'nil', 'receiver': 'knoblock_at_isi_edu_html', 'user': 'knoblock_at_isi_edu', 'sender': 'proxy_knoblock_at_isi_edu', 'deadline': '10000', 'shortcontent': 'Earlier United Airlines Flights<br/># 1135 IAD (9:50 AM) - DEN (11:30 AM) 20 minutes Late<br/># 1917 DEN (3:10 PM) - LAX (4:30 PM) On Time<br/>------<br/># 1917 IAD (12:18 PM) - DEN (1:54 PM) 8 minutes Late<br/># 1731 DEN (5:00 PM) - LAX (6:19 PM) On Time<br/>------<br/># 427 IAD (2:15 PM) - DEN (4:21 PM) On Time<br/># 1731 DEN (5:00 PM) - LAX (6:19 PM) On Time<br/>------<br/># 189 IAD (1:05 PM) - LAX (3:38 PM) On Time<br/>------<br/># 1917 IAD (12:18 PM) - DEN (1:54 PM) 8 minutes Late<br/># 1917 DEN (3:10 PM) - LAX (4:30 PM) On Time<br/>------<br/># 147 IAD (1:20 PM) - ORD (2:02 PM) On Time<br/># 121 ORD (2:50 PM) - LAX (5:00 PM) On Time<br/>------<br/><br/>-- Your Personal Elf', 'content': 'Dear knoblock_at_isi_edu,<br/>The status of your currently scheduled flight(s) are:<br/># 191 IAD (4:15 PM) - LAX (6:54 PM) On Time<br/><br/>If you would like to return earlier, the following United Airlines flights will arrive earlier than your scheduled flights:<br/><br/># 1135 IAD (9:50 AM) - DEN (11:30 AM) 20 minutes Late<br/># 1917 DEN (3:10 PM) - LAX (4:30 PM) On Time<br/>------<br/># 1917 IAD (12:18 PM) - DEN (1:54 PM) 8 minutes Late<br/># 1731 DEN (5:00 PM) - LAX (6:19 PM) On Time<br/>------<br/># 427 IAD (2:15 PM) - DEN (4:21 PM) On Time<br/># 1731 DEN (5:00 PM) - LAX (6:19 PM) On Time<br/>------<br/># 189 IAD (1:05 PM) - LAX (3:38 PM) On Time<br/>------<br/># 1917 IAD (12:18 PM) - DEN (1:54 PM) 8 minutes Late<br/># 1917 DEN (3:10 PM) - LAX (4:30 PM) On Time<br/>------<br/># 147 IAD (1:20 PM) - ORD (2:02 PM) On Time<br/># 121 ORD (2:50 PM) - LAX (5:00 PM) On Time<br/>------<br/><br/>    Thank you, <br/><br/>   -- Your personal elf'}
Wed Jan 23 09:59:59 2002: Processing message: {'subject': 'Earlier Flights', 'performative': 'tell', 'reply-with': 'nil', 'receiver': 'knoblock_at_isi_edu_html', 'user': 'knoblock_at_isi_edu', 'sender': 'proxy_knoblock_at_isi_edu', 'deadline': '10000', 'shortcontent': 'Earlier United Airlines Flights<br/># 1135 IAD (9:50 AM) - DEN (11:30 AM) 20 minutes Late<br/># 1917 DEN (3:10 PM) - LAX (4:30 PM) On Time<br/>------<br/># 1917 IAD (12:18 PM) - DEN (1:54 PM) 8 minutes Late<br/># 1731 DEN (5:00 PM) - LAX (6:19 PM) On Time<br/>------<br/># 427 IAD (2:15 PM) - DEN (4:21 PM) On Time<br/># 1731 DEN (5:00 PM) - LAX (6:19 PM) On Time<br/>------<br/># 189 IAD (1:05 PM) - LAX (3:38 PM) On Time<br/>------<br/># 1917 IAD (12:18 PM) - DEN (1:54 PM) 8 minutes Late<br/># 1917 DEN (3:10 PM) - LAX (4:30 PM) On Time<br/>------<br/># 147 IAD (1:20 PM) - ORD (2:02 PM) On Time<br/># 121 ORD (2:50 PM) - LAX (5:00 PM) On Time<br/>------<br/><br/>-- Your Personal Elf', 'content': 'Dear knoblock_at_isi_edu,<br/>The status of your currently scheduled flight(s) are:<br/># 191 IAD (4:15 PM) - LAX (6:54 PM) On Time<br/><br/>If you would like to return earlier, the following United Airlines flights will arrive earlier than your scheduled flights:<br/><br/># 1135 IAD (9:50 AM) - DEN (11:30 AM) 20 minutes Late<br/># 1917 DEN (3:10 PM) - LAX (4:30 PM) On Time<br/>------<br/># 1917 IAD (12:18 PM) - DEN (1:54 PM) 8 minutes Late<br/># 1731 DEN (5:00 PM) - LAX (6:19 PM) On Time<br/>------<br/># 427 IAD (2:15 PM) - DEN (4:21 PM) On Time<br/># 1731 DEN (5:00 PM) - LAX (6:19 PM) On Time<br/>------<br/># 189 IAD (1:05 PM) - LAX (3:38 PM) On Time<br/>------<br/># 1917 IAD (12:18 PM) - DEN (1:54 PM) 8 minutes Late<br/># 1917 DEN (3:10 PM) - LAX (4:30 PM) On Time<br/>------<br/># 147 IAD (1:20 PM) - ORD (2:02 PM) On Time<br/># 121 ORD (2:50 PM) - LAX (5:00 PM) On Time<br/>------<br/><br/>    Thank you, <br/><br/>   -- Your personal elf'}
Wed Jan 23 09:59:59 2002: Message for user ID: knoblock@isi.edu
Wed Jan 23 09:59:59 2002: User name: Craig Knoblock
Wed Jan 23 09:59:59 2002: DialogDevice: Creating new dialog...
Wed Jan 23 09:59:59 2002: Earlier_Flights3.html
Wed Jan 23 10:50:51 2002: Received: {'subject': 'United Airlines flight 191', 'performative': 'tell', 'reply-with': 'nil', 'receiver': 'knoblock_at_isi_edu_html', 'user': 'knoblock_at_isi_edu', 'sender': 'proxy_knoblock_at_isi_edu', 'deadline': '10000', 'shortcontent': 'Your United Airlines flight 191 will depart ontime at 4:15 PM and arrive at 6:54 PM. -- Your personal elf', 'content': 'Dear knoblock_at_isi_edu,<br/><br/>Your United Airlines flight 191 is still scheduled to depart ontime at 4:15 PM and is scheduled to arrive at 6:54 PM.<br/><br/>   -- Your personal elf'}
Wed Jan 23 10:50:51 2002: Processing message: {'subject': 'United Airlines flight 191', 'performative': 'tell', 'reply-with': 'nil', 'receiver': 'knoblock_at_isi_edu_html', 'user': 'knoblock_at_isi_edu', 'sender': 'proxy_knoblock_at_isi_edu', 'deadline': '10000', 'shortcontent': 'Your United Airlines flight 191 will depart ontime at 4:15 PM and arrive at 6:54 PM. -- Your personal elf', 'content': 'Dear knoblock_at_isi_edu,<br/><br/>Your United Airlines flight 191 is still scheduled to depart ontime at 4:15 PM and is scheduled to arrive at 6:54 PM.<br/><br/>   -- Your personal elf'}
Wed Jan 23 10:50:51 2002: Message for user ID: knoblock@isi.edu
Wed Jan 23 10:50:51 2002: User name: Craig Knoblock
Wed Jan 23 10:50:51 2002: DialogDevice: Creating new dialog...
Wed Jan 23 10:50:51 2002: United_Airlines_flight_191.html
Fri Feb 08 18:53:33 2002: Using ANS: ('vibhagam', 5500)
Fri Feb 08 18:53:33 2002: Bound to host/port: sangat.isi.edu:6673
Fri Feb 08 18:53:33 2002: Sending message: (register :ontology tcp-ip :sender knoblock_at_isi_edu_html :reply-with t :content "knoblock_at_isi_edu_html sangat.isi.edu:6673")
Fri Feb 08 18:53:33 2002: Received: {'receiver': 'knoblock_at_isi_edu_html', 'performative': 'error', 'sender': 'TEAMCORE', 'in-reply-to': 't', 'content': 'handler encountered error'}
Fri Feb 08 18:53:33 2002: Registration produced: {'receiver': 'knoblock_at_isi_edu_html', 'performative': 'error', 'sender': 'TEAMCORE', 'in-reply-to': 't', 'content': 'handler encountered error'}
Fri Feb 08 18:53:33 2002: Sending message: (unregister :sender knoblock_at_isi_edu_html :ontology tcp-ip :reply-with nil :content knoblock_at_isi_edu_html)
Fri Feb 08 18:53:33 2002: Sending message: (register :sender knoblock_at_isi_edu_html :ontology tcp-ip :reply-with t :content (knoblock_at_isi_edu_html sangat.isi.edu:6673))
Fri Feb 08 18:53:33 2002: Received: {'receiver': 'knoblock_at_isi_edu_html', 'performative': 'reply', 'sender': 'TEAMCORE', 'in-reply-to': 't', 'content': 'knoblock_at_isi_edu_html TEAMCORE'}
Fri Feb 08 18:53:33 2002: Registration produced: {'receiver': 'knoblock_at_isi_edu_html', 'performative': 'reply', 'sender': 'TEAMCORE', 'in-reply-to': 't', 'content': 'knoblock_at_isi_edu_html TEAMCORE'}knoblock_at_isi_edu_html, TEAMCORE
Fri Feb 08 18:53:33 2002: Registration successful: knoblock_at_isi_edu_html
Fri Feb 08 18:53:33 2002: Router for knoblock_at_isi_edu_html running...
Fri Feb 08 18:53:33 2002: Sending message: (ask-one :sender knoblock_at_isi_edu_html :reply-with t :content "proxy_knoblock_at_isi_edu")
Fri Feb 08 18:53:33 2002: Received: {'receiver': 'knoblock_at_isi_edu_html', 'performative': 'reply', 'sender': 'TEAMCORE', 'in-reply-to': 't', 'content': 'proxy_knoblock_at_isi_edu:sangat.isi.edu:9996:'}
Fri Feb 08 18:53:33 2002: Sending message: (register :name html :reply-with nil :agenttype device :receiver proxy_knoblock_at_isi_edu :user knoblock_at_isi_edu :sender knoblock_at_isi_edu_html :direction both)
Fri Feb 08 18:56:15 2002: Received: {'receiver': 'jeanoh_at_isi_edu_email_jeanoh_at_isi_edu', 'performative': 'ask', 'sender': 'ping_jeanoh_at_isi_edu', 'reply-with': 'jeanoh_at_isi_edu', 'content': 'hello'}
Fri Feb 08 18:56:15 2002: Processing message: {'receiver': 'jeanoh_at_isi_edu_email_jeanoh_at_isi_edu', 'performative': 'ask', 'sender': 'ping_jeanoh_at_isi_edu', 'reply-with': 'jeanoh_at_isi_edu', 'content': 'hello'}
Fri Feb 08 18:56:15 2002: Sending message: (ask-one :sender knoblock_at_isi_edu_html :reply-with t :content "ping_jeanoh_at_isi_edu")
Fri Feb 08 18:56:15 2002: Received: {'receiver': 'knoblock_at_isi_edu_html', 'performative': 'reply', 'sender': 'TEAMCORE', 'in-reply-to': 't', 'content': 'ping_jeanoh_at_isi_edu:vibhagam.isi.edu:6667:'}
Fri Feb 08 18:56:15 2002: Sending message: (sorry :reply-with nil :in-reply-to jeanoh_at_isi_edu :receiver ping_jeanoh_at_isi_edu :sender knoblock_at_isi_edu_html :comment (Unintelligible query))
Mon Feb 25 16:45:41 2002: Received: {'receiver': 'knoblock_at_isi_edu_html', 'performative': 'tell', 'sender': 'stop_knoblock_at_isi_edu_html', 'reply-with': 'nil', 'content': 'stop'}
Mon Feb 25 16:45:41 2002: Processing message: {'receiver': 'knoblock_at_isi_edu_html', 'performative': 'tell', 'sender': 'stop_knoblock_at_isi_edu_html', 'reply-with': 'nil', 'content': 'stop'}
Mon Feb 25 16:45:41 2002: DialogDevice: Removing dialog Match_Results_for_Carnegie_Mellon_University.html
Mon Feb 25 16:45:41 2002: DialogDevice: Removing dialog Closest_Restaurants.html
Mon Feb 25 16:45:41 2002: DialogDevice: Removing dialog United_Airlines_flight_197.html
Mon Feb 25 16:45:41 2002: DialogDevice: Removing dialog Earlier_Flights.html
Mon Feb 25 16:45:41 2002: DialogDevice: Removing dialog Match_Results_for_Information_Sciences_Institute.html
Mon Feb 25 16:45:41 2002: DialogDevice: Removing dialog Airfare_Changed.html
Mon Feb 25 16:45:41 2002: DialogDevice: Removing dialog Flight_Schedule_Changed.html
Mon Feb 25 16:45:41 2002: DialogDevice: Removing dialog Airfare_Changed2.html
Mon Feb 25 16:45:41 2002: DialogDevice: Removing dialog United_Airlines_flight_1786.html
Mon Feb 25 16:45:41 2002: DialogDevice: Removing dialog United_Airlines_flight_1175.html
Mon Feb 25 16:45:41 2002: DialogDevice: Removing dialog Earlier_Flights2.html
Mon Feb 25 16:45:41 2002: DialogDevice: Removing dialog Earlier_Flights3.html
Mon Feb 25 16:45:41 2002: DialogDevice: Removing dialog United_Airlines_flight_191.html
Mon Feb 25 16:45:41 2002: Sending message: (unregister :receiver proxy_knoblock_at_isi_edu :name html :sender knoblock_at_isi_edu_html :reply-with nil :user knoblock_at_isi_edu)
Mon Feb 25 16:45:41 2002: Router knoblock_at_isi_edu_html exiting...
Mon Feb 25 16:45:41 2002: Sending message: (unregister :receiver TEAMCORE :sender knoblock_at_isi_edu_html :ontology tcp-ip :reply-with nil :content knoblock_at_isi_edu_html)
Mon Feb 25 16:45:41 2002: Exiting...
Mon Feb 25 16:45:44 2002: Using ANS: ('vibhagam', 5500)
Mon Feb 25 16:45:44 2002: Bound to host/port: sangat.isi.edu:6670
Mon Feb 25 16:45:44 2002: Sending message: (register :ontology tcp-ip :sender knoblock_at_isi_edu_html :reply-with t :content "knoblock_at_isi_edu_html sangat.isi.edu:6670")
Mon Feb 25 16:45:44 2002: Received: {'receiver': 'knoblock_at_isi_edu_html', 'performative': 'error', 'sender': 'TEAMCORE', 'in-reply-to': 't', 'content': 'handler encountered error'}
Mon Feb 25 16:45:44 2002: Registration produced: {'receiver': 'knoblock_at_isi_edu_html', 'performative': 'error', 'sender': 'TEAMCORE', 'in-reply-to': 't', 'content': 'handler encountered error'}
Mon Feb 25 16:45:44 2002: Sending message: (unregister :sender knoblock_at_isi_edu_html :ontology tcp-ip :reply-with nil :content knoblock_at_isi_edu_html)
Mon Feb 25 16:45:44 2002: Sending message: (register :sender knoblock_at_isi_edu_html :ontology tcp-ip :reply-with t :content (knoblock_at_isi_edu_html sangat.isi.edu:6670))
Mon Feb 25 16:45:44 2002: Received: {'receiver': 'knoblock_at_isi_edu_html', 'performative': 'reply', 'sender': 'TEAMCORE', 'in-reply-to': 't', 'content': 'knoblock_at_isi_edu_html TEAMCORE'}
Mon Feb 25 16:45:44 2002: Registration produced: {'receiver': 'knoblock_at_isi_edu_html', 'performative': 'reply', 'sender': 'TEAMCORE', 'in-reply-to': 't', 'content': 'knoblock_at_isi_edu_html TEAMCORE'}knoblock_at_isi_edu_html, TEAMCORE
Mon Feb 25 16:45:44 2002: Registration successful: knoblock_at_isi_edu_html
Mon Feb 25 16:45:44 2002: Router for knoblock_at_isi_edu_html running...
Mon Feb 25 16:45:44 2002: Sending message: (ask-one :sender knoblock_at_isi_edu_html :reply-with t :content "proxy_knoblock_at_isi_edu")
Mon Feb 25 16:45:44 2002: Received: {'receiver': 'knoblock_at_isi_edu_html', 'performative': 'reply', 'sender': 'TEAMCORE', 'in-reply-to': 't', 'content': 'proxy_knoblock_at_isi_edu:sangat.isi.edu:9996:'}
Mon Feb 25 16:45:44 2002: Sending message: (register :name html :reply-with nil :agenttype device :receiver proxy_knoblock_at_isi_edu :user knoblock_at_isi_edu :sender knoblock_at_isi_edu_html :direction both)
Mon Feb 25 16:45:45 2002: Received: {'receiver': 'knoblock_at_isi_edu_html', 'performative': 'ask', 'sender': 'ping_knoblock_at_isi_edu_html', 'reply-with': 'knoblock_at_isi_edu', 'content': 'hello'}
Mon Feb 25 16:45:45 2002: Processing message: {'receiver': 'knoblock_at_isi_edu_html', 'performative': 'ask', 'sender': 'ping_knoblock_at_isi_edu_html', 'reply-with': 'knoblock_at_isi_edu', 'content': 'hello'}
Mon Feb 25 16:45:45 2002: Replying: (sorry :reply-with nil :in-reply-to knoblock_at_isi_edu :receiver ping_knoblock_at_isi_edu_html :sender knoblock_at_isi_edu_html :comment "Unintelligible query")
Mon Feb 25 17:50:53 2002: Received: {'receiver': 'knoblock_at_isi_edu_html', 'performative': 'ask', 'sender': 'ping_knoblock_at_isi_edu_html', 'reply-with': 'knoblock_at_isi_edu', 'content': 'hello'}
Mon Feb 25 17:50:53 2002: Processing message: {'receiver': 'knoblock_at_isi_edu_html', 'performative': 'ask', 'sender': 'ping_knoblock_at_isi_edu_html', 'reply-with': 'knoblock_at_isi_edu', 'content': 'hello'}
Mon Feb 25 17:50:53 2002: Replying: (sorry :reply-with nil :in-reply-to knoblock_at_isi_edu :receiver ping_knoblock_at_isi_edu_html :sender knoblock_at_isi_edu_html :comment "Unintelligible query")
Tue Feb 26 16:53:30 2002: Received: {'receiver': 'knoblock_at_isi_edu_html', 'performative': 'ask', 'sender': 'ping_knoblock_at_isi_edu_html', 'reply-with': 'knoblock_at_isi_edu', 'content': 'hello'}
Tue Feb 26 16:53:30 2002: Processing message: {'receiver': 'knoblock_at_isi_edu_html', 'performative': 'ask', 'sender': 'ping_knoblock_at_isi_edu_html', 'reply-with': 'knoblock_at_isi_edu', 'content': 'hello'}
Tue Feb 26 16:53:30 2002: Replying: (sorry :reply-with nil :in-reply-to knoblock_at_isi_edu :receiver ping_knoblock_at_isi_edu_html :sender knoblock_at_isi_edu_html :comment "Unintelligible query")
Wed Feb 27 17:24:00 2002: Received: {'receiver': 'knoblock_at_isi_edu_html', 'performative': 'ask', 'sender': 'ping_knoblock_at_isi_edu_html', 'reply-with': 'knoblock_at_isi_edu', 'content': 'hello'}
Wed Feb 27 17:24:00 2002: Processing message: {'receiver': 'knoblock_at_isi_edu_html', 'performative': 'ask', 'sender': 'ping_knoblock_at_isi_edu_html', 'reply-with': 'knoblock_at_isi_edu', 'content': 'hello'}
Wed Feb 27 17:24:00 2002: Replying: (sorry :reply-with nil :in-reply-to knoblock_at_isi_edu :receiver ping_knoblock_at_isi_edu_html :sender knoblock_at_isi_edu_html :comment "Unintelligible query")
Fri Mar 01 15:33:18 2002: Received: {'receiver': 'knoblock_at_isi_edu_html', 'performative': 'ask', 'sender': 'ping_knoblock_at_isi_edu_html', 'reply-with': 'knoblock_at_isi_edu', 'content': 'hello'}
Fri Mar 01 15:33:18 2002: Processing message: {'receiver': 'knoblock_at_isi_edu_html', 'performative': 'ask', 'sender': 'ping_knoblock_at_isi_edu_html', 'reply-with': 'knoblock_at_isi_edu', 'content': 'hello'}
Fri Mar 01 15:33:18 2002: Replying: (sorry :reply-with nil :in-reply-to knoblock_at_isi_edu :receiver ping_knoblock_at_isi_edu_html :sender knoblock_at_isi_edu_html :comment "Unintelligible query")
Wed Mar 06 14:12:41 2002: Received: {'receiver': 'knoblock_at_isi_edu_html', 'performative': 'ask', 'sender': 'ping_knoblock_at_isi_edu_html', 'reply-with': 'knoblock_at_isi_edu', 'content': 'hello'}
Wed Mar 06 14:12:41 2002: Processing message: {'receiver': 'knoblock_at_isi_edu_html', 'performative': 'ask', 'sender': 'ping_knoblock_at_isi_edu_html', 'reply-with': 'knoblock_at_isi_edu', 'content': 'hello'}
Wed Mar 06 14:12:41 2002: Replying: (sorry :reply-with nil :in-reply-to knoblock_at_isi_edu :receiver ping_knoblock_at_isi_edu_html :sender knoblock_at_isi_edu_html :comment "Unintelligible query")
Mon Mar 11 11:35:14 2002: Received: {'receiver': 'knoblock_at_isi_edu_html', 'performative': 'ask', 'sender': 'ping_knoblock_at_isi_edu_html', 'reply-with': 'knoblock_at_isi_edu', 'content': 'hello'}
Mon Mar 11 11:35:14 2002: Processing message: {'receiver': 'knoblock_at_isi_edu_html', 'performative': 'ask', 'sender': 'ping_knoblock_at_isi_edu_html', 'reply-with': 'knoblock_at_isi_edu', 'content': 'hello'}
Mon Mar 11 11:35:14 2002: Replying: (sorry :reply-with nil :in-reply-to knoblock_at_isi_edu :receiver ping_knoblock_at_isi_edu_html :sender knoblock_at_isi_edu_html :comment "Unintelligible query")
Mon Mar 18 13:23:18 2002: Received: {'receiver': 'knoblock_at_isi_edu_html', 'performative': 'ask', 'sender': 'ping_knoblock_at_isi_edu_html', 'reply-with': 'knoblock_at_isi_edu', 'content': 'hello'}
Mon Mar 18 13:23:18 2002: Processing message: {'receiver': 'knoblock_at_isi_edu_html', 'performative': 'ask', 'sender': 'ping_knoblock_at_isi_edu_html', 'reply-with': 'knoblock_at_isi_edu', 'content': 'hello'}
Mon Mar 18 13:23:18 2002: Replying: (sorry :reply-with nil :in-reply-to knoblock_at_isi_edu :receiver ping_knoblock_at_isi_edu_html :sender knoblock_at_isi_edu_html :comment "Unintelligible query")
Fri Mar 22 18:21:41 2002: Received: {'receiver': 'knoblock_at_isi_edu_html', 'performative': 'ask', 'sender': 'ping_knoblock_at_isi_edu_html', 'reply-with': 'knoblock_at_isi_edu', 'content': 'hello'}
Fri Mar 22 18:21:41 2002: Processing message: {'receiver': 'knoblock_at_isi_edu_html', 'performative': 'ask', 'sender': 'ping_knoblock_at_isi_edu_html', 'reply-with': 'knoblock_at_isi_edu', 'content': 'hello'}
Fri Mar 22 18:21:41 2002: Replying: (sorry :reply-with nil :in-reply-to knoblock_at_isi_edu :receiver ping_knoblock_at_isi_edu_html :sender knoblock_at_isi_edu_html :comment "Unintelligible query")
Sun Mar 24 07:11:19 2002: Received: {'subject': 'American Airlines flight 828', 'performative': 'tell', 'reply-with': 'nil', 'receiver': 'knoblock_at_isi_edu_html', 'user': 'knoblock_at_isi_edu', 'sender': 'proxy_knoblock_at_isi_edu', 'deadline': '10000', 'shortcontent': 'Your American Airlines flight 828 will depart ontime at 9:20 AM and arrive at 10:31 AM. -- Your personal elf', 'content': 'Dear knoblock_at_isi_edu,<br/><br/>Your American Airlines flight 828 is still scheduled to depart ontime at 9:20 AM and is scheduled to arrive at 10:31 AM.<br/><br/>   -- Your personal elf'}
Sun Mar 24 07:11:19 2002: Processing message: {'subject': 'American Airlines flight 828', 'performative': 'tell', 'reply-with': 'nil', 'receiver': 'knoblock_at_isi_edu_html', 'user': 'knoblock_at_isi_edu', 'sender': 'proxy_knoblock_at_isi_edu', 'deadline': '10000', 'shortcontent': 'Your American Airlines flight 828 will depart ontime at 9:20 AM and arrive at 10:31 AM. -- Your personal elf', 'content': 'Dear knoblock_at_isi_edu,<br/><br/>Your American Airlines flight 828 is still scheduled to depart ontime at 9:20 AM and is scheduled to arrive at 10:31 AM.<br/><br/>   -- Your personal elf'}
Sun Mar 24 07:11:20 2002: Message for user ID: knoblock@isi.edu
Sun Mar 24 07:11:20 2002: User name: Craig Knoblock
Sun Mar 24 07:11:20 2002: DialogDevice: Creating new dialog...
Sun Mar 24 07:11:20 2002: American_Airlines_flight_828.html
Sun Mar 24 17:40:57 2002: Received: {'subject': 'American Airlines flight 855', 'performative': 'tell', 'reply-with': 'nil', 'receiver': 'knoblock_at_isi_edu_html', 'user': 'knoblock_at_isi_edu', 'sender': 'proxy_knoblock_at_isi_edu', 'deadline': '10000', 'shortcontent': 'Your American Airlines flight 855 will depart ontime at 7:35 PM and arrive at 9:02 PM. -- Your personal elf', 'content': 'Dear knoblock_at_isi_edu,<br/><br/>Your American Airlines flight 855 is still scheduled to depart ontime at 7:35 PM and is scheduled to arrive at 9:02 PM.<br/><br/>   -- Your personal elf'}
Sun Mar 24 17:40:57 2002: Processing message: {'subject': 'American Airlines flight 855', 'performative': 'tell', 'reply-with': 'nil', 'receiver': 'knoblock_at_isi_edu_html', 'user': 'knoblock_at_isi_edu', 'sender': 'proxy_knoblock_at_isi_edu', 'deadline': '10000', 'shortcontent': 'Your American Airlines flight 855 will depart ontime at 7:35 PM and arrive at 9:02 PM. -- Your personal elf', 'content': 'Dear knoblock_at_isi_edu,<br/><br/>Your American Airlines flight 855 is still scheduled to depart ontime at 7:35 PM and is scheduled to arrive at 9:02 PM.<br/><br/>   -- Your personal elf'}
Sun Mar 24 17:40:58 2002: Message for user ID: knoblock@isi.edu
Sun Mar 24 17:40:58 2002: User name: Craig Knoblock
Sun Mar 24 17:40:58 2002: DialogDevice: Creating new dialog...
Sun Mar 24 17:40:58 2002: American_Airlines_flight_855.html
Fri Mar 29 14:56:47 2002: Received: {'receiver': 'knoblock_at_isi_edu_html', 'performative': 'ask', 'sender': 'ping_knoblock_at_isi_edu_html', 'reply-with': 'knoblock_at_isi_edu', 'content': 'hello'}
Fri Mar 29 14:56:47 2002: Processing message: {'receiver': 'knoblock_at_isi_edu_html', 'performative': 'ask', 'sender': 'ping_knoblock_at_isi_edu_html', 'reply-with': 'knoblock_at_isi_edu', 'content': 'hello'}
Fri Mar 29 14:56:47 2002: Replying: (sorry :reply-with nil :in-reply-to knoblock_at_isi_edu :receiver ping_knoblock_at_isi_edu_html :sender knoblock_at_isi_edu_html :comment "Unintelligible query")
Fri Mar 29 15:10:40 2002: Received: {'receiver': 'knoblock_at_isi_edu_html', 'performative': 'ask', 'sender': 'ping_knoblock_at_isi_edu_html', 'reply-with': 'knoblock_at_isi_edu', 'content': 'hello'}
Fri Mar 29 15:10:40 2002: Processing message: {'receiver': 'knoblock_at_isi_edu_html', 'performative': 'ask', 'sender': 'ping_knoblock_at_isi_edu_html', 'reply-with': 'knoblock_at_isi_edu', 'content': 'hello'}
Fri Mar 29 15:10:40 2002: Replying: (sorry :reply-with nil :in-reply-to knoblock_at_isi_edu :receiver ping_knoblock_at_isi_edu_html :sender knoblock_at_isi_edu_html :comment "Unintelligible query")
Wed Apr 03 12:04:28 2002: Received: {'receiver': 'knoblock_at_isi_edu_html', 'performative': 'ask', 'sender': 'ping_knoblock_at_isi_edu_html', 'reply-with': 'knoblock_at_isi_edu', 'content': 'hello'}
Wed Apr 03 12:04:28 2002: Processing message: {'receiver': 'knoblock_at_isi_edu_html', 'performative': 'ask', 'sender': 'ping_knoblock_at_isi_edu_html', 'reply-with': 'knoblock_at_isi_edu', 'content': 'hello'}
Wed Apr 03 12:04:28 2002: Replying: (sorry :reply-with nil :in-reply-to knoblock_at_isi_edu :receiver ping_knoblock_at_isi_edu_html :sender knoblock_at_isi_edu_html :comment "Unintelligible query")
Thu May 16 06:50:27 2002: Received: {'subject': 'Match Results for Stanford University', 'performative': 'tell', 'reply-with': 'nil', 'receiver': 'knoblock_at_isi_edu_html', 'user': 'knoblock_at_isi_edu', 'sender': 'proxy_knoblock_at_isi_edu', 'deadline': '10000', 'content': 'People at institution Stanford University\012  with interests Automated Planning:\012\012No matches.'}
Thu May 16 06:50:27 2002: Processing message: {'subject': 'Match Results for Stanford University', 'performative': 'tell', 'reply-with': 'nil', 'receiver': 'knoblock_at_isi_edu_html', 'user': 'knoblock_at_isi_edu', 'sender': 'proxy_knoblock_at_isi_edu', 'deadline': '10000', 'content': 'People at institution Stanford University\012  with interests Automated Planning:\012\012No matches.'}
Thu May 16 06:50:28 2002: Message for user ID: knoblock@isi.edu
Thu May 16 06:50:28 2002: User name: Craig Knoblock
Thu May 16 06:50:28 2002: DialogDevice: Creating new dialog...
Thu May 16 06:50:29 2002: Match_Results_for_Stanford_University.html
Thu May 16 13:54:13 2002: Received: {'subject': 'Earlier Flights', 'performative': 'tell', 'reply-with': 'nil', 'receiver': 'knoblock_at_isi_edu_html', 'user': 'knoblock_at_isi_edu', 'sender': 'proxy_knoblock_at_isi_edu', 'deadline': '10000', 'shortcontent': 'Earlier United Airlines Flights<br/># 7821 SAV (5:00 PM) - ORD (6:20 PM) On Time<br/># 105 ORD (7:14 PM) - LAX (9:30 PM) On Time<br/>------<br/><br/>-- Your Personal Elf', 'content': 'Dear knoblock_at_isi_edu,<br/>The status of your currently scheduled flight(s) are:<br/># 7204 SAV (6:50 PM) - IAD (8:20 PM) On Time<br/># 197 IAD (9:10 PM) - LAX (11:29 PM) On Time<br/><br/>If you would like to return earlier, the following United Airlines flights will arrive earlier than your scheduled flights:<br/><br/># 7821 SAV (5:00 PM) - ORD (6:20 PM) On Time<br/># 105 ORD (7:14 PM) - LAX (9:30 PM) On Time<br/>------<br/><br/> Thank you, <br/><br/> -- Your personal elf'}
Thu May 16 13:54:13 2002: Processing message: {'subject': 'Earlier Flights', 'performative': 'tell', 'reply-with': 'nil', 'receiver': 'knoblock_at_isi_edu_html', 'user': 'knoblock_at_isi_edu', 'sender': 'proxy_knoblock_at_isi_edu', 'deadline': '10000', 'shortcontent': 'Earlier United Airlines Flights<br/># 7821 SAV (5:00 PM) - ORD (6:20 PM) On Time<br/># 105 ORD (7:14 PM) - LAX (9:30 PM) On Time<br/>------<br/><br/>-- Your Personal Elf', 'content': 'Dear knoblock_at_isi_edu,<br/>The status of your currently scheduled flight(s) are:<br/># 7204 SAV (6:50 PM) - IAD (8:20 PM) On Time<br/># 197 IAD (9:10 PM) - LAX (11:29 PM) On Time<br/><br/>If you would like to return earlier, the following United Airlines flights will arrive earlier than your scheduled flights:<br/><br/># 7821 SAV (5:00 PM) - ORD (6:20 PM) On Time<br/># 105 ORD (7:14 PM) - LAX (9:30 PM) On Time<br/>------<br/><br/> Thank you, <br/><br/> -- Your personal elf'}
Thu May 16 13:54:14 2002: Message for user ID: knoblock@isi.edu
Thu May 16 13:54:14 2002: User name: Craig Knoblock
Thu May 16 13:54:14 2002: DialogDevice: Creating new dialog...
Thu May 16 13:54:14 2002: Earlier_Flights4.html
Thu May 16 15:28:08 2002: Received: {'subject': 'United Airlines flight 7204', 'performative': 'tell', 'reply-with': 'nil', 'receiver': 'knoblock_at_isi_edu_html', 'user': 'knoblock_at_isi_edu', 'sender': 'proxy_knoblock_at_isi_edu', 'deadline': '10000', 'shortcontent': 'United Airlines flight 7204 departs SAV<br/> on-time at 6:50 PM Gate Not Available and <br/>arrives IAD at 8:20 PM Gate A7.', 'content': 'Dear knoblock_at_isi_edu,<br/><br/>Your United Airlines flight 7204 is still scheduled to depart on-time at 6:50 PM Gate and is scheduled to arrive at 8:20 PM Gate .<br/><br/> -- Your personal elf'}
Thu May 16 15:28:08 2002: Processing message: {'subject': 'United Airlines flight 7204', 'performative': 'tell', 'reply-with': 'nil', 'receiver': 'knoblock_at_isi_edu_html', 'user': 'knoblock_at_isi_edu', 'sender': 'proxy_knoblock_at_isi_edu', 'deadline': '10000', 'shortcontent': 'United Airlines flight 7204 departs SAV<br/> on-time at 6:50 PM Gate Not Available and <br/>arrives IAD at 8:20 PM Gate A7.', 'content': 'Dear knoblock_at_isi_edu,<br/><br/>Your United Airlines flight 7204 is still scheduled to depart on-time at 6:50 PM Gate and is scheduled to arrive at 8:20 PM Gate .<br/><br/> -- Your personal elf'}
Thu May 16 15:28:08 2002: Message for user ID: knoblock@isi.edu
Thu May 16 15:28:08 2002: User name: Craig Knoblock
Thu May 16 15:28:08 2002: DialogDevice: Creating new dialog...
Thu May 16 15:28:08 2002: United_Airlines_flight_7204.html
Thu May 16 15:47:41 2002: Received: {'subject': 'United Airlines flight 197', 'performative': 'tell', 'reply-with': 'nil', 'receiver': 'knoblock_at_isi_edu_html', 'user': 'knoblock_at_isi_edu', 'sender': 'proxy_knoblock_at_isi_edu', 'deadline': '10000', 'shortcontent': 'United Airlines flight 197 departs IAD<br/> on-time at 9:10 PM Gate C5 and <br/>arrives LAX at 11:29 PM Gate 75B.', 'content': 'Dear knoblock_at_isi_edu,<br/><br/>Your United Airlines flight 197 is still scheduled to depart on-time at 9:10 PM Gate and is scheduled to arrive at 11:29 PM Gate .<br/><br/> -- Your personal elf'}
Thu May 16 15:47:41 2002: Processing message: {'subject': 'United Airlines flight 197', 'performative': 'tell', 'reply-with': 'nil', 'receiver': 'knoblock_at_isi_edu_html', 'user': 'knoblock_at_isi_edu', 'sender': 'proxy_knoblock_at_isi_edu', 'deadline': '10000', 'shortcontent': 'United Airlines flight 197 departs IAD<br/> on-time at 9:10 PM Gate C5 and <br/>arrives LAX at 11:29 PM Gate 75B.', 'content': 'Dear knoblock_at_isi_edu,<br/><br/>Your United Airlines flight 197 is still scheduled to depart on-time at 9:10 PM Gate and is scheduled to arrive at 11:29 PM Gate .<br/><br/> -- Your personal elf'}
Thu May 16 15:47:42 2002: Message for user ID: knoblock@isi.edu
Thu May 16 15:47:42 2002: User name: Craig Knoblock
Thu May 16 15:47:42 2002: DialogDevice: Creating new dialog...
Thu May 16 15:47:42 2002: United_Airlines_flight_1972.html
Thu May 16 16:46:44 2002: Received: {'receiver': 'knoblock_at_isi_edu_html', 'performative': 'ask', 'sender': 'ping_knoblock_at_isi_edu_html', 'reply-with': 'knoblock_at_isi_edu', 'content': 'hello'}
Thu May 16 16:46:44 2002: Processing message: {'receiver': 'knoblock_at_isi_edu_html', 'performative': 'ask', 'sender': 'ping_knoblock_at_isi_edu_html', 'reply-with': 'knoblock_at_isi_edu', 'content': 'hello'}
Thu May 16 16:46:44 2002: Replying: (sorry :reply-with nil :in-reply-to knoblock_at_isi_edu :receiver ping_knoblock_at_isi_edu_html :sender knoblock_at_isi_edu_html :comment "Unintelligible query")
Fri May 17 14:35:28 2002: Using ANS: ('vibhagam.isi.edu', 5500)
Fri May 17 14:35:29 2002: Bound to host/port: sangat.isi.edu:6670
Fri May 17 14:35:29 2002: Sending message: (register :ontology tcp-ip :sender knoblock_at_isi_edu_html :reply-with t :content "knoblock_at_isi_edu_html sangat.isi.edu:6670")
Fri May 17 14:35:29 2002: Received: {'receiver': 'knoblock_at_isi_edu_html', 'performative': 'error', 'sender': 'TEAMCORE', 'in-reply-to': 't', 'content': 'handler encountered error'}
Fri May 17 14:35:29 2002: Registration produced: {'receiver': 'knoblock_at_isi_edu_html', 'performative': 'error', 'sender': 'TEAMCORE', 'in-reply-to': 't', 'content': 'handler encountered error'}
Fri May 17 14:35:29 2002: Sending message: (unregister :sender knoblock_at_isi_edu_html :ontology tcp-ip :reply-with nil :content knoblock_at_isi_edu_html)
Fri May 17 14:35:29 2002: Sending message: (register :sender knoblock_at_isi_edu_html :ontology tcp-ip :reply-with t :content (knoblock_at_isi_edu_html sangat.isi.edu:6670))
Fri May 17 14:35:29 2002: Received: {'receiver': 'knoblock_at_isi_edu_html', 'performative': 'reply', 'sender': 'TEAMCORE', 'in-reply-to': 't', 'content': 'knoblock_at_isi_edu_html TEAMCORE'}
Fri May 17 14:35:29 2002: Registration produced: {'receiver': 'knoblock_at_isi_edu_html', 'performative': 'reply', 'sender': 'TEAMCORE', 'in-reply-to': 't', 'content': 'knoblock_at_isi_edu_html TEAMCORE'}knoblock_at_isi_edu_html, TEAMCORE
Fri May 17 14:35:29 2002: Registration successful: knoblock_at_isi_edu_html
Fri May 17 14:35:29 2002: Router for knoblock_at_isi_edu_html running...
Fri May 17 14:35:29 2002: Sending message: (ask-one :sender knoblock_at_isi_edu_html :reply-with t :content "proxy_knoblock_at_isi_edu")
Fri May 17 14:35:29 2002: Received: {'receiver': 'knoblock_at_isi_edu_html', 'performative': 'reply', 'sender': 'TEAMCORE', 'in-reply-to': 't', 'content': 'proxy_knoblock_at_isi_edu:sangat.isi.edu:9992:'}
Fri May 17 14:35:29 2002: Sending message: (register :name html :reply-with nil :agenttype device :receiver proxy_knoblock_at_isi_edu :user knoblock_at_isi_edu :sender knoblock_at_isi_edu_html :direction both)
Fri May 17 14:35:30 2002: Received: {'receiver': 'knoblock_at_isi_edu_html', 'performative': 'ask', 'sender': 'ping_knoblock_at_isi_edu_html', 'reply-with': 'knoblock_at_isi_edu', 'content': 'hello'}
Fri May 17 14:35:30 2002: Processing message: {'receiver': 'knoblock_at_isi_edu_html', 'performative': 'ask', 'sender': 'ping_knoblock_at_isi_edu_html', 'reply-with': 'knoblock_at_isi_edu', 'content': 'hello'}
Fri May 17 14:35:30 2002: Replying: (sorry :reply-with nil :in-reply-to knoblock_at_isi_edu :receiver ping_knoblock_at_isi_edu_html :sender knoblock_at_isi_edu_html :comment "Unintelligible query")
Fri May 17 14:42:18 2002: Received: {'receiver': 'knoblock_at_isi_edu_html', 'performative': 'ask', 'sender': 'ping_knoblock_at_isi_edu_html', 'reply-with': 'knoblock_at_isi_edu', 'content': 'hello'}
Fri May 17 14:42:18 2002: Processing message: {'receiver': 'knoblock_at_isi_edu_html', 'performative': 'ask', 'sender': 'ping_knoblock_at_isi_edu_html', 'reply-with': 'knoblock_at_isi_edu', 'content': 'hello'}
Fri May 17 14:42:18 2002: Replying: (sorry :reply-with nil :in-reply-to knoblock_at_isi_edu :receiver ping_knoblock_at_isi_edu_html :sender knoblock_at_isi_edu_html :comment "Unintelligible query")
Wed May 22 13:56:05 2002: Received: {'receiver': 'knoblock_at_isi_edu_html', 'performative': 'ask', 'sender': 'ping_knoblock_at_isi_edu_html', 'reply-with': 'knoblock_at_isi_edu', 'content': 'hello'}
Wed May 22 13:56:05 2002: Processing message: {'receiver': 'knoblock_at_isi_edu_html', 'performative': 'ask', 'sender': 'ping_knoblock_at_isi_edu_html', 'reply-with': 'knoblock_at_isi_edu', 'content': 'hello'}
Wed May 22 13:56:05 2002: Replying: (sorry :reply-with nil :in-reply-to knoblock_at_isi_edu :receiver ping_knoblock_at_isi_edu_html :sender knoblock_at_isi_edu_html :comment "Unintelligible query")
Wed May 22 16:19:05 2002: Received: {'receiver': 'knoblock_at_isi_edu_html', 'performative': 'kqml-admin', 'sender': 'TEAMCORE', 'kqml-msg-id': '475+vibhagam.isi.edu+9', 'reply-with': 't', 'content': 'name'}
Wed May 22 16:20:41 2002: Received: {'receiver': 'knoblock_at_isi_edu_html', 'performative': 'ask', 'sender': 'ping_knoblock_at_isi_edu_html', 'reply-with': 'knoblock_at_isi_edu', 'content': 'hello'}
Wed May 22 16:20:41 2002: Processing message: {'receiver': 'knoblock_at_isi_edu_html', 'performative': 'ask', 'sender': 'ping_knoblock_at_isi_edu_html', 'reply-with': 'knoblock_at_isi_edu', 'content': 'hello'}
Wed May 22 16:20:41 2002: Replying: (sorry :reply-with nil :in-reply-to knoblock_at_isi_edu :receiver ping_knoblock_at_isi_edu_html :sender knoblock_at_isi_edu_html :comment "Unintelligible query")
Thu May 23 11:13:14 2002: Received: {'receiver': 'knoblock_at_isi_edu_html', 'performative': 'tell', 'sender': 'stop_knoblock_at_isi_edu_html', 'reply-with': 'nil', 'content': 'stop'}
Thu May 23 11:13:14 2002: Processing message: {'receiver': 'knoblock_at_isi_edu_html', 'performative': 'tell', 'sender': 'stop_knoblock_at_isi_edu_html', 'reply-with': 'nil', 'content': 'stop'}
Thu May 23 11:13:15 2002: DialogDevice: Removing dialog Match_Results_for_Carnegie_Mellon_University.html
Thu May 23 11:13:15 2002: DialogDevice: Removing dialog Closest_Restaurants.html
Thu May 23 11:13:15 2002: DialogDevice: Removing dialog United_Airlines_flight_197.html
Thu May 23 11:13:15 2002: DialogDevice: Removing dialog Earlier_Flights.html
Thu May 23 11:13:15 2002: DialogDevice: Removing dialog Match_Results_for_Information_Sciences_Institute.html
Thu May 23 11:13:15 2002: DialogDevice: Removing dialog Airfare_Changed.html
Thu May 23 11:13:15 2002: DialogDevice: Removing dialog Flight_Schedule_Changed.html
Thu May 23 11:13:15 2002: DialogDevice: Removing dialog Airfare_Changed2.html
Thu May 23 11:13:15 2002: DialogDevice: Removing dialog United_Airlines_flight_1786.html
Thu May 23 11:13:15 2002: DialogDevice: Removing dialog United_Airlines_flight_1175.html
Thu May 23 11:13:15 2002: DialogDevice: Removing dialog Earlier_Flights2.html
Thu May 23 11:13:15 2002: DialogDevice: Removing dialog Earlier_Flights3.html
Thu May 23 11:13:15 2002: DialogDevice: Removing dialog United_Airlines_flight_191.html
Thu May 23 11:13:15 2002: DialogDevice: Removing dialog American_Airlines_flight_828.html
Thu May 23 11:13:15 2002: DialogDevice: Removing dialog American_Airlines_flight_855.html
Thu May 23 11:13:15 2002: DialogDevice: Removing dialog Match_Results_for_Stanford_University.html
Thu May 23 11:13:15 2002: DialogDevice: Removing dialog Earlier_Flights4.html
Thu May 23 11:13:15 2002: DialogDevice: Removing dialog United_Airlines_flight_7204.html
Thu May 23 11:13:15 2002: DialogDevice: Removing dialog United_Airlines_flight_1972.html
Thu May 23 11:13:15 2002: Sending message: (unregister :receiver proxy_knoblock_at_isi_edu :name html :sender knoblock_at_isi_edu_html :reply-with nil :user knoblock_at_isi_edu)
Thu May 23 11:13:15 2002: Router knoblock_at_isi_edu_html exiting...
Thu May 23 11:13:15 2002: Sending message: (unregister :receiver TEAMCORE :sender knoblock_at_isi_edu_html :ontology tcp-ip :reply-with nil :content knoblock_at_isi_edu_html)
Thu May 23 11:13:15 2002: Exiting...
