Mon Jan 14 20:01:38 2002: Using ANS: ('vibhagam', 5500)
Mon Jan 14 20:01:38 2002: Bound to host/port: sangat.isi.edu:6680
Mon Jan 14 20:01:38 2002: Sending message: (register :ontology tcp-ip :sender dschmorrow_at_darpa_mil_palm :reply-with t :content "dschmorrow_at_darpa_mil_palm sangat.isi.edu:6680")
Mon Jan 14 20:01:38 2002: Received: {'receiver': 'dschmorrow_at_darpa_mil_palm', 'performative': 'error', 'sender': 'TEAMCORE', 'in-reply-to': 't', 'content': 'handler encountered error'}
Mon Jan 14 20:01:38 2002: Registration produced: {'receiver': 'dschmorrow_at_darpa_mil_palm', 'performative': 'error', 'sender': 'TEAMCORE', 'in-reply-to': 't', 'content': 'handler encountered error'}
Mon Jan 14 20:01:38 2002: Sending message: (unregister :sender dschmorrow_at_darpa_mil_palm :ontology tcp-ip :reply-with nil :content dschmorrow_at_darpa_mil_palm)
Mon Jan 14 20:01:38 2002: Sending message: (register :sender dschmorrow_at_darpa_mil_palm :ontology tcp-ip :reply-with t :content (dschmorrow_at_darpa_mil_palm sangat.isi.edu:6680))
Mon Jan 14 20:01:38 2002: Received: {'receiver': 'dschmorrow_at_darpa_mil_palm', 'performative': 'reply', 'sender': 'TEAMCORE', 'in-reply-to': 't', 'content': 'dschmorrow_at_darpa_mil_palm TEAMCORE'}
Mon Jan 14 20:01:38 2002: Registration produced: {'receiver': 'dschmorrow_at_darpa_mil_palm', 'performative': 'reply', 'sender': 'TEAMCORE', 'in-reply-to': 't', 'content': 'dschmorrow_at_darpa_mil_palm TEAMCORE'}dschmorrow_at_darpa_mil_palm, TEAMCORE
Mon Jan 14 20:01:38 2002: Registration successful: dschmorrow_at_darpa_mil_palm
Mon Jan 14 20:01:38 2002: Router for dschmorrow_at_darpa_mil_palm running...
Mon Jan 14 20:01:38 2002: Sending message: (ask-one :sender dschmorrow_at_darpa_mil_palm :reply-with t :content "proxy_dschmorrow_at_darpa_mil")
Mon Jan 14 20:01:38 2002: Received: {'receiver': 'dschmorrow_at_darpa_mil_palm', 'performative': 'reply', 'sender': 'TEAMCORE', 'in-reply-to': 't', 'content': 'proxy_dschmorrow_at_darpa_mil:sangat.isi.edu:9994:'}
Mon Jan 14 20:01:38 2002: Sending message: (register :name palm :reply-with nil :agenttype device :receiver proxy_dschmorrow_at_darpa_mil :user dschmorrow_at_darpa_mil :sender dschmorrow_at_darpa_mil_palm :direction both)
Fri Feb 08 18:57:20 2002: Using ANS: ('vibhagam', 5500)
Fri Feb 08 18:57:20 2002: Bound to host/port: sangat.isi.edu:6677
Fri Feb 08 18:57:20 2002: Sending message: (register :ontology tcp-ip :sender dschmorrow_at_darpa_mil_palm :reply-with t :content "dschmorrow_at_darpa_mil_palm sangat.isi.edu:6677")
Fri Feb 08 18:57:20 2002: Received: {'receiver': 'dschmorrow_at_darpa_mil_palm', 'performative': 'error', 'sender': 'TEAMCORE', 'in-reply-to': 't', 'content': 'handler encountered error'}
Fri Feb 08 18:57:20 2002: Registration produced: {'receiver': 'dschmorrow_at_darpa_mil_palm', 'performative': 'error', 'sender': 'TEAMCORE', 'in-reply-to': 't', 'content': 'handler encountered error'}
Fri Feb 08 18:57:20 2002: Sending message: (unregister :sender dschmorrow_at_darpa_mil_palm :ontology tcp-ip :reply-with nil :content dschmorrow_at_darpa_mil_palm)
Fri Feb 08 18:57:20 2002: Sending message: (register :sender dschmorrow_at_darpa_mil_palm :ontology tcp-ip :reply-with t :content (dschmorrow_at_darpa_mil_palm sangat.isi.edu:6677))
Fri Feb 08 18:57:20 2002: Received: {'receiver': 'dschmorrow_at_darpa_mil_palm', 'performative': 'reply', 'sender': 'TEAMCORE', 'in-reply-to': 't', 'content': 'dschmorrow_at_darpa_mil_palm TEAMCORE'}
Fri Feb 08 18:57:20 2002: Registration produced: {'receiver': 'dschmorrow_at_darpa_mil_palm', 'performative': 'reply', 'sender': 'TEAMCORE', 'in-reply-to': 't', 'content': 'dschmorrow_at_darpa_mil_palm TEAMCORE'}dschmorrow_at_darpa_mil_palm, TEAMCORE
Fri Feb 08 18:57:20 2002: Registration successful: dschmorrow_at_darpa_mil_palm
Fri Feb 08 18:57:20 2002: Router for dschmorrow_at_darpa_mil_palm running...
Fri Feb 08 18:57:20 2002: Sending message: (ask-one :sender dschmorrow_at_darpa_mil_palm :reply-with t :content "proxy_dschmorrow_at_darpa_mil")
Fri Feb 08 18:57:20 2002: Received: {'receiver': 'dschmorrow_at_darpa_mil_palm', 'performative': 'reply', 'sender': 'TEAMCORE', 'in-reply-to': 't', 'content': 'proxy_dschmorrow_at_darpa_mil:sangat.isi.edu:9994:'}
Fri Feb 08 18:57:20 2002: Sending message: (register :name palm :reply-with nil :agenttype device :receiver proxy_dschmorrow_at_darpa_mil :user dschmorrow_at_darpa_mil :sender dschmorrow_at_darpa_mil_palm :direction both)
Mon Feb 25 16:46:40 2002: Received: {'receiver': 'dschmorrow_at_darpa_mil_palm', 'performative': 'tell', 'sender': 'stop_dschmorrow_at_darpa_mil_palm', 'reply-with': 'nil', 'content': 'stop'}
Mon Feb 25 16:46:40 2002: Processing message: {'receiver': 'dschmorrow_at_darpa_mil_palm', 'performative': 'tell', 'sender': 'stop_dschmorrow_at_darpa_mil_palm', 'reply-with': 'nil', 'content': 'stop'}
Mon Feb 25 16:46:40 2002: Sending message: (unregister :receiver proxy_dschmorrow_at_darpa_mil :name palm :sender dschmorrow_at_darpa_mil_palm :reply-with nil :user dschmorrow_at_darpa_mil)
Mon Feb 25 16:46:40 2002: Router dschmorrow_at_darpa_mil_palm exiting...
Mon Feb 25 16:46:40 2002: Sending message: (unregister :receiver TEAMCORE :sender dschmorrow_at_darpa_mil_palm :ontology tcp-ip :reply-with nil :content dschmorrow_at_darpa_mil_palm)
Mon Feb 25 16:46:40 2002: Exiting...
Mon Feb 25 16:46:42 2002: Using ANS: ('vibhagam', 5500)
Mon Feb 25 16:46:42 2002: Bound to host/port: sangat.isi.edu:6676
Mon Feb 25 16:46:42 2002: Sending message: (register :ontology tcp-ip :sender dschmorrow_at_darpa_mil_palm :reply-with t :content "dschmorrow_at_darpa_mil_palm sangat.isi.edu:6676")
Mon Feb 25 16:46:42 2002: Received: {'receiver': 'dschmorrow_at_darpa_mil_palm', 'performative': 'error', 'sender': 'TEAMCORE', 'in-reply-to': 't', 'content': 'handler encountered error'}
Mon Feb 25 16:46:42 2002: Registration produced: {'receiver': 'dschmorrow_at_darpa_mil_palm', 'performative': 'error', 'sender': 'TEAMCORE', 'in-reply-to': 't', 'content': 'handler encountered error'}
Mon Feb 25 16:46:42 2002: Sending message: (unregister :sender dschmorrow_at_darpa_mil_palm :ontology tcp-ip :reply-with nil :content dschmorrow_at_darpa_mil_palm)
Mon Feb 25 16:46:42 2002: Sending message: (register :sender dschmorrow_at_darpa_mil_palm :ontology tcp-ip :reply-with t :content (dschmorrow_at_darpa_mil_palm sangat.isi.edu:6676))
Mon Feb 25 16:46:42 2002: Received: {'receiver': 'dschmorrow_at_darpa_mil_palm', 'performative': 'reply', 'sender': 'TEAMCORE', 'in-reply-to': 't', 'content': 'dschmorrow_at_darpa_mil_palm TEAMCORE'}
Mon Feb 25 16:46:42 2002: Registration produced: {'receiver': 'dschmorrow_at_darpa_mil_palm', 'performative': 'reply', 'sender': 'TEAMCORE', 'in-reply-to': 't', 'content': 'dschmorrow_at_darpa_mil_palm TEAMCORE'}dschmorrow_at_darpa_mil_palm, TEAMCORE
Mon Feb 25 16:46:42 2002: Registration successful: dschmorrow_at_darpa_mil_palm
Mon Feb 25 16:46:42 2002: Router for dschmorrow_at_darpa_mil_palm running...
Mon Feb 25 16:46:42 2002: Sending message: (ask-one :sender dschmorrow_at_darpa_mil_palm :reply-with t :content "proxy_dschmorrow_at_darpa_mil")
Mon Feb 25 16:46:42 2002: Received: {'receiver': 'dschmorrow_at_darpa_mil_palm', 'performative': 'reply', 'sender': 'TEAMCORE', 'in-reply-to': 't', 'content': 'proxy_dschmorrow_at_darpa_mil:sangat.isi.edu:9994:'}
Mon Feb 25 16:46:42 2002: Sending message: (register :name palm :reply-with nil :agenttype device :receiver proxy_dschmorrow_at_darpa_mil :user dschmorrow_at_darpa_mil :sender dschmorrow_at_darpa_mil_palm :direction both)
Mon Feb 25 16:46:44 2002: Received: {'receiver': 'dschmorrow_at_darpa_mil_palm', 'performative': 'ask', 'sender': 'ping_dschmorrow_at_darpa_mil_palm', 'reply-with': 'dschmorrow_at_darpa_mil', 'content': 'hello'}
Mon Feb 25 16:46:44 2002: Processing message: {'receiver': 'dschmorrow_at_darpa_mil_palm', 'performative': 'ask', 'sender': 'ping_dschmorrow_at_darpa_mil_palm', 'reply-with': 'dschmorrow_at_darpa_mil', 'content': 'hello'}
Mon Feb 25 16:46:44 2002: Replying: (sorry :reply-with nil :in-reply-to dschmorrow_at_darpa_mil :receiver ping_dschmorrow_at_darpa_mil_palm :sender dschmorrow_at_darpa_mil_palm :comment "Unintelligible query")
Mon Feb 25 17:51:50 2002: Received: {'receiver': 'dschmorrow_at_darpa_mil_palm', 'performative': 'ask', 'sender': 'ping_dschmorrow_at_darpa_mil_palm', 'reply-with': 'dschmorrow_at_darpa_mil', 'content': 'hello'}
Mon Feb 25 17:51:50 2002: Processing message: {'receiver': 'dschmorrow_at_darpa_mil_palm', 'performative': 'ask', 'sender': 'ping_dschmorrow_at_darpa_mil_palm', 'reply-with': 'dschmorrow_at_darpa_mil', 'content': 'hello'}
Mon Feb 25 17:51:50 2002: Replying: (sorry :reply-with nil :in-reply-to dschmorrow_at_darpa_mil :receiver ping_dschmorrow_at_darpa_mil_palm :sender dschmorrow_at_darpa_mil_palm :comment "Unintelligible query")
Tue Feb 26 16:54:00 2002: Received: {'receiver': 'dschmorrow_at_darpa_mil_palm', 'performative': 'ask', 'sender': 'ping_dschmorrow_at_darpa_mil_palm', 'reply-with': 'dschmorrow_at_darpa_mil', 'content': 'hello'}
Tue Feb 26 16:54:00 2002: Processing message: {'receiver': 'dschmorrow_at_darpa_mil_palm', 'performative': 'ask', 'sender': 'ping_dschmorrow_at_darpa_mil_palm', 'reply-with': 'dschmorrow_at_darpa_mil', 'content': 'hello'}
Tue Feb 26 16:54:00 2002: Replying: (sorry :reply-with nil :in-reply-to dschmorrow_at_darpa_mil :receiver ping_dschmorrow_at_darpa_mil_palm :sender dschmorrow_at_darpa_mil_palm :comment "Unintelligible query")
Wed Feb 27 17:24:35 2002: Received: {'receiver': 'dschmorrow_at_darpa_mil_palm', 'performative': 'ask', 'sender': 'ping_dschmorrow_at_darpa_mil_palm', 'reply-with': 'dschmorrow_at_darpa_mil', 'content': 'hello'}
Wed Feb 27 17:24:35 2002: Processing message: {'receiver': 'dschmorrow_at_darpa_mil_palm', 'performative': 'ask', 'sender': 'ping_dschmorrow_at_darpa_mil_palm', 'reply-with': 'dschmorrow_at_darpa_mil', 'content': 'hello'}
Wed Feb 27 17:24:35 2002: Replying: (sorry :reply-with nil :in-reply-to dschmorrow_at_darpa_mil :receiver ping_dschmorrow_at_darpa_mil_palm :sender dschmorrow_at_darpa_mil_palm :comment "Unintelligible query")
Fri Mar 01 15:33:53 2002: Received: {'receiver': 'dschmorrow_at_darpa_mil_palm', 'performative': 'ask', 'sender': 'ping_dschmorrow_at_darpa_mil_palm', 'reply-with': 'dschmorrow_at_darpa_mil', 'content': 'hello'}
Fri Mar 01 15:33:53 2002: Processing message: {'receiver': 'dschmorrow_at_darpa_mil_palm', 'performative': 'ask', 'sender': 'ping_dschmorrow_at_darpa_mil_palm', 'reply-with': 'dschmorrow_at_darpa_mil', 'content': 'hello'}
Fri Mar 01 15:33:53 2002: Replying: (sorry :reply-with nil :in-reply-to dschmorrow_at_darpa_mil :receiver ping_dschmorrow_at_darpa_mil_palm :sender dschmorrow_at_darpa_mil_palm :comment "Unintelligible query")
Wed Mar 06 14:13:16 2002: Received: {'receiver': 'dschmorrow_at_darpa_mil_palm', 'performative': 'ask', 'sender': 'ping_dschmorrow_at_darpa_mil_palm', 'reply-with': 'dschmorrow_at_darpa_mil', 'content': 'hello'}
Wed Mar 06 14:13:16 2002: Processing message: {'receiver': 'dschmorrow_at_darpa_mil_palm', 'performative': 'ask', 'sender': 'ping_dschmorrow_at_darpa_mil_palm', 'reply-with': 'dschmorrow_at_darpa_mil', 'content': 'hello'}
Wed Mar 06 14:13:16 2002: Replying: (sorry :reply-with nil :in-reply-to dschmorrow_at_darpa_mil :receiver ping_dschmorrow_at_darpa_mil_palm :sender dschmorrow_at_darpa_mil_palm :comment "Unintelligible query")
Mon Mar 11 11:35:50 2002: Received: {'receiver': 'dschmorrow_at_darpa_mil_palm', 'performative': 'ask', 'sender': 'ping_dschmorrow_at_darpa_mil_palm', 'reply-with': 'dschmorrow_at_darpa_mil', 'content': 'hello'}
Mon Mar 11 11:35:50 2002: Processing message: {'receiver': 'dschmorrow_at_darpa_mil_palm', 'performative': 'ask', 'sender': 'ping_dschmorrow_at_darpa_mil_palm', 'reply-with': 'dschmorrow_at_darpa_mil', 'content': 'hello'}
Mon Mar 11 11:35:50 2002: Replying: (sorry :reply-with nil :in-reply-to dschmorrow_at_darpa_mil :receiver ping_dschmorrow_at_darpa_mil_palm :sender dschmorrow_at_darpa_mil_palm :comment "Unintelligible query")
Mon Mar 18 13:23:55 2002: Received: {'receiver': 'dschmorrow_at_darpa_mil_palm', 'performative': 'ask', 'sender': 'ping_dschmorrow_at_darpa_mil_palm', 'reply-with': 'dschmorrow_at_darpa_mil', 'content': 'hello'}
Mon Mar 18 13:23:55 2002: Processing message: {'receiver': 'dschmorrow_at_darpa_mil_palm', 'performative': 'ask', 'sender': 'ping_dschmorrow_at_darpa_mil_palm', 'reply-with': 'dschmorrow_at_darpa_mil', 'content': 'hello'}
Mon Mar 18 13:23:55 2002: Replying: (sorry :reply-with nil :in-reply-to dschmorrow_at_darpa_mil :receiver ping_dschmorrow_at_darpa_mil_palm :sender dschmorrow_at_darpa_mil_palm :comment "Unintelligible query")
Fri Mar 22 18:22:19 2002: Received: {'receiver': 'dschmorrow_at_darpa_mil_palm', 'performative': 'ask', 'sender': 'ping_dschmorrow_at_darpa_mil_palm', 'reply-with': 'dschmorrow_at_darpa_mil', 'content': 'hello'}
Fri Mar 22 18:22:19 2002: Processing message: {'receiver': 'dschmorrow_at_darpa_mil_palm', 'performative': 'ask', 'sender': 'ping_dschmorrow_at_darpa_mil_palm', 'reply-with': 'dschmorrow_at_darpa_mil', 'content': 'hello'}
Fri Mar 22 18:22:19 2002: Replying: (sorry :reply-with nil :in-reply-to dschmorrow_at_darpa_mil :receiver ping_dschmorrow_at_darpa_mil_palm :sender dschmorrow_at_darpa_mil_palm :comment "Unintelligible query")
Fri Mar 29 14:57:29 2002: Received: {'receiver': 'dschmorrow_at_darpa_mil_palm', 'performative': 'ask', 'sender': 'ping_dschmorrow_at_darpa_mil_palm', 'reply-with': 'dschmorrow_at_darpa_mil', 'content': 'hello'}
Fri Mar 29 14:57:29 2002: Processing message: {'receiver': 'dschmorrow_at_darpa_mil_palm', 'performative': 'ask', 'sender': 'ping_dschmorrow_at_darpa_mil_palm', 'reply-with': 'dschmorrow_at_darpa_mil', 'content': 'hello'}
Fri Mar 29 14:57:29 2002: Replying: (sorry :reply-with nil :in-reply-to dschmorrow_at_darpa_mil :receiver ping_dschmorrow_at_darpa_mil_palm :sender dschmorrow_at_darpa_mil_palm :comment "Unintelligible query")
Fri Mar 29 15:11:17 2002: Received: {'receiver': 'dschmorrow_at_darpa_mil_palm', 'performative': 'ask', 'sender': 'ping_dschmorrow_at_darpa_mil_palm', 'reply-with': 'dschmorrow_at_darpa_mil', 'content': 'hello'}
Fri Mar 29 15:11:17 2002: Processing message: {'receiver': 'dschmorrow_at_darpa_mil_palm', 'performative': 'ask', 'sender': 'ping_dschmorrow_at_darpa_mil_palm', 'reply-with': 'dschmorrow_at_darpa_mil', 'content': 'hello'}
Fri Mar 29 15:11:17 2002: Replying: (sorry :reply-with nil :in-reply-to dschmorrow_at_darpa_mil :receiver ping_dschmorrow_at_darpa_mil_palm :sender dschmorrow_at_darpa_mil_palm :comment "Unintelligible query")
Wed Apr 03 12:05:08 2002: Received: {'receiver': 'dschmorrow_at_darpa_mil_palm', 'performative': 'ask', 'sender': 'ping_dschmorrow_at_darpa_mil_palm', 'reply-with': 'dschmorrow_at_darpa_mil', 'content': 'hello'}
Wed Apr 03 12:05:08 2002: Processing message: {'receiver': 'dschmorrow_at_darpa_mil_palm', 'performative': 'ask', 'sender': 'ping_dschmorrow_at_darpa_mil_palm', 'reply-with': 'dschmorrow_at_darpa_mil', 'content': 'hello'}
Wed Apr 03 12:05:08 2002: Replying: (sorry :reply-with nil :in-reply-to dschmorrow_at_darpa_mil :receiver ping_dschmorrow_at_darpa_mil_palm :sender dschmorrow_at_darpa_mil_palm :comment "Unintelligible query")
Thu May 16 16:47:29 2002: Received: {'receiver': 'dschmorrow_at_darpa_mil_palm', 'performative': 'ask', 'sender': 'ping_dschmorrow_at_darpa_mil_palm', 'reply-with': 'dschmorrow_at_darpa_mil', 'content': 'hello'}
Thu May 16 16:47:30 2002: Processing message: {'receiver': 'dschmorrow_at_darpa_mil_palm', 'performative': 'ask', 'sender': 'ping_dschmorrow_at_darpa_mil_palm', 'reply-with': 'dschmorrow_at_darpa_mil', 'content': 'hello'}
Thu May 16 16:47:30 2002: Replying: (sorry :reply-with nil :in-reply-to dschmorrow_at_darpa_mil :receiver ping_dschmorrow_at_darpa_mil_palm :sender dschmorrow_at_darpa_mil_palm :comment "Unintelligible query")
Fri May 17 14:36:41 2002: Using ANS: ('vibhagam.isi.edu', 5500)
Fri May 17 14:36:41 2002: Bound to host/port: sangat.isi.edu:6681
Fri May 17 14:36:41 2002: Sending message: (register :ontology tcp-ip :sender dschmorrow_at_darpa_mil_palm :reply-with t :content "dschmorrow_at_darpa_mil_palm sangat.isi.edu:6681")
Fri May 17 14:36:41 2002: Received: {'receiver': 'dschmorrow_at_darpa_mil_palm', 'performative': 'error', 'sender': 'TEAMCORE', 'in-reply-to': 't', 'content': 'handler encountered error'}
Fri May 17 14:36:41 2002: Registration produced: {'receiver': 'dschmorrow_at_darpa_mil_palm', 'performative': 'error', 'sender': 'TEAMCORE', 'in-reply-to': 't', 'content': 'handler encountered error'}
Fri May 17 14:36:41 2002: Sending message: (unregister :sender dschmorrow_at_darpa_mil_palm :ontology tcp-ip :reply-with nil :content dschmorrow_at_darpa_mil_palm)
Fri May 17 14:36:41 2002: Sending message: (register :sender dschmorrow_at_darpa_mil_palm :ontology tcp-ip :reply-with t :content (dschmorrow_at_darpa_mil_palm sangat.isi.edu:6681))
Fri May 17 14:36:41 2002: Received: {'receiver': 'dschmorrow_at_darpa_mil_palm', 'performative': 'reply', 'sender': 'TEAMCORE', 'in-reply-to': 't', 'content': 'dschmorrow_at_darpa_mil_palm TEAMCORE'}
Fri May 17 14:36:41 2002: Registration produced: {'receiver': 'dschmorrow_at_darpa_mil_palm', 'performative': 'reply', 'sender': 'TEAMCORE', 'in-reply-to': 't', 'content': 'dschmorrow_at_darpa_mil_palm TEAMCORE'}dschmorrow_at_darpa_mil_palm, TEAMCORE
Fri May 17 14:36:41 2002: Registration successful: dschmorrow_at_darpa_mil_palm
Fri May 17 14:36:41 2002: Router for dschmorrow_at_darpa_mil_palm running...
Fri May 17 14:36:41 2002: Sending message: (ask-one :sender dschmorrow_at_darpa_mil_palm :reply-with t :content "proxy_dschmorrow_at_darpa_mil")
Fri May 17 14:36:41 2002: Received: {'receiver': 'dschmorrow_at_darpa_mil_palm', 'performative': 'reply', 'sender': 'TEAMCORE', 'in-reply-to': 't', 'content': 'proxy_dschmorrow_at_darpa_mil:sangat.isi.edu:9992:'}
Fri May 17 14:36:41 2002: Sending message: (register :name palm :reply-with nil :agenttype device :receiver proxy_dschmorrow_at_darpa_mil :user dschmorrow_at_darpa_mil :sender dschmorrow_at_darpa_mil_palm :direction both)
Fri May 17 14:36:42 2002: Received: {'receiver': 'dschmorrow_at_darpa_mil_palm', 'performative': 'ask', 'sender': 'ping_dschmorrow_at_darpa_mil_palm', 'reply-with': 'dschmorrow_at_darpa_mil', 'content': 'hello'}
Fri May 17 14:36:42 2002: Processing message: {'receiver': 'dschmorrow_at_darpa_mil_palm', 'performative': 'ask', 'sender': 'ping_dschmorrow_at_darpa_mil_palm', 'reply-with': 'dschmorrow_at_darpa_mil', 'content': 'hello'}
Fri May 17 14:36:42 2002: Replying: (sorry :reply-with nil :in-reply-to dschmorrow_at_darpa_mil :receiver ping_dschmorrow_at_darpa_mil_palm :sender dschmorrow_at_darpa_mil_palm :comment "Unintelligible query")
Fri May 17 14:42:54 2002: Received: {'receiver': 'dschmorrow_at_darpa_mil_palm', 'performative': 'ask', 'sender': 'ping_dschmorrow_at_darpa_mil_palm', 'reply-with': 'dschmorrow_at_darpa_mil', 'content': 'hello'}
Fri May 17 14:42:54 2002: Processing message: {'receiver': 'dschmorrow_at_darpa_mil_palm', 'performative': 'ask', 'sender': 'ping_dschmorrow_at_darpa_mil_palm', 'reply-with': 'dschmorrow_at_darpa_mil', 'content': 'hello'}
Fri May 17 14:42:54 2002: Replying: (sorry :reply-with nil :in-reply-to dschmorrow_at_darpa_mil :receiver ping_dschmorrow_at_darpa_mil_palm :sender dschmorrow_at_darpa_mil_palm :comment "Unintelligible query")
Wed May 22 13:56:40 2002: Received: {'receiver': 'dschmorrow_at_darpa_mil_palm', 'performative': 'ask', 'sender': 'ping_dschmorrow_at_darpa_mil_palm', 'reply-with': 'dschmorrow_at_darpa_mil', 'content': 'hello'}
Wed May 22 13:56:40 2002: Processing message: {'receiver': 'dschmorrow_at_darpa_mil_palm', 'performative': 'ask', 'sender': 'ping_dschmorrow_at_darpa_mil_palm', 'reply-with': 'dschmorrow_at_darpa_mil', 'content': 'hello'}
Wed May 22 13:56:40 2002: Replying: (sorry :reply-with nil :in-reply-to dschmorrow_at_darpa_mil :receiver ping_dschmorrow_at_darpa_mil_palm :sender dschmorrow_at_darpa_mil_palm :comment "Unintelligible query")
Wed May 22 16:19:14 2002: Received: {'receiver': 'dschmorrow_at_darpa_mil_palm', 'performative': 'kqml-admin', 'sender': 'TEAMCORE', 'kqml-msg-id': '475+vibhagam.isi.edu+17', 'reply-with': 't', 'content': 'name'}
Wed May 22 16:21:20 2002: Received: {'receiver': 'dschmorrow_at_darpa_mil_palm', 'performative': 'ask', 'sender': 'ping_dschmorrow_at_darpa_mil_palm', 'reply-with': 'dschmorrow_at_darpa_mil', 'content': 'hello'}
Wed May 22 16:21:20 2002: Processing message: {'receiver': 'dschmorrow_at_darpa_mil_palm', 'performative': 'ask', 'sender': 'ping_dschmorrow_at_darpa_mil_palm', 'reply-with': 'dschmorrow_at_darpa_mil', 'content': 'hello'}
Wed May 22 16:21:20 2002: Replying: (sorry :reply-with nil :in-reply-to dschmorrow_at_darpa_mil :receiver ping_dschmorrow_at_darpa_mil_palm :sender dschmorrow_at_darpa_mil_palm :comment "Unintelligible query")
Thu May 23 11:18:26 2002: Using ANS: ('vibhagam.isi.edu', 5500)
Thu May 23 11:18:26 2002: Bound to host/port: sangat.isi.edu:6666
Thu May 23 11:18:26 2002: Sending message: (register :ontology tcp-ip :sender dschmorrow_at_darpa_mil_palm :reply-with t :content "dschmorrow_at_darpa_mil_palm sangat.isi.edu:6666")
Thu May 23 11:18:27 2002: Received: {'receiver': 'dschmorrow_at_darpa_mil_palm', 'performative': 'error', 'sender': 'TEAMCORE', 'in-reply-to': 't', 'content': 'handler encountered error'}
Thu May 23 11:18:27 2002: Registration produced: {'receiver': 'dschmorrow_at_darpa_mil_palm', 'performative': 'error', 'sender': 'TEAMCORE', 'in-reply-to': 't', 'content': 'handler encountered error'}
Thu May 23 11:18:27 2002: Sending message: (unregister :sender dschmorrow_at_darpa_mil_palm :ontology tcp-ip :reply-with nil :content dschmorrow_at_darpa_mil_palm)
Thu May 23 11:18:27 2002: Sending message: (register :sender dschmorrow_at_darpa_mil_palm :ontology tcp-ip :reply-with t :content (dschmorrow_at_darpa_mil_palm sangat.isi.edu:6666))
Thu May 23 11:18:27 2002: Received: {'receiver': 'dschmorrow_at_darpa_mil_palm', 'performative': 'reply', 'sender': 'TEAMCORE', 'in-reply-to': 't', 'content': 'dschmorrow_at_darpa_mil_palm TEAMCORE'}
Thu May 23 11:18:27 2002: Registration produced: {'receiver': 'dschmorrow_at_darpa_mil_palm', 'performative': 'reply', 'sender': 'TEAMCORE', 'in-reply-to': 't', 'content': 'dschmorrow_at_darpa_mil_palm TEAMCORE'}dschmorrow_at_darpa_mil_palm, TEAMCORE
Thu May 23 11:18:27 2002: Registration successful: dschmorrow_at_darpa_mil_palm
Thu May 23 11:18:27 2002: Router for dschmorrow_at_darpa_mil_palm running...
Thu May 23 11:18:27 2002: Sending message: (ask-one :sender dschmorrow_at_darpa_mil_palm :reply-with t :content "proxy_dschmorrow_at_darpa_mil")
Thu May 23 11:18:27 2002: Received: {'receiver': 'dschmorrow_at_darpa_mil_palm', 'performative': 'reply', 'sender': 'TEAMCORE', 'in-reply-to': 't', 'content': 'proxy_dschmorrow_at_darpa_mil:sangat.isi.edu:9992:'}
Thu May 23 11:18:27 2002: Sending message: (register :name palm :reply-with nil :agenttype device :receiver proxy_dschmorrow_at_darpa_mil :user dschmorrow_at_darpa_mil :sender dschmorrow_at_darpa_mil_palm :direction both)
Thu May 23 11:18:28 2002: Received: {'receiver': 'dschmorrow_at_darpa_mil_palm', 'performative': 'ask', 'sender': 'ping_dschmorrow_at_darpa_mil_palm', 'reply-with': 'dschmorrow_at_darpa_mil', 'content': 'hello'}
Thu May 23 11:18:28 2002: Processing message: {'receiver': 'dschmorrow_at_darpa_mil_palm', 'performative': 'ask', 'sender': 'ping_dschmorrow_at_darpa_mil_palm', 'reply-with': 'dschmorrow_at_darpa_mil', 'content': 'hello'}
Thu May 23 11:18:28 2002: Replying: (sorry :reply-with nil :in-reply-to dschmorrow_at_darpa_mil :receiver ping_dschmorrow_at_darpa_mil_palm :sender dschmorrow_at_darpa_mil_palm :comment "Unintelligible query")
Thu May 23 11:27:14 2002: Received: {'receiver': 'dschmorrow_at_darpa_mil_palm', 'performative': 'ask', 'sender': 'ping_dschmorrow_at_darpa_mil_palm', 'reply-with': 'dschmorrow_at_darpa_mil', 'content': 'hello'}
Thu May 23 11:27:14 2002: Processing message: {'receiver': 'dschmorrow_at_darpa_mil_palm', 'performative': 'ask', 'sender': 'ping_dschmorrow_at_darpa_mil_palm', 'reply-with': 'dschmorrow_at_darpa_mil', 'content': 'hello'}
Thu May 23 11:27:14 2002: Replying: (sorry :reply-with nil :in-reply-to dschmorrow_at_darpa_mil :receiver ping_dschmorrow_at_darpa_mil_palm :sender dschmorrow_at_darpa_mil_palm :comment "Unintelligible query")
Thu May 23 11:30:49 2002: Received: {'receiver': 'dschmorrow_at_darpa_mil_palm', 'performative': 'tell', 'sender': 'stop_dschmorrow_at_darpa_mil_palm', 'reply-with': 'nil', 'content': 'stop'}
Thu May 23 11:30:49 2002: Processing message: {'receiver': 'dschmorrow_at_darpa_mil_palm', 'performative': 'tell', 'sender': 'stop_dschmorrow_at_darpa_mil_palm', 'reply-with': 'nil', 'content': 'stop'}
Thu May 23 11:30:50 2002: Sending message: (unregister :receiver proxy_dschmorrow_at_darpa_mil :name palm :sender dschmorrow_at_darpa_mil_palm :reply-with nil :user dschmorrow_at_darpa_mil)
Thu May 23 11:30:50 2002: Router dschmorrow_at_darpa_mil_palm exiting...
Thu May 23 11:30:50 2002: Sending message: (unregister :receiver TEAMCORE :sender dschmorrow_at_darpa_mil_palm :ontology tcp-ip :reply-with nil :content dschmorrow_at_darpa_mil_palm)
Thu May 23 11:30:50 2002: Exiting...
Thu May 23 11:30:52 2002: Using ANS: ('vibhagam.isi.edu', 5500)
Thu May 23 11:30:52 2002: Bound to host/port: sangat.isi.edu:6680
Thu May 23 11:30:52 2002: Sending message: (register :ontology tcp-ip :sender dschmorrow_at_darpa_mil_palm :reply-with t :content "dschmorrow_at_darpa_mil_palm sangat.isi.edu:6680")
Thu May 23 11:30:52 2002: Received: {'receiver': 'dschmorrow_at_darpa_mil_palm', 'performative': 'error', 'sender': 'TEAMCORE', 'in-reply-to': 't', 'content': 'handler encountered error'}
Thu May 23 11:30:52 2002: Registration produced: {'receiver': 'dschmorrow_at_darpa_mil_palm', 'performative': 'error', 'sender': 'TEAMCORE', 'in-reply-to': 't', 'content': 'handler encountered error'}
Thu May 23 11:30:52 2002: Sending message: (unregister :sender dschmorrow_at_darpa_mil_palm :ontology tcp-ip :reply-with nil :content dschmorrow_at_darpa_mil_palm)
Thu May 23 11:30:52 2002: Sending message: (register :sender dschmorrow_at_darpa_mil_palm :ontology tcp-ip :reply-with t :content (dschmorrow_at_darpa_mil_palm sangat.isi.edu:6680))
Thu May 23 11:30:52 2002: Received: {'receiver': 'dschmorrow_at_darpa_mil_palm', 'performative': 'reply', 'sender': 'TEAMCORE', 'in-reply-to': 't', 'content': 'dschmorrow_at_darpa_mil_palm TEAMCORE'}
Thu May 23 11:30:52 2002: Registration produced: {'receiver': 'dschmorrow_at_darpa_mil_palm', 'performative': 'reply', 'sender': 'TEAMCORE', 'in-reply-to': 't', 'content': 'dschmorrow_at_darpa_mil_palm TEAMCORE'}dschmorrow_at_darpa_mil_palm, TEAMCORE
Thu May 23 11:30:52 2002: Registration successful: dschmorrow_at_darpa_mil_palm
Thu May 23 11:30:52 2002: Router for dschmorrow_at_darpa_mil_palm running...
Thu May 23 11:30:52 2002: Sending message: (ask-one :sender dschmorrow_at_darpa_mil_palm :reply-with t :content "proxy_dschmorrow_at_darpa_mil")
Thu May 23 11:30:52 2002: Received: {'receiver': 'dschmorrow_at_darpa_mil_palm', 'performative': 'reply', 'sender': 'TEAMCORE', 'in-reply-to': 't', 'content': 'proxy_dschmorrow_at_darpa_mil:sangat.isi.edu:9992:'}
Thu May 23 11:30:52 2002: Sending message: (register :name palm :reply-with nil :agenttype device :receiver proxy_dschmorrow_at_darpa_mil :user dschmorrow_at_darpa_mil :sender dschmorrow_at_darpa_mil_palm :direction both)
Thu May 23 11:30:54 2002: Received: {'receiver': 'dschmorrow_at_darpa_mil_palm', 'performative': 'ask', 'sender': 'ping_dschmorrow_at_darpa_mil_palm', 'reply-with': 'dschmorrow_at_darpa_mil', 'content': 'hello'}
Thu May 23 11:30:54 2002: Processing message: {'receiver': 'dschmorrow_at_darpa_mil_palm', 'performative': 'ask', 'sender': 'ping_dschmorrow_at_darpa_mil_palm', 'reply-with': 'dschmorrow_at_darpa_mil', 'content': 'hello'}
Thu May 23 11:30:54 2002: Replying: (sorry :reply-with nil :in-reply-to dschmorrow_at_darpa_mil :receiver ping_dschmorrow_at_darpa_mil_palm :sender dschmorrow_at_darpa_mil_palm :comment "Unintelligible query")
Thu May 23 11:56:44 2002: Received: {'receiver': 'dschmorrow_at_darpa_mil_palm', 'performative': 'tell', 'sender': 'stop_dschmorrow_at_darpa_mil_palm', 'reply-with': 'nil', 'content': 'stop'}
Thu May 23 11:56:44 2002: Processing message: {'receiver': 'dschmorrow_at_darpa_mil_palm', 'performative': 'tell', 'sender': 'stop_dschmorrow_at_darpa_mil_palm', 'reply-with': 'nil', 'content': 'stop'}
Thu May 23 11:56:44 2002: Sending message: (unregister :receiver proxy_dschmorrow_at_darpa_mil :name palm :sender dschmorrow_at_darpa_mil_palm :reply-with nil :user dschmorrow_at_darpa_mil)
Thu May 23 11:56:44 2002: Router dschmorrow_at_darpa_mil_palm exiting...
Thu May 23 11:56:44 2002: Sending message: (unregister :receiver TEAMCORE :sender dschmorrow_at_darpa_mil_palm :ontology tcp-ip :reply-with nil :content dschmorrow_at_darpa_mil_palm)
Thu May 23 11:56:44 2002: Exiting...
Thu May 23 11:56:47 2002: Using ANS: ('vibhagam.isi.edu', 5500)
Thu May 23 11:56:47 2002: Bound to host/port: sangat.isi.edu:6679
Thu May 23 11:56:47 2002: Sending message: (register :ontology tcp-ip :sender dschmorrow_at_darpa_mil_palm :reply-with t :content "dschmorrow_at_darpa_mil_palm sangat.isi.edu:6679")
Thu May 23 11:56:47 2002: Received: {'receiver': 'dschmorrow_at_darpa_mil_palm', 'performative': 'error', 'sender': 'TEAMCORE', 'in-reply-to': 't', 'content': 'handler encountered error'}
Thu May 23 11:56:47 2002: Registration produced: {'receiver': 'dschmorrow_at_darpa_mil_palm', 'performative': 'error', 'sender': 'TEAMCORE', 'in-reply-to': 't', 'content': 'handler encountered error'}
Thu May 23 11:56:47 2002: Sending message: (unregister :sender dschmorrow_at_darpa_mil_palm :ontology tcp-ip :reply-with nil :content dschmorrow_at_darpa_mil_palm)
Thu May 23 11:56:47 2002: Sending message: (register :sender dschmorrow_at_darpa_mil_palm :ontology tcp-ip :reply-with t :content (dschmorrow_at_darpa_mil_palm sangat.isi.edu:6679))
Thu May 23 11:56:47 2002: Received: {'receiver': 'dschmorrow_at_darpa_mil_palm', 'performative': 'reply', 'sender': 'TEAMCORE', 'in-reply-to': 't', 'content': 'dschmorrow_at_darpa_mil_palm TEAMCORE'}
Thu May 23 11:56:47 2002: Registration produced: {'receiver': 'dschmorrow_at_darpa_mil_palm', 'performative': 'reply', 'sender': 'TEAMCORE', 'in-reply-to': 't', 'content': 'dschmorrow_at_darpa_mil_palm TEAMCORE'}dschmorrow_at_darpa_mil_palm, TEAMCORE
Thu May 23 11:56:47 2002: Registration successful: dschmorrow_at_darpa_mil_palm
Thu May 23 11:56:47 2002: Router for dschmorrow_at_darpa_mil_palm running...
Thu May 23 11:56:47 2002: Sending message: (ask-one :sender dschmorrow_at_darpa_mil_palm :reply-with t :content "proxy_dschmorrow_at_darpa_mil")
Thu May 23 11:56:47 2002: Received: {'receiver': 'dschmorrow_at_darpa_mil_palm', 'performative': 'reply', 'sender': 'TEAMCORE', 'in-reply-to': 't', 'content': 'proxy_dschmorrow_at_darpa_mil:sangat.isi.edu:9992:'}
Thu May 23 11:56:47 2002: Sending message: (register :name palm :reply-with nil :agenttype device :receiver proxy_dschmorrow_at_darpa_mil :user dschmorrow_at_darpa_mil :sender dschmorrow_at_darpa_mil_palm :direction both)
Thu May 23 11:56:48 2002: Received: {'receiver': 'dschmorrow_at_darpa_mil_palm', 'performative': 'ask', 'sender': 'ping_dschmorrow_at_darpa_mil_palm', 'reply-with': 'dschmorrow_at_darpa_mil', 'content': 'hello'}
Thu May 23 11:56:48 2002: Processing message: {'receiver': 'dschmorrow_at_darpa_mil_palm', 'performative': 'ask', 'sender': 'ping_dschmorrow_at_darpa_mil_palm', 'reply-with': 'dschmorrow_at_darpa_mil', 'content': 'hello'}
Thu May 23 11:56:48 2002: Replying: (sorry :reply-with nil :in-reply-to dschmorrow_at_darpa_mil :receiver ping_dschmorrow_at_darpa_mil_palm :sender dschmorrow_at_darpa_mil_palm :comment "Unintelligible query")
Mon Jun 03 10:55:20 2002: Received: {'receiver': 'dschmorrow_at_darpa_mil_palm', 'performative': 'ask', 'sender': 'ping_dschmorrow_at_darpa_mil_palm', 'reply-with': 'dschmorrow_at_darpa_mil', 'content': 'hello'}
Mon Jun 03 10:55:20 2002: Processing message: {'receiver': 'dschmorrow_at_darpa_mil_palm', 'performative': 'ask', 'sender': 'ping_dschmorrow_at_darpa_mil_palm', 'reply-with': 'dschmorrow_at_darpa_mil', 'content': 'hello'}
Mon Jun 03 10:55:20 2002: Replying: (sorry :reply-with nil :in-reply-to dschmorrow_at_darpa_mil :receiver ping_dschmorrow_at_darpa_mil_palm :sender dschmorrow_at_darpa_mil_palm :comment "Unintelligible query")
Thu Jun 06 14:46:50 2002: Received: {'receiver': 'dschmorrow_at_darpa_mil_palm', 'performative': 'ask', 'sender': 'ping_dschmorrow_at_darpa_mil_palm', 'reply-with': 'dschmorrow_at_darpa_mil', 'content': 'hello'}
Thu Jun 06 14:46:50 2002: Processing message: {'receiver': 'dschmorrow_at_darpa_mil_palm', 'performative': 'ask', 'sender': 'ping_dschmorrow_at_darpa_mil_palm', 'reply-with': 'dschmorrow_at_darpa_mil', 'content': 'hello'}
Thu Jun 06 14:46:50 2002: Replying: (sorry :reply-with nil :in-reply-to dschmorrow_at_darpa_mil :receiver ping_dschmorrow_at_darpa_mil_palm :sender dschmorrow_at_darpa_mil_palm :comment "Unintelligible query")
Mon Jun 10 12:50:09 2002: Received: {'receiver': 'dschmorrow_at_darpa_mil_palm', 'performative': 'kqml-admin', 'sender': 'TEAMCORE', 'kqml-msg-id': '699+vibhagam.isi.edu+18', 'reply-with': 't', 'content': 'name'}
Mon Jun 10 13:21:23 2002: Using ANS: ('vibhagam', 5500)
Mon Jun 10 13:21:23 2002: Bound to host/port: sangat.isi.edu:6687
Mon Jun 10 13:21:23 2002: Sending message: (register :ontology tcp-ip :sender dschmorrow_at_darpa_mil_palm :reply-with t :content "dschmorrow_at_darpa_mil_palm sangat.isi.edu:6687")
Mon Jun 10 13:21:23 2002: Received: {'receiver': 'dschmorrow_at_darpa_mil_palm', 'performative': 'error', 'sender': 'TEAMCORE', 'in-reply-to': 't', 'content': 'handler encountered error'}
Mon Jun 10 13:21:23 2002: Registration produced: {'receiver': 'dschmorrow_at_darpa_mil_palm', 'performative': 'error', 'sender': 'TEAMCORE', 'in-reply-to': 't', 'content': 'handler encountered error'}
Mon Jun 10 13:21:23 2002: Sending message: (unregister :sender dschmorrow_at_darpa_mil_palm :ontology tcp-ip :reply-with nil :content dschmorrow_at_darpa_mil_palm)
Mon Jun 10 13:21:23 2002: Sending message: (register :sender dschmorrow_at_darpa_mil_palm :ontology tcp-ip :reply-with t :content (dschmorrow_at_darpa_mil_palm sangat.isi.edu:6687))
Mon Jun 10 13:21:23 2002: Received: {'receiver': 'dschmorrow_at_darpa_mil_palm', 'performative': 'reply', 'sender': 'TEAMCORE', 'in-reply-to': 't', 'content': 'dschmorrow_at_darpa_mil_palm TEAMCORE'}
Mon Jun 10 13:21:23 2002: Registration produced: {'receiver': 'dschmorrow_at_darpa_mil_palm', 'performative': 'reply', 'sender': 'TEAMCORE', 'in-reply-to': 't', 'content': 'dschmorrow_at_darpa_mil_palm TEAMCORE'}dschmorrow_at_darpa_mil_palm, TEAMCORE
Mon Jun 10 13:21:23 2002: Registration successful: dschmorrow_at_darpa_mil_palm
Mon Jun 10 13:21:23 2002: Router for dschmorrow_at_darpa_mil_palm running...
Mon Jun 10 13:21:23 2002: Sending message: (ask-one :sender dschmorrow_at_darpa_mil_palm :reply-with t :content "proxy_dschmorrow_at_darpa_mil")
Mon Jun 10 13:21:23 2002: Received: {'receiver': 'dschmorrow_at_darpa_mil_palm', 'performative': 'reply', 'sender': 'TEAMCORE', 'in-reply-to': 't', 'content': 'proxy_dschmorrow_at_darpa_mil:sangat.isi.edu:9991:'}
Mon Jun 10 13:21:23 2002: Sending message: (register :name palm :reply-with nil :agenttype device :receiver proxy_dschmorrow_at_darpa_mil :user dschmorrow_at_darpa_mil :sender dschmorrow_at_darpa_mil_palm :direction both)
Mon Jun 10 13:21:24 2002: Received: {'receiver': 'dschmorrow_at_darpa_mil_palm', 'performative': 'ask', 'sender': 'ping_dschmorrow_at_darpa_mil_palm', 'reply-with': 'dschmorrow_at_darpa_mil', 'content': 'hello'}
Mon Jun 10 13:21:24 2002: Processing message: {'receiver': 'dschmorrow_at_darpa_mil_palm', 'performative': 'ask', 'sender': 'ping_dschmorrow_at_darpa_mil_palm', 'reply-with': 'dschmorrow_at_darpa_mil', 'content': 'hello'}
Mon Jun 10 13:21:24 2002: Replying: (sorry :reply-with nil :in-reply-to dschmorrow_at_darpa_mil :receiver ping_dschmorrow_at_darpa_mil_palm :sender dschmorrow_at_darpa_mil_palm :comment "Unintelligible query")
Mon Jun 10 13:24:04 2002: Received: {'receiver': 'dschmorrow_at_darpa_mil_palm', 'performative': 'ask', 'sender': 'ping_dschmorrow_at_darpa_mil_palm', 'reply-with': 'dschmorrow_at_darpa_mil', 'content': 'hello'}
Mon Jun 10 13:24:04 2002: Processing message: {'receiver': 'dschmorrow_at_darpa_mil_palm', 'performative': 'ask', 'sender': 'ping_dschmorrow_at_darpa_mil_palm', 'reply-with': 'dschmorrow_at_darpa_mil', 'content': 'hello'}
Mon Jun 10 13:24:04 2002: Replying: (sorry :reply-with nil :in-reply-to dschmorrow_at_darpa_mil :receiver ping_dschmorrow_at_darpa_mil_palm :sender dschmorrow_at_darpa_mil_palm :comment "Unintelligible query")
Wed Jun 12 11:56:53 2002: Received: {'receiver': 'dschmorrow_at_darpa_mil_palm', 'performative': 'ask', 'sender': 'ping_dschmorrow_at_darpa_mil_palm', 'reply-with': 'dschmorrow_at_darpa_mil', 'content': 'hello'}
Wed Jun 12 11:56:54 2002: Processing message: {'receiver': 'dschmorrow_at_darpa_mil_palm', 'performative': 'ask', 'sender': 'ping_dschmorrow_at_darpa_mil_palm', 'reply-with': 'dschmorrow_at_darpa_mil', 'content': 'hello'}
Wed Jun 12 11:56:54 2002: Replying: (sorry :reply-with nil :in-reply-to dschmorrow_at_darpa_mil :receiver ping_dschmorrow_at_darpa_mil_palm :sender dschmorrow_at_darpa_mil_palm :comment "Unintelligible query")
Fri Jun 21 17:40:58 2002: Received: {'receiver': 'dschmorrow_at_darpa_mil_palm', 'performative': 'ask', 'sender': 'ping_dschmorrow_at_darpa_mil_palm', 'reply-with': 'dschmorrow_at_darpa_mil', 'content': 'hello'}
Fri Jun 21 17:40:58 2002: Processing message: {'receiver': 'dschmorrow_at_darpa_mil_palm', 'performative': 'ask', 'sender': 'ping_dschmorrow_at_darpa_mil_palm', 'reply-with': 'dschmorrow_at_darpa_mil', 'content': 'hello'}
Fri Jun 21 17:40:58 2002: Replying: (sorry :reply-with nil :in-reply-to dschmorrow_at_darpa_mil :receiver ping_dschmorrow_at_darpa_mil_palm :sender dschmorrow_at_darpa_mil_palm :comment "Unintelligible query")
Mon Jun 24 17:25:52 2002: Received: {'receiver': 'dschmorrow_at_darpa_mil_palm', 'performative': 'ask', 'sender': 'ping_dschmorrow_at_darpa_mil_palm', 'reply-with': 'dschmorrow_at_darpa_mil', 'content': 'hello'}
Mon Jun 24 17:25:52 2002: Processing message: {'receiver': 'dschmorrow_at_darpa_mil_palm', 'performative': 'ask', 'sender': 'ping_dschmorrow_at_darpa_mil_palm', 'reply-with': 'dschmorrow_at_darpa_mil', 'content': 'hello'}
Mon Jun 24 17:25:52 2002: Replying: (sorry :reply-with nil :in-reply-to dschmorrow_at_darpa_mil :receiver ping_dschmorrow_at_darpa_mil_palm :sender dschmorrow_at_darpa_mil_palm :comment "Unintelligible query")
Tue Jun 25 10:00:05 2002: Received: {'receiver': 'dschmorrow_at_darpa_mil_palm', 'performative': 'tell', 'sender': 'stop_dschmorrow_at_darpa_mil_palm', 'reply-with': 'nil', 'content': 'stop'}
Tue Jun 25 10:00:05 2002: Processing message: {'receiver': 'dschmorrow_at_darpa_mil_palm', 'performative': 'tell', 'sender': 'stop_dschmorrow_at_darpa_mil_palm', 'reply-with': 'nil', 'content': 'stop'}
Tue Jun 25 10:00:06 2002: Sending message: (unregister :receiver proxy_dschmorrow_at_darpa_mil :name palm :sender dschmorrow_at_darpa_mil_palm :reply-with nil :user dschmorrow_at_darpa_mil)
Tue Jun 25 10:00:06 2002: Router dschmorrow_at_darpa_mil_palm exiting...
Tue Jun 25 10:00:06 2002: Sending message: (unregister :receiver TEAMCORE :sender dschmorrow_at_darpa_mil_palm :ontology tcp-ip :reply-with nil :content dschmorrow_at_darpa_mil_palm)
Tue Jun 25 10:00:06 2002: Exiting...
Tue Jun 25 10:00:08 2002: Using ANS: ('vibhagam.isi.edu', 5500)
Tue Jun 25 10:00:08 2002: Bound to host/port: sangat.isi.edu:6683
Tue Jun 25 10:00:08 2002: Sending message: (register :ontology tcp-ip :sender dschmorrow_at_darpa_mil_palm :reply-with t :content "dschmorrow_at_darpa_mil_palm sangat.isi.edu:6683")
Tue Jun 25 10:00:08 2002: Received: {'receiver': 'dschmorrow_at_darpa_mil_palm', 'performative': 'error', 'sender': 'TEAMCORE', 'in-reply-to': 't', 'content': 'handler encountered error'}
Tue Jun 25 10:00:08 2002: Registration produced: {'receiver': 'dschmorrow_at_darpa_mil_palm', 'performative': 'error', 'sender': 'TEAMCORE', 'in-reply-to': 't', 'content': 'handler encountered error'}
Tue Jun 25 10:00:08 2002: Sending message: (unregister :sender dschmorrow_at_darpa_mil_palm :ontology tcp-ip :reply-with nil :content dschmorrow_at_darpa_mil_palm)
Tue Jun 25 10:00:08 2002: Sending message: (register :sender dschmorrow_at_darpa_mil_palm :ontology tcp-ip :reply-with t :content (dschmorrow_at_darpa_mil_palm sangat.isi.edu:6683))
Tue Jun 25 10:00:08 2002: Received: {'receiver': 'dschmorrow_at_darpa_mil_palm', 'performative': 'reply', 'sender': 'TEAMCORE', 'in-reply-to': 't', 'content': 'dschmorrow_at_darpa_mil_palm TEAMCORE'}
Tue Jun 25 10:00:08 2002: Registration produced: {'receiver': 'dschmorrow_at_darpa_mil_palm', 'performative': 'reply', 'sender': 'TEAMCORE', 'in-reply-to': 't', 'content': 'dschmorrow_at_darpa_mil_palm TEAMCORE'}dschmorrow_at_darpa_mil_palm, TEAMCORE
Tue Jun 25 10:00:08 2002: Registration successful: dschmorrow_at_darpa_mil_palm
Tue Jun 25 10:00:08 2002: Router for dschmorrow_at_darpa_mil_palm running...
Tue Jun 25 10:00:08 2002: Sending message: (ask-one :sender dschmorrow_at_darpa_mil_palm :reply-with t :content "proxy_dschmorrow_at_darpa_mil")
Tue Jun 25 10:00:08 2002: Received: {'receiver': 'dschmorrow_at_darpa_mil_palm', 'performative': 'reply', 'sender': 'TEAMCORE', 'in-reply-to': 't', 'content': 'proxy_dschmorrow_at_darpa_mil:sangat.isi.edu:9991:'}
Tue Jun 25 10:00:08 2002: Sending message: (register :name palm :reply-with nil :agenttype device :receiver proxy_dschmorrow_at_darpa_mil :user dschmorrow_at_darpa_mil :sender dschmorrow_at_darpa_mil_palm :direction both)
Tue Jun 25 10:00:10 2002: Received: {'receiver': 'dschmorrow_at_darpa_mil_palm', 'performative': 'ask', 'sender': 'ping_dschmorrow_at_darpa_mil_palm', 'reply-with': 'dschmorrow_at_darpa_mil', 'content': 'hello'}
Tue Jun 25 10:00:10 2002: Processing message: {'receiver': 'dschmorrow_at_darpa_mil_palm', 'performative': 'ask', 'sender': 'ping_dschmorrow_at_darpa_mil_palm', 'reply-with': 'dschmorrow_at_darpa_mil', 'content': 'hello'}
Tue Jun 25 10:00:10 2002: Replying: (sorry :reply-with nil :in-reply-to dschmorrow_at_darpa_mil :receiver ping_dschmorrow_at_darpa_mil_palm :sender dschmorrow_at_darpa_mil_palm :comment "Unintelligible query")
Wed Jun 26 14:22:36 2002: Using ANS: ('vibhagam.isi.edu', 5500)
Wed Jun 26 14:22:36 2002: Bound to host/port: sangat.isi.edu:6681
Wed Jun 26 14:22:36 2002: Sending message: (register :ontology tcp-ip :sender dschmorrow_at_darpa_mil_palm :reply-with t :content "dschmorrow_at_darpa_mil_palm sangat.isi.edu:6681")
Wed Jun 26 14:22:36 2002: Received: {'receiver': 'dschmorrow_at_darpa_mil_palm', 'performative': 'error', 'sender': 'TEAMCORE', 'in-reply-to': 't', 'content': 'handler encountered error'}
Wed Jun 26 14:22:36 2002: Registration produced: {'receiver': 'dschmorrow_at_darpa_mil_palm', 'performative': 'error', 'sender': 'TEAMCORE', 'in-reply-to': 't', 'content': 'handler encountered error'}
Wed Jun 26 14:22:36 2002: Sending message: (unregister :sender dschmorrow_at_darpa_mil_palm :ontology tcp-ip :reply-with nil :content dschmorrow_at_darpa_mil_palm)
Wed Jun 26 14:22:36 2002: Sending message: (register :sender dschmorrow_at_darpa_mil_palm :ontology tcp-ip :reply-with t :content (dschmorrow_at_darpa_mil_palm sangat.isi.edu:6681))
Wed Jun 26 14:22:36 2002: Received: {'receiver': 'dschmorrow_at_darpa_mil_palm', 'performative': 'reply', 'sender': 'TEAMCORE', 'in-reply-to': 't', 'content': 'dschmorrow_at_darpa_mil_palm TEAMCORE'}
Wed Jun 26 14:22:36 2002: Registration produced: {'receiver': 'dschmorrow_at_darpa_mil_palm', 'performative': 'reply', 'sender': 'TEAMCORE', 'in-reply-to': 't', 'content': 'dschmorrow_at_darpa_mil_palm TEAMCORE'}dschmorrow_at_darpa_mil_palm, TEAMCORE
Wed Jun 26 14:22:36 2002: Registration successful: dschmorrow_at_darpa_mil_palm
Wed Jun 26 14:22:36 2002: Router for dschmorrow_at_darpa_mil_palm running...
Wed Jun 26 14:22:36 2002: Sending message: (ask-one :sender dschmorrow_at_darpa_mil_palm :reply-with t :content "proxy_dschmorrow_at_darpa_mil")
Wed Jun 26 14:22:36 2002: Received: {'receiver': 'dschmorrow_at_darpa_mil_palm', 'performative': 'reply', 'sender': 'TEAMCORE', 'in-reply-to': 't', 'content': 'proxy_dschmorrow_at_darpa_mil:sangat.isi.edu:9991:'}
Wed Jun 26 14:22:36 2002: Sending message: (register :name palm :reply-with nil :agenttype device :receiver proxy_dschmorrow_at_darpa_mil :user dschmorrow_at_darpa_mil :sender dschmorrow_at_darpa_mil_palm :direction both)
Wed Jun 26 14:22:37 2002: Received: {'receiver': 'dschmorrow_at_darpa_mil_palm', 'performative': 'ask', 'sender': 'ping_dschmorrow_at_darpa_mil_palm', 'reply-with': 'dschmorrow_at_darpa_mil', 'content': 'hello'}
Wed Jun 26 14:22:37 2002: Processing message: {'receiver': 'dschmorrow_at_darpa_mil_palm', 'performative': 'ask', 'sender': 'ping_dschmorrow_at_darpa_mil_palm', 'reply-with': 'dschmorrow_at_darpa_mil', 'content': 'hello'}
Wed Jun 26 14:22:37 2002: Replying: (sorry :reply-with nil :in-reply-to dschmorrow_at_darpa_mil :receiver ping_dschmorrow_at_darpa_mil_palm :sender dschmorrow_at_darpa_mil_palm :comment "Unintelligible query")
Wed Jun 26 14:43:44 2002: Using ANS: ('vibhagam.isi.edu', 5500)
Wed Jun 26 14:43:44 2002: Bound to host/port: sangat.isi.edu:6679
Wed Jun 26 14:43:44 2002: Sending message: (register :ontology tcp-ip :sender dschmorrow_at_darpa_mil_palm :reply-with t :content "dschmorrow_at_darpa_mil_palm sangat.isi.edu:6679")
Wed Jun 26 14:43:44 2002: Received: {'receiver': 'dschmorrow_at_darpa_mil_palm', 'performative': 'error', 'sender': 'TEAMCORE', 'in-reply-to': 't', 'content': 'handler encountered error'}
Wed Jun 26 14:43:44 2002: Registration produced: {'receiver': 'dschmorrow_at_darpa_mil_palm', 'performative': 'error', 'sender': 'TEAMCORE', 'in-reply-to': 't', 'content': 'handler encountered error'}
Wed Jun 26 14:43:44 2002: Sending message: (unregister :sender dschmorrow_at_darpa_mil_palm :ontology tcp-ip :reply-with nil :content dschmorrow_at_darpa_mil_palm)
Wed Jun 26 14:43:44 2002: Sending message: (register :sender dschmorrow_at_darpa_mil_palm :ontology tcp-ip :reply-with t :content (dschmorrow_at_darpa_mil_palm sangat.isi.edu:6679))
Wed Jun 26 14:43:44 2002: Received: {'receiver': 'dschmorrow_at_darpa_mil_palm', 'performative': 'reply', 'sender': 'TEAMCORE', 'in-reply-to': 't', 'content': 'dschmorrow_at_darpa_mil_palm TEAMCORE'}
Wed Jun 26 14:43:44 2002: Registration produced: {'receiver': 'dschmorrow_at_darpa_mil_palm', 'performative': 'reply', 'sender': 'TEAMCORE', 'in-reply-to': 't', 'content': 'dschmorrow_at_darpa_mil_palm TEAMCORE'}dschmorrow_at_darpa_mil_palm, TEAMCORE
Wed Jun 26 14:43:44 2002: Registration successful: dschmorrow_at_darpa_mil_palm
Wed Jun 26 14:43:44 2002: Router for dschmorrow_at_darpa_mil_palm running...
Wed Jun 26 14:43:44 2002: Sending message: (ask-one :sender dschmorrow_at_darpa_mil_palm :reply-with t :content "proxy_dschmorrow_at_darpa_mil")
Wed Jun 26 14:43:44 2002: Received: {'receiver': 'dschmorrow_at_darpa_mil_palm', 'performative': 'reply', 'sender': 'TEAMCORE', 'in-reply-to': 't', 'content': 'proxy_dschmorrow_at_darpa_mil:sangat.isi.edu:9991:'}
Wed Jun 26 14:43:44 2002: Sending message: (register :name palm :reply-with nil :agenttype device :receiver proxy_dschmorrow_at_darpa_mil :user dschmorrow_at_darpa_mil :sender dschmorrow_at_darpa_mil_palm :direction both)
Wed Jun 26 14:43:46 2002: Received: {'receiver': 'dschmorrow_at_darpa_mil_palm', 'performative': 'ask', 'sender': 'ping_dschmorrow_at_darpa_mil_palm', 'reply-with': 'dschmorrow_at_darpa_mil', 'content': 'hello'}
Wed Jun 26 14:43:46 2002: Processing message: {'receiver': 'dschmorrow_at_darpa_mil_palm', 'performative': 'ask', 'sender': 'ping_dschmorrow_at_darpa_mil_palm', 'reply-with': 'dschmorrow_at_darpa_mil', 'content': 'hello'}
Wed Jun 26 14:43:46 2002: Replying: (sorry :reply-with nil :in-reply-to dschmorrow_at_darpa_mil :receiver ping_dschmorrow_at_darpa_mil_palm :sender dschmorrow_at_darpa_mil_palm :comment "Unintelligible query")
Fri Jun 28 10:29:07 2002: Using ANS: ('vibhagam', 5500)
Fri Jun 28 10:29:07 2002: Bound to host/port: sangat.isi.edu:6678
Fri Jun 28 10:29:07 2002: Sending message: (register :ontology tcp-ip :sender dschmorrow_at_darpa_mil_palm :reply-with t :content "dschmorrow_at_darpa_mil_palm sangat.isi.edu:6678")
Fri Jun 28 10:29:08 2002: Received: {'receiver': 'dschmorrow_at_darpa_mil_palm', 'performative': 'error', 'sender': 'TEAMCORE', 'in-reply-to': 't', 'content': 'handler encountered error'}
Fri Jun 28 10:29:08 2002: Registration produced: {'receiver': 'dschmorrow_at_darpa_mil_palm', 'performative': 'error', 'sender': 'TEAMCORE', 'in-reply-to': 't', 'content': 'handler encountered error'}
Fri Jun 28 10:29:08 2002: Sending message: (unregister :sender dschmorrow_at_darpa_mil_palm :ontology tcp-ip :reply-with nil :content dschmorrow_at_darpa_mil_palm)
Fri Jun 28 10:29:08 2002: Sending message: (register :sender dschmorrow_at_darpa_mil_palm :ontology tcp-ip :reply-with t :content (dschmorrow_at_darpa_mil_palm sangat.isi.edu:6678))
Fri Jun 28 10:29:08 2002: Received: {'receiver': 'dschmorrow_at_darpa_mil_palm', 'performative': 'reply', 'sender': 'TEAMCORE', 'in-reply-to': 't', 'content': 'dschmorrow_at_darpa_mil_palm TEAMCORE'}
Fri Jun 28 10:29:08 2002: Registration produced: {'receiver': 'dschmorrow_at_darpa_mil_palm', 'performative': 'reply', 'sender': 'TEAMCORE', 'in-reply-to': 't', 'content': 'dschmorrow_at_darpa_mil_palm TEAMCORE'}dschmorrow_at_darpa_mil_palm, TEAMCORE
Fri Jun 28 10:29:08 2002: Registration successful: dschmorrow_at_darpa_mil_palm
Fri Jun 28 10:29:08 2002: Router for dschmorrow_at_darpa_mil_palm running...
Fri Jun 28 10:29:08 2002: Sending message: (ask-one :sender dschmorrow_at_darpa_mil_palm :reply-with t :content "proxy_dschmorrow_at_darpa_mil")
Fri Jun 28 10:29:08 2002: Received: {'receiver': 'dschmorrow_at_darpa_mil_palm', 'performative': 'reply', 'sender': 'TEAMCORE', 'in-reply-to': 't', 'content': 'proxy_dschmorrow_at_darpa_mil:sangat.isi.edu:9991:'}
Fri Jun 28 10:29:08 2002: Sending message: (register :name palm :reply-with nil :agenttype device :receiver proxy_dschmorrow_at_darpa_mil :user dschmorrow_at_darpa_mil :sender dschmorrow_at_darpa_mil_palm :direction both)
Fri Jun 28 10:29:09 2002: Received: {'receiver': 'dschmorrow_at_darpa_mil_palm', 'performative': 'ask', 'sender': 'ping_dschmorrow_at_darpa_mil_palm', 'reply-with': 'dschmorrow_at_darpa_mil', 'content': 'hello'}
Fri Jun 28 10:29:09 2002: Processing message: {'receiver': 'dschmorrow_at_darpa_mil_palm', 'performative': 'ask', 'sender': 'ping_dschmorrow_at_darpa_mil_palm', 'reply-with': 'dschmorrow_at_darpa_mil', 'content': 'hello'}
Fri Jun 28 10:29:09 2002: Replying: (sorry :reply-with nil :in-reply-to dschmorrow_at_darpa_mil :receiver ping_dschmorrow_at_darpa_mil_palm :sender dschmorrow_at_darpa_mil_palm :comment "Unintelligible query")
Fri Jun 28 10:31:53 2002: Received: {'receiver': 'dschmorrow_at_darpa_mil_palm', 'performative': 'ask', 'sender': 'ping_dschmorrow_at_darpa_mil_palm', 'reply-with': 'dschmorrow_at_darpa_mil', 'content': 'hello'}
Fri Jun 28 10:31:53 2002: Processing message: {'receiver': 'dschmorrow_at_darpa_mil_palm', 'performative': 'ask', 'sender': 'ping_dschmorrow_at_darpa_mil_palm', 'reply-with': 'dschmorrow_at_darpa_mil', 'content': 'hello'}
Fri Jun 28 10:31:53 2002: Replying: (sorry :reply-with nil :in-reply-to dschmorrow_at_darpa_mil :receiver ping_dschmorrow_at_darpa_mil_palm :sender dschmorrow_at_darpa_mil_palm :comment "Unintelligible query")
Fri Jul 12 11:38:27 2002: Received: {'receiver': 'dschmorrow_at_darpa_mil_palm', 'performative': 'ask', 'sender': 'ping_dschmorrow_at_darpa_mil_palm', 'reply-with': 'dschmorrow_at_darpa_mil', 'content': 'hello'}
Fri Jul 12 11:38:27 2002: Processing message: {'receiver': 'dschmorrow_at_darpa_mil_palm', 'performative': 'ask', 'sender': 'ping_dschmorrow_at_darpa_mil_palm', 'reply-with': 'dschmorrow_at_darpa_mil', 'content': 'hello'}
Fri Jul 12 11:38:27 2002: Replying: (sorry :reply-with nil :in-reply-to dschmorrow_at_darpa_mil :receiver ping_dschmorrow_at_darpa_mil_palm :sender dschmorrow_at_darpa_mil_palm :comment "Unintelligible query")
Fri Jul 26 15:15:40 2002: Received: {'receiver': 'dschmorrow_at_darpa_mil_palm', 'performative': 'tell', 'sender': 'stop_dschmorrow_at_darpa_mil_palm', 'reply-with': 'nil', 'content': 'stop'}
Fri Jul 26 15:15:40 2002: Processing message: {'receiver': 'dschmorrow_at_darpa_mil_palm', 'performative': 'tell', 'sender': 'stop_dschmorrow_at_darpa_mil_palm', 'reply-with': 'nil', 'content': 'stop'}
Fri Jul 26 15:15:41 2002: Sending message: (unregister :receiver proxy_dschmorrow_at_darpa_mil :name palm :sender dschmorrow_at_darpa_mil_palm :reply-with nil :user dschmorrow_at_darpa_mil)
Fri Jul 26 15:15:41 2002: Router dschmorrow_at_darpa_mil_palm exiting...
Fri Jul 26 15:15:41 2002: Sending message: (unregister :receiver TEAMCORE :sender dschmorrow_at_darpa_mil_palm :ontology tcp-ip :reply-with nil :content dschmorrow_at_darpa_mil_palm)
Fri Jul 26 15:15:41 2002: Exiting...
Fri Jul 26 15:14:11 2002: Using ANS: ('vibhagam.isi.edu', 5500)
Fri Jul 26 15:14:12 2002: Bound to host/port: equipe.isi.edu:6683
Fri Jul 26 15:14:12 2002: Sending message: (register :ontology tcp-ip :sender dschmorrow_at_darpa_mil_palm :reply-with t :content "dschmorrow_at_darpa_mil_palm equipe.isi.edu:6683")
Fri Jul 26 15:14:12 2002: Received: {'receiver': 'dschmorrow_at_darpa_mil_palm', 'performative': 'error', 'sender': 'TEAMCORE', 'in-reply-to': 't', 'content': 'handler encountered error'}
Fri Jul 26 15:14:12 2002: Registration produced: {'receiver': 'dschmorrow_at_darpa_mil_palm', 'performative': 'error', 'sender': 'TEAMCORE', 'in-reply-to': 't', 'content': 'handler encountered error'}
Fri Jul 26 15:14:12 2002: Sending message: (unregister :sender dschmorrow_at_darpa_mil_palm :ontology tcp-ip :reply-with nil :content dschmorrow_at_darpa_mil_palm)
Fri Jul 26 15:14:12 2002: Sending message: (register :sender dschmorrow_at_darpa_mil_palm :ontology tcp-ip :reply-with t :content (dschmorrow_at_darpa_mil_palm equipe.isi.edu:6683))
Fri Jul 26 15:14:12 2002: Received: {'receiver': 'dschmorrow_at_darpa_mil_palm', 'performative': 'reply', 'sender': 'TEAMCORE', 'in-reply-to': 't', 'content': 'dschmorrow_at_darpa_mil_palm TEAMCORE'}
Fri Jul 26 15:14:12 2002: Registration produced: {'receiver': 'dschmorrow_at_darpa_mil_palm', 'performative': 'reply', 'sender': 'TEAMCORE', 'in-reply-to': 't', 'content': 'dschmorrow_at_darpa_mil_palm TEAMCORE'}dschmorrow_at_darpa_mil_palm, TEAMCORE
Fri Jul 26 15:14:12 2002: Registration successful: dschmorrow_at_darpa_mil_palm
Fri Jul 26 15:14:12 2002: Router for dschmorrow_at_darpa_mil_palm running...
Fri Jul 26 15:14:12 2002: Sending message: (ask-one :sender dschmorrow_at_darpa_mil_palm :reply-with t :content "proxy_dschmorrow_at_darpa_mil")
Fri Jul 26 15:14:12 2002: Received: {'receiver': 'dschmorrow_at_darpa_mil_palm', 'performative': 'reply', 'sender': 'TEAMCORE', 'in-reply-to': 't', 'content': 'proxy_dschmorrow_at_darpa_mil:sangat.isi.edu:9991:'}
Fri Jul 26 15:14:12 2002: Sending message: (register :name palm :reply-with nil :agenttype device :receiver proxy_dschmorrow_at_darpa_mil :user dschmorrow_at_darpa_mil :sender dschmorrow_at_darpa_mil_palm :direction both)
Fri Jul 26 15:14:12 2002: Received: {'receiver': 'dschmorrow_at_darpa_mil_palm', 'performative': 'ask', 'sender': 'ping_dschmorrow_at_darpa_mil_palm', 'reply-with': 'dschmorrow_at_darpa_mil', 'content': 'hello'}
Fri Jul 26 15:14:12 2002: Processing message: {'receiver': 'dschmorrow_at_darpa_mil_palm', 'performative': 'ask', 'sender': 'ping_dschmorrow_at_darpa_mil_palm', 'reply-with': 'dschmorrow_at_darpa_mil', 'content': 'hello'}
Fri Jul 26 15:14:12 2002: Replying: (sorry :reply-with nil :in-reply-to dschmorrow_at_darpa_mil :receiver ping_dschmorrow_at_darpa_mil_palm :sender dschmorrow_at_darpa_mil_palm :comment "Unintelligible query")
Fri Jul 26 15:16:18 2002: Received: {'receiver': 'dschmorrow_at_darpa_mil_palm', 'performative': 'ask', 'sender': 'ping_dschmorrow_at_darpa_mil_palm', 'reply-with': 'dschmorrow_at_darpa_mil', 'content': 'hello'}
Fri Jul 26 15:16:18 2002: Processing message: {'receiver': 'dschmorrow_at_darpa_mil_palm', 'performative': 'ask', 'sender': 'ping_dschmorrow_at_darpa_mil_palm', 'reply-with': 'dschmorrow_at_darpa_mil', 'content': 'hello'}
Fri Jul 26 15:16:18 2002: Replying: (sorry :reply-with nil :in-reply-to dschmorrow_at_darpa_mil :receiver ping_dschmorrow_at_darpa_mil_palm :sender dschmorrow_at_darpa_mil_palm :comment "Unintelligible query")
Fri Aug 02 11:17:49 2002: Received: {'subject': 'Earlier Flights', 'performative': 'tell', 'reply-with': 'nil', 'receiver': 'dschmorrow_at_darpa_mil_palm', 'user': 'dschmorrow@darpa.mil', 'sender': 'proxy_dschmorrow_at_darpa_mil', 'deadline': '10000', 'shortcontent': 'Current:<br/># 200 LAX (3:50 PM) - IAD (11:41 PM) On Time<br/>Earlier United Airlines Flights:<br/># 186 LAX (1:35 PM) - IAD (9:22 PM) On Time<br/>------<br/># 104 LAX (2:00 PM) - ORD (7:55 PM) On Time<br/># 1244 ORD (8:45 PM) - IAD (11:30 PM) On Time<br/>------<br/><br/>', 'content': 'Dear dschmorrow_at_darpa_mil,<br/>The status of your currently scheduled flight(s) are:<br/># 200 LAX (3:50 PM) - IAD (11:41 PM) On Time<br/><br/>If you would like to return earlier, the following United Airlines flights will arrive earlier than your scheduled flights:<br/><br/># 186 LAX (1:35 PM) - IAD (9:22 PM) On Time<br/>------<br/># 104 LAX (2:00 PM) - ORD (7:55 PM) On Time<br/># 1244 ORD (8:45 PM) - IAD (11:30 PM) On Time<br/>------<br/><br/> Thank you, <br/><br/> -- Your personal elf'}
Fri Aug 02 11:17:49 2002: Processing message: {'subject': 'Earlier Flights', 'performative': 'tell', 'reply-with': 'nil', 'receiver': 'dschmorrow_at_darpa_mil_palm', 'user': 'dschmorrow@darpa.mil', 'sender': 'proxy_dschmorrow_at_darpa_mil', 'deadline': '10000', 'shortcontent': 'Current:<br/># 200 LAX (3:50 PM) - IAD (11:41 PM) On Time<br/>Earlier United Airlines Flights:<br/># 186 LAX (1:35 PM) - IAD (9:22 PM) On Time<br/>------<br/># 104 LAX (2:00 PM) - ORD (7:55 PM) On Time<br/># 1244 ORD (8:45 PM) - IAD (11:30 PM) On Time<br/>------<br/><br/>', 'content': 'Dear dschmorrow_at_darpa_mil,<br/>The status of your currently scheduled flight(s) are:<br/># 200 LAX (3:50 PM) - IAD (11:41 PM) On Time<br/><br/>If you would like to return earlier, the following United Airlines flights will arrive earlier than your scheduled flights:<br/><br/># 186 LAX (1:35 PM) - IAD (9:22 PM) On Time<br/>------<br/># 104 LAX (2:00 PM) - ORD (7:55 PM) On Time<br/># 1244 ORD (8:45 PM) - IAD (11:30 PM) On Time<br/>------<br/><br/> Thank you, <br/><br/> -- Your personal elf'}
Fri Aug 02 11:17:50 2002: Message for user ID: dschmorrow@darpa.mil
Fri Aug 02 11:17:50 2002: User name: Dylan Schmorrow
Fri Aug 02 11:17:50 2002: DialogDevice: Creating new dialog...
Fri Aug 02 11:17:50 2002: Earlier_Flights.htm
Fri Aug 02 13:37:40 2002: Received: {'subject': 'United Airlines flight 200', 'performative': 'tell', 'reply-with': 'nil', 'receiver': 'dschmorrow_at_darpa_mil_palm', 'user': 'dschmorrow@darpa.mil', 'sender': 'proxy_dschmorrow_at_darpa_mil', 'deadline': '10000', 'shortcontent': 'United Airlines flight 200 departs LAX<br/> on-time at 3:50 PM Gate 71B and <br/>arrives IAD at 11:41 PM Gate C14.', 'content': 'Dear dschmorrow_at_darpa_mil,<br/><br/>Your United Airlines flight 200 is still scheduled to depart LAX on-time at 3:50 PM Gate and is scheduled to arrive IAD at 11:41 PM Gate .<br/><br/> -- Your personal elf'}
Fri Aug 02 13:37:40 2002: Processing message: {'subject': 'United Airlines flight 200', 'performative': 'tell', 'reply-with': 'nil', 'receiver': 'dschmorrow_at_darpa_mil_palm', 'user': 'dschmorrow@darpa.mil', 'sender': 'proxy_dschmorrow_at_darpa_mil', 'deadline': '10000', 'shortcontent': 'United Airlines flight 200 departs LAX<br/> on-time at 3:50 PM Gate 71B and <br/>arrives IAD at 11:41 PM Gate C14.', 'content': 'Dear dschmorrow_at_darpa_mil,<br/><br/>Your United Airlines flight 200 is still scheduled to depart LAX on-time at 3:50 PM Gate and is scheduled to arrive IAD at 11:41 PM Gate .<br/><br/> -- Your personal elf'}
Fri Aug 02 13:37:41 2002: Message for user ID: dschmorrow@darpa.mil
Fri Aug 02 13:37:41 2002: User name: Dylan Schmorrow
Fri Aug 02 13:37:41 2002: DialogDevice: Creating new dialog...
Fri Aug 02 13:37:41 2002: United_Airlines_flight_200.htm
Mon Aug 19 18:24:13 2002: Using ANS: ('vibhagam', 5500)
Mon Aug 19 18:24:13 2002: Bound to host/port: sangat.isi.edu:6687
Mon Aug 19 18:24:13 2002: Sending message: (register :ontology tcp-ip :sender dschmorrow_at_darpa_mil_palm :reply-with t :content "dschmorrow_at_darpa_mil_palm sangat.isi.edu:6687")
Mon Aug 19 18:24:13 2002: Received: {'receiver': 'dschmorrow_at_darpa_mil_palm', 'performative': 'error', 'sender': 'TEAMCORE', 'in-reply-to': 't', 'content': 'handler encountered error'}
Mon Aug 19 18:24:13 2002: Registration produced: {'receiver': 'dschmorrow_at_darpa_mil_palm', 'performative': 'error', 'sender': 'TEAMCORE', 'in-reply-to': 't', 'content': 'handler encountered error'}
Mon Aug 19 18:24:13 2002: Sending message: (unregister :sender dschmorrow_at_darpa_mil_palm :ontology tcp-ip :reply-with nil :content dschmorrow_at_darpa_mil_palm)
Mon Aug 19 18:24:13 2002: Sending message: (register :sender dschmorrow_at_darpa_mil_palm :ontology tcp-ip :reply-with t :content (dschmorrow_at_darpa_mil_palm sangat.isi.edu:6687))
Mon Aug 19 18:24:13 2002: Received: {'receiver': 'dschmorrow_at_darpa_mil_palm', 'performative': 'reply', 'sender': 'TEAMCORE', 'in-reply-to': 't', 'content': 'dschmorrow_at_darpa_mil_palm TEAMCORE'}
Mon Aug 19 18:24:13 2002: Registration produced: {'receiver': 'dschmorrow_at_darpa_mil_palm', 'performative': 'reply', 'sender': 'TEAMCORE', 'in-reply-to': 't', 'content': 'dschmorrow_at_darpa_mil_palm TEAMCORE'}dschmorrow_at_darpa_mil_palm, TEAMCORE
Mon Aug 19 18:24:13 2002: Registration successful: dschmorrow_at_darpa_mil_palm
Mon Aug 19 18:24:13 2002: Router for dschmorrow_at_darpa_mil_palm running...
Mon Aug 19 18:24:13 2002: Sending message: (ask-one :sender dschmorrow_at_darpa_mil_palm :reply-with t :content "proxy_dschmorrow_at_darpa_mil")
Mon Aug 19 18:24:13 2002: Received: {'receiver': 'dschmorrow_at_darpa_mil_palm', 'performative': 'reply', 'sender': 'TEAMCORE', 'in-reply-to': 't', 'content': 'proxy_dschmorrow_at_darpa_mil:sangat.isi.edu:9992:'}
Mon Aug 19 18:24:13 2002: Sending message: (register :name palm :reply-with nil :agenttype device :receiver proxy_dschmorrow_at_darpa_mil :user dschmorrow_at_darpa_mil :sender dschmorrow_at_darpa_mil_palm :direction both)
Mon Aug 19 18:24:14 2002: Received: {'receiver': 'dschmorrow_at_darpa_mil_palm', 'performative': 'ask', 'sender': 'ping_dschmorrow_at_darpa_mil_palm', 'reply-with': 'dschmorrow_at_darpa_mil', 'content': 'hello'}
Mon Aug 19 18:24:14 2002: Processing message: {'receiver': 'dschmorrow_at_darpa_mil_palm', 'performative': 'ask', 'sender': 'ping_dschmorrow_at_darpa_mil_palm', 'reply-with': 'dschmorrow_at_darpa_mil', 'content': 'hello'}
Mon Aug 19 18:24:14 2002: Replying: (sorry :reply-with nil :in-reply-to dschmorrow_at_darpa_mil :receiver ping_dschmorrow_at_darpa_mil_palm :sender dschmorrow_at_darpa_mil_palm :comment "Unintelligible query")
Fri Sep 06 13:54:30 2002: Received: {'receiver': 'dschmorrow_at_darpa_mil_palm', 'performative': 'ask', 'sender': 'ping_dschmorrow_at_darpa_mil_palm', 'reply-with': 'dschmorrow_at_darpa_mil', 'content': 'hello'}
Fri Sep 06 13:54:30 2002: Processing message: {'receiver': 'dschmorrow_at_darpa_mil_palm', 'performative': 'ask', 'sender': 'ping_dschmorrow_at_darpa_mil_palm', 'reply-with': 'dschmorrow_at_darpa_mil', 'content': 'hello'}
Fri Sep 06 13:54:30 2002: Replying: (sorry :reply-with nil :in-reply-to dschmorrow_at_darpa_mil :receiver ping_dschmorrow_at_darpa_mil_palm :sender dschmorrow_at_darpa_mil_palm :comment "Unintelligible query")
Fri Sep 06 14:09:30 2002: Using ANS: ('vibhagam.isi.edu', 5500)
Fri Sep 06 14:09:30 2002: Bound to host/port: equipe.isi.edu:6678
Fri Sep 06 14:09:30 2002: Sending message: (register :ontology tcp-ip :sender dschmorrow_at_darpa_mil_palm :reply-with t :content "dschmorrow_at_darpa_mil_palm equipe.isi.edu:6678")
Fri Sep 06 14:09:30 2002: Received: {'receiver': 'dschmorrow_at_darpa_mil_palm', 'performative': 'error', 'sender': 'TEAMCORE', 'in-reply-to': 't', 'content': 'handler encountered error'}
Fri Sep 06 14:09:30 2002: Registration produced: {'receiver': 'dschmorrow_at_darpa_mil_palm', 'performative': 'error', 'sender': 'TEAMCORE', 'in-reply-to': 't', 'content': 'handler encountered error'}
Fri Sep 06 14:09:30 2002: Sending message: (unregister :sender dschmorrow_at_darpa_mil_palm :ontology tcp-ip :reply-with nil :content dschmorrow_at_darpa_mil_palm)
Fri Sep 06 14:09:30 2002: Sending message: (register :sender dschmorrow_at_darpa_mil_palm :ontology tcp-ip :reply-with t :content (dschmorrow_at_darpa_mil_palm equipe.isi.edu:6678))
Fri Sep 06 14:09:30 2002: Received: {'receiver': 'dschmorrow_at_darpa_mil_palm', 'performative': 'reply', 'sender': 'TEAMCORE', 'in-reply-to': 't', 'content': 'dschmorrow_at_darpa_mil_palm TEAMCORE'}
Fri Sep 06 14:09:30 2002: Registration produced: {'receiver': 'dschmorrow_at_darpa_mil_palm', 'performative': 'reply', 'sender': 'TEAMCORE', 'in-reply-to': 't', 'content': 'dschmorrow_at_darpa_mil_palm TEAMCORE'}dschmorrow_at_darpa_mil_palm, TEAMCORE
Fri Sep 06 14:09:30 2002: Registration successful: dschmorrow_at_darpa_mil_palm
Fri Sep 06 14:09:30 2002: Router for dschmorrow_at_darpa_mil_palm running...
Fri Sep 06 14:09:30 2002: Sending message: (ask-one :sender dschmorrow_at_darpa_mil_palm :reply-with t :content "proxy_dschmorrow_at_darpa_mil")
Fri Sep 06 14:09:30 2002: Received: {'receiver': 'dschmorrow_at_darpa_mil_palm', 'performative': 'reply', 'sender': 'TEAMCORE', 'in-reply-to': 't', 'content': 'proxy_dschmorrow_at_darpa_mil:sangat.isi.edu:9992:'}
Fri Sep 06 14:09:30 2002: Sending message: (register :name palm :reply-with nil :agenttype device :receiver proxy_dschmorrow_at_darpa_mil :user dschmorrow_at_darpa_mil :sender dschmorrow_at_darpa_mil_palm :direction both)
Fri Sep 06 14:09:31 2002: Received: {'receiver': 'dschmorrow_at_darpa_mil_palm', 'performative': 'ask', 'sender': 'ping_dschmorrow_at_darpa_mil_palm', 'reply-with': 'dschmorrow_at_darpa_mil', 'content': 'hello'}
Fri Sep 06 14:09:31 2002: Processing message: {'receiver': 'dschmorrow_at_darpa_mil_palm', 'performative': 'ask', 'sender': 'ping_dschmorrow_at_darpa_mil_palm', 'reply-with': 'dschmorrow_at_darpa_mil', 'content': 'hello'}
Fri Sep 06 14:09:31 2002: Replying: (sorry :reply-with nil :in-reply-to dschmorrow_at_darpa_mil :receiver ping_dschmorrow_at_darpa_mil_palm :sender dschmorrow_at_darpa_mil_palm :comment "Unintelligible query")
Tue Sep 24 15:15:34 2002: Received: {'receiver': 'dschmorrow_at_darpa_mil_palm', 'performative': 'kqml-admin', 'sender': 'TEAMCORE', 'kqml-msg-id': '29131+vibhagam.isi.edu+18', 'reply-with': 't', 'content': 'name'}
Mon Oct 21 10:21:16 2002: Received: {'subject': 'Test', 'performative': 'tell', 'reply-with': 'nil', 'receiver': 'dschmorrow_at_darpa_mil_palm', 'user': 'dschmorrow@darpa.mil', 'sender': 'proxy_dschmorrow_at_darpa_mil', 'shortcontent': 'This is a test', 'content': 'This is a test message for dschmorrow@darpa.mil'}
Mon Oct 21 10:21:17 2002: Processing message: {'subject': 'Test', 'performative': 'tell', 'reply-with': 'nil', 'receiver': 'dschmorrow_at_darpa_mil_palm', 'user': 'dschmorrow@darpa.mil', 'sender': 'proxy_dschmorrow_at_darpa_mil', 'shortcontent': 'This is a test', 'content': 'This is a test message for dschmorrow@darpa.mil'}
Mon Oct 21 10:21:17 2002: Message for user ID: dschmorrow@darpa.mil
Mon Oct 21 10:21:17 2002: User name: Dylan Schmorrow
Mon Oct 21 10:21:17 2002: DialogDevice: Creating new dialog...
Mon Oct 21 10:21:17 2002: Test.htm
Mon Oct 21 10:23:35 2002: Received: {'receiver': 'dschmorrow_at_darpa_mil_palm', 'performative': 'tell', 'sender': 'deviceCGI_dschmorrow_at_darpa_mil', 'reply-with': 'nil', 'content': 'stop'}
Mon Oct 21 10:23:35 2002: Processing message: {'receiver': 'dschmorrow_at_darpa_mil_palm', 'performative': 'tell', 'sender': 'deviceCGI_dschmorrow_at_darpa_mil', 'reply-with': 'nil', 'content': 'stop'}
Mon Oct 21 10:23:35 2002: DialogDevice: Removing dialog Earlier_Flights.htm
Mon Oct 21 10:23:35 2002: DialogDevice: Removing dialog United_Airlines_flight_200.htm
Mon Oct 21 10:23:35 2002: DialogDevice: Removing dialog Test.htm
Mon Oct 21 10:23:35 2002: Sending message: (unregister :receiver proxy_dschmorrow_at_darpa_mil :name palm :sender dschmorrow_at_darpa_mil_palm :reply-with nil :user dschmorrow_at_darpa_mil)
Mon Oct 21 10:23:35 2002: Router dschmorrow_at_darpa_mil_palm exiting...
Mon Oct 21 10:23:35 2002: Sending message: (unregister :receiver TEAMCORE :sender dschmorrow_at_darpa_mil_palm :ontology tcp-ip :reply-with nil :content dschmorrow_at_darpa_mil_palm)
Mon Oct 21 10:23:35 2002: Exiting...
