Fri Jul 26 15:19:44 2002: Using ANS: ('vibhagam', 5500)
Fri Jul 26 15:19:44 2002: Bound to host/port: sangat.isi.edu:6678
Fri Jul 26 15:19:44 2002: Sending message: (register :ontology tcp-ip :sender akruse_at_snap_org_email_akruse_at_snap_org :reply-with t :content "akruse_at_snap_org_email_akruse_at_snap_org sangat.isi.edu:6678")
Fri Jul 26 15:19:44 2002: Received: {'receiver': 'akruse_at_snap_org_email_akruse_at_snap_org', 'performative': 'error', 'sender': 'TEAMCORE', 'in-reply-to': 't', 'content': 'handler encountered error'}
Fri Jul 26 15:19:44 2002: Registration produced: {'receiver': 'akruse_at_snap_org_email_akruse_at_snap_org', 'performative': 'error', 'sender': 'TEAMCORE', 'in-reply-to': 't', 'content': 'handler encountered error'}
Fri Jul 26 15:19:44 2002: Sending message: (unregister :sender akruse_at_snap_org_email_akruse_at_snap_org :ontology tcp-ip :reply-with nil :content akruse_at_snap_org_email_akruse_at_snap_org)
Fri Jul 26 15:19:44 2002: Sending message: (register :sender akruse_at_snap_org_email_akruse_at_snap_org :ontology tcp-ip :reply-with t :content (akruse_at_snap_org_email_akruse_at_snap_org sangat.isi.edu:6678))
Fri Jul 26 15:19:44 2002: Received: {'receiver': 'akruse_at_snap_org_email_akruse_at_snap_org', 'performative': 'reply', 'sender': 'TEAMCORE', 'in-reply-to': 't', 'content': 'akruse_at_snap_org_email_akruse_at_snap_org TEAMCORE'}
Fri Jul 26 15:19:44 2002: Registration produced: {'receiver': 'akruse_at_snap_org_email_akruse_at_snap_org', 'performative': 'reply', 'sender': 'TEAMCORE', 'in-reply-to': 't', 'content': 'akruse_at_snap_org_email_akruse_at_snap_org TEAMCORE'}akruse_at_snap_org_email_akruse_at_snap_org, TEAMCORE
Fri Jul 26 15:19:44 2002: Registration successful: akruse_at_snap_org_email_akruse_at_snap_org
Fri Jul 26 15:19:44 2002: Router for akruse_at_snap_org_email_akruse_at_snap_org running...
Fri Jul 26 15:19:44 2002: Sending message: (ask-one :sender akruse_at_snap_org_email_akruse_at_snap_org :reply-with t :content "proxy_akruse_at_snap_org")
Fri Jul 26 15:19:44 2002: Received: {'receiver': 'akruse_at_snap_org_email_akruse_at_snap_org', 'performative': 'reply', 'sender': 'TEAMCORE', 'in-reply-to': 't', 'content': 'proxy_akruse_at_snap_org:sangat.isi.edu:9991:'}
Fri Jul 26 15:19:44 2002: Sending message: (register :name email_akruse_at_snap_org :reply-with nil :agenttype device :receiver proxy_akruse_at_snap_org :user akruse_at_snap_org :sender akruse_at_snap_org_email_akruse_at_snap_org :direction (to user))
Sat Jul 27 07:59:59 2002: Received: {'subject': 'United Airlines flight 039', 'performative': 'tell', 'reply-with': 'nil', 'receiver': 'akruse_at_snap_org_email_akruse_at_snap_org', 'user': 'akruse@snap.org', 'sender': 'proxy_akruse_at_snap_org', 'deadline': '10000', 'shortcontent': 'United Airlines flight 039 departs IAD<br/> on-time at 12:55 PM Gate C23 and <br/>arrives LAX at 3:05 PM Gate 68A.', 'content': 'Dear akruse_at_snap_org,<br/><br/>Your United Airlines flight 039 is still scheduled to depart IAD on-time at 12:55 PM Gate and is scheduled to arrive LAX at 3:05 PM Gate .<br/><br/> -- Your personal elf'}
Sat Jul 27 07:59:59 2002: Processing message: {'subject': 'United Airlines flight 039', 'performative': 'tell', 'reply-with': 'nil', 'receiver': 'akruse_at_snap_org_email_akruse_at_snap_org', 'user': 'akruse@snap.org', 'sender': 'proxy_akruse_at_snap_org', 'deadline': '10000', 'shortcontent': 'United Airlines flight 039 departs IAD<br/> on-time at 12:55 PM Gate C23 and <br/>arrives LAX at 3:05 PM Gate 68A.', 'content': 'Dear akruse_at_snap_org,<br/><br/>Your United Airlines flight 039 is still scheduled to depart IAD on-time at 12:55 PM Gate and is scheduled to arrive LAX at 3:05 PM Gate .<br/><br/> -- Your personal elf'}
Sat Jul 27 07:59:59 2002: Message for user ID: akruse@snap.org
Sat Jul 27 07:59:59 2002: User name: Amy Kruse
Sat Aug 03 09:09:44 2002: Received: {'subject': 'Earlier Flights', 'performative': 'tell', 'reply-with': 'nil', 'receiver': 'akruse_at_snap_org_email_akruse_at_snap_org', 'user': 'akruse@snap.org', 'sender': 'proxy_akruse_at_snap_org', 'deadline': '10000', 'shortcontent': 'Current:<br/># 924 LAX (12:20 PM) - IAD (8:23 PM) On Time<br/>Earlier United Airlines Flights:<br/># 196 LAX (11:05 AM) - IAD (6:56 PM) On Time<br/>------<br/><br/>', 'content': 'Dear akruse_at_snap_org,<br/>The status of your currently scheduled flight(s) are:<br/># 924 LAX (12:20 PM) - IAD (8:23 PM) On Time<br/><br/>If you would like to return earlier, the following United Airlines flights will arrive earlier than your scheduled flights:<br/><br/># 196 LAX (11:05 AM) - IAD (6:56 PM) On Time<br/>------<br/><br/> Thank you, <br/><br/> -- Your personal elf'}
Sat Aug 03 09:09:44 2002: Processing message: {'subject': 'Earlier Flights', 'performative': 'tell', 'reply-with': 'nil', 'receiver': 'akruse_at_snap_org_email_akruse_at_snap_org', 'user': 'akruse@snap.org', 'sender': 'proxy_akruse_at_snap_org', 'deadline': '10000', 'shortcontent': 'Current:<br/># 924 LAX (12:20 PM) - IAD (8:23 PM) On Time<br/>Earlier United Airlines Flights:<br/># 196 LAX (11:05 AM) - IAD (6:56 PM) On Time<br/>------<br/><br/>', 'content': 'Dear akruse_at_snap_org,<br/>The status of your currently scheduled flight(s) are:<br/># 924 LAX (12:20 PM) - IAD (8:23 PM) On Time<br/><br/>If you would like to return earlier, the following United Airlines flights will arrive earlier than your scheduled flights:<br/><br/># 196 LAX (11:05 AM) - IAD (6:56 PM) On Time<br/>------<br/><br/> Thank you, <br/><br/> -- Your personal elf'}
Sat Aug 03 09:09:44 2002: Message for user ID: akruse@snap.org
Sat Aug 03 09:09:44 2002: User name: Amy Kruse
Sat Aug 03 10:29:33 2002: Received: {'subject': 'United Airlines flight 924', 'performative': 'tell', 'reply-with': 'nil', 'receiver': 'akruse_at_snap_org_email_akruse_at_snap_org', 'user': 'akruse@snap.org', 'sender': 'proxy_akruse_at_snap_org', 'deadline': '10000', 'shortcontent': 'United Airlines flight 924 departs LAX<br/> on-time at 12:20 PM Gate 73 and <br/>arrives IAD at 8:20 PM Gate C26.', 'content': 'Dear akruse_at_snap_org,<br/><br/>Your United Airlines flight 924 is still scheduled to depart LAX on-time at 12:20 PM Gate 73 and is scheduled to arrive IAD at 8:20 PM Gate C26.<br/><br/> -- Your personal elf'}
Sat Aug 03 10:29:33 2002: Processing message: {'subject': 'United Airlines flight 924', 'performative': 'tell', 'reply-with': 'nil', 'receiver': 'akruse_at_snap_org_email_akruse_at_snap_org', 'user': 'akruse@snap.org', 'sender': 'proxy_akruse_at_snap_org', 'deadline': '10000', 'shortcontent': 'United Airlines flight 924 departs LAX<br/> on-time at 12:20 PM Gate 73 and <br/>arrives IAD at 8:20 PM Gate C26.', 'content': 'Dear akruse_at_snap_org,<br/><br/>Your United Airlines flight 924 is still scheduled to depart LAX on-time at 12:20 PM Gate 73 and is scheduled to arrive IAD at 8:20 PM Gate C26.<br/><br/> -- Your personal elf'}
Sat Aug 03 10:29:33 2002: Message for user ID: akruse@snap.org
Sat Aug 03 10:29:33 2002: User name: Amy Kruse
Mon Aug 19 18:23:08 2002: Using ANS: ('vibhagam', 5500)
Mon Aug 19 18:23:09 2002: Bound to host/port: sangat.isi.edu:6677
Mon Aug 19 18:23:09 2002: Sending message: (register :ontology tcp-ip :sender akruse_at_snap_org_email_akruse_at_snap_org :reply-with t :content "akruse_at_snap_org_email_akruse_at_snap_org sangat.isi.edu:6677")
Mon Aug 19 18:23:09 2002: Received: {'receiver': 'akruse_at_snap_org_email_akruse_at_snap_org', 'performative': 'error', 'sender': 'TEAMCORE', 'in-reply-to': 't', 'content': 'handler encountered error'}
Mon Aug 19 18:23:09 2002: Registration produced: {'receiver': 'akruse_at_snap_org_email_akruse_at_snap_org', 'performative': 'error', 'sender': 'TEAMCORE', 'in-reply-to': 't', 'content': 'handler encountered error'}
Mon Aug 19 18:23:09 2002: Sending message: (unregister :sender akruse_at_snap_org_email_akruse_at_snap_org :ontology tcp-ip :reply-with nil :content akruse_at_snap_org_email_akruse_at_snap_org)
Mon Aug 19 18:23:09 2002: Sending message: (register :sender akruse_at_snap_org_email_akruse_at_snap_org :ontology tcp-ip :reply-with t :content (akruse_at_snap_org_email_akruse_at_snap_org sangat.isi.edu:6677))
Mon Aug 19 18:23:09 2002: Received: {'receiver': 'akruse_at_snap_org_email_akruse_at_snap_org', 'performative': 'reply', 'sender': 'TEAMCORE', 'in-reply-to': 't', 'content': 'akruse_at_snap_org_email_akruse_at_snap_org TEAMCORE'}
Mon Aug 19 18:23:09 2002: Registration produced: {'receiver': 'akruse_at_snap_org_email_akruse_at_snap_org', 'performative': 'reply', 'sender': 'TEAMCORE', 'in-reply-to': 't', 'content': 'akruse_at_snap_org_email_akruse_at_snap_org TEAMCORE'}akruse_at_snap_org_email_akruse_at_snap_org, TEAMCORE
Mon Aug 19 18:23:09 2002: Registration successful: akruse_at_snap_org_email_akruse_at_snap_org
Mon Aug 19 18:23:09 2002: Router for akruse_at_snap_org_email_akruse_at_snap_org running...
Mon Aug 19 18:23:09 2002: Sending message: (ask-one :sender akruse_at_snap_org_email_akruse_at_snap_org :reply-with t :content "proxy_akruse_at_snap_org")
Mon Aug 19 18:23:09 2002: Received: {'receiver': 'akruse_at_snap_org_email_akruse_at_snap_org', 'performative': 'reply', 'sender': 'TEAMCORE', 'in-reply-to': 't', 'content': 'proxy_akruse_at_snap_org:sangat.isi.edu:9992:'}
Mon Aug 19 18:23:09 2002: Sending message: (register :name email_akruse_at_snap_org :reply-with nil :agenttype device :receiver proxy_akruse_at_snap_org :user akruse_at_snap_org :sender akruse_at_snap_org_email_akruse_at_snap_org :direction (to user))
Mon Aug 19 18:23:10 2002: Received: {'receiver': 'akruse_at_snap_org_email_akruse_at_snap_org', 'performative': 'ask', 'sender': 'ping_akruse_at_snap_org_email_akruse_at_snap_org', 'reply-with': 'akruse_at_snap_org', 'content': 'hello'}
Mon Aug 19 18:23:10 2002: Processing message: {'receiver': 'akruse_at_snap_org_email_akruse_at_snap_org', 'performative': 'ask', 'sender': 'ping_akruse_at_snap_org_email_akruse_at_snap_org', 'reply-with': 'akruse_at_snap_org', 'content': 'hello'}
Mon Aug 19 18:23:10 2002: Replying: (sorry :reply-with nil :in-reply-to akruse_at_snap_org :receiver ping_akruse_at_snap_org_email_akruse_at_snap_org :sender akruse_at_snap_org_email_akruse_at_snap_org :comment "Unintelligible query")
Fri Sep 06 13:54:00 2002: Received: {'receiver': 'akruse_at_snap_org_email_akruse_at_snap_org', 'performative': 'ask', 'sender': 'ping_akruse_at_snap_org_email_akruse_at_snap_org', 'reply-with': 'akruse_at_snap_org', 'content': 'hello'}
Fri Sep 06 13:54:00 2002: Processing message: {'receiver': 'akruse_at_snap_org_email_akruse_at_snap_org', 'performative': 'ask', 'sender': 'ping_akruse_at_snap_org_email_akruse_at_snap_org', 'reply-with': 'akruse_at_snap_org', 'content': 'hello'}
Fri Sep 06 13:54:00 2002: Replying: (sorry :reply-with nil :in-reply-to akruse_at_snap_org :receiver ping_akruse_at_snap_org_email_akruse_at_snap_org :sender akruse_at_snap_org_email_akruse_at_snap_org :comment "Unintelligible query")
Fri Sep 06 14:10:19 2002: Using ANS: ('vibhagam.isi.edu', 5500)
Fri Sep 06 14:10:19 2002: Bound to host/port: sangat.isi.edu:6670
Fri Sep 06 14:10:19 2002: Sending message: (register :ontology tcp-ip :sender akruse_at_snap_org_email_akruse_at_snap_org :reply-with t :content "akruse_at_snap_org_email_akruse_at_snap_org sangat.isi.edu:6670")
Fri Sep 06 14:10:19 2002: Received: {'receiver': 'akruse_at_snap_org_email_akruse_at_snap_org', 'performative': 'error', 'sender': 'TEAMCORE', 'in-reply-to': 't', 'content': 'handler encountered error'}
Fri Sep 06 14:10:19 2002: Registration produced: {'receiver': 'akruse_at_snap_org_email_akruse_at_snap_org', 'performative': 'error', 'sender': 'TEAMCORE', 'in-reply-to': 't', 'content': 'handler encountered error'}
Fri Sep 06 14:10:19 2002: Sending message: (unregister :sender akruse_at_snap_org_email_akruse_at_snap_org :ontology tcp-ip :reply-with nil :content akruse_at_snap_org_email_akruse_at_snap_org)
Fri Sep 06 14:10:20 2002: Sending message: (register :sender akruse_at_snap_org_email_akruse_at_snap_org :ontology tcp-ip :reply-with t :content (akruse_at_snap_org_email_akruse_at_snap_org sangat.isi.edu:6670))
Fri Sep 06 14:10:20 2002: Received: {'receiver': 'akruse_at_snap_org_email_akruse_at_snap_org', 'performative': 'reply', 'sender': 'TEAMCORE', 'in-reply-to': 't', 'content': 'akruse_at_snap_org_email_akruse_at_snap_org TEAMCORE'}
Fri Sep 06 14:10:20 2002: Registration produced: {'receiver': 'akruse_at_snap_org_email_akruse_at_snap_org', 'performative': 'reply', 'sender': 'TEAMCORE', 'in-reply-to': 't', 'content': 'akruse_at_snap_org_email_akruse_at_snap_org TEAMCORE'}akruse_at_snap_org_email_akruse_at_snap_org, TEAMCORE
Fri Sep 06 14:10:20 2002: Registration successful: akruse_at_snap_org_email_akruse_at_snap_org
Fri Sep 06 14:10:20 2002: Router for akruse_at_snap_org_email_akruse_at_snap_org running...
Fri Sep 06 14:10:20 2002: Sending message: (ask-one :sender akruse_at_snap_org_email_akruse_at_snap_org :reply-with t :content "proxy_akruse_at_snap_org")
Fri Sep 06 14:10:20 2002: Received: {'receiver': 'akruse_at_snap_org_email_akruse_at_snap_org', 'performative': 'reply', 'sender': 'TEAMCORE', 'in-reply-to': 't', 'content': 'proxy_akruse_at_snap_org:sangat.isi.edu:9992:'}
Fri Sep 06 14:10:20 2002: Sending message: (register :name email_akruse_at_snap_org :reply-with nil :agenttype device :receiver proxy_akruse_at_snap_org :user akruse_at_snap_org :sender akruse_at_snap_org_email_akruse_at_snap_org :direction (to user))
Fri Sep 06 14:10:21 2002: Received: {'receiver': 'akruse_at_snap_org_email_akruse_at_snap_org', 'performative': 'ask', 'sender': 'ping_akruse_at_snap_org_email_akruse_at_snap_org', 'reply-with': 'akruse_at_snap_org', 'content': 'hello'}
Fri Sep 06 14:10:21 2002: Processing message: {'receiver': 'akruse_at_snap_org_email_akruse_at_snap_org', 'performative': 'ask', 'sender': 'ping_akruse_at_snap_org_email_akruse_at_snap_org', 'reply-with': 'akruse_at_snap_org', 'content': 'hello'}
Fri Sep 06 14:10:21 2002: Replying: (sorry :reply-with nil :in-reply-to akruse_at_snap_org :receiver ping_akruse_at_snap_org_email_akruse_at_snap_org :sender akruse_at_snap_org_email_akruse_at_snap_org :comment "Unintelligible query")
Tue Sep 24 15:17:17 2002: Received: {'receiver': 'akruse_at_snap_org_email_akruse_at_snap_org', 'performative': 'kqml-admin', 'sender': 'TEAMCORE', 'kqml-msg-id': '29131+vibhagam.isi.edu+8', 'reply-with': 't', 'content': 'name'}
Wed Sep 25 16:42:58 2002: Received: {'receiver': 'akruse_at_snap_org_email_akruse_at_snap_org', 'performative': 'ask', 'sender': 'ping_akruse_at_snap_org_email_akruse_at_snap_org', 'reply-with': 'akruse_at_snap_org', 'content': 'hello'}
Wed Sep 25 16:42:58 2002: Processing message: {'receiver': 'akruse_at_snap_org_email_akruse_at_snap_org', 'performative': 'ask', 'sender': 'ping_akruse_at_snap_org_email_akruse_at_snap_org', 'reply-with': 'akruse_at_snap_org', 'content': 'hello'}
Wed Sep 25 16:42:58 2002: Replying: (sorry :reply-with nil :in-reply-to akruse_at_snap_org :receiver ping_akruse_at_snap_org_email_akruse_at_snap_org :sender akruse_at_snap_org_email_akruse_at_snap_org :comment "Unintelligible query")
Mon Oct 28 14:21:03 2002: Received: {'receiver': 'akruse_at_snap_org_email_akruse_at_snap_org', 'performative': 'kqml-admin', 'sender': 'TEAMCORE', 'kqml-msg-id': '24669+vibhagam.isi.edu+11', 'reply-with': 't', 'content': 'name'}
Mon Oct 28 14:23:25 2002: Received: {'receiver': 'akruse_at_snap_org_email_akruse_at_snap_org', 'performative': 'ask', 'sender': 'ping_akruse_at_snap_org_email_akruse_at_snap_org', 'reply-with': 'akruse_at_snap_org', 'content': 'hello'}
Mon Oct 28 14:23:25 2002: Processing message: {'receiver': 'akruse_at_snap_org_email_akruse_at_snap_org', 'performative': 'ask', 'sender': 'ping_akruse_at_snap_org_email_akruse_at_snap_org', 'reply-with': 'akruse_at_snap_org', 'content': 'hello'}
Mon Oct 28 14:23:25 2002: Replying: (sorry :reply-with nil :in-reply-to akruse_at_snap_org :receiver ping_akruse_at_snap_org_email_akruse_at_snap_org :sender akruse_at_snap_org_email_akruse_at_snap_org :comment "Unintelligible query")
Tue Oct 29 10:24:57 2002: Received: {'receiver': 'akruse_at_snap_org_email_akruse_at_snap_org', 'performative': 'kqml-admin', 'sender': 'TEAMCORE', 'kqml-msg-id': '26893+vibhagam.isi.edu+7', 'reply-with': 't', 'content': 'name'}
Tue Oct 29 18:36:55 2002: Received: {'receiver': 'akruse_at_snap_org_email_akruse_at_snap_org', 'performative': 'kqml-admin', 'sender': 'TEAMCORE', 'kqml-msg-id': '29472+vibhagam.isi.edu+7', 'reply-with': 't', 'content': 'name'}
Tue Oct 29 20:00:51 2002: Received: {'receiver': 'akruse_at_snap_org_email_akruse_at_snap_org', 'performative': 'kqml-admin', 'sender': 'TEAMCORE', 'kqml-msg-id': '181+vibhagam.isi.edu+7', 'reply-with': 't', 'content': 'name'}
Tue Oct 29 20:17:31 2002: Received: {'receiver': 'akruse_at_snap_org_email_akruse_at_snap_org', 'performative': 'kqml-admin', 'sender': 'TEAMCORE', 'kqml-msg-id': '405+vibhagam.isi.edu+7', 'reply-with': 't', 'content': 'name'}
Mon Nov 04 10:18:10 2002: Received: {'receiver': 'akruse_at_snap_org_email_akruse_at_snap_org', 'performative': 'kqml-admin', 'sender': 'TEAMCORE', 'kqml-msg-id': '15317+vibhagam.isi.edu+9', 'reply-with': 't', 'content': 'name'}
Thu Nov 07 12:51:27 2002: Using ANS: ('vibhagam.isi.edu', 5500)
Thu Nov 07 12:51:27 2002: Bound to host/port: sangat.isi.edu:6678
Thu Nov 07 12:51:27 2002: Sending message: (register :ontology tcp-ip :sender akruse_at_snap_org_email_akruse_at_snap_org :reply-with t :content "akruse_at_snap_org_email_akruse_at_snap_org sangat.isi.edu:6678")
Thu Nov 07 12:51:27 2002: Received: {'receiver': 'akruse_at_snap_org_email_akruse_at_snap_org', 'performative': 'error', 'sender': 'TEAMCORE', 'in-reply-to': 't', 'content': 'handler encountered error'}
Thu Nov 07 12:51:27 2002: Registration produced: {'receiver': 'akruse_at_snap_org_email_akruse_at_snap_org', 'performative': 'error', 'sender': 'TEAMCORE', 'in-reply-to': 't', 'content': 'handler encountered error'}
Thu Nov 07 12:51:27 2002: Sending message: (unregister :sender akruse_at_snap_org_email_akruse_at_snap_org :ontology tcp-ip :reply-with nil :content akruse_at_snap_org_email_akruse_at_snap_org)
Thu Nov 07 12:51:27 2002: Sending message: (register :sender akruse_at_snap_org_email_akruse_at_snap_org :ontology tcp-ip :reply-with t :content (akruse_at_snap_org_email_akruse_at_snap_org sangat.isi.edu:6678))
Thu Nov 07 12:51:27 2002: Received: {'receiver': 'akruse_at_snap_org_email_akruse_at_snap_org', 'performative': 'reply', 'sender': 'TEAMCORE', 'in-reply-to': 't', 'content': 'akruse_at_snap_org_email_akruse_at_snap_org TEAMCORE'}
Thu Nov 07 12:51:27 2002: Registration produced: {'receiver': 'akruse_at_snap_org_email_akruse_at_snap_org', 'performative': 'reply', 'sender': 'TEAMCORE', 'in-reply-to': 't', 'content': 'akruse_at_snap_org_email_akruse_at_snap_org TEAMCORE'}akruse_at_snap_org_email_akruse_at_snap_org, TEAMCORE
Thu Nov 07 12:51:27 2002: Registration successful: akruse_at_snap_org_email_akruse_at_snap_org
Thu Nov 07 12:51:27 2002: Router for akruse_at_snap_org_email_akruse_at_snap_org running...
Thu Nov 07 12:51:27 2002: Sending message: (ask-one :sender akruse_at_snap_org_email_akruse_at_snap_org :reply-with t :content "proxy_akruse_at_snap_org")
Thu Nov 07 12:51:27 2002: Received: {'receiver': 'akruse_at_snap_org_email_akruse_at_snap_org', 'performative': 'sorry', 'sender': 'TEAMCORE', 'in-reply-to': 't'}
Thu Nov 07 12:51:27 2002: No registered agent: proxy_akruse_at_snap_org
Thu Nov 07 12:51:28 2002: Received: {'receiver': 'akruse_at_snap_org_email_akruse_at_snap_org', 'performative': 'ask', 'sender': 'ping_akruse_at_snap_org_email_akruse_at_snap_org', 'reply-with': 'akruse_at_snap_org', 'content': 'hello'}
Thu Nov 07 12:51:28 2002: Processing message: {'receiver': 'akruse_at_snap_org_email_akruse_at_snap_org', 'performative': 'ask', 'sender': 'ping_akruse_at_snap_org_email_akruse_at_snap_org', 'reply-with': 'akruse_at_snap_org', 'content': 'hello'}
Thu Nov 07 12:51:28 2002: Replying: (sorry :reply-with nil :in-reply-to akruse_at_snap_org :receiver ping_akruse_at_snap_org_email_akruse_at_snap_org :sender akruse_at_snap_org_email_akruse_at_snap_org :comment "Unintelligible query")
Thu Nov 07 13:08:01 2002: Received: {'receiver': 'akruse_at_snap_org_email_akruse_at_snap_org', 'performative': 'tell', 'sender': 'stop_akruse_at_snap_org_email_akruse_at_snap_org', 'reply-with': 'nil', 'content': 'stop'}
Thu Nov 07 13:08:01 2002: Processing message: {'receiver': 'akruse_at_snap_org_email_akruse_at_snap_org', 'performative': 'tell', 'sender': 'stop_akruse_at_snap_org_email_akruse_at_snap_org', 'reply-with': 'nil', 'content': 'stop'}
Thu Nov 07 13:08:01 2002: Sending message: (ask-one :sender akruse_at_snap_org_email_akruse_at_snap_org :reply-with t :content "proxy_akruse_at_snap_org")
Thu Nov 07 13:08:01 2002: Received: {'receiver': 'akruse_at_snap_org_email_akruse_at_snap_org', 'performative': 'reply', 'sender': 'TEAMCORE', 'in-reply-to': 't', 'content': 'proxy_akruse_at_snap_org:sangat.isi.edu:9992:'}
Thu Nov 07 13:08:01 2002: Sending message: (unregister :receiver proxy_akruse_at_snap_org :name email_akruse_at_snap_org :sender akruse_at_snap_org_email_akruse_at_snap_org :reply-with nil :user akruse_at_snap_org)
Thu Nov 07 13:08:01 2002: Router akruse_at_snap_org_email_akruse_at_snap_org exiting...
Thu Nov 07 13:08:01 2002: Sending message: (unregister :receiver TEAMCORE :sender akruse_at_snap_org_email_akruse_at_snap_org :ontology tcp-ip :reply-with nil :content akruse_at_snap_org_email_akruse_at_snap_org)
Thu Nov 07 13:08:01 2002: Exiting...
Thu Nov 07 13:08:04 2002: Using ANS: ('vibhagam.isi.edu', 5500)
Thu Nov 07 13:08:04 2002: Bound to host/port: sangat.isi.edu:6677
Thu Nov 07 13:08:04 2002: Sending message: (register :ontology tcp-ip :sender akruse_at_snap_org_email_akruse_at_snap_org :reply-with t :content "akruse_at_snap_org_email_akruse_at_snap_org sangat.isi.edu:6677")
Thu Nov 07 13:08:04 2002: Received: {'receiver': 'akruse_at_snap_org_email_akruse_at_snap_org', 'performative': 'error', 'sender': 'TEAMCORE', 'in-reply-to': 't', 'content': 'handler encountered error'}
Thu Nov 07 13:08:04 2002: Registration produced: {'receiver': 'akruse_at_snap_org_email_akruse_at_snap_org', 'performative': 'error', 'sender': 'TEAMCORE', 'in-reply-to': 't', 'content': 'handler encountered error'}
Thu Nov 07 13:08:04 2002: Sending message: (unregister :sender akruse_at_snap_org_email_akruse_at_snap_org :ontology tcp-ip :reply-with nil :content akruse_at_snap_org_email_akruse_at_snap_org)
Thu Nov 07 13:08:04 2002: Sending message: (register :sender akruse_at_snap_org_email_akruse_at_snap_org :ontology tcp-ip :reply-with t :content (akruse_at_snap_org_email_akruse_at_snap_org sangat.isi.edu:6677))
Thu Nov 07 13:08:04 2002: Received: {'receiver': 'akruse_at_snap_org_email_akruse_at_snap_org', 'performative': 'reply', 'sender': 'TEAMCORE', 'in-reply-to': 't', 'content': 'akruse_at_snap_org_email_akruse_at_snap_org TEAMCORE'}
Thu Nov 07 13:08:04 2002: Registration produced: {'receiver': 'akruse_at_snap_org_email_akruse_at_snap_org', 'performative': 'reply', 'sender': 'TEAMCORE', 'in-reply-to': 't', 'content': 'akruse_at_snap_org_email_akruse_at_snap_org TEAMCORE'}akruse_at_snap_org_email_akruse_at_snap_org, TEAMCORE
Thu Nov 07 13:08:04 2002: Registration successful: akruse_at_snap_org_email_akruse_at_snap_org
Thu Nov 07 13:08:04 2002: Router for akruse_at_snap_org_email_akruse_at_snap_org running...
Thu Nov 07 13:08:04 2002: Sending message: (ask-one :sender akruse_at_snap_org_email_akruse_at_snap_org :reply-with t :content "proxy_akruse_at_snap_org")
Thu Nov 07 13:08:04 2002: Received: {'receiver': 'akruse_at_snap_org_email_akruse_at_snap_org', 'performative': 'reply', 'sender': 'TEAMCORE', 'in-reply-to': 't', 'content': 'proxy_akruse_at_snap_org:sangat.isi.edu:9992:'}
Thu Nov 07 13:08:04 2002: Sending message: (register :name email_akruse_at_snap_org :reply-with nil :agenttype device :receiver proxy_akruse_at_snap_org :user akruse_at_snap_org :sender akruse_at_snap_org_email_akruse_at_snap_org :direction (to user))
Thu Nov 07 13:08:05 2002: Received: {'receiver': 'akruse_at_snap_org_email_akruse_at_snap_org', 'performative': 'ask', 'sender': 'ping_akruse_at_snap_org_email_akruse_at_snap_org', 'reply-with': 'akruse_at_snap_org', 'content': 'hello'}
Thu Nov 07 13:08:05 2002: Processing message: {'receiver': 'akruse_at_snap_org_email_akruse_at_snap_org', 'performative': 'ask', 'sender': 'ping_akruse_at_snap_org_email_akruse_at_snap_org', 'reply-with': 'akruse_at_snap_org', 'content': 'hello'}
Thu Nov 07 13:08:05 2002: Replying: (sorry :reply-with nil :in-reply-to akruse_at_snap_org :receiver ping_akruse_at_snap_org_email_akruse_at_snap_org :sender akruse_at_snap_org_email_akruse_at_snap_org :comment "Unintelligible query")
Tue Jan 07 16:41:10 2003: Using ANS: ('vibhagam', 5500)
Tue Jan 07 16:41:10 2003: Bound to host/port: sangat.isi.edu:6678
Tue Jan 07 16:41:10 2003: Sending message: (register :ontology tcp-ip :sender akruse_at_snap_org_email_akruse_at_snap_org :reply-with t :content "akruse_at_snap_org_email_akruse_at_snap_org sangat.isi.edu:6678")
Tue Jan 07 16:41:10 2003: Received: {'receiver': 'akruse_at_snap_org_email_akruse_at_snap_org', 'performative': 'error', 'sender': 'TEAMCORE', 'in-reply-to': 't', 'content': 'handler encountered error'}
Tue Jan 07 16:41:10 2003: Registration produced: {'receiver': 'akruse_at_snap_org_email_akruse_at_snap_org', 'performative': 'error', 'sender': 'TEAMCORE', 'in-reply-to': 't', 'content': 'handler encountered error'}
Tue Jan 07 16:41:10 2003: Sending message: (unregister :sender akruse_at_snap_org_email_akruse_at_snap_org :ontology tcp-ip :reply-with nil :content akruse_at_snap_org_email_akruse_at_snap_org)
Tue Jan 07 16:41:10 2003: Sending message: (register :sender akruse_at_snap_org_email_akruse_at_snap_org :ontology tcp-ip :reply-with t :content (akruse_at_snap_org_email_akruse_at_snap_org sangat.isi.edu:6678))
Tue Jan 07 16:41:10 2003: Received: {'receiver': 'akruse_at_snap_org_email_akruse_at_snap_org', 'performative': 'reply', 'sender': 'TEAMCORE', 'in-reply-to': 't', 'content': 'akruse_at_snap_org_email_akruse_at_snap_org TEAMCORE'}
Tue Jan 07 16:41:10 2003: Registration produced: {'receiver': 'akruse_at_snap_org_email_akruse_at_snap_org', 'performative': 'reply', 'sender': 'TEAMCORE', 'in-reply-to': 't', 'content': 'akruse_at_snap_org_email_akruse_at_snap_org TEAMCORE'}akruse_at_snap_org_email_akruse_at_snap_org, TEAMCORE
Tue Jan 07 16:41:10 2003: Registration successful: akruse_at_snap_org_email_akruse_at_snap_org
Tue Jan 07 16:41:10 2003: Router for akruse_at_snap_org_email_akruse_at_snap_org running...
Tue Jan 07 16:41:10 2003: Sending message: (ask-one :sender akruse_at_snap_org_email_akruse_at_snap_org :reply-with t :content "proxy_akruse_at_snap_org")
Tue Jan 07 16:41:10 2003: Received: {'receiver': 'akruse_at_snap_org_email_akruse_at_snap_org', 'performative': 'reply', 'sender': 'TEAMCORE', 'in-reply-to': 't', 'content': 'proxy_akruse_at_snap_org:sangat.isi.edu:9992:'}
Tue Jan 07 16:41:10 2003: Sending message: (register :name email_akruse_at_snap_org :reply-with nil :agenttype device :receiver proxy_akruse_at_snap_org :user akruse_at_snap_org :sender akruse_at_snap_org_email_akruse_at_snap_org :direction (to user))
Tue Jan 07 16:41:11 2003: Received: {'receiver': 'akruse_at_snap_org_email_akruse_at_snap_org', 'performative': 'ask', 'sender': 'ping_akruse_at_snap_org_email_akruse_at_snap_org', 'reply-with': 'akruse_at_snap_org', 'content': 'hello'}
Tue Jan 07 16:41:11 2003: Processing message: {'receiver': 'akruse_at_snap_org_email_akruse_at_snap_org', 'performative': 'ask', 'sender': 'ping_akruse_at_snap_org_email_akruse_at_snap_org', 'reply-with': 'akruse_at_snap_org', 'content': 'hello'}
Tue Jan 07 16:41:11 2003: Replying: (sorry :reply-with nil :in-reply-to akruse_at_snap_org :receiver ping_akruse_at_snap_org_email_akruse_at_snap_org :sender akruse_at_snap_org_email_akruse_at_snap_org :comment "Unintelligible query")
Mon Jan 13 16:25:09 2003: Using ANS: ('vibhagam', 5500)
Mon Jan 13 16:25:10 2003: Bound to host/port: sangat.isi.edu:6679
Mon Jan 13 16:25:10 2003: Sending message: (register :ontology tcp-ip :sender akruse_at_snap_org_email_akruse_at_snap_org :reply-with t :content "akruse_at_snap_org_email_akruse_at_snap_org sangat.isi.edu:6679")
Mon Jan 13 16:25:10 2003: Received: {'receiver': 'akruse_at_snap_org_email_akruse_at_snap_org', 'performative': 'error', 'sender': 'TEAMCORE', 'in-reply-to': 't', 'content': 'handler encountered error'}
Mon Jan 13 16:25:10 2003: Registration produced: {'receiver': 'akruse_at_snap_org_email_akruse_at_snap_org', 'performative': 'error', 'sender': 'TEAMCORE', 'in-reply-to': 't', 'content': 'handler encountered error'}
Mon Jan 13 16:25:10 2003: Sending message: (unregister :sender akruse_at_snap_org_email_akruse_at_snap_org :ontology tcp-ip :reply-with nil :content akruse_at_snap_org_email_akruse_at_snap_org)
Mon Jan 13 16:25:10 2003: Sending message: (register :sender akruse_at_snap_org_email_akruse_at_snap_org :ontology tcp-ip :reply-with t :content (akruse_at_snap_org_email_akruse_at_snap_org sangat.isi.edu:6679))
Mon Jan 13 16:25:10 2003: Received: {'receiver': 'akruse_at_snap_org_email_akruse_at_snap_org', 'performative': 'reply', 'sender': 'TEAMCORE', 'in-reply-to': 't', 'content': 'akruse_at_snap_org_email_akruse_at_snap_org TEAMCORE'}
Mon Jan 13 16:25:10 2003: Registration produced: {'receiver': 'akruse_at_snap_org_email_akruse_at_snap_org', 'performative': 'reply', 'sender': 'TEAMCORE', 'in-reply-to': 't', 'content': 'akruse_at_snap_org_email_akruse_at_snap_org TEAMCORE'}akruse_at_snap_org_email_akruse_at_snap_org, TEAMCORE
Mon Jan 13 16:25:10 2003: Registration successful: akruse_at_snap_org_email_akruse_at_snap_org
Mon Jan 13 16:25:10 2003: Router for akruse_at_snap_org_email_akruse_at_snap_org running...
Mon Jan 13 16:25:10 2003: Sending message: (ask-one :sender akruse_at_snap_org_email_akruse_at_snap_org :reply-with t :content "proxy_akruse_at_snap_org")
Mon Jan 13 16:25:10 2003: Received: {'receiver': 'akruse_at_snap_org_email_akruse_at_snap_org', 'performative': 'reply', 'sender': 'TEAMCORE', 'in-reply-to': 't', 'content': 'proxy_akruse_at_snap_org:sangat.isi.edu:9993:'}
Mon Jan 13 16:25:10 2003: Sending message: (register :name email_akruse_at_snap_org :reply-with nil :agenttype device :receiver proxy_akruse_at_snap_org :user akruse_at_snap_org :sender akruse_at_snap_org_email_akruse_at_snap_org :direction (to user))
Mon Jan 13 16:25:11 2003: Received: {'receiver': 'akruse_at_snap_org_email_akruse_at_snap_org', 'performative': 'ask', 'sender': 'ping_akruse_at_snap_org_email_akruse_at_snap_org', 'reply-with': 'akruse_at_snap_org', 'content': 'hello'}
Mon Jan 13 16:25:11 2003: Processing message: {'receiver': 'akruse_at_snap_org_email_akruse_at_snap_org', 'performative': 'ask', 'sender': 'ping_akruse_at_snap_org_email_akruse_at_snap_org', 'reply-with': 'akruse_at_snap_org', 'content': 'hello'}
Mon Jan 13 16:25:11 2003: Replying: (sorry :reply-with nil :in-reply-to akruse_at_snap_org :receiver ping_akruse_at_snap_org_email_akruse_at_snap_org :sender akruse_at_snap_org_email_akruse_at_snap_org :comment "Unintelligible query")
Thu Jan 16 10:58:47 2003: Received: {'receiver': 'akruse_at_snap_org_email_akruse_at_snap_org', 'performative': 'kqml-admin', 'sender': 'TEAMCORE', 'kqml-msg-id': '1786+vibhagam.isi.edu+7', 'reply-with': 't', 'content': 'name'}
Thu Jan 16 11:54:23 2003: Received: {'receiver': 'akruse_at_snap_org_email_akruse_at_snap_org', 'performative': 'ask', 'sender': 'ping_akruse_at_snap_org_email_akruse_at_snap_org', 'reply-with': 'akruse_at_snap_org', 'content': 'hello'}
Thu Jan 16 11:54:23 2003: Processing message: {'receiver': 'akruse_at_snap_org_email_akruse_at_snap_org', 'performative': 'ask', 'sender': 'ping_akruse_at_snap_org_email_akruse_at_snap_org', 'reply-with': 'akruse_at_snap_org', 'content': 'hello'}
Thu Jan 16 11:54:23 2003: Replying: (sorry :reply-with nil :in-reply-to akruse_at_snap_org :receiver ping_akruse_at_snap_org_email_akruse_at_snap_org :sender akruse_at_snap_org_email_akruse_at_snap_org :comment "Unintelligible query")
Tue Mar 04 15:42:57 2003: Received: {'receiver': 'akruse_at_snap_org_email_akruse_at_snap_org', 'performative': 'ask', 'sender': 'ping_akruse_at_snap_org_email_akruse_at_snap_org', 'reply-with': 'akruse_at_snap_org', 'content': 'hello'}
Tue Mar 04 15:42:57 2003: Processing message: {'receiver': 'akruse_at_snap_org_email_akruse_at_snap_org', 'performative': 'ask', 'sender': 'ping_akruse_at_snap_org_email_akruse_at_snap_org', 'reply-with': 'akruse_at_snap_org', 'content': 'hello'}
Tue Mar 04 15:42:57 2003: Replying: (sorry :reply-with nil :in-reply-to akruse_at_snap_org :receiver ping_akruse_at_snap_org_email_akruse_at_snap_org :sender akruse_at_snap_org_email_akruse_at_snap_org :comment "Unintelligible query")
Tue Mar 04 15:46:34 2003: Received: {'receiver': 'akruse_at_snap_org_email_akruse_at_snap_org', 'performative': 'ask', 'sender': 'ping_akruse_at_snap_org_email_akruse_at_snap_org', 'reply-with': 'akruse_at_snap_org', 'content': 'hello'}
Tue Mar 04 15:46:34 2003: Processing message: {'receiver': 'akruse_at_snap_org_email_akruse_at_snap_org', 'performative': 'ask', 'sender': 'ping_akruse_at_snap_org_email_akruse_at_snap_org', 'reply-with': 'akruse_at_snap_org', 'content': 'hello'}
Tue Mar 04 15:46:34 2003: Replying: (sorry :reply-with nil :in-reply-to akruse_at_snap_org :receiver ping_akruse_at_snap_org_email_akruse_at_snap_org :sender akruse_at_snap_org_email_akruse_at_snap_org :comment "Unintelligible query")
Tue Mar 04 16:01:23 2003: Using ANS: ('vibhagam.isi.edu', 5500)
Tue Mar 04 16:01:23 2003: Bound to host/port: sangat.isi.edu:6678
Tue Mar 04 16:01:23 2003: Sending message: (register :ontology tcp-ip :sender akruse_at_snap_org_email_akruse_at_snap_org :reply-with t :content "akruse_at_snap_org_email_akruse_at_snap_org sangat.isi.edu:6678")
Tue Mar 04 16:01:23 2003: Received: {'receiver': 'akruse_at_snap_org_email_akruse_at_snap_org', 'performative': 'error', 'sender': 'TEAMCORE', 'in-reply-to': 't', 'content': 'handler encountered error'}
Tue Mar 04 16:01:23 2003: Registration produced: {'receiver': 'akruse_at_snap_org_email_akruse_at_snap_org', 'performative': 'error', 'sender': 'TEAMCORE', 'in-reply-to': 't', 'content': 'handler encountered error'}
Tue Mar 04 16:01:23 2003: Sending message: (unregister :sender akruse_at_snap_org_email_akruse_at_snap_org :ontology tcp-ip :reply-with nil :content akruse_at_snap_org_email_akruse_at_snap_org)
Tue Mar 04 16:01:23 2003: Sending message: (register :sender akruse_at_snap_org_email_akruse_at_snap_org :ontology tcp-ip :reply-with t :content (akruse_at_snap_org_email_akruse_at_snap_org sangat.isi.edu:6678))
Tue Mar 04 16:01:23 2003: Received: {'receiver': 'akruse_at_snap_org_email_akruse_at_snap_org', 'performative': 'reply', 'sender': 'TEAMCORE', 'in-reply-to': 't', 'content': 'akruse_at_snap_org_email_akruse_at_snap_org TEAMCORE'}
Tue Mar 04 16:01:23 2003: Registration produced: {'receiver': 'akruse_at_snap_org_email_akruse_at_snap_org', 'performative': 'reply', 'sender': 'TEAMCORE', 'in-reply-to': 't', 'content': 'akruse_at_snap_org_email_akruse_at_snap_org TEAMCORE'}akruse_at_snap_org_email_akruse_at_snap_org, TEAMCORE
Tue Mar 04 16:01:23 2003: Registration successful: akruse_at_snap_org_email_akruse_at_snap_org
Tue Mar 04 16:01:23 2003: Router for akruse_at_snap_org_email_akruse_at_snap_org running...
Tue Mar 04 16:01:23 2003: Sending message: (ask-one :sender akruse_at_snap_org_email_akruse_at_snap_org :reply-with t :content "proxy_akruse_at_snap_org")
Tue Mar 04 16:01:23 2003: Received: {'receiver': 'akruse_at_snap_org_email_akruse_at_snap_org', 'performative': 'reply', 'sender': 'TEAMCORE', 'in-reply-to': 't', 'content': 'proxy_akruse_at_snap_org:sangat.isi.edu:9993:'}
Tue Mar 04 16:01:23 2003: Sending message: (register :name email_akruse_at_snap_org :reply-with nil :agenttype device :receiver proxy_akruse_at_snap_org :user akruse_at_snap_org :sender akruse_at_snap_org_email_akruse_at_snap_org :direction (to user))
Tue Mar 04 16:01:24 2003: Received: {'receiver': 'akruse_at_snap_org_email_akruse_at_snap_org', 'performative': 'ask', 'sender': 'ping_akruse_at_snap_org_email_akruse_at_snap_org', 'reply-with': 'akruse_at_snap_org', 'content': 'hello'}
Tue Mar 04 16:01:24 2003: Processing message: {'receiver': 'akruse_at_snap_org_email_akruse_at_snap_org', 'performative': 'ask', 'sender': 'ping_akruse_at_snap_org_email_akruse_at_snap_org', 'reply-with': 'akruse_at_snap_org', 'content': 'hello'}
Tue Mar 04 16:01:24 2003: Replying: (sorry :reply-with nil :in-reply-to akruse_at_snap_org :receiver ping_akruse_at_snap_org_email_akruse_at_snap_org :sender akruse_at_snap_org_email_akruse_at_snap_org :comment "Unintelligible query")
Tue Mar 04 16:11:46 2003: Received: {'receiver': 'akruse_at_snap_org_email_akruse_at_snap_org', 'performative': 'tell', 'sender': 'stop_akruse_at_snap_org_email_akruse_at_snap_org', 'reply-with': 'nil', 'content': 'stop'}
Tue Mar 04 16:11:46 2003: Processing message: {'receiver': 'akruse_at_snap_org_email_akruse_at_snap_org', 'performative': 'tell', 'sender': 'stop_akruse_at_snap_org_email_akruse_at_snap_org', 'reply-with': 'nil', 'content': 'stop'}
Tue Mar 04 16:11:47 2003: Sending message: (unregister :receiver proxy_akruse_at_snap_org :name email_akruse_at_snap_org :sender akruse_at_snap_org_email_akruse_at_snap_org :reply-with nil :user akruse_at_snap_org)
Tue Mar 04 16:11:47 2003: Router akruse_at_snap_org_email_akruse_at_snap_org exiting...
Tue Mar 04 16:11:47 2003: Sending message: (unregister :receiver TEAMCORE :sender akruse_at_snap_org_email_akruse_at_snap_org :ontology tcp-ip :reply-with nil :content akruse_at_snap_org_email_akruse_at_snap_org)
Tue Mar 04 16:11:47 2003: Exiting...
Tue Mar 04 16:11:49 2003: Using ANS: ('vibhagam.isi.edu', 5500)
Tue Mar 04 16:11:49 2003: Bound to host/port: sangat.isi.edu:6677
Tue Mar 04 16:11:49 2003: Sending message: (register :ontology tcp-ip :sender akruse_at_snap_org_email_akruse_at_snap_org :reply-with t :content "akruse_at_snap_org_email_akruse_at_snap_org sangat.isi.edu:6677")
Tue Mar 04 16:11:49 2003: Received: {'receiver': 'akruse_at_snap_org_email_akruse_at_snap_org', 'performative': 'error', 'sender': 'TEAMCORE', 'in-reply-to': 't', 'content': 'handler encountered error'}
Tue Mar 04 16:11:49 2003: Registration produced: {'receiver': 'akruse_at_snap_org_email_akruse_at_snap_org', 'performative': 'error', 'sender': 'TEAMCORE', 'in-reply-to': 't', 'content': 'handler encountered error'}
Tue Mar 04 16:11:49 2003: Sending message: (unregister :sender akruse_at_snap_org_email_akruse_at_snap_org :ontology tcp-ip :reply-with nil :content akruse_at_snap_org_email_akruse_at_snap_org)
Tue Mar 04 16:11:49 2003: Sending message: (register :sender akruse_at_snap_org_email_akruse_at_snap_org :ontology tcp-ip :reply-with t :content (akruse_at_snap_org_email_akruse_at_snap_org sangat.isi.edu:6677))
Tue Mar 04 16:11:49 2003: Received: {'receiver': 'akruse_at_snap_org_email_akruse_at_snap_org', 'performative': 'reply', 'sender': 'TEAMCORE', 'in-reply-to': 't', 'content': 'akruse_at_snap_org_email_akruse_at_snap_org TEAMCORE'}
Tue Mar 04 16:11:49 2003: Registration produced: {'receiver': 'akruse_at_snap_org_email_akruse_at_snap_org', 'performative': 'reply', 'sender': 'TEAMCORE', 'in-reply-to': 't', 'content': 'akruse_at_snap_org_email_akruse_at_snap_org TEAMCORE'}akruse_at_snap_org_email_akruse_at_snap_org, TEAMCORE
Tue Mar 04 16:11:49 2003: Registration successful: akruse_at_snap_org_email_akruse_at_snap_org
Tue Mar 04 16:11:49 2003: Router for akruse_at_snap_org_email_akruse_at_snap_org running...
Tue Mar 04 16:11:49 2003: Sending message: (ask-one :sender akruse_at_snap_org_email_akruse_at_snap_org :reply-with t :content "proxy_akruse_at_snap_org")
Tue Mar 04 16:11:49 2003: Received: {'receiver': 'akruse_at_snap_org_email_akruse_at_snap_org', 'performative': 'reply', 'sender': 'TEAMCORE', 'in-reply-to': 't', 'content': 'proxy_akruse_at_snap_org:sangat.isi.edu:9993:'}
Tue Mar 04 16:11:49 2003: Sending message: (register :name email_akruse_at_snap_org :reply-with nil :agenttype device :receiver proxy_akruse_at_snap_org :user akruse_at_snap_org :sender akruse_at_snap_org_email_akruse_at_snap_org :direction (to user))
Tue Mar 04 16:11:51 2003: Received: {'receiver': 'akruse_at_snap_org_email_akruse_at_snap_org', 'performative': 'ask', 'sender': 'ping_akruse_at_snap_org_email_akruse_at_snap_org', 'reply-with': 'akruse_at_snap_org', 'content': 'hello'}
Tue Mar 04 16:11:51 2003: Processing message: {'receiver': 'akruse_at_snap_org_email_akruse_at_snap_org', 'performative': 'ask', 'sender': 'ping_akruse_at_snap_org_email_akruse_at_snap_org', 'reply-with': 'akruse_at_snap_org', 'content': 'hello'}
Tue Mar 04 16:11:51 2003: Replying: (sorry :reply-with nil :in-reply-to akruse_at_snap_org :receiver ping_akruse_at_snap_org_email_akruse_at_snap_org :sender akruse_at_snap_org_email_akruse_at_snap_org :comment "Unintelligible query")
Mon Apr 21 16:54:03 2003: Received: {'receiver': 'akruse_at_snap_org_email_akruse_at_snap_org', 'performative': 'kqml-admin', 'sender': 'TEAMCORE', 'kqml-msg-id': '880+vibhagam.isi.edu+8', 'reply-with': 't', 'content': 'name'}
Mon Apr 21 17:05:14 2003: Received: {'receiver': 'akruse_at_snap_org_email_akruse_at_snap_org', 'performative': 'ask', 'sender': 'ping_akruse_at_snap_org_email_akruse_at_snap_org', 'reply-with': 'akruse_at_snap_org', 'content': 'hello'}
Mon Apr 21 17:05:14 2003: Processing message: {'receiver': 'akruse_at_snap_org_email_akruse_at_snap_org', 'performative': 'ask', 'sender': 'ping_akruse_at_snap_org_email_akruse_at_snap_org', 'reply-with': 'akruse_at_snap_org', 'content': 'hello'}
Mon Apr 21 17:05:14 2003: Replying: (sorry :reply-with nil :in-reply-to akruse_at_snap_org :receiver ping_akruse_at_snap_org_email_akruse_at_snap_org :sender akruse_at_snap_org_email_akruse_at_snap_org :comment "Unintelligible query")
Mon Apr 21 17:11:26 2003: Received: {'receiver': 'akruse_at_snap_org_email_akruse_at_snap_org', 'performative': 'tell', 'sender': 'stop_akruse_at_snap_org_email_akruse_at_snap_org', 'reply-with': 'nil', 'content': 'stop'}
Mon Apr 21 17:11:26 2003: Processing message: {'receiver': 'akruse_at_snap_org_email_akruse_at_snap_org', 'performative': 'tell', 'sender': 'stop_akruse_at_snap_org_email_akruse_at_snap_org', 'reply-with': 'nil', 'content': 'stop'}
Mon Apr 21 17:11:26 2003: Sending message: (unregister :receiver proxy_akruse_at_snap_org :name email_akruse_at_snap_org :sender akruse_at_snap_org_email_akruse_at_snap_org :reply-with nil :user akruse_at_snap_org)
Mon Apr 21 17:11:26 2003: Router akruse_at_snap_org_email_akruse_at_snap_org exiting...
Mon Apr 21 17:11:26 2003: Sending message: (unregister :receiver TEAMCORE :sender akruse_at_snap_org_email_akruse_at_snap_org :ontology tcp-ip :reply-with nil :content akruse_at_snap_org_email_akruse_at_snap_org)
Mon Apr 21 17:11:26 2003: Exiting...
Mon Apr 21 17:11:29 2003: Using ANS: ('vibhagam.isi.edu', 5500)
Mon Apr 21 17:11:29 2003: Bound to host/port: sangat.isi.edu:6677
Mon Apr 21 17:11:29 2003: Sending message: (register :ontology tcp-ip :sender akruse_at_snap_org_email_akruse_at_snap_org :reply-with t :content "akruse_at_snap_org_email_akruse_at_snap_org sangat.isi.edu:6677")
Mon Apr 21 17:11:29 2003: Received: {'receiver': 'akruse_at_snap_org_email_akruse_at_snap_org', 'performative': 'error', 'sender': 'TEAMCORE', 'in-reply-to': 't', 'content': 'handler encountered error'}
Mon Apr 21 17:11:29 2003: Registration produced: {'receiver': 'akruse_at_snap_org_email_akruse_at_snap_org', 'performative': 'error', 'sender': 'TEAMCORE', 'in-reply-to': 't', 'content': 'handler encountered error'}
Mon Apr 21 17:11:29 2003: Sending message: (unregister :sender akruse_at_snap_org_email_akruse_at_snap_org :ontology tcp-ip :reply-with nil :content akruse_at_snap_org_email_akruse_at_snap_org)
Mon Apr 21 17:11:29 2003: Sending message: (register :sender akruse_at_snap_org_email_akruse_at_snap_org :ontology tcp-ip :reply-with t :content (akruse_at_snap_org_email_akruse_at_snap_org sangat.isi.edu:6677))
Mon Apr 21 17:11:29 2003: Received: {'receiver': 'akruse_at_snap_org_email_akruse_at_snap_org', 'performative': 'reply', 'sender': 'TEAMCORE', 'in-reply-to': 't', 'content': 'akruse_at_snap_org_email_akruse_at_snap_org TEAMCORE'}
Mon Apr 21 17:11:29 2003: Registration produced: {'receiver': 'akruse_at_snap_org_email_akruse_at_snap_org', 'performative': 'reply', 'sender': 'TEAMCORE', 'in-reply-to': 't', 'content': 'akruse_at_snap_org_email_akruse_at_snap_org TEAMCORE'}akruse_at_snap_org_email_akruse_at_snap_org, TEAMCORE
Mon Apr 21 17:11:29 2003: Registration successful: akruse_at_snap_org_email_akruse_at_snap_org
Mon Apr 21 17:11:29 2003: Router for akruse_at_snap_org_email_akruse_at_snap_org running...
Mon Apr 21 17:11:29 2003: Sending message: (ask-one :sender akruse_at_snap_org_email_akruse_at_snap_org :reply-with t :content "proxy_akruse_at_snap_org")
Mon Apr 21 17:11:29 2003: Received: {'receiver': 'akruse_at_snap_org_email_akruse_at_snap_org', 'performative': 'reply', 'sender': 'TEAMCORE', 'in-reply-to': 't', 'content': 'proxy_akruse_at_snap_org:sangat.isi.edu:9993:'}
Mon Apr 21 17:11:29 2003: Sending message: (register :name email_akruse_at_snap_org :reply-with nil :agenttype device :receiver proxy_akruse_at_snap_org :user akruse_at_snap_org :sender akruse_at_snap_org_email_akruse_at_snap_org :direction (to user))
Mon Apr 21 17:11:30 2003: Received: {'receiver': 'akruse_at_snap_org_email_akruse_at_snap_org', 'performative': 'ask', 'sender': 'ping_akruse_at_snap_org_email_akruse_at_snap_org', 'reply-with': 'akruse_at_snap_org', 'content': 'hello'}
Mon Apr 21 17:11:30 2003: Processing message: {'receiver': 'akruse_at_snap_org_email_akruse_at_snap_org', 'performative': 'ask', 'sender': 'ping_akruse_at_snap_org_email_akruse_at_snap_org', 'reply-with': 'akruse_at_snap_org', 'content': 'hello'}
Mon Apr 21 17:11:30 2003: Replying: (sorry :reply-with nil :in-reply-to akruse_at_snap_org :receiver ping_akruse_at_snap_org_email_akruse_at_snap_org :sender akruse_at_snap_org_email_akruse_at_snap_org :comment "Unintelligible query")
Mon Apr 21 17:52:08 2003: Using ANS: ('vibhagam', 5500)
Mon Apr 21 17:52:08 2003: Bound to host/port: sangat.isi.edu:6676
Mon Apr 21 17:52:08 2003: Sending message: (register :ontology tcp-ip :sender akruse_at_snap_org_email_akruse_at_snap_org :reply-with t :content "akruse_at_snap_org_email_akruse_at_snap_org sangat.isi.edu:6676")
Mon Apr 21 17:52:08 2003: Received: {'receiver': 'akruse_at_snap_org_email_akruse_at_snap_org', 'performative': 'error', 'sender': 'TEAMCORE', 'in-reply-to': 't', 'content': 'handler encountered error'}
Mon Apr 21 17:52:08 2003: Registration produced: {'receiver': 'akruse_at_snap_org_email_akruse_at_snap_org', 'performative': 'error', 'sender': 'TEAMCORE', 'in-reply-to': 't', 'content': 'handler encountered error'}
Mon Apr 21 17:52:08 2003: Sending message: (unregister :sender akruse_at_snap_org_email_akruse_at_snap_org :ontology tcp-ip :reply-with nil :content akruse_at_snap_org_email_akruse_at_snap_org)
Mon Apr 21 17:52:08 2003: Sending message: (register :sender akruse_at_snap_org_email_akruse_at_snap_org :ontology tcp-ip :reply-with t :content (akruse_at_snap_org_email_akruse_at_snap_org sangat.isi.edu:6676))
Mon Apr 21 17:52:08 2003: Received: {'receiver': 'akruse_at_snap_org_email_akruse_at_snap_org', 'performative': 'reply', 'sender': 'TEAMCORE', 'in-reply-to': 't', 'content': 'akruse_at_snap_org_email_akruse_at_snap_org TEAMCORE'}
Mon Apr 21 17:52:08 2003: Registration produced: {'receiver': 'akruse_at_snap_org_email_akruse_at_snap_org', 'performative': 'reply', 'sender': 'TEAMCORE', 'in-reply-to': 't', 'content': 'akruse_at_snap_org_email_akruse_at_snap_org TEAMCORE'}akruse_at_snap_org_email_akruse_at_snap_org, TEAMCORE
Mon Apr 21 17:52:08 2003: Registration successful: akruse_at_snap_org_email_akruse_at_snap_org
Mon Apr 21 17:52:08 2003: Router for akruse_at_snap_org_email_akruse_at_snap_org running...
Mon Apr 21 17:52:08 2003: Sending message: (ask-one :sender akruse_at_snap_org_email_akruse_at_snap_org :reply-with t :content "proxy_akruse_at_snap_org")
Mon Apr 21 17:52:08 2003: Received: {'receiver': 'akruse_at_snap_org_email_akruse_at_snap_org', 'performative': 'reply', 'sender': 'TEAMCORE', 'in-reply-to': 't', 'content': 'proxy_akruse_at_snap_org:sangat.isi.edu:9991:'}
Mon Apr 21 17:52:08 2003: Sending message: (register :name email_akruse_at_snap_org :reply-with nil :agenttype device :receiver proxy_akruse_at_snap_org :user akruse_at_snap_org :sender akruse_at_snap_org_email_akruse_at_snap_org :direction (to user))
Mon Apr 21 17:52:09 2003: Received: {'receiver': 'akruse_at_snap_org_email_akruse_at_snap_org', 'performative': 'ask', 'sender': 'ping_akruse_at_snap_org_email_akruse_at_snap_org', 'reply-with': 'akruse_at_snap_org', 'content': 'hello'}
Mon Apr 21 17:52:09 2003: Processing message: {'receiver': 'akruse_at_snap_org_email_akruse_at_snap_org', 'performative': 'ask', 'sender': 'ping_akruse_at_snap_org_email_akruse_at_snap_org', 'reply-with': 'akruse_at_snap_org', 'content': 'hello'}
Mon Apr 21 17:52:09 2003: Replying: (sorry :reply-with nil :in-reply-to akruse_at_snap_org :receiver ping_akruse_at_snap_org_email_akruse_at_snap_org :sender akruse_at_snap_org_email_akruse_at_snap_org :comment "Unintelligible query")
Mon Apr 21 17:55:35 2003: Received: {'receiver': 'akruse_at_snap_org_email_akruse_at_snap_org', 'performative': 'ask', 'sender': 'ping_akruse_at_snap_org_email_akruse_at_snap_org', 'reply-with': 'akruse_at_snap_org', 'content': 'hello'}
Mon Apr 21 17:55:35 2003: Processing message: {'receiver': 'akruse_at_snap_org_email_akruse_at_snap_org', 'performative': 'ask', 'sender': 'ping_akruse_at_snap_org_email_akruse_at_snap_org', 'reply-with': 'akruse_at_snap_org', 'content': 'hello'}
Mon Apr 21 17:55:35 2003: Replying: (sorry :reply-with nil :in-reply-to akruse_at_snap_org :receiver ping_akruse_at_snap_org_email_akruse_at_snap_org :sender akruse_at_snap_org_email_akruse_at_snap_org :comment "Unintelligible query")
Fri Aug 15 11:56:15 2003: Received: {'receiver': 'akruse_at_snap_org_email_akruse_at_snap_org', 'performative': 'kqml-admin', 'sender': 'TEAMCORE', 'kqml-msg-id': '23912+vibhagam.isi.edu+7', 'reply-with': 't', 'content': 'name'}
