Thu May 30 18:32:19 2002: Using ANS: ('vibhagam.isi.edu', 5500)
Thu May 30 18:32:19 2002: Bound to host/port: sangat.isi.edu:6683
Thu May 30 18:32:19 2002: Sending message: (register :ontology tcp-ip :sender blythe_at_isi_edu_email_blythe_at_isi_edu :reply-with t :content "blythe_at_isi_edu_email_blythe_at_isi_edu sangat.isi.edu:6683")
Thu May 30 18:32:19 2002: Received: {'receiver': 'blythe_at_isi_edu_email_blythe_at_isi_edu', 'performative': 'error', 'sender': 'TEAMCORE', 'in-reply-to': 't', 'content': 'handler encountered error'}
Thu May 30 18:32:19 2002: Registration produced: {'receiver': 'blythe_at_isi_edu_email_blythe_at_isi_edu', 'performative': 'error', 'sender': 'TEAMCORE', 'in-reply-to': 't', 'content': 'handler encountered error'}
Thu May 30 18:32:19 2002: Sending message: (unregister :sender blythe_at_isi_edu_email_blythe_at_isi_edu :ontology tcp-ip :reply-with nil :content blythe_at_isi_edu_email_blythe_at_isi_edu)
Thu May 30 18:32:19 2002: Sending message: (register :sender blythe_at_isi_edu_email_blythe_at_isi_edu :ontology tcp-ip :reply-with t :content (blythe_at_isi_edu_email_blythe_at_isi_edu sangat.isi.edu:6683))
Thu May 30 18:32:19 2002: Received: {'receiver': 'blythe_at_isi_edu_email_blythe_at_isi_edu', 'performative': 'reply', 'sender': 'TEAMCORE', 'in-reply-to': 't', 'content': 'blythe_at_isi_edu_email_blythe_at_isi_edu TEAMCORE'}
Thu May 30 18:32:19 2002: Registration produced: {'receiver': 'blythe_at_isi_edu_email_blythe_at_isi_edu', 'performative': 'reply', 'sender': 'TEAMCORE', 'in-reply-to': 't', 'content': 'blythe_at_isi_edu_email_blythe_at_isi_edu TEAMCORE'}blythe_at_isi_edu_email_blythe_at_isi_edu, TEAMCORE
Thu May 30 18:32:19 2002: Registration successful: blythe_at_isi_edu_email_blythe_at_isi_edu
Thu May 30 18:32:19 2002: Router for blythe_at_isi_edu_email_blythe_at_isi_edu running...
Thu May 30 18:32:20 2002: Sending message: (ask-one :sender blythe_at_isi_edu_email_blythe_at_isi_edu :reply-with t :content "proxy_blythe_at_isi_edu")
Thu May 30 18:32:20 2002: Received: {'receiver': 'blythe_at_isi_edu_email_blythe_at_isi_edu', 'performative': 'reply', 'sender': 'TEAMCORE', 'in-reply-to': 't', 'content': 'proxy_blythe_at_isi_edu:sangat.isi.edu:9992:'}
Thu May 30 18:32:20 2002: Sending message: (register :name email_blythe_at_isi_edu :reply-with nil :agenttype device :receiver proxy_blythe_at_isi_edu :user blythe_at_isi_edu :sender blythe_at_isi_edu_email_blythe_at_isi_edu :direction (to user))
Fri May 31 10:14:23 2002: Received: {'subject': 'Airfare Changed', 'performative': 'tell', 'reply-with': 'nil', 'receiver': 'blythe_at_isi_edu_email_blythe_at_isi_edu', 'user': 'blythe@isi.edu', 'sender': 'proxy_blythe_at_isi_edu', 'deadline': '10000', 'shortcontent': 'The airfare for your United Airlines itinerary (LAX - SFO) has increased to $328', 'content': 'Dear blythe_at_isi_edu,<br/><br/> The airfare for your United Airlines itinerary (LAX - SFO) has increased to $328.<br/><br/> -- Your personal elf'}
Fri May 31 10:14:23 2002: Processing message: {'subject': 'Airfare Changed', 'performative': 'tell', 'reply-with': 'nil', 'receiver': 'blythe_at_isi_edu_email_blythe_at_isi_edu', 'user': 'blythe@isi.edu', 'sender': 'proxy_blythe_at_isi_edu', 'deadline': '10000', 'shortcontent': 'The airfare for your United Airlines itinerary (LAX - SFO) has increased to $328', 'content': 'Dear blythe_at_isi_edu,<br/><br/> The airfare for your United Airlines itinerary (LAX - SFO) has increased to $328.<br/><br/> -- Your personal elf'}
Fri May 31 10:14:23 2002: Message for user ID: blythe@isi.edu
Fri May 31 10:14:23 2002: User name: Jim Blythe
Mon Jun 03 10:54:24 2002: Received: {'receiver': 'blythe_at_isi_edu_email_blythe_at_isi_edu', 'performative': 'ask', 'sender': 'ping_blythe_at_isi_edu_email_blythe_at_isi_edu', 'reply-with': 'blythe_at_isi_edu', 'content': 'hello'}
Mon Jun 03 10:54:24 2002: Processing message: {'receiver': 'blythe_at_isi_edu_email_blythe_at_isi_edu', 'performative': 'ask', 'sender': 'ping_blythe_at_isi_edu_email_blythe_at_isi_edu', 'reply-with': 'blythe_at_isi_edu', 'content': 'hello'}
Mon Jun 03 10:54:24 2002: Replying: (sorry :reply-with nil :in-reply-to blythe_at_isi_edu :receiver ping_blythe_at_isi_edu_email_blythe_at_isi_edu :sender blythe_at_isi_edu_email_blythe_at_isi_edu :comment "Unintelligible query")
Mon Jun 03 14:31:19 2002: Received: {'subject': 'Earlier Flights', 'performative': 'tell', 'reply-with': 'nil', 'receiver': 'blythe_at_isi_edu_email_blythe_at_isi_edu', 'user': 'blythe@isi.edu', 'sender': 'proxy_blythe_at_isi_edu', 'deadline': '10000', 'shortcontent': 'Current:<br/># 1824 LAX (6:16 PM) - SFO (7:27 PM) On Time<br/>Earlier United Airlines Flights:<br/># 960 LAX (3:30 PM) - SFO (4:42 PM) On Time<br/>------<br/><br/>', 'content': 'Dear blythe_at_isi_edu,<br/>The status of your currently scheduled flight(s) are:<br/># 1824 LAX (6:16 PM) - SFO (7:27 PM) On Time<br/><br/>If you would like to return earlier, the following United Airlines flights will arrive earlier than your scheduled flights:<br/><br/># 960 LAX (3:30 PM) - SFO (4:42 PM) On Time<br/>------<br/><br/> Thank you, <br/><br/> -- Your personal elf'}
Mon Jun 03 14:31:19 2002: Processing message: {'subject': 'Earlier Flights', 'performative': 'tell', 'reply-with': 'nil', 'receiver': 'blythe_at_isi_edu_email_blythe_at_isi_edu', 'user': 'blythe@isi.edu', 'sender': 'proxy_blythe_at_isi_edu', 'deadline': '10000', 'shortcontent': 'Current:<br/># 1824 LAX (6:16 PM) - SFO (7:27 PM) On Time<br/>Earlier United Airlines Flights:<br/># 960 LAX (3:30 PM) - SFO (4:42 PM) On Time<br/>------<br/><br/>', 'content': 'Dear blythe_at_isi_edu,<br/>The status of your currently scheduled flight(s) are:<br/># 1824 LAX (6:16 PM) - SFO (7:27 PM) On Time<br/><br/>If you would like to return earlier, the following United Airlines flights will arrive earlier than your scheduled flights:<br/><br/># 960 LAX (3:30 PM) - SFO (4:42 PM) On Time<br/>------<br/><br/> Thank you, <br/><br/> -- Your personal elf'}
Mon Jun 03 14:31:19 2002: Message for user ID: blythe@isi.edu
Mon Jun 03 14:31:19 2002: User name: Jim Blythe
Thu Jun 06 14:45:49 2002: Received: {'receiver': 'blythe_at_isi_edu_email_blythe_at_isi_edu', 'performative': 'ask', 'sender': 'ping_blythe_at_isi_edu_email_blythe_at_isi_edu', 'reply-with': 'blythe_at_isi_edu', 'content': 'hello'}
Thu Jun 06 14:45:49 2002: Processing message: {'receiver': 'blythe_at_isi_edu_email_blythe_at_isi_edu', 'performative': 'ask', 'sender': 'ping_blythe_at_isi_edu_email_blythe_at_isi_edu', 'reply-with': 'blythe_at_isi_edu', 'content': 'hello'}
Thu Jun 06 14:45:49 2002: Replying: (sorry :reply-with nil :in-reply-to blythe_at_isi_edu :receiver ping_blythe_at_isi_edu_email_blythe_at_isi_edu :sender blythe_at_isi_edu_email_blythe_at_isi_edu :comment "Unintelligible query")
Mon Jun 10 12:50:56 2002: Received: {'receiver': 'blythe_at_isi_edu_email_blythe_at_isi_edu', 'performative': 'kqml-admin', 'sender': 'TEAMCORE', 'kqml-msg-id': '699+vibhagam.isi.edu+57', 'reply-with': 't', 'content': 'name'}
Mon Jun 10 13:19:34 2002: Using ANS: ('vibhagam', 5500)
Mon Jun 10 13:19:34 2002: Bound to host/port: sangat.isi.edu:6670
Mon Jun 10 13:19:34 2002: Sending message: (register :ontology tcp-ip :sender blythe_at_isi_edu_email_blythe_at_isi_edu :reply-with t :content "blythe_at_isi_edu_email_blythe_at_isi_edu sangat.isi.edu:6670")
Mon Jun 10 13:19:34 2002: Received: {'receiver': 'blythe_at_isi_edu_email_blythe_at_isi_edu', 'performative': 'error', 'sender': 'TEAMCORE', 'in-reply-to': 't', 'content': 'handler encountered error'}
Mon Jun 10 13:19:34 2002: Registration produced: {'receiver': 'blythe_at_isi_edu_email_blythe_at_isi_edu', 'performative': 'error', 'sender': 'TEAMCORE', 'in-reply-to': 't', 'content': 'handler encountered error'}
Mon Jun 10 13:19:34 2002: Sending message: (unregister :sender blythe_at_isi_edu_email_blythe_at_isi_edu :ontology tcp-ip :reply-with nil :content blythe_at_isi_edu_email_blythe_at_isi_edu)
Mon Jun 10 13:19:34 2002: Sending message: (register :sender blythe_at_isi_edu_email_blythe_at_isi_edu :ontology tcp-ip :reply-with t :content (blythe_at_isi_edu_email_blythe_at_isi_edu sangat.isi.edu:6670))
Mon Jun 10 13:19:34 2002: Received: {'receiver': 'blythe_at_isi_edu_email_blythe_at_isi_edu', 'performative': 'reply', 'sender': 'TEAMCORE', 'in-reply-to': 't', 'content': 'blythe_at_isi_edu_email_blythe_at_isi_edu TEAMCORE'}
Mon Jun 10 13:19:34 2002: Registration produced: {'receiver': 'blythe_at_isi_edu_email_blythe_at_isi_edu', 'performative': 'reply', 'sender': 'TEAMCORE', 'in-reply-to': 't', 'content': 'blythe_at_isi_edu_email_blythe_at_isi_edu TEAMCORE'}blythe_at_isi_edu_email_blythe_at_isi_edu, TEAMCORE
Mon Jun 10 13:19:34 2002: Registration successful: blythe_at_isi_edu_email_blythe_at_isi_edu
Mon Jun 10 13:19:34 2002: Router for blythe_at_isi_edu_email_blythe_at_isi_edu running...
Mon Jun 10 13:19:34 2002: Sending message: (ask-one :sender blythe_at_isi_edu_email_blythe_at_isi_edu :reply-with t :content "proxy_blythe_at_isi_edu")
Mon Jun 10 13:19:34 2002: Received: {'receiver': 'blythe_at_isi_edu_email_blythe_at_isi_edu', 'performative': 'reply', 'sender': 'TEAMCORE', 'in-reply-to': 't', 'content': 'proxy_blythe_at_isi_edu:sangat.isi.edu:9991:'}
Mon Jun 10 13:19:34 2002: Sending message: (register :name email_blythe_at_isi_edu :reply-with nil :agenttype device :receiver proxy_blythe_at_isi_edu :user blythe_at_isi_edu :sender blythe_at_isi_edu_email_blythe_at_isi_edu :direction (to user))
Mon Jun 10 13:19:35 2002: Received: {'receiver': 'blythe_at_isi_edu_email_blythe_at_isi_edu', 'performative': 'ask', 'sender': 'ping_blythe_at_isi_edu_email_blythe_at_isi_edu', 'reply-with': 'blythe_at_isi_edu', 'content': 'hello'}
Mon Jun 10 13:19:35 2002: Processing message: {'receiver': 'blythe_at_isi_edu_email_blythe_at_isi_edu', 'performative': 'ask', 'sender': 'ping_blythe_at_isi_edu_email_blythe_at_isi_edu', 'reply-with': 'blythe_at_isi_edu', 'content': 'hello'}
Mon Jun 10 13:19:35 2002: Replying: (sorry :reply-with nil :in-reply-to blythe_at_isi_edu :receiver ping_blythe_at_isi_edu_email_blythe_at_isi_edu :sender blythe_at_isi_edu_email_blythe_at_isi_edu :comment "Unintelligible query")
Mon Jun 10 13:23:05 2002: Received: {'receiver': 'blythe_at_isi_edu_email_blythe_at_isi_edu', 'performative': 'ask', 'sender': 'ping_blythe_at_isi_edu_email_blythe_at_isi_edu', 'reply-with': 'blythe_at_isi_edu', 'content': 'hello'}
Mon Jun 10 13:23:05 2002: Processing message: {'receiver': 'blythe_at_isi_edu_email_blythe_at_isi_edu', 'performative': 'ask', 'sender': 'ping_blythe_at_isi_edu_email_blythe_at_isi_edu', 'reply-with': 'blythe_at_isi_edu', 'content': 'hello'}
Mon Jun 10 13:23:05 2002: Replying: (sorry :reply-with nil :in-reply-to blythe_at_isi_edu :receiver ping_blythe_at_isi_edu_email_blythe_at_isi_edu :sender blythe_at_isi_edu_email_blythe_at_isi_edu :comment "Unintelligible query")
Wed Jun 12 11:55:43 2002: Received: {'receiver': 'blythe_at_isi_edu_email_blythe_at_isi_edu', 'performative': 'ask', 'sender': 'ping_blythe_at_isi_edu_email_blythe_at_isi_edu', 'reply-with': 'blythe_at_isi_edu', 'content': 'hello'}
Wed Jun 12 11:55:43 2002: Processing message: {'receiver': 'blythe_at_isi_edu_email_blythe_at_isi_edu', 'performative': 'ask', 'sender': 'ping_blythe_at_isi_edu_email_blythe_at_isi_edu', 'reply-with': 'blythe_at_isi_edu', 'content': 'hello'}
Wed Jun 12 11:55:43 2002: Replying: (sorry :reply-with nil :in-reply-to blythe_at_isi_edu :receiver ping_blythe_at_isi_edu_email_blythe_at_isi_edu :sender blythe_at_isi_edu_email_blythe_at_isi_edu :comment "Unintelligible query")
Fri Jun 21 17:39:52 2002: Received: {'receiver': 'blythe_at_isi_edu_email_blythe_at_isi_edu', 'performative': 'ask', 'sender': 'ping_blythe_at_isi_edu_email_blythe_at_isi_edu', 'reply-with': 'blythe_at_isi_edu', 'content': 'hello'}
Fri Jun 21 17:39:52 2002: Processing message: {'receiver': 'blythe_at_isi_edu_email_blythe_at_isi_edu', 'performative': 'ask', 'sender': 'ping_blythe_at_isi_edu_email_blythe_at_isi_edu', 'reply-with': 'blythe_at_isi_edu', 'content': 'hello'}
Fri Jun 21 17:39:52 2002: Replying: (sorry :reply-with nil :in-reply-to blythe_at_isi_edu :receiver ping_blythe_at_isi_edu_email_blythe_at_isi_edu :sender blythe_at_isi_edu_email_blythe_at_isi_edu :comment "Unintelligible query")
Mon Jun 24 17:24:54 2002: Received: {'receiver': 'blythe_at_isi_edu_email_blythe_at_isi_edu', 'performative': 'ask', 'sender': 'ping_blythe_at_isi_edu_email_blythe_at_isi_edu', 'reply-with': 'blythe_at_isi_edu', 'content': 'hello'}
Mon Jun 24 17:24:54 2002: Processing message: {'receiver': 'blythe_at_isi_edu_email_blythe_at_isi_edu', 'performative': 'ask', 'sender': 'ping_blythe_at_isi_edu_email_blythe_at_isi_edu', 'reply-with': 'blythe_at_isi_edu', 'content': 'hello'}
Mon Jun 24 17:24:54 2002: Replying: (sorry :reply-with nil :in-reply-to blythe_at_isi_edu :receiver ping_blythe_at_isi_edu_email_blythe_at_isi_edu :sender blythe_at_isi_edu_email_blythe_at_isi_edu :comment "Unintelligible query")
Tue Jun 25 09:58:27 2002: Received: {'receiver': 'blythe_at_isi_edu_email_blythe_at_isi_edu', 'performative': 'tell', 'sender': 'stop_blythe_at_isi_edu_email_blythe_at_isi_edu', 'reply-with': 'nil', 'content': 'stop'}
Tue Jun 25 09:58:27 2002: Processing message: {'receiver': 'blythe_at_isi_edu_email_blythe_at_isi_edu', 'performative': 'tell', 'sender': 'stop_blythe_at_isi_edu_email_blythe_at_isi_edu', 'reply-with': 'nil', 'content': 'stop'}
Tue Jun 25 09:58:28 2002: Sending message: (unregister :receiver proxy_blythe_at_isi_edu :name email_blythe_at_isi_edu :sender blythe_at_isi_edu_email_blythe_at_isi_edu :reply-with nil :user blythe_at_isi_edu)
Tue Jun 25 09:58:28 2002: Router blythe_at_isi_edu_email_blythe_at_isi_edu exiting...
Tue Jun 25 09:58:28 2002: Sending message: (unregister :receiver TEAMCORE :sender blythe_at_isi_edu_email_blythe_at_isi_edu :ontology tcp-ip :reply-with nil :content blythe_at_isi_edu_email_blythe_at_isi_edu)
Tue Jun 25 09:58:28 2002: Exiting...
Tue Jun 25 09:58:31 2002: Using ANS: ('vibhagam.isi.edu', 5500)
Tue Jun 25 09:58:31 2002: Bound to host/port: sangat.isi.edu:6668
Tue Jun 25 09:58:31 2002: Sending message: (register :ontology tcp-ip :sender blythe_at_isi_edu_email_blythe_at_isi_edu :reply-with t :content "blythe_at_isi_edu_email_blythe_at_isi_edu sangat.isi.edu:6668")
Tue Jun 25 09:58:31 2002: Received: {'receiver': 'blythe_at_isi_edu_email_blythe_at_isi_edu', 'performative': 'error', 'sender': 'TEAMCORE', 'in-reply-to': 't', 'content': 'handler encountered error'}
Tue Jun 25 09:58:31 2002: Registration produced: {'receiver': 'blythe_at_isi_edu_email_blythe_at_isi_edu', 'performative': 'error', 'sender': 'TEAMCORE', 'in-reply-to': 't', 'content': 'handler encountered error'}
Tue Jun 25 09:58:31 2002: Sending message: (unregister :sender blythe_at_isi_edu_email_blythe_at_isi_edu :ontology tcp-ip :reply-with nil :content blythe_at_isi_edu_email_blythe_at_isi_edu)
Tue Jun 25 09:58:31 2002: Sending message: (register :sender blythe_at_isi_edu_email_blythe_at_isi_edu :ontology tcp-ip :reply-with t :content (blythe_at_isi_edu_email_blythe_at_isi_edu sangat.isi.edu:6668))
Tue Jun 25 09:58:31 2002: Received: {'receiver': 'blythe_at_isi_edu_email_blythe_at_isi_edu', 'performative': 'reply', 'sender': 'TEAMCORE', 'in-reply-to': 't', 'content': 'blythe_at_isi_edu_email_blythe_at_isi_edu TEAMCORE'}
Tue Jun 25 09:58:31 2002: Registration produced: {'receiver': 'blythe_at_isi_edu_email_blythe_at_isi_edu', 'performative': 'reply', 'sender': 'TEAMCORE', 'in-reply-to': 't', 'content': 'blythe_at_isi_edu_email_blythe_at_isi_edu TEAMCORE'}blythe_at_isi_edu_email_blythe_at_isi_edu, TEAMCORE
Tue Jun 25 09:58:31 2002: Registration successful: blythe_at_isi_edu_email_blythe_at_isi_edu
Tue Jun 25 09:58:31 2002: Router for blythe_at_isi_edu_email_blythe_at_isi_edu running...
Tue Jun 25 09:58:31 2002: Sending message: (ask-one :sender blythe_at_isi_edu_email_blythe_at_isi_edu :reply-with t :content "proxy_blythe_at_isi_edu")
Tue Jun 25 09:58:31 2002: Received: {'receiver': 'blythe_at_isi_edu_email_blythe_at_isi_edu', 'performative': 'reply', 'sender': 'TEAMCORE', 'in-reply-to': 't', 'content': 'proxy_blythe_at_isi_edu:sangat.isi.edu:9991:'}
Tue Jun 25 09:58:31 2002: Sending message: (register :name email_blythe_at_isi_edu :reply-with nil :agenttype device :receiver proxy_blythe_at_isi_edu :user blythe_at_isi_edu :sender blythe_at_isi_edu_email_blythe_at_isi_edu :direction (to user))
Tue Jun 25 09:58:32 2002: Received: {'receiver': 'blythe_at_isi_edu_email_blythe_at_isi_edu', 'performative': 'ask', 'sender': 'ping_blythe_at_isi_edu_email_blythe_at_isi_edu', 'reply-with': 'blythe_at_isi_edu', 'content': 'hello'}
Tue Jun 25 09:58:32 2002: Processing message: {'receiver': 'blythe_at_isi_edu_email_blythe_at_isi_edu', 'performative': 'ask', 'sender': 'ping_blythe_at_isi_edu_email_blythe_at_isi_edu', 'reply-with': 'blythe_at_isi_edu', 'content': 'hello'}
Tue Jun 25 09:58:32 2002: Replying: (sorry :reply-with nil :in-reply-to blythe_at_isi_edu :receiver ping_blythe_at_isi_edu_email_blythe_at_isi_edu :sender blythe_at_isi_edu_email_blythe_at_isi_edu :comment "Unintelligible query")
Wed Jun 26 14:21:00 2002: Using ANS: ('vibhagam.isi.edu', 5500)
Wed Jun 26 14:21:00 2002: Bound to host/port: sangat.isi.edu:6670
Wed Jun 26 14:21:00 2002: Sending message: (register :ontology tcp-ip :sender blythe_at_isi_edu_email_blythe_at_isi_edu :reply-with t :content "blythe_at_isi_edu_email_blythe_at_isi_edu sangat.isi.edu:6670")
Wed Jun 26 14:21:00 2002: Received: {'receiver': 'blythe_at_isi_edu_email_blythe_at_isi_edu', 'performative': 'error', 'sender': 'TEAMCORE', 'in-reply-to': 't', 'content': 'handler encountered error'}
Wed Jun 26 14:21:00 2002: Registration produced: {'receiver': 'blythe_at_isi_edu_email_blythe_at_isi_edu', 'performative': 'error', 'sender': 'TEAMCORE', 'in-reply-to': 't', 'content': 'handler encountered error'}
Wed Jun 26 14:21:00 2002: Sending message: (unregister :sender blythe_at_isi_edu_email_blythe_at_isi_edu :ontology tcp-ip :reply-with nil :content blythe_at_isi_edu_email_blythe_at_isi_edu)
Wed Jun 26 14:21:00 2002: Sending message: (register :sender blythe_at_isi_edu_email_blythe_at_isi_edu :ontology tcp-ip :reply-with t :content (blythe_at_isi_edu_email_blythe_at_isi_edu sangat.isi.edu:6670))
Wed Jun 26 14:21:00 2002: Received: {'receiver': 'blythe_at_isi_edu_email_blythe_at_isi_edu', 'performative': 'reply', 'sender': 'TEAMCORE', 'in-reply-to': 't', 'content': 'blythe_at_isi_edu_email_blythe_at_isi_edu TEAMCORE'}
Wed Jun 26 14:21:00 2002: Registration produced: {'receiver': 'blythe_at_isi_edu_email_blythe_at_isi_edu', 'performative': 'reply', 'sender': 'TEAMCORE', 'in-reply-to': 't', 'content': 'blythe_at_isi_edu_email_blythe_at_isi_edu TEAMCORE'}blythe_at_isi_edu_email_blythe_at_isi_edu, TEAMCORE
Wed Jun 26 14:21:00 2002: Registration successful: blythe_at_isi_edu_email_blythe_at_isi_edu
Wed Jun 26 14:21:00 2002: Router for blythe_at_isi_edu_email_blythe_at_isi_edu running...
Wed Jun 26 14:21:00 2002: Sending message: (ask-one :sender blythe_at_isi_edu_email_blythe_at_isi_edu :reply-with t :content "proxy_blythe_at_isi_edu")
Wed Jun 26 14:21:00 2002: Received: {'receiver': 'blythe_at_isi_edu_email_blythe_at_isi_edu', 'performative': 'reply', 'sender': 'TEAMCORE', 'in-reply-to': 't', 'content': 'proxy_blythe_at_isi_edu:sangat.isi.edu:9991:'}
Wed Jun 26 14:21:00 2002: Sending message: (register :name email_blythe_at_isi_edu :reply-with nil :agenttype device :receiver proxy_blythe_at_isi_edu :user blythe_at_isi_edu :sender blythe_at_isi_edu_email_blythe_at_isi_edu :direction (to user))
Wed Jun 26 14:21:01 2002: Received: {'receiver': 'blythe_at_isi_edu_email_blythe_at_isi_edu', 'performative': 'ask', 'sender': 'ping_blythe_at_isi_edu_email_blythe_at_isi_edu', 'reply-with': 'blythe_at_isi_edu', 'content': 'hello'}
Wed Jun 26 14:21:01 2002: Processing message: {'receiver': 'blythe_at_isi_edu_email_blythe_at_isi_edu', 'performative': 'ask', 'sender': 'ping_blythe_at_isi_edu_email_blythe_at_isi_edu', 'reply-with': 'blythe_at_isi_edu', 'content': 'hello'}
Wed Jun 26 14:21:01 2002: Replying: (sorry :reply-with nil :in-reply-to blythe_at_isi_edu :receiver ping_blythe_at_isi_edu_email_blythe_at_isi_edu :sender blythe_at_isi_edu_email_blythe_at_isi_edu :comment "Unintelligible query")
Wed Jun 26 14:21:09 2002: Received: {'receiver': 'ddyer_at_darpa_mil_email_ddyer_at_darpa_mil', 'performative': 'tell', 'sender': 'stop_ddyer_at_darpa_mil_email_ddyer_at_darpa_mil', 'reply-with': 'nil', 'content': 'stop'}
Wed Jun 26 14:21:09 2002: Processing message: {'receiver': 'ddyer_at_darpa_mil_email_ddyer_at_darpa_mil', 'performative': 'tell', 'sender': 'stop_ddyer_at_darpa_mil_email_ddyer_at_darpa_mil', 'reply-with': 'nil', 'content': 'stop'}
Wed Jun 26 14:21:10 2002: Sending message: (unregister :receiver proxy_blythe_at_isi_edu :name email_blythe_at_isi_edu :sender blythe_at_isi_edu_email_blythe_at_isi_edu :reply-with nil :user blythe_at_isi_edu)
Wed Jun 26 14:21:10 2002: Router blythe_at_isi_edu_email_blythe_at_isi_edu exiting...
Wed Jun 26 14:21:10 2002: Sending message: (unregister :receiver TEAMCORE :sender blythe_at_isi_edu_email_blythe_at_isi_edu :ontology tcp-ip :reply-with nil :content blythe_at_isi_edu_email_blythe_at_isi_edu)
Wed Jun 26 14:21:10 2002: Exiting...
Wed Jun 26 14:49:17 2002: Using ANS: ('vibhagam.isi.edu', 5500)
Wed Jun 26 14:49:17 2002: Bound to host/port: sangat.isi.edu:6687
Wed Jun 26 14:49:17 2002: Sending message: (register :ontology tcp-ip :sender blythe_at_isi_edu_email_blythe_at_isi_edu :reply-with t :content "blythe_at_isi_edu_email_blythe_at_isi_edu sangat.isi.edu:6687")
Wed Jun 26 14:49:17 2002: Received: {'receiver': 'blythe_at_isi_edu_email_blythe_at_isi_edu', 'performative': 'error', 'sender': 'TEAMCORE', 'in-reply-to': 't', 'content': 'handler encountered error'}
Wed Jun 26 14:49:17 2002: Registration produced: {'receiver': 'blythe_at_isi_edu_email_blythe_at_isi_edu', 'performative': 'error', 'sender': 'TEAMCORE', 'in-reply-to': 't', 'content': 'handler encountered error'}
Wed Jun 26 14:49:17 2002: Sending message: (unregister :sender blythe_at_isi_edu_email_blythe_at_isi_edu :ontology tcp-ip :reply-with nil :content blythe_at_isi_edu_email_blythe_at_isi_edu)
Wed Jun 26 14:49:17 2002: Sending message: (register :sender blythe_at_isi_edu_email_blythe_at_isi_edu :ontology tcp-ip :reply-with t :content (blythe_at_isi_edu_email_blythe_at_isi_edu sangat.isi.edu:6687))
Wed Jun 26 14:49:17 2002: Received: {'receiver': 'blythe_at_isi_edu_email_blythe_at_isi_edu', 'performative': 'reply', 'sender': 'TEAMCORE', 'in-reply-to': 't', 'content': 'blythe_at_isi_edu_email_blythe_at_isi_edu TEAMCORE'}
Wed Jun 26 14:49:17 2002: Registration produced: {'receiver': 'blythe_at_isi_edu_email_blythe_at_isi_edu', 'performative': 'reply', 'sender': 'TEAMCORE', 'in-reply-to': 't', 'content': 'blythe_at_isi_edu_email_blythe_at_isi_edu TEAMCORE'}blythe_at_isi_edu_email_blythe_at_isi_edu, TEAMCORE
Wed Jun 26 14:49:17 2002: Registration successful: blythe_at_isi_edu_email_blythe_at_isi_edu
Wed Jun 26 14:49:17 2002: Router for blythe_at_isi_edu_email_blythe_at_isi_edu running...
Wed Jun 26 14:49:17 2002: Sending message: (ask-one :sender blythe_at_isi_edu_email_blythe_at_isi_edu :reply-with t :content "proxy_blythe_at_isi_edu")
Wed Jun 26 14:49:17 2002: Received: {'receiver': 'blythe_at_isi_edu_email_blythe_at_isi_edu', 'performative': 'reply', 'sender': 'TEAMCORE', 'in-reply-to': 't', 'content': 'proxy_blythe_at_isi_edu:sangat.isi.edu:9991:'}
Wed Jun 26 14:49:17 2002: Sending message: (register :name email_blythe_at_isi_edu :reply-with nil :agenttype device :receiver proxy_blythe_at_isi_edu :user blythe_at_isi_edu :sender blythe_at_isi_edu_email_blythe_at_isi_edu :direction (to user))
Fri Jun 28 10:25:55 2002: Using ANS: ('vibhagam.isi.edu', 5500)
Fri Jun 28 10:25:55 2002: Bound to host/port: equipe.isi.edu:6669
Fri Jun 28 10:25:55 2002: Sending message: (register :ontology tcp-ip :sender blythe_at_isi_edu_email_blythe_at_isi_edu :reply-with t :content "blythe_at_isi_edu_email_blythe_at_isi_edu equipe.isi.edu:6669")
Fri Jun 28 10:25:55 2002: Received: {'receiver': 'blythe_at_isi_edu_email_blythe_at_isi_edu', 'performative': 'error', 'sender': 'TEAMCORE', 'in-reply-to': 't', 'content': 'handler encountered error'}
Fri Jun 28 10:25:55 2002: Registration produced: {'receiver': 'blythe_at_isi_edu_email_blythe_at_isi_edu', 'performative': 'error', 'sender': 'TEAMCORE', 'in-reply-to': 't', 'content': 'handler encountered error'}
Fri Jun 28 10:25:55 2002: Sending message: (unregister :sender blythe_at_isi_edu_email_blythe_at_isi_edu :ontology tcp-ip :reply-with nil :content blythe_at_isi_edu_email_blythe_at_isi_edu)
Fri Jun 28 10:25:55 2002: Sending message: (register :sender blythe_at_isi_edu_email_blythe_at_isi_edu :ontology tcp-ip :reply-with t :content (blythe_at_isi_edu_email_blythe_at_isi_edu equipe.isi.edu:6669))
Fri Jun 28 10:25:55 2002: Received: {'receiver': 'blythe_at_isi_edu_email_blythe_at_isi_edu', 'performative': 'reply', 'sender': 'TEAMCORE', 'in-reply-to': 't', 'content': 'blythe_at_isi_edu_email_blythe_at_isi_edu TEAMCORE'}
Fri Jun 28 10:25:55 2002: Registration produced: {'receiver': 'blythe_at_isi_edu_email_blythe_at_isi_edu', 'performative': 'reply', 'sender': 'TEAMCORE', 'in-reply-to': 't', 'content': 'blythe_at_isi_edu_email_blythe_at_isi_edu TEAMCORE'}blythe_at_isi_edu_email_blythe_at_isi_edu, TEAMCORE
Fri Jun 28 10:25:55 2002: Registration successful: blythe_at_isi_edu_email_blythe_at_isi_edu
Fri Jun 28 10:25:55 2002: Router for blythe_at_isi_edu_email_blythe_at_isi_edu running...
Fri Jun 28 10:25:55 2002: Sending message: (ask-one :sender blythe_at_isi_edu_email_blythe_at_isi_edu :reply-with t :content "proxy_blythe_at_isi_edu")
Fri Jun 28 10:25:55 2002: Received: {'receiver': 'blythe_at_isi_edu_email_blythe_at_isi_edu', 'performative': 'reply', 'sender': 'TEAMCORE', 'in-reply-to': 't', 'content': 'proxy_blythe_at_isi_edu:sangat.isi.edu:9991:'}
Fri Jun 28 10:25:55 2002: Sending message: (register :name email_blythe_at_isi_edu :reply-with nil :agenttype device :receiver proxy_blythe_at_isi_edu :user blythe_at_isi_edu :sender blythe_at_isi_edu_email_blythe_at_isi_edu :direction (to user))
Fri Jun 28 10:25:56 2002: Received: {'receiver': 'blythe_at_isi_edu_email_blythe_at_isi_edu', 'performative': 'ask', 'sender': 'ping_blythe_at_isi_edu_email_blythe_at_isi_edu', 'reply-with': 'blythe_at_isi_edu', 'content': 'hello'}
Fri Jun 28 10:25:56 2002: Processing message: {'receiver': 'blythe_at_isi_edu_email_blythe_at_isi_edu', 'performative': 'ask', 'sender': 'ping_blythe_at_isi_edu_email_blythe_at_isi_edu', 'reply-with': 'blythe_at_isi_edu', 'content': 'hello'}
Fri Jun 28 10:25:56 2002: Replying: (sorry :reply-with nil :in-reply-to blythe_at_isi_edu :receiver ping_blythe_at_isi_edu_email_blythe_at_isi_edu :sender blythe_at_isi_edu_email_blythe_at_isi_edu :comment "Unintelligible query")
Fri Jun 28 10:29:30 2002: Received: {'receiver': 'blythe_at_isi_edu_email_blythe_at_isi_edu', 'performative': 'ask', 'sender': 'ping_blythe_at_isi_edu_email_blythe_at_isi_edu', 'reply-with': 'blythe_at_isi_edu', 'content': 'hello'}
Fri Jun 28 10:29:30 2002: Processing message: {'receiver': 'blythe_at_isi_edu_email_blythe_at_isi_edu', 'performative': 'ask', 'sender': 'ping_blythe_at_isi_edu_email_blythe_at_isi_edu', 'reply-with': 'blythe_at_isi_edu', 'content': 'hello'}
Fri Jun 28 10:29:30 2002: Replying: (sorry :reply-with nil :in-reply-to blythe_at_isi_edu :receiver ping_blythe_at_isi_edu_email_blythe_at_isi_edu :sender blythe_at_isi_edu_email_blythe_at_isi_edu :comment "Unintelligible query")
Fri Jul 12 11:35:45 2002: Received: {'receiver': 'blythe_at_isi_edu_email_blythe_at_isi_edu', 'performative': 'ask', 'sender': 'ping_blythe_at_isi_edu_email_blythe_at_isi_edu', 'reply-with': 'blythe_at_isi_edu', 'content': 'hello'}
Fri Jul 12 11:35:45 2002: Processing message: {'receiver': 'blythe_at_isi_edu_email_blythe_at_isi_edu', 'performative': 'ask', 'sender': 'ping_blythe_at_isi_edu_email_blythe_at_isi_edu', 'reply-with': 'blythe_at_isi_edu', 'content': 'hello'}
Fri Jul 12 11:35:45 2002: Replying: (sorry :reply-with nil :in-reply-to blythe_at_isi_edu :receiver ping_blythe_at_isi_edu_email_blythe_at_isi_edu :sender blythe_at_isi_edu_email_blythe_at_isi_edu :comment "Unintelligible query")
Fri Jul 26 15:12:04 2002: Received: {'receiver': 'blythe_at_isi_edu_email_blythe_at_isi_edu', 'performative': 'tell', 'sender': 'stop_blythe_at_isi_edu_email_blythe_at_isi_edu', 'reply-with': 'nil', 'content': 'stop'}
Fri Jul 26 15:12:04 2002: Processing message: {'receiver': 'blythe_at_isi_edu_email_blythe_at_isi_edu', 'performative': 'tell', 'sender': 'stop_blythe_at_isi_edu_email_blythe_at_isi_edu', 'reply-with': 'nil', 'content': 'stop'}
Fri Jul 26 15:12:05 2002: Sending message: (unregister :receiver proxy_blythe_at_isi_edu :name email_blythe_at_isi_edu :sender blythe_at_isi_edu_email_blythe_at_isi_edu :reply-with nil :user blythe_at_isi_edu)
Fri Jul 26 15:12:05 2002: Router blythe_at_isi_edu_email_blythe_at_isi_edu exiting...
Fri Jul 26 15:12:05 2002: Sending message: (unregister :receiver TEAMCORE :sender blythe_at_isi_edu_email_blythe_at_isi_edu :ontology tcp-ip :reply-with nil :content blythe_at_isi_edu_email_blythe_at_isi_edu)
Fri Jul 26 15:12:05 2002: Exiting...
Fri Jul 26 15:12:08 2002: Using ANS: ('vibhagam.isi.edu', 5500)
Fri Jul 26 15:12:08 2002: Bound to host/port: equipe.isi.edu:6680
Fri Jul 26 15:12:08 2002: Sending message: (register :ontology tcp-ip :sender blythe_at_isi_edu_email_blythe_at_isi_edu :reply-with t :content "blythe_at_isi_edu_email_blythe_at_isi_edu equipe.isi.edu:6680")
Fri Jul 26 15:12:08 2002: Received: {'receiver': 'blythe_at_isi_edu_email_blythe_at_isi_edu', 'performative': 'error', 'sender': 'TEAMCORE', 'in-reply-to': 't', 'content': 'handler encountered error'}
Fri Jul 26 15:12:08 2002: Registration produced: {'receiver': 'blythe_at_isi_edu_email_blythe_at_isi_edu', 'performative': 'error', 'sender': 'TEAMCORE', 'in-reply-to': 't', 'content': 'handler encountered error'}
Fri Jul 26 15:12:08 2002: Sending message: (unregister :sender blythe_at_isi_edu_email_blythe_at_isi_edu :ontology tcp-ip :reply-with nil :content blythe_at_isi_edu_email_blythe_at_isi_edu)
Fri Jul 26 15:12:08 2002: Sending message: (register :sender blythe_at_isi_edu_email_blythe_at_isi_edu :ontology tcp-ip :reply-with t :content (blythe_at_isi_edu_email_blythe_at_isi_edu equipe.isi.edu:6680))
Fri Jul 26 15:12:08 2002: Received: {'receiver': 'blythe_at_isi_edu_email_blythe_at_isi_edu', 'performative': 'reply', 'sender': 'TEAMCORE', 'in-reply-to': 't', 'content': 'blythe_at_isi_edu_email_blythe_at_isi_edu TEAMCORE'}
Fri Jul 26 15:12:08 2002: Registration produced: {'receiver': 'blythe_at_isi_edu_email_blythe_at_isi_edu', 'performative': 'reply', 'sender': 'TEAMCORE', 'in-reply-to': 't', 'content': 'blythe_at_isi_edu_email_blythe_at_isi_edu TEAMCORE'}blythe_at_isi_edu_email_blythe_at_isi_edu, TEAMCORE
Fri Jul 26 15:12:08 2002: Registration successful: blythe_at_isi_edu_email_blythe_at_isi_edu
Fri Jul 26 15:12:08 2002: Router for blythe_at_isi_edu_email_blythe_at_isi_edu running...
Fri Jul 26 15:12:08 2002: Sending message: (ask-one :sender blythe_at_isi_edu_email_blythe_at_isi_edu :reply-with t :content "proxy_blythe_at_isi_edu")
Fri Jul 26 15:12:08 2002: Received: {'receiver': 'blythe_at_isi_edu_email_blythe_at_isi_edu', 'performative': 'reply', 'sender': 'TEAMCORE', 'in-reply-to': 't', 'content': 'proxy_blythe_at_isi_edu:sangat.isi.edu:9991:'}
Fri Jul 26 15:12:08 2002: Sending message: (register :name email_blythe_at_isi_edu :reply-with nil :agenttype device :receiver proxy_blythe_at_isi_edu :user blythe_at_isi_edu :sender blythe_at_isi_edu_email_blythe_at_isi_edu :direction (to user))
Fri Jul 26 15:12:09 2002: Received: {'receiver': 'blythe_at_isi_edu_email_blythe_at_isi_edu', 'performative': 'ask', 'sender': 'ping_blythe_at_isi_edu_email_blythe_at_isi_edu', 'reply-with': 'blythe_at_isi_edu', 'content': 'hello'}
Fri Jul 26 15:12:09 2002: Processing message: {'receiver': 'blythe_at_isi_edu_email_blythe_at_isi_edu', 'performative': 'ask', 'sender': 'ping_blythe_at_isi_edu_email_blythe_at_isi_edu', 'reply-with': 'blythe_at_isi_edu', 'content': 'hello'}
Fri Jul 26 15:12:09 2002: Replying: (sorry :reply-with nil :in-reply-to blythe_at_isi_edu :receiver ping_blythe_at_isi_edu_email_blythe_at_isi_edu :sender blythe_at_isi_edu_email_blythe_at_isi_edu :comment "Unintelligible query")
Fri Jul 26 15:15:14 2002: Received: {'receiver': 'blythe_at_isi_edu_email_blythe_at_isi_edu', 'performative': 'ask', 'sender': 'ping_blythe_at_isi_edu_email_blythe_at_isi_edu', 'reply-with': 'blythe_at_isi_edu', 'content': 'hello'}
Fri Jul 26 15:15:14 2002: Processing message: {'receiver': 'blythe_at_isi_edu_email_blythe_at_isi_edu', 'performative': 'ask', 'sender': 'ping_blythe_at_isi_edu_email_blythe_at_isi_edu', 'reply-with': 'blythe_at_isi_edu', 'content': 'hello'}
Fri Jul 26 15:15:14 2002: Replying: (sorry :reply-with nil :in-reply-to blythe_at_isi_edu :receiver ping_blythe_at_isi_edu_email_blythe_at_isi_edu :sender blythe_at_isi_edu_email_blythe_at_isi_edu :comment "Unintelligible query")
Mon Aug 19 18:22:18 2002: Using ANS: ('vibhagam', 5500)
Mon Aug 19 18:22:18 2002: Bound to host/port: sangat.isi.edu:6669
Mon Aug 19 18:22:18 2002: Sending message: (register :ontology tcp-ip :sender blythe_at_isi_edu_email_blythe_at_isi_edu :reply-with t :content "blythe_at_isi_edu_email_blythe_at_isi_edu sangat.isi.edu:6669")
Mon Aug 19 18:22:18 2002: Received: {'receiver': 'blythe_at_isi_edu_email_blythe_at_isi_edu', 'performative': 'error', 'sender': 'TEAMCORE', 'in-reply-to': 't', 'content': 'handler encountered error'}
Mon Aug 19 18:22:18 2002: Registration produced: {'receiver': 'blythe_at_isi_edu_email_blythe_at_isi_edu', 'performative': 'error', 'sender': 'TEAMCORE', 'in-reply-to': 't', 'content': 'handler encountered error'}
Mon Aug 19 18:22:18 2002: Sending message: (unregister :sender blythe_at_isi_edu_email_blythe_at_isi_edu :ontology tcp-ip :reply-with nil :content blythe_at_isi_edu_email_blythe_at_isi_edu)
Mon Aug 19 18:22:18 2002: Sending message: (register :sender blythe_at_isi_edu_email_blythe_at_isi_edu :ontology tcp-ip :reply-with t :content (blythe_at_isi_edu_email_blythe_at_isi_edu sangat.isi.edu:6669))
Mon Aug 19 18:22:18 2002: Received: {'receiver': 'blythe_at_isi_edu_email_blythe_at_isi_edu', 'performative': 'reply', 'sender': 'TEAMCORE', 'in-reply-to': 't', 'content': 'blythe_at_isi_edu_email_blythe_at_isi_edu TEAMCORE'}
Mon Aug 19 18:22:18 2002: Registration produced: {'receiver': 'blythe_at_isi_edu_email_blythe_at_isi_edu', 'performative': 'reply', 'sender': 'TEAMCORE', 'in-reply-to': 't', 'content': 'blythe_at_isi_edu_email_blythe_at_isi_edu TEAMCORE'}blythe_at_isi_edu_email_blythe_at_isi_edu, TEAMCORE
Mon Aug 19 18:22:18 2002: Registration successful: blythe_at_isi_edu_email_blythe_at_isi_edu
Mon Aug 19 18:22:18 2002: Router for blythe_at_isi_edu_email_blythe_at_isi_edu running...
Mon Aug 19 18:22:18 2002: Sending message: (ask-one :sender blythe_at_isi_edu_email_blythe_at_isi_edu :reply-with t :content "proxy_blythe_at_isi_edu")
Mon Aug 19 18:22:18 2002: Received: {'receiver': 'blythe_at_isi_edu_email_blythe_at_isi_edu', 'performative': 'reply', 'sender': 'TEAMCORE', 'in-reply-to': 't', 'content': 'proxy_blythe_at_isi_edu:sangat.isi.edu:9992:'}
Mon Aug 19 18:22:18 2002: Sending message: (register :name email_blythe_at_isi_edu :reply-with nil :agenttype device :receiver proxy_blythe_at_isi_edu :user blythe_at_isi_edu :sender blythe_at_isi_edu_email_blythe_at_isi_edu :direction (to user))
Mon Aug 19 18:22:19 2002: Received: {'receiver': 'blythe_at_isi_edu_email_blythe_at_isi_edu', 'performative': 'ask', 'sender': 'ping_blythe_at_isi_edu_email_blythe_at_isi_edu', 'reply-with': 'blythe_at_isi_edu', 'content': 'hello'}
Mon Aug 19 18:22:19 2002: Processing message: {'receiver': 'blythe_at_isi_edu_email_blythe_at_isi_edu', 'performative': 'ask', 'sender': 'ping_blythe_at_isi_edu_email_blythe_at_isi_edu', 'reply-with': 'blythe_at_isi_edu', 'content': 'hello'}
Mon Aug 19 18:22:19 2002: Replying: (sorry :reply-with nil :in-reply-to blythe_at_isi_edu :receiver ping_blythe_at_isi_edu_email_blythe_at_isi_edu :sender blythe_at_isi_edu_email_blythe_at_isi_edu :comment "Unintelligible query")
Fri Sep 06 13:52:24 2002: Received: {'receiver': 'blythe_at_isi_edu_email_blythe_at_isi_edu', 'performative': 'ask', 'sender': 'ping_blythe_at_isi_edu_email_blythe_at_isi_edu', 'reply-with': 'blythe_at_isi_edu', 'content': 'hello'}
Fri Sep 06 13:52:24 2002: Processing message: {'receiver': 'blythe_at_isi_edu_email_blythe_at_isi_edu', 'performative': 'ask', 'sender': 'ping_blythe_at_isi_edu_email_blythe_at_isi_edu', 'reply-with': 'blythe_at_isi_edu', 'content': 'hello'}
Fri Sep 06 13:52:24 2002: Replying: (sorry :reply-with nil :in-reply-to blythe_at_isi_edu :receiver ping_blythe_at_isi_edu_email_blythe_at_isi_edu :sender blythe_at_isi_edu_email_blythe_at_isi_edu :comment "Unintelligible query")
Fri Sep 06 14:07:39 2002: Using ANS: ('vibhagam.isi.edu', 5500)
Fri Sep 06 14:07:39 2002: Bound to host/port: equipe.isi.edu:6668
Fri Sep 06 14:07:39 2002: Sending message: (register :ontology tcp-ip :sender blythe_at_isi_edu_email_blythe_at_isi_edu :reply-with t :content "blythe_at_isi_edu_email_blythe_at_isi_edu equipe.isi.edu:6668")
Fri Sep 06 14:07:39 2002: Received: {'receiver': 'blythe_at_isi_edu_email_blythe_at_isi_edu', 'performative': 'error', 'sender': 'TEAMCORE', 'in-reply-to': 't', 'content': 'handler encountered error'}
Fri Sep 06 14:07:39 2002: Registration produced: {'receiver': 'blythe_at_isi_edu_email_blythe_at_isi_edu', 'performative': 'error', 'sender': 'TEAMCORE', 'in-reply-to': 't', 'content': 'handler encountered error'}
Fri Sep 06 14:07:39 2002: Sending message: (unregister :sender blythe_at_isi_edu_email_blythe_at_isi_edu :ontology tcp-ip :reply-with nil :content blythe_at_isi_edu_email_blythe_at_isi_edu)
Fri Sep 06 14:07:39 2002: Sending message: (register :sender blythe_at_isi_edu_email_blythe_at_isi_edu :ontology tcp-ip :reply-with t :content (blythe_at_isi_edu_email_blythe_at_isi_edu equipe.isi.edu:6668))
Fri Sep 06 14:07:39 2002: Received: {'receiver': 'blythe_at_isi_edu_email_blythe_at_isi_edu', 'performative': 'reply', 'sender': 'TEAMCORE', 'in-reply-to': 't', 'content': 'blythe_at_isi_edu_email_blythe_at_isi_edu TEAMCORE'}
Fri Sep 06 14:07:39 2002: Registration produced: {'receiver': 'blythe_at_isi_edu_email_blythe_at_isi_edu', 'performative': 'reply', 'sender': 'TEAMCORE', 'in-reply-to': 't', 'content': 'blythe_at_isi_edu_email_blythe_at_isi_edu TEAMCORE'}blythe_at_isi_edu_email_blythe_at_isi_edu, TEAMCORE
Fri Sep 06 14:07:39 2002: Registration successful: blythe_at_isi_edu_email_blythe_at_isi_edu
Fri Sep 06 14:07:39 2002: Router for blythe_at_isi_edu_email_blythe_at_isi_edu running...
Fri Sep 06 14:07:39 2002: Sending message: (ask-one :sender blythe_at_isi_edu_email_blythe_at_isi_edu :reply-with t :content "proxy_blythe_at_isi_edu")
Fri Sep 06 14:07:39 2002: Received: {'receiver': 'blythe_at_isi_edu_email_blythe_at_isi_edu', 'performative': 'reply', 'sender': 'TEAMCORE', 'in-reply-to': 't', 'content': 'proxy_blythe_at_isi_edu:sangat.isi.edu:9992:'}
Fri Sep 06 14:07:39 2002: Sending message: (register :name email_blythe_at_isi_edu :reply-with nil :agenttype device :receiver proxy_blythe_at_isi_edu :user blythe_at_isi_edu :sender blythe_at_isi_edu_email_blythe_at_isi_edu :direction (to user))
Fri Sep 06 14:07:40 2002: Received: {'receiver': 'blythe_at_isi_edu_email_blythe_at_isi_edu', 'performative': 'ask', 'sender': 'ping_blythe_at_isi_edu_email_blythe_at_isi_edu', 'reply-with': 'blythe_at_isi_edu', 'content': 'hello'}
Fri Sep 06 14:07:40 2002: Processing message: {'receiver': 'blythe_at_isi_edu_email_blythe_at_isi_edu', 'performative': 'ask', 'sender': 'ping_blythe_at_isi_edu_email_blythe_at_isi_edu', 'reply-with': 'blythe_at_isi_edu', 'content': 'hello'}
Fri Sep 06 14:07:40 2002: Replying: (sorry :reply-with nil :in-reply-to blythe_at_isi_edu :receiver ping_blythe_at_isi_edu_email_blythe_at_isi_edu :sender blythe_at_isi_edu_email_blythe_at_isi_edu :comment "Unintelligible query")
Tue Sep 24 15:19:55 2002: Received: {'receiver': 'blythe_at_isi_edu_email_blythe_at_isi_edu', 'performative': 'kqml-admin', 'sender': 'TEAMCORE', 'kqml-msg-id': '29131+vibhagam.isi.edu+60', 'reply-with': 't', 'content': 'name'}
Wed Sep 25 16:40:35 2002: Received: {'receiver': 'blythe_at_isi_edu_email_blythe_at_isi_edu', 'performative': 'ask', 'sender': 'ping_blythe_at_isi_edu_email_blythe_at_isi_edu', 'reply-with': 'blythe_at_isi_edu', 'content': 'hello'}
Wed Sep 25 16:40:35 2002: Processing message: {'receiver': 'blythe_at_isi_edu_email_blythe_at_isi_edu', 'performative': 'ask', 'sender': 'ping_blythe_at_isi_edu_email_blythe_at_isi_edu', 'reply-with': 'blythe_at_isi_edu', 'content': 'hello'}
Wed Sep 25 16:40:35 2002: Replying: (sorry :reply-with nil :in-reply-to blythe_at_isi_edu :receiver ping_blythe_at_isi_edu_email_blythe_at_isi_edu :sender blythe_at_isi_edu_email_blythe_at_isi_edu :comment "Unintelligible query")
Mon Oct 28 14:19:54 2002: Received: {'receiver': 'blythe_at_isi_edu_email_blythe_at_isi_edu', 'performative': 'kqml-admin', 'sender': 'TEAMCORE', 'kqml-msg-id': '24669+vibhagam.isi.edu+59', 'reply-with': 't', 'content': 'name'}
Mon Oct 28 14:20:47 2002: Received: {'receiver': 'blythe_at_isi_edu_email_blythe_at_isi_edu', 'performative': 'ask', 'sender': 'ping_blythe_at_isi_edu_email_blythe_at_isi_edu', 'reply-with': 'blythe_at_isi_edu', 'content': 'hello'}
Mon Oct 28 14:20:47 2002: Processing message: {'receiver': 'blythe_at_isi_edu_email_blythe_at_isi_edu', 'performative': 'ask', 'sender': 'ping_blythe_at_isi_edu_email_blythe_at_isi_edu', 'reply-with': 'blythe_at_isi_edu', 'content': 'hello'}
Mon Oct 28 14:20:47 2002: Replying: (sorry :reply-with nil :in-reply-to blythe_at_isi_edu :receiver ping_blythe_at_isi_edu_email_blythe_at_isi_edu :sender blythe_at_isi_edu_email_blythe_at_isi_edu :comment "Unintelligible query")
Tue Oct 29 10:25:17 2002: Received: {'receiver': 'blythe_at_isi_edu_email_blythe_at_isi_edu', 'performative': 'kqml-admin', 'sender': 'TEAMCORE', 'kqml-msg-id': '26893+vibhagam.isi.edu+49', 'reply-with': 't', 'content': 'name'}
Tue Oct 29 18:35:34 2002: Received: {'receiver': 'blythe_at_isi_edu_email_blythe_at_isi_edu', 'performative': 'kqml-admin', 'sender': 'TEAMCORE', 'kqml-msg-id': '29472+vibhagam.isi.edu+46', 'reply-with': 't', 'content': 'name'}
Tue Oct 29 19:59:29 2002: Received: {'receiver': 'blythe_at_isi_edu_email_blythe_at_isi_edu', 'performative': 'kqml-admin', 'sender': 'TEAMCORE', 'kqml-msg-id': '181+vibhagam.isi.edu+46', 'reply-with': 't', 'content': 'name'}
Tue Oct 29 20:16:12 2002: Received: {'receiver': 'blythe_at_isi_edu_email_blythe_at_isi_edu', 'performative': 'kqml-admin', 'sender': 'TEAMCORE', 'kqml-msg-id': '405+vibhagam.isi.edu+49', 'reply-with': 't', 'content': 'name'}
Mon Nov 04 10:16:54 2002: Received: {'receiver': 'blythe_at_isi_edu_email_blythe_at_isi_edu', 'performative': 'kqml-admin', 'sender': 'TEAMCORE', 'kqml-msg-id': '15317+vibhagam.isi.edu+55', 'reply-with': 't', 'content': 'name'}
Thu Nov 07 12:50:29 2002: Using ANS: ('vibhagam.isi.edu', 5500)
Thu Nov 07 12:50:30 2002: Bound to host/port: sangat.isi.edu:6669
Thu Nov 07 12:50:30 2002: Sending message: (register :ontology tcp-ip :sender blythe_at_isi_edu_email_blythe_at_isi_edu :reply-with t :content "blythe_at_isi_edu_email_blythe_at_isi_edu sangat.isi.edu:6669")
Thu Nov 07 12:50:30 2002: Received: {'receiver': 'blythe_at_isi_edu_email_blythe_at_isi_edu', 'performative': 'error', 'sender': 'TEAMCORE', 'in-reply-to': 't', 'content': 'handler encountered error'}
Thu Nov 07 12:50:30 2002: Registration produced: {'receiver': 'blythe_at_isi_edu_email_blythe_at_isi_edu', 'performative': 'error', 'sender': 'TEAMCORE', 'in-reply-to': 't', 'content': 'handler encountered error'}
Thu Nov 07 12:50:30 2002: Sending message: (unregister :sender blythe_at_isi_edu_email_blythe_at_isi_edu :ontology tcp-ip :reply-with nil :content blythe_at_isi_edu_email_blythe_at_isi_edu)
Thu Nov 07 12:50:30 2002: Sending message: (register :sender blythe_at_isi_edu_email_blythe_at_isi_edu :ontology tcp-ip :reply-with t :content (blythe_at_isi_edu_email_blythe_at_isi_edu sangat.isi.edu:6669))
Thu Nov 07 12:50:30 2002: Received: {'receiver': 'blythe_at_isi_edu_email_blythe_at_isi_edu', 'performative': 'reply', 'sender': 'TEAMCORE', 'in-reply-to': 't', 'content': 'blythe_at_isi_edu_email_blythe_at_isi_edu TEAMCORE'}
Thu Nov 07 12:50:30 2002: Registration produced: {'receiver': 'blythe_at_isi_edu_email_blythe_at_isi_edu', 'performative': 'reply', 'sender': 'TEAMCORE', 'in-reply-to': 't', 'content': 'blythe_at_isi_edu_email_blythe_at_isi_edu TEAMCORE'}blythe_at_isi_edu_email_blythe_at_isi_edu, TEAMCORE
Thu Nov 07 12:50:30 2002: Registration successful: blythe_at_isi_edu_email_blythe_at_isi_edu
Thu Nov 07 12:50:30 2002: Router for blythe_at_isi_edu_email_blythe_at_isi_edu running...
Thu Nov 07 12:50:30 2002: Sending message: (ask-one :sender blythe_at_isi_edu_email_blythe_at_isi_edu :reply-with t :content "proxy_blythe_at_isi_edu")
Thu Nov 07 12:50:30 2002: Received: {'receiver': 'blythe_at_isi_edu_email_blythe_at_isi_edu', 'performative': 'sorry', 'sender': 'TEAMCORE', 'in-reply-to': 't'}
Thu Nov 07 12:50:30 2002: No registered agent: proxy_blythe_at_isi_edu
Thu Nov 07 12:50:31 2002: Received: {'receiver': 'blythe_at_isi_edu_email_blythe_at_isi_edu', 'performative': 'ask', 'sender': 'ping_blythe_at_isi_edu_email_blythe_at_isi_edu', 'reply-with': 'blythe_at_isi_edu', 'content': 'hello'}
Thu Nov 07 12:50:31 2002: Processing message: {'receiver': 'blythe_at_isi_edu_email_blythe_at_isi_edu', 'performative': 'ask', 'sender': 'ping_blythe_at_isi_edu_email_blythe_at_isi_edu', 'reply-with': 'blythe_at_isi_edu', 'content': 'hello'}
Thu Nov 07 12:50:31 2002: Replying: (sorry :reply-with nil :in-reply-to blythe_at_isi_edu :receiver ping_blythe_at_isi_edu_email_blythe_at_isi_edu :sender blythe_at_isi_edu_email_blythe_at_isi_edu :comment "Unintelligible query")
Thu Nov 07 13:07:03 2002: Received: {'receiver': 'blythe_at_isi_edu_email_blythe_at_isi_edu', 'performative': 'tell', 'sender': 'stop_blythe_at_isi_edu_email_blythe_at_isi_edu', 'reply-with': 'nil', 'content': 'stop'}
Thu Nov 07 13:07:03 2002: Processing message: {'receiver': 'blythe_at_isi_edu_email_blythe_at_isi_edu', 'performative': 'tell', 'sender': 'stop_blythe_at_isi_edu_email_blythe_at_isi_edu', 'reply-with': 'nil', 'content': 'stop'}
Thu Nov 07 13:07:03 2002: Sending message: (ask-one :sender blythe_at_isi_edu_email_blythe_at_isi_edu :reply-with t :content "proxy_blythe_at_isi_edu")
Thu Nov 07 13:07:03 2002: Received: {'receiver': 'blythe_at_isi_edu_email_blythe_at_isi_edu', 'performative': 'reply', 'sender': 'TEAMCORE', 'in-reply-to': 't', 'content': 'proxy_blythe_at_isi_edu:sangat.isi.edu:9992:'}
Thu Nov 07 13:07:03 2002: Sending message: (unregister :receiver proxy_blythe_at_isi_edu :name email_blythe_at_isi_edu :sender blythe_at_isi_edu_email_blythe_at_isi_edu :reply-with nil :user blythe_at_isi_edu)
Thu Nov 07 13:07:03 2002: Router blythe_at_isi_edu_email_blythe_at_isi_edu exiting...
Thu Nov 07 13:07:03 2002: Sending message: (unregister :receiver TEAMCORE :sender blythe_at_isi_edu_email_blythe_at_isi_edu :ontology tcp-ip :reply-with nil :content blythe_at_isi_edu_email_blythe_at_isi_edu)
Thu Nov 07 13:07:03 2002: Exiting...
Thu Nov 07 13:07:06 2002: Using ANS: ('vibhagam.isi.edu', 5500)
Thu Nov 07 13:07:06 2002: Bound to host/port: sangat.isi.edu:6668
Thu Nov 07 13:07:06 2002: Sending message: (register :ontology tcp-ip :sender blythe_at_isi_edu_email_blythe_at_isi_edu :reply-with t :content "blythe_at_isi_edu_email_blythe_at_isi_edu sangat.isi.edu:6668")
Thu Nov 07 13:07:06 2002: Received: {'receiver': 'blythe_at_isi_edu_email_blythe_at_isi_edu', 'performative': 'error', 'sender': 'TEAMCORE', 'in-reply-to': 't', 'content': 'handler encountered error'}
Thu Nov 07 13:07:06 2002: Registration produced: {'receiver': 'blythe_at_isi_edu_email_blythe_at_isi_edu', 'performative': 'error', 'sender': 'TEAMCORE', 'in-reply-to': 't', 'content': 'handler encountered error'}
Thu Nov 07 13:07:06 2002: Sending message: (unregister :sender blythe_at_isi_edu_email_blythe_at_isi_edu :ontology tcp-ip :reply-with nil :content blythe_at_isi_edu_email_blythe_at_isi_edu)
Thu Nov 07 13:07:06 2002: Sending message: (register :sender blythe_at_isi_edu_email_blythe_at_isi_edu :ontology tcp-ip :reply-with t :content (blythe_at_isi_edu_email_blythe_at_isi_edu sangat.isi.edu:6668))
Thu Nov 07 13:07:06 2002: Received: {'receiver': 'blythe_at_isi_edu_email_blythe_at_isi_edu', 'performative': 'reply', 'sender': 'TEAMCORE', 'in-reply-to': 't', 'content': 'blythe_at_isi_edu_email_blythe_at_isi_edu TEAMCORE'}
Thu Nov 07 13:07:06 2002: Registration produced: {'receiver': 'blythe_at_isi_edu_email_blythe_at_isi_edu', 'performative': 'reply', 'sender': 'TEAMCORE', 'in-reply-to': 't', 'content': 'blythe_at_isi_edu_email_blythe_at_isi_edu TEAMCORE'}blythe_at_isi_edu_email_blythe_at_isi_edu, TEAMCORE
Thu Nov 07 13:07:06 2002: Registration successful: blythe_at_isi_edu_email_blythe_at_isi_edu
Thu Nov 07 13:07:06 2002: Router for blythe_at_isi_edu_email_blythe_at_isi_edu running...
Thu Nov 07 13:07:06 2002: Sending message: (ask-one :sender blythe_at_isi_edu_email_blythe_at_isi_edu :reply-with t :content "proxy_blythe_at_isi_edu")
Thu Nov 07 13:07:06 2002: Received: {'receiver': 'blythe_at_isi_edu_email_blythe_at_isi_edu', 'performative': 'reply', 'sender': 'TEAMCORE', 'in-reply-to': 't', 'content': 'proxy_blythe_at_isi_edu:sangat.isi.edu:9992:'}
Thu Nov 07 13:07:06 2002: Sending message: (register :name email_blythe_at_isi_edu :reply-with nil :agenttype device :receiver proxy_blythe_at_isi_edu :user blythe_at_isi_edu :sender blythe_at_isi_edu_email_blythe_at_isi_edu :direction (to user))
Thu Nov 07 13:07:07 2002: Received: {'receiver': 'blythe_at_isi_edu_email_blythe_at_isi_edu', 'performative': 'ask', 'sender': 'ping_blythe_at_isi_edu_email_blythe_at_isi_edu', 'reply-with': 'blythe_at_isi_edu', 'content': 'hello'}
Thu Nov 07 13:07:07 2002: Processing message: {'receiver': 'blythe_at_isi_edu_email_blythe_at_isi_edu', 'performative': 'ask', 'sender': 'ping_blythe_at_isi_edu_email_blythe_at_isi_edu', 'reply-with': 'blythe_at_isi_edu', 'content': 'hello'}
Thu Nov 07 13:07:07 2002: Replying: (sorry :reply-with nil :in-reply-to blythe_at_isi_edu :receiver ping_blythe_at_isi_edu_email_blythe_at_isi_edu :sender blythe_at_isi_edu_email_blythe_at_isi_edu :comment "Unintelligible query")
Tue Jan 07 16:40:12 2003: Using ANS: ('vibhagam', 5500)
Tue Jan 07 16:40:12 2003: Bound to host/port: sangat.isi.edu:6669
Tue Jan 07 16:40:12 2003: Sending message: (register :ontology tcp-ip :sender blythe_at_isi_edu_email_blythe_at_isi_edu :reply-with t :content "blythe_at_isi_edu_email_blythe_at_isi_edu sangat.isi.edu:6669")
Tue Jan 07 16:40:12 2003: Received: {'receiver': 'blythe_at_isi_edu_email_blythe_at_isi_edu', 'performative': 'error', 'sender': 'TEAMCORE', 'in-reply-to': 't', 'content': 'handler encountered error'}
Tue Jan 07 16:40:12 2003: Registration produced: {'receiver': 'blythe_at_isi_edu_email_blythe_at_isi_edu', 'performative': 'error', 'sender': 'TEAMCORE', 'in-reply-to': 't', 'content': 'handler encountered error'}
Tue Jan 07 16:40:12 2003: Sending message: (unregister :sender blythe_at_isi_edu_email_blythe_at_isi_edu :ontology tcp-ip :reply-with nil :content blythe_at_isi_edu_email_blythe_at_isi_edu)
Tue Jan 07 16:40:12 2003: Sending message: (register :sender blythe_at_isi_edu_email_blythe_at_isi_edu :ontology tcp-ip :reply-with t :content (blythe_at_isi_edu_email_blythe_at_isi_edu sangat.isi.edu:6669))
Tue Jan 07 16:40:12 2003: Received: {'receiver': 'blythe_at_isi_edu_email_blythe_at_isi_edu', 'performative': 'reply', 'sender': 'TEAMCORE', 'in-reply-to': 't', 'content': 'blythe_at_isi_edu_email_blythe_at_isi_edu TEAMCORE'}
Tue Jan 07 16:40:12 2003: Registration produced: {'receiver': 'blythe_at_isi_edu_email_blythe_at_isi_edu', 'performative': 'reply', 'sender': 'TEAMCORE', 'in-reply-to': 't', 'content': 'blythe_at_isi_edu_email_blythe_at_isi_edu TEAMCORE'}blythe_at_isi_edu_email_blythe_at_isi_edu, TEAMCORE
Tue Jan 07 16:40:12 2003: Registration successful: blythe_at_isi_edu_email_blythe_at_isi_edu
Tue Jan 07 16:40:12 2003: Router for blythe_at_isi_edu_email_blythe_at_isi_edu running...
Tue Jan 07 16:40:12 2003: Sending message: (ask-one :sender blythe_at_isi_edu_email_blythe_at_isi_edu :reply-with t :content "proxy_blythe_at_isi_edu")
Tue Jan 07 16:40:12 2003: Received: {'receiver': 'blythe_at_isi_edu_email_blythe_at_isi_edu', 'performative': 'reply', 'sender': 'TEAMCORE', 'in-reply-to': 't', 'content': 'proxy_blythe_at_isi_edu:sangat.isi.edu:9992:'}
Tue Jan 07 16:40:12 2003: Sending message: (register :name email_blythe_at_isi_edu :reply-with nil :agenttype device :receiver proxy_blythe_at_isi_edu :user blythe_at_isi_edu :sender blythe_at_isi_edu_email_blythe_at_isi_edu :direction (to user))
Tue Jan 07 16:40:13 2003: Received: {'receiver': 'blythe_at_isi_edu_email_blythe_at_isi_edu', 'performative': 'ask', 'sender': 'ping_blythe_at_isi_edu_email_blythe_at_isi_edu', 'reply-with': 'blythe_at_isi_edu', 'content': 'hello'}
Tue Jan 07 16:40:13 2003: Processing message: {'receiver': 'blythe_at_isi_edu_email_blythe_at_isi_edu', 'performative': 'ask', 'sender': 'ping_blythe_at_isi_edu_email_blythe_at_isi_edu', 'reply-with': 'blythe_at_isi_edu', 'content': 'hello'}
Tue Jan 07 16:40:13 2003: Replying: (sorry :reply-with nil :in-reply-to blythe_at_isi_edu :receiver ping_blythe_at_isi_edu_email_blythe_at_isi_edu :sender blythe_at_isi_edu_email_blythe_at_isi_edu :comment "Unintelligible query")
Mon Jan 13 16:24:12 2003: Using ANS: ('vibhagam', 5500)
Mon Jan 13 16:24:12 2003: Bound to host/port: sangat.isi.edu:6670
Mon Jan 13 16:24:12 2003: Sending message: (register :ontology tcp-ip :sender blythe_at_isi_edu_email_blythe_at_isi_edu :reply-with t :content "blythe_at_isi_edu_email_blythe_at_isi_edu sangat.isi.edu:6670")
Mon Jan 13 16:24:12 2003: Received: {'receiver': 'blythe_at_isi_edu_email_blythe_at_isi_edu', 'performative': 'error', 'sender': 'TEAMCORE', 'in-reply-to': 't', 'content': 'handler encountered error'}
Mon Jan 13 16:24:12 2003: Registration produced: {'receiver': 'blythe_at_isi_edu_email_blythe_at_isi_edu', 'performative': 'error', 'sender': 'TEAMCORE', 'in-reply-to': 't', 'content': 'handler encountered error'}
Mon Jan 13 16:24:12 2003: Sending message: (unregister :sender blythe_at_isi_edu_email_blythe_at_isi_edu :ontology tcp-ip :reply-with nil :content blythe_at_isi_edu_email_blythe_at_isi_edu)
Mon Jan 13 16:24:12 2003: Sending message: (register :sender blythe_at_isi_edu_email_blythe_at_isi_edu :ontology tcp-ip :reply-with t :content (blythe_at_isi_edu_email_blythe_at_isi_edu sangat.isi.edu:6670))
Mon Jan 13 16:24:12 2003: Received: {'receiver': 'blythe_at_isi_edu_email_blythe_at_isi_edu', 'performative': 'reply', 'sender': 'TEAMCORE', 'in-reply-to': 't', 'content': 'blythe_at_isi_edu_email_blythe_at_isi_edu TEAMCORE'}
Mon Jan 13 16:24:12 2003: Registration produced: {'receiver': 'blythe_at_isi_edu_email_blythe_at_isi_edu', 'performative': 'reply', 'sender': 'TEAMCORE', 'in-reply-to': 't', 'content': 'blythe_at_isi_edu_email_blythe_at_isi_edu TEAMCORE'}blythe_at_isi_edu_email_blythe_at_isi_edu, TEAMCORE
Mon Jan 13 16:24:12 2003: Registration successful: blythe_at_isi_edu_email_blythe_at_isi_edu
Mon Jan 13 16:24:12 2003: Router for blythe_at_isi_edu_email_blythe_at_isi_edu running...
Mon Jan 13 16:24:12 2003: Sending message: (ask-one :sender blythe_at_isi_edu_email_blythe_at_isi_edu :reply-with t :content "proxy_blythe_at_isi_edu")
Mon Jan 13 16:24:12 2003: Received: {'receiver': 'blythe_at_isi_edu_email_blythe_at_isi_edu', 'performative': 'reply', 'sender': 'TEAMCORE', 'in-reply-to': 't', 'content': 'proxy_blythe_at_isi_edu:sangat.isi.edu:9993:'}
Mon Jan 13 16:24:12 2003: Sending message: (register :name email_blythe_at_isi_edu :reply-with nil :agenttype device :receiver proxy_blythe_at_isi_edu :user blythe_at_isi_edu :sender blythe_at_isi_edu_email_blythe_at_isi_edu :direction (to user))
Mon Jan 13 16:24:13 2003: Received: {'receiver': 'blythe_at_isi_edu_email_blythe_at_isi_edu', 'performative': 'ask', 'sender': 'ping_blythe_at_isi_edu_email_blythe_at_isi_edu', 'reply-with': 'blythe_at_isi_edu', 'content': 'hello'}
Mon Jan 13 16:24:13 2003: Processing message: {'receiver': 'blythe_at_isi_edu_email_blythe_at_isi_edu', 'performative': 'ask', 'sender': 'ping_blythe_at_isi_edu_email_blythe_at_isi_edu', 'reply-with': 'blythe_at_isi_edu', 'content': 'hello'}
Mon Jan 13 16:24:13 2003: Replying: (sorry :reply-with nil :in-reply-to blythe_at_isi_edu :receiver ping_blythe_at_isi_edu_email_blythe_at_isi_edu :sender blythe_at_isi_edu_email_blythe_at_isi_edu :comment "Unintelligible query")
Thu Jan 16 10:59:31 2003: Received: {'receiver': 'blythe_at_isi_edu_email_blythe_at_isi_edu', 'performative': 'kqml-admin', 'sender': 'TEAMCORE', 'kqml-msg-id': '1786+vibhagam.isi.edu+49', 'reply-with': 't', 'content': 'name'}
Thu Jan 16 11:53:45 2003: Received: {'receiver': 'blythe_at_isi_edu_email_blythe_at_isi_edu', 'performative': 'ask', 'sender': 'ping_blythe_at_isi_edu_email_blythe_at_isi_edu', 'reply-with': 'blythe_at_isi_edu', 'content': 'hello'}
Thu Jan 16 11:53:45 2003: Processing message: {'receiver': 'blythe_at_isi_edu_email_blythe_at_isi_edu', 'performative': 'ask', 'sender': 'ping_blythe_at_isi_edu_email_blythe_at_isi_edu', 'reply-with': 'blythe_at_isi_edu', 'content': 'hello'}
Thu Jan 16 11:53:45 2003: Replying: (sorry :reply-with nil :in-reply-to blythe_at_isi_edu :receiver ping_blythe_at_isi_edu_email_blythe_at_isi_edu :sender blythe_at_isi_edu_email_blythe_at_isi_edu :comment "Unintelligible query")
Tue Mar 04 15:42:13 2003: Received: {'receiver': 'blythe_at_isi_edu_email_blythe_at_isi_edu', 'performative': 'ask', 'sender': 'ping_blythe_at_isi_edu_email_blythe_at_isi_edu', 'reply-with': 'blythe_at_isi_edu', 'content': 'hello'}
Tue Mar 04 15:42:13 2003: Processing message: {'receiver': 'blythe_at_isi_edu_email_blythe_at_isi_edu', 'performative': 'ask', 'sender': 'ping_blythe_at_isi_edu_email_blythe_at_isi_edu', 'reply-with': 'blythe_at_isi_edu', 'content': 'hello'}
Tue Mar 04 15:42:13 2003: Replying: (sorry :reply-with nil :in-reply-to blythe_at_isi_edu :receiver ping_blythe_at_isi_edu_email_blythe_at_isi_edu :sender blythe_at_isi_edu_email_blythe_at_isi_edu :comment "Unintelligible query")
Tue Mar 04 15:45:56 2003: Received: {'receiver': 'blythe_at_isi_edu_email_blythe_at_isi_edu', 'performative': 'ask', 'sender': 'ping_blythe_at_isi_edu_email_blythe_at_isi_edu', 'reply-with': 'blythe_at_isi_edu', 'content': 'hello'}
Tue Mar 04 15:45:56 2003: Processing message: {'receiver': 'blythe_at_isi_edu_email_blythe_at_isi_edu', 'performative': 'ask', 'sender': 'ping_blythe_at_isi_edu_email_blythe_at_isi_edu', 'reply-with': 'blythe_at_isi_edu', 'content': 'hello'}
Tue Mar 04 15:45:56 2003: Replying: (sorry :reply-with nil :in-reply-to blythe_at_isi_edu :receiver ping_blythe_at_isi_edu_email_blythe_at_isi_edu :sender blythe_at_isi_edu_email_blythe_at_isi_edu :comment "Unintelligible query")
Tue Mar 04 16:00:24 2003: Using ANS: ('vibhagam.isi.edu', 5500)
Tue Mar 04 16:00:24 2003: Bound to host/port: sangat.isi.edu:6669
Tue Mar 04 16:00:24 2003: Sending message: (register :ontology tcp-ip :sender blythe_at_isi_edu_email_blythe_at_isi_edu :reply-with t :content "blythe_at_isi_edu_email_blythe_at_isi_edu sangat.isi.edu:6669")
Tue Mar 04 16:00:24 2003: Received: {'receiver': 'blythe_at_isi_edu_email_blythe_at_isi_edu', 'performative': 'error', 'sender': 'TEAMCORE', 'in-reply-to': 't', 'content': 'handler encountered error'}
Tue Mar 04 16:00:24 2003: Registration produced: {'receiver': 'blythe_at_isi_edu_email_blythe_at_isi_edu', 'performative': 'error', 'sender': 'TEAMCORE', 'in-reply-to': 't', 'content': 'handler encountered error'}
Tue Mar 04 16:00:24 2003: Sending message: (unregister :sender blythe_at_isi_edu_email_blythe_at_isi_edu :ontology tcp-ip :reply-with nil :content blythe_at_isi_edu_email_blythe_at_isi_edu)
Tue Mar 04 16:00:24 2003: Sending message: (register :sender blythe_at_isi_edu_email_blythe_at_isi_edu :ontology tcp-ip :reply-with t :content (blythe_at_isi_edu_email_blythe_at_isi_edu sangat.isi.edu:6669))
Tue Mar 04 16:00:24 2003: Received: {'receiver': 'blythe_at_isi_edu_email_blythe_at_isi_edu', 'performative': 'reply', 'sender': 'TEAMCORE', 'in-reply-to': 't', 'content': 'blythe_at_isi_edu_email_blythe_at_isi_edu TEAMCORE'}
Tue Mar 04 16:00:24 2003: Registration produced: {'receiver': 'blythe_at_isi_edu_email_blythe_at_isi_edu', 'performative': 'reply', 'sender': 'TEAMCORE', 'in-reply-to': 't', 'content': 'blythe_at_isi_edu_email_blythe_at_isi_edu TEAMCORE'}blythe_at_isi_edu_email_blythe_at_isi_edu, TEAMCORE
Tue Mar 04 16:00:24 2003: Registration successful: blythe_at_isi_edu_email_blythe_at_isi_edu
Tue Mar 04 16:00:24 2003: Router for blythe_at_isi_edu_email_blythe_at_isi_edu running...
Tue Mar 04 16:00:24 2003: Sending message: (ask-one :sender blythe_at_isi_edu_email_blythe_at_isi_edu :reply-with t :content "proxy_blythe_at_isi_edu")
Tue Mar 04 16:00:24 2003: Received: {'receiver': 'blythe_at_isi_edu_email_blythe_at_isi_edu', 'performative': 'reply', 'sender': 'TEAMCORE', 'in-reply-to': 't', 'content': 'proxy_blythe_at_isi_edu:sangat.isi.edu:9993:'}
Tue Mar 04 16:00:24 2003: Sending message: (register :name email_blythe_at_isi_edu :reply-with nil :agenttype device :receiver proxy_blythe_at_isi_edu :user blythe_at_isi_edu :sender blythe_at_isi_edu_email_blythe_at_isi_edu :direction (to user))
Tue Mar 04 16:00:25 2003: Received: {'receiver': 'blythe_at_isi_edu_email_blythe_at_isi_edu', 'performative': 'ask', 'sender': 'ping_blythe_at_isi_edu_email_blythe_at_isi_edu', 'reply-with': 'blythe_at_isi_edu', 'content': 'hello'}
Tue Mar 04 16:00:25 2003: Processing message: {'receiver': 'blythe_at_isi_edu_email_blythe_at_isi_edu', 'performative': 'ask', 'sender': 'ping_blythe_at_isi_edu_email_blythe_at_isi_edu', 'reply-with': 'blythe_at_isi_edu', 'content': 'hello'}
Tue Mar 04 16:00:25 2003: Replying: (sorry :reply-with nil :in-reply-to blythe_at_isi_edu :receiver ping_blythe_at_isi_edu_email_blythe_at_isi_edu :sender blythe_at_isi_edu_email_blythe_at_isi_edu :comment "Unintelligible query")
Tue Mar 04 16:10:48 2003: Received: {'receiver': 'blythe_at_isi_edu_email_blythe_at_isi_edu', 'performative': 'tell', 'sender': 'stop_blythe_at_isi_edu_email_blythe_at_isi_edu', 'reply-with': 'nil', 'content': 'stop'}
Tue Mar 04 16:10:48 2003: Processing message: {'receiver': 'blythe_at_isi_edu_email_blythe_at_isi_edu', 'performative': 'tell', 'sender': 'stop_blythe_at_isi_edu_email_blythe_at_isi_edu', 'reply-with': 'nil', 'content': 'stop'}
Tue Mar 04 16:10:48 2003: Sending message: (unregister :receiver proxy_blythe_at_isi_edu :name email_blythe_at_isi_edu :sender blythe_at_isi_edu_email_blythe_at_isi_edu :reply-with nil :user blythe_at_isi_edu)
Tue Mar 04 16:10:48 2003: Router blythe_at_isi_edu_email_blythe_at_isi_edu exiting...
Tue Mar 04 16:10:48 2003: Sending message: (unregister :receiver TEAMCORE :sender blythe_at_isi_edu_email_blythe_at_isi_edu :ontology tcp-ip :reply-with nil :content blythe_at_isi_edu_email_blythe_at_isi_edu)
Tue Mar 04 16:10:48 2003: Exiting...
Tue Mar 04 16:10:51 2003: Using ANS: ('vibhagam.isi.edu', 5500)
Tue Mar 04 16:10:51 2003: Bound to host/port: sangat.isi.edu:6668
Tue Mar 04 16:10:51 2003: Sending message: (register :ontology tcp-ip :sender blythe_at_isi_edu_email_blythe_at_isi_edu :reply-with t :content "blythe_at_isi_edu_email_blythe_at_isi_edu sangat.isi.edu:6668")
Tue Mar 04 16:10:51 2003: Received: {'receiver': 'blythe_at_isi_edu_email_blythe_at_isi_edu', 'performative': 'error', 'sender': 'TEAMCORE', 'in-reply-to': 't', 'content': 'handler encountered error'}
Tue Mar 04 16:10:51 2003: Registration produced: {'receiver': 'blythe_at_isi_edu_email_blythe_at_isi_edu', 'performative': 'error', 'sender': 'TEAMCORE', 'in-reply-to': 't', 'content': 'handler encountered error'}
Tue Mar 04 16:10:51 2003: Sending message: (unregister :sender blythe_at_isi_edu_email_blythe_at_isi_edu :ontology tcp-ip :reply-with nil :content blythe_at_isi_edu_email_blythe_at_isi_edu)
Tue Mar 04 16:10:51 2003: Sending message: (register :sender blythe_at_isi_edu_email_blythe_at_isi_edu :ontology tcp-ip :reply-with t :content (blythe_at_isi_edu_email_blythe_at_isi_edu sangat.isi.edu:6668))
Tue Mar 04 16:10:51 2003: Received: {'receiver': 'blythe_at_isi_edu_email_blythe_at_isi_edu', 'performative': 'reply', 'sender': 'TEAMCORE', 'in-reply-to': 't', 'content': 'blythe_at_isi_edu_email_blythe_at_isi_edu TEAMCORE'}
Tue Mar 04 16:10:51 2003: Registration produced: {'receiver': 'blythe_at_isi_edu_email_blythe_at_isi_edu', 'performative': 'reply', 'sender': 'TEAMCORE', 'in-reply-to': 't', 'content': 'blythe_at_isi_edu_email_blythe_at_isi_edu TEAMCORE'}blythe_at_isi_edu_email_blythe_at_isi_edu, TEAMCORE
Tue Mar 04 16:10:51 2003: Registration successful: blythe_at_isi_edu_email_blythe_at_isi_edu
Tue Mar 04 16:10:51 2003: Router for blythe_at_isi_edu_email_blythe_at_isi_edu running...
Tue Mar 04 16:10:51 2003: Sending message: (ask-one :sender blythe_at_isi_edu_email_blythe_at_isi_edu :reply-with t :content "proxy_blythe_at_isi_edu")
Tue Mar 04 16:10:51 2003: Received: {'receiver': 'blythe_at_isi_edu_email_blythe_at_isi_edu', 'performative': 'reply', 'sender': 'TEAMCORE', 'in-reply-to': 't', 'content': 'proxy_blythe_at_isi_edu:sangat.isi.edu:9993:'}
Tue Mar 04 16:10:51 2003: Sending message: (register :name email_blythe_at_isi_edu :reply-with nil :agenttype device :receiver proxy_blythe_at_isi_edu :user blythe_at_isi_edu :sender blythe_at_isi_edu_email_blythe_at_isi_edu :direction (to user))
Tue Mar 04 16:10:52 2003: Received: {'receiver': 'blythe_at_isi_edu_email_blythe_at_isi_edu', 'performative': 'ask', 'sender': 'ping_blythe_at_isi_edu_email_blythe_at_isi_edu', 'reply-with': 'blythe_at_isi_edu', 'content': 'hello'}
Tue Mar 04 16:10:52 2003: Processing message: {'receiver': 'blythe_at_isi_edu_email_blythe_at_isi_edu', 'performative': 'ask', 'sender': 'ping_blythe_at_isi_edu_email_blythe_at_isi_edu', 'reply-with': 'blythe_at_isi_edu', 'content': 'hello'}
Tue Mar 04 16:10:52 2003: Replying: (sorry :reply-with nil :in-reply-to blythe_at_isi_edu :receiver ping_blythe_at_isi_edu_email_blythe_at_isi_edu :sender blythe_at_isi_edu_email_blythe_at_isi_edu :comment "Unintelligible query")
Mon Apr 21 17:01:16 2003: Received: {'receiver': 'blythe_at_isi_edu_email_blythe_at_isi_edu', 'performative': 'kqml-admin', 'sender': 'TEAMCORE', 'kqml-msg-id': '880+vibhagam.isi.edu+55', 'reply-with': 't', 'content': 'name'}
Mon Apr 21 17:04:50 2003: Received: {'receiver': 'blythe_at_isi_edu_email_blythe_at_isi_edu', 'performative': 'ask', 'sender': 'ping_blythe_at_isi_edu_email_blythe_at_isi_edu', 'reply-with': 'blythe_at_isi_edu', 'content': 'hello'}
Mon Apr 21 17:04:50 2003: Processing message: {'receiver': 'blythe_at_isi_edu_email_blythe_at_isi_edu', 'performative': 'ask', 'sender': 'ping_blythe_at_isi_edu_email_blythe_at_isi_edu', 'reply-with': 'blythe_at_isi_edu', 'content': 'hello'}
Mon Apr 21 17:04:50 2003: Replying: (sorry :reply-with nil :in-reply-to blythe_at_isi_edu :receiver ping_blythe_at_isi_edu_email_blythe_at_isi_edu :sender blythe_at_isi_edu_email_blythe_at_isi_edu :comment "Unintelligible query")
Mon Apr 21 17:10:29 2003: Received: {'receiver': 'blythe_at_isi_edu_email_blythe_at_isi_edu', 'performative': 'tell', 'sender': 'stop_blythe_at_isi_edu_email_blythe_at_isi_edu', 'reply-with': 'nil', 'content': 'stop'}
Mon Apr 21 17:10:29 2003: Processing message: {'receiver': 'blythe_at_isi_edu_email_blythe_at_isi_edu', 'performative': 'tell', 'sender': 'stop_blythe_at_isi_edu_email_blythe_at_isi_edu', 'reply-with': 'nil', 'content': 'stop'}
Mon Apr 21 17:10:29 2003: Sending message: (unregister :receiver proxy_blythe_at_isi_edu :name email_blythe_at_isi_edu :sender blythe_at_isi_edu_email_blythe_at_isi_edu :reply-with nil :user blythe_at_isi_edu)
Mon Apr 21 17:10:29 2003: Router blythe_at_isi_edu_email_blythe_at_isi_edu exiting...
Mon Apr 21 17:10:29 2003: Sending message: (unregister :receiver TEAMCORE :sender blythe_at_isi_edu_email_blythe_at_isi_edu :ontology tcp-ip :reply-with nil :content blythe_at_isi_edu_email_blythe_at_isi_edu)
Mon Apr 21 17:10:29 2003: Exiting...
Mon Apr 21 17:10:31 2003: Using ANS: ('vibhagam.isi.edu', 5500)
Mon Apr 21 17:10:31 2003: Bound to host/port: sangat.isi.edu:6697
Mon Apr 21 17:10:31 2003: Sending message: (register :ontology tcp-ip :sender blythe_at_isi_edu_email_blythe_at_isi_edu :reply-with t :content "blythe_at_isi_edu_email_blythe_at_isi_edu sangat.isi.edu:6697")
Mon Apr 21 17:10:31 2003: Received: {'receiver': 'blythe_at_isi_edu_email_blythe_at_isi_edu', 'performative': 'error', 'sender': 'TEAMCORE', 'in-reply-to': 't', 'content': 'handler encountered error'}
Mon Apr 21 17:10:31 2003: Registration produced: {'receiver': 'blythe_at_isi_edu_email_blythe_at_isi_edu', 'performative': 'error', 'sender': 'TEAMCORE', 'in-reply-to': 't', 'content': 'handler encountered error'}
Mon Apr 21 17:10:31 2003: Sending message: (unregister :sender blythe_at_isi_edu_email_blythe_at_isi_edu :ontology tcp-ip :reply-with nil :content blythe_at_isi_edu_email_blythe_at_isi_edu)
Mon Apr 21 17:10:31 2003: Sending message: (register :sender blythe_at_isi_edu_email_blythe_at_isi_edu :ontology tcp-ip :reply-with t :content (blythe_at_isi_edu_email_blythe_at_isi_edu sangat.isi.edu:6697))
Mon Apr 21 17:10:31 2003: Received: {'receiver': 'blythe_at_isi_edu_email_blythe_at_isi_edu', 'performative': 'reply', 'sender': 'TEAMCORE', 'in-reply-to': 't', 'content': 'blythe_at_isi_edu_email_blythe_at_isi_edu TEAMCORE'}
Mon Apr 21 17:10:31 2003: Registration produced: {'receiver': 'blythe_at_isi_edu_email_blythe_at_isi_edu', 'performative': 'reply', 'sender': 'TEAMCORE', 'in-reply-to': 't', 'content': 'blythe_at_isi_edu_email_blythe_at_isi_edu TEAMCORE'}blythe_at_isi_edu_email_blythe_at_isi_edu, TEAMCORE
Mon Apr 21 17:10:31 2003: Registration successful: blythe_at_isi_edu_email_blythe_at_isi_edu
Mon Apr 21 17:10:31 2003: Router for blythe_at_isi_edu_email_blythe_at_isi_edu running...
Mon Apr 21 17:10:31 2003: Sending message: (ask-one :sender blythe_at_isi_edu_email_blythe_at_isi_edu :reply-with t :content "proxy_blythe_at_isi_edu")
Mon Apr 21 17:10:31 2003: Received: {'receiver': 'blythe_at_isi_edu_email_blythe_at_isi_edu', 'performative': 'reply', 'sender': 'TEAMCORE', 'in-reply-to': 't', 'content': 'proxy_blythe_at_isi_edu:sangat.isi.edu:9993:'}
Mon Apr 21 17:10:31 2003: Sending message: (register :name email_blythe_at_isi_edu :reply-with nil :agenttype device :receiver proxy_blythe_at_isi_edu :user blythe_at_isi_edu :sender blythe_at_isi_edu_email_blythe_at_isi_edu :direction (to user))
Mon Apr 21 17:10:33 2003: Received: {'receiver': 'blythe_at_isi_edu_email_blythe_at_isi_edu', 'performative': 'ask', 'sender': 'ping_blythe_at_isi_edu_email_blythe_at_isi_edu', 'reply-with': 'blythe_at_isi_edu', 'content': 'hello'}
Mon Apr 21 17:10:33 2003: Processing message: {'receiver': 'blythe_at_isi_edu_email_blythe_at_isi_edu', 'performative': 'ask', 'sender': 'ping_blythe_at_isi_edu_email_blythe_at_isi_edu', 'reply-with': 'blythe_at_isi_edu', 'content': 'hello'}
Mon Apr 21 17:10:33 2003: Replying: (sorry :reply-with nil :in-reply-to blythe_at_isi_edu :receiver ping_blythe_at_isi_edu_email_blythe_at_isi_edu :sender blythe_at_isi_edu_email_blythe_at_isi_edu :comment "Unintelligible query")
Mon Apr 21 17:51:10 2003: Using ANS: ('vibhagam', 5500)
Mon Apr 21 17:51:10 2003: Bound to host/port: sangat.isi.edu:6669
Mon Apr 21 17:51:10 2003: Sending message: (register :ontology tcp-ip :sender blythe_at_isi_edu_email_blythe_at_isi_edu :reply-with t :content "blythe_at_isi_edu_email_blythe_at_isi_edu sangat.isi.edu:6669")
Mon Apr 21 17:51:10 2003: Received: {'receiver': 'blythe_at_isi_edu_email_blythe_at_isi_edu', 'performative': 'error', 'sender': 'TEAMCORE', 'in-reply-to': 't', 'content': 'handler encountered error'}
Mon Apr 21 17:51:10 2003: Registration produced: {'receiver': 'blythe_at_isi_edu_email_blythe_at_isi_edu', 'performative': 'error', 'sender': 'TEAMCORE', 'in-reply-to': 't', 'content': 'handler encountered error'}
Mon Apr 21 17:51:10 2003: Sending message: (unregister :sender blythe_at_isi_edu_email_blythe_at_isi_edu :ontology tcp-ip :reply-with nil :content blythe_at_isi_edu_email_blythe_at_isi_edu)
Mon Apr 21 17:51:10 2003: Sending message: (register :sender blythe_at_isi_edu_email_blythe_at_isi_edu :ontology tcp-ip :reply-with t :content (blythe_at_isi_edu_email_blythe_at_isi_edu sangat.isi.edu:6669))
Mon Apr 21 17:51:10 2003: Received: {'receiver': 'blythe_at_isi_edu_email_blythe_at_isi_edu', 'performative': 'reply', 'sender': 'TEAMCORE', 'in-reply-to': 't', 'content': 'blythe_at_isi_edu_email_blythe_at_isi_edu TEAMCORE'}
Mon Apr 21 17:51:10 2003: Registration produced: {'receiver': 'blythe_at_isi_edu_email_blythe_at_isi_edu', 'performative': 'reply', 'sender': 'TEAMCORE', 'in-reply-to': 't', 'content': 'blythe_at_isi_edu_email_blythe_at_isi_edu TEAMCORE'}blythe_at_isi_edu_email_blythe_at_isi_edu, TEAMCORE
Mon Apr 21 17:51:10 2003: Registration successful: blythe_at_isi_edu_email_blythe_at_isi_edu
Mon Apr 21 17:51:10 2003: Sending message: (ask-one :sender blythe_at_isi_edu_email_blythe_at_isi_edu :reply-with t :content "proxy_blythe_at_isi_edu")
Mon Apr 21 17:51:10 2003: Router for blythe_at_isi_edu_email_blythe_at_isi_edu running...
Mon Apr 21 17:51:10 2003: Received: {'receiver': 'blythe_at_isi_edu_email_blythe_at_isi_edu', 'performative': 'reply', 'sender': 'TEAMCORE', 'in-reply-to': 't', 'content': 'proxy_blythe_at_isi_edu:sangat.isi.edu:9991:'}
Mon Apr 21 17:51:10 2003: Sending message: (register :name email_blythe_at_isi_edu :reply-with nil :agenttype device :receiver proxy_blythe_at_isi_edu :user blythe_at_isi_edu :sender blythe_at_isi_edu_email_blythe_at_isi_edu :direction (to user))
Mon Apr 21 17:51:11 2003: Received: {'receiver': 'blythe_at_isi_edu_email_blythe_at_isi_edu', 'performative': 'ask', 'sender': 'ping_blythe_at_isi_edu_email_blythe_at_isi_edu', 'reply-with': 'blythe_at_isi_edu', 'content': 'hello'}
Mon Apr 21 17:51:11 2003: Processing message: {'receiver': 'blythe_at_isi_edu_email_blythe_at_isi_edu', 'performative': 'ask', 'sender': 'ping_blythe_at_isi_edu_email_blythe_at_isi_edu', 'reply-with': 'blythe_at_isi_edu', 'content': 'hello'}
Mon Apr 21 17:51:11 2003: Replying: (sorry :reply-with nil :in-reply-to blythe_at_isi_edu :receiver ping_blythe_at_isi_edu_email_blythe_at_isi_edu :sender blythe_at_isi_edu_email_blythe_at_isi_edu :comment "Unintelligible query")
Mon Apr 21 17:55:00 2003: Received: {'receiver': 'blythe_at_isi_edu_email_blythe_at_isi_edu', 'performative': 'ask', 'sender': 'ping_blythe_at_isi_edu_email_blythe_at_isi_edu', 'reply-with': 'blythe_at_isi_edu', 'content': 'hello'}
Mon Apr 21 17:55:00 2003: Processing message: {'receiver': 'blythe_at_isi_edu_email_blythe_at_isi_edu', 'performative': 'ask', 'sender': 'ping_blythe_at_isi_edu_email_blythe_at_isi_edu', 'reply-with': 'blythe_at_isi_edu', 'content': 'hello'}
Mon Apr 21 17:55:00 2003: Replying: (sorry :reply-with nil :in-reply-to blythe_at_isi_edu :receiver ping_blythe_at_isi_edu_email_blythe_at_isi_edu :sender blythe_at_isi_edu_email_blythe_at_isi_edu :comment "Unintelligible query")
Fri Aug 15 11:57:38 2003: Received: {'receiver': 'blythe_at_isi_edu_email_blythe_at_isi_edu', 'performative': 'kqml-admin', 'sender': 'TEAMCORE', 'kqml-msg-id': '23912+vibhagam.isi.edu+48', 'reply-with': 't', 'content': 'name'}
