Tue Dec 18 19:19:46 2001: Using ANS: ('vibhagam', 5500)
Tue Dec 18 19:19:47 2001: Bound to host/port: sangat.isi.edu:6677
Tue Dec 18 19:19:47 2001: Sending message: (register :ontology tcp-ip :sender knoblock_at_isi_edu_palm :reply-with t :content "knoblock_at_isi_edu_palm sangat.isi.edu:6677")
Tue Dec 18 19:19:47 2001: Received: {'receiver': 'knoblock_at_isi_edu_palm', 'performative': 'error', 'sender': 'TEAMCORE', 'in-reply-to': 't', 'content': 'handler encountered error'}
Tue Dec 18 19:19:47 2001: Registration produced: {'receiver': 'knoblock_at_isi_edu_palm', 'performative': 'error', 'sender': 'TEAMCORE', 'in-reply-to': 't', 'content': 'handler encountered error'}
Tue Dec 18 19:19:47 2001: Sending message: (unregister :sender knoblock_at_isi_edu_palm :ontology tcp-ip :reply-with nil :content knoblock_at_isi_edu_palm)
Tue Dec 18 19:19:47 2001: Sending message: (register :sender knoblock_at_isi_edu_palm :ontology tcp-ip :reply-with t :content (knoblock_at_isi_edu_palm sangat.isi.edu:6677))
Tue Dec 18 19:19:47 2001: Received: {'receiver': 'knoblock_at_isi_edu_palm', 'performative': 'reply', 'sender': 'TEAMCORE', 'in-reply-to': 't', 'content': 'knoblock_at_isi_edu_palm TEAMCORE'}
Tue Dec 18 19:19:47 2001: Registration produced: {'receiver': 'knoblock_at_isi_edu_palm', 'performative': 'reply', 'sender': 'TEAMCORE', 'in-reply-to': 't', 'content': 'knoblock_at_isi_edu_palm TEAMCORE'}knoblock_at_isi_edu_palm, TEAMCORE
Tue Dec 18 19:19:47 2001: Registration successful: knoblock_at_isi_edu_palm
Tue Dec 18 19:19:47 2001: Router for knoblock_at_isi_edu_palm running...
Tue Dec 18 19:19:47 2001: Sending message: (ask-one :sender knoblock_at_isi_edu_palm :reply-with t :content "proxy_knoblock_at_isi_edu")
Tue Dec 18 19:19:47 2001: Received: {'receiver': 'knoblock_at_isi_edu_palm', 'performative': 'reply', 'sender': 'TEAMCORE', 'in-reply-to': 't', 'content': 'proxy_knoblock_at_isi_edu:sangat.isi.edu:9999:'}
Tue Dec 18 19:19:47 2001: Sending message: (register :name palm :reply-with nil :agenttype device :receiver proxy_knoblock_at_isi_edu :user knoblock_at_isi_edu :sender knoblock_at_isi_edu_palm :direction both)
Tue Dec 18 19:21:36 2001: Received: {'receiver': 'knoblock_at_isi_edu_palm', 'performative': 'tell', 'sender': 'deviceCGI_knoblock_at_isi_edu', 'reply-with': 'nil', 'content': 'stop'}
Tue Dec 18 19:21:36 2001: Processing message: {'receiver': 'knoblock_at_isi_edu_palm', 'performative': 'tell', 'sender': 'deviceCGI_knoblock_at_isi_edu', 'reply-with': 'nil', 'content': 'stop'}
Tue Dec 18 19:21:36 2001: Sending message: (unregister :receiver proxy_knoblock_at_isi_edu :name palm :sender knoblock_at_isi_edu_palm :reply-with nil :user knoblock_at_isi_edu)
Tue Dec 18 19:21:36 2001: Router knoblock_at_isi_edu_palm exiting...
Tue Dec 18 19:21:36 2001: Sending message: (unregister :receiver TEAMCORE :sender knoblock_at_isi_edu_palm :ontology tcp-ip :reply-with nil :content knoblock_at_isi_edu_palm)
Tue Dec 18 19:21:36 2001: Exiting...
