Mon Oct 14 14:21:26 2002: Using ANS: ('vibhagam.isi.edu', 5500)
Mon Oct 14 14:21:26 2002: Bound to host/port: sangat.isi.edu:6679
Mon Oct 14 14:21:26 2002: Sending message: (register :ontology tcp-ip :sender mariam_at_isi_edu_email_mariam_at_isi_edu :reply-with t :content "mariam_at_isi_edu_email_mariam_at_isi_edu sangat.isi.edu:6679")
Mon Oct 14 14:21:26 2002: Received: {'receiver': 'mariam_at_isi_edu_email_mariam_at_isi_edu', 'performative': 'error', 'sender': 'TEAMCORE', 'in-reply-to': 't', 'content': 'handler encountered error'}
Mon Oct 14 14:21:26 2002: Registration produced: {'receiver': 'mariam_at_isi_edu_email_mariam_at_isi_edu', 'performative': 'error', 'sender': 'TEAMCORE', 'in-reply-to': 't', 'content': 'handler encountered error'}
Mon Oct 14 14:21:26 2002: Sending message: (unregister :sender mariam_at_isi_edu_email_mariam_at_isi_edu :ontology tcp-ip :reply-with nil :content mariam_at_isi_edu_email_mariam_at_isi_edu)
Mon Oct 14 14:21:26 2002: Sending message: (register :sender mariam_at_isi_edu_email_mariam_at_isi_edu :ontology tcp-ip :reply-with t :content (mariam_at_isi_edu_email_mariam_at_isi_edu sangat.isi.edu:6679))
Mon Oct 14 14:21:26 2002: Received: {'receiver': 'mariam_at_isi_edu_email_mariam_at_isi_edu', 'performative': 'reply', 'sender': 'TEAMCORE', 'in-reply-to': 't', 'content': 'mariam_at_isi_edu_email_mariam_at_isi_edu TEAMCORE'}
Mon Oct 14 14:21:26 2002: Registration produced: {'receiver': 'mariam_at_isi_edu_email_mariam_at_isi_edu', 'performative': 'reply', 'sender': 'TEAMCORE', 'in-reply-to': 't', 'content': 'mariam_at_isi_edu_email_mariam_at_isi_edu TEAMCORE'}mariam_at_isi_edu_email_mariam_at_isi_edu, TEAMCORE
Mon Oct 14 14:21:26 2002: Registration successful: mariam_at_isi_edu_email_mariam_at_isi_edu
Mon Oct 14 14:21:26 2002: Router for mariam_at_isi_edu_email_mariam_at_isi_edu running...
Mon Oct 14 14:21:26 2002: Sending message: (ask-one :sender mariam_at_isi_edu_email_mariam_at_isi_edu :reply-with t :content "proxy_mariam_at_isi_edu")
Mon Oct 14 14:21:26 2002: Received: {'receiver': 'mariam_at_isi_edu_email_mariam_at_isi_edu', 'performative': 'reply', 'sender': 'TEAMCORE', 'in-reply-to': 't', 'content': 'proxy_mariam_at_isi_edu:sangat.isi.edu:9992:'}
Mon Oct 14 14:21:26 2002: Sending message: (register :name email_mariam_at_isi_edu :reply-with nil :agenttype device :receiver proxy_mariam_at_isi_edu :user mariam_at_isi_edu :sender mariam_at_isi_edu_email_mariam_at_isi_edu :direction (to user))
Mon Oct 14 14:21:34 2002: Received: {'subject': 'Test', 'performative': 'tell', 'reply-with': 'nil', 'receiver': 'mariam_at_isi_edu_email_mariam_at_isi_edu', 'user': 'mariam@isi.edu', 'sender': 'proxy_mariam_at_isi_edu', 'shortcontent': 'This is a test', 'content': 'This is a test message for mariam@isi.edu'}
Mon Oct 14 14:21:34 2002: Processing message: {'subject': 'Test', 'performative': 'tell', 'reply-with': 'nil', 'receiver': 'mariam_at_isi_edu_email_mariam_at_isi_edu', 'user': 'mariam@isi.edu', 'sender': 'proxy_mariam_at_isi_edu', 'shortcontent': 'This is a test', 'content': 'This is a test message for mariam@isi.edu'}
Mon Oct 14 14:21:35 2002: Message for user ID: mariam@isi.edu
Mon Oct 14 14:21:35 2002: User name:  
Mon Oct 14 14:21:55 2002: Received: {'subject': 'Test', 'performative': 'tell', 'reply-with': 'nil', 'receiver': 'mariam_at_isi_edu_email_mariam_at_isi_edu', 'user': 'mariam@isi.edu', 'sender': 'proxy_mariam_at_isi_edu', 'shortcontent': 'This is a test', 'content': 'This is a test message for mariam@isi.edu'}
Mon Oct 14 14:21:55 2002: Processing message: {'subject': 'Test', 'performative': 'tell', 'reply-with': 'nil', 'receiver': 'mariam_at_isi_edu_email_mariam_at_isi_edu', 'user': 'mariam@isi.edu', 'sender': 'proxy_mariam_at_isi_edu', 'shortcontent': 'This is a test', 'content': 'This is a test message for mariam@isi.edu'}
Mon Oct 14 14:21:55 2002: Message for user ID: mariam@isi.edu
Mon Oct 14 14:21:55 2002: User name: Maria Muslea
Mon Oct 14 15:04:58 2002: Received: {'subject': 'United Airlines flight 1819', 'performative': 'tell', 'reply-with': 'nil', 'receiver': 'mariam_at_isi_edu_email_mariam_at_isi_edu', 'user': 'mariam@isi.edu', 'sender': 'proxy_mariam_at_isi_edu', 'deadline': '10000', 'shortcontent': 'United Airlines flight 1819 departs SFO<br/> on-time at 4:55 PM Gate 76 and <br/>arrives LAX at 6:05 PM Gate 80.', 'content': 'Dear mariam_at_isi_edu,<br/><br/>Your United Airlines flight 1819 is still scheduled to depart SFO on-time at 4:55 PM Gate 76 and is scheduled to arrive LAX at 6:05 PM Gate 80.<br/><br/> -- Your personal elf'}
Mon Oct 14 15:04:58 2002: Processing message: {'subject': 'United Airlines flight 1819', 'performative': 'tell', 'reply-with': 'nil', 'receiver': 'mariam_at_isi_edu_email_mariam_at_isi_edu', 'user': 'mariam@isi.edu', 'sender': 'proxy_mariam_at_isi_edu', 'deadline': '10000', 'shortcontent': 'United Airlines flight 1819 departs SFO<br/> on-time at 4:55 PM Gate 76 and <br/>arrives LAX at 6:05 PM Gate 80.', 'content': 'Dear mariam_at_isi_edu,<br/><br/>Your United Airlines flight 1819 is still scheduled to depart SFO on-time at 4:55 PM Gate 76 and is scheduled to arrive LAX at 6:05 PM Gate 80.<br/><br/> -- Your personal elf'}
Mon Oct 14 15:04:59 2002: Message for user ID: mariam@isi.edu
Mon Oct 14 15:04:59 2002: User name: Maria Muslea
Mon Oct 14 19:15:06 2002: Received: {'subject': 'America West Airlines flight 120', 'performative': 'tell', 'reply-with': 'nil', 'receiver': 'mariam_at_isi_edu_email_mariam_at_isi_edu', 'user': 'mariam@isi.edu', 'sender': 'proxy_mariam_at_isi_edu', 'deadline': '10000', 'shortcontent': 'America West Airlines flight 120 departs LAS<br/> on-time at 9:30 PM Gate B12 and <br/>arrives LAX at 10:39 PM Gate 9.', 'content': 'Dear mariam_at_isi_edu,<br/><br/>Your America West Airlines flight 120 is still scheduled to depart LAS on-time at 9:30 PM Gate B12 and is scheduled to arrive LAX at 10:39 PM Gate 9.<br/><br/> -- Your personal elf'}
Mon Oct 14 19:15:06 2002: Processing message: {'subject': 'America West Airlines flight 120', 'performative': 'tell', 'reply-with': 'nil', 'receiver': 'mariam_at_isi_edu_email_mariam_at_isi_edu', 'user': 'mariam@isi.edu', 'sender': 'proxy_mariam_at_isi_edu', 'deadline': '10000', 'shortcontent': 'America West Airlines flight 120 departs LAS<br/> on-time at 9:30 PM Gate B12 and <br/>arrives LAX at 10:39 PM Gate 9.', 'content': 'Dear mariam_at_isi_edu,<br/><br/>Your America West Airlines flight 120 is still scheduled to depart LAS on-time at 9:30 PM Gate B12 and is scheduled to arrive LAX at 10:39 PM Gate 9.<br/><br/> -- Your personal elf'}
Mon Oct 14 19:15:06 2002: Message for user ID: mariam@isi.edu
Mon Oct 14 19:15:06 2002: User name: Maria Muslea
Tue Oct 15 08:57:36 2002: Received: {'subject': 'Earlier Flights', 'performative': 'tell', 'reply-with': 'nil', 'receiver': 'mariam_at_isi_edu_email_mariam_at_isi_edu', 'user': 'mariam@isi.edu', 'sender': 'proxy_mariam_at_isi_edu', 'deadline': '10000', 'shortcontent': 'Current:<br/># 1823 SFO (12:50 PM) - LAX (2:12 PM) On Time<br/>Earlier United Airlines Flights:<br/># 1805 SFO (9:00 AM) - LAX (10:27 AM) On Time<br/>------<br/># 1817 SFO (9:45 AM) - LAX (11:12 AM) On Time<br/>------<br/># 806 SFO (10:45 AM) - LAX (12:13 PM) On Time<br/>------<br/># 1815 SFO (11:15 AM) - LAX (12:43 PM) On Time<br/>------<br/># 1821 SFO (12:00 PM) - LAX (1:28 PM) On Time<br/>------<br/><br/>', 'content': 'Dear mariam_at_isi_edu,<br/>The status of your currently scheduled flight(s) are:<br/># 1823 SFO (12:50 PM) - LAX (2:12 PM) On Time<br/><br/>If you would like to return earlier, the following United Airlines flights will arrive earlier than your scheduled flights:<br/><br/># 1805 SFO (9:00 AM) - LAX (10:27 AM) On Time<br/>------<br/># 1817 SFO (9:45 AM) - LAX (11:12 AM) On Time<br/>------<br/># 806 SFO (10:45 AM) - LAX (12:13 PM) On Time<br/>------<br/># 1815 SFO (11:15 AM) - LAX (12:43 PM) On Time<br/>------<br/># 1821 SFO (12:00 PM) - LAX (1:28 PM) On Time<br/>------<br/><br/> Thank you, <br/><br/> -- Your personal elf'}
Tue Oct 15 08:57:36 2002: Processing message: {'subject': 'Earlier Flights', 'performative': 'tell', 'reply-with': 'nil', 'receiver': 'mariam_at_isi_edu_email_mariam_at_isi_edu', 'user': 'mariam@isi.edu', 'sender': 'proxy_mariam_at_isi_edu', 'deadline': '10000', 'shortcontent': 'Current:<br/># 1823 SFO (12:50 PM) - LAX (2:12 PM) On Time<br/>Earlier United Airlines Flights:<br/># 1805 SFO (9:00 AM) - LAX (10:27 AM) On Time<br/>------<br/># 1817 SFO (9:45 AM) - LAX (11:12 AM) On Time<br/>------<br/># 806 SFO (10:45 AM) - LAX (12:13 PM) On Time<br/>------<br/># 1815 SFO (11:15 AM) - LAX (12:43 PM) On Time<br/>------<br/># 1821 SFO (12:00 PM) - LAX (1:28 PM) On Time<br/>------<br/><br/>', 'content': 'Dear mariam_at_isi_edu,<br/>The status of your currently scheduled flight(s) are:<br/># 1823 SFO (12:50 PM) - LAX (2:12 PM) On Time<br/><br/>If you would like to return earlier, the following United Airlines flights will arrive earlier than your scheduled flights:<br/><br/># 1805 SFO (9:00 AM) - LAX (10:27 AM) On Time<br/>------<br/># 1817 SFO (9:45 AM) - LAX (11:12 AM) On Time<br/>------<br/># 806 SFO (10:45 AM) - LAX (12:13 PM) On Time<br/>------<br/># 1815 SFO (11:15 AM) - LAX (12:43 PM) On Time<br/>------<br/># 1821 SFO (12:00 PM) - LAX (1:28 PM) On Time<br/>------<br/><br/> Thank you, <br/><br/> -- Your personal elf'}
Tue Oct 15 08:57:37 2002: Message for user ID: mariam@isi.edu
Tue Oct 15 08:57:37 2002: User name: Maria Muslea
Tue Oct 15 08:57:46 2002: Received: {'subject': 'Earlier Flights', 'performative': 'tell', 'reply-with': 'nil', 'receiver': 'mariam_at_isi_edu_email_mariam_at_isi_edu', 'user': 'mariam@isi.edu', 'sender': 'proxy_mariam_at_isi_edu', 'deadline': '10000', 'shortcontent': 'Current:<br/># 1823 SFO (12:50 PM) - LAX (2:12 PM) On Time<br/>Earlier United Airlines Flights:<br/># 1805 SFO (9:00 AM) - LAX (10:27 AM) On Time<br/>------<br/># 1817 SFO (9:45 AM) - LAX (11:12 AM) On Time<br/>------<br/># 806 SFO (10:45 AM) - LAX (12:13 PM) On Time<br/>------<br/># 1815 SFO (11:15 AM) - LAX (12:43 PM) On Time<br/>------<br/># 1821 SFO (12:00 PM) - LAX (1:28 PM) On Time<br/>------<br/><br/>', 'content': 'Dear mariam_at_isi_edu,<br/>The status of your currently scheduled flight(s) are:<br/># 1823 SFO (12:50 PM) - LAX (2:12 PM) On Time<br/><br/>If you would like to return earlier, the following United Airlines flights will arrive earlier than your scheduled flights:<br/><br/># 1805 SFO (9:00 AM) - LAX (10:27 AM) On Time<br/>------<br/># 1817 SFO (9:45 AM) - LAX (11:12 AM) On Time<br/>------<br/># 806 SFO (10:45 AM) - LAX (12:13 PM) On Time<br/>------<br/># 1815 SFO (11:15 AM) - LAX (12:43 PM) On Time<br/>------<br/># 1821 SFO (12:00 PM) - LAX (1:28 PM) On Time<br/>------<br/><br/> Thank you, <br/><br/> -- Your personal elf'}
Tue Oct 15 08:57:46 2002: Processing message: {'subject': 'Earlier Flights', 'performative': 'tell', 'reply-with': 'nil', 'receiver': 'mariam_at_isi_edu_email_mariam_at_isi_edu', 'user': 'mariam@isi.edu', 'sender': 'proxy_mariam_at_isi_edu', 'deadline': '10000', 'shortcontent': 'Current:<br/># 1823 SFO (12:50 PM) - LAX (2:12 PM) On Time<br/>Earlier United Airlines Flights:<br/># 1805 SFO (9:00 AM) - LAX (10:27 AM) On Time<br/>------<br/># 1817 SFO (9:45 AM) - LAX (11:12 AM) On Time<br/>------<br/># 806 SFO (10:45 AM) - LAX (12:13 PM) On Time<br/>------<br/># 1815 SFO (11:15 AM) - LAX (12:43 PM) On Time<br/>------<br/># 1821 SFO (12:00 PM) - LAX (1:28 PM) On Time<br/>------<br/><br/>', 'content': 'Dear mariam_at_isi_edu,<br/>The status of your currently scheduled flight(s) are:<br/># 1823 SFO (12:50 PM) - LAX (2:12 PM) On Time<br/><br/>If you would like to return earlier, the following United Airlines flights will arrive earlier than your scheduled flights:<br/><br/># 1805 SFO (9:00 AM) - LAX (10:27 AM) On Time<br/>------<br/># 1817 SFO (9:45 AM) - LAX (11:12 AM) On Time<br/>------<br/># 806 SFO (10:45 AM) - LAX (12:13 PM) On Time<br/>------<br/># 1815 SFO (11:15 AM) - LAX (12:43 PM) On Time<br/>------<br/># 1821 SFO (12:00 PM) - LAX (1:28 PM) On Time<br/>------<br/><br/> Thank you, <br/><br/> -- Your personal elf'}
Tue Oct 15 08:57:47 2002: Message for user ID: mariam@isi.edu
Tue Oct 15 08:57:47 2002: User name: Maria Muslea
Tue Oct 15 09:07:43 2002: Received: {'subject': 'Earlier Flights', 'performative': 'tell', 'reply-with': 'nil', 'receiver': 'mariam_at_isi_edu_email_mariam_at_isi_edu', 'user': 'mariam@isi.edu', 'sender': 'proxy_mariam_at_isi_edu', 'deadline': '10000', 'shortcontent': 'Current:<br/># 1823 SFO (12:50 PM) - LAX (2:12 PM) On Time<br/>Earlier United Airlines Flights:<br/># 1805 SFO (9:00 AM) - LAX (10:27 AM) On Time<br/>------<br/># 1817 SFO (9:45 AM) - LAX (11:12 AM) On Time<br/>------<br/># 806 SFO (10:45 AM) - LAX (12:13 PM) On Time<br/>------<br/># 1815 SFO (11:15 AM) - LAX (12:43 PM) On Time<br/>------<br/># 1821 SFO (12:00 PM) - LAX (1:28 PM) On Time<br/>------<br/><br/>', 'content': 'Dear mariam_at_isi_edu,<br/>The status of your currently scheduled flight(s) are:<br/># 1823 SFO (12:50 PM) - LAX (2:12 PM) On Time<br/><br/>If you would like to return earlier, the following United Airlines flights will arrive earlier than your scheduled flights:<br/><br/># 1805 SFO (9:00 AM) - LAX (10:27 AM) On Time<br/>------<br/># 1817 SFO (9:45 AM) - LAX (11:12 AM) On Time<br/>------<br/># 806 SFO (10:45 AM) - LAX (12:13 PM) On Time<br/>------<br/># 1815 SFO (11:15 AM) - LAX (12:43 PM) On Time<br/>------<br/># 1821 SFO (12:00 PM) - LAX (1:28 PM) On Time<br/>------<br/><br/> Thank you, <br/><br/> -- Your personal elf'}
Tue Oct 15 09:07:43 2002: Processing message: {'subject': 'Earlier Flights', 'performative': 'tell', 'reply-with': 'nil', 'receiver': 'mariam_at_isi_edu_email_mariam_at_isi_edu', 'user': 'mariam@isi.edu', 'sender': 'proxy_mariam_at_isi_edu', 'deadline': '10000', 'shortcontent': 'Current:<br/># 1823 SFO (12:50 PM) - LAX (2:12 PM) On Time<br/>Earlier United Airlines Flights:<br/># 1805 SFO (9:00 AM) - LAX (10:27 AM) On Time<br/>------<br/># 1817 SFO (9:45 AM) - LAX (11:12 AM) On Time<br/>------<br/># 806 SFO (10:45 AM) - LAX (12:13 PM) On Time<br/>------<br/># 1815 SFO (11:15 AM) - LAX (12:43 PM) On Time<br/>------<br/># 1821 SFO (12:00 PM) - LAX (1:28 PM) On Time<br/>------<br/><br/>', 'content': 'Dear mariam_at_isi_edu,<br/>The status of your currently scheduled flight(s) are:<br/># 1823 SFO (12:50 PM) - LAX (2:12 PM) On Time<br/><br/>If you would like to return earlier, the following United Airlines flights will arrive earlier than your scheduled flights:<br/><br/># 1805 SFO (9:00 AM) - LAX (10:27 AM) On Time<br/>------<br/># 1817 SFO (9:45 AM) - LAX (11:12 AM) On Time<br/>------<br/># 806 SFO (10:45 AM) - LAX (12:13 PM) On Time<br/>------<br/># 1815 SFO (11:15 AM) - LAX (12:43 PM) On Time<br/>------<br/># 1821 SFO (12:00 PM) - LAX (1:28 PM) On Time<br/>------<br/><br/> Thank you, <br/><br/> -- Your personal elf'}
Tue Oct 15 09:07:43 2002: Message for user ID: mariam@isi.edu
Tue Oct 15 09:07:43 2002: User name: Maria Muslea
Tue Oct 15 10:34:04 2002: Received: {'subject': 'United Airlines flight 95', 'performative': 'tell', 'reply-with': 'nil', 'receiver': 'mariam_at_isi_edu_email_mariam_at_isi_edu', 'user': 'mariam@isi.edu', 'sender': 'proxy_mariam_at_isi_edu', 'deadline': '10000', 'shortcontent': 'United Airlines flight 95 departs LAX<br/> on-time at 12:45 PM Gate 83 and <br/>arrives SFO at 2:09 PM Gate 87.', 'content': 'Dear mariam_at_isi_edu,<br/><br/>Your United Airlines flight 95 is still scheduled to depart LAX on-time at 12:45 PM Gate 83 and is scheduled to arrive SFO at 2:09 PM Gate 87.<br/><br/> -- Your personal elf'}
Tue Oct 15 10:34:04 2002: Processing message: {'subject': 'United Airlines flight 95', 'performative': 'tell', 'reply-with': 'nil', 'receiver': 'mariam_at_isi_edu_email_mariam_at_isi_edu', 'user': 'mariam@isi.edu', 'sender': 'proxy_mariam_at_isi_edu', 'deadline': '10000', 'shortcontent': 'United Airlines flight 95 departs LAX<br/> on-time at 12:45 PM Gate 83 and <br/>arrives SFO at 2:09 PM Gate 87.', 'content': 'Dear mariam_at_isi_edu,<br/><br/>Your United Airlines flight 95 is still scheduled to depart LAX on-time at 12:45 PM Gate 83 and is scheduled to arrive SFO at 2:09 PM Gate 87.<br/><br/> -- Your personal elf'}
Tue Oct 15 10:34:04 2002: Message for user ID: mariam@isi.edu
Tue Oct 15 10:34:04 2002: User name: Maria Muslea
Tue Oct 15 10:34:05 2002: Received: {'subject': 'United Airlines flight 95', 'performative': 'tell', 'reply-with': 'nil', 'receiver': 'mariam_at_isi_edu_email_mariam_at_isi_edu', 'user': 'mariam@isi.edu', 'sender': 'proxy_mariam_at_isi_edu', 'deadline': '10000', 'shortcontent': 'United Airlines flight 95 departs LAX<br/> on-time at 12:45 PM Gate 83 and <br/>arrives SFO at 2:09 PM Gate 87.', 'content': 'Dear mariam_at_isi_edu,<br/><br/>Your United Airlines flight 95 is still scheduled to depart LAX on-time at 12:45 PM Gate 83 and is scheduled to arrive SFO at 2:09 PM Gate 87.<br/><br/> -- Your personal elf'}
Tue Oct 15 10:34:05 2002: Processing message: {'subject': 'United Airlines flight 95', 'performative': 'tell', 'reply-with': 'nil', 'receiver': 'mariam_at_isi_edu_email_mariam_at_isi_edu', 'user': 'mariam@isi.edu', 'sender': 'proxy_mariam_at_isi_edu', 'deadline': '10000', 'shortcontent': 'United Airlines flight 95 departs LAX<br/> on-time at 12:45 PM Gate 83 and <br/>arrives SFO at 2:09 PM Gate 87.', 'content': 'Dear mariam_at_isi_edu,<br/><br/>Your United Airlines flight 95 is still scheduled to depart LAX on-time at 12:45 PM Gate 83 and is scheduled to arrive SFO at 2:09 PM Gate 87.<br/><br/> -- Your personal elf'}
Tue Oct 15 10:34:05 2002: Message for user ID: mariam@isi.edu
Tue Oct 15 10:34:05 2002: User name: Maria Muslea
Tue Oct 15 15:03:41 2002: Received: {'subject': 'American Airlines flight 1950', 'performative': 'tell', 'reply-with': 'nil', 'receiver': 'mariam_at_isi_edu_email_mariam_at_isi_edu', 'user': 'mariam@isi.edu', 'sender': 'proxy_mariam_at_isi_edu', 'deadline': '10000', 'shortcontent': 'American Airlines flight 1950 departs LAX<br/> on-time at 5:20 PM Gate 35 and <br/>arrives SFO at 6:31 PM Gate 63.', 'content': 'Dear mariam_at_isi_edu,<br/><br/>Your American Airlines flight 1950 is still scheduled to depart LAX on-time at 5:20 PM Gate 35 and is scheduled to arrive SFO at 6:31 PM Gate 63.<br/><br/> -- Your personal elf'}
Tue Oct 15 15:03:41 2002: Processing message: {'subject': 'American Airlines flight 1950', 'performative': 'tell', 'reply-with': 'nil', 'receiver': 'mariam_at_isi_edu_email_mariam_at_isi_edu', 'user': 'mariam@isi.edu', 'sender': 'proxy_mariam_at_isi_edu', 'deadline': '10000', 'shortcontent': 'American Airlines flight 1950 departs LAX<br/> on-time at 5:20 PM Gate 35 and <br/>arrives SFO at 6:31 PM Gate 63.', 'content': 'Dear mariam_at_isi_edu,<br/><br/>Your American Airlines flight 1950 is still scheduled to depart LAX on-time at 5:20 PM Gate 35 and is scheduled to arrive SFO at 6:31 PM Gate 63.<br/><br/> -- Your personal elf'}
Tue Oct 15 15:03:41 2002: Message for user ID: mariam@isi.edu
Tue Oct 15 15:03:41 2002: User name: Maria Muslea
Tue Oct 15 16:54:14 2002: Received: {'subject': 'United Airlines flight 1836', 'performative': 'tell', 'reply-with': 'nil', 'receiver': 'mariam_at_isi_edu_email_mariam_at_isi_edu', 'user': 'mariam@isi.edu', 'sender': 'proxy_mariam_at_isi_edu', 'deadline': '10000', 'shortcontent': 'United Airlines flight 1836 departs LAX<br/> on-time at 7:05 PM Gate 80 and <br/>arrives SFO at 8:15 PM Gate 71.', 'content': 'Dear mariam_at_isi_edu,<br/><br/>Your United Airlines flight 1836 is still scheduled to depart LAX on-time at 7:05 PM Gate 80 and is scheduled to arrive SFO at 8:15 PM Gate 71.<br/><br/> -- Your personal elf'}
Tue Oct 15 16:54:14 2002: Processing message: {'subject': 'United Airlines flight 1836', 'performative': 'tell', 'reply-with': 'nil', 'receiver': 'mariam_at_isi_edu_email_mariam_at_isi_edu', 'user': 'mariam@isi.edu', 'sender': 'proxy_mariam_at_isi_edu', 'deadline': '10000', 'shortcontent': 'United Airlines flight 1836 departs LAX<br/> on-time at 7:05 PM Gate 80 and <br/>arrives SFO at 8:15 PM Gate 71.', 'content': 'Dear mariam_at_isi_edu,<br/><br/>Your United Airlines flight 1836 is still scheduled to depart LAX on-time at 7:05 PM Gate 80 and is scheduled to arrive SFO at 8:15 PM Gate 71.<br/><br/> -- Your personal elf'}
Tue Oct 15 16:54:15 2002: Message for user ID: mariam@isi.edu
Tue Oct 15 16:54:15 2002: User name: Maria Muslea
Wed Oct 16 13:23:28 2002: Received: {'subject': 'American Airlines flight 1942', 'performative': 'tell', 'reply-with': 'nil', 'receiver': 'mariam_at_isi_edu_email_mariam_at_isi_edu', 'user': 'mariam@isi.edu', 'sender': 'proxy_mariam_at_isi_edu', 'deadline': '10000', 'shortcontent': 'American Airlines flight 1942 departs LAX<br/> on-time at 3:40 PM Gate 35 and <br/>arrives SFO at 4:54 PM Gate 62B.', 'content': 'Dear mariam_at_isi_edu,<br/><br/>Your American Airlines flight 1942 is still scheduled to depart LAX on-time at 3:40 PM Gate 35 and is scheduled to arrive SFO at 4:54 PM Gate 62B.<br/><br/> -- Your personal elf'}
Wed Oct 16 13:23:29 2002: Processing message: {'subject': 'American Airlines flight 1942', 'performative': 'tell', 'reply-with': 'nil', 'receiver': 'mariam_at_isi_edu_email_mariam_at_isi_edu', 'user': 'mariam@isi.edu', 'sender': 'proxy_mariam_at_isi_edu', 'deadline': '10000', 'shortcontent': 'American Airlines flight 1942 departs LAX<br/> on-time at 3:40 PM Gate 35 and <br/>arrives SFO at 4:54 PM Gate 62B.', 'content': 'Dear mariam_at_isi_edu,<br/><br/>Your American Airlines flight 1942 is still scheduled to depart LAX on-time at 3:40 PM Gate 35 and is scheduled to arrive SFO at 4:54 PM Gate 62B.<br/><br/> -- Your personal elf'}
Wed Oct 16 13:23:29 2002: Message for user ID: mariam@isi.edu
Wed Oct 16 13:23:29 2002: User name: Maria Muslea
Wed Oct 16 21:26:09 2002: Received: {'subject': 'Earlier Flights', 'performative': 'tell', 'reply-with': 'nil', 'receiver': 'mariam_at_isi_edu_email_mariam_at_isi_edu', 'user': 'mariam@isi.edu', 'sender': 'proxy_mariam_at_isi_edu', 'deadline': '10000', 'shortcontent': 'Current:<br/># 1835 SFO (2:47 PM) - LAX (3:46 PM) 17 minutes Late<br/>Earlier United Airlines Flights:<br/>Earlier flights not found<br/>', 'content': 'Dear mariam_at_isi_edu,<br/>The status of your currently scheduled flight(s) are:<br/># 1835 SFO (2:47 PM) - LAX (3:46 PM) 17 minutes Late<br/><br/>If you would like to return earlier, the following United Airlines flights will arrive earlier than your scheduled flights:<br/><br/>Earlier flights not found<br/> Thank you, <br/><br/> -- Your personal elf'}
Wed Oct 16 21:26:09 2002: Processing message: {'subject': 'Earlier Flights', 'performative': 'tell', 'reply-with': 'nil', 'receiver': 'mariam_at_isi_edu_email_mariam_at_isi_edu', 'user': 'mariam@isi.edu', 'sender': 'proxy_mariam_at_isi_edu', 'deadline': '10000', 'shortcontent': 'Current:<br/># 1835 SFO (2:47 PM) - LAX (3:46 PM) 17 minutes Late<br/>Earlier United Airlines Flights:<br/>Earlier flights not found<br/>', 'content': 'Dear mariam_at_isi_edu,<br/>The status of your currently scheduled flight(s) are:<br/># 1835 SFO (2:47 PM) - LAX (3:46 PM) 17 minutes Late<br/><br/>If you would like to return earlier, the following United Airlines flights will arrive earlier than your scheduled flights:<br/><br/>Earlier flights not found<br/> Thank you, <br/><br/> -- Your personal elf'}
Wed Oct 16 21:26:09 2002: Message for user ID: mariam@isi.edu
Wed Oct 16 21:26:09 2002: User name: Maria Muslea
Thu Oct 17 15:44:01 2002: Received: {'subject': 'American Airlines flight 1939', 'performative': 'tell', 'reply-with': 'nil', 'receiver': 'mariam_at_isi_edu_email_mariam_at_isi_edu', 'user': 'mariam@isi.edu', 'sender': 'proxy_mariam_at_isi_edu', 'deadline': '10000', 'shortcontent': 'American Airlines flight 1939 departs SFO<br/> on-time at 5:40 PM Gate 63 and <br/>arrives LAX at 7:03 PM Gate 35.', 'content': 'Dear mariam_at_isi_edu,<br/><br/>Your American Airlines flight 1939 is still scheduled to depart SFO on-time at 5:40 PM Gate 63 and is scheduled to arrive LAX at 7:03 PM Gate 35.<br/><br/> -- Your personal elf'}
Thu Oct 17 15:44:01 2002: Processing message: {'subject': 'American Airlines flight 1939', 'performative': 'tell', 'reply-with': 'nil', 'receiver': 'mariam_at_isi_edu_email_mariam_at_isi_edu', 'user': 'mariam@isi.edu', 'sender': 'proxy_mariam_at_isi_edu', 'deadline': '10000', 'shortcontent': 'American Airlines flight 1939 departs SFO<br/> on-time at 5:40 PM Gate 63 and <br/>arrives LAX at 7:03 PM Gate 35.', 'content': 'Dear mariam_at_isi_edu,<br/><br/>Your American Airlines flight 1939 is still scheduled to depart SFO on-time at 5:40 PM Gate 63 and is scheduled to arrive LAX at 7:03 PM Gate 35.<br/><br/> -- Your personal elf'}
Thu Oct 17 15:44:02 2002: Message for user ID: mariam@isi.edu
Thu Oct 17 15:44:02 2002: User name: Maria Muslea
Tue Oct 22 13:35:32 2002: Received: {'subject': 'Delta Air Lines flight 1297', 'performative': 'tell', 'reply-with': 'nil', 'receiver': 'mariam_at_isi_edu_email_mariam_at_isi_edu', 'user': 'mariam@isi.edu', 'sender': 'proxy_mariam_at_isi_edu', 'deadline': '10000', 'shortcontent': 'Delta Air Lines flight 1297 departs DCA<br/> on-time at 7:05 PM Gate Not Available and <br/>arrives ATL at 8:57 PM Gate Not Available.', 'content': 'Dear mariam_at_isi_edu,<br/><br/>Your Delta Air Lines flight 1297 is still scheduled to depart DCA on-time at 7:05 PM Gate Not Available and is scheduled to arrive ATL at 8:57 PM Gate Not Available.<br/><br/> -- Your personal elf'}
Tue Oct 22 13:35:32 2002: Processing message: {'subject': 'Delta Air Lines flight 1297', 'performative': 'tell', 'reply-with': 'nil', 'receiver': 'mariam_at_isi_edu_email_mariam_at_isi_edu', 'user': 'mariam@isi.edu', 'sender': 'proxy_mariam_at_isi_edu', 'deadline': '10000', 'shortcontent': 'Delta Air Lines flight 1297 departs DCA<br/> on-time at 7:05 PM Gate Not Available and <br/>arrives ATL at 8:57 PM Gate Not Available.', 'content': 'Dear mariam_at_isi_edu,<br/><br/>Your Delta Air Lines flight 1297 is still scheduled to depart DCA on-time at 7:05 PM Gate Not Available and is scheduled to arrive ATL at 8:57 PM Gate Not Available.<br/><br/> -- Your personal elf'}
Tue Oct 22 13:35:33 2002: Message for user ID: mariam@isi.edu
Tue Oct 22 13:35:33 2002: User name: Maria Muslea
Wed Oct 23 15:08:58 2002: Received: {'subject': 'American Airlines flight 1950', 'performative': 'tell', 'reply-with': 'nil', 'receiver': 'mariam_at_isi_edu_email_mariam_at_isi_edu', 'user': 'mariam@isi.edu', 'sender': 'proxy_mariam_at_isi_edu', 'deadline': '10000', 'shortcontent': 'American Airlines flight 1950 departs LAX<br/> on-time at 5:20 PM Gate 35 and <br/>arrives SFO at 6:31 PM Gate 64A.', 'content': 'Dear mariam_at_isi_edu,<br/><br/>Your American Airlines flight 1950 is still scheduled to depart LAX on-time at 5:20 PM Gate 35 and is scheduled to arrive SFO at 6:31 PM Gate 64A.<br/><br/> -- Your personal elf'}
Wed Oct 23 15:08:58 2002: Processing message: {'subject': 'American Airlines flight 1950', 'performative': 'tell', 'reply-with': 'nil', 'receiver': 'mariam_at_isi_edu_email_mariam_at_isi_edu', 'user': 'mariam@isi.edu', 'sender': 'proxy_mariam_at_isi_edu', 'deadline': '10000', 'shortcontent': 'American Airlines flight 1950 departs LAX<br/> on-time at 5:20 PM Gate 35 and <br/>arrives SFO at 6:31 PM Gate 64A.', 'content': 'Dear mariam_at_isi_edu,<br/><br/>Your American Airlines flight 1950 is still scheduled to depart LAX on-time at 5:20 PM Gate 35 and is scheduled to arrive SFO at 6:31 PM Gate 64A.<br/><br/> -- Your personal elf'}
Wed Oct 23 15:08:58 2002: Message for user ID: mariam@isi.edu
Wed Oct 23 15:08:58 2002: User name: Maria Muslea
Wed Oct 23 16:38:50 2002: Received: {'subject': 'American Airlines flight 1950', 'performative': 'tell', 'reply-with': 'nil', 'receiver': 'mariam_at_isi_edu_email_mariam_at_isi_edu', 'user': 'mariam@isi.edu', 'sender': 'proxy_mariam_at_isi_edu', 'deadline': '10000', 'shortcontent': 'CHANGED : American Airlines flight 1950<br/> departs at 5:50 PM', 'content': '<br/> Dear mariam_at_isi_edu, <br/><br/>Your American Airlines flight 1950 has been delayed. It was originally scheduled to depart at 5:20 PM and is now scheduled to depart at 5:50 PM. The gate is 35 and the new arrival time is 6:59 PM.<br/><br/> -- Your personal elf'}
Wed Oct 23 16:38:50 2002: Processing message: {'subject': 'American Airlines flight 1950', 'performative': 'tell', 'reply-with': 'nil', 'receiver': 'mariam_at_isi_edu_email_mariam_at_isi_edu', 'user': 'mariam@isi.edu', 'sender': 'proxy_mariam_at_isi_edu', 'deadline': '10000', 'shortcontent': 'CHANGED : American Airlines flight 1950<br/> departs at 5:50 PM', 'content': '<br/> Dear mariam_at_isi_edu, <br/><br/>Your American Airlines flight 1950 has been delayed. It was originally scheduled to depart at 5:20 PM and is now scheduled to depart at 5:50 PM. The gate is 35 and the new arrival time is 6:59 PM.<br/><br/> -- Your personal elf'}
Wed Oct 23 16:38:50 2002: Message for user ID: mariam@isi.edu
Wed Oct 23 16:38:50 2002: User name: Maria Muslea
Wed Oct 23 16:58:55 2002: Received: {'subject': 'American Airlines flight 1950', 'performative': 'tell', 'reply-with': 'nil', 'receiver': 'mariam_at_isi_edu_email_mariam_at_isi_edu', 'user': 'mariam@isi.edu', 'sender': 'proxy_mariam_at_isi_edu', 'deadline': '10000', 'shortcontent': 'CHANGED : American Airlines flight 1950<br/> departs at 6:10 PM', 'content': '<br/> Dear mariam_at_isi_edu, <br/><br/>Your American Airlines flight 1950 has been delayed. It was originally scheduled to depart at 5:50 PM and is now scheduled to depart at 6:10 PM. The gate is 35 and the new arrival time is 7:19 PM.<br/><br/> -- Your personal elf'}
Wed Oct 23 16:58:55 2002: Processing message: {'subject': 'American Airlines flight 1950', 'performative': 'tell', 'reply-with': 'nil', 'receiver': 'mariam_at_isi_edu_email_mariam_at_isi_edu', 'user': 'mariam@isi.edu', 'sender': 'proxy_mariam_at_isi_edu', 'deadline': '10000', 'shortcontent': 'CHANGED : American Airlines flight 1950<br/> departs at 6:10 PM', 'content': '<br/> Dear mariam_at_isi_edu, <br/><br/>Your American Airlines flight 1950 has been delayed. It was originally scheduled to depart at 5:50 PM and is now scheduled to depart at 6:10 PM. The gate is 35 and the new arrival time is 7:19 PM.<br/><br/> -- Your personal elf'}
Wed Oct 23 16:58:55 2002: Message for user ID: mariam@isi.edu
Wed Oct 23 16:58:55 2002: User name: Maria Muslea
Wed Oct 23 17:59:09 2002: Received: {'subject': 'American Airlines flight 1950', 'performative': 'tell', 'reply-with': 'nil', 'receiver': 'mariam_at_isi_edu_email_mariam_at_isi_edu', 'user': 'mariam@isi.edu', 'sender': 'proxy_mariam_at_isi_edu', 'deadline': '10000', 'shortcontent': 'CHANGED : American Airlines flight 1950<br/> departs at 6:25 PM', 'content': '<br/> Dear mariam_at_isi_edu, <br/><br/>Your American Airlines flight 1950 has been delayed. It was originally scheduled to depart at 6:10 PM and is now scheduled to depart at 6:25 PM. The gate is 35 and the new arrival time is 7:34 PM.<br/><br/> -- Your personal elf'}
Wed Oct 23 17:59:09 2002: Processing message: {'subject': 'American Airlines flight 1950', 'performative': 'tell', 'reply-with': 'nil', 'receiver': 'mariam_at_isi_edu_email_mariam_at_isi_edu', 'user': 'mariam@isi.edu', 'sender': 'proxy_mariam_at_isi_edu', 'deadline': '10000', 'shortcontent': 'CHANGED : American Airlines flight 1950<br/> departs at 6:25 PM', 'content': '<br/> Dear mariam_at_isi_edu, <br/><br/>Your American Airlines flight 1950 has been delayed. It was originally scheduled to depart at 6:10 PM and is now scheduled to depart at 6:25 PM. The gate is 35 and the new arrival time is 7:34 PM.<br/><br/> -- Your personal elf'}
Wed Oct 23 17:59:09 2002: Message for user ID: mariam@isi.edu
Wed Oct 23 17:59:09 2002: User name: Maria Muslea
Mon Oct 28 14:21:54 2002: Received: {'receiver': 'mariam_at_isi_edu_email_mariam_at_isi_edu', 'performative': 'kqml-admin', 'sender': 'TEAMCORE', 'kqml-msg-id': '24669+vibhagam.isi.edu+58', 'reply-with': 't', 'content': 'name'}
Mon Oct 28 14:23:32 2002: Received: {'receiver': 'mariam_at_isi_edu_email_mariam_at_isi_edu', 'performative': 'ask', 'sender': 'ping_mariam_at_isi_edu_email_mariam_at_isi_edu', 'reply-with': 'mariam_at_isi_edu', 'content': 'hello'}
Mon Oct 28 14:23:32 2002: Processing message: {'receiver': 'mariam_at_isi_edu_email_mariam_at_isi_edu', 'performative': 'ask', 'sender': 'ping_mariam_at_isi_edu_email_mariam_at_isi_edu', 'reply-with': 'mariam_at_isi_edu', 'content': 'hello'}
Mon Oct 28 14:23:32 2002: Replying: (sorry :reply-with nil :in-reply-to mariam_at_isi_edu :receiver ping_mariam_at_isi_edu_email_mariam_at_isi_edu :sender mariam_at_isi_edu_email_mariam_at_isi_edu :comment "Unintelligible query")
Tue Oct 29 10:27:18 2002: Received: {'receiver': 'mariam_at_isi_edu_email_mariam_at_isi_edu', 'performative': 'kqml-admin', 'sender': 'TEAMCORE', 'kqml-msg-id': '26893+vibhagam.isi.edu+48', 'reply-with': 't', 'content': 'name'}
Tue Oct 29 18:37:35 2002: Received: {'receiver': 'mariam_at_isi_edu_email_mariam_at_isi_edu', 'performative': 'kqml-admin', 'sender': 'TEAMCORE', 'kqml-msg-id': '29472+vibhagam.isi.edu+45', 'reply-with': 't', 'content': 'name'}
Tue Oct 29 20:01:30 2002: Received: {'receiver': 'mariam_at_isi_edu_email_mariam_at_isi_edu', 'performative': 'kqml-admin', 'sender': 'TEAMCORE', 'kqml-msg-id': '181+vibhagam.isi.edu+45', 'reply-with': 't', 'content': 'name'}
Tue Oct 29 20:18:13 2002: Received: {'receiver': 'mariam_at_isi_edu_email_mariam_at_isi_edu', 'performative': 'kqml-admin', 'sender': 'TEAMCORE', 'kqml-msg-id': '405+vibhagam.isi.edu+48', 'reply-with': 't', 'content': 'name'}
Mon Nov 04 10:18:56 2002: Received: {'receiver': 'mariam_at_isi_edu_email_mariam_at_isi_edu', 'performative': 'kqml-admin', 'sender': 'TEAMCORE', 'kqml-msg-id': '15317+vibhagam.isi.edu+54', 'reply-with': 't', 'content': 'name'}
Thu Nov 07 12:51:33 2002: Using ANS: ('vibhagam.isi.edu', 5500)
Thu Nov 07 12:51:33 2002: Bound to host/port: sangat.isi.edu:6679
Thu Nov 07 12:51:33 2002: Sending message: (register :ontology tcp-ip :sender mariam_at_isi_edu_email_mariam_at_isi_edu :reply-with t :content "mariam_at_isi_edu_email_mariam_at_isi_edu sangat.isi.edu:6679")
Thu Nov 07 12:51:33 2002: Received: {'receiver': 'mariam_at_isi_edu_email_mariam_at_isi_edu', 'performative': 'error', 'sender': 'TEAMCORE', 'in-reply-to': 't', 'content': 'handler encountered error'}
Thu Nov 07 12:51:33 2002: Registration produced: {'receiver': 'mariam_at_isi_edu_email_mariam_at_isi_edu', 'performative': 'error', 'sender': 'TEAMCORE', 'in-reply-to': 't', 'content': 'handler encountered error'}
Thu Nov 07 12:51:33 2002: Sending message: (unregister :sender mariam_at_isi_edu_email_mariam_at_isi_edu :ontology tcp-ip :reply-with nil :content mariam_at_isi_edu_email_mariam_at_isi_edu)
Thu Nov 07 12:51:33 2002: Sending message: (register :sender mariam_at_isi_edu_email_mariam_at_isi_edu :ontology tcp-ip :reply-with t :content (mariam_at_isi_edu_email_mariam_at_isi_edu sangat.isi.edu:6679))
Thu Nov 07 12:51:33 2002: Received: {'receiver': 'mariam_at_isi_edu_email_mariam_at_isi_edu', 'performative': 'reply', 'sender': 'TEAMCORE', 'in-reply-to': 't', 'content': 'mariam_at_isi_edu_email_mariam_at_isi_edu TEAMCORE'}
Thu Nov 07 12:51:33 2002: Registration produced: {'receiver': 'mariam_at_isi_edu_email_mariam_at_isi_edu', 'performative': 'reply', 'sender': 'TEAMCORE', 'in-reply-to': 't', 'content': 'mariam_at_isi_edu_email_mariam_at_isi_edu TEAMCORE'}mariam_at_isi_edu_email_mariam_at_isi_edu, TEAMCORE
Thu Nov 07 12:51:33 2002: Registration successful: mariam_at_isi_edu_email_mariam_at_isi_edu
Thu Nov 07 12:51:33 2002: Router for mariam_at_isi_edu_email_mariam_at_isi_edu running...
Thu Nov 07 12:51:33 2002: Sending message: (ask-one :sender mariam_at_isi_edu_email_mariam_at_isi_edu :reply-with t :content "proxy_mariam_at_isi_edu")
Thu Nov 07 12:51:33 2002: Received: {'receiver': 'mariam_at_isi_edu_email_mariam_at_isi_edu', 'performative': 'sorry', 'sender': 'TEAMCORE', 'in-reply-to': 't'}
Thu Nov 07 12:51:33 2002: No registered agent: proxy_mariam_at_isi_edu
Thu Nov 07 12:51:35 2002: Received: {'receiver': 'mariam_at_isi_edu_email_mariam_at_isi_edu', 'performative': 'ask', 'sender': 'ping_mariam_at_isi_edu_email_mariam_at_isi_edu', 'reply-with': 'mariam_at_isi_edu', 'content': 'hello'}
Thu Nov 07 12:51:35 2002: Processing message: {'receiver': 'mariam_at_isi_edu_email_mariam_at_isi_edu', 'performative': 'ask', 'sender': 'ping_mariam_at_isi_edu_email_mariam_at_isi_edu', 'reply-with': 'mariam_at_isi_edu', 'content': 'hello'}
Thu Nov 07 12:51:35 2002: Replying: (sorry :reply-with nil :in-reply-to mariam_at_isi_edu :receiver ping_mariam_at_isi_edu_email_mariam_at_isi_edu :sender mariam_at_isi_edu_email_mariam_at_isi_edu :comment "Unintelligible query")
Thu Nov 07 13:08:07 2002: Received: {'receiver': 'mariam_at_isi_edu_email_mariam_at_isi_edu', 'performative': 'tell', 'sender': 'stop_mariam_at_isi_edu_email_mariam_at_isi_edu', 'reply-with': 'nil', 'content': 'stop'}
Thu Nov 07 13:08:07 2002: Processing message: {'receiver': 'mariam_at_isi_edu_email_mariam_at_isi_edu', 'performative': 'tell', 'sender': 'stop_mariam_at_isi_edu_email_mariam_at_isi_edu', 'reply-with': 'nil', 'content': 'stop'}
Thu Nov 07 13:08:08 2002: Sending message: (ask-one :sender mariam_at_isi_edu_email_mariam_at_isi_edu :reply-with t :content "proxy_mariam_at_isi_edu")
Thu Nov 07 13:08:08 2002: Received: {'receiver': 'mariam_at_isi_edu_email_mariam_at_isi_edu', 'performative': 'reply', 'sender': 'TEAMCORE', 'in-reply-to': 't', 'content': 'proxy_mariam_at_isi_edu:sangat.isi.edu:9992:'}
Thu Nov 07 13:08:08 2002: Sending message: (unregister :receiver proxy_mariam_at_isi_edu :name email_mariam_at_isi_edu :sender mariam_at_isi_edu_email_mariam_at_isi_edu :reply-with nil :user mariam_at_isi_edu)
Thu Nov 07 13:08:08 2002: Router mariam_at_isi_edu_email_mariam_at_isi_edu exiting...
Thu Nov 07 13:08:08 2002: Sending message: (unregister :receiver TEAMCORE :sender mariam_at_isi_edu_email_mariam_at_isi_edu :ontology tcp-ip :reply-with nil :content mariam_at_isi_edu_email_mariam_at_isi_edu)
Thu Nov 07 13:08:08 2002: Exiting...
Thu Nov 07 13:08:10 2002: Using ANS: ('vibhagam.isi.edu', 5500)
Thu Nov 07 13:08:10 2002: Bound to host/port: sangat.isi.edu:6678
Thu Nov 07 13:08:10 2002: Sending message: (register :ontology tcp-ip :sender mariam_at_isi_edu_email_mariam_at_isi_edu :reply-with t :content "mariam_at_isi_edu_email_mariam_at_isi_edu sangat.isi.edu:6678")
Thu Nov 07 13:08:10 2002: Received: {'receiver': 'mariam_at_isi_edu_email_mariam_at_isi_edu', 'performative': 'error', 'sender': 'TEAMCORE', 'in-reply-to': 't', 'content': 'handler encountered error'}
Thu Nov 07 13:08:10 2002: Registration produced: {'receiver': 'mariam_at_isi_edu_email_mariam_at_isi_edu', 'performative': 'error', 'sender': 'TEAMCORE', 'in-reply-to': 't', 'content': 'handler encountered error'}
Thu Nov 07 13:08:10 2002: Sending message: (unregister :sender mariam_at_isi_edu_email_mariam_at_isi_edu :ontology tcp-ip :reply-with nil :content mariam_at_isi_edu_email_mariam_at_isi_edu)
Thu Nov 07 13:08:10 2002: Sending message: (register :sender mariam_at_isi_edu_email_mariam_at_isi_edu :ontology tcp-ip :reply-with t :content (mariam_at_isi_edu_email_mariam_at_isi_edu sangat.isi.edu:6678))
Thu Nov 07 13:08:10 2002: Received: {'receiver': 'mariam_at_isi_edu_email_mariam_at_isi_edu', 'performative': 'reply', 'sender': 'TEAMCORE', 'in-reply-to': 't', 'content': 'mariam_at_isi_edu_email_mariam_at_isi_edu TEAMCORE'}
Thu Nov 07 13:08:10 2002: Registration produced: {'receiver': 'mariam_at_isi_edu_email_mariam_at_isi_edu', 'performative': 'reply', 'sender': 'TEAMCORE', 'in-reply-to': 't', 'content': 'mariam_at_isi_edu_email_mariam_at_isi_edu TEAMCORE'}mariam_at_isi_edu_email_mariam_at_isi_edu, TEAMCORE
Thu Nov 07 13:08:10 2002: Registration successful: mariam_at_isi_edu_email_mariam_at_isi_edu
Thu Nov 07 13:08:10 2002: Router for mariam_at_isi_edu_email_mariam_at_isi_edu running...
Thu Nov 07 13:08:10 2002: Sending message: (ask-one :sender mariam_at_isi_edu_email_mariam_at_isi_edu :reply-with t :content "proxy_mariam_at_isi_edu")
Thu Nov 07 13:08:10 2002: Received: {'receiver': 'mariam_at_isi_edu_email_mariam_at_isi_edu', 'performative': 'reply', 'sender': 'TEAMCORE', 'in-reply-to': 't', 'content': 'proxy_mariam_at_isi_edu:sangat.isi.edu:9992:'}
Thu Nov 07 13:08:10 2002: Sending message: (register :name email_mariam_at_isi_edu :reply-with nil :agenttype device :receiver proxy_mariam_at_isi_edu :user mariam_at_isi_edu :sender mariam_at_isi_edu_email_mariam_at_isi_edu :direction (to user))
Thu Nov 07 13:08:12 2002: Received: {'receiver': 'mariam_at_isi_edu_email_mariam_at_isi_edu', 'performative': 'ask', 'sender': 'ping_mariam_at_isi_edu_email_mariam_at_isi_edu', 'reply-with': 'mariam_at_isi_edu', 'content': 'hello'}
Thu Nov 07 13:08:12 2002: Processing message: {'receiver': 'mariam_at_isi_edu_email_mariam_at_isi_edu', 'performative': 'ask', 'sender': 'ping_mariam_at_isi_edu_email_mariam_at_isi_edu', 'reply-with': 'mariam_at_isi_edu', 'content': 'hello'}
Thu Nov 07 13:08:12 2002: Replying: (sorry :reply-with nil :in-reply-to mariam_at_isi_edu :receiver ping_mariam_at_isi_edu_email_mariam_at_isi_edu :sender mariam_at_isi_edu_email_mariam_at_isi_edu :comment "Unintelligible query")
Thu Nov 07 14:18:02 2002: Received: {'subject': 'United Airlines flight 1828', 'performative': 'tell', 'reply-with': 'nil', 'receiver': 'mariam_at_isi_edu_email_mariam_at_isi_edu', 'user': 'mariam@isi.edu', 'sender': 'proxy_mariam_at_isi_edu', 'deadline': '10000', 'shortcontent': 'CHANGED : United Airlines flight 1828<br/> departs at 4:15 PM', 'content': '<br/> Dear mariam_at_isi_edu, <br/><br/>Your United Airlines flight 1828 has been delayed. It was originally scheduled to depart at 4:00 PM and is now scheduled to depart at 4:15 PM. The gate is 80 and the new arrival time is 5:30 PM.<br/><br/> -- Your personal elf'}
Thu Nov 07 14:18:02 2002: Processing message: {'subject': 'United Airlines flight 1828', 'performative': 'tell', 'reply-with': 'nil', 'receiver': 'mariam_at_isi_edu_email_mariam_at_isi_edu', 'user': 'mariam@isi.edu', 'sender': 'proxy_mariam_at_isi_edu', 'deadline': '10000', 'shortcontent': 'CHANGED : United Airlines flight 1828<br/> departs at 4:15 PM', 'content': '<br/> Dear mariam_at_isi_edu, <br/><br/>Your United Airlines flight 1828 has been delayed. It was originally scheduled to depart at 4:00 PM and is now scheduled to depart at 4:15 PM. The gate is 80 and the new arrival time is 5:30 PM.<br/><br/> -- Your personal elf'}
Thu Nov 07 14:18:02 2002: Received: {'subject': 'United Airlines flight 1828', 'performative': 'tell', 'reply-with': 'nil', 'receiver': 'mariam_at_isi_edu_email_mariam_at_isi_edu', 'user': 'mariam@isi.edu', 'sender': 'proxy_mariam_at_isi_edu', 'deadline': '10000', 'shortcontent': 'United Airlines flight 1828 departs LAX<br/> on-time at 4:15 PM Gate 80 and <br/>arrives SFO at 5:30 PM Gate 68.', 'content': 'Dear mariam_at_isi_edu,<br/><br/>Your United Airlines flight 1828 is still scheduled to depart LAX on-time at 4:15 PM Gate 80 and is scheduled to arrive SFO at 5:30 PM Gate 68.<br/><br/> -- Your personal elf'}
Thu Nov 07 14:18:03 2002: Message for user ID: mariam@isi.edu
Thu Nov 07 14:18:03 2002: User name: Maria Muslea
Thu Nov 07 14:18:03 2002: Processing message: {'subject': 'United Airlines flight 1828', 'performative': 'tell', 'reply-with': 'nil', 'receiver': 'mariam_at_isi_edu_email_mariam_at_isi_edu', 'user': 'mariam@isi.edu', 'sender': 'proxy_mariam_at_isi_edu', 'deadline': '10000', 'shortcontent': 'United Airlines flight 1828 departs LAX<br/> on-time at 4:15 PM Gate 80 and <br/>arrives SFO at 5:30 PM Gate 68.', 'content': 'Dear mariam_at_isi_edu,<br/><br/>Your United Airlines flight 1828 is still scheduled to depart LAX on-time at 4:15 PM Gate 80 and is scheduled to arrive SFO at 5:30 PM Gate 68.<br/><br/> -- Your personal elf'}
Thu Nov 07 14:18:03 2002: Message for user ID: mariam@isi.edu
Thu Nov 07 14:18:03 2002: User name: Maria Muslea
Thu Nov 07 14:52:31 2002: Received: {'subject': 'United Airlines flight 1828', 'performative': 'tell', 'reply-with': 'nil', 'receiver': 'mariam_at_isi_edu_email_mariam_at_isi_edu', 'user': 'mariam@isi.edu', 'sender': 'proxy_mariam_at_isi_edu', 'deadline': '10000', 'shortcontent': 'CHANGED : United Airlines flight 1828<br/> departs at 4:30 PM', 'content': '<br/> Dear mariam_at_isi_edu, <br/><br/>Your United Airlines flight 1828 has been delayed. It was originally scheduled to depart at 4:15 PM and is now scheduled to depart at 4:30 PM. The gate is 80 and the new arrival time is 5:45 PM.<br/><br/> -- Your personal elf'}
Thu Nov 07 14:52:31 2002: Processing message: {'subject': 'United Airlines flight 1828', 'performative': 'tell', 'reply-with': 'nil', 'receiver': 'mariam_at_isi_edu_email_mariam_at_isi_edu', 'user': 'mariam@isi.edu', 'sender': 'proxy_mariam_at_isi_edu', 'deadline': '10000', 'shortcontent': 'CHANGED : United Airlines flight 1828<br/> departs at 4:30 PM', 'content': '<br/> Dear mariam_at_isi_edu, <br/><br/>Your United Airlines flight 1828 has been delayed. It was originally scheduled to depart at 4:15 PM and is now scheduled to depart at 4:30 PM. The gate is 80 and the new arrival time is 5:45 PM.<br/><br/> -- Your personal elf'}
Thu Nov 07 14:52:31 2002: Message for user ID: mariam@isi.edu
Thu Nov 07 14:52:31 2002: User name: Maria Muslea
Thu Nov 07 14:52:35 2002: Received: {'subject': 'United Airlines flight 888', 'performative': 'tell', 'reply-with': 'nil', 'receiver': 'mariam_at_isi_edu_email_mariam_at_isi_edu', 'user': 'mariam@isi.edu', 'sender': 'proxy_mariam_at_isi_edu', 'deadline': '10000', 'shortcontent': 'United Airlines flight 888 departs LAX<br/> on-time at 5:00 PM Gate 83 and <br/>arrives SFO at 6:15 PM Gate 77.', 'content': 'Dear mariam_at_isi_edu,<br/><br/>Your United Airlines flight 888 is still scheduled to depart LAX on-time at 5:00 PM Gate 83 and is scheduled to arrive SFO at 6:15 PM Gate 77.<br/><br/> -- Your personal elf'}
Thu Nov 07 14:52:35 2002: Processing message: {'subject': 'United Airlines flight 888', 'performative': 'tell', 'reply-with': 'nil', 'receiver': 'mariam_at_isi_edu_email_mariam_at_isi_edu', 'user': 'mariam@isi.edu', 'sender': 'proxy_mariam_at_isi_edu', 'deadline': '10000', 'shortcontent': 'United Airlines flight 888 departs LAX<br/> on-time at 5:00 PM Gate 83 and <br/>arrives SFO at 6:15 PM Gate 77.', 'content': 'Dear mariam_at_isi_edu,<br/><br/>Your United Airlines flight 888 is still scheduled to depart LAX on-time at 5:00 PM Gate 83 and is scheduled to arrive SFO at 6:15 PM Gate 77.<br/><br/> -- Your personal elf'}
Thu Nov 07 14:52:35 2002: Message for user ID: mariam@isi.edu
Thu Nov 07 14:52:35 2002: User name: Maria Muslea
Thu Nov 07 15:52:35 2002: Received: {'subject': 'United Airlines flight 1828', 'performative': 'tell', 'reply-with': 'nil', 'receiver': 'mariam_at_isi_edu_email_mariam_at_isi_edu', 'user': 'mariam@isi.edu', 'sender': 'proxy_mariam_at_isi_edu', 'deadline': '10000', 'shortcontent': 'CHANGED : United Airlines flight 1828<br/> departs at 5:00 PM', 'content': '<br/> Dear mariam_at_isi_edu, <br/><br/>Your United Airlines flight 1828 has been delayed. It was originally scheduled to depart at 4:30 PM and is now scheduled to depart at 5:00 PM. The gate is 67A and the new arrival time is 6:15 PM.<br/><br/> -- Your personal elf'}
Thu Nov 07 15:52:35 2002: Processing message: {'subject': 'United Airlines flight 1828', 'performative': 'tell', 'reply-with': 'nil', 'receiver': 'mariam_at_isi_edu_email_mariam_at_isi_edu', 'user': 'mariam@isi.edu', 'sender': 'proxy_mariam_at_isi_edu', 'deadline': '10000', 'shortcontent': 'CHANGED : United Airlines flight 1828<br/> departs at 5:00 PM', 'content': '<br/> Dear mariam_at_isi_edu, <br/><br/>Your United Airlines flight 1828 has been delayed. It was originally scheduled to depart at 4:30 PM and is now scheduled to depart at 5:00 PM. The gate is 67A and the new arrival time is 6:15 PM.<br/><br/> -- Your personal elf'}
Thu Nov 07 15:52:36 2002: Message for user ID: mariam@isi.edu
Thu Nov 07 15:52:36 2002: User name: Maria Muslea
Thu Nov 07 16:42:37 2002: Received: {'subject': 'United Airlines flight 888', 'performative': 'tell', 'reply-with': 'nil', 'receiver': 'mariam_at_isi_edu_email_mariam_at_isi_edu', 'user': 'mariam@isi.edu', 'sender': 'proxy_mariam_at_isi_edu', 'deadline': '10000', 'shortcontent': 'CHANGED : United Airlines flight 888<br/> departs at 5:15 PM', 'content': '<br/> Dear mariam_at_isi_edu, <br/><br/>Your United Airlines flight 888 has been delayed. It was originally scheduled to depart at 5:00 PM and is now scheduled to depart at 5:15 PM. The gate is 83 and the new arrival time is 6:30 PM.<br/><br/> -- Your personal elf'}
Thu Nov 07 16:42:37 2002: Processing message: {'subject': 'United Airlines flight 888', 'performative': 'tell', 'reply-with': 'nil', 'receiver': 'mariam_at_isi_edu_email_mariam_at_isi_edu', 'user': 'mariam@isi.edu', 'sender': 'proxy_mariam_at_isi_edu', 'deadline': '10000', 'shortcontent': 'CHANGED : United Airlines flight 888<br/> departs at 5:15 PM', 'content': '<br/> Dear mariam_at_isi_edu, <br/><br/>Your United Airlines flight 888 has been delayed. It was originally scheduled to depart at 5:00 PM and is now scheduled to depart at 5:15 PM. The gate is 83 and the new arrival time is 6:30 PM.<br/><br/> -- Your personal elf'}
Thu Nov 07 16:42:37 2002: Message for user ID: mariam@isi.edu
Thu Nov 07 16:42:37 2002: User name: Maria Muslea
Thu Nov 07 16:52:37 2002: Received: {'subject': 'United Airlines flight 1828', 'performative': 'tell', 'reply-with': 'nil', 'receiver': 'mariam_at_isi_edu_email_mariam_at_isi_edu', 'user': 'mariam@isi.edu', 'sender': 'proxy_mariam_at_isi_edu', 'deadline': '10000', 'shortcontent': 'CHANGED : United Airlines flight 1828<br/> departs at 5:30 PM', 'content': '<br/> Dear mariam_at_isi_edu, <br/><br/>Your United Airlines flight 1828 has been delayed. It was originally scheduled to depart at 5:00 PM and is now scheduled to depart at 5:30 PM. The gate is 67A and the new arrival time is 6:45 PM.<br/><br/> -- Your personal elf'}
Thu Nov 07 16:52:37 2002: Processing message: {'subject': 'United Airlines flight 1828', 'performative': 'tell', 'reply-with': 'nil', 'receiver': 'mariam_at_isi_edu_email_mariam_at_isi_edu', 'user': 'mariam@isi.edu', 'sender': 'proxy_mariam_at_isi_edu', 'deadline': '10000', 'shortcontent': 'CHANGED : United Airlines flight 1828<br/> departs at 5:30 PM', 'content': '<br/> Dear mariam_at_isi_edu, <br/><br/>Your United Airlines flight 1828 has been delayed. It was originally scheduled to depart at 5:00 PM and is now scheduled to depart at 5:30 PM. The gate is 67A and the new arrival time is 6:45 PM.<br/><br/> -- Your personal elf'}
Thu Nov 07 16:52:37 2002: Message for user ID: mariam@isi.edu
Thu Nov 07 16:52:37 2002: User name: Maria Muslea
Thu Nov 07 17:02:44 2002: Received: {'subject': 'United Airlines flight 888', 'performative': 'tell', 'reply-with': 'nil', 'receiver': 'mariam_at_isi_edu_email_mariam_at_isi_edu', 'user': 'mariam@isi.edu', 'sender': 'proxy_mariam_at_isi_edu', 'deadline': '10000', 'shortcontent': 'CHANGED : United Airlines flight 888<br/> departs at 5:00 PM', 'content': '<br/> Dear mariam_at_isi_edu, <br/><br/>Your United Airlines flight 888 will be departing early. It was originally scheduled to depart at 5:15 PM and is now scheduled to dpeart at 5:00 PM. The gate is 83 and the new arrival time is 6:15 PM.<br/><br/> -- Your personal elf'}
Thu Nov 07 17:02:44 2002: Processing message: {'subject': 'United Airlines flight 888', 'performative': 'tell', 'reply-with': 'nil', 'receiver': 'mariam_at_isi_edu_email_mariam_at_isi_edu', 'user': 'mariam@isi.edu', 'sender': 'proxy_mariam_at_isi_edu', 'deadline': '10000', 'shortcontent': 'CHANGED : United Airlines flight 888<br/> departs at 5:00 PM', 'content': '<br/> Dear mariam_at_isi_edu, <br/><br/>Your United Airlines flight 888 will be departing early. It was originally scheduled to depart at 5:15 PM and is now scheduled to dpeart at 5:00 PM. The gate is 83 and the new arrival time is 6:15 PM.<br/><br/> -- Your personal elf'}
Thu Nov 07 17:02:44 2002: Message for user ID: mariam@isi.edu
Thu Nov 07 17:02:44 2002: User name: Maria Muslea
Tue Nov 12 14:02:10 2002: Received: {'subject': 'United Airlines flight 7333', 'performative': 'tell', 'reply-with': 'nil', 'receiver': 'mariam_at_isi_edu_email_mariam_at_isi_edu', 'user': 'mariam@isi.edu', 'sender': 'proxy_mariam_at_isi_edu', 'deadline': '10000', 'shortcontent': 'United Airlines flight 7333 departs PHL<br/> on-time at 7:10 PM Gate D5 and <br/>arrives IAD at 8:19 PM Gate A7.', 'content': 'Dear mariam_at_isi_edu,<br/><br/>Your United Airlines flight 7333 is still scheduled to depart PHL on-time at 7:10 PM Gate D5 and is scheduled to arrive IAD at 8:19 PM Gate A7.<br/><br/> -- Your personal elf'}
Tue Nov 12 14:02:10 2002: Processing message: {'subject': 'United Airlines flight 7333', 'performative': 'tell', 'reply-with': 'nil', 'receiver': 'mariam_at_isi_edu_email_mariam_at_isi_edu', 'user': 'mariam@isi.edu', 'sender': 'proxy_mariam_at_isi_edu', 'deadline': '10000', 'shortcontent': 'United Airlines flight 7333 departs PHL<br/> on-time at 7:10 PM Gate D5 and <br/>arrives IAD at 8:19 PM Gate A7.', 'content': 'Dear mariam_at_isi_edu,<br/><br/>Your United Airlines flight 7333 is still scheduled to depart PHL on-time at 7:10 PM Gate D5 and is scheduled to arrive IAD at 8:19 PM Gate A7.<br/><br/> -- Your personal elf'}
Tue Nov 12 14:02:11 2002: Message for user ID: mariam@isi.edu
Tue Nov 12 14:02:11 2002: User name: Maria Muslea
Tue Nov 12 14:42:12 2002: Received: {'subject': 'United Airlines flight 7333', 'performative': 'tell', 'reply-with': 'nil', 'receiver': 'mariam_at_isi_edu_email_mariam_at_isi_edu', 'user': 'mariam@isi.edu', 'sender': 'proxy_mariam_at_isi_edu', 'deadline': '10000', 'shortcontent': 'CHANGED : United Airlines flight 7333<br/> departs at 7:40 PM', 'content': '<br/> Dear mariam_at_isi_edu, <br/><br/>Your United Airlines flight 7333 has been delayed. It was originally scheduled to depart at 7:10 PM and is now scheduled to depart at 7:40 PM. The gate is D5 and the new arrival time is 8:49 PM.<br/><br/> -- Your personal elf'}
Tue Nov 12 14:42:12 2002: Processing message: {'subject': 'United Airlines flight 7333', 'performative': 'tell', 'reply-with': 'nil', 'receiver': 'mariam_at_isi_edu_email_mariam_at_isi_edu', 'user': 'mariam@isi.edu', 'sender': 'proxy_mariam_at_isi_edu', 'deadline': '10000', 'shortcontent': 'CHANGED : United Airlines flight 7333<br/> departs at 7:40 PM', 'content': '<br/> Dear mariam_at_isi_edu, <br/><br/>Your United Airlines flight 7333 has been delayed. It was originally scheduled to depart at 7:10 PM and is now scheduled to depart at 7:40 PM. The gate is D5 and the new arrival time is 8:49 PM.<br/><br/> -- Your personal elf'}
Tue Nov 12 14:42:12 2002: Message for user ID: mariam@isi.edu
Tue Nov 12 14:42:12 2002: User name: Maria Muslea
Tue Nov 12 15:42:13 2002: Received: {'subject': 'United Airlines flight 7333', 'performative': 'tell', 'reply-with': 'nil', 'receiver': 'mariam_at_isi_edu_email_mariam_at_isi_edu', 'user': 'mariam@isi.edu', 'sender': 'proxy_mariam_at_isi_edu', 'deadline': '10000', 'shortcontent': 'CHANGED : United Airlines flight 7333<br/> departs at 8:00 PM', 'content': '<br/> Dear mariam_at_isi_edu, <br/><br/>Your United Airlines flight 7333 has been delayed. It was originally scheduled to depart at 7:40 PM and is now scheduled to depart at 8:00 PM. The gate is D5 and the new arrival time is 9:02 PM.<br/><br/> -- Your personal elf'}
Tue Nov 12 15:42:13 2002: Processing message: {'subject': 'United Airlines flight 7333', 'performative': 'tell', 'reply-with': 'nil', 'receiver': 'mariam_at_isi_edu_email_mariam_at_isi_edu', 'user': 'mariam@isi.edu', 'sender': 'proxy_mariam_at_isi_edu', 'deadline': '10000', 'shortcontent': 'CHANGED : United Airlines flight 7333<br/> departs at 8:00 PM', 'content': '<br/> Dear mariam_at_isi_edu, <br/><br/>Your United Airlines flight 7333 has been delayed. It was originally scheduled to depart at 7:40 PM and is now scheduled to depart at 8:00 PM. The gate is D5 and the new arrival time is 9:02 PM.<br/><br/> -- Your personal elf'}
Tue Nov 12 15:42:14 2002: Message for user ID: mariam@isi.edu
Tue Nov 12 15:42:14 2002: User name: Maria Muslea
Tue Nov 12 17:12:21 2002: Received: {'subject': 'United Airlines flight 7333', 'performative': 'tell', 'reply-with': 'nil', 'receiver': 'mariam_at_isi_edu_email_mariam_at_isi_edu', 'user': 'mariam@isi.edu', 'sender': 'proxy_mariam_at_isi_edu', 'deadline': '10000', 'shortcontent': 'CHANGED : United Airlines flight 7333<br/> departs at 8:26 PM', 'content': '<br/> Dear mariam_at_isi_edu, <br/><br/>Your United Airlines flight 7333 has been delayed. It was originally scheduled to depart at 8:00 PM and is now scheduled to depart at 8:26 PM. The gate is D5 and the new arrival time is 9:28 PM.<br/><br/> -- Your personal elf'}
Tue Nov 12 17:12:21 2002: Processing message: {'subject': 'United Airlines flight 7333', 'performative': 'tell', 'reply-with': 'nil', 'receiver': 'mariam_at_isi_edu_email_mariam_at_isi_edu', 'user': 'mariam@isi.edu', 'sender': 'proxy_mariam_at_isi_edu', 'deadline': '10000', 'shortcontent': 'CHANGED : United Airlines flight 7333<br/> departs at 8:26 PM', 'content': '<br/> Dear mariam_at_isi_edu, <br/><br/>Your United Airlines flight 7333 has been delayed. It was originally scheduled to depart at 8:00 PM and is now scheduled to depart at 8:26 PM. The gate is D5 and the new arrival time is 9:28 PM.<br/><br/> -- Your personal elf'}
Tue Nov 12 17:12:21 2002: Message for user ID: mariam@isi.edu
Tue Nov 12 17:12:21 2002: User name: Maria Muslea
Thu Nov 14 13:05:57 2002: Received: {'subject': 'United Airlines flight 947', 'performative': 'tell', 'reply-with': 'nil', 'receiver': 'mariam_at_isi_edu_email_mariam_at_isi_edu', 'user': 'mariam@isi.edu', 'sender': 'proxy_mariam_at_isi_edu', 'deadline': '10000', 'shortcontent': 'United Airlines flight 947 departs IAD<br/> on-time at 5:50 PM Gate D5 and <br/>arrives LAX at 8:10 PM Gate 72.', 'content': 'Dear mariam_at_isi_edu,<br/><br/>Your United Airlines flight 947 is still scheduled to depart IAD on-time at 5:50 PM Gate D5 and is scheduled to arrive LAX at 8:10 PM Gate 72.<br/><br/> -- Your personal elf'}
Thu Nov 14 13:05:58 2002: Processing message: {'subject': 'United Airlines flight 947', 'performative': 'tell', 'reply-with': 'nil', 'receiver': 'mariam_at_isi_edu_email_mariam_at_isi_edu', 'user': 'mariam@isi.edu', 'sender': 'proxy_mariam_at_isi_edu', 'deadline': '10000', 'shortcontent': 'United Airlines flight 947 departs IAD<br/> on-time at 5:50 PM Gate D5 and <br/>arrives LAX at 8:10 PM Gate 72.', 'content': 'Dear mariam_at_isi_edu,<br/><br/>Your United Airlines flight 947 is still scheduled to depart IAD on-time at 5:50 PM Gate D5 and is scheduled to arrive LAX at 8:10 PM Gate 72.<br/><br/> -- Your personal elf'}
Thu Nov 14 13:05:58 2002: Message for user ID: mariam@isi.edu
Thu Nov 14 13:05:58 2002: User name: Maria Muslea
Mon Nov 18 18:19:15 2002: Received: {'subject': 'Delta Air Lines flight 324', 'performative': 'tell', 'reply-with': 'nil', 'receiver': 'mariam_at_isi_edu_email_mariam_at_isi_edu', 'user': 'mariam@isi.edu', 'sender': 'proxy_mariam_at_isi_edu', 'deadline': '10000', 'shortcontent': 'Delta Air Lines flight 324 departs LAX<br/> on-time at 6:19 PM Gate Not Available and <br/>arrives SLC at 9:05 PM Gate Not Available.', 'content': 'Dear mariam_at_isi_edu,<br/><br/>Your Delta Air Lines flight 324 is still scheduled to depart LAX on-time at 6:19 PM Gate Not Available and is scheduled to arrive SLC at 9:05 PM Gate Not Available.<br/><br/> -- Your personal elf'}
Mon Nov 18 18:19:15 2002: Processing message: {'subject': 'Delta Air Lines flight 324', 'performative': 'tell', 'reply-with': 'nil', 'receiver': 'mariam_at_isi_edu_email_mariam_at_isi_edu', 'user': 'mariam@isi.edu', 'sender': 'proxy_mariam_at_isi_edu', 'deadline': '10000', 'shortcontent': 'Delta Air Lines flight 324 departs LAX<br/> on-time at 6:19 PM Gate Not Available and <br/>arrives SLC at 9:05 PM Gate Not Available.', 'content': 'Dear mariam_at_isi_edu,<br/><br/>Your Delta Air Lines flight 324 is still scheduled to depart LAX on-time at 6:19 PM Gate Not Available and is scheduled to arrive SLC at 9:05 PM Gate Not Available.<br/><br/> -- Your personal elf'}
Mon Nov 18 18:19:15 2002: Message for user ID: mariam@isi.edu
Mon Nov 18 18:19:15 2002: User name: Maria Muslea
Mon Nov 18 20:29:01 2002: Received: {'subject': 'Delta Air Lines flight 2049', 'performative': 'tell', 'reply-with': 'nil', 'receiver': 'mariam_at_isi_edu_email_mariam_at_isi_edu', 'user': 'mariam@isi.edu', 'sender': 'proxy_mariam_at_isi_edu', 'deadline': '10000', 'shortcontent': 'Delta Air Lines flight 2049 departs SLC<br/> on-time at 10:05 PM Gate Not Available and <br/>arrives SFO at 11:00 PM Gate Not Available.', 'content': 'Dear mariam_at_isi_edu,<br/><br/>Your Delta Air Lines flight 2049 is still scheduled to depart SLC on-time at 10:05 PM Gate Not Available and is scheduled to arrive SFO at 11:00 PM Gate Not Available.<br/><br/> -- Your personal elf'}
Mon Nov 18 20:29:01 2002: Processing message: {'subject': 'Delta Air Lines flight 2049', 'performative': 'tell', 'reply-with': 'nil', 'receiver': 'mariam_at_isi_edu_email_mariam_at_isi_edu', 'user': 'mariam@isi.edu', 'sender': 'proxy_mariam_at_isi_edu', 'deadline': '10000', 'shortcontent': 'Delta Air Lines flight 2049 departs SLC<br/> on-time at 10:05 PM Gate Not Available and <br/>arrives SFO at 11:00 PM Gate Not Available.', 'content': 'Dear mariam_at_isi_edu,<br/><br/>Your Delta Air Lines flight 2049 is still scheduled to depart SLC on-time at 10:05 PM Gate Not Available and is scheduled to arrive SFO at 11:00 PM Gate Not Available.<br/><br/> -- Your personal elf'}
Mon Nov 18 20:29:01 2002: Message for user ID: mariam@isi.edu
Mon Nov 18 20:29:01 2002: User name: Maria Muslea
Mon Nov 18 21:19:03 2002: Received: {'subject': 'Connecting Flights', 'performative': 'tell', 'reply-with': 'nil', 'receiver': 'mariam_at_isi_edu_email_mariam_at_isi_edu', 'user': 'mariam@isi.edu', 'sender': 'proxy_mariam_at_isi_edu', 'deadline': '10000', 'shortcontent': 'Connecting Flight<br/>Your connecting Delta Air Lines flight 2049 will depart at 9:58 PM (7 minutes Early) at gate Not Available.<br/>Earlier flights:<br/> Earlier flights not found', 'content': 'Dear mariam_at_isi_edu,<br/>Your connecting Delta Air Lines flight 2049 will depart at 9:58 PM (7 minutes Early) at gate Not Available.<br/><br/>If you would like to leave earlier, the following Delta Air Lines flights will depart earlier than your scheduled flight:<br/><br/>Earlier flights not found<br/> Thank you, <br/><br/> -- Your personal elf'}
Mon Nov 18 21:19:03 2002: Processing message: {'subject': 'Connecting Flights', 'performative': 'tell', 'reply-with': 'nil', 'receiver': 'mariam_at_isi_edu_email_mariam_at_isi_edu', 'user': 'mariam@isi.edu', 'sender': 'proxy_mariam_at_isi_edu', 'deadline': '10000', 'shortcontent': 'Connecting Flight<br/>Your connecting Delta Air Lines flight 2049 will depart at 9:58 PM (7 minutes Early) at gate Not Available.<br/>Earlier flights:<br/> Earlier flights not found', 'content': 'Dear mariam_at_isi_edu,<br/>Your connecting Delta Air Lines flight 2049 will depart at 9:58 PM (7 minutes Early) at gate Not Available.<br/><br/>If you would like to leave earlier, the following Delta Air Lines flights will depart earlier than your scheduled flight:<br/><br/>Earlier flights not found<br/> Thank you, <br/><br/> -- Your personal elf'}
Mon Nov 18 21:19:03 2002: Message for user ID: mariam@isi.edu
Mon Nov 18 21:19:03 2002: User name: Maria Muslea
Tue Nov 19 04:19:43 2002: Received: {'subject': 'Delta Air Lines flight 2162', 'performative': 'tell', 'reply-with': 'nil', 'receiver': 'mariam_at_isi_edu_email_mariam_at_isi_edu', 'user': 'mariam@isi.edu', 'sender': 'proxy_mariam_at_isi_edu', 'deadline': '10000', 'shortcontent': 'Delta Air Lines flight 2162 departs SFO<br/> on-time at 6:25 AM Gate Not Available and <br/>arrives SLC at 9:04 AM Gate Not Available.', 'content': 'Dear mariam_at_isi_edu,<br/><br/>Your Delta Air Lines flight 2162 is still scheduled to depart SFO on-time at 6:25 AM Gate Not Available and is scheduled to arrive SLC at 9:04 AM Gate Not Available.<br/><br/> -- Your personal elf'}
Tue Nov 19 04:19:43 2002: Processing message: {'subject': 'Delta Air Lines flight 2162', 'performative': 'tell', 'reply-with': 'nil', 'receiver': 'mariam_at_isi_edu_email_mariam_at_isi_edu', 'user': 'mariam@isi.edu', 'sender': 'proxy_mariam_at_isi_edu', 'deadline': '10000', 'shortcontent': 'Delta Air Lines flight 2162 departs SFO<br/> on-time at 6:25 AM Gate Not Available and <br/>arrives SLC at 9:04 AM Gate Not Available.', 'content': 'Dear mariam_at_isi_edu,<br/><br/>Your Delta Air Lines flight 2162 is still scheduled to depart SFO on-time at 6:25 AM Gate Not Available and is scheduled to arrive SLC at 9:04 AM Gate Not Available.<br/><br/> -- Your personal elf'}
Tue Nov 19 04:19:43 2002: Message for user ID: mariam@isi.edu
Tue Nov 19 04:19:43 2002: User name: Maria Muslea
Tue Nov 19 07:59:56 2002: Received: {'subject': 'Delta Air Lines flight 1111', 'performative': 'tell', 'reply-with': 'nil', 'receiver': 'mariam_at_isi_edu_email_mariam_at_isi_edu', 'user': 'mariam@isi.edu', 'sender': 'proxy_mariam_at_isi_edu', 'deadline': '10000', 'shortcontent': 'Delta Air Lines flight 1111 departs SLC<br/> on-time at 10:00 AM Gate Not Available and <br/>arrives LAX at 10:50 AM Gate Not Available.', 'content': 'Dear mariam_at_isi_edu,<br/><br/>Your Delta Air Lines flight 1111 is still scheduled to depart SLC on-time at 10:00 AM Gate Not Available and is scheduled to arrive LAX at 10:50 AM Gate Not Available.<br/><br/> -- Your personal elf'}
Tue Nov 19 07:59:56 2002: Processing message: {'subject': 'Delta Air Lines flight 1111', 'performative': 'tell', 'reply-with': 'nil', 'receiver': 'mariam_at_isi_edu_email_mariam_at_isi_edu', 'user': 'mariam@isi.edu', 'sender': 'proxy_mariam_at_isi_edu', 'deadline': '10000', 'shortcontent': 'Delta Air Lines flight 1111 departs SLC<br/> on-time at 10:00 AM Gate Not Available and <br/>arrives LAX at 10:50 AM Gate Not Available.', 'content': 'Dear mariam_at_isi_edu,<br/><br/>Your Delta Air Lines flight 1111 is still scheduled to depart SLC on-time at 10:00 AM Gate Not Available and is scheduled to arrive LAX at 10:50 AM Gate Not Available.<br/><br/> -- Your personal elf'}
Tue Nov 19 07:59:56 2002: Message for user ID: mariam@isi.edu
Tue Nov 19 07:59:56 2002: User name: Maria Muslea
Tue Nov 19 09:20:10 2002: Received: {'subject': 'Connecting Flights', 'performative': 'tell', 'reply-with': 'nil', 'receiver': 'mariam_at_isi_edu_email_mariam_at_isi_edu', 'user': 'mariam@isi.edu', 'sender': 'proxy_mariam_at_isi_edu', 'deadline': '10000', 'shortcontent': 'Connecting Flight<br/>Your connecting Delta Air Lines flight 1111 will depart at 10:01 AM (1 minute Late) at gate Not Available.<br/>Earlier flights:<br/> Earlier flights not found', 'content': 'Dear mariam_at_isi_edu,<br/>Your connecting Delta Air Lines flight 1111 will depart at 10:01 AM (1 minute Late) at gate Not Available.<br/><br/>If you would like to leave earlier, the following Delta Air Lines flights will depart earlier than your scheduled flight:<br/><br/>Earlier flights not found<br/> Thank you, <br/><br/> -- Your personal elf'}
Tue Nov 19 09:20:10 2002: Processing message: {'subject': 'Connecting Flights', 'performative': 'tell', 'reply-with': 'nil', 'receiver': 'mariam_at_isi_edu_email_mariam_at_isi_edu', 'user': 'mariam@isi.edu', 'sender': 'proxy_mariam_at_isi_edu', 'deadline': '10000', 'shortcontent': 'Connecting Flight<br/>Your connecting Delta Air Lines flight 1111 will depart at 10:01 AM (1 minute Late) at gate Not Available.<br/>Earlier flights:<br/> Earlier flights not found', 'content': 'Dear mariam_at_isi_edu,<br/>Your connecting Delta Air Lines flight 1111 will depart at 10:01 AM (1 minute Late) at gate Not Available.<br/><br/>If you would like to leave earlier, the following Delta Air Lines flights will depart earlier than your scheduled flight:<br/><br/>Earlier flights not found<br/> Thank you, <br/><br/> -- Your personal elf'}
Tue Nov 19 09:20:11 2002: Message for user ID: mariam@isi.edu
Tue Nov 19 09:20:11 2002: User name: Maria Muslea
Tue Nov 19 12:50:20 2002: Received: {'subject': 'United Airlines flight 947', 'performative': 'tell', 'reply-with': 'nil', 'receiver': 'mariam_at_isi_edu_email_mariam_at_isi_edu', 'user': 'mariam@isi.edu', 'sender': 'proxy_mariam_at_isi_edu', 'deadline': '10000', 'shortcontent': 'United Airlines flight 947 departs IAD<br/> on-time at 5:50 PM Gate C27 and <br/>arrives LAX at 7:53 PM Gate 72.', 'content': 'Dear mariam_at_isi_edu,<br/><br/>Your United Airlines flight 947 is still scheduled to depart IAD on-time at 5:50 PM Gate C27 and is scheduled to arrive LAX at 7:53 PM Gate 72.<br/><br/> -- Your personal elf'}
Tue Nov 19 12:50:20 2002: Processing message: {'subject': 'United Airlines flight 947', 'performative': 'tell', 'reply-with': 'nil', 'receiver': 'mariam_at_isi_edu_email_mariam_at_isi_edu', 'user': 'mariam@isi.edu', 'sender': 'proxy_mariam_at_isi_edu', 'deadline': '10000', 'shortcontent': 'United Airlines flight 947 departs IAD<br/> on-time at 5:50 PM Gate C27 and <br/>arrives LAX at 7:53 PM Gate 72.', 'content': 'Dear mariam_at_isi_edu,<br/><br/>Your United Airlines flight 947 is still scheduled to depart IAD on-time at 5:50 PM Gate C27 and is scheduled to arrive LAX at 7:53 PM Gate 72.<br/><br/> -- Your personal elf'}
Tue Nov 19 12:50:20 2002: Message for user ID: mariam@isi.edu
Tue Nov 19 12:50:20 2002: User name: Maria Muslea
Thu Nov 21 12:33:25 2002: Received: {'subject': 'United', 'performative': 'tell', 'reply-with': 'nil', 'receiver': 'mariam_at_isi_edu_email_mariam_at_isi_edu', 'user': 'mariam@isi.edu', 'sender': 'proxy_mariam_at_isi_edu', 'deadline': '10000'}
Thu Nov 21 12:33:25 2002: Processing message: {'subject': 'United', 'performative': 'tell', 'reply-with': 'nil', 'receiver': 'mariam_at_isi_edu_email_mariam_at_isi_edu', 'user': 'mariam@isi.edu', 'sender': 'proxy_mariam_at_isi_edu', 'deadline': '10000'}
Thu Nov 21 12:33:25 2002: Message for user ID: mariam@isi.edu
Thu Nov 21 12:33:25 2002: User name: Maria Muslea
Thu Nov 21 12:34:00 2002: Received: {'subject': 'United', 'performative': 'tell', 'reply-with': 'nil', 'receiver': 'mariam_at_isi_edu_email_mariam_at_isi_edu', 'user': 'mariam@isi.edu', 'sender': 'proxy_mariam_at_isi_edu', 'deadline': '10000'}
Thu Nov 21 12:34:00 2002: Processing message: {'subject': 'United', 'performative': 'tell', 'reply-with': 'nil', 'receiver': 'mariam_at_isi_edu_email_mariam_at_isi_edu', 'user': 'mariam@isi.edu', 'sender': 'proxy_mariam_at_isi_edu', 'deadline': '10000'}
Thu Nov 21 12:34:00 2002: Message for user ID: mariam@isi.edu
Thu Nov 21 12:34:00 2002: User name: Maria Muslea
Thu Nov 21 12:35:15 2002: Received: {'subject': 'United', 'performative': 'tell', 'reply-with': 'nil', 'receiver': 'mariam_at_isi_edu_email_mariam_at_isi_edu', 'user': 'mariam@isi.edu', 'sender': 'proxy_mariam_at_isi_edu', 'deadline': '10000'}
Thu Nov 21 12:35:15 2002: Processing message: {'subject': 'United', 'performative': 'tell', 'reply-with': 'nil', 'receiver': 'mariam_at_isi_edu_email_mariam_at_isi_edu', 'user': 'mariam@isi.edu', 'sender': 'proxy_mariam_at_isi_edu', 'deadline': '10000'}
Thu Nov 21 12:35:15 2002: Message for user ID: mariam@isi.edu
Thu Nov 21 12:35:15 2002: User name: Maria Muslea
Fri Nov 22 09:19:44 2002: Received: {'subject': 'United', 'performative': 'tell', 'reply-with': 'nil', 'receiver': 'mariam_at_isi_edu_email_mariam_at_isi_edu', 'user': 'mariam@isi.edu', 'sender': 'proxy_mariam_at_isi_edu', 'deadline': '10000'}
Fri Nov 22 09:19:45 2002: Processing message: {'subject': 'United', 'performative': 'tell', 'reply-with': 'nil', 'receiver': 'mariam_at_isi_edu_email_mariam_at_isi_edu', 'user': 'mariam@isi.edu', 'sender': 'proxy_mariam_at_isi_edu', 'deadline': '10000'}
Fri Nov 22 09:19:45 2002: Message for user ID: mariam@isi.edu
Fri Nov 22 09:19:45 2002: User name: Maria Muslea
Fri Nov 22 11:59:56 2002: Received: {'subject': 'Test', 'performative': 'tell', 'reply-with': 'nil', 'receiver': 'mariam_at_isi_edu_email_mariam_at_isi_edu', 'user': 'mariam@isi.edu', 'sender': 'proxy_mariam_at_isi_edu', 'deadline': '10000'}
Fri Nov 22 11:59:56 2002: Processing message: {'subject': 'Test', 'performative': 'tell', 'reply-with': 'nil', 'receiver': 'mariam_at_isi_edu_email_mariam_at_isi_edu', 'user': 'mariam@isi.edu', 'sender': 'proxy_mariam_at_isi_edu', 'deadline': '10000'}
Fri Nov 22 11:59:57 2002: Message for user ID: mariam@isi.edu
Fri Nov 22 11:59:57 2002: User name: Maria Muslea
Fri Nov 22 13:03:36 2002: Received: {'subject': 'Test', 'performative': 'tell', 'reply-with': 'nil', 'receiver': 'mariam_at_isi_edu_email_mariam_at_isi_edu', 'user': 'mariam@isi.edu', 'sender': 'proxy_mariam_at_isi_edu', 'deadline': '10000'}
Fri Nov 22 13:03:36 2002: Processing message: {'subject': 'Test', 'performative': 'tell', 'reply-with': 'nil', 'receiver': 'mariam_at_isi_edu_email_mariam_at_isi_edu', 'user': 'mariam@isi.edu', 'sender': 'proxy_mariam_at_isi_edu', 'deadline': '10000'}
Fri Nov 22 13:03:37 2002: Message for user ID: mariam@isi.edu
Fri Nov 22 13:03:37 2002: User name: Maria Muslea
Fri Nov 22 13:46:23 2002: Received: {'performative': 'tell', 'sender': 'proxy_mariam_at_isi_edu', 'deadline': '10000', 'reply-with': 'nil', 'user': 'mariam@isi.edu'}
Fri Nov 22 13:46:23 2002: Processing message: {'performative': 'tell', 'sender': 'proxy_mariam_at_isi_edu', 'deadline': '10000', 'reply-with': 'nil', 'user': 'mariam@isi.edu'}
Fri Nov 22 13:46:23 2002: Message for user ID: mariam@isi.edu
Fri Nov 22 13:46:23 2002: User name: Maria Muslea
Fri Nov 22 14:11:57 2002: Received: {'subject': 'Test', 'performative': 'tell', 'reply-with': 'nil', 'receiver': 'mariam_at_isi_edu_email_mariam_at_isi_edu', 'user': 'mariam@isi.edu', 'sender': 'proxy_mariam_at_isi_edu', 'deadline': '10000', 'shortcontent': 'test'}
Fri Nov 22 14:11:57 2002: Processing message: {'subject': 'Test', 'performative': 'tell', 'reply-with': 'nil', 'receiver': 'mariam_at_isi_edu_email_mariam_at_isi_edu', 'user': 'mariam@isi.edu', 'sender': 'proxy_mariam_at_isi_edu', 'deadline': '10000', 'shortcontent': 'test'}
Fri Nov 22 14:11:57 2002: Message for user ID: mariam@isi.edu
Fri Nov 22 14:11:57 2002: User name: Maria Muslea
Tue Jan 07 16:41:16 2003: Using ANS: ('vibhagam', 5500)
Tue Jan 07 16:41:16 2003: Bound to host/port: sangat.isi.edu:6679
Tue Jan 07 16:41:16 2003: Sending message: (register :ontology tcp-ip :sender mariam_at_isi_edu_email_mariam_at_isi_edu :reply-with t :content "mariam_at_isi_edu_email_mariam_at_isi_edu sangat.isi.edu:6679")
Tue Jan 07 16:41:16 2003: Received: {'receiver': 'mariam_at_isi_edu_email_mariam_at_isi_edu', 'performative': 'error', 'sender': 'TEAMCORE', 'in-reply-to': 't', 'content': 'handler encountered error'}
Tue Jan 07 16:41:16 2003: Registration produced: {'receiver': 'mariam_at_isi_edu_email_mariam_at_isi_edu', 'performative': 'error', 'sender': 'TEAMCORE', 'in-reply-to': 't', 'content': 'handler encountered error'}
Tue Jan 07 16:41:16 2003: Sending message: (unregister :sender mariam_at_isi_edu_email_mariam_at_isi_edu :ontology tcp-ip :reply-with nil :content mariam_at_isi_edu_email_mariam_at_isi_edu)
Tue Jan 07 16:41:16 2003: Sending message: (register :sender mariam_at_isi_edu_email_mariam_at_isi_edu :ontology tcp-ip :reply-with t :content (mariam_at_isi_edu_email_mariam_at_isi_edu sangat.isi.edu:6679))
Tue Jan 07 16:41:16 2003: Received: {'receiver': 'mariam_at_isi_edu_email_mariam_at_isi_edu', 'performative': 'reply', 'sender': 'TEAMCORE', 'in-reply-to': 't', 'content': 'mariam_at_isi_edu_email_mariam_at_isi_edu TEAMCORE'}
Tue Jan 07 16:41:16 2003: Registration produced: {'receiver': 'mariam_at_isi_edu_email_mariam_at_isi_edu', 'performative': 'reply', 'sender': 'TEAMCORE', 'in-reply-to': 't', 'content': 'mariam_at_isi_edu_email_mariam_at_isi_edu TEAMCORE'}mariam_at_isi_edu_email_mariam_at_isi_edu, TEAMCORE
Tue Jan 07 16:41:16 2003: Registration successful: mariam_at_isi_edu_email_mariam_at_isi_edu
Tue Jan 07 16:41:16 2003: Router for mariam_at_isi_edu_email_mariam_at_isi_edu running...
Tue Jan 07 16:41:16 2003: Sending message: (ask-one :sender mariam_at_isi_edu_email_mariam_at_isi_edu :reply-with t :content "proxy_mariam_at_isi_edu")
Tue Jan 07 16:41:16 2003: Received: {'receiver': 'mariam_at_isi_edu_email_mariam_at_isi_edu', 'performative': 'reply', 'sender': 'TEAMCORE', 'in-reply-to': 't', 'content': 'proxy_mariam_at_isi_edu:sangat.isi.edu:9992:'}
Tue Jan 07 16:41:16 2003: Sending message: (register :name email_mariam_at_isi_edu :reply-with nil :agenttype device :receiver proxy_mariam_at_isi_edu :user mariam_at_isi_edu :sender mariam_at_isi_edu_email_mariam_at_isi_edu :direction (to user))
Tue Jan 07 16:41:17 2003: Received: {'receiver': 'mariam_at_isi_edu_email_mariam_at_isi_edu', 'performative': 'ask', 'sender': 'ping_mariam_at_isi_edu_email_mariam_at_isi_edu', 'reply-with': 'mariam_at_isi_edu', 'content': 'hello'}
Tue Jan 07 16:41:17 2003: Processing message: {'receiver': 'mariam_at_isi_edu_email_mariam_at_isi_edu', 'performative': 'ask', 'sender': 'ping_mariam_at_isi_edu_email_mariam_at_isi_edu', 'reply-with': 'mariam_at_isi_edu', 'content': 'hello'}
Tue Jan 07 16:41:17 2003: Replying: (sorry :reply-with nil :in-reply-to mariam_at_isi_edu :receiver ping_mariam_at_isi_edu_email_mariam_at_isi_edu :sender mariam_at_isi_edu_email_mariam_at_isi_edu :comment "Unintelligible query")
Mon Jan 13 16:25:16 2003: Using ANS: ('vibhagam', 5500)
Mon Jan 13 16:25:16 2003: Bound to host/port: sangat.isi.edu:6680
Mon Jan 13 16:25:16 2003: Sending message: (register :ontology tcp-ip :sender mariam_at_isi_edu_email_mariam_at_isi_edu :reply-with t :content "mariam_at_isi_edu_email_mariam_at_isi_edu sangat.isi.edu:6680")
Mon Jan 13 16:25:16 2003: Received: {'receiver': 'mariam_at_isi_edu_email_mariam_at_isi_edu', 'performative': 'error', 'sender': 'TEAMCORE', 'in-reply-to': 't', 'content': 'handler encountered error'}
Mon Jan 13 16:25:16 2003: Registration produced: {'receiver': 'mariam_at_isi_edu_email_mariam_at_isi_edu', 'performative': 'error', 'sender': 'TEAMCORE', 'in-reply-to': 't', 'content': 'handler encountered error'}
Mon Jan 13 16:25:16 2003: Sending message: (unregister :sender mariam_at_isi_edu_email_mariam_at_isi_edu :ontology tcp-ip :reply-with nil :content mariam_at_isi_edu_email_mariam_at_isi_edu)
Mon Jan 13 16:25:16 2003: Sending message: (register :sender mariam_at_isi_edu_email_mariam_at_isi_edu :ontology tcp-ip :reply-with t :content (mariam_at_isi_edu_email_mariam_at_isi_edu sangat.isi.edu:6680))
Mon Jan 13 16:25:16 2003: Received: {'receiver': 'mariam_at_isi_edu_email_mariam_at_isi_edu', 'performative': 'reply', 'sender': 'TEAMCORE', 'in-reply-to': 't', 'content': 'mariam_at_isi_edu_email_mariam_at_isi_edu TEAMCORE'}
Mon Jan 13 16:25:16 2003: Registration produced: {'receiver': 'mariam_at_isi_edu_email_mariam_at_isi_edu', 'performative': 'reply', 'sender': 'TEAMCORE', 'in-reply-to': 't', 'content': 'mariam_at_isi_edu_email_mariam_at_isi_edu TEAMCORE'}mariam_at_isi_edu_email_mariam_at_isi_edu, TEAMCORE
Mon Jan 13 16:25:16 2003: Registration successful: mariam_at_isi_edu_email_mariam_at_isi_edu
Mon Jan 13 16:25:16 2003: Router for mariam_at_isi_edu_email_mariam_at_isi_edu running...
Mon Jan 13 16:25:16 2003: Sending message: (ask-one :sender mariam_at_isi_edu_email_mariam_at_isi_edu :reply-with t :content "proxy_mariam_at_isi_edu")
Mon Jan 13 16:25:16 2003: Received: {'receiver': 'mariam_at_isi_edu_email_mariam_at_isi_edu', 'performative': 'reply', 'sender': 'TEAMCORE', 'in-reply-to': 't', 'content': 'proxy_mariam_at_isi_edu:sangat.isi.edu:9993:'}
Mon Jan 13 16:25:16 2003: Sending message: (register :name email_mariam_at_isi_edu :reply-with nil :agenttype device :receiver proxy_mariam_at_isi_edu :user mariam_at_isi_edu :sender mariam_at_isi_edu_email_mariam_at_isi_edu :direction (to user))
Mon Jan 13 16:25:17 2003: Received: {'receiver': 'mariam_at_isi_edu_email_mariam_at_isi_edu', 'performative': 'ask', 'sender': 'ping_mariam_at_isi_edu_email_mariam_at_isi_edu', 'reply-with': 'mariam_at_isi_edu', 'content': 'hello'}
Mon Jan 13 16:25:17 2003: Processing message: {'receiver': 'mariam_at_isi_edu_email_mariam_at_isi_edu', 'performative': 'ask', 'sender': 'ping_mariam_at_isi_edu_email_mariam_at_isi_edu', 'reply-with': 'mariam_at_isi_edu', 'content': 'hello'}
Mon Jan 13 16:25:17 2003: Replying: (sorry :reply-with nil :in-reply-to mariam_at_isi_edu :receiver ping_mariam_at_isi_edu_email_mariam_at_isi_edu :sender mariam_at_isi_edu_email_mariam_at_isi_edu :comment "Unintelligible query")
Thu Jan 16 10:59:30 2003: Received: {'receiver': 'mariam_at_isi_edu_email_mariam_at_isi_edu', 'performative': 'kqml-admin', 'sender': 'TEAMCORE', 'kqml-msg-id': '1786+vibhagam.isi.edu+48', 'reply-with': 't', 'content': 'name'}
Thu Jan 16 11:54:30 2003: Received: {'receiver': 'mariam_at_isi_edu_email_mariam_at_isi_edu', 'performative': 'ask', 'sender': 'ping_mariam_at_isi_edu_email_mariam_at_isi_edu', 'reply-with': 'mariam_at_isi_edu', 'content': 'hello'}
Thu Jan 16 11:54:30 2003: Processing message: {'receiver': 'mariam_at_isi_edu_email_mariam_at_isi_edu', 'performative': 'ask', 'sender': 'ping_mariam_at_isi_edu_email_mariam_at_isi_edu', 'reply-with': 'mariam_at_isi_edu', 'content': 'hello'}
Thu Jan 16 11:54:30 2003: Replying: (sorry :reply-with nil :in-reply-to mariam_at_isi_edu :receiver ping_mariam_at_isi_edu_email_mariam_at_isi_edu :sender mariam_at_isi_edu_email_mariam_at_isi_edu :comment "Unintelligible query")
Tue Mar 04 15:43:04 2003: Received: {'receiver': 'mariam_at_isi_edu_email_mariam_at_isi_edu', 'performative': 'ask', 'sender': 'ping_mariam_at_isi_edu_email_mariam_at_isi_edu', 'reply-with': 'mariam_at_isi_edu', 'content': 'hello'}
Tue Mar 04 15:43:04 2003: Processing message: {'receiver': 'mariam_at_isi_edu_email_mariam_at_isi_edu', 'performative': 'ask', 'sender': 'ping_mariam_at_isi_edu_email_mariam_at_isi_edu', 'reply-with': 'mariam_at_isi_edu', 'content': 'hello'}
Tue Mar 04 15:43:04 2003: Replying: (sorry :reply-with nil :in-reply-to mariam_at_isi_edu :receiver ping_mariam_at_isi_edu_email_mariam_at_isi_edu :sender mariam_at_isi_edu_email_mariam_at_isi_edu :comment "Unintelligible query")
Tue Mar 04 15:46:40 2003: Received: {'receiver': 'mariam_at_isi_edu_email_mariam_at_isi_edu', 'performative': 'ask', 'sender': 'ping_mariam_at_isi_edu_email_mariam_at_isi_edu', 'reply-with': 'mariam_at_isi_edu', 'content': 'hello'}
Tue Mar 04 15:46:40 2003: Processing message: {'receiver': 'mariam_at_isi_edu_email_mariam_at_isi_edu', 'performative': 'ask', 'sender': 'ping_mariam_at_isi_edu_email_mariam_at_isi_edu', 'reply-with': 'mariam_at_isi_edu', 'content': 'hello'}
Tue Mar 04 15:46:40 2003: Replying: (sorry :reply-with nil :in-reply-to mariam_at_isi_edu :receiver ping_mariam_at_isi_edu_email_mariam_at_isi_edu :sender mariam_at_isi_edu_email_mariam_at_isi_edu :comment "Unintelligible query")
Tue Mar 04 16:01:29 2003: Using ANS: ('vibhagam.isi.edu', 5500)
Tue Mar 04 16:01:29 2003: Bound to host/port: sangat.isi.edu:6679
Tue Mar 04 16:01:29 2003: Sending message: (register :ontology tcp-ip :sender mariam_at_isi_edu_email_mariam_at_isi_edu :reply-with t :content "mariam_at_isi_edu_email_mariam_at_isi_edu sangat.isi.edu:6679")
Tue Mar 04 16:01:29 2003: Received: {'receiver': 'mariam_at_isi_edu_email_mariam_at_isi_edu', 'performative': 'error', 'sender': 'TEAMCORE', 'in-reply-to': 't', 'content': 'handler encountered error'}
Tue Mar 04 16:01:29 2003: Registration produced: {'receiver': 'mariam_at_isi_edu_email_mariam_at_isi_edu', 'performative': 'error', 'sender': 'TEAMCORE', 'in-reply-to': 't', 'content': 'handler encountered error'}
Tue Mar 04 16:01:29 2003: Sending message: (unregister :sender mariam_at_isi_edu_email_mariam_at_isi_edu :ontology tcp-ip :reply-with nil :content mariam_at_isi_edu_email_mariam_at_isi_edu)
Tue Mar 04 16:01:29 2003: Sending message: (register :sender mariam_at_isi_edu_email_mariam_at_isi_edu :ontology tcp-ip :reply-with t :content (mariam_at_isi_edu_email_mariam_at_isi_edu sangat.isi.edu:6679))
Tue Mar 04 16:01:29 2003: Received: {'receiver': 'mariam_at_isi_edu_email_mariam_at_isi_edu', 'performative': 'reply', 'sender': 'TEAMCORE', 'in-reply-to': 't', 'content': 'mariam_at_isi_edu_email_mariam_at_isi_edu TEAMCORE'}
Tue Mar 04 16:01:29 2003: Registration produced: {'receiver': 'mariam_at_isi_edu_email_mariam_at_isi_edu', 'performative': 'reply', 'sender': 'TEAMCORE', 'in-reply-to': 't', 'content': 'mariam_at_isi_edu_email_mariam_at_isi_edu TEAMCORE'}mariam_at_isi_edu_email_mariam_at_isi_edu, TEAMCORE
Tue Mar 04 16:01:29 2003: Registration successful: mariam_at_isi_edu_email_mariam_at_isi_edu
Tue Mar 04 16:01:29 2003: Router for mariam_at_isi_edu_email_mariam_at_isi_edu running...
Tue Mar 04 16:01:29 2003: Sending message: (ask-one :sender mariam_at_isi_edu_email_mariam_at_isi_edu :reply-with t :content "proxy_mariam_at_isi_edu")
Tue Mar 04 16:01:29 2003: Received: {'receiver': 'mariam_at_isi_edu_email_mariam_at_isi_edu', 'performative': 'reply', 'sender': 'TEAMCORE', 'in-reply-to': 't', 'content': 'proxy_mariam_at_isi_edu:sangat.isi.edu:9993:'}
Tue Mar 04 16:01:29 2003: Sending message: (register :name email_mariam_at_isi_edu :reply-with nil :agenttype device :receiver proxy_mariam_at_isi_edu :user mariam_at_isi_edu :sender mariam_at_isi_edu_email_mariam_at_isi_edu :direction (to user))
Tue Mar 04 16:01:30 2003: Received: {'receiver': 'mariam_at_isi_edu_email_mariam_at_isi_edu', 'performative': 'ask', 'sender': 'ping_mariam_at_isi_edu_email_mariam_at_isi_edu', 'reply-with': 'mariam_at_isi_edu', 'content': 'hello'}
Tue Mar 04 16:01:30 2003: Processing message: {'receiver': 'mariam_at_isi_edu_email_mariam_at_isi_edu', 'performative': 'ask', 'sender': 'ping_mariam_at_isi_edu_email_mariam_at_isi_edu', 'reply-with': 'mariam_at_isi_edu', 'content': 'hello'}
Tue Mar 04 16:01:30 2003: Replying: (sorry :reply-with nil :in-reply-to mariam_at_isi_edu :receiver ping_mariam_at_isi_edu_email_mariam_at_isi_edu :sender mariam_at_isi_edu_email_mariam_at_isi_edu :comment "Unintelligible query")
Tue Mar 04 16:11:53 2003: Received: {'receiver': 'mariam_at_isi_edu_email_mariam_at_isi_edu', 'performative': 'tell', 'sender': 'stop_mariam_at_isi_edu_email_mariam_at_isi_edu', 'reply-with': 'nil', 'content': 'stop'}
Tue Mar 04 16:11:53 2003: Processing message: {'receiver': 'mariam_at_isi_edu_email_mariam_at_isi_edu', 'performative': 'tell', 'sender': 'stop_mariam_at_isi_edu_email_mariam_at_isi_edu', 'reply-with': 'nil', 'content': 'stop'}
Tue Mar 04 16:11:53 2003: Sending message: (unregister :receiver proxy_mariam_at_isi_edu :name email_mariam_at_isi_edu :sender mariam_at_isi_edu_email_mariam_at_isi_edu :reply-with nil :user mariam_at_isi_edu)
Tue Mar 04 16:11:53 2003: Router mariam_at_isi_edu_email_mariam_at_isi_edu exiting...
Tue Mar 04 16:11:53 2003: Sending message: (unregister :receiver TEAMCORE :sender mariam_at_isi_edu_email_mariam_at_isi_edu :ontology tcp-ip :reply-with nil :content mariam_at_isi_edu_email_mariam_at_isi_edu)
Tue Mar 04 16:11:53 2003: Exiting...
Tue Mar 04 16:11:56 2003: Using ANS: ('vibhagam.isi.edu', 5500)
Tue Mar 04 16:11:56 2003: Bound to host/port: sangat.isi.edu:6678
Tue Mar 04 16:11:56 2003: Sending message: (register :ontology tcp-ip :sender mariam_at_isi_edu_email_mariam_at_isi_edu :reply-with t :content "mariam_at_isi_edu_email_mariam_at_isi_edu sangat.isi.edu:6678")
Tue Mar 04 16:11:56 2003: Received: {'receiver': 'mariam_at_isi_edu_email_mariam_at_isi_edu', 'performative': 'error', 'sender': 'TEAMCORE', 'in-reply-to': 't', 'content': 'handler encountered error'}
Tue Mar 04 16:11:56 2003: Registration produced: {'receiver': 'mariam_at_isi_edu_email_mariam_at_isi_edu', 'performative': 'error', 'sender': 'TEAMCORE', 'in-reply-to': 't', 'content': 'handler encountered error'}
Tue Mar 04 16:11:56 2003: Sending message: (unregister :sender mariam_at_isi_edu_email_mariam_at_isi_edu :ontology tcp-ip :reply-with nil :content mariam_at_isi_edu_email_mariam_at_isi_edu)
Tue Mar 04 16:11:56 2003: Sending message: (register :sender mariam_at_isi_edu_email_mariam_at_isi_edu :ontology tcp-ip :reply-with t :content (mariam_at_isi_edu_email_mariam_at_isi_edu sangat.isi.edu:6678))
Tue Mar 04 16:11:56 2003: Received: {'receiver': 'mariam_at_isi_edu_email_mariam_at_isi_edu', 'performative': 'reply', 'sender': 'TEAMCORE', 'in-reply-to': 't', 'content': 'mariam_at_isi_edu_email_mariam_at_isi_edu TEAMCORE'}
Tue Mar 04 16:11:56 2003: Registration produced: {'receiver': 'mariam_at_isi_edu_email_mariam_at_isi_edu', 'performative': 'reply', 'sender': 'TEAMCORE', 'in-reply-to': 't', 'content': 'mariam_at_isi_edu_email_mariam_at_isi_edu TEAMCORE'}mariam_at_isi_edu_email_mariam_at_isi_edu, TEAMCORE
Tue Mar 04 16:11:56 2003: Registration successful: mariam_at_isi_edu_email_mariam_at_isi_edu
Tue Mar 04 16:11:56 2003: Router for mariam_at_isi_edu_email_mariam_at_isi_edu running...
Tue Mar 04 16:11:56 2003: Sending message: (ask-one :sender mariam_at_isi_edu_email_mariam_at_isi_edu :reply-with t :content "proxy_mariam_at_isi_edu")
Tue Mar 04 16:11:56 2003: Received: {'receiver': 'mariam_at_isi_edu_email_mariam_at_isi_edu', 'performative': 'reply', 'sender': 'TEAMCORE', 'in-reply-to': 't', 'content': 'proxy_mariam_at_isi_edu:sangat.isi.edu:9993:'}
Tue Mar 04 16:11:56 2003: Sending message: (register :name email_mariam_at_isi_edu :reply-with nil :agenttype device :receiver proxy_mariam_at_isi_edu :user mariam_at_isi_edu :sender mariam_at_isi_edu_email_mariam_at_isi_edu :direction (to user))
Tue Mar 04 16:11:57 2003: Received: {'receiver': 'mariam_at_isi_edu_email_mariam_at_isi_edu', 'performative': 'ask', 'sender': 'ping_mariam_at_isi_edu_email_mariam_at_isi_edu', 'reply-with': 'mariam_at_isi_edu', 'content': 'hello'}
Tue Mar 04 16:11:57 2003: Processing message: {'receiver': 'mariam_at_isi_edu_email_mariam_at_isi_edu', 'performative': 'ask', 'sender': 'ping_mariam_at_isi_edu_email_mariam_at_isi_edu', 'reply-with': 'mariam_at_isi_edu', 'content': 'hello'}
Tue Mar 04 16:11:57 2003: Replying: (sorry :reply-with nil :in-reply-to mariam_at_isi_edu :receiver ping_mariam_at_isi_edu_email_mariam_at_isi_edu :sender mariam_at_isi_edu_email_mariam_at_isi_edu :comment "Unintelligible query")
Mon Apr 21 17:01:14 2003: Received: {'receiver': 'mariam_at_isi_edu_email_mariam_at_isi_edu', 'performative': 'kqml-admin', 'sender': 'TEAMCORE', 'kqml-msg-id': '880+vibhagam.isi.edu+54', 'reply-with': 't', 'content': 'name'}
Mon Apr 21 17:05:20 2003: Received: {'receiver': 'mariam_at_isi_edu_email_mariam_at_isi_edu', 'performative': 'ask', 'sender': 'ping_mariam_at_isi_edu_email_mariam_at_isi_edu', 'reply-with': 'mariam_at_isi_edu', 'content': 'hello'}
Mon Apr 21 17:05:20 2003: Processing message: {'receiver': 'mariam_at_isi_edu_email_mariam_at_isi_edu', 'performative': 'ask', 'sender': 'ping_mariam_at_isi_edu_email_mariam_at_isi_edu', 'reply-with': 'mariam_at_isi_edu', 'content': 'hello'}
Mon Apr 21 17:05:20 2003: Replying: (sorry :reply-with nil :in-reply-to mariam_at_isi_edu :receiver ping_mariam_at_isi_edu_email_mariam_at_isi_edu :sender mariam_at_isi_edu_email_mariam_at_isi_edu :comment "Unintelligible query")
Mon Apr 21 17:11:32 2003: Received: {'receiver': 'mariam_at_isi_edu_email_mariam_at_isi_edu', 'performative': 'tell', 'sender': 'stop_mariam_at_isi_edu_email_mariam_at_isi_edu', 'reply-with': 'nil', 'content': 'stop'}
Mon Apr 21 17:11:32 2003: Processing message: {'receiver': 'mariam_at_isi_edu_email_mariam_at_isi_edu', 'performative': 'tell', 'sender': 'stop_mariam_at_isi_edu_email_mariam_at_isi_edu', 'reply-with': 'nil', 'content': 'stop'}
Mon Apr 21 17:11:33 2003: Sending message: (unregister :receiver proxy_mariam_at_isi_edu :name email_mariam_at_isi_edu :sender mariam_at_isi_edu_email_mariam_at_isi_edu :reply-with nil :user mariam_at_isi_edu)
Mon Apr 21 17:11:33 2003: Router mariam_at_isi_edu_email_mariam_at_isi_edu exiting...
Mon Apr 21 17:11:33 2003: Sending message: (unregister :receiver TEAMCORE :sender mariam_at_isi_edu_email_mariam_at_isi_edu :ontology tcp-ip :reply-with nil :content mariam_at_isi_edu_email_mariam_at_isi_edu)
Mon Apr 21 17:11:33 2003: Exiting...
Mon Apr 21 17:11:35 2003: Using ANS: ('vibhagam.isi.edu', 5500)
Mon Apr 21 17:11:35 2003: Bound to host/port: sangat.isi.edu:6678
Mon Apr 21 17:11:35 2003: Sending message: (register :ontology tcp-ip :sender mariam_at_isi_edu_email_mariam_at_isi_edu :reply-with t :content "mariam_at_isi_edu_email_mariam_at_isi_edu sangat.isi.edu:6678")
Mon Apr 21 17:11:35 2003: Received: {'receiver': 'mariam_at_isi_edu_email_mariam_at_isi_edu', 'performative': 'error', 'sender': 'TEAMCORE', 'in-reply-to': 't', 'content': 'handler encountered error'}
Mon Apr 21 17:11:35 2003: Registration produced: {'receiver': 'mariam_at_isi_edu_email_mariam_at_isi_edu', 'performative': 'error', 'sender': 'TEAMCORE', 'in-reply-to': 't', 'content': 'handler encountered error'}
Mon Apr 21 17:11:35 2003: Sending message: (unregister :sender mariam_at_isi_edu_email_mariam_at_isi_edu :ontology tcp-ip :reply-with nil :content mariam_at_isi_edu_email_mariam_at_isi_edu)
Mon Apr 21 17:11:35 2003: Sending message: (register :sender mariam_at_isi_edu_email_mariam_at_isi_edu :ontology tcp-ip :reply-with t :content (mariam_at_isi_edu_email_mariam_at_isi_edu sangat.isi.edu:6678))
Mon Apr 21 17:11:35 2003: Received: {'receiver': 'mariam_at_isi_edu_email_mariam_at_isi_edu', 'performative': 'reply', 'sender': 'TEAMCORE', 'in-reply-to': 't', 'content': 'mariam_at_isi_edu_email_mariam_at_isi_edu TEAMCORE'}
Mon Apr 21 17:11:35 2003: Registration produced: {'receiver': 'mariam_at_isi_edu_email_mariam_at_isi_edu', 'performative': 'reply', 'sender': 'TEAMCORE', 'in-reply-to': 't', 'content': 'mariam_at_isi_edu_email_mariam_at_isi_edu TEAMCORE'}mariam_at_isi_edu_email_mariam_at_isi_edu, TEAMCORE
Mon Apr 21 17:11:35 2003: Registration successful: mariam_at_isi_edu_email_mariam_at_isi_edu
Mon Apr 21 17:11:35 2003: Router for mariam_at_isi_edu_email_mariam_at_isi_edu running...
Mon Apr 21 17:11:35 2003: Sending message: (ask-one :sender mariam_at_isi_edu_email_mariam_at_isi_edu :reply-with t :content "proxy_mariam_at_isi_edu")
Mon Apr 21 17:11:35 2003: Received: {'receiver': 'mariam_at_isi_edu_email_mariam_at_isi_edu', 'performative': 'reply', 'sender': 'TEAMCORE', 'in-reply-to': 't', 'content': 'proxy_mariam_at_isi_edu:sangat.isi.edu:9993:'}
Mon Apr 21 17:11:35 2003: Sending message: (register :name email_mariam_at_isi_edu :reply-with nil :agenttype device :receiver proxy_mariam_at_isi_edu :user mariam_at_isi_edu :sender mariam_at_isi_edu_email_mariam_at_isi_edu :direction (to user))
Mon Apr 21 17:11:36 2003: Received: {'receiver': 'mariam_at_isi_edu_email_mariam_at_isi_edu', 'performative': 'ask', 'sender': 'ping_mariam_at_isi_edu_email_mariam_at_isi_edu', 'reply-with': 'mariam_at_isi_edu', 'content': 'hello'}
Mon Apr 21 17:11:36 2003: Processing message: {'receiver': 'mariam_at_isi_edu_email_mariam_at_isi_edu', 'performative': 'ask', 'sender': 'ping_mariam_at_isi_edu_email_mariam_at_isi_edu', 'reply-with': 'mariam_at_isi_edu', 'content': 'hello'}
Mon Apr 21 17:11:36 2003: Replying: (sorry :reply-with nil :in-reply-to mariam_at_isi_edu :receiver ping_mariam_at_isi_edu_email_mariam_at_isi_edu :sender mariam_at_isi_edu_email_mariam_at_isi_edu :comment "Unintelligible query")
Mon Apr 21 17:52:14 2003: Using ANS: ('vibhagam', 5500)
Mon Apr 21 17:52:14 2003: Bound to host/port: sangat.isi.edu:6677
Mon Apr 21 17:52:14 2003: Sending message: (register :ontology tcp-ip :sender mariam_at_isi_edu_email_mariam_at_isi_edu :reply-with t :content "mariam_at_isi_edu_email_mariam_at_isi_edu sangat.isi.edu:6677")
Mon Apr 21 17:52:14 2003: Received: {'receiver': 'mariam_at_isi_edu_email_mariam_at_isi_edu', 'performative': 'error', 'sender': 'TEAMCORE', 'in-reply-to': 't', 'content': 'handler encountered error'}
Mon Apr 21 17:52:14 2003: Registration produced: {'receiver': 'mariam_at_isi_edu_email_mariam_at_isi_edu', 'performative': 'error', 'sender': 'TEAMCORE', 'in-reply-to': 't', 'content': 'handler encountered error'}
Mon Apr 21 17:52:14 2003: Sending message: (unregister :sender mariam_at_isi_edu_email_mariam_at_isi_edu :ontology tcp-ip :reply-with nil :content mariam_at_isi_edu_email_mariam_at_isi_edu)
Mon Apr 21 17:52:14 2003: Sending message: (register :sender mariam_at_isi_edu_email_mariam_at_isi_edu :ontology tcp-ip :reply-with t :content (mariam_at_isi_edu_email_mariam_at_isi_edu sangat.isi.edu:6677))
Mon Apr 21 17:52:14 2003: Received: {'receiver': 'mariam_at_isi_edu_email_mariam_at_isi_edu', 'performative': 'reply', 'sender': 'TEAMCORE', 'in-reply-to': 't', 'content': 'mariam_at_isi_edu_email_mariam_at_isi_edu TEAMCORE'}
Mon Apr 21 17:52:14 2003: Registration produced: {'receiver': 'mariam_at_isi_edu_email_mariam_at_isi_edu', 'performative': 'reply', 'sender': 'TEAMCORE', 'in-reply-to': 't', 'content': 'mariam_at_isi_edu_email_mariam_at_isi_edu TEAMCORE'}mariam_at_isi_edu_email_mariam_at_isi_edu, TEAMCORE
Mon Apr 21 17:52:14 2003: Registration successful: mariam_at_isi_edu_email_mariam_at_isi_edu
Mon Apr 21 17:52:14 2003: Router for mariam_at_isi_edu_email_mariam_at_isi_edu running...
Mon Apr 21 17:52:14 2003: Sending message: (ask-one :sender mariam_at_isi_edu_email_mariam_at_isi_edu :reply-with t :content "proxy_mariam_at_isi_edu")
Mon Apr 21 17:52:14 2003: Received: {'receiver': 'mariam_at_isi_edu_email_mariam_at_isi_edu', 'performative': 'reply', 'sender': 'TEAMCORE', 'in-reply-to': 't', 'content': 'proxy_mariam_at_isi_edu:sangat.isi.edu:9991:'}
Mon Apr 21 17:52:14 2003: Sending message: (register :name email_mariam_at_isi_edu :reply-with nil :agenttype device :receiver proxy_mariam_at_isi_edu :user mariam_at_isi_edu :sender mariam_at_isi_edu_email_mariam_at_isi_edu :direction (to user))
Mon Apr 21 17:52:15 2003: Received: {'receiver': 'mariam_at_isi_edu_email_mariam_at_isi_edu', 'performative': 'ask', 'sender': 'ping_mariam_at_isi_edu_email_mariam_at_isi_edu', 'reply-with': 'mariam_at_isi_edu', 'content': 'hello'}
Mon Apr 21 17:52:15 2003: Processing message: {'receiver': 'mariam_at_isi_edu_email_mariam_at_isi_edu', 'performative': 'ask', 'sender': 'ping_mariam_at_isi_edu_email_mariam_at_isi_edu', 'reply-with': 'mariam_at_isi_edu', 'content': 'hello'}
Mon Apr 21 17:52:15 2003: Replying: (sorry :reply-with nil :in-reply-to mariam_at_isi_edu :receiver ping_mariam_at_isi_edu_email_mariam_at_isi_edu :sender mariam_at_isi_edu_email_mariam_at_isi_edu :comment "Unintelligible query")
Mon Apr 21 17:55:42 2003: Received: {'receiver': 'mariam_at_isi_edu_email_mariam_at_isi_edu', 'performative': 'ask', 'sender': 'ping_mariam_at_isi_edu_email_mariam_at_isi_edu', 'reply-with': 'mariam_at_isi_edu', 'content': 'hello'}
Mon Apr 21 17:55:42 2003: Processing message: {'receiver': 'mariam_at_isi_edu_email_mariam_at_isi_edu', 'performative': 'ask', 'sender': 'ping_mariam_at_isi_edu_email_mariam_at_isi_edu', 'reply-with': 'mariam_at_isi_edu', 'content': 'hello'}
Mon Apr 21 17:55:42 2003: Replying: (sorry :reply-with nil :in-reply-to mariam_at_isi_edu :receiver ping_mariam_at_isi_edu_email_mariam_at_isi_edu :sender mariam_at_isi_edu_email_mariam_at_isi_edu :comment "Unintelligible query")
Fri Aug 15 11:57:37 2003: Received: {'receiver': 'mariam_at_isi_edu_email_mariam_at_isi_edu', 'performative': 'kqml-admin', 'sender': 'TEAMCORE', 'kqml-msg-id': '23912+vibhagam.isi.edu+47', 'reply-with': 't', 'content': 'name'}
