Fri Mar 29 15:46:30 2002: Using ANS: ('vibhagam', 5500)
Fri Mar 29 15:46:30 2002: Bound to host/port: sangat.isi.edu:6688
Fri Mar 29 15:46:30 2002: Sending message: (register :ontology tcp-ip :sender mmostagir_at_hotmail_com_email_mmostagir_at_hotmail_com :reply-with t :content "mmostagir_at_hotmail_com_email_mmostagir_at_hotmail_com sangat.isi.edu:6688")
Fri Mar 29 15:46:30 2002: Received: {'receiver': 'mmostagir_at_hotmail_com_email_mmostagir_at_hotmail_com', 'performative': 'error', 'sender': 'TEAMCORE', 'in-reply-to': 't', 'content': 'handler encountered error'}
Fri Mar 29 15:46:30 2002: Registration produced: {'receiver': 'mmostagir_at_hotmail_com_email_mmostagir_at_hotmail_com', 'performative': 'error', 'sender': 'TEAMCORE', 'in-reply-to': 't', 'content': 'handler encountered error'}
Fri Mar 29 15:46:30 2002: Sending message: (unregister :sender mmostagir_at_hotmail_com_email_mmostagir_at_hotmail_com :ontology tcp-ip :reply-with nil :content mmostagir_at_hotmail_com_email_mmostagir_at_hotmail_com)
Fri Mar 29 15:46:30 2002: Sending message: (register :sender mmostagir_at_hotmail_com_email_mmostagir_at_hotmail_com :ontology tcp-ip :reply-with t :content (mmostagir_at_hotmail_com_email_mmostagir_at_hotmail_com sangat.isi.edu:6688))
Fri Mar 29 15:46:30 2002: Received: {'receiver': 'mmostagir_at_hotmail_com_email_mmostagir_at_hotmail_com', 'performative': 'reply', 'sender': 'TEAMCORE', 'in-reply-to': 't', 'content': 'mmostagir_at_hotmail_com_email_mmostagir_at_hotmail_com TEAMCORE'}
Fri Mar 29 15:46:30 2002: Registration produced: {'receiver': 'mmostagir_at_hotmail_com_email_mmostagir_at_hotmail_com', 'performative': 'reply', 'sender': 'TEAMCORE', 'in-reply-to': 't', 'content': 'mmostagir_at_hotmail_com_email_mmostagir_at_hotmail_com TEAMCORE'}mmostagir_at_hotmail_com_email_mmostagir_at_hotmail_com, TEAMCORE
Fri Mar 29 15:46:30 2002: Registration successful: mmostagir_at_hotmail_com_email_mmostagir_at_hotmail_com
Fri Mar 29 15:46:30 2002: Router for mmostagir_at_hotmail_com_email_mmostagir_at_hotmail_com running...
Fri Mar 29 15:46:30 2002: Sending message: (ask-one :sender mmostagir_at_hotmail_com_email_mmostagir_at_hotmail_com :reply-with t :content "proxy_mmostagir_at_hotmail_com")
Fri Mar 29 15:46:30 2002: Received: {'receiver': 'mmostagir_at_hotmail_com_email_mmostagir_at_hotmail_com', 'performative': 'reply', 'sender': 'TEAMCORE', 'in-reply-to': 't', 'content': 'proxy_mmostagir_at_hotmail_com:sangat.isi.edu:10002:'}
Fri Mar 29 15:46:30 2002: Sending message: (register :name email_mmostagir_at_hotmail_com :reply-with nil :agenttype device :receiver proxy_mmostagir_at_hotmail_com :user mmostagir_at_hotmail_com :sender mmostagir_at_hotmail_com_email_mmostagir_at_hotmail_com :direction (to user))
Fri Mar 29 15:46:46 2002: Received: {'subject': 'Match Results for Information Sciences Institute', 'performative': 'tell', 'reply-with': 'nil', 'receiver': 'mmostagir_at_hotmail_com_email_mmostagir_at_hotmail_com', 'user': 'mmostagir_at_hotmail_com', 'sender': 'proxy_mmostagir_at_hotmail_com', 'deadline': '10000', 'content': 'People at institution Information Sciences Institute\012  with interests Knowledge Acquisition:\012\012Yolanda Gil\012Jeff Rickel\012Thomas A Russ.'}
Fri Mar 29 15:46:46 2002: Processing message: {'subject': 'Match Results for Information Sciences Institute', 'performative': 'tell', 'reply-with': 'nil', 'receiver': 'mmostagir_at_hotmail_com_email_mmostagir_at_hotmail_com', 'user': 'mmostagir_at_hotmail_com', 'sender': 'proxy_mmostagir_at_hotmail_com', 'deadline': '10000', 'content': 'People at institution Information Sciences Institute\012  with interests Knowledge Acquisition:\012\012Yolanda Gil\012Jeff Rickel\012Thomas A Russ.'}
Fri Mar 29 15:46:47 2002: Message for user ID: mmostagir@hotmail.com
Fri Mar 29 15:46:47 2002: User name:  
Wed Apr 03 12:05:14 2002: Received: {'receiver': 'mmostagir_at_hotmail_com_email_mmostagir_at_hotmail_com', 'performative': 'ask', 'sender': 'ping_mmostagir_at_hotmail_com_email_mmostagir_at_hotmail_com', 'reply-with': 'mmostagir_at_hotmail_com', 'content': 'hello'}
Wed Apr 03 12:05:14 2002: Processing message: {'receiver': 'mmostagir_at_hotmail_com_email_mmostagir_at_hotmail_com', 'performative': 'ask', 'sender': 'ping_mmostagir_at_hotmail_com_email_mmostagir_at_hotmail_com', 'reply-with': 'mmostagir_at_hotmail_com', 'content': 'hello'}
Wed Apr 03 12:05:14 2002: Replying: (sorry :reply-with nil :in-reply-to mmostagir_at_hotmail_com :receiver ping_mmostagir_at_hotmail_com_email_mmostagir_at_hotmail_com :sender mmostagir_at_hotmail_com_email_mmostagir_at_hotmail_com :comment "Unintelligible query")
Wed Apr 03 12:14:49 2002: Received: {'receiver': 'mmostagir_at_hotmail_com_email_mmostagir_at_hotmail_com', 'performative': 'tell', 'sender': 'deviceCGI_mmostagir_at_hotmail_com', 'reply-with': 'nil', 'content': 'stop'}
Wed Apr 03 12:14:49 2002: Processing message: {'receiver': 'mmostagir_at_hotmail_com_email_mmostagir_at_hotmail_com', 'performative': 'tell', 'sender': 'deviceCGI_mmostagir_at_hotmail_com', 'reply-with': 'nil', 'content': 'stop'}
Wed Apr 03 12:14:49 2002: Sending message: (unregister :receiver proxy_mmostagir_at_hotmail_com :name email_mmostagir_at_hotmail_com :sender mmostagir_at_hotmail_com_email_mmostagir_at_hotmail_com :reply-with nil :user mmostagir_at_hotmail_com)
Wed Apr 03 12:14:49 2002: Router mmostagir_at_hotmail_com_email_mmostagir_at_hotmail_com exiting...
Wed Apr 03 12:14:49 2002: Sending message: (unregister :receiver TEAMCORE :sender mmostagir_at_hotmail_com_email_mmostagir_at_hotmail_com :ontology tcp-ip :reply-with nil :content mmostagir_at_hotmail_com_email_mmostagir_at_hotmail_com)
Wed Apr 03 12:14:49 2002: Exiting...
