Tue Jun 04 18:19:29 2002: Using ANS: ('vibhagam.isi.edu', 5500)
Tue Jun 04 18:19:29 2002: Bound to host/port: sangat.isi.edu:6693
Tue Jun 04 18:19:29 2002: Sending message: (register :ontology tcp-ip :sender arens_at_isi_edu_palm :reply-with t :content "arens_at_isi_edu_palm sangat.isi.edu:6693")
Tue Jun 04 18:19:29 2002: Received: {'receiver': 'arens_at_isi_edu_palm', 'performative': 'error', 'sender': 'TEAMCORE', 'in-reply-to': 't', 'content': 'handler encountered error'}
Tue Jun 04 18:19:29 2002: Registration produced: {'receiver': 'arens_at_isi_edu_palm', 'performative': 'error', 'sender': 'TEAMCORE', 'in-reply-to': 't', 'content': 'handler encountered error'}
Tue Jun 04 18:19:29 2002: Sending message: (unregister :sender arens_at_isi_edu_palm :ontology tcp-ip :reply-with nil :content arens_at_isi_edu_palm)
Tue Jun 04 18:19:29 2002: Sending message: (register :sender arens_at_isi_edu_palm :ontology tcp-ip :reply-with t :content (arens_at_isi_edu_palm sangat.isi.edu:6693))
Tue Jun 04 18:19:29 2002: Received: {'receiver': 'arens_at_isi_edu_palm', 'performative': 'reply', 'sender': 'TEAMCORE', 'in-reply-to': 't', 'content': 'arens_at_isi_edu_palm TEAMCORE'}
Tue Jun 04 18:19:29 2002: Registration produced: {'receiver': 'arens_at_isi_edu_palm', 'performative': 'reply', 'sender': 'TEAMCORE', 'in-reply-to': 't', 'content': 'arens_at_isi_edu_palm TEAMCORE'}arens_at_isi_edu_palm, TEAMCORE
Tue Jun 04 18:19:29 2002: Registration successful: arens_at_isi_edu_palm
Tue Jun 04 18:19:29 2002: Router for arens_at_isi_edu_palm running...
Tue Jun 04 18:19:29 2002: Sending message: (ask-one :sender arens_at_isi_edu_palm :reply-with t :content "proxy_arens_at_isi_edu")
Tue Jun 04 18:19:29 2002: Received: {'receiver': 'arens_at_isi_edu_palm', 'performative': 'reply', 'sender': 'TEAMCORE', 'in-reply-to': 't', 'content': 'proxy_arens_at_isi_edu:sangat.isi.edu:9992:'}
Tue Jun 04 18:19:29 2002: Sending message: (register :name palm :reply-with nil :agenttype device :receiver proxy_arens_at_isi_edu :user arens_at_isi_edu :sender arens_at_isi_edu_palm :direction both)
Tue Jun 04 18:19:41 2002: Received: {'receiver': 'arens_at_isi_edu_palm', 'performative': 'tell', 'sender': 'deviceCGI_arens_at_isi_edu', 'reply-with': 'nil', 'content': 'stop'}
Tue Jun 04 18:19:41 2002: Processing message: {'receiver': 'arens_at_isi_edu_palm', 'performative': 'tell', 'sender': 'deviceCGI_arens_at_isi_edu', 'reply-with': 'nil', 'content': 'stop'}
Tue Jun 04 18:19:41 2002: Sending message: (unregister :receiver proxy_arens_at_isi_edu :name palm :sender arens_at_isi_edu_palm :reply-with nil :user arens_at_isi_edu)
Tue Jun 04 18:19:41 2002: Router arens_at_isi_edu_palm exiting...
Tue Jun 04 18:19:41 2002: Sending message: (unregister :receiver TEAMCORE :sender arens_at_isi_edu_palm :ontology tcp-ip :reply-with nil :content arens_at_isi_edu_palm)
Tue Jun 04 18:19:41 2002: Exiting...
