Tue Dec 18 19:10:05 2001: Using ANS: ('vibhagam', 5500)
Tue Dec 18 19:10:05 2001: Bound to host/port: sangat.isi.edu:6675
Tue Dec 18 19:10:05 2001: Sending message: (register :ontology tcp-ip :sender knoblock_at_isi_edu_device :reply-with t :content "knoblock_at_isi_edu_device sangat.isi.edu:6675")
Tue Dec 18 19:10:05 2001: Received: {'receiver': 'knoblock_at_isi_edu_device', 'performative': 'error', 'sender': 'TEAMCORE', 'in-reply-to': 't', 'content': 'handler encountered error'}
Tue Dec 18 19:10:05 2001: Registration produced: {'receiver': 'knoblock_at_isi_edu_device', 'performative': 'error', 'sender': 'TEAMCORE', 'in-reply-to': 't', 'content': 'handler encountered error'}
Tue Dec 18 19:10:05 2001: Sending message: (unregister :sender knoblock_at_isi_edu_device :ontology tcp-ip :reply-with nil :content knoblock_at_isi_edu_device)
Tue Dec 18 19:10:05 2001: Sending message: (register :sender knoblock_at_isi_edu_device :ontology tcp-ip :reply-with t :content (knoblock_at_isi_edu_device sangat.isi.edu:6675))
Tue Dec 18 19:10:05 2001: Received: {'receiver': 'knoblock_at_isi_edu_device', 'performative': 'reply', 'sender': 'TEAMCORE', 'in-reply-to': 't', 'content': 'knoblock_at_isi_edu_device TEAMCORE'}
Tue Dec 18 19:10:05 2001: Registration produced: {'receiver': 'knoblock_at_isi_edu_device', 'performative': 'reply', 'sender': 'TEAMCORE', 'in-reply-to': 't', 'content': 'knoblock_at_isi_edu_device TEAMCORE'}knoblock_at_isi_edu_device, TEAMCORE
Tue Dec 18 19:10:05 2001: Registration successful: knoblock_at_isi_edu_device
Tue Dec 18 19:10:05 2001: Router for knoblock_at_isi_edu_device running...
Tue Dec 18 19:10:05 2001: Sending message: (ask-one :sender knoblock_at_isi_edu_device :reply-with t :content "proxy_knoblock_at_isi_edu")
Tue Dec 18 19:10:05 2001: Received: {'receiver': 'knoblock_at_isi_edu_device', 'performative': 'reply', 'sender': 'TEAMCORE', 'in-reply-to': 't', 'content': 'proxy_knoblock_at_isi_edu:sangat.isi.edu:9999:'}
Tue Dec 18 19:10:05 2001: Sending message: (register :name device :reply-with nil :agenttype device :receiver proxy_knoblock_at_isi_edu :user knoblock_at_isi_edu :sender knoblock_at_isi_edu_device :direction both)
Tue Dec 18 19:11:52 2001: Received: {'receiver': 'knoblock_at_isi_edu_device', 'performative': 'tell', 'sender': 'deviceCGI_knoblock_at_isi_edu', 'reply-with': 'nil', 'content': 'stop'}
Tue Dec 18 19:11:52 2001: Processing message: {'receiver': 'knoblock_at_isi_edu_device', 'performative': 'tell', 'sender': 'deviceCGI_knoblock_at_isi_edu', 'reply-with': 'nil', 'content': 'stop'}
Tue Dec 18 19:11:52 2001: Sending message: (unregister :receiver proxy_knoblock_at_isi_edu :name device :sender knoblock_at_isi_edu_device :reply-with nil :user knoblock_at_isi_edu)
Tue Dec 18 19:11:52 2001: Router knoblock_at_isi_edu_device exiting...
Tue Dec 18 19:11:52 2001: Sending message: (unregister :receiver TEAMCORE :sender knoblock_at_isi_edu_device :ontology tcp-ip :reply-with nil :content knoblock_at_isi_edu_device)
Tue Dec 18 19:11:52 2001: Exiting...
