Thu May 30 18:33:18 2002: Using ANS: ('vibhagam.isi.edu', 5500)
Thu May 30 18:33:18 2002: Bound to host/port: sangat.isi.edu:6685
Thu May 30 18:33:18 2002: Sending message: (register :ontology tcp-ip :sender jihie_at_isi_edu_email_jihie_at_isi_edu :reply-with t :content "jihie_at_isi_edu_email_jihie_at_isi_edu sangat.isi.edu:6685")
Thu May 30 18:33:18 2002: Received: {'receiver': 'jihie_at_isi_edu_email_jihie_at_isi_edu', 'performative': 'error', 'sender': 'TEAMCORE', 'in-reply-to': 't', 'content': 'handler encountered error'}
Thu May 30 18:33:18 2002: Registration produced: {'receiver': 'jihie_at_isi_edu_email_jihie_at_isi_edu', 'performative': 'error', 'sender': 'TEAMCORE', 'in-reply-to': 't', 'content': 'handler encountered error'}
Thu May 30 18:33:18 2002: Sending message: (unregister :sender jihie_at_isi_edu_email_jihie_at_isi_edu :ontology tcp-ip :reply-with nil :content jihie_at_isi_edu_email_jihie_at_isi_edu)
Thu May 30 18:33:18 2002: Sending message: (register :sender jihie_at_isi_edu_email_jihie_at_isi_edu :ontology tcp-ip :reply-with t :content (jihie_at_isi_edu_email_jihie_at_isi_edu sangat.isi.edu:6685))
Thu May 30 18:33:18 2002: Received: {'receiver': 'jihie_at_isi_edu_email_jihie_at_isi_edu', 'performative': 'reply', 'sender': 'TEAMCORE', 'in-reply-to': 't', 'content': 'jihie_at_isi_edu_email_jihie_at_isi_edu TEAMCORE'}
Thu May 30 18:33:18 2002: Registration produced: {'receiver': 'jihie_at_isi_edu_email_jihie_at_isi_edu', 'performative': 'reply', 'sender': 'TEAMCORE', 'in-reply-to': 't', 'content': 'jihie_at_isi_edu_email_jihie_at_isi_edu TEAMCORE'}jihie_at_isi_edu_email_jihie_at_isi_edu, TEAMCORE
Thu May 30 18:33:18 2002: Registration successful: jihie_at_isi_edu_email_jihie_at_isi_edu
Thu May 30 18:33:18 2002: Router for jihie_at_isi_edu_email_jihie_at_isi_edu running...
Thu May 30 18:33:18 2002: Sending message: (ask-one :sender jihie_at_isi_edu_email_jihie_at_isi_edu :reply-with t :content "proxy_jihie_at_isi_edu")
Thu May 30 18:33:18 2002: Received: {'receiver': 'jihie_at_isi_edu_email_jihie_at_isi_edu', 'performative': 'reply', 'sender': 'TEAMCORE', 'in-reply-to': 't', 'content': 'proxy_jihie_at_isi_edu:sangat.isi.edu:9992:'}
Thu May 30 18:33:18 2002: Sending message: (register :name email_jihie_at_isi_edu :reply-with nil :agenttype device :receiver proxy_jihie_at_isi_edu :user jihie_at_isi_edu :sender jihie_at_isi_edu_email_jihie_at_isi_edu :direction (to user))
Mon Jun 03 10:54:38 2002: Received: {'receiver': 'jihie_at_isi_edu_email_jihie_at_isi_edu', 'performative': 'ask', 'sender': 'ping_jihie_at_isi_edu_email_jihie_at_isi_edu', 'reply-with': 'jihie_at_isi_edu', 'content': 'hello'}
Mon Jun 03 10:54:38 2002: Processing message: {'receiver': 'jihie_at_isi_edu_email_jihie_at_isi_edu', 'performative': 'ask', 'sender': 'ping_jihie_at_isi_edu_email_jihie_at_isi_edu', 'reply-with': 'jihie_at_isi_edu', 'content': 'hello'}
Mon Jun 03 10:54:38 2002: Replying: (sorry :reply-with nil :in-reply-to jihie_at_isi_edu :receiver ping_jihie_at_isi_edu_email_jihie_at_isi_edu :sender jihie_at_isi_edu_email_jihie_at_isi_edu :comment "Unintelligible query")
Thu Jun 06 14:46:06 2002: Received: {'receiver': 'jihie_at_isi_edu_email_jihie_at_isi_edu', 'performative': 'ask', 'sender': 'ping_jihie_at_isi_edu_email_jihie_at_isi_edu', 'reply-with': 'jihie_at_isi_edu', 'content': 'hello'}
Thu Jun 06 14:46:06 2002: Processing message: {'receiver': 'jihie_at_isi_edu_email_jihie_at_isi_edu', 'performative': 'ask', 'sender': 'ping_jihie_at_isi_edu_email_jihie_at_isi_edu', 'reply-with': 'jihie_at_isi_edu', 'content': 'hello'}
Thu Jun 06 14:46:06 2002: Replying: (sorry :reply-with nil :in-reply-to jihie_at_isi_edu :receiver ping_jihie_at_isi_edu_email_jihie_at_isi_edu :sender jihie_at_isi_edu_email_jihie_at_isi_edu :comment "Unintelligible query")
Mon Jun 10 12:50:31 2002: Received: {'receiver': 'jihie_at_isi_edu_email_jihie_at_isi_edu', 'performative': 'kqml-admin', 'sender': 'TEAMCORE', 'kqml-msg-id': '699+vibhagam.isi.edu+37', 'reply-with': 't', 'content': 'name'}
Mon Jun 10 13:19:59 2002: Using ANS: ('vibhagam', 5500)
Mon Jun 10 13:19:59 2002: Bound to host/port: sangat.isi.edu:6674
Mon Jun 10 13:19:59 2002: Sending message: (register :ontology tcp-ip :sender jihie_at_isi_edu_email_jihie_at_isi_edu :reply-with t :content "jihie_at_isi_edu_email_jihie_at_isi_edu sangat.isi.edu:6674")
Mon Jun 10 13:19:59 2002: Received: {'receiver': 'jihie_at_isi_edu_email_jihie_at_isi_edu', 'performative': 'error', 'sender': 'TEAMCORE', 'in-reply-to': 't', 'content': 'handler encountered error'}
Mon Jun 10 13:19:59 2002: Registration produced: {'receiver': 'jihie_at_isi_edu_email_jihie_at_isi_edu', 'performative': 'error', 'sender': 'TEAMCORE', 'in-reply-to': 't', 'content': 'handler encountered error'}
Mon Jun 10 13:19:59 2002: Sending message: (unregister :sender jihie_at_isi_edu_email_jihie_at_isi_edu :ontology tcp-ip :reply-with nil :content jihie_at_isi_edu_email_jihie_at_isi_edu)
Mon Jun 10 13:19:59 2002: Sending message: (register :sender jihie_at_isi_edu_email_jihie_at_isi_edu :ontology tcp-ip :reply-with t :content (jihie_at_isi_edu_email_jihie_at_isi_edu sangat.isi.edu:6674))
Mon Jun 10 13:19:59 2002: Received: {'receiver': 'jihie_at_isi_edu_email_jihie_at_isi_edu', 'performative': 'reply', 'sender': 'TEAMCORE', 'in-reply-to': 't', 'content': 'jihie_at_isi_edu_email_jihie_at_isi_edu TEAMCORE'}
Mon Jun 10 13:19:59 2002: Registration produced: {'receiver': 'jihie_at_isi_edu_email_jihie_at_isi_edu', 'performative': 'reply', 'sender': 'TEAMCORE', 'in-reply-to': 't', 'content': 'jihie_at_isi_edu_email_jihie_at_isi_edu TEAMCORE'}jihie_at_isi_edu_email_jihie_at_isi_edu, TEAMCORE
Mon Jun 10 13:19:59 2002: Registration successful: jihie_at_isi_edu_email_jihie_at_isi_edu
Mon Jun 10 13:19:59 2002: Router for jihie_at_isi_edu_email_jihie_at_isi_edu running...
Mon Jun 10 13:19:59 2002: Sending message: (ask-one :sender jihie_at_isi_edu_email_jihie_at_isi_edu :reply-with t :content "proxy_jihie_at_isi_edu")
Mon Jun 10 13:19:59 2002: Received: {'receiver': 'jihie_at_isi_edu_email_jihie_at_isi_edu', 'performative': 'reply', 'sender': 'TEAMCORE', 'in-reply-to': 't', 'content': 'proxy_jihie_at_isi_edu:sangat.isi.edu:9991:'}
Mon Jun 10 13:19:59 2002: Sending message: (register :name email_jihie_at_isi_edu :reply-with nil :agenttype device :receiver proxy_jihie_at_isi_edu :user jihie_at_isi_edu :sender jihie_at_isi_edu_email_jihie_at_isi_edu :direction (to user))
Mon Jun 10 13:20:01 2002: Received: {'receiver': 'jihie_at_isi_edu_email_jihie_at_isi_edu', 'performative': 'ask', 'sender': 'ping_jihie_at_isi_edu_email_jihie_at_isi_edu', 'reply-with': 'jihie_at_isi_edu', 'content': 'hello'}
Mon Jun 10 13:20:01 2002: Processing message: {'receiver': 'jihie_at_isi_edu_email_jihie_at_isi_edu', 'performative': 'ask', 'sender': 'ping_jihie_at_isi_edu_email_jihie_at_isi_edu', 'reply-with': 'jihie_at_isi_edu', 'content': 'hello'}
Mon Jun 10 13:20:01 2002: Replying: (sorry :reply-with nil :in-reply-to jihie_at_isi_edu :receiver ping_jihie_at_isi_edu_email_jihie_at_isi_edu :sender jihie_at_isi_edu_email_jihie_at_isi_edu :comment "Unintelligible query")
Mon Jun 10 13:23:22 2002: Received: {'receiver': 'jihie_at_isi_edu_email_jihie_at_isi_edu', 'performative': 'ask', 'sender': 'ping_jihie_at_isi_edu_email_jihie_at_isi_edu', 'reply-with': 'jihie_at_isi_edu', 'content': 'hello'}
Mon Jun 10 13:23:22 2002: Processing message: {'receiver': 'jihie_at_isi_edu_email_jihie_at_isi_edu', 'performative': 'ask', 'sender': 'ping_jihie_at_isi_edu_email_jihie_at_isi_edu', 'reply-with': 'jihie_at_isi_edu', 'content': 'hello'}
Mon Jun 10 13:23:22 2002: Replying: (sorry :reply-with nil :in-reply-to jihie_at_isi_edu :receiver ping_jihie_at_isi_edu_email_jihie_at_isi_edu :sender jihie_at_isi_edu_email_jihie_at_isi_edu :comment "Unintelligible query")
Wed Jun 12 11:56:02 2002: Received: {'receiver': 'jihie_at_isi_edu_email_jihie_at_isi_edu', 'performative': 'ask', 'sender': 'ping_jihie_at_isi_edu_email_jihie_at_isi_edu', 'reply-with': 'jihie_at_isi_edu', 'content': 'hello'}
Wed Jun 12 11:56:02 2002: Processing message: {'receiver': 'jihie_at_isi_edu_email_jihie_at_isi_edu', 'performative': 'ask', 'sender': 'ping_jihie_at_isi_edu_email_jihie_at_isi_edu', 'reply-with': 'jihie_at_isi_edu', 'content': 'hello'}
Wed Jun 12 11:56:02 2002: Replying: (sorry :reply-with nil :in-reply-to jihie_at_isi_edu :receiver ping_jihie_at_isi_edu_email_jihie_at_isi_edu :sender jihie_at_isi_edu_email_jihie_at_isi_edu :comment "Unintelligible query")
Fri Jun 21 17:40:10 2002: Received: {'receiver': 'jihie_at_isi_edu_email_jihie_at_isi_edu', 'performative': 'ask', 'sender': 'ping_jihie_at_isi_edu_email_jihie_at_isi_edu', 'reply-with': 'jihie_at_isi_edu', 'content': 'hello'}
Fri Jun 21 17:40:11 2002: Processing message: {'receiver': 'jihie_at_isi_edu_email_jihie_at_isi_edu', 'performative': 'ask', 'sender': 'ping_jihie_at_isi_edu_email_jihie_at_isi_edu', 'reply-with': 'jihie_at_isi_edu', 'content': 'hello'}
Fri Jun 21 17:40:11 2002: Replying: (sorry :reply-with nil :in-reply-to jihie_at_isi_edu :receiver ping_jihie_at_isi_edu_email_jihie_at_isi_edu :sender jihie_at_isi_edu_email_jihie_at_isi_edu :comment "Unintelligible query")
Mon Jun 24 17:25:11 2002: Received: {'receiver': 'jihie_at_isi_edu_email_jihie_at_isi_edu', 'performative': 'ask', 'sender': 'ping_jihie_at_isi_edu_email_jihie_at_isi_edu', 'reply-with': 'jihie_at_isi_edu', 'content': 'hello'}
Mon Jun 24 17:25:11 2002: Processing message: {'receiver': 'jihie_at_isi_edu_email_jihie_at_isi_edu', 'performative': 'ask', 'sender': 'ping_jihie_at_isi_edu_email_jihie_at_isi_edu', 'reply-with': 'jihie_at_isi_edu', 'content': 'hello'}
Mon Jun 24 17:25:11 2002: Replying: (sorry :reply-with nil :in-reply-to jihie_at_isi_edu :receiver ping_jihie_at_isi_edu_email_jihie_at_isi_edu :sender jihie_at_isi_edu_email_jihie_at_isi_edu :comment "Unintelligible query")
Tue Jun 25 09:58:53 2002: Received: {'receiver': 'jihie_at_isi_edu_email_jihie_at_isi_edu', 'performative': 'tell', 'sender': 'stop_jihie_at_isi_edu_email_jihie_at_isi_edu', 'reply-with': 'nil', 'content': 'stop'}
Tue Jun 25 09:58:53 2002: Processing message: {'receiver': 'jihie_at_isi_edu_email_jihie_at_isi_edu', 'performative': 'tell', 'sender': 'stop_jihie_at_isi_edu_email_jihie_at_isi_edu', 'reply-with': 'nil', 'content': 'stop'}
Tue Jun 25 09:58:54 2002: Sending message: (unregister :receiver proxy_jihie_at_isi_edu :name email_jihie_at_isi_edu :sender jihie_at_isi_edu_email_jihie_at_isi_edu :reply-with nil :user jihie_at_isi_edu)
Tue Jun 25 09:58:54 2002: Router jihie_at_isi_edu_email_jihie_at_isi_edu exiting...
Tue Jun 25 09:58:54 2002: Sending message: (unregister :receiver TEAMCORE :sender jihie_at_isi_edu_email_jihie_at_isi_edu :ontology tcp-ip :reply-with nil :content jihie_at_isi_edu_email_jihie_at_isi_edu)
Tue Jun 25 09:58:54 2002: Exiting...
Tue Jun 25 09:58:56 2002: Using ANS: ('vibhagam.isi.edu', 5500)
Tue Jun 25 09:58:56 2002: Bound to host/port: sangat.isi.edu:6672
Tue Jun 25 09:58:56 2002: Sending message: (register :ontology tcp-ip :sender jihie_at_isi_edu_email_jihie_at_isi_edu :reply-with t :content "jihie_at_isi_edu_email_jihie_at_isi_edu sangat.isi.edu:6672")
Tue Jun 25 09:58:56 2002: Received: {'receiver': 'jihie_at_isi_edu_email_jihie_at_isi_edu', 'performative': 'error', 'sender': 'TEAMCORE', 'in-reply-to': 't', 'content': 'handler encountered error'}
Tue Jun 25 09:58:56 2002: Registration produced: {'receiver': 'jihie_at_isi_edu_email_jihie_at_isi_edu', 'performative': 'error', 'sender': 'TEAMCORE', 'in-reply-to': 't', 'content': 'handler encountered error'}
Tue Jun 25 09:58:56 2002: Sending message: (unregister :sender jihie_at_isi_edu_email_jihie_at_isi_edu :ontology tcp-ip :reply-with nil :content jihie_at_isi_edu_email_jihie_at_isi_edu)
Tue Jun 25 09:58:56 2002: Sending message: (register :sender jihie_at_isi_edu_email_jihie_at_isi_edu :ontology tcp-ip :reply-with t :content (jihie_at_isi_edu_email_jihie_at_isi_edu sangat.isi.edu:6672))
Tue Jun 25 09:58:56 2002: Received: {'receiver': 'jihie_at_isi_edu_email_jihie_at_isi_edu', 'performative': 'reply', 'sender': 'TEAMCORE', 'in-reply-to': 't', 'content': 'jihie_at_isi_edu_email_jihie_at_isi_edu TEAMCORE'}
Tue Jun 25 09:58:56 2002: Registration produced: {'receiver': 'jihie_at_isi_edu_email_jihie_at_isi_edu', 'performative': 'reply', 'sender': 'TEAMCORE', 'in-reply-to': 't', 'content': 'jihie_at_isi_edu_email_jihie_at_isi_edu TEAMCORE'}jihie_at_isi_edu_email_jihie_at_isi_edu, TEAMCORE
Tue Jun 25 09:58:56 2002: Registration successful: jihie_at_isi_edu_email_jihie_at_isi_edu
Tue Jun 25 09:58:56 2002: Router for jihie_at_isi_edu_email_jihie_at_isi_edu running...
Tue Jun 25 09:58:56 2002: Sending message: (ask-one :sender jihie_at_isi_edu_email_jihie_at_isi_edu :reply-with t :content "proxy_jihie_at_isi_edu")
Tue Jun 25 09:58:56 2002: Received: {'receiver': 'jihie_at_isi_edu_email_jihie_at_isi_edu', 'performative': 'reply', 'sender': 'TEAMCORE', 'in-reply-to': 't', 'content': 'proxy_jihie_at_isi_edu:sangat.isi.edu:9991:'}
Tue Jun 25 09:58:56 2002: Sending message: (register :name email_jihie_at_isi_edu :reply-with nil :agenttype device :receiver proxy_jihie_at_isi_edu :user jihie_at_isi_edu :sender jihie_at_isi_edu_email_jihie_at_isi_edu :direction (to user))
Tue Jun 25 09:58:58 2002: Received: {'receiver': 'jihie_at_isi_edu_email_jihie_at_isi_edu', 'performative': 'ask', 'sender': 'ping_jihie_at_isi_edu_email_jihie_at_isi_edu', 'reply-with': 'jihie_at_isi_edu', 'content': 'hello'}
Tue Jun 25 09:58:58 2002: Processing message: {'receiver': 'jihie_at_isi_edu_email_jihie_at_isi_edu', 'performative': 'ask', 'sender': 'ping_jihie_at_isi_edu_email_jihie_at_isi_edu', 'reply-with': 'jihie_at_isi_edu', 'content': 'hello'}
Tue Jun 25 09:58:58 2002: Replying: (sorry :reply-with nil :in-reply-to jihie_at_isi_edu :receiver ping_jihie_at_isi_edu_email_jihie_at_isi_edu :sender jihie_at_isi_edu_email_jihie_at_isi_edu :comment "Unintelligible query")
Wed Jun 26 14:21:25 2002: Using ANS: ('vibhagam.isi.edu', 5500)
Wed Jun 26 14:21:25 2002: Bound to host/port: sangat.isi.edu:6670
Wed Jun 26 14:21:25 2002: Sending message: (register :ontology tcp-ip :sender jihie_at_isi_edu_email_jihie_at_isi_edu :reply-with t :content "jihie_at_isi_edu_email_jihie_at_isi_edu sangat.isi.edu:6670")
Wed Jun 26 14:21:25 2002: Received: {'receiver': 'jihie_at_isi_edu_email_jihie_at_isi_edu', 'performative': 'error', 'sender': 'TEAMCORE', 'in-reply-to': 't', 'content': 'handler encountered error'}
Wed Jun 26 14:21:25 2002: Registration produced: {'receiver': 'jihie_at_isi_edu_email_jihie_at_isi_edu', 'performative': 'error', 'sender': 'TEAMCORE', 'in-reply-to': 't', 'content': 'handler encountered error'}
Wed Jun 26 14:21:25 2002: Sending message: (unregister :sender jihie_at_isi_edu_email_jihie_at_isi_edu :ontology tcp-ip :reply-with nil :content jihie_at_isi_edu_email_jihie_at_isi_edu)
Wed Jun 26 14:21:25 2002: Sending message: (register :sender jihie_at_isi_edu_email_jihie_at_isi_edu :ontology tcp-ip :reply-with t :content (jihie_at_isi_edu_email_jihie_at_isi_edu sangat.isi.edu:6670))
Wed Jun 26 14:21:25 2002: Received: {'receiver': 'jihie_at_isi_edu_email_jihie_at_isi_edu', 'performative': 'reply', 'sender': 'TEAMCORE', 'in-reply-to': 't', 'content': 'jihie_at_isi_edu_email_jihie_at_isi_edu TEAMCORE'}
Wed Jun 26 14:21:25 2002: Registration produced: {'receiver': 'jihie_at_isi_edu_email_jihie_at_isi_edu', 'performative': 'reply', 'sender': 'TEAMCORE', 'in-reply-to': 't', 'content': 'jihie_at_isi_edu_email_jihie_at_isi_edu TEAMCORE'}jihie_at_isi_edu_email_jihie_at_isi_edu, TEAMCORE
Wed Jun 26 14:21:25 2002: Registration successful: jihie_at_isi_edu_email_jihie_at_isi_edu
Wed Jun 26 14:21:25 2002: Router for jihie_at_isi_edu_email_jihie_at_isi_edu running...
Wed Jun 26 14:21:25 2002: Sending message: (ask-one :sender jihie_at_isi_edu_email_jihie_at_isi_edu :reply-with t :content "proxy_jihie_at_isi_edu")
Wed Jun 26 14:21:25 2002: Received: {'receiver': 'jihie_at_isi_edu_email_jihie_at_isi_edu', 'performative': 'reply', 'sender': 'TEAMCORE', 'in-reply-to': 't', 'content': 'proxy_jihie_at_isi_edu:sangat.isi.edu:9991:'}
Wed Jun 26 14:21:25 2002: Sending message: (register :name email_jihie_at_isi_edu :reply-with nil :agenttype device :receiver proxy_jihie_at_isi_edu :user jihie_at_isi_edu :sender jihie_at_isi_edu_email_jihie_at_isi_edu :direction (to user))
Wed Jun 26 14:21:26 2002: Received: {'receiver': 'jihie_at_isi_edu_email_jihie_at_isi_edu', 'performative': 'ask', 'sender': 'ping_jihie_at_isi_edu_email_jihie_at_isi_edu', 'reply-with': 'jihie_at_isi_edu', 'content': 'hello'}
Wed Jun 26 14:21:26 2002: Processing message: {'receiver': 'jihie_at_isi_edu_email_jihie_at_isi_edu', 'performative': 'ask', 'sender': 'ping_jihie_at_isi_edu_email_jihie_at_isi_edu', 'reply-with': 'jihie_at_isi_edu', 'content': 'hello'}
Wed Jun 26 14:21:26 2002: Replying: (sorry :reply-with nil :in-reply-to jihie_at_isi_edu :receiver ping_jihie_at_isi_edu_email_jihie_at_isi_edu :sender jihie_at_isi_edu_email_jihie_at_isi_edu :comment "Unintelligible query")
Wed Jun 26 14:42:14 2002: Using ANS: ('vibhagam.isi.edu', 5500)
Wed Jun 26 14:42:14 2002: Bound to host/port: sangat.isi.edu:6670
Wed Jun 26 14:42:14 2002: Sending message: (register :ontology tcp-ip :sender jihie_at_isi_edu_email_jihie_at_isi_edu :reply-with t :content "jihie_at_isi_edu_email_jihie_at_isi_edu sangat.isi.edu:6670")
Wed Jun 26 14:42:14 2002: Received: {'receiver': 'jihie_at_isi_edu_email_jihie_at_isi_edu', 'performative': 'error', 'sender': 'TEAMCORE', 'in-reply-to': 't', 'content': 'handler encountered error'}
Wed Jun 26 14:42:14 2002: Registration produced: {'receiver': 'jihie_at_isi_edu_email_jihie_at_isi_edu', 'performative': 'error', 'sender': 'TEAMCORE', 'in-reply-to': 't', 'content': 'handler encountered error'}
Wed Jun 26 14:42:14 2002: Sending message: (unregister :sender jihie_at_isi_edu_email_jihie_at_isi_edu :ontology tcp-ip :reply-with nil :content jihie_at_isi_edu_email_jihie_at_isi_edu)
Wed Jun 26 14:42:14 2002: Sending message: (register :sender jihie_at_isi_edu_email_jihie_at_isi_edu :ontology tcp-ip :reply-with t :content (jihie_at_isi_edu_email_jihie_at_isi_edu sangat.isi.edu:6670))
Wed Jun 26 14:42:14 2002: Received: {'receiver': 'jihie_at_isi_edu_email_jihie_at_isi_edu', 'performative': 'reply', 'sender': 'TEAMCORE', 'in-reply-to': 't', 'content': 'jihie_at_isi_edu_email_jihie_at_isi_edu TEAMCORE'}
Wed Jun 26 14:42:14 2002: Registration produced: {'receiver': 'jihie_at_isi_edu_email_jihie_at_isi_edu', 'performative': 'reply', 'sender': 'TEAMCORE', 'in-reply-to': 't', 'content': 'jihie_at_isi_edu_email_jihie_at_isi_edu TEAMCORE'}jihie_at_isi_edu_email_jihie_at_isi_edu, TEAMCORE
Wed Jun 26 14:42:14 2002: Registration successful: jihie_at_isi_edu_email_jihie_at_isi_edu
Wed Jun 26 14:42:14 2002: Router for jihie_at_isi_edu_email_jihie_at_isi_edu running...
Wed Jun 26 14:42:14 2002: Sending message: (ask-one :sender jihie_at_isi_edu_email_jihie_at_isi_edu :reply-with t :content "proxy_jihie_at_isi_edu")
Wed Jun 26 14:42:14 2002: Received: {'receiver': 'jihie_at_isi_edu_email_jihie_at_isi_edu', 'performative': 'reply', 'sender': 'TEAMCORE', 'in-reply-to': 't', 'content': 'proxy_jihie_at_isi_edu:sangat.isi.edu:9991:'}
Wed Jun 26 14:42:14 2002: Sending message: (register :name email_jihie_at_isi_edu :reply-with nil :agenttype device :receiver proxy_jihie_at_isi_edu :user jihie_at_isi_edu :sender jihie_at_isi_edu_email_jihie_at_isi_edu :direction (to user))
Wed Jun 26 14:42:16 2002: Received: {'receiver': 'jihie_at_isi_edu_email_jihie_at_isi_edu', 'performative': 'ask', 'sender': 'ping_jihie_at_isi_edu_email_jihie_at_isi_edu', 'reply-with': 'jihie_at_isi_edu', 'content': 'hello'}
Wed Jun 26 14:42:16 2002: Processing message: {'receiver': 'jihie_at_isi_edu_email_jihie_at_isi_edu', 'performative': 'ask', 'sender': 'ping_jihie_at_isi_edu_email_jihie_at_isi_edu', 'reply-with': 'jihie_at_isi_edu', 'content': 'hello'}
Wed Jun 26 14:42:16 2002: Replying: (sorry :reply-with nil :in-reply-to jihie_at_isi_edu :receiver ping_jihie_at_isi_edu_email_jihie_at_isi_edu :sender jihie_at_isi_edu_email_jihie_at_isi_edu :comment "Unintelligible query")
Fri Jun 28 10:27:43 2002: Using ANS: ('vibhagam', 5500)
Fri Jun 28 10:27:43 2002: Bound to host/port: sangat.isi.edu:6671
Fri Jun 28 10:27:43 2002: Sending message: (register :ontology tcp-ip :sender jihie_at_isi_edu_email_jihie_at_isi_edu :reply-with t :content "jihie_at_isi_edu_email_jihie_at_isi_edu sangat.isi.edu:6671")
Fri Jun 28 10:27:43 2002: Received: {'receiver': 'jihie_at_isi_edu_email_jihie_at_isi_edu', 'performative': 'error', 'sender': 'TEAMCORE', 'in-reply-to': 't', 'content': 'handler encountered error'}
Fri Jun 28 10:27:43 2002: Registration produced: {'receiver': 'jihie_at_isi_edu_email_jihie_at_isi_edu', 'performative': 'error', 'sender': 'TEAMCORE', 'in-reply-to': 't', 'content': 'handler encountered error'}
Fri Jun 28 10:27:43 2002: Sending message: (unregister :sender jihie_at_isi_edu_email_jihie_at_isi_edu :ontology tcp-ip :reply-with nil :content jihie_at_isi_edu_email_jihie_at_isi_edu)
Fri Jun 28 10:27:43 2002: Sending message: (register :sender jihie_at_isi_edu_email_jihie_at_isi_edu :ontology tcp-ip :reply-with t :content (jihie_at_isi_edu_email_jihie_at_isi_edu sangat.isi.edu:6671))
Fri Jun 28 10:27:44 2002: Received: {'receiver': 'jihie_at_isi_edu_email_jihie_at_isi_edu', 'performative': 'reply', 'sender': 'TEAMCORE', 'in-reply-to': 't', 'content': 'jihie_at_isi_edu_email_jihie_at_isi_edu TEAMCORE'}
Fri Jun 28 10:27:44 2002: Registration produced: {'receiver': 'jihie_at_isi_edu_email_jihie_at_isi_edu', 'performative': 'reply', 'sender': 'TEAMCORE', 'in-reply-to': 't', 'content': 'jihie_at_isi_edu_email_jihie_at_isi_edu TEAMCORE'}jihie_at_isi_edu_email_jihie_at_isi_edu, TEAMCORE
Fri Jun 28 10:27:44 2002: Registration successful: jihie_at_isi_edu_email_jihie_at_isi_edu
Fri Jun 28 10:27:44 2002: Router for jihie_at_isi_edu_email_jihie_at_isi_edu running...
Fri Jun 28 10:27:44 2002: Sending message: (ask-one :sender jihie_at_isi_edu_email_jihie_at_isi_edu :reply-with t :content "proxy_jihie_at_isi_edu")
Fri Jun 28 10:27:44 2002: Received: {'receiver': 'jihie_at_isi_edu_email_jihie_at_isi_edu', 'performative': 'reply', 'sender': 'TEAMCORE', 'in-reply-to': 't', 'content': 'proxy_jihie_at_isi_edu:sangat.isi.edu:9991:'}
Fri Jun 28 10:27:44 2002: Sending message: (register :name email_jihie_at_isi_edu :reply-with nil :agenttype device :receiver proxy_jihie_at_isi_edu :user jihie_at_isi_edu :sender jihie_at_isi_edu_email_jihie_at_isi_edu :direction (to user))
Fri Jun 28 10:27:45 2002: Received: {'receiver': 'jihie_at_isi_edu_email_jihie_at_isi_edu', 'performative': 'ask', 'sender': 'ping_jihie_at_isi_edu_email_jihie_at_isi_edu', 'reply-with': 'jihie_at_isi_edu', 'content': 'hello'}
Fri Jun 28 10:27:45 2002: Processing message: {'receiver': 'jihie_at_isi_edu_email_jihie_at_isi_edu', 'performative': 'ask', 'sender': 'ping_jihie_at_isi_edu_email_jihie_at_isi_edu', 'reply-with': 'jihie_at_isi_edu', 'content': 'hello'}
Fri Jun 28 10:27:45 2002: Replying: (sorry :reply-with nil :in-reply-to jihie_at_isi_edu :receiver ping_jihie_at_isi_edu_email_jihie_at_isi_edu :sender jihie_at_isi_edu_email_jihie_at_isi_edu :comment "Unintelligible query")
Fri Jun 28 10:31:10 2002: Received: {'receiver': 'jihie_at_isi_edu_email_jihie_at_isi_edu', 'performative': 'ask', 'sender': 'ping_jihie_at_isi_edu_email_jihie_at_isi_edu', 'reply-with': 'jihie_at_isi_edu', 'content': 'hello'}
Fri Jun 28 10:31:10 2002: Processing message: {'receiver': 'jihie_at_isi_edu_email_jihie_at_isi_edu', 'performative': 'ask', 'sender': 'ping_jihie_at_isi_edu_email_jihie_at_isi_edu', 'reply-with': 'jihie_at_isi_edu', 'content': 'hello'}
Fri Jun 28 10:31:10 2002: Replying: (sorry :reply-with nil :in-reply-to jihie_at_isi_edu :receiver ping_jihie_at_isi_edu_email_jihie_at_isi_edu :sender jihie_at_isi_edu_email_jihie_at_isi_edu :comment "Unintelligible query")
Fri Jul 12 11:37:33 2002: Received: {'receiver': 'jihie_at_isi_edu_email_jihie_at_isi_edu', 'performative': 'ask', 'sender': 'ping_jihie_at_isi_edu_email_jihie_at_isi_edu', 'reply-with': 'jihie_at_isi_edu', 'content': 'hello'}
Fri Jul 12 11:37:33 2002: Processing message: {'receiver': 'jihie_at_isi_edu_email_jihie_at_isi_edu', 'performative': 'ask', 'sender': 'ping_jihie_at_isi_edu_email_jihie_at_isi_edu', 'reply-with': 'jihie_at_isi_edu', 'content': 'hello'}
Fri Jul 12 11:37:33 2002: Replying: (sorry :reply-with nil :in-reply-to jihie_at_isi_edu :receiver ping_jihie_at_isi_edu_email_jihie_at_isi_edu :sender jihie_at_isi_edu_email_jihie_at_isi_edu :comment "Unintelligible query")
Fri Jul 26 15:14:05 2002: Received: {'receiver': 'jihie_at_isi_edu_email_jihie_at_isi_edu', 'performative': 'tell', 'sender': 'stop_jihie_at_isi_edu_email_jihie_at_isi_edu', 'reply-with': 'nil', 'content': 'stop'}
Fri Jul 26 15:14:05 2002: Processing message: {'receiver': 'jihie_at_isi_edu_email_jihie_at_isi_edu', 'performative': 'tell', 'sender': 'stop_jihie_at_isi_edu_email_jihie_at_isi_edu', 'reply-with': 'nil', 'content': 'stop'}
Fri Jul 26 15:14:06 2002: Sending message: (unregister :receiver proxy_jihie_at_isi_edu :name email_jihie_at_isi_edu :sender jihie_at_isi_edu_email_jihie_at_isi_edu :reply-with nil :user jihie_at_isi_edu)
Fri Jul 26 15:14:06 2002: Router jihie_at_isi_edu_email_jihie_at_isi_edu exiting...
Fri Jul 26 15:14:06 2002: Sending message: (unregister :receiver TEAMCORE :sender jihie_at_isi_edu_email_jihie_at_isi_edu :ontology tcp-ip :reply-with nil :content jihie_at_isi_edu_email_jihie_at_isi_edu)
Fri Jul 26 15:14:06 2002: Exiting...
Fri Jul 26 15:12:37 2002: Using ANS: ('vibhagam.isi.edu', 5500)
Fri Jul 26 15:12:37 2002: Bound to host/port: equipe.isi.edu:6681
Fri Jul 26 15:12:37 2002: Sending message: (register :ontology tcp-ip :sender jihie_at_isi_edu_email_jihie_at_isi_edu :reply-with t :content "jihie_at_isi_edu_email_jihie_at_isi_edu equipe.isi.edu:6681")
Fri Jul 26 15:12:37 2002: Received: {'receiver': 'jihie_at_isi_edu_email_jihie_at_isi_edu', 'performative': 'error', 'sender': 'TEAMCORE', 'in-reply-to': 't', 'content': 'handler encountered error'}
Fri Jul 26 15:12:37 2002: Registration produced: {'receiver': 'jihie_at_isi_edu_email_jihie_at_isi_edu', 'performative': 'error', 'sender': 'TEAMCORE', 'in-reply-to': 't', 'content': 'handler encountered error'}
Fri Jul 26 15:12:37 2002: Sending message: (unregister :sender jihie_at_isi_edu_email_jihie_at_isi_edu :ontology tcp-ip :reply-with nil :content jihie_at_isi_edu_email_jihie_at_isi_edu)
Fri Jul 26 15:12:37 2002: Sending message: (register :sender jihie_at_isi_edu_email_jihie_at_isi_edu :ontology tcp-ip :reply-with t :content (jihie_at_isi_edu_email_jihie_at_isi_edu equipe.isi.edu:6681))
Fri Jul 26 15:12:37 2002: Received: {'receiver': 'jihie_at_isi_edu_email_jihie_at_isi_edu', 'performative': 'reply', 'sender': 'TEAMCORE', 'in-reply-to': 't', 'content': 'jihie_at_isi_edu_email_jihie_at_isi_edu TEAMCORE'}
Fri Jul 26 15:12:37 2002: Registration produced: {'receiver': 'jihie_at_isi_edu_email_jihie_at_isi_edu', 'performative': 'reply', 'sender': 'TEAMCORE', 'in-reply-to': 't', 'content': 'jihie_at_isi_edu_email_jihie_at_isi_edu TEAMCORE'}jihie_at_isi_edu_email_jihie_at_isi_edu, TEAMCORE
Fri Jul 26 15:12:37 2002: Registration successful: jihie_at_isi_edu_email_jihie_at_isi_edu
Fri Jul 26 15:12:37 2002: Router for jihie_at_isi_edu_email_jihie_at_isi_edu running...
Fri Jul 26 15:12:37 2002: Sending message: (ask-one :sender jihie_at_isi_edu_email_jihie_at_isi_edu :reply-with t :content "proxy_jihie_at_isi_edu")
Fri Jul 26 15:12:37 2002: Received: {'receiver': 'jihie_at_isi_edu_email_jihie_at_isi_edu', 'performative': 'reply', 'sender': 'TEAMCORE', 'in-reply-to': 't', 'content': 'proxy_jihie_at_isi_edu:sangat.isi.edu:9991:'}
Fri Jul 26 15:12:37 2002: Sending message: (register :name email_jihie_at_isi_edu :reply-with nil :agenttype device :receiver proxy_jihie_at_isi_edu :user jihie_at_isi_edu :sender jihie_at_isi_edu_email_jihie_at_isi_edu :direction (to user))
Fri Jul 26 15:12:38 2002: Received: {'receiver': 'jihie_at_isi_edu_email_jihie_at_isi_edu', 'performative': 'ask', 'sender': 'ping_jihie_at_isi_edu_email_jihie_at_isi_edu', 'reply-with': 'jihie_at_isi_edu', 'content': 'hello'}
Fri Jul 26 15:12:38 2002: Processing message: {'receiver': 'jihie_at_isi_edu_email_jihie_at_isi_edu', 'performative': 'ask', 'sender': 'ping_jihie_at_isi_edu_email_jihie_at_isi_edu', 'reply-with': 'jihie_at_isi_edu', 'content': 'hello'}
Fri Jul 26 15:12:38 2002: Replying: (sorry :reply-with nil :in-reply-to jihie_at_isi_edu :receiver ping_jihie_at_isi_edu_email_jihie_at_isi_edu :sender jihie_at_isi_edu_email_jihie_at_isi_edu :comment "Unintelligible query")
Fri Jul 26 15:15:35 2002: Received: {'receiver': 'jihie_at_isi_edu_email_jihie_at_isi_edu', 'performative': 'ask', 'sender': 'ping_jihie_at_isi_edu_email_jihie_at_isi_edu', 'reply-with': 'jihie_at_isi_edu', 'content': 'hello'}
Fri Jul 26 15:15:35 2002: Processing message: {'receiver': 'jihie_at_isi_edu_email_jihie_at_isi_edu', 'performative': 'ask', 'sender': 'ping_jihie_at_isi_edu_email_jihie_at_isi_edu', 'reply-with': 'jihie_at_isi_edu', 'content': 'hello'}
Fri Jul 26 15:15:35 2002: Replying: (sorry :reply-with nil :in-reply-to jihie_at_isi_edu :receiver ping_jihie_at_isi_edu_email_jihie_at_isi_edu :sender jihie_at_isi_edu_email_jihie_at_isi_edu :comment "Unintelligible query")
Mon Aug 19 18:22:43 2002: Using ANS: ('vibhagam', 5500)
Mon Aug 19 18:22:43 2002: Bound to host/port: sangat.isi.edu:6673
Mon Aug 19 18:22:43 2002: Sending message: (register :ontology tcp-ip :sender jihie_at_isi_edu_email_jihie_at_isi_edu :reply-with t :content "jihie_at_isi_edu_email_jihie_at_isi_edu sangat.isi.edu:6673")
Mon Aug 19 18:22:43 2002: Received: {'receiver': 'jihie_at_isi_edu_email_jihie_at_isi_edu', 'performative': 'error', 'sender': 'TEAMCORE', 'in-reply-to': 't', 'content': 'handler encountered error'}
Mon Aug 19 18:22:43 2002: Registration produced: {'receiver': 'jihie_at_isi_edu_email_jihie_at_isi_edu', 'performative': 'error', 'sender': 'TEAMCORE', 'in-reply-to': 't', 'content': 'handler encountered error'}
Mon Aug 19 18:22:43 2002: Sending message: (unregister :sender jihie_at_isi_edu_email_jihie_at_isi_edu :ontology tcp-ip :reply-with nil :content jihie_at_isi_edu_email_jihie_at_isi_edu)
Mon Aug 19 18:22:43 2002: Sending message: (register :sender jihie_at_isi_edu_email_jihie_at_isi_edu :ontology tcp-ip :reply-with t :content (jihie_at_isi_edu_email_jihie_at_isi_edu sangat.isi.edu:6673))
Mon Aug 19 18:22:43 2002: Received: {'receiver': 'jihie_at_isi_edu_email_jihie_at_isi_edu', 'performative': 'reply', 'sender': 'TEAMCORE', 'in-reply-to': 't', 'content': 'jihie_at_isi_edu_email_jihie_at_isi_edu TEAMCORE'}
Mon Aug 19 18:22:43 2002: Registration produced: {'receiver': 'jihie_at_isi_edu_email_jihie_at_isi_edu', 'performative': 'reply', 'sender': 'TEAMCORE', 'in-reply-to': 't', 'content': 'jihie_at_isi_edu_email_jihie_at_isi_edu TEAMCORE'}jihie_at_isi_edu_email_jihie_at_isi_edu, TEAMCORE
Mon Aug 19 18:22:43 2002: Registration successful: jihie_at_isi_edu_email_jihie_at_isi_edu
Mon Aug 19 18:22:43 2002: Router for jihie_at_isi_edu_email_jihie_at_isi_edu running...
Mon Aug 19 18:22:43 2002: Sending message: (ask-one :sender jihie_at_isi_edu_email_jihie_at_isi_edu :reply-with t :content "proxy_jihie_at_isi_edu")
Mon Aug 19 18:22:43 2002: Received: {'receiver': 'jihie_at_isi_edu_email_jihie_at_isi_edu', 'performative': 'reply', 'sender': 'TEAMCORE', 'in-reply-to': 't', 'content': 'proxy_jihie_at_isi_edu:sangat.isi.edu:9992:'}
Mon Aug 19 18:22:43 2002: Sending message: (register :name email_jihie_at_isi_edu :reply-with nil :agenttype device :receiver proxy_jihie_at_isi_edu :user jihie_at_isi_edu :sender jihie_at_isi_edu_email_jihie_at_isi_edu :direction (to user))
Mon Aug 19 18:22:44 2002: Received: {'receiver': 'jihie_at_isi_edu_email_jihie_at_isi_edu', 'performative': 'ask', 'sender': 'ping_jihie_at_isi_edu_email_jihie_at_isi_edu', 'reply-with': 'jihie_at_isi_edu', 'content': 'hello'}
Mon Aug 19 18:22:44 2002: Processing message: {'receiver': 'jihie_at_isi_edu_email_jihie_at_isi_edu', 'performative': 'ask', 'sender': 'ping_jihie_at_isi_edu_email_jihie_at_isi_edu', 'reply-with': 'jihie_at_isi_edu', 'content': 'hello'}
Mon Aug 19 18:22:44 2002: Replying: (sorry :reply-with nil :in-reply-to jihie_at_isi_edu :receiver ping_jihie_at_isi_edu_email_jihie_at_isi_edu :sender jihie_at_isi_edu_email_jihie_at_isi_edu :comment "Unintelligible query")
Fri Sep 06 13:53:44 2002: Received: {'receiver': 'jihie_at_isi_edu_email_jihie_at_isi_edu', 'performative': 'ask', 'sender': 'ping_jihie_at_isi_edu_email_jihie_at_isi_edu', 'reply-with': 'jihie_at_isi_edu', 'content': 'hello'}
Fri Sep 06 13:53:44 2002: Processing message: {'receiver': 'jihie_at_isi_edu_email_jihie_at_isi_edu', 'performative': 'ask', 'sender': 'ping_jihie_at_isi_edu_email_jihie_at_isi_edu', 'reply-with': 'jihie_at_isi_edu', 'content': 'hello'}
Fri Sep 06 13:53:44 2002: Replying: (sorry :reply-with nil :in-reply-to jihie_at_isi_edu :receiver ping_jihie_at_isi_edu_email_jihie_at_isi_edu :sender jihie_at_isi_edu_email_jihie_at_isi_edu :comment "Unintelligible query")
Fri Sep 06 14:08:05 2002: Using ANS: ('vibhagam.isi.edu', 5500)
Fri Sep 06 14:08:05 2002: Bound to host/port: equipe.isi.edu:6670
Fri Sep 06 14:08:05 2002: Sending message: (register :ontology tcp-ip :sender jihie_at_isi_edu_email_jihie_at_isi_edu :reply-with t :content "jihie_at_isi_edu_email_jihie_at_isi_edu equipe.isi.edu:6670")
Fri Sep 06 14:08:05 2002: Received: {'receiver': 'jihie_at_isi_edu_email_jihie_at_isi_edu', 'performative': 'error', 'sender': 'TEAMCORE', 'in-reply-to': 't', 'content': 'handler encountered error'}
Fri Sep 06 14:08:05 2002: Registration produced: {'receiver': 'jihie_at_isi_edu_email_jihie_at_isi_edu', 'performative': 'error', 'sender': 'TEAMCORE', 'in-reply-to': 't', 'content': 'handler encountered error'}
Fri Sep 06 14:08:05 2002: Sending message: (unregister :sender jihie_at_isi_edu_email_jihie_at_isi_edu :ontology tcp-ip :reply-with nil :content jihie_at_isi_edu_email_jihie_at_isi_edu)
Fri Sep 06 14:08:05 2002: Sending message: (register :sender jihie_at_isi_edu_email_jihie_at_isi_edu :ontology tcp-ip :reply-with t :content (jihie_at_isi_edu_email_jihie_at_isi_edu equipe.isi.edu:6670))
Fri Sep 06 14:08:05 2002: Received: {'receiver': 'jihie_at_isi_edu_email_jihie_at_isi_edu', 'performative': 'reply', 'sender': 'TEAMCORE', 'in-reply-to': 't', 'content': 'jihie_at_isi_edu_email_jihie_at_isi_edu TEAMCORE'}
Fri Sep 06 14:08:05 2002: Registration produced: {'receiver': 'jihie_at_isi_edu_email_jihie_at_isi_edu', 'performative': 'reply', 'sender': 'TEAMCORE', 'in-reply-to': 't', 'content': 'jihie_at_isi_edu_email_jihie_at_isi_edu TEAMCORE'}jihie_at_isi_edu_email_jihie_at_isi_edu, TEAMCORE
Fri Sep 06 14:08:05 2002: Registration successful: jihie_at_isi_edu_email_jihie_at_isi_edu
Fri Sep 06 14:08:05 2002: Router for jihie_at_isi_edu_email_jihie_at_isi_edu running...
Fri Sep 06 14:08:05 2002: Sending message: (ask-one :sender jihie_at_isi_edu_email_jihie_at_isi_edu :reply-with t :content "proxy_jihie_at_isi_edu")
Fri Sep 06 14:08:05 2002: Received: {'receiver': 'jihie_at_isi_edu_email_jihie_at_isi_edu', 'performative': 'reply', 'sender': 'TEAMCORE', 'in-reply-to': 't', 'content': 'proxy_jihie_at_isi_edu:sangat.isi.edu:9992:'}
Fri Sep 06 14:08:05 2002: Sending message: (register :name email_jihie_at_isi_edu :reply-with nil :agenttype device :receiver proxy_jihie_at_isi_edu :user jihie_at_isi_edu :sender jihie_at_isi_edu_email_jihie_at_isi_edu :direction (to user))
Fri Sep 06 14:08:06 2002: Received: {'receiver': 'jihie_at_isi_edu_email_jihie_at_isi_edu', 'performative': 'ask', 'sender': 'ping_jihie_at_isi_edu_email_jihie_at_isi_edu', 'reply-with': 'jihie_at_isi_edu', 'content': 'hello'}
Fri Sep 06 14:08:06 2002: Processing message: {'receiver': 'jihie_at_isi_edu_email_jihie_at_isi_edu', 'performative': 'ask', 'sender': 'ping_jihie_at_isi_edu_email_jihie_at_isi_edu', 'reply-with': 'jihie_at_isi_edu', 'content': 'hello'}
Fri Sep 06 14:08:06 2002: Replying: (sorry :reply-with nil :in-reply-to jihie_at_isi_edu :receiver ping_jihie_at_isi_edu_email_jihie_at_isi_edu :sender jihie_at_isi_edu_email_jihie_at_isi_edu :comment "Unintelligible query")
Tue Sep 24 15:19:35 2002: Received: {'receiver': 'jihie_at_isi_edu_email_jihie_at_isi_edu', 'performative': 'kqml-admin', 'sender': 'TEAMCORE', 'kqml-msg-id': '29131+vibhagam.isi.edu+40', 'reply-with': 't', 'content': 'name'}
Wed Sep 25 16:40:52 2002: Received: {'receiver': 'jihie_at_isi_edu_email_jihie_at_isi_edu', 'performative': 'ask', 'sender': 'ping_jihie_at_isi_edu_email_jihie_at_isi_edu', 'reply-with': 'jihie_at_isi_edu', 'content': 'hello'}
Wed Sep 25 16:40:52 2002: Processing message: {'receiver': 'jihie_at_isi_edu_email_jihie_at_isi_edu', 'performative': 'ask', 'sender': 'ping_jihie_at_isi_edu_email_jihie_at_isi_edu', 'reply-with': 'jihie_at_isi_edu', 'content': 'hello'}
Wed Sep 25 16:40:52 2002: Replying: (sorry :reply-with nil :in-reply-to jihie_at_isi_edu :receiver ping_jihie_at_isi_edu_email_jihie_at_isi_edu :sender jihie_at_isi_edu_email_jihie_at_isi_edu :comment "Unintelligible query")
Mon Oct 28 14:19:31 2002: Received: {'receiver': 'jihie_at_isi_edu_email_jihie_at_isi_edu', 'performative': 'kqml-admin', 'sender': 'TEAMCORE', 'kqml-msg-id': '24669+vibhagam.isi.edu+38', 'reply-with': 't', 'content': 'name'}
Mon Oct 28 14:21:09 2002: Received: {'receiver': 'jihie_at_isi_edu_email_jihie_at_isi_edu', 'performative': 'ask', 'sender': 'ping_jihie_at_isi_edu_email_jihie_at_isi_edu', 'reply-with': 'jihie_at_isi_edu', 'content': 'hello'}
Mon Oct 28 14:21:09 2002: Processing message: {'receiver': 'jihie_at_isi_edu_email_jihie_at_isi_edu', 'performative': 'ask', 'sender': 'ping_jihie_at_isi_edu_email_jihie_at_isi_edu', 'reply-with': 'jihie_at_isi_edu', 'content': 'hello'}
Mon Oct 28 14:21:09 2002: Replying: (sorry :reply-with nil :in-reply-to jihie_at_isi_edu :receiver ping_jihie_at_isi_edu_email_jihie_at_isi_edu :sender jihie_at_isi_edu_email_jihie_at_isi_edu :comment "Unintelligible query")
Tue Oct 29 10:23:24 2002: Received: {'receiver': 'jihie_at_isi_edu_email_jihie_at_isi_edu', 'performative': 'kqml-admin', 'sender': 'TEAMCORE', 'kqml-msg-id': '26893+vibhagam.isi.edu+29', 'reply-with': 't', 'content': 'name'}
Tue Oct 29 18:35:16 2002: Received: {'receiver': 'jihie_at_isi_edu_email_jihie_at_isi_edu', 'performative': 'kqml-admin', 'sender': 'TEAMCORE', 'kqml-msg-id': '29472+vibhagam.isi.edu+29', 'reply-with': 't', 'content': 'name'}
Tue Oct 29 19:59:12 2002: Received: {'receiver': 'jihie_at_isi_edu_email_jihie_at_isi_edu', 'performative': 'kqml-admin', 'sender': 'TEAMCORE', 'kqml-msg-id': '181+vibhagam.isi.edu+29', 'reply-with': 't', 'content': 'name'}
Tue Oct 29 20:15:52 2002: Received: {'receiver': 'jihie_at_isi_edu_email_jihie_at_isi_edu', 'performative': 'kqml-admin', 'sender': 'TEAMCORE', 'kqml-msg-id': '405+vibhagam.isi.edu+29', 'reply-with': 't', 'content': 'name'}
Mon Nov 04 10:16:32 2002: Received: {'receiver': 'jihie_at_isi_edu_email_jihie_at_isi_edu', 'performative': 'kqml-admin', 'sender': 'TEAMCORE', 'kqml-msg-id': '15317+vibhagam.isi.edu+34', 'reply-with': 't', 'content': 'name'}
Thu Nov 07 12:51:01 2002: Using ANS: ('vibhagam.isi.edu', 5500)
Thu Nov 07 12:51:01 2002: Bound to host/port: sangat.isi.edu:6674
Thu Nov 07 12:51:01 2002: Sending message: (register :ontology tcp-ip :sender jihie_at_isi_edu_email_jihie_at_isi_edu :reply-with t :content "jihie_at_isi_edu_email_jihie_at_isi_edu sangat.isi.edu:6674")
Thu Nov 07 12:51:01 2002: Received: {'receiver': 'jihie_at_isi_edu_email_jihie_at_isi_edu', 'performative': 'error', 'sender': 'TEAMCORE', 'in-reply-to': 't', 'content': 'handler encountered error'}
Thu Nov 07 12:51:01 2002: Registration produced: {'receiver': 'jihie_at_isi_edu_email_jihie_at_isi_edu', 'performative': 'error', 'sender': 'TEAMCORE', 'in-reply-to': 't', 'content': 'handler encountered error'}
Thu Nov 07 12:51:01 2002: Sending message: (unregister :sender jihie_at_isi_edu_email_jihie_at_isi_edu :ontology tcp-ip :reply-with nil :content jihie_at_isi_edu_email_jihie_at_isi_edu)
Thu Nov 07 12:51:01 2002: Sending message: (register :sender jihie_at_isi_edu_email_jihie_at_isi_edu :ontology tcp-ip :reply-with t :content (jihie_at_isi_edu_email_jihie_at_isi_edu sangat.isi.edu:6674))
Thu Nov 07 12:51:01 2002: Received: {'receiver': 'jihie_at_isi_edu_email_jihie_at_isi_edu', 'performative': 'reply', 'sender': 'TEAMCORE', 'in-reply-to': 't', 'content': 'jihie_at_isi_edu_email_jihie_at_isi_edu TEAMCORE'}
Thu Nov 07 12:51:01 2002: Registration produced: {'receiver': 'jihie_at_isi_edu_email_jihie_at_isi_edu', 'performative': 'reply', 'sender': 'TEAMCORE', 'in-reply-to': 't', 'content': 'jihie_at_isi_edu_email_jihie_at_isi_edu TEAMCORE'}jihie_at_isi_edu_email_jihie_at_isi_edu, TEAMCORE
Thu Nov 07 12:51:01 2002: Registration successful: jihie_at_isi_edu_email_jihie_at_isi_edu
Thu Nov 07 12:51:01 2002: Router for jihie_at_isi_edu_email_jihie_at_isi_edu running...
Thu Nov 07 12:51:01 2002: Sending message: (ask-one :sender jihie_at_isi_edu_email_jihie_at_isi_edu :reply-with t :content "proxy_jihie_at_isi_edu")
Thu Nov 07 12:51:01 2002: Received: {'receiver': 'jihie_at_isi_edu_email_jihie_at_isi_edu', 'performative': 'sorry', 'sender': 'TEAMCORE', 'in-reply-to': 't'}
Thu Nov 07 12:51:01 2002: No registered agent: proxy_jihie_at_isi_edu
Thu Nov 07 12:51:03 2002: Received: {'receiver': 'jihie_at_isi_edu_email_jihie_at_isi_edu', 'performative': 'ask', 'sender': 'ping_jihie_at_isi_edu_email_jihie_at_isi_edu', 'reply-with': 'jihie_at_isi_edu', 'content': 'hello'}
Thu Nov 07 12:51:03 2002: Processing message: {'receiver': 'jihie_at_isi_edu_email_jihie_at_isi_edu', 'performative': 'ask', 'sender': 'ping_jihie_at_isi_edu_email_jihie_at_isi_edu', 'reply-with': 'jihie_at_isi_edu', 'content': 'hello'}
Thu Nov 07 12:51:03 2002: Replying: (sorry :reply-with nil :in-reply-to jihie_at_isi_edu :receiver ping_jihie_at_isi_edu_email_jihie_at_isi_edu :sender jihie_at_isi_edu_email_jihie_at_isi_edu :comment "Unintelligible query")
Thu Nov 07 13:07:35 2002: Received: {'receiver': 'jihie_at_isi_edu_email_jihie_at_isi_edu', 'performative': 'tell', 'sender': 'stop_jihie_at_isi_edu_email_jihie_at_isi_edu', 'reply-with': 'nil', 'content': 'stop'}
Thu Nov 07 13:07:35 2002: Processing message: {'receiver': 'jihie_at_isi_edu_email_jihie_at_isi_edu', 'performative': 'tell', 'sender': 'stop_jihie_at_isi_edu_email_jihie_at_isi_edu', 'reply-with': 'nil', 'content': 'stop'}
Thu Nov 07 13:07:36 2002: Sending message: (ask-one :sender jihie_at_isi_edu_email_jihie_at_isi_edu :reply-with t :content "proxy_jihie_at_isi_edu")
Thu Nov 07 13:07:36 2002: Received: {'receiver': 'jihie_at_isi_edu_email_jihie_at_isi_edu', 'performative': 'reply', 'sender': 'TEAMCORE', 'in-reply-to': 't', 'content': 'proxy_jihie_at_isi_edu:sangat.isi.edu:9992:'}
Thu Nov 07 13:07:36 2002: Sending message: (unregister :receiver proxy_jihie_at_isi_edu :name email_jihie_at_isi_edu :sender jihie_at_isi_edu_email_jihie_at_isi_edu :reply-with nil :user jihie_at_isi_edu)
Thu Nov 07 13:07:36 2002: Router jihie_at_isi_edu_email_jihie_at_isi_edu exiting...
Thu Nov 07 13:07:36 2002: Sending message: (unregister :receiver TEAMCORE :sender jihie_at_isi_edu_email_jihie_at_isi_edu :ontology tcp-ip :reply-with nil :content jihie_at_isi_edu_email_jihie_at_isi_edu)
Thu Nov 07 13:07:36 2002: Exiting...
Thu Nov 07 13:07:38 2002: Using ANS: ('vibhagam.isi.edu', 5500)
Thu Nov 07 13:07:38 2002: Bound to host/port: sangat.isi.edu:6695
Thu Nov 07 13:07:38 2002: Sending message: (register :ontology tcp-ip :sender jihie_at_isi_edu_email_jihie_at_isi_edu :reply-with t :content "jihie_at_isi_edu_email_jihie_at_isi_edu sangat.isi.edu:6695")
Thu Nov 07 13:07:38 2002: Received: {'receiver': 'jihie_at_isi_edu_email_jihie_at_isi_edu', 'performative': 'error', 'sender': 'TEAMCORE', 'in-reply-to': 't', 'content': 'handler encountered error'}
Thu Nov 07 13:07:38 2002: Registration produced: {'receiver': 'jihie_at_isi_edu_email_jihie_at_isi_edu', 'performative': 'error', 'sender': 'TEAMCORE', 'in-reply-to': 't', 'content': 'handler encountered error'}
Thu Nov 07 13:07:38 2002: Sending message: (unregister :sender jihie_at_isi_edu_email_jihie_at_isi_edu :ontology tcp-ip :reply-with nil :content jihie_at_isi_edu_email_jihie_at_isi_edu)
Thu Nov 07 13:07:38 2002: Sending message: (register :sender jihie_at_isi_edu_email_jihie_at_isi_edu :ontology tcp-ip :reply-with t :content (jihie_at_isi_edu_email_jihie_at_isi_edu sangat.isi.edu:6695))
Thu Nov 07 13:07:38 2002: Received: {'receiver': 'jihie_at_isi_edu_email_jihie_at_isi_edu', 'performative': 'reply', 'sender': 'TEAMCORE', 'in-reply-to': 't', 'content': 'jihie_at_isi_edu_email_jihie_at_isi_edu TEAMCORE'}
Thu Nov 07 13:07:38 2002: Registration produced: {'receiver': 'jihie_at_isi_edu_email_jihie_at_isi_edu', 'performative': 'reply', 'sender': 'TEAMCORE', 'in-reply-to': 't', 'content': 'jihie_at_isi_edu_email_jihie_at_isi_edu TEAMCORE'}jihie_at_isi_edu_email_jihie_at_isi_edu, TEAMCORE
Thu Nov 07 13:07:38 2002: Registration successful: jihie_at_isi_edu_email_jihie_at_isi_edu
Thu Nov 07 13:07:38 2002: Router for jihie_at_isi_edu_email_jihie_at_isi_edu running...
Thu Nov 07 13:07:38 2002: Sending message: (ask-one :sender jihie_at_isi_edu_email_jihie_at_isi_edu :reply-with t :content "proxy_jihie_at_isi_edu")
Thu Nov 07 13:07:38 2002: Received: {'receiver': 'jihie_at_isi_edu_email_jihie_at_isi_edu', 'performative': 'reply', 'sender': 'TEAMCORE', 'in-reply-to': 't', 'content': 'proxy_jihie_at_isi_edu:sangat.isi.edu:9992:'}
Thu Nov 07 13:07:38 2002: Sending message: (register :name email_jihie_at_isi_edu :reply-with nil :agenttype device :receiver proxy_jihie_at_isi_edu :user jihie_at_isi_edu :sender jihie_at_isi_edu_email_jihie_at_isi_edu :direction (to user))
Thu Nov 07 13:07:40 2002: Received: {'receiver': 'jihie_at_isi_edu_email_jihie_at_isi_edu', 'performative': 'ask', 'sender': 'ping_jihie_at_isi_edu_email_jihie_at_isi_edu', 'reply-with': 'jihie_at_isi_edu', 'content': 'hello'}
Thu Nov 07 13:07:40 2002: Processing message: {'receiver': 'jihie_at_isi_edu_email_jihie_at_isi_edu', 'performative': 'ask', 'sender': 'ping_jihie_at_isi_edu_email_jihie_at_isi_edu', 'reply-with': 'jihie_at_isi_edu', 'content': 'hello'}
Thu Nov 07 13:07:40 2002: Replying: (sorry :reply-with nil :in-reply-to jihie_at_isi_edu :receiver ping_jihie_at_isi_edu_email_jihie_at_isi_edu :sender jihie_at_isi_edu_email_jihie_at_isi_edu :comment "Unintelligible query")
Tue Jan 07 16:40:44 2003: Using ANS: ('vibhagam', 5500)
Tue Jan 07 16:40:44 2003: Bound to host/port: sangat.isi.edu:6674
Tue Jan 07 16:40:44 2003: Sending message: (register :ontology tcp-ip :sender jihie_at_isi_edu_email_jihie_at_isi_edu :reply-with t :content "jihie_at_isi_edu_email_jihie_at_isi_edu sangat.isi.edu:6674")
Tue Jan 07 16:40:44 2003: Received: {'receiver': 'jihie_at_isi_edu_email_jihie_at_isi_edu', 'performative': 'error', 'sender': 'TEAMCORE', 'in-reply-to': 't', 'content': 'handler encountered error'}
Tue Jan 07 16:40:44 2003: Registration produced: {'receiver': 'jihie_at_isi_edu_email_jihie_at_isi_edu', 'performative': 'error', 'sender': 'TEAMCORE', 'in-reply-to': 't', 'content': 'handler encountered error'}
Tue Jan 07 16:40:44 2003: Sending message: (unregister :sender jihie_at_isi_edu_email_jihie_at_isi_edu :ontology tcp-ip :reply-with nil :content jihie_at_isi_edu_email_jihie_at_isi_edu)
Tue Jan 07 16:40:44 2003: Sending message: (register :sender jihie_at_isi_edu_email_jihie_at_isi_edu :ontology tcp-ip :reply-with t :content (jihie_at_isi_edu_email_jihie_at_isi_edu sangat.isi.edu:6674))
Tue Jan 07 16:40:44 2003: Received: {'receiver': 'jihie_at_isi_edu_email_jihie_at_isi_edu', 'performative': 'reply', 'sender': 'TEAMCORE', 'in-reply-to': 't', 'content': 'jihie_at_isi_edu_email_jihie_at_isi_edu TEAMCORE'}
Tue Jan 07 16:40:44 2003: Registration produced: {'receiver': 'jihie_at_isi_edu_email_jihie_at_isi_edu', 'performative': 'reply', 'sender': 'TEAMCORE', 'in-reply-to': 't', 'content': 'jihie_at_isi_edu_email_jihie_at_isi_edu TEAMCORE'}jihie_at_isi_edu_email_jihie_at_isi_edu, TEAMCORE
Tue Jan 07 16:40:44 2003: Registration successful: jihie_at_isi_edu_email_jihie_at_isi_edu
Tue Jan 07 16:40:44 2003: Router for jihie_at_isi_edu_email_jihie_at_isi_edu running...
Tue Jan 07 16:40:44 2003: Sending message: (ask-one :sender jihie_at_isi_edu_email_jihie_at_isi_edu :reply-with t :content "proxy_jihie_at_isi_edu")
Tue Jan 07 16:40:44 2003: Received: {'receiver': 'jihie_at_isi_edu_email_jihie_at_isi_edu', 'performative': 'reply', 'sender': 'TEAMCORE', 'in-reply-to': 't', 'content': 'proxy_jihie_at_isi_edu:sangat.isi.edu:9992:'}
Tue Jan 07 16:40:44 2003: Sending message: (register :name email_jihie_at_isi_edu :reply-with nil :agenttype device :receiver proxy_jihie_at_isi_edu :user jihie_at_isi_edu :sender jihie_at_isi_edu_email_jihie_at_isi_edu :direction (to user))
Tue Jan 07 16:40:45 2003: Received: {'receiver': 'jihie_at_isi_edu_email_jihie_at_isi_edu', 'performative': 'ask', 'sender': 'ping_jihie_at_isi_edu_email_jihie_at_isi_edu', 'reply-with': 'jihie_at_isi_edu', 'content': 'hello'}
Tue Jan 07 16:40:45 2003: Processing message: {'receiver': 'jihie_at_isi_edu_email_jihie_at_isi_edu', 'performative': 'ask', 'sender': 'ping_jihie_at_isi_edu_email_jihie_at_isi_edu', 'reply-with': 'jihie_at_isi_edu', 'content': 'hello'}
Tue Jan 07 16:40:45 2003: Replying: (sorry :reply-with nil :in-reply-to jihie_at_isi_edu :receiver ping_jihie_at_isi_edu_email_jihie_at_isi_edu :sender jihie_at_isi_edu_email_jihie_at_isi_edu :comment "Unintelligible query")
Mon Jan 13 16:24:44 2003: Using ANS: ('vibhagam', 5500)
Mon Jan 13 16:24:44 2003: Bound to host/port: sangat.isi.edu:6675
Mon Jan 13 16:24:44 2003: Sending message: (register :ontology tcp-ip :sender jihie_at_isi_edu_email_jihie_at_isi_edu :reply-with t :content "jihie_at_isi_edu_email_jihie_at_isi_edu sangat.isi.edu:6675")
Mon Jan 13 16:24:44 2003: Received: {'receiver': 'jihie_at_isi_edu_email_jihie_at_isi_edu', 'performative': 'error', 'sender': 'TEAMCORE', 'in-reply-to': 't', 'content': 'handler encountered error'}
Mon Jan 13 16:24:44 2003: Registration produced: {'receiver': 'jihie_at_isi_edu_email_jihie_at_isi_edu', 'performative': 'error', 'sender': 'TEAMCORE', 'in-reply-to': 't', 'content': 'handler encountered error'}
Mon Jan 13 16:24:44 2003: Sending message: (unregister :sender jihie_at_isi_edu_email_jihie_at_isi_edu :ontology tcp-ip :reply-with nil :content jihie_at_isi_edu_email_jihie_at_isi_edu)
Mon Jan 13 16:24:44 2003: Sending message: (register :sender jihie_at_isi_edu_email_jihie_at_isi_edu :ontology tcp-ip :reply-with t :content (jihie_at_isi_edu_email_jihie_at_isi_edu sangat.isi.edu:6675))
Mon Jan 13 16:24:44 2003: Received: {'receiver': 'jihie_at_isi_edu_email_jihie_at_isi_edu', 'performative': 'reply', 'sender': 'TEAMCORE', 'in-reply-to': 't', 'content': 'jihie_at_isi_edu_email_jihie_at_isi_edu TEAMCORE'}
Mon Jan 13 16:24:44 2003: Registration produced: {'receiver': 'jihie_at_isi_edu_email_jihie_at_isi_edu', 'performative': 'reply', 'sender': 'TEAMCORE', 'in-reply-to': 't', 'content': 'jihie_at_isi_edu_email_jihie_at_isi_edu TEAMCORE'}jihie_at_isi_edu_email_jihie_at_isi_edu, TEAMCORE
Mon Jan 13 16:24:44 2003: Registration successful: jihie_at_isi_edu_email_jihie_at_isi_edu
Mon Jan 13 16:24:44 2003: Router for jihie_at_isi_edu_email_jihie_at_isi_edu running...
Mon Jan 13 16:24:44 2003: Sending message: (ask-one :sender jihie_at_isi_edu_email_jihie_at_isi_edu :reply-with t :content "proxy_jihie_at_isi_edu")
Mon Jan 13 16:24:44 2003: Received: {'receiver': 'jihie_at_isi_edu_email_jihie_at_isi_edu', 'performative': 'reply', 'sender': 'TEAMCORE', 'in-reply-to': 't', 'content': 'proxy_jihie_at_isi_edu:sangat.isi.edu:9993:'}
Mon Jan 13 16:24:44 2003: Sending message: (register :name email_jihie_at_isi_edu :reply-with nil :agenttype device :receiver proxy_jihie_at_isi_edu :user jihie_at_isi_edu :sender jihie_at_isi_edu_email_jihie_at_isi_edu :direction (to user))
Mon Jan 13 16:24:45 2003: Received: {'receiver': 'jihie_at_isi_edu_email_jihie_at_isi_edu', 'performative': 'ask', 'sender': 'ping_jihie_at_isi_edu_email_jihie_at_isi_edu', 'reply-with': 'jihie_at_isi_edu', 'content': 'hello'}
Mon Jan 13 16:24:45 2003: Processing message: {'receiver': 'jihie_at_isi_edu_email_jihie_at_isi_edu', 'performative': 'ask', 'sender': 'ping_jihie_at_isi_edu_email_jihie_at_isi_edu', 'reply-with': 'jihie_at_isi_edu', 'content': 'hello'}
Mon Jan 13 16:24:45 2003: Replying: (sorry :reply-with nil :in-reply-to jihie_at_isi_edu :receiver ping_jihie_at_isi_edu_email_jihie_at_isi_edu :sender jihie_at_isi_edu_email_jihie_at_isi_edu :comment "Unintelligible query")
Thu Jan 16 10:59:11 2003: Received: {'receiver': 'jihie_at_isi_edu_email_jihie_at_isi_edu', 'performative': 'kqml-admin', 'sender': 'TEAMCORE', 'kqml-msg-id': '1786+vibhagam.isi.edu+30', 'reply-with': 't', 'content': 'name'}
Thu Jan 16 11:54:08 2003: Received: {'receiver': 'jihie_at_isi_edu_email_jihie_at_isi_edu', 'performative': 'ask', 'sender': 'ping_jihie_at_isi_edu_email_jihie_at_isi_edu', 'reply-with': 'jihie_at_isi_edu', 'content': 'hello'}
Thu Jan 16 11:54:08 2003: Processing message: {'receiver': 'jihie_at_isi_edu_email_jihie_at_isi_edu', 'performative': 'ask', 'sender': 'ping_jihie_at_isi_edu_email_jihie_at_isi_edu', 'reply-with': 'jihie_at_isi_edu', 'content': 'hello'}
Thu Jan 16 11:54:08 2003: Replying: (sorry :reply-with nil :in-reply-to jihie_at_isi_edu :receiver ping_jihie_at_isi_edu_email_jihie_at_isi_edu :sender jihie_at_isi_edu_email_jihie_at_isi_edu :comment "Unintelligible query")
Tue Mar 04 15:42:40 2003: Received: {'receiver': 'jihie_at_isi_edu_email_jihie_at_isi_edu', 'performative': 'ask', 'sender': 'ping_jihie_at_isi_edu_email_jihie_at_isi_edu', 'reply-with': 'jihie_at_isi_edu', 'content': 'hello'}
Tue Mar 04 15:42:40 2003: Processing message: {'receiver': 'jihie_at_isi_edu_email_jihie_at_isi_edu', 'performative': 'ask', 'sender': 'ping_jihie_at_isi_edu_email_jihie_at_isi_edu', 'reply-with': 'jihie_at_isi_edu', 'content': 'hello'}
Tue Mar 04 15:42:40 2003: Replying: (sorry :reply-with nil :in-reply-to jihie_at_isi_edu :receiver ping_jihie_at_isi_edu_email_jihie_at_isi_edu :sender jihie_at_isi_edu_email_jihie_at_isi_edu :comment "Unintelligible query")
Tue Mar 04 15:46:19 2003: Received: {'receiver': 'jihie_at_isi_edu_email_jihie_at_isi_edu', 'performative': 'ask', 'sender': 'ping_jihie_at_isi_edu_email_jihie_at_isi_edu', 'reply-with': 'jihie_at_isi_edu', 'content': 'hello'}
Tue Mar 04 15:46:19 2003: Processing message: {'receiver': 'jihie_at_isi_edu_email_jihie_at_isi_edu', 'performative': 'ask', 'sender': 'ping_jihie_at_isi_edu_email_jihie_at_isi_edu', 'reply-with': 'jihie_at_isi_edu', 'content': 'hello'}
Tue Mar 04 15:46:19 2003: Replying: (sorry :reply-with nil :in-reply-to jihie_at_isi_edu :receiver ping_jihie_at_isi_edu_email_jihie_at_isi_edu :sender jihie_at_isi_edu_email_jihie_at_isi_edu :comment "Unintelligible query")
Tue Mar 04 16:00:57 2003: Using ANS: ('vibhagam.isi.edu', 5500)
Tue Mar 04 16:00:57 2003: Bound to host/port: sangat.isi.edu:6674
Tue Mar 04 16:00:57 2003: Sending message: (register :ontology tcp-ip :sender jihie_at_isi_edu_email_jihie_at_isi_edu :reply-with t :content "jihie_at_isi_edu_email_jihie_at_isi_edu sangat.isi.edu:6674")
Tue Mar 04 16:00:57 2003: Received: {'receiver': 'jihie_at_isi_edu_email_jihie_at_isi_edu', 'performative': 'error', 'sender': 'TEAMCORE', 'in-reply-to': 't', 'content': 'handler encountered error'}
Tue Mar 04 16:00:57 2003: Registration produced: {'receiver': 'jihie_at_isi_edu_email_jihie_at_isi_edu', 'performative': 'error', 'sender': 'TEAMCORE', 'in-reply-to': 't', 'content': 'handler encountered error'}
Tue Mar 04 16:00:57 2003: Sending message: (unregister :sender jihie_at_isi_edu_email_jihie_at_isi_edu :ontology tcp-ip :reply-with nil :content jihie_at_isi_edu_email_jihie_at_isi_edu)
Tue Mar 04 16:00:57 2003: Sending message: (register :sender jihie_at_isi_edu_email_jihie_at_isi_edu :ontology tcp-ip :reply-with t :content (jihie_at_isi_edu_email_jihie_at_isi_edu sangat.isi.edu:6674))
Tue Mar 04 16:00:57 2003: Received: {'receiver': 'jihie_at_isi_edu_email_jihie_at_isi_edu', 'performative': 'reply', 'sender': 'TEAMCORE', 'in-reply-to': 't', 'content': 'jihie_at_isi_edu_email_jihie_at_isi_edu TEAMCORE'}
Tue Mar 04 16:00:57 2003: Registration produced: {'receiver': 'jihie_at_isi_edu_email_jihie_at_isi_edu', 'performative': 'reply', 'sender': 'TEAMCORE', 'in-reply-to': 't', 'content': 'jihie_at_isi_edu_email_jihie_at_isi_edu TEAMCORE'}jihie_at_isi_edu_email_jihie_at_isi_edu, TEAMCORE
Tue Mar 04 16:00:57 2003: Registration successful: jihie_at_isi_edu_email_jihie_at_isi_edu
Tue Mar 04 16:00:57 2003: Router for jihie_at_isi_edu_email_jihie_at_isi_edu running...
Tue Mar 04 16:00:57 2003: Sending message: (ask-one :sender jihie_at_isi_edu_email_jihie_at_isi_edu :reply-with t :content "proxy_jihie_at_isi_edu")
Tue Mar 04 16:00:57 2003: Received: {'receiver': 'jihie_at_isi_edu_email_jihie_at_isi_edu', 'performative': 'reply', 'sender': 'TEAMCORE', 'in-reply-to': 't', 'content': 'proxy_jihie_at_isi_edu:sangat.isi.edu:9993:'}
Tue Mar 04 16:00:57 2003: Sending message: (register :name email_jihie_at_isi_edu :reply-with nil :agenttype device :receiver proxy_jihie_at_isi_edu :user jihie_at_isi_edu :sender jihie_at_isi_edu_email_jihie_at_isi_edu :direction (to user))
Tue Mar 04 16:00:58 2003: Received: {'receiver': 'jihie_at_isi_edu_email_jihie_at_isi_edu', 'performative': 'ask', 'sender': 'ping_jihie_at_isi_edu_email_jihie_at_isi_edu', 'reply-with': 'jihie_at_isi_edu', 'content': 'hello'}
Tue Mar 04 16:00:58 2003: Processing message: {'receiver': 'jihie_at_isi_edu_email_jihie_at_isi_edu', 'performative': 'ask', 'sender': 'ping_jihie_at_isi_edu_email_jihie_at_isi_edu', 'reply-with': 'jihie_at_isi_edu', 'content': 'hello'}
Tue Mar 04 16:00:58 2003: Replying: (sorry :reply-with nil :in-reply-to jihie_at_isi_edu :receiver ping_jihie_at_isi_edu_email_jihie_at_isi_edu :sender jihie_at_isi_edu_email_jihie_at_isi_edu :comment "Unintelligible query")
Tue Mar 04 16:11:20 2003: Received: {'receiver': 'jihie_at_isi_edu_email_jihie_at_isi_edu', 'performative': 'tell', 'sender': 'stop_jihie_at_isi_edu_email_jihie_at_isi_edu', 'reply-with': 'nil', 'content': 'stop'}
Tue Mar 04 16:11:20 2003: Processing message: {'receiver': 'jihie_at_isi_edu_email_jihie_at_isi_edu', 'performative': 'tell', 'sender': 'stop_jihie_at_isi_edu_email_jihie_at_isi_edu', 'reply-with': 'nil', 'content': 'stop'}
Tue Mar 04 16:11:21 2003: Sending message: (unregister :receiver proxy_jihie_at_isi_edu :name email_jihie_at_isi_edu :sender jihie_at_isi_edu_email_jihie_at_isi_edu :reply-with nil :user jihie_at_isi_edu)
Tue Mar 04 16:11:21 2003: Router jihie_at_isi_edu_email_jihie_at_isi_edu exiting...
Tue Mar 04 16:11:21 2003: Sending message: (unregister :receiver TEAMCORE :sender jihie_at_isi_edu_email_jihie_at_isi_edu :ontology tcp-ip :reply-with nil :content jihie_at_isi_edu_email_jihie_at_isi_edu)
Tue Mar 04 16:11:21 2003: Exiting...
Tue Mar 04 16:11:23 2003: Using ANS: ('vibhagam.isi.edu', 5500)
Tue Mar 04 16:11:23 2003: Bound to host/port: sangat.isi.edu:6673
Tue Mar 04 16:11:23 2003: Sending message: (register :ontology tcp-ip :sender jihie_at_isi_edu_email_jihie_at_isi_edu :reply-with t :content "jihie_at_isi_edu_email_jihie_at_isi_edu sangat.isi.edu:6673")
Tue Mar 04 16:11:23 2003: Received: {'receiver': 'jihie_at_isi_edu_email_jihie_at_isi_edu', 'performative': 'error', 'sender': 'TEAMCORE', 'in-reply-to': 't', 'content': 'handler encountered error'}
Tue Mar 04 16:11:23 2003: Registration produced: {'receiver': 'jihie_at_isi_edu_email_jihie_at_isi_edu', 'performative': 'error', 'sender': 'TEAMCORE', 'in-reply-to': 't', 'content': 'handler encountered error'}
Tue Mar 04 16:11:23 2003: Sending message: (unregister :sender jihie_at_isi_edu_email_jihie_at_isi_edu :ontology tcp-ip :reply-with nil :content jihie_at_isi_edu_email_jihie_at_isi_edu)
Tue Mar 04 16:11:23 2003: Sending message: (register :sender jihie_at_isi_edu_email_jihie_at_isi_edu :ontology tcp-ip :reply-with t :content (jihie_at_isi_edu_email_jihie_at_isi_edu sangat.isi.edu:6673))
Tue Mar 04 16:11:23 2003: Received: {'receiver': 'jihie_at_isi_edu_email_jihie_at_isi_edu', 'performative': 'reply', 'sender': 'TEAMCORE', 'in-reply-to': 't', 'content': 'jihie_at_isi_edu_email_jihie_at_isi_edu TEAMCORE'}
Tue Mar 04 16:11:23 2003: Registration produced: {'receiver': 'jihie_at_isi_edu_email_jihie_at_isi_edu', 'performative': 'reply', 'sender': 'TEAMCORE', 'in-reply-to': 't', 'content': 'jihie_at_isi_edu_email_jihie_at_isi_edu TEAMCORE'}jihie_at_isi_edu_email_jihie_at_isi_edu, TEAMCORE
Tue Mar 04 16:11:23 2003: Registration successful: jihie_at_isi_edu_email_jihie_at_isi_edu
Tue Mar 04 16:11:23 2003: Router for jihie_at_isi_edu_email_jihie_at_isi_edu running...
Tue Mar 04 16:11:23 2003: Sending message: (ask-one :sender jihie_at_isi_edu_email_jihie_at_isi_edu :reply-with t :content "proxy_jihie_at_isi_edu")
Tue Mar 04 16:11:23 2003: Received: {'receiver': 'jihie_at_isi_edu_email_jihie_at_isi_edu', 'performative': 'reply', 'sender': 'TEAMCORE', 'in-reply-to': 't', 'content': 'proxy_jihie_at_isi_edu:sangat.isi.edu:9993:'}
Tue Mar 04 16:11:23 2003: Sending message: (register :name email_jihie_at_isi_edu :reply-with nil :agenttype device :receiver proxy_jihie_at_isi_edu :user jihie_at_isi_edu :sender jihie_at_isi_edu_email_jihie_at_isi_edu :direction (to user))
Tue Mar 04 16:11:25 2003: Received: {'receiver': 'jihie_at_isi_edu_email_jihie_at_isi_edu', 'performative': 'ask', 'sender': 'ping_jihie_at_isi_edu_email_jihie_at_isi_edu', 'reply-with': 'jihie_at_isi_edu', 'content': 'hello'}
Tue Mar 04 16:11:25 2003: Processing message: {'receiver': 'jihie_at_isi_edu_email_jihie_at_isi_edu', 'performative': 'ask', 'sender': 'ping_jihie_at_isi_edu_email_jihie_at_isi_edu', 'reply-with': 'jihie_at_isi_edu', 'content': 'hello'}
Tue Mar 04 16:11:25 2003: Replying: (sorry :reply-with nil :in-reply-to jihie_at_isi_edu :receiver ping_jihie_at_isi_edu_email_jihie_at_isi_edu :sender jihie_at_isi_edu_email_jihie_at_isi_edu :comment "Unintelligible query")
Mon Apr 21 17:00:51 2003: Received: {'receiver': 'jihie_at_isi_edu_email_jihie_at_isi_edu', 'performative': 'kqml-admin', 'sender': 'TEAMCORE', 'kqml-msg-id': '880+vibhagam.isi.edu+33', 'reply-with': 't', 'content': 'name'}
Mon Apr 21 17:00:51 2003: Received: {'receiver': 'jihie_at_isi_edu_email_jihie_at_isi_edu', 'performative': 'error', 'sender': 'TEAMCORE', 'kqml-msg-id': '880+vibhagam.isi.edu+33', 'in-reply-to': 't', 'content': 'not ready for performative.'}
Mon Apr 21 17:11:03 2003: Using ANS: ('vibhagam.isi.edu', 5500)
Mon Apr 21 17:11:03 2003: Bound to host/port: sangat.isi.edu:6701
Mon Apr 21 17:11:03 2003: Sending message: (register :ontology tcp-ip :sender jihie_at_isi_edu_email_jihie_at_isi_edu :reply-with t :content "jihie_at_isi_edu_email_jihie_at_isi_edu sangat.isi.edu:6701")
Mon Apr 21 17:11:03 2003: Received: {'receiver': 'jihie_at_isi_edu_email_jihie_at_isi_edu', 'performative': 'error', 'sender': 'TEAMCORE', 'in-reply-to': 't', 'content': 'handler encountered error'}
Mon Apr 21 17:11:03 2003: Registration produced: {'receiver': 'jihie_at_isi_edu_email_jihie_at_isi_edu', 'performative': 'error', 'sender': 'TEAMCORE', 'in-reply-to': 't', 'content': 'handler encountered error'}
Mon Apr 21 17:11:03 2003: Sending message: (unregister :sender jihie_at_isi_edu_email_jihie_at_isi_edu :ontology tcp-ip :reply-with nil :content jihie_at_isi_edu_email_jihie_at_isi_edu)
Mon Apr 21 17:11:03 2003: Sending message: (register :sender jihie_at_isi_edu_email_jihie_at_isi_edu :ontology tcp-ip :reply-with t :content (jihie_at_isi_edu_email_jihie_at_isi_edu sangat.isi.edu:6701))
Mon Apr 21 17:11:03 2003: Received: {'receiver': 'jihie_at_isi_edu_email_jihie_at_isi_edu', 'performative': 'reply', 'sender': 'TEAMCORE', 'in-reply-to': 't', 'content': 'jihie_at_isi_edu_email_jihie_at_isi_edu TEAMCORE'}
Mon Apr 21 17:11:03 2003: Registration produced: {'receiver': 'jihie_at_isi_edu_email_jihie_at_isi_edu', 'performative': 'reply', 'sender': 'TEAMCORE', 'in-reply-to': 't', 'content': 'jihie_at_isi_edu_email_jihie_at_isi_edu TEAMCORE'}jihie_at_isi_edu_email_jihie_at_isi_edu, TEAMCORE
Mon Apr 21 17:11:03 2003: Registration successful: jihie_at_isi_edu_email_jihie_at_isi_edu
Mon Apr 21 17:11:03 2003: Router for jihie_at_isi_edu_email_jihie_at_isi_edu running...
Mon Apr 21 17:11:03 2003: Sending message: (ask-one :sender jihie_at_isi_edu_email_jihie_at_isi_edu :reply-with t :content "proxy_jihie_at_isi_edu")
Mon Apr 21 17:11:03 2003: Received: {'receiver': 'jihie_at_isi_edu_email_jihie_at_isi_edu', 'performative': 'reply', 'sender': 'TEAMCORE', 'in-reply-to': 't', 'content': 'proxy_jihie_at_isi_edu:sangat.isi.edu:9993:'}
Mon Apr 21 17:11:03 2003: Sending message: (register :name email_jihie_at_isi_edu :reply-with nil :agenttype device :receiver proxy_jihie_at_isi_edu :user jihie_at_isi_edu :sender jihie_at_isi_edu_email_jihie_at_isi_edu :direction (to user))
Mon Apr 21 17:11:05 2003: Received: {'receiver': 'jihie_at_isi_edu_email_jihie_at_isi_edu', 'performative': 'ask', 'sender': 'ping_jihie_at_isi_edu_email_jihie_at_isi_edu', 'reply-with': 'jihie_at_isi_edu', 'content': 'hello'}
Mon Apr 21 17:11:05 2003: Processing message: {'receiver': 'jihie_at_isi_edu_email_jihie_at_isi_edu', 'performative': 'ask', 'sender': 'ping_jihie_at_isi_edu_email_jihie_at_isi_edu', 'reply-with': 'jihie_at_isi_edu', 'content': 'hello'}
Mon Apr 21 17:11:05 2003: Replying: (sorry :reply-with nil :in-reply-to jihie_at_isi_edu :receiver ping_jihie_at_isi_edu_email_jihie_at_isi_edu :sender jihie_at_isi_edu_email_jihie_at_isi_edu :comment "Unintelligible query")
Mon Apr 21 17:51:42 2003: Using ANS: ('vibhagam', 5500)
Mon Apr 21 17:51:42 2003: Bound to host/port: sangat.isi.edu:6670
Mon Apr 21 17:51:42 2003: Sending message: (register :ontology tcp-ip :sender jihie_at_isi_edu_email_jihie_at_isi_edu :reply-with t :content "jihie_at_isi_edu_email_jihie_at_isi_edu sangat.isi.edu:6670")
Mon Apr 21 17:51:42 2003: Received: {'receiver': 'jihie_at_isi_edu_email_jihie_at_isi_edu', 'performative': 'error', 'sender': 'TEAMCORE', 'in-reply-to': 't', 'content': 'handler encountered error'}
Mon Apr 21 17:51:42 2003: Registration produced: {'receiver': 'jihie_at_isi_edu_email_jihie_at_isi_edu', 'performative': 'error', 'sender': 'TEAMCORE', 'in-reply-to': 't', 'content': 'handler encountered error'}
Mon Apr 21 17:51:42 2003: Sending message: (unregister :sender jihie_at_isi_edu_email_jihie_at_isi_edu :ontology tcp-ip :reply-with nil :content jihie_at_isi_edu_email_jihie_at_isi_edu)
Mon Apr 21 17:51:42 2003: Sending message: (register :sender jihie_at_isi_edu_email_jihie_at_isi_edu :ontology tcp-ip :reply-with t :content (jihie_at_isi_edu_email_jihie_at_isi_edu sangat.isi.edu:6670))
Mon Apr 21 17:51:42 2003: Received: {'receiver': 'jihie_at_isi_edu_email_jihie_at_isi_edu', 'performative': 'reply', 'sender': 'TEAMCORE', 'in-reply-to': 't', 'content': 'jihie_at_isi_edu_email_jihie_at_isi_edu TEAMCORE'}
Mon Apr 21 17:51:42 2003: Registration produced: {'receiver': 'jihie_at_isi_edu_email_jihie_at_isi_edu', 'performative': 'reply', 'sender': 'TEAMCORE', 'in-reply-to': 't', 'content': 'jihie_at_isi_edu_email_jihie_at_isi_edu TEAMCORE'}jihie_at_isi_edu_email_jihie_at_isi_edu, TEAMCORE
Mon Apr 21 17:51:42 2003: Registration successful: jihie_at_isi_edu_email_jihie_at_isi_edu
Mon Apr 21 17:51:42 2003: Router for jihie_at_isi_edu_email_jihie_at_isi_edu running...
Mon Apr 21 17:51:42 2003: Sending message: (ask-one :sender jihie_at_isi_edu_email_jihie_at_isi_edu :reply-with t :content "proxy_jihie_at_isi_edu")
Mon Apr 21 17:51:42 2003: Received: {'receiver': 'jihie_at_isi_edu_email_jihie_at_isi_edu', 'performative': 'reply', 'sender': 'TEAMCORE', 'in-reply-to': 't', 'content': 'proxy_jihie_at_isi_edu:sangat.isi.edu:9991:'}
Mon Apr 21 17:51:42 2003: Sending message: (register :name email_jihie_at_isi_edu :reply-with nil :agenttype device :receiver proxy_jihie_at_isi_edu :user jihie_at_isi_edu :sender jihie_at_isi_edu_email_jihie_at_isi_edu :direction (to user))
Mon Apr 21 17:51:43 2003: Received: {'receiver': 'jihie_at_isi_edu_email_jihie_at_isi_edu', 'performative': 'ask', 'sender': 'ping_jihie_at_isi_edu_email_jihie_at_isi_edu', 'reply-with': 'jihie_at_isi_edu', 'content': 'hello'}
Mon Apr 21 17:51:43 2003: Processing message: {'receiver': 'jihie_at_isi_edu_email_jihie_at_isi_edu', 'performative': 'ask', 'sender': 'ping_jihie_at_isi_edu_email_jihie_at_isi_edu', 'reply-with': 'jihie_at_isi_edu', 'content': 'hello'}
Mon Apr 21 17:51:43 2003: Replying: (sorry :reply-with nil :in-reply-to jihie_at_isi_edu :receiver ping_jihie_at_isi_edu_email_jihie_at_isi_edu :sender jihie_at_isi_edu_email_jihie_at_isi_edu :comment "Unintelligible query")
Mon Apr 21 17:55:21 2003: Received: {'receiver': 'jihie_at_isi_edu_email_jihie_at_isi_edu', 'performative': 'ask', 'sender': 'ping_jihie_at_isi_edu_email_jihie_at_isi_edu', 'reply-with': 'jihie_at_isi_edu', 'content': 'hello'}
Mon Apr 21 17:55:21 2003: Processing message: {'receiver': 'jihie_at_isi_edu_email_jihie_at_isi_edu', 'performative': 'ask', 'sender': 'ping_jihie_at_isi_edu_email_jihie_at_isi_edu', 'reply-with': 'jihie_at_isi_edu', 'content': 'hello'}
Mon Apr 21 17:55:21 2003: Replying: (sorry :reply-with nil :in-reply-to jihie_at_isi_edu :receiver ping_jihie_at_isi_edu_email_jihie_at_isi_edu :sender jihie_at_isi_edu_email_jihie_at_isi_edu :comment "Unintelligible query")
Fri Aug 15 11:56:43 2003: Received: {'receiver': 'jihie_at_isi_edu_email_jihie_at_isi_edu', 'performative': 'kqml-admin', 'sender': 'TEAMCORE', 'kqml-msg-id': '23912+vibhagam.isi.edu+28', 'reply-with': 't', 'content': 'name'}
