Mon Oct 21 10:24:45 2002: Using ANS: ('vibhagam.isi.edu', 5500)
Mon Oct 21 10:24:45 2002: Bound to host/port: sangat.isi.edu:6681
Mon Oct 21 10:24:45 2002: Sending message: (register :ontology tcp-ip :sender muslea_at_isi_edu_email_muslea_at_isi_edu :reply-with t :content "muslea_at_isi_edu_email_muslea_at_isi_edu sangat.isi.edu:6681")
Mon Oct 21 10:24:45 2002: Received: {'receiver': 'muslea_at_isi_edu_email_muslea_at_isi_edu', 'performative': 'error', 'sender': 'TEAMCORE', 'in-reply-to': 't', 'content': 'handler encountered error'}
Mon Oct 21 10:24:45 2002: Registration produced: {'receiver': 'muslea_at_isi_edu_email_muslea_at_isi_edu', 'performative': 'error', 'sender': 'TEAMCORE', 'in-reply-to': 't', 'content': 'handler encountered error'}
Mon Oct 21 10:24:45 2002: Sending message: (unregister :sender muslea_at_isi_edu_email_muslea_at_isi_edu :ontology tcp-ip :reply-with nil :content muslea_at_isi_edu_email_muslea_at_isi_edu)
Mon Oct 21 10:24:45 2002: Sending message: (register :sender muslea_at_isi_edu_email_muslea_at_isi_edu :ontology tcp-ip :reply-with t :content (muslea_at_isi_edu_email_muslea_at_isi_edu sangat.isi.edu:6681))
Mon Oct 21 10:24:45 2002: Received: {'receiver': 'muslea_at_isi_edu_email_muslea_at_isi_edu', 'performative': 'reply', 'sender': 'TEAMCORE', 'in-reply-to': 't', 'content': 'muslea_at_isi_edu_email_muslea_at_isi_edu TEAMCORE'}
Mon Oct 21 10:24:45 2002: Registration produced: {'receiver': 'muslea_at_isi_edu_email_muslea_at_isi_edu', 'performative': 'reply', 'sender': 'TEAMCORE', 'in-reply-to': 't', 'content': 'muslea_at_isi_edu_email_muslea_at_isi_edu TEAMCORE'}muslea_at_isi_edu_email_muslea_at_isi_edu, TEAMCORE
Mon Oct 21 10:24:45 2002: Registration successful: muslea_at_isi_edu_email_muslea_at_isi_edu
Mon Oct 21 10:24:45 2002: Router for muslea_at_isi_edu_email_muslea_at_isi_edu running...
Mon Oct 21 10:24:45 2002: Sending message: (ask-one :sender muslea_at_isi_edu_email_muslea_at_isi_edu :reply-with t :content "proxy_muslea_at_isi_edu")
Mon Oct 21 10:24:45 2002: Received: {'receiver': 'muslea_at_isi_edu_email_muslea_at_isi_edu', 'performative': 'reply', 'sender': 'TEAMCORE', 'in-reply-to': 't', 'content': 'proxy_muslea_at_isi_edu:sangat.isi.edu:9992:'}
Mon Oct 21 10:24:45 2002: Sending message: (register :name email_muslea_at_isi_edu :reply-with nil :agenttype device :receiver proxy_muslea_at_isi_edu :user muslea_at_isi_edu :sender muslea_at_isi_edu_email_muslea_at_isi_edu :direction (to user))
Mon Oct 28 14:21:04 2002: Received: {'receiver': 'muslea_at_isi_edu_email_muslea_at_isi_edu', 'performative': 'kqml-admin', 'sender': 'TEAMCORE', 'kqml-msg-id': '24669+vibhagam.isi.edu+12', 'reply-with': 't', 'content': 'name'}
Mon Oct 28 14:24:13 2002: Received: {'receiver': 'muslea_at_isi_edu_email_muslea_at_isi_edu', 'performative': 'ask', 'sender': 'ping_muslea_at_isi_edu_email_muslea_at_isi_edu', 'reply-with': 'muslea_at_isi_edu', 'content': 'hello'}
Mon Oct 28 14:24:13 2002: Processing message: {'receiver': 'muslea_at_isi_edu_email_muslea_at_isi_edu', 'performative': 'ask', 'sender': 'ping_muslea_at_isi_edu_email_muslea_at_isi_edu', 'reply-with': 'muslea_at_isi_edu', 'content': 'hello'}
Mon Oct 28 14:24:13 2002: Replying: (sorry :reply-with nil :in-reply-to muslea_at_isi_edu :receiver ping_muslea_at_isi_edu_email_muslea_at_isi_edu :sender muslea_at_isi_edu_email_muslea_at_isi_edu :comment "Unintelligible query")
Tue Oct 29 10:24:58 2002: Received: {'receiver': 'muslea_at_isi_edu_email_muslea_at_isi_edu', 'performative': 'kqml-admin', 'sender': 'TEAMCORE', 'kqml-msg-id': '26893+vibhagam.isi.edu+8', 'reply-with': 't', 'content': 'name'}
Tue Oct 29 18:36:56 2002: Received: {'receiver': 'muslea_at_isi_edu_email_muslea_at_isi_edu', 'performative': 'kqml-admin', 'sender': 'TEAMCORE', 'kqml-msg-id': '29472+vibhagam.isi.edu+8', 'reply-with': 't', 'content': 'name'}
Tue Oct 29 20:00:52 2002: Received: {'receiver': 'muslea_at_isi_edu_email_muslea_at_isi_edu', 'performative': 'kqml-admin', 'sender': 'TEAMCORE', 'kqml-msg-id': '181+vibhagam.isi.edu+8', 'reply-with': 't', 'content': 'name'}
Tue Oct 29 20:17:32 2002: Received: {'receiver': 'muslea_at_isi_edu_email_muslea_at_isi_edu', 'performative': 'kqml-admin', 'sender': 'TEAMCORE', 'kqml-msg-id': '405+vibhagam.isi.edu+8', 'reply-with': 't', 'content': 'name'}
Mon Nov 04 10:18:11 2002: Received: {'receiver': 'muslea_at_isi_edu_email_muslea_at_isi_edu', 'performative': 'kqml-admin', 'sender': 'TEAMCORE', 'kqml-msg-id': '15317+vibhagam.isi.edu+10', 'reply-with': 't', 'content': 'name'}
Thu Nov 07 12:52:38 2002: Using ANS: ('vibhagam.isi.edu', 5500)
Thu Nov 07 12:52:38 2002: Bound to host/port: sangat.isi.edu:6689
Thu Nov 07 12:52:38 2002: Sending message: (register :ontology tcp-ip :sender muslea_at_isi_edu_email_muslea_at_isi_edu :reply-with t :content "muslea_at_isi_edu_email_muslea_at_isi_edu sangat.isi.edu:6689")
Thu Nov 07 12:52:38 2002: Received: {'receiver': 'muslea_at_isi_edu_email_muslea_at_isi_edu', 'performative': 'error', 'sender': 'TEAMCORE', 'in-reply-to': 't', 'content': 'handler encountered error'}
Thu Nov 07 12:52:38 2002: Registration produced: {'receiver': 'muslea_at_isi_edu_email_muslea_at_isi_edu', 'performative': 'error', 'sender': 'TEAMCORE', 'in-reply-to': 't', 'content': 'handler encountered error'}
Thu Nov 07 12:52:38 2002: Sending message: (unregister :sender muslea_at_isi_edu_email_muslea_at_isi_edu :ontology tcp-ip :reply-with nil :content muslea_at_isi_edu_email_muslea_at_isi_edu)
Thu Nov 07 12:52:38 2002: Sending message: (register :sender muslea_at_isi_edu_email_muslea_at_isi_edu :ontology tcp-ip :reply-with t :content (muslea_at_isi_edu_email_muslea_at_isi_edu sangat.isi.edu:6689))
Thu Nov 07 12:52:38 2002: Received: {'receiver': 'muslea_at_isi_edu_email_muslea_at_isi_edu', 'performative': 'reply', 'sender': 'TEAMCORE', 'in-reply-to': 't', 'content': 'muslea_at_isi_edu_email_muslea_at_isi_edu TEAMCORE'}
Thu Nov 07 12:52:38 2002: Registration produced: {'receiver': 'muslea_at_isi_edu_email_muslea_at_isi_edu', 'performative': 'reply', 'sender': 'TEAMCORE', 'in-reply-to': 't', 'content': 'muslea_at_isi_edu_email_muslea_at_isi_edu TEAMCORE'}muslea_at_isi_edu_email_muslea_at_isi_edu, TEAMCORE
Thu Nov 07 12:52:38 2002: Registration successful: muslea_at_isi_edu_email_muslea_at_isi_edu
Thu Nov 07 12:52:38 2002: Router for muslea_at_isi_edu_email_muslea_at_isi_edu running...
Thu Nov 07 12:52:38 2002: Sending message: (ask-one :sender muslea_at_isi_edu_email_muslea_at_isi_edu :reply-with t :content "proxy_muslea_at_isi_edu")
Thu Nov 07 12:52:38 2002: Received: {'receiver': 'muslea_at_isi_edu_email_muslea_at_isi_edu', 'performative': 'sorry', 'sender': 'TEAMCORE', 'in-reply-to': 't'}
Thu Nov 07 12:52:38 2002: No registered agent: proxy_muslea_at_isi_edu
Thu Nov 07 12:52:39 2002: Received: {'receiver': 'muslea_at_isi_edu_email_muslea_at_isi_edu', 'performative': 'ask', 'sender': 'ping_muslea_at_isi_edu_email_muslea_at_isi_edu', 'reply-with': 'muslea_at_isi_edu', 'content': 'hello'}
Thu Nov 07 12:52:39 2002: Processing message: {'receiver': 'muslea_at_isi_edu_email_muslea_at_isi_edu', 'performative': 'ask', 'sender': 'ping_muslea_at_isi_edu_email_muslea_at_isi_edu', 'reply-with': 'muslea_at_isi_edu', 'content': 'hello'}
Thu Nov 07 12:52:39 2002: Replying: (sorry :reply-with nil :in-reply-to muslea_at_isi_edu :receiver ping_muslea_at_isi_edu_email_muslea_at_isi_edu :sender muslea_at_isi_edu_email_muslea_at_isi_edu :comment "Unintelligible query")
Thu Nov 07 13:09:12 2002: Received: {'receiver': 'muslea_at_isi_edu_email_muslea_at_isi_edu', 'performative': 'tell', 'sender': 'stop_muslea_at_isi_edu_email_muslea_at_isi_edu', 'reply-with': 'nil', 'content': 'stop'}
Thu Nov 07 13:09:12 2002: Processing message: {'receiver': 'muslea_at_isi_edu_email_muslea_at_isi_edu', 'performative': 'tell', 'sender': 'stop_muslea_at_isi_edu_email_muslea_at_isi_edu', 'reply-with': 'nil', 'content': 'stop'}
Thu Nov 07 13:09:12 2002: Sending message: (ask-one :sender muslea_at_isi_edu_email_muslea_at_isi_edu :reply-with t :content "proxy_muslea_at_isi_edu")
Thu Nov 07 13:09:13 2002: Received: {'receiver': 'muslea_at_isi_edu_email_muslea_at_isi_edu', 'performative': 'reply', 'sender': 'TEAMCORE', 'in-reply-to': 't', 'content': 'proxy_muslea_at_isi_edu:sangat.isi.edu:9992:'}
Thu Nov 07 13:09:13 2002: Sending message: (unregister :receiver proxy_muslea_at_isi_edu :name email_muslea_at_isi_edu :sender muslea_at_isi_edu_email_muslea_at_isi_edu :reply-with nil :user muslea_at_isi_edu)
Thu Nov 07 13:09:13 2002: Router muslea_at_isi_edu_email_muslea_at_isi_edu exiting...
Thu Nov 07 13:09:13 2002: Sending message: (unregister :receiver TEAMCORE :sender muslea_at_isi_edu_email_muslea_at_isi_edu :ontology tcp-ip :reply-with nil :content muslea_at_isi_edu_email_muslea_at_isi_edu)
Thu Nov 07 13:09:13 2002: Exiting...
Thu Nov 07 13:09:15 2002: Using ANS: ('vibhagam.isi.edu', 5500)
Thu Nov 07 13:09:15 2002: Bound to host/port: sangat.isi.edu:6688
Thu Nov 07 13:09:15 2002: Sending message: (register :ontology tcp-ip :sender muslea_at_isi_edu_email_muslea_at_isi_edu :reply-with t :content "muslea_at_isi_edu_email_muslea_at_isi_edu sangat.isi.edu:6688")
Thu Nov 07 13:09:15 2002: Received: {'receiver': 'muslea_at_isi_edu_email_muslea_at_isi_edu', 'performative': 'error', 'sender': 'TEAMCORE', 'in-reply-to': 't', 'content': 'handler encountered error'}
Thu Nov 07 13:09:15 2002: Registration produced: {'receiver': 'muslea_at_isi_edu_email_muslea_at_isi_edu', 'performative': 'error', 'sender': 'TEAMCORE', 'in-reply-to': 't', 'content': 'handler encountered error'}
Thu Nov 07 13:09:15 2002: Sending message: (unregister :sender muslea_at_isi_edu_email_muslea_at_isi_edu :ontology tcp-ip :reply-with nil :content muslea_at_isi_edu_email_muslea_at_isi_edu)
Thu Nov 07 13:09:15 2002: Sending message: (register :sender muslea_at_isi_edu_email_muslea_at_isi_edu :ontology tcp-ip :reply-with t :content (muslea_at_isi_edu_email_muslea_at_isi_edu sangat.isi.edu:6688))
Thu Nov 07 13:09:15 2002: Received: {'receiver': 'muslea_at_isi_edu_email_muslea_at_isi_edu', 'performative': 'reply', 'sender': 'TEAMCORE', 'in-reply-to': 't', 'content': 'muslea_at_isi_edu_email_muslea_at_isi_edu TEAMCORE'}
Thu Nov 07 13:09:15 2002: Registration produced: {'receiver': 'muslea_at_isi_edu_email_muslea_at_isi_edu', 'performative': 'reply', 'sender': 'TEAMCORE', 'in-reply-to': 't', 'content': 'muslea_at_isi_edu_email_muslea_at_isi_edu TEAMCORE'}muslea_at_isi_edu_email_muslea_at_isi_edu, TEAMCORE
Thu Nov 07 13:09:15 2002: Registration successful: muslea_at_isi_edu_email_muslea_at_isi_edu
Thu Nov 07 13:09:15 2002: Router for muslea_at_isi_edu_email_muslea_at_isi_edu running...
Thu Nov 07 13:09:15 2002: Sending message: (ask-one :sender muslea_at_isi_edu_email_muslea_at_isi_edu :reply-with t :content "proxy_muslea_at_isi_edu")
Thu Nov 07 13:09:15 2002: Received: {'receiver': 'muslea_at_isi_edu_email_muslea_at_isi_edu', 'performative': 'reply', 'sender': 'TEAMCORE', 'in-reply-to': 't', 'content': 'proxy_muslea_at_isi_edu:sangat.isi.edu:9992:'}
Thu Nov 07 13:09:15 2002: Sending message: (register :name email_muslea_at_isi_edu :reply-with nil :agenttype device :receiver proxy_muslea_at_isi_edu :user muslea_at_isi_edu :sender muslea_at_isi_edu_email_muslea_at_isi_edu :direction (to user))
Thu Nov 07 13:09:17 2002: Received: {'receiver': 'muslea_at_isi_edu_email_muslea_at_isi_edu', 'performative': 'ask', 'sender': 'ping_muslea_at_isi_edu_email_muslea_at_isi_edu', 'reply-with': 'muslea_at_isi_edu', 'content': 'hello'}
Thu Nov 07 13:09:17 2002: Processing message: {'receiver': 'muslea_at_isi_edu_email_muslea_at_isi_edu', 'performative': 'ask', 'sender': 'ping_muslea_at_isi_edu_email_muslea_at_isi_edu', 'reply-with': 'muslea_at_isi_edu', 'content': 'hello'}
Thu Nov 07 13:09:17 2002: Replying: (sorry :reply-with nil :in-reply-to muslea_at_isi_edu :receiver ping_muslea_at_isi_edu_email_muslea_at_isi_edu :sender muslea_at_isi_edu_email_muslea_at_isi_edu :comment "Unintelligible query")
Tue Jan 07 16:42:27 2003: Using ANS: ('vibhagam', 5500)
Tue Jan 07 16:42:27 2003: Bound to host/port: sangat.isi.edu:6690
Tue Jan 07 16:42:27 2003: Sending message: (register :ontology tcp-ip :sender muslea_at_isi_edu_email_muslea_at_isi_edu :reply-with t :content "muslea_at_isi_edu_email_muslea_at_isi_edu sangat.isi.edu:6690")
Tue Jan 07 16:42:27 2003: Received: {'receiver': 'muslea_at_isi_edu_email_muslea_at_isi_edu', 'performative': 'error', 'sender': 'TEAMCORE', 'in-reply-to': 't', 'content': 'handler encountered error'}
Tue Jan 07 16:42:27 2003: Registration produced: {'receiver': 'muslea_at_isi_edu_email_muslea_at_isi_edu', 'performative': 'error', 'sender': 'TEAMCORE', 'in-reply-to': 't', 'content': 'handler encountered error'}
Tue Jan 07 16:42:27 2003: Sending message: (unregister :sender muslea_at_isi_edu_email_muslea_at_isi_edu :ontology tcp-ip :reply-with nil :content muslea_at_isi_edu_email_muslea_at_isi_edu)
Tue Jan 07 16:42:27 2003: Sending message: (register :sender muslea_at_isi_edu_email_muslea_at_isi_edu :ontology tcp-ip :reply-with t :content (muslea_at_isi_edu_email_muslea_at_isi_edu sangat.isi.edu:6690))
Tue Jan 07 16:42:27 2003: Received: {'receiver': 'muslea_at_isi_edu_email_muslea_at_isi_edu', 'performative': 'reply', 'sender': 'TEAMCORE', 'in-reply-to': 't', 'content': 'muslea_at_isi_edu_email_muslea_at_isi_edu TEAMCORE'}
Tue Jan 07 16:42:27 2003: Registration produced: {'receiver': 'muslea_at_isi_edu_email_muslea_at_isi_edu', 'performative': 'reply', 'sender': 'TEAMCORE', 'in-reply-to': 't', 'content': 'muslea_at_isi_edu_email_muslea_at_isi_edu TEAMCORE'}muslea_at_isi_edu_email_muslea_at_isi_edu, TEAMCORE
Tue Jan 07 16:42:27 2003: Registration successful: muslea_at_isi_edu_email_muslea_at_isi_edu
Tue Jan 07 16:42:27 2003: Router for muslea_at_isi_edu_email_muslea_at_isi_edu running...
Tue Jan 07 16:42:27 2003: Sending message: (ask-one :sender muslea_at_isi_edu_email_muslea_at_isi_edu :reply-with t :content "proxy_muslea_at_isi_edu")
Tue Jan 07 16:42:27 2003: Received: {'receiver': 'muslea_at_isi_edu_email_muslea_at_isi_edu', 'performative': 'reply', 'sender': 'TEAMCORE', 'in-reply-to': 't', 'content': 'proxy_muslea_at_isi_edu:sangat.isi.edu:9992:'}
Tue Jan 07 16:42:27 2003: Sending message: (register :name email_muslea_at_isi_edu :reply-with nil :agenttype device :receiver proxy_muslea_at_isi_edu :user muslea_at_isi_edu :sender muslea_at_isi_edu_email_muslea_at_isi_edu :direction (to user))
Tue Jan 07 16:42:28 2003: Received: {'receiver': 'muslea_at_isi_edu_email_muslea_at_isi_edu', 'performative': 'ask', 'sender': 'ping_muslea_at_isi_edu_email_muslea_at_isi_edu', 'reply-with': 'muslea_at_isi_edu', 'content': 'hello'}
Tue Jan 07 16:42:28 2003: Processing message: {'receiver': 'muslea_at_isi_edu_email_muslea_at_isi_edu', 'performative': 'ask', 'sender': 'ping_muslea_at_isi_edu_email_muslea_at_isi_edu', 'reply-with': 'muslea_at_isi_edu', 'content': 'hello'}
Tue Jan 07 16:42:28 2003: Replying: (sorry :reply-with nil :in-reply-to muslea_at_isi_edu :receiver ping_muslea_at_isi_edu_email_muslea_at_isi_edu :sender muslea_at_isi_edu_email_muslea_at_isi_edu :comment "Unintelligible query")
Mon Jan 13 16:26:27 2003: Using ANS: ('vibhagam', 5500)
Mon Jan 13 16:26:27 2003: Bound to host/port: sangat.isi.edu:6691
Mon Jan 13 16:26:27 2003: Sending message: (register :ontology tcp-ip :sender muslea_at_isi_edu_email_muslea_at_isi_edu :reply-with t :content "muslea_at_isi_edu_email_muslea_at_isi_edu sangat.isi.edu:6691")
Mon Jan 13 16:26:27 2003: Received: {'receiver': 'muslea_at_isi_edu_email_muslea_at_isi_edu', 'performative': 'error', 'sender': 'TEAMCORE', 'in-reply-to': 't', 'content': 'handler encountered error'}
Mon Jan 13 16:26:27 2003: Registration produced: {'receiver': 'muslea_at_isi_edu_email_muslea_at_isi_edu', 'performative': 'error', 'sender': 'TEAMCORE', 'in-reply-to': 't', 'content': 'handler encountered error'}
Mon Jan 13 16:26:27 2003: Sending message: (unregister :sender muslea_at_isi_edu_email_muslea_at_isi_edu :ontology tcp-ip :reply-with nil :content muslea_at_isi_edu_email_muslea_at_isi_edu)
Mon Jan 13 16:26:27 2003: Sending message: (register :sender muslea_at_isi_edu_email_muslea_at_isi_edu :ontology tcp-ip :reply-with t :content (muslea_at_isi_edu_email_muslea_at_isi_edu sangat.isi.edu:6691))
Mon Jan 13 16:26:27 2003: Received: {'receiver': 'muslea_at_isi_edu_email_muslea_at_isi_edu', 'performative': 'reply', 'sender': 'TEAMCORE', 'in-reply-to': 't', 'content': 'muslea_at_isi_edu_email_muslea_at_isi_edu TEAMCORE'}
Mon Jan 13 16:26:27 2003: Registration produced: {'receiver': 'muslea_at_isi_edu_email_muslea_at_isi_edu', 'performative': 'reply', 'sender': 'TEAMCORE', 'in-reply-to': 't', 'content': 'muslea_at_isi_edu_email_muslea_at_isi_edu TEAMCORE'}muslea_at_isi_edu_email_muslea_at_isi_edu, TEAMCORE
Mon Jan 13 16:26:27 2003: Registration successful: muslea_at_isi_edu_email_muslea_at_isi_edu
Mon Jan 13 16:26:27 2003: Sending message: (ask-one :sender muslea_at_isi_edu_email_muslea_at_isi_edu :reply-with t :content "proxy_muslea_at_isi_edu")
Mon Jan 13 16:26:27 2003: Router for muslea_at_isi_edu_email_muslea_at_isi_edu running...
Mon Jan 13 16:26:27 2003: Received: {'receiver': 'muslea_at_isi_edu_email_muslea_at_isi_edu', 'performative': 'reply', 'sender': 'TEAMCORE', 'in-reply-to': 't', 'content': 'proxy_muslea_at_isi_edu:sangat.isi.edu:9993:'}
Mon Jan 13 16:26:27 2003: Sending message: (register :name email_muslea_at_isi_edu :reply-with nil :agenttype device :receiver proxy_muslea_at_isi_edu :user muslea_at_isi_edu :sender muslea_at_isi_edu_email_muslea_at_isi_edu :direction (to user))
Mon Jan 13 16:26:28 2003: Received: {'receiver': 'muslea_at_isi_edu_email_muslea_at_isi_edu', 'performative': 'ask', 'sender': 'ping_muslea_at_isi_edu_email_muslea_at_isi_edu', 'reply-with': 'muslea_at_isi_edu', 'content': 'hello'}
Mon Jan 13 16:26:28 2003: Processing message: {'receiver': 'muslea_at_isi_edu_email_muslea_at_isi_edu', 'performative': 'ask', 'sender': 'ping_muslea_at_isi_edu_email_muslea_at_isi_edu', 'reply-with': 'muslea_at_isi_edu', 'content': 'hello'}
Mon Jan 13 16:26:28 2003: Replying: (sorry :reply-with nil :in-reply-to muslea_at_isi_edu :receiver ping_muslea_at_isi_edu_email_muslea_at_isi_edu :sender muslea_at_isi_edu_email_muslea_at_isi_edu :comment "Unintelligible query")
Thu Jan 16 10:58:48 2003: Received: {'receiver': 'muslea_at_isi_edu_email_muslea_at_isi_edu', 'performative': 'kqml-admin', 'sender': 'TEAMCORE', 'kqml-msg-id': '1786+vibhagam.isi.edu+8', 'reply-with': 't', 'content': 'name'}
Thu Jan 16 11:55:15 2003: Received: {'receiver': 'muslea_at_isi_edu_email_muslea_at_isi_edu', 'performative': 'ask', 'sender': 'ping_muslea_at_isi_edu_email_muslea_at_isi_edu', 'reply-with': 'muslea_at_isi_edu', 'content': 'hello'}
Thu Jan 16 11:55:15 2003: Processing message: {'receiver': 'muslea_at_isi_edu_email_muslea_at_isi_edu', 'performative': 'ask', 'sender': 'ping_muslea_at_isi_edu_email_muslea_at_isi_edu', 'reply-with': 'muslea_at_isi_edu', 'content': 'hello'}
Thu Jan 16 11:55:15 2003: Replying: (sorry :reply-with nil :in-reply-to muslea_at_isi_edu :receiver ping_muslea_at_isi_edu_email_muslea_at_isi_edu :sender muslea_at_isi_edu_email_muslea_at_isi_edu :comment "Unintelligible query")
Tue Mar 04 15:43:56 2003: Received: {'receiver': 'muslea_at_isi_edu_email_muslea_at_isi_edu', 'performative': 'ask', 'sender': 'ping_muslea_at_isi_edu_email_muslea_at_isi_edu', 'reply-with': 'muslea_at_isi_edu', 'content': 'hello'}
Tue Mar 04 15:43:56 2003: Processing message: {'receiver': 'muslea_at_isi_edu_email_muslea_at_isi_edu', 'performative': 'ask', 'sender': 'ping_muslea_at_isi_edu_email_muslea_at_isi_edu', 'reply-with': 'muslea_at_isi_edu', 'content': 'hello'}
Tue Mar 04 15:43:56 2003: Replying: (sorry :reply-with nil :in-reply-to muslea_at_isi_edu :receiver ping_muslea_at_isi_edu_email_muslea_at_isi_edu :sender muslea_at_isi_edu_email_muslea_at_isi_edu :comment "Unintelligible query")
Tue Mar 04 15:47:25 2003: Received: {'receiver': 'muslea_at_isi_edu_email_muslea_at_isi_edu', 'performative': 'ask', 'sender': 'ping_muslea_at_isi_edu_email_muslea_at_isi_edu', 'reply-with': 'muslea_at_isi_edu', 'content': 'hello'}
Tue Mar 04 15:47:25 2003: Processing message: {'receiver': 'muslea_at_isi_edu_email_muslea_at_isi_edu', 'performative': 'ask', 'sender': 'ping_muslea_at_isi_edu_email_muslea_at_isi_edu', 'reply-with': 'muslea_at_isi_edu', 'content': 'hello'}
Tue Mar 04 15:47:25 2003: Replying: (sorry :reply-with nil :in-reply-to muslea_at_isi_edu :receiver ping_muslea_at_isi_edu_email_muslea_at_isi_edu :sender muslea_at_isi_edu_email_muslea_at_isi_edu :comment "Unintelligible query")
Tue Mar 04 16:02:47 2003: Using ANS: ('vibhagam.isi.edu', 5500)
Tue Mar 04 16:02:47 2003: Bound to host/port: sangat.isi.edu:6691
Tue Mar 04 16:02:47 2003: Sending message: (register :ontology tcp-ip :sender muslea_at_isi_edu_email_muslea_at_isi_edu :reply-with t :content "muslea_at_isi_edu_email_muslea_at_isi_edu sangat.isi.edu:6691")
Tue Mar 04 16:02:47 2003: Received: {'receiver': 'muslea_at_isi_edu_email_muslea_at_isi_edu', 'performative': 'error', 'sender': 'TEAMCORE', 'in-reply-to': 't', 'content': 'handler encountered error'}
Tue Mar 04 16:02:47 2003: Registration produced: {'receiver': 'muslea_at_isi_edu_email_muslea_at_isi_edu', 'performative': 'error', 'sender': 'TEAMCORE', 'in-reply-to': 't', 'content': 'handler encountered error'}
Tue Mar 04 16:02:47 2003: Sending message: (unregister :sender muslea_at_isi_edu_email_muslea_at_isi_edu :ontology tcp-ip :reply-with nil :content muslea_at_isi_edu_email_muslea_at_isi_edu)
Tue Mar 04 16:02:47 2003: Sending message: (register :sender muslea_at_isi_edu_email_muslea_at_isi_edu :ontology tcp-ip :reply-with t :content (muslea_at_isi_edu_email_muslea_at_isi_edu sangat.isi.edu:6691))
Tue Mar 04 16:02:47 2003: Received: {'receiver': 'muslea_at_isi_edu_email_muslea_at_isi_edu', 'performative': 'reply', 'sender': 'TEAMCORE', 'in-reply-to': 't', 'content': 'muslea_at_isi_edu_email_muslea_at_isi_edu TEAMCORE'}
Tue Mar 04 16:02:47 2003: Registration produced: {'receiver': 'muslea_at_isi_edu_email_muslea_at_isi_edu', 'performative': 'reply', 'sender': 'TEAMCORE', 'in-reply-to': 't', 'content': 'muslea_at_isi_edu_email_muslea_at_isi_edu TEAMCORE'}muslea_at_isi_edu_email_muslea_at_isi_edu, TEAMCORE
Tue Mar 04 16:02:47 2003: Registration successful: muslea_at_isi_edu_email_muslea_at_isi_edu
Tue Mar 04 16:02:47 2003: Router for muslea_at_isi_edu_email_muslea_at_isi_edu running...
Tue Mar 04 16:02:47 2003: Sending message: (ask-one :sender muslea_at_isi_edu_email_muslea_at_isi_edu :reply-with t :content "proxy_muslea_at_isi_edu")
Tue Mar 04 16:02:47 2003: Received: {'receiver': 'muslea_at_isi_edu_email_muslea_at_isi_edu', 'performative': 'reply', 'sender': 'TEAMCORE', 'in-reply-to': 't', 'content': 'proxy_muslea_at_isi_edu:sangat.isi.edu:9993:'}
Tue Mar 04 16:02:47 2003: Sending message: (register :name email_muslea_at_isi_edu :reply-with nil :agenttype device :receiver proxy_muslea_at_isi_edu :user muslea_at_isi_edu :sender muslea_at_isi_edu_email_muslea_at_isi_edu :direction (to user))
Tue Mar 04 16:02:49 2003: Received: {'receiver': 'muslea_at_isi_edu_email_muslea_at_isi_edu', 'performative': 'ask', 'sender': 'ping_muslea_at_isi_edu_email_muslea_at_isi_edu', 'reply-with': 'muslea_at_isi_edu', 'content': 'hello'}
Tue Mar 04 16:02:49 2003: Processing message: {'receiver': 'muslea_at_isi_edu_email_muslea_at_isi_edu', 'performative': 'ask', 'sender': 'ping_muslea_at_isi_edu_email_muslea_at_isi_edu', 'reply-with': 'muslea_at_isi_edu', 'content': 'hello'}
Tue Mar 04 16:02:49 2003: Replying: (sorry :reply-with nil :in-reply-to muslea_at_isi_edu :receiver ping_muslea_at_isi_edu_email_muslea_at_isi_edu :sender muslea_at_isi_edu_email_muslea_at_isi_edu :comment "Unintelligible query")
Tue Mar 04 16:13:11 2003: Received: {'receiver': 'muslea_at_isi_edu_email_muslea_at_isi_edu', 'performative': 'tell', 'sender': 'stop_muslea_at_isi_edu_email_muslea_at_isi_edu', 'reply-with': 'nil', 'content': 'stop'}
Tue Mar 04 16:13:11 2003: Processing message: {'receiver': 'muslea_at_isi_edu_email_muslea_at_isi_edu', 'performative': 'tell', 'sender': 'stop_muslea_at_isi_edu_email_muslea_at_isi_edu', 'reply-with': 'nil', 'content': 'stop'}
Tue Mar 04 16:13:11 2003: Sending message: (unregister :receiver proxy_muslea_at_isi_edu :name email_muslea_at_isi_edu :sender muslea_at_isi_edu_email_muslea_at_isi_edu :reply-with nil :user muslea_at_isi_edu)
Tue Mar 04 16:13:11 2003: Router muslea_at_isi_edu_email_muslea_at_isi_edu exiting...
Tue Mar 04 16:13:11 2003: Sending message: (unregister :receiver TEAMCORE :sender muslea_at_isi_edu_email_muslea_at_isi_edu :ontology tcp-ip :reply-with nil :content muslea_at_isi_edu_email_muslea_at_isi_edu)
Tue Mar 04 16:13:11 2003: Exiting...
Tue Mar 04 16:13:14 2003: Using ANS: ('vibhagam.isi.edu', 5500)
Tue Mar 04 16:13:14 2003: Bound to host/port: sangat.isi.edu:6690
Tue Mar 04 16:13:14 2003: Sending message: (register :ontology tcp-ip :sender muslea_at_isi_edu_email_muslea_at_isi_edu :reply-with t :content "muslea_at_isi_edu_email_muslea_at_isi_edu sangat.isi.edu:6690")
Tue Mar 04 16:13:14 2003: Received: {'receiver': 'muslea_at_isi_edu_email_muslea_at_isi_edu', 'performative': 'error', 'sender': 'TEAMCORE', 'in-reply-to': 't', 'content': 'handler encountered error'}
Tue Mar 04 16:13:14 2003: Registration produced: {'receiver': 'muslea_at_isi_edu_email_muslea_at_isi_edu', 'performative': 'error', 'sender': 'TEAMCORE', 'in-reply-to': 't', 'content': 'handler encountered error'}
Tue Mar 04 16:13:14 2003: Sending message: (unregister :sender muslea_at_isi_edu_email_muslea_at_isi_edu :ontology tcp-ip :reply-with nil :content muslea_at_isi_edu_email_muslea_at_isi_edu)
Tue Mar 04 16:13:14 2003: Sending message: (register :sender muslea_at_isi_edu_email_muslea_at_isi_edu :ontology tcp-ip :reply-with t :content (muslea_at_isi_edu_email_muslea_at_isi_edu sangat.isi.edu:6690))
Tue Mar 04 16:13:14 2003: Received: {'receiver': 'muslea_at_isi_edu_email_muslea_at_isi_edu', 'performative': 'reply', 'sender': 'TEAMCORE', 'in-reply-to': 't', 'content': 'muslea_at_isi_edu_email_muslea_at_isi_edu TEAMCORE'}
Tue Mar 04 16:13:14 2003: Registration produced: {'receiver': 'muslea_at_isi_edu_email_muslea_at_isi_edu', 'performative': 'reply', 'sender': 'TEAMCORE', 'in-reply-to': 't', 'content': 'muslea_at_isi_edu_email_muslea_at_isi_edu TEAMCORE'}muslea_at_isi_edu_email_muslea_at_isi_edu, TEAMCORE
Tue Mar 04 16:13:14 2003: Registration successful: muslea_at_isi_edu_email_muslea_at_isi_edu
Tue Mar 04 16:13:14 2003: Router for muslea_at_isi_edu_email_muslea_at_isi_edu running...
Tue Mar 04 16:13:14 2003: Sending message: (ask-one :sender muslea_at_isi_edu_email_muslea_at_isi_edu :reply-with t :content "proxy_muslea_at_isi_edu")
Tue Mar 04 16:13:14 2003: Received: {'receiver': 'muslea_at_isi_edu_email_muslea_at_isi_edu', 'performative': 'reply', 'sender': 'TEAMCORE', 'in-reply-to': 't', 'content': 'proxy_muslea_at_isi_edu:sangat.isi.edu:9993:'}
Tue Mar 04 16:13:14 2003: Sending message: (register :name email_muslea_at_isi_edu :reply-with nil :agenttype device :receiver proxy_muslea_at_isi_edu :user muslea_at_isi_edu :sender muslea_at_isi_edu_email_muslea_at_isi_edu :direction (to user))
Tue Mar 04 16:13:15 2003: Received: {'receiver': 'muslea_at_isi_edu_email_muslea_at_isi_edu', 'performative': 'ask', 'sender': 'ping_muslea_at_isi_edu_email_muslea_at_isi_edu', 'reply-with': 'muslea_at_isi_edu', 'content': 'hello'}
Tue Mar 04 16:13:15 2003: Processing message: {'receiver': 'muslea_at_isi_edu_email_muslea_at_isi_edu', 'performative': 'ask', 'sender': 'ping_muslea_at_isi_edu_email_muslea_at_isi_edu', 'reply-with': 'muslea_at_isi_edu', 'content': 'hello'}
Tue Mar 04 16:13:15 2003: Replying: (sorry :reply-with nil :in-reply-to muslea_at_isi_edu :receiver ping_muslea_at_isi_edu_email_muslea_at_isi_edu :sender muslea_at_isi_edu_email_muslea_at_isi_edu :comment "Unintelligible query")
Mon Apr 21 16:54:04 2003: Received: {'receiver': 'muslea_at_isi_edu_email_muslea_at_isi_edu', 'performative': 'kqml-admin', 'sender': 'TEAMCORE', 'kqml-msg-id': '880+vibhagam.isi.edu+9', 'reply-with': 't', 'content': 'name'}
Mon Apr 21 17:05:59 2003: Received: {'receiver': 'muslea_at_isi_edu_email_muslea_at_isi_edu', 'performative': 'ask', 'sender': 'ping_muslea_at_isi_edu_email_muslea_at_isi_edu', 'reply-with': 'muslea_at_isi_edu', 'content': 'hello'}
Mon Apr 21 17:05:59 2003: Processing message: {'receiver': 'muslea_at_isi_edu_email_muslea_at_isi_edu', 'performative': 'ask', 'sender': 'ping_muslea_at_isi_edu_email_muslea_at_isi_edu', 'reply-with': 'muslea_at_isi_edu', 'content': 'hello'}
Mon Apr 21 17:05:59 2003: Replying: (sorry :reply-with nil :in-reply-to muslea_at_isi_edu :receiver ping_muslea_at_isi_edu_email_muslea_at_isi_edu :sender muslea_at_isi_edu_email_muslea_at_isi_edu :comment "Unintelligible query")
Mon Apr 21 17:12:48 2003: Received: {'receiver': 'muslea_at_isi_edu_email_muslea_at_isi_edu', 'performative': 'tell', 'sender': 'stop_muslea_at_isi_edu_email_muslea_at_isi_edu', 'reply-with': 'nil', 'content': 'stop'}
Mon Apr 21 17:12:48 2003: Processing message: {'receiver': 'muslea_at_isi_edu_email_muslea_at_isi_edu', 'performative': 'tell', 'sender': 'stop_muslea_at_isi_edu_email_muslea_at_isi_edu', 'reply-with': 'nil', 'content': 'stop'}
Mon Apr 21 17:12:49 2003: Sending message: (unregister :receiver proxy_muslea_at_isi_edu :name email_muslea_at_isi_edu :sender muslea_at_isi_edu_email_muslea_at_isi_edu :reply-with nil :user muslea_at_isi_edu)
Mon Apr 21 17:12:49 2003: Router muslea_at_isi_edu_email_muslea_at_isi_edu exiting...
Mon Apr 21 17:12:49 2003: Sending message: (unregister :receiver TEAMCORE :sender muslea_at_isi_edu_email_muslea_at_isi_edu :ontology tcp-ip :reply-with nil :content muslea_at_isi_edu_email_muslea_at_isi_edu)
Mon Apr 21 17:12:49 2003: Exiting...
Mon Apr 21 17:12:51 2003: Using ANS: ('vibhagam.isi.edu', 5500)
Mon Apr 21 17:12:51 2003: Bound to host/port: sangat.isi.edu:6689
Mon Apr 21 17:12:51 2003: Sending message: (register :ontology tcp-ip :sender muslea_at_isi_edu_email_muslea_at_isi_edu :reply-with t :content "muslea_at_isi_edu_email_muslea_at_isi_edu sangat.isi.edu:6689")
Mon Apr 21 17:12:51 2003: Received: {'receiver': 'muslea_at_isi_edu_email_muslea_at_isi_edu', 'performative': 'error', 'sender': 'TEAMCORE', 'in-reply-to': 't', 'content': 'handler encountered error'}
Mon Apr 21 17:12:51 2003: Registration produced: {'receiver': 'muslea_at_isi_edu_email_muslea_at_isi_edu', 'performative': 'error', 'sender': 'TEAMCORE', 'in-reply-to': 't', 'content': 'handler encountered error'}
Mon Apr 21 17:12:51 2003: Sending message: (unregister :sender muslea_at_isi_edu_email_muslea_at_isi_edu :ontology tcp-ip :reply-with nil :content muslea_at_isi_edu_email_muslea_at_isi_edu)
Mon Apr 21 17:12:51 2003: Sending message: (register :sender muslea_at_isi_edu_email_muslea_at_isi_edu :ontology tcp-ip :reply-with t :content (muslea_at_isi_edu_email_muslea_at_isi_edu sangat.isi.edu:6689))
Mon Apr 21 17:12:51 2003: Received: {'receiver': 'muslea_at_isi_edu_email_muslea_at_isi_edu', 'performative': 'reply', 'sender': 'TEAMCORE', 'in-reply-to': 't', 'content': 'muslea_at_isi_edu_email_muslea_at_isi_edu TEAMCORE'}
Mon Apr 21 17:12:51 2003: Registration produced: {'receiver': 'muslea_at_isi_edu_email_muslea_at_isi_edu', 'performative': 'reply', 'sender': 'TEAMCORE', 'in-reply-to': 't', 'content': 'muslea_at_isi_edu_email_muslea_at_isi_edu TEAMCORE'}muslea_at_isi_edu_email_muslea_at_isi_edu, TEAMCORE
Mon Apr 21 17:12:51 2003: Registration successful: muslea_at_isi_edu_email_muslea_at_isi_edu
Mon Apr 21 17:12:51 2003: Router for muslea_at_isi_edu_email_muslea_at_isi_edu running...
Mon Apr 21 17:12:51 2003: Sending message: (ask-one :sender muslea_at_isi_edu_email_muslea_at_isi_edu :reply-with t :content "proxy_muslea_at_isi_edu")
Mon Apr 21 17:12:51 2003: Received: {'receiver': 'muslea_at_isi_edu_email_muslea_at_isi_edu', 'performative': 'reply', 'sender': 'TEAMCORE', 'in-reply-to': 't', 'content': 'proxy_muslea_at_isi_edu:sangat.isi.edu:9993:'}
Mon Apr 21 17:12:51 2003: Sending message: (register :name email_muslea_at_isi_edu :reply-with nil :agenttype device :receiver proxy_muslea_at_isi_edu :user muslea_at_isi_edu :sender muslea_at_isi_edu_email_muslea_at_isi_edu :direction (to user))
Mon Apr 21 17:12:53 2003: Received: {'receiver': 'muslea_at_isi_edu_email_muslea_at_isi_edu', 'performative': 'ask', 'sender': 'ping_muslea_at_isi_edu_email_muslea_at_isi_edu', 'reply-with': 'muslea_at_isi_edu', 'content': 'hello'}
Mon Apr 21 17:12:53 2003: Processing message: {'receiver': 'muslea_at_isi_edu_email_muslea_at_isi_edu', 'performative': 'ask', 'sender': 'ping_muslea_at_isi_edu_email_muslea_at_isi_edu', 'reply-with': 'muslea_at_isi_edu', 'content': 'hello'}
Mon Apr 21 17:12:53 2003: Replying: (sorry :reply-with nil :in-reply-to muslea_at_isi_edu :receiver ping_muslea_at_isi_edu_email_muslea_at_isi_edu :sender muslea_at_isi_edu_email_muslea_at_isi_edu :comment "Unintelligible query")
Mon Apr 21 17:53:32 2003: Using ANS: ('vibhagam', 5500)
Mon Apr 21 17:53:32 2003: Bound to host/port: sangat.isi.edu:6689
Mon Apr 21 17:53:32 2003: Sending message: (register :ontology tcp-ip :sender muslea_at_isi_edu_email_muslea_at_isi_edu :reply-with t :content "muslea_at_isi_edu_email_muslea_at_isi_edu sangat.isi.edu:6689")
Mon Apr 21 17:53:32 2003: Received: {'receiver': 'muslea_at_isi_edu_email_muslea_at_isi_edu', 'performative': 'error', 'sender': 'TEAMCORE', 'in-reply-to': 't', 'content': 'handler encountered error'}
Mon Apr 21 17:53:32 2003: Registration produced: {'receiver': 'muslea_at_isi_edu_email_muslea_at_isi_edu', 'performative': 'error', 'sender': 'TEAMCORE', 'in-reply-to': 't', 'content': 'handler encountered error'}
Mon Apr 21 17:53:32 2003: Sending message: (unregister :sender muslea_at_isi_edu_email_muslea_at_isi_edu :ontology tcp-ip :reply-with nil :content muslea_at_isi_edu_email_muslea_at_isi_edu)
Mon Apr 21 17:53:32 2003: Sending message: (register :sender muslea_at_isi_edu_email_muslea_at_isi_edu :ontology tcp-ip :reply-with t :content (muslea_at_isi_edu_email_muslea_at_isi_edu sangat.isi.edu:6689))
Mon Apr 21 17:53:32 2003: Received: {'receiver': 'muslea_at_isi_edu_email_muslea_at_isi_edu', 'performative': 'reply', 'sender': 'TEAMCORE', 'in-reply-to': 't', 'content': 'muslea_at_isi_edu_email_muslea_at_isi_edu TEAMCORE'}
Mon Apr 21 17:53:32 2003: Registration produced: {'receiver': 'muslea_at_isi_edu_email_muslea_at_isi_edu', 'performative': 'reply', 'sender': 'TEAMCORE', 'in-reply-to': 't', 'content': 'muslea_at_isi_edu_email_muslea_at_isi_edu TEAMCORE'}muslea_at_isi_edu_email_muslea_at_isi_edu, TEAMCORE
Mon Apr 21 17:53:32 2003: Registration successful: muslea_at_isi_edu_email_muslea_at_isi_edu
Mon Apr 21 17:53:32 2003: Sending message: (ask-one :sender muslea_at_isi_edu_email_muslea_at_isi_edu :reply-with t :content "proxy_muslea_at_isi_edu")
Mon Apr 21 17:53:32 2003: Router for muslea_at_isi_edu_email_muslea_at_isi_edu running...
Mon Apr 21 17:53:32 2003: Received: {'receiver': 'muslea_at_isi_edu_email_muslea_at_isi_edu', 'performative': 'reply', 'sender': 'TEAMCORE', 'in-reply-to': 't', 'content': 'proxy_muslea_at_isi_edu:sangat.isi.edu:9991:'}
Mon Apr 21 17:53:32 2003: Sending message: (register :name email_muslea_at_isi_edu :reply-with nil :agenttype device :receiver proxy_muslea_at_isi_edu :user muslea_at_isi_edu :sender muslea_at_isi_edu_email_muslea_at_isi_edu :direction (to user))
Mon Apr 21 17:53:33 2003: Received: {'receiver': 'muslea_at_isi_edu_email_muslea_at_isi_edu', 'performative': 'ask', 'sender': 'ping_muslea_at_isi_edu_email_muslea_at_isi_edu', 'reply-with': 'muslea_at_isi_edu', 'content': 'hello'}
Mon Apr 21 17:53:33 2003: Processing message: {'receiver': 'muslea_at_isi_edu_email_muslea_at_isi_edu', 'performative': 'ask', 'sender': 'ping_muslea_at_isi_edu_email_muslea_at_isi_edu', 'reply-with': 'muslea_at_isi_edu', 'content': 'hello'}
Mon Apr 21 17:53:33 2003: Replying: (sorry :reply-with nil :in-reply-to muslea_at_isi_edu :receiver ping_muslea_at_isi_edu_email_muslea_at_isi_edu :sender muslea_at_isi_edu_email_muslea_at_isi_edu :comment "Unintelligible query")
Mon Apr 21 17:56:28 2003: Received: {'receiver': 'muslea_at_isi_edu_email_muslea_at_isi_edu', 'performative': 'ask', 'sender': 'ping_muslea_at_isi_edu_email_muslea_at_isi_edu', 'reply-with': 'muslea_at_isi_edu', 'content': 'hello'}
Mon Apr 21 17:56:28 2003: Processing message: {'receiver': 'muslea_at_isi_edu_email_muslea_at_isi_edu', 'performative': 'ask', 'sender': 'ping_muslea_at_isi_edu_email_muslea_at_isi_edu', 'reply-with': 'muslea_at_isi_edu', 'content': 'hello'}
Mon Apr 21 17:56:28 2003: Replying: (sorry :reply-with nil :in-reply-to muslea_at_isi_edu :receiver ping_muslea_at_isi_edu_email_muslea_at_isi_edu :sender muslea_at_isi_edu_email_muslea_at_isi_edu :comment "Unintelligible query")
Fri Aug 15 11:56:17 2003: Received: {'receiver': 'muslea_at_isi_edu_email_muslea_at_isi_edu', 'performative': 'kqml-admin', 'sender': 'TEAMCORE', 'kqml-msg-id': '23912+vibhagam.isi.edu+8', 'reply-with': 't', 'content': 'name'}
